Running: python /home/hrbncv/PV-SST/single_cells/run_pipeline.py --tune-dir /home/hrbncv/PV-SST/single_cells/cells/PV/tunes/seg_tuned --output-dir /home/hrbncv/PV-SST/single_cells/cells/PV/tunes/seg_tuned/output_data/slurm_20278/parts --n-trials 20 --output-stem slurm_20278_10 --trial-offset 200 --force-save
Loaded mechanisms from /home/hrbncv/PV-SST/single_cells/cells/PV/tunes/seg_tuned/modfiles/x86_64/.libs/libnrnmech.so
Loaded Allen cell for 'PV' from manifest.json, soma_diam_multiplier=6.0, Vinit=-71.0
Geometry defined for 'PV': 1 soma segs, 46 proximal dend segs, 41 distal dend segs, 97 total dend segs.
[trial 1/20] input_spikes: pn_exc=253 bg_exc=67 bg_inh=1334
[trial 1/20] spikes=11  rate=9.17 Hz  time=27.97s
[trial 2/20] input_spikes: pn_exc=229 bg_exc=58 bg_inh=1308
[trial 2/20] spikes=9  rate=7.50 Hz  time=27.85s
[trial 3/20] input_spikes: pn_exc=250 bg_exc=50 bg_inh=1315
[trial 3/20] spikes=8  rate=6.67 Hz  time=27.88s
[trial 4/20] input_spikes: pn_exc=222 bg_exc=56 bg_inh=1323
[trial 4/20] spikes=5  rate=4.17 Hz  time=28.10s
[trial 5/20] input_spikes: pn_exc=214 bg_exc=56 bg_inh=1248
[trial 5/20] spikes=4  rate=3.33 Hz  time=27.99s
[trial 6/20] input_spikes: pn_exc=219 bg_exc=61 bg_inh=1276
[trial 6/20] spikes=10  rate=8.33 Hz  time=27.88s
[trial 7/20] input_spikes: pn_exc=221 bg_exc=41 bg_inh=1337
[trial 7/20] spikes=7  rate=5.83 Hz  time=27.98s
[trial 8/20] input_spikes: pn_exc=209 bg_exc=44 bg_inh=1277
[trial 8/20] spikes=8  rate=6.67 Hz  time=27.98s
[trial 9/20] input_spikes: pn_exc=237 bg_exc=61 bg_inh=1277
[trial 9/20] spikes=9  rate=7.50 Hz  time=27.80s
[trial 10/20] input_spikes: pn_exc=221 bg_exc=38 bg_inh=1320
[trial 10/20] spikes=4  rate=3.33 Hz  time=27.89s
[trial 11/20] input_spikes: pn_exc=223 bg_exc=47 bg_inh=1310
[trial 11/20] spikes=7  rate=5.83 Hz  time=27.82s
[trial 12/20] input_spikes: pn_exc=230 bg_exc=59 bg_inh=1321
[trial 12/20] spikes=11  rate=9.17 Hz  time=27.89s
[trial 13/20] input_spikes: pn_exc=216 bg_exc=55 bg_inh=1254
[trial 13/20] spikes=8  rate=6.67 Hz  time=27.96s
[trial 14/20] input_spikes: pn_exc=233 bg_exc=54 bg_inh=1323
[trial 14/20] spikes=8  rate=6.67 Hz  time=27.89s
[trial 15/20] input_spikes: pn_exc=213 bg_exc=48 bg_inh=1286
[trial 15/20] spikes=6  rate=5.00 Hz  time=27.79s
[trial 16/20] input_spikes: pn_exc=227 bg_exc=62 bg_inh=1284
[trial 16/20] spikes=8  rate=6.67 Hz  time=27.89s
[trial 17/20] input_spikes: pn_exc=237 bg_exc=48 bg_inh=1290
[trial 17/20] spikes=13  rate=10.83 Hz  time=27.94s
[trial 18/20] input_spikes: pn_exc=210 bg_exc=57 bg_inh=1316
[trial 18/20] spikes=7  rate=5.83 Hz  time=28.06s
[trial 19/20] input_spikes: pn_exc=240 bg_exc=63 bg_inh=1354
[trial 19/20] spikes=7  rate=5.83 Hz  time=27.89s
[trial 20/20] input_spikes: pn_exc=227 bg_exc=48 bg_inh=1321
[trial 20/20] spikes=7  rate=5.83 Hz  time=27.77s
Results saved to /home/hrbncv/PV-SST/single_cells/cells/PV/tunes/seg_tuned/output_data/slurm_20278/parts/slurm_20278_10/run_manifest.json
Total runtime: 558.39s
