Running: python /home/hrbncv/PV-SST/single_cells/run_pipeline.py --tune-dir /home/hrbncv/PV-SST/single_cells/cells/PV/tunes/seg_tuned --output-dir /home/hrbncv/PV-SST/single_cells/cells/PV/tunes/seg_tuned/output_data/slurm_20278/parts --n-trials 20 --output-stem slurm_20278_5 --trial-offset 100 --force-save
Loaded mechanisms from /home/hrbncv/PV-SST/single_cells/cells/PV/tunes/seg_tuned/modfiles/x86_64/.libs/libnrnmech.so
Loaded Allen cell for 'PV' from manifest.json, soma_diam_multiplier=6.0, Vinit=-71.0
Geometry defined for 'PV': 1 soma segs, 46 proximal dend segs, 41 distal dend segs, 97 total dend segs.
[trial 1/20] input_spikes: pn_exc=248 bg_exc=59 bg_inh=1342
[trial 1/20] spikes=8  rate=6.67 Hz  time=28.21s
[trial 2/20] input_spikes: pn_exc=268 bg_exc=61 bg_inh=1298
[trial 2/20] spikes=11  rate=9.17 Hz  time=28.27s
[trial 3/20] input_spikes: pn_exc=254 bg_exc=51 bg_inh=1291
[trial 3/20] spikes=10  rate=8.33 Hz  time=28.27s
[trial 4/20] input_spikes: pn_exc=231 bg_exc=53 bg_inh=1194
[trial 4/20] spikes=8  rate=6.67 Hz  time=28.20s
[trial 5/20] input_spikes: pn_exc=229 bg_exc=57 bg_inh=1290
[trial 5/20] spikes=5  rate=4.17 Hz  time=28.32s
[trial 6/20] input_spikes: pn_exc=251 bg_exc=65 bg_inh=1301
[trial 6/20] spikes=9  rate=7.50 Hz  time=28.20s
[trial 7/20] input_spikes: pn_exc=233 bg_exc=60 bg_inh=1283
[trial 7/20] spikes=8  rate=6.67 Hz  time=28.11s
[trial 8/20] input_spikes: pn_exc=236 bg_exc=47 bg_inh=1313
[trial 8/20] spikes=6  rate=5.00 Hz  time=28.09s
[trial 9/20] input_spikes: pn_exc=224 bg_exc=48 bg_inh=1347
[trial 9/20] spikes=7  rate=5.83 Hz  time=28.23s
[trial 10/20] input_spikes: pn_exc=193 bg_exc=60 bg_inh=1316
[trial 10/20] spikes=10  rate=8.33 Hz  time=28.43s
[trial 11/20] input_spikes: pn_exc=257 bg_exc=57 bg_inh=1299
[trial 11/20] spikes=11  rate=9.17 Hz  time=28.06s
[trial 12/20] input_spikes: pn_exc=232 bg_exc=65 bg_inh=1314
[trial 12/20] spikes=10  rate=8.33 Hz  time=28.17s
[trial 13/20] input_spikes: pn_exc=212 bg_exc=51 bg_inh=1363
[trial 13/20] spikes=10  rate=8.33 Hz  time=27.93s
[trial 14/20] input_spikes: pn_exc=225 bg_exc=57 bg_inh=1317
[trial 14/20] spikes=7  rate=5.83 Hz  time=28.05s
[trial 15/20] input_spikes: pn_exc=236 bg_exc=52 bg_inh=1256
[trial 15/20] spikes=12  rate=10.00 Hz  time=28.00s
[trial 16/20] input_spikes: pn_exc=219 bg_exc=60 bg_inh=1339
[trial 16/20] spikes=6  rate=5.00 Hz  time=28.18s
[trial 17/20] input_spikes: pn_exc=219 bg_exc=47 bg_inh=1307
[trial 17/20] spikes=9  rate=7.50 Hz  time=28.07s
[trial 18/20] input_spikes: pn_exc=217 bg_exc=47 bg_inh=1358
[trial 18/20] spikes=3  rate=2.50 Hz  time=28.29s
[trial 19/20] input_spikes: pn_exc=229 bg_exc=49 bg_inh=1363
[trial 19/20] spikes=6  rate=5.00 Hz  time=28.15s
[trial 20/20] input_spikes: pn_exc=237 bg_exc=51 bg_inh=1294
[trial 20/20] spikes=10  rate=8.33 Hz  time=27.65s
Results saved to /home/hrbncv/PV-SST/single_cells/cells/PV/tunes/seg_tuned/output_data/slurm_20278/parts/slurm_20278_5/run_manifest.json
Total runtime: 563.04s
