Running: python /home/hrbncv/PV-SST/single_cells/run_pipeline.py --tune-dir /home/hrbncv/PV-SST/single_cells/cells/PV/tunes/seg_tuned --output-dir /home/hrbncv/PV-SST/single_cells/cells/PV/tunes/seg_tuned/output_data/slurm_20278/parts --n-trials 20 --output-stem slurm_20278_3 --trial-offset 60 --force-save
Loaded mechanisms from /home/hrbncv/PV-SST/single_cells/cells/PV/tunes/seg_tuned/modfiles/x86_64/.libs/libnrnmech.so
Loaded Allen cell for 'PV' from manifest.json, soma_diam_multiplier=6.0, Vinit=-71.0
Geometry defined for 'PV': 1 soma segs, 46 proximal dend segs, 41 distal dend segs, 97 total dend segs.
[trial 1/20] input_spikes: pn_exc=248 bg_exc=48 bg_inh=1295
[trial 1/20] spikes=9  rate=7.50 Hz  time=27.69s
[trial 2/20] input_spikes: pn_exc=212 bg_exc=47 bg_inh=1302
[trial 2/20] spikes=8  rate=6.67 Hz  time=27.57s
[trial 3/20] input_spikes: pn_exc=211 bg_exc=57 bg_inh=1266
[trial 3/20] spikes=8  rate=6.67 Hz  time=27.11s
[trial 4/20] input_spikes: pn_exc=254 bg_exc=58 bg_inh=1270
[trial 4/20] spikes=7  rate=5.83 Hz  time=27.41s
[trial 5/20] input_spikes: pn_exc=221 bg_exc=52 bg_inh=1288
[trial 5/20] spikes=11  rate=9.17 Hz  time=27.69s
[trial 6/20] input_spikes: pn_exc=210 bg_exc=51 bg_inh=1295
[trial 6/20] spikes=7  rate=5.83 Hz  time=27.34s
[trial 7/20] input_spikes: pn_exc=223 bg_exc=57 bg_inh=1361
[trial 7/20] spikes=9  rate=7.50 Hz  time=27.42s
[trial 8/20] input_spikes: pn_exc=214 bg_exc=50 bg_inh=1308
[trial 8/20] spikes=7  rate=5.83 Hz  time=27.40s
[trial 9/20] input_spikes: pn_exc=244 bg_exc=68 bg_inh=1321
[trial 9/20] spikes=11  rate=9.17 Hz  time=27.45s
[trial 10/20] input_spikes: pn_exc=241 bg_exc=51 bg_inh=1293
[trial 10/20] spikes=8  rate=6.67 Hz  time=27.59s
[trial 11/20] input_spikes: pn_exc=211 bg_exc=53 bg_inh=1306
[trial 11/20] spikes=8  rate=6.67 Hz  time=27.22s
[trial 12/20] input_spikes: pn_exc=224 bg_exc=48 bg_inh=1311
[trial 12/20] spikes=6  rate=5.00 Hz  time=27.01s
[trial 13/20] input_spikes: pn_exc=216 bg_exc=52 bg_inh=1329
[trial 13/20] spikes=9  rate=7.50 Hz  time=27.73s
[trial 14/20] input_spikes: pn_exc=214 bg_exc=67 bg_inh=1306
[trial 14/20] spikes=8  rate=6.67 Hz  time=27.55s
[trial 15/20] input_spikes: pn_exc=221 bg_exc=46 bg_inh=1352
[trial 15/20] spikes=6  rate=5.00 Hz  time=27.10s
[trial 16/20] input_spikes: pn_exc=227 bg_exc=64 bg_inh=1330
[trial 16/20] spikes=8  rate=6.67 Hz  time=27.47s
[trial 17/20] input_spikes: pn_exc=196 bg_exc=51 bg_inh=1320
[trial 17/20] spikes=9  rate=7.50 Hz  time=27.70s
[trial 18/20] input_spikes: pn_exc=227 bg_exc=59 bg_inh=1306
[trial 18/20] spikes=7  rate=5.83 Hz  time=27.33s
[trial 19/20] input_spikes: pn_exc=201 bg_exc=47 bg_inh=1364
[trial 19/20] spikes=6  rate=5.00 Hz  time=27.43s
[trial 20/20] input_spikes: pn_exc=225 bg_exc=55 bg_inh=1295
[trial 20/20] spikes=10  rate=8.33 Hz  time=27.29s
Results saved to /home/hrbncv/PV-SST/single_cells/cells/PV/tunes/seg_tuned/output_data/slurm_20278/parts/slurm_20278_3/run_manifest.json
Total runtime: 548.69s
