Running: python /home/hrbncv/PV-SST/single_cells/run_pipeline.py --tune-dir /home/hrbncv/PV-SST/single_cells/cells/PV/tunes/seg_tuned --output-dir /home/hrbncv/PV-SST/single_cells/cells/PV/tunes/seg_tuned/output_data/slurm_20278/parts --n-trials 20 --output-stem slurm_20278_17 --trial-offset 340 --force-save
Loaded mechanisms from /home/hrbncv/PV-SST/single_cells/cells/PV/tunes/seg_tuned/modfiles/x86_64/.libs/libnrnmech.so
Loaded Allen cell for 'PV' from manifest.json, soma_diam_multiplier=6.0, Vinit=-71.0
Geometry defined for 'PV': 1 soma segs, 46 proximal dend segs, 41 distal dend segs, 97 total dend segs.
[trial 1/20] input_spikes: pn_exc=239 bg_exc=52 bg_inh=1305
[trial 1/20] spikes=7  rate=5.83 Hz  time=27.67s
[trial 2/20] input_spikes: pn_exc=250 bg_exc=37 bg_inh=1389
[trial 2/20] spikes=6  rate=5.00 Hz  time=27.26s
[trial 3/20] input_spikes: pn_exc=219 bg_exc=58 bg_inh=1328
[trial 3/20] spikes=8  rate=6.67 Hz  time=27.36s
[trial 4/20] input_spikes: pn_exc=244 bg_exc=51 bg_inh=1288
[trial 4/20] spikes=7  rate=5.83 Hz  time=27.47s
[trial 5/20] input_spikes: pn_exc=211 bg_exc=66 bg_inh=1337
[trial 5/20] spikes=5  rate=4.17 Hz  time=27.54s
[trial 6/20] input_spikes: pn_exc=221 bg_exc=74 bg_inh=1265
[trial 6/20] spikes=10  rate=8.33 Hz  time=27.44s
[trial 7/20] input_spikes: pn_exc=214 bg_exc=59 bg_inh=1282
[trial 7/20] spikes=10  rate=8.33 Hz  time=27.72s
[trial 8/20] input_spikes: pn_exc=248 bg_exc=42 bg_inh=1325
[trial 8/20] spikes=8  rate=6.67 Hz  time=27.46s
[trial 9/20] input_spikes: pn_exc=196 bg_exc=49 bg_inh=1270
[trial 9/20] spikes=8  rate=6.67 Hz  time=27.44s
[trial 10/20] input_spikes: pn_exc=205 bg_exc=55 bg_inh=1340
[trial 10/20] spikes=6  rate=5.00 Hz  time=27.49s
[trial 11/20] input_spikes: pn_exc=226 bg_exc=65 bg_inh=1340
[trial 11/20] spikes=9  rate=7.50 Hz  time=27.45s
[trial 12/20] input_spikes: pn_exc=200 bg_exc=67 bg_inh=1362
[trial 12/20] spikes=8  rate=6.67 Hz  time=27.55s
[trial 13/20] input_spikes: pn_exc=206 bg_exc=59 bg_inh=1295
[trial 13/20] spikes=8  rate=6.67 Hz  time=27.65s
[trial 14/20] input_spikes: pn_exc=219 bg_exc=61 bg_inh=1309
[trial 14/20] spikes=9  rate=7.50 Hz  time=27.37s
[trial 15/20] input_spikes: pn_exc=234 bg_exc=55 bg_inh=1282
[trial 15/20] spikes=6  rate=5.00 Hz  time=27.32s
[trial 16/20] input_spikes: pn_exc=225 bg_exc=66 bg_inh=1281
[trial 16/20] spikes=7  rate=5.83 Hz  time=27.45s
[trial 17/20] input_spikes: pn_exc=247 bg_exc=59 bg_inh=1266
[trial 17/20] spikes=12  rate=10.00 Hz  time=27.52s
[trial 18/20] input_spikes: pn_exc=219 bg_exc=40 bg_inh=1348
[trial 18/20] spikes=6  rate=5.00 Hz  time=27.59s
[trial 19/20] input_spikes: pn_exc=232 bg_exc=59 bg_inh=1291
[trial 19/20] spikes=6  rate=5.00 Hz  time=27.56s
[trial 20/20] input_spikes: pn_exc=199 bg_exc=41 bg_inh=1274
[trial 20/20] spikes=5  rate=4.17 Hz  time=27.36s
Results saved to /home/hrbncv/PV-SST/single_cells/cells/PV/tunes/seg_tuned/output_data/slurm_20278/parts/slurm_20278_17/run_manifest.json
Total runtime: 549.85s
