Running: python /home/hrbncv/PV-SST/single_cells/run_pipeline.py --tune-dir /home/hrbncv/PV-SST/single_cells/cells/PV/tunes/seg_tuned --output-dir /home/hrbncv/PV-SST/single_cells/cells/PV/tunes/seg_tuned/output_data/slurm_20278/parts --n-trials 20 --output-stem slurm_20278_12 --trial-offset 240 --force-save
Loaded mechanisms from /home/hrbncv/PV-SST/single_cells/cells/PV/tunes/seg_tuned/modfiles/x86_64/.libs/libnrnmech.so
Loaded Allen cell for 'PV' from manifest.json, soma_diam_multiplier=6.0, Vinit=-71.0
Geometry defined for 'PV': 1 soma segs, 46 proximal dend segs, 41 distal dend segs, 97 total dend segs.
[trial 1/20] input_spikes: pn_exc=222 bg_exc=49 bg_inh=1383
[trial 1/20] spikes=7  rate=5.83 Hz  time=27.77s
[trial 2/20] input_spikes: pn_exc=222 bg_exc=41 bg_inh=1247
[trial 2/20] spikes=8  rate=6.67 Hz  time=27.57s
[trial 3/20] input_spikes: pn_exc=233 bg_exc=53 bg_inh=1351
[trial 3/20] spikes=7  rate=5.83 Hz  time=28.65s
[trial 4/20] input_spikes: pn_exc=215 bg_exc=64 bg_inh=1325
[trial 4/20] spikes=8  rate=6.67 Hz  time=27.64s
[trial 5/20] input_spikes: pn_exc=236 bg_exc=65 bg_inh=1311
[trial 5/20] spikes=11  rate=9.17 Hz  time=27.63s
[trial 6/20] input_spikes: pn_exc=218 bg_exc=42 bg_inh=1230
[trial 6/20] spikes=6  rate=5.00 Hz  time=27.51s
[trial 7/20] input_spikes: pn_exc=219 bg_exc=58 bg_inh=1361
[trial 7/20] spikes=9  rate=7.50 Hz  time=27.76s
[trial 8/20] input_spikes: pn_exc=239 bg_exc=52 bg_inh=1266
[trial 8/20] spikes=7  rate=5.83 Hz  time=27.55s
[trial 9/20] input_spikes: pn_exc=206 bg_exc=53 bg_inh=1299
[trial 9/20] spikes=8  rate=6.67 Hz  time=27.74s
[trial 10/20] input_spikes: pn_exc=238 bg_exc=54 bg_inh=1291
[trial 10/20] spikes=6  rate=5.00 Hz  time=27.65s
[trial 11/20] input_spikes: pn_exc=204 bg_exc=52 bg_inh=1322
[trial 11/20] spikes=5  rate=4.17 Hz  time=27.47s
[trial 12/20] input_spikes: pn_exc=252 bg_exc=47 bg_inh=1272
[trial 12/20] spikes=7  rate=5.83 Hz  time=27.57s
[trial 13/20] input_spikes: pn_exc=234 bg_exc=64 bg_inh=1249
[trial 13/20] spikes=11  rate=9.17 Hz  time=27.75s
[trial 14/20] input_spikes: pn_exc=242 bg_exc=52 bg_inh=1328
[trial 14/20] spikes=9  rate=7.50 Hz  time=27.55s
[trial 15/20] input_spikes: pn_exc=226 bg_exc=56 bg_inh=1259
[trial 15/20] spikes=8  rate=6.67 Hz  time=27.45s
[trial 16/20] input_spikes: pn_exc=212 bg_exc=55 bg_inh=1268
[trial 16/20] spikes=5  rate=4.17 Hz  time=27.50s
[trial 17/20] input_spikes: pn_exc=222 bg_exc=55 bg_inh=1307
[trial 17/20] spikes=7  rate=5.83 Hz  time=27.70s
[trial 18/20] input_spikes: pn_exc=240 bg_exc=52 bg_inh=1315
[trial 18/20] spikes=8  rate=6.67 Hz  time=27.67s
[trial 19/20] input_spikes: pn_exc=231 bg_exc=55 bg_inh=1323
[trial 19/20] spikes=10  rate=8.33 Hz  time=27.69s
[trial 20/20] input_spikes: pn_exc=220 bg_exc=44 bg_inh=1258
[trial 20/20] spikes=5  rate=4.17 Hz  time=27.45s
Results saved to /home/hrbncv/PV-SST/single_cells/cells/PV/tunes/seg_tuned/output_data/slurm_20278/parts/slurm_20278_12/run_manifest.json
Total runtime: 553.44s
