Running: python /home/hrbncv/PV-SST/single_cells/run_pipeline.py --tune-dir /home/hrbncv/PV-SST/single_cells/cells/PV/tunes/seg_tuned --output-dir /home/hrbncv/PV-SST/single_cells/cells/PV/tunes/seg_tuned/output_data/slurm_20278/parts --n-trials 20 --output-stem slurm_20278_19 --trial-offset 380 --force-save
Loaded mechanisms from /home/hrbncv/PV-SST/single_cells/cells/PV/tunes/seg_tuned/modfiles/x86_64/.libs/libnrnmech.so
Loaded Allen cell for 'PV' from manifest.json, soma_diam_multiplier=6.0, Vinit=-71.0
Geometry defined for 'PV': 1 soma segs, 46 proximal dend segs, 41 distal dend segs, 97 total dend segs.
[trial 1/20] input_spikes: pn_exc=232 bg_exc=50 bg_inh=1296
[trial 1/20] spikes=10  rate=8.33 Hz  time=27.16s
[trial 2/20] input_spikes: pn_exc=214 bg_exc=52 bg_inh=1307
[trial 2/20] spikes=8  rate=6.67 Hz  time=27.07s
[trial 3/20] input_spikes: pn_exc=224 bg_exc=56 bg_inh=1231
[trial 3/20] spikes=9  rate=7.50 Hz  time=27.09s
[trial 4/20] input_spikes: pn_exc=239 bg_exc=52 bg_inh=1222
[trial 4/20] spikes=10  rate=8.33 Hz  time=27.09s
[trial 5/20] input_spikes: pn_exc=247 bg_exc=57 bg_inh=1247
[trial 5/20] spikes=9  rate=7.50 Hz  time=27.07s
[trial 6/20] input_spikes: pn_exc=247 bg_exc=49 bg_inh=1269
[trial 6/20] spikes=9  rate=7.50 Hz  time=27.12s
[trial 7/20] input_spikes: pn_exc=206 bg_exc=71 bg_inh=1243
[trial 7/20] spikes=7  rate=5.83 Hz  time=27.04s
[trial 8/20] input_spikes: pn_exc=252 bg_exc=70 bg_inh=1269
[trial 8/20] spikes=11  rate=9.17 Hz  time=27.10s
[trial 9/20] input_spikes: pn_exc=240 bg_exc=62 bg_inh=1313
[trial 9/20] spikes=7  rate=5.83 Hz  time=27.18s
[trial 10/20] input_spikes: pn_exc=222 bg_exc=51 bg_inh=1292
[trial 10/20] spikes=7  rate=5.83 Hz  time=27.07s
[trial 11/20] input_spikes: pn_exc=259 bg_exc=51 bg_inh=1351
[trial 11/20] spikes=11  rate=9.17 Hz  time=27.12s
[trial 12/20] input_spikes: pn_exc=213 bg_exc=51 bg_inh=1352
[trial 12/20] spikes=6  rate=5.00 Hz  time=27.12s
[trial 13/20] input_spikes: pn_exc=214 bg_exc=45 bg_inh=1300
[trial 13/20] spikes=7  rate=5.83 Hz  time=27.20s
[trial 14/20] input_spikes: pn_exc=183 bg_exc=48 bg_inh=1261
[trial 14/20] spikes=4  rate=3.33 Hz  time=27.09s
[trial 15/20] input_spikes: pn_exc=212 bg_exc=53 bg_inh=1325
[trial 15/20] spikes=5  rate=4.17 Hz  time=27.03s
[trial 16/20] input_spikes: pn_exc=222 bg_exc=44 bg_inh=1321
[trial 16/20] spikes=8  rate=6.67 Hz  time=27.10s
[trial 17/20] input_spikes: pn_exc=233 bg_exc=50 bg_inh=1338
[trial 17/20] spikes=7  rate=5.83 Hz  time=27.19s
[trial 18/20] input_spikes: pn_exc=231 bg_exc=47 bg_inh=1331
[trial 18/20] spikes=7  rate=5.83 Hz  time=27.20s
[trial 19/20] input_spikes: pn_exc=213 bg_exc=63 bg_inh=1309
[trial 19/20] spikes=7  rate=5.83 Hz  time=27.09s
[trial 20/20] input_spikes: pn_exc=212 bg_exc=60 bg_inh=1335
[trial 20/20] spikes=10  rate=8.33 Hz  time=27.21s
Results saved to /home/hrbncv/PV-SST/single_cells/cells/PV/tunes/seg_tuned/output_data/slurm_20278/parts/slurm_20278_19/run_manifest.json
Total runtime: 542.49s
