Running: python /home/hrbncv/PV-SST/single_cells/run_pipeline.py --tune-dir /home/hrbncv/PV-SST/single_cells/cells/PV/tunes/seg_tuned --output-dir /home/hrbncv/PV-SST/single_cells/cells/PV/tunes/seg_tuned/output_data/slurm_20278/parts --n-trials 20 --output-stem slurm_20278_22 --trial-offset 440 --force-save
Loaded mechanisms from /home/hrbncv/PV-SST/single_cells/cells/PV/tunes/seg_tuned/modfiles/x86_64/.libs/libnrnmech.so
Loaded Allen cell for 'PV' from manifest.json, soma_diam_multiplier=6.0, Vinit=-71.0
Geometry defined for 'PV': 1 soma segs, 46 proximal dend segs, 41 distal dend segs, 97 total dend segs.
[trial 1/20] input_spikes: pn_exc=226 bg_exc=47 bg_inh=1327
[trial 1/20] spikes=9  rate=7.50 Hz  time=26.95s
[trial 2/20] input_spikes: pn_exc=213 bg_exc=46 bg_inh=1366
[trial 2/20] spikes=5  rate=4.17 Hz  time=26.90s
[trial 3/20] input_spikes: pn_exc=216 bg_exc=58 bg_inh=1285
[trial 3/20] spikes=10  rate=8.33 Hz  time=26.84s
[trial 4/20] input_spikes: pn_exc=213 bg_exc=48 bg_inh=1301
[trial 4/20] spikes=8  rate=6.67 Hz  time=26.97s
[trial 5/20] input_spikes: pn_exc=215 bg_exc=56 bg_inh=1264
[trial 5/20] spikes=13  rate=10.83 Hz  time=26.91s
[trial 6/20] input_spikes: pn_exc=224 bg_exc=38 bg_inh=1277
[trial 6/20] spikes=5  rate=4.17 Hz  time=26.96s
[trial 7/20] input_spikes: pn_exc=239 bg_exc=59 bg_inh=1294
[trial 7/20] spikes=8  rate=6.67 Hz  time=27.09s
[trial 8/20] input_spikes: pn_exc=213 bg_exc=63 bg_inh=1317
[trial 8/20] spikes=7  rate=5.83 Hz  time=26.97s
[trial 9/20] input_spikes: pn_exc=224 bg_exc=66 bg_inh=1295
[trial 9/20] spikes=8  rate=6.67 Hz  time=26.97s
[trial 10/20] input_spikes: pn_exc=230 bg_exc=58 bg_inh=1285
[trial 10/20] spikes=8  rate=6.67 Hz  time=26.84s
[trial 11/20] input_spikes: pn_exc=213 bg_exc=70 bg_inh=1307
[trial 11/20] spikes=8  rate=6.67 Hz  time=26.92s
[trial 12/20] input_spikes: pn_exc=205 bg_exc=74 bg_inh=1271
[trial 12/20] spikes=7  rate=5.83 Hz  time=26.99s
[trial 13/20] input_spikes: pn_exc=214 bg_exc=68 bg_inh=1302
[trial 13/20] spikes=7  rate=5.83 Hz  time=26.95s
[trial 14/20] input_spikes: pn_exc=223 bg_exc=44 bg_inh=1309
[trial 14/20] spikes=5  rate=4.17 Hz  time=26.91s
[trial 15/20] input_spikes: pn_exc=219 bg_exc=56 bg_inh=1239
[trial 15/20] spikes=5  rate=4.17 Hz  time=26.87s
[trial 16/20] input_spikes: pn_exc=227 bg_exc=48 bg_inh=1271
[trial 16/20] spikes=8  rate=6.67 Hz  time=26.99s
[trial 17/20] input_spikes: pn_exc=243 bg_exc=43 bg_inh=1377
[trial 17/20] spikes=6  rate=5.00 Hz  time=27.02s
[trial 18/20] input_spikes: pn_exc=207 bg_exc=57 bg_inh=1325
[trial 18/20] spikes=7  rate=5.83 Hz  time=26.99s
[trial 19/20] input_spikes: pn_exc=220 bg_exc=57 bg_inh=1249
[trial 19/20] spikes=7  rate=5.83 Hz  time=26.94s
[trial 20/20] input_spikes: pn_exc=232 bg_exc=56 bg_inh=1343
[trial 20/20] spikes=9  rate=7.50 Hz  time=26.96s
Results saved to /home/hrbncv/PV-SST/single_cells/cells/PV/tunes/seg_tuned/output_data/slurm_20278/parts/slurm_20278_22/run_manifest.json
Total runtime: 539.12s
