Running: python /home/hrbncv/PV-SST/single_cells/run_pipeline.py --tune-dir /home/hrbncv/PV-SST/single_cells/cells/PV/tunes/seg_tuned --output-dir /home/hrbncv/PV-SST/single_cells/cells/PV/tunes/seg_tuned/output_data/slurm_20278/parts --n-trials 20 --output-stem slurm_20278_18 --trial-offset 360 --force-save
Loaded mechanisms from /home/hrbncv/PV-SST/single_cells/cells/PV/tunes/seg_tuned/modfiles/x86_64/.libs/libnrnmech.so
Loaded Allen cell for 'PV' from manifest.json, soma_diam_multiplier=6.0, Vinit=-71.0
Geometry defined for 'PV': 1 soma segs, 46 proximal dend segs, 41 distal dend segs, 97 total dend segs.
[trial 1/20] input_spikes: pn_exc=210 bg_exc=59 bg_inh=1308
[trial 1/20] spikes=10  rate=8.33 Hz  time=27.21s
[trial 2/20] input_spikes: pn_exc=229 bg_exc=60 bg_inh=1296
[trial 2/20] spikes=11  rate=9.17 Hz  time=27.25s
[trial 3/20] input_spikes: pn_exc=224 bg_exc=43 bg_inh=1315
[trial 3/20] spikes=9  rate=7.50 Hz  time=27.28s
[trial 4/20] input_spikes: pn_exc=197 bg_exc=47 bg_inh=1332
[trial 4/20] spikes=8  rate=6.67 Hz  time=27.18s
[trial 5/20] input_spikes: pn_exc=221 bg_exc=45 bg_inh=1301
[trial 5/20] spikes=6  rate=5.00 Hz  time=27.23s
[trial 6/20] input_spikes: pn_exc=238 bg_exc=44 bg_inh=1298
[trial 6/20] spikes=6  rate=5.00 Hz  time=27.27s
[trial 7/20] input_spikes: pn_exc=201 bg_exc=60 bg_inh=1301
[trial 7/20] spikes=10  rate=8.33 Hz  time=27.34s
[trial 8/20] input_spikes: pn_exc=224 bg_exc=49 bg_inh=1316
[trial 8/20] spikes=2  rate=1.67 Hz  time=27.22s
[trial 9/20] input_spikes: pn_exc=208 bg_exc=55 bg_inh=1313
[trial 9/20] spikes=9  rate=7.50 Hz  time=27.19s
[trial 10/20] input_spikes: pn_exc=218 bg_exc=62 bg_inh=1291
[trial 10/20] spikes=6  rate=5.00 Hz  time=26.98s
[trial 11/20] input_spikes: pn_exc=216 bg_exc=52 bg_inh=1267
[trial 11/20] spikes=7  rate=5.83 Hz  time=27.27s
[trial 12/20] input_spikes: pn_exc=243 bg_exc=65 bg_inh=1353
[trial 12/20] spikes=7  rate=5.83 Hz  time=27.23s
[trial 13/20] input_spikes: pn_exc=242 bg_exc=40 bg_inh=1321
[trial 13/20] spikes=8  rate=6.67 Hz  time=27.22s
[trial 14/20] input_spikes: pn_exc=230 bg_exc=55 bg_inh=1286
[trial 14/20] spikes=9  rate=7.50 Hz  time=27.17s
[trial 15/20] input_spikes: pn_exc=205 bg_exc=53 bg_inh=1297
[trial 15/20] spikes=7  rate=5.83 Hz  time=27.23s
[trial 16/20] input_spikes: pn_exc=237 bg_exc=56 bg_inh=1299
[trial 16/20] spikes=13  rate=10.83 Hz  time=27.08s
[trial 17/20] input_spikes: pn_exc=199 bg_exc=45 bg_inh=1328
[trial 17/20] spikes=4  rate=3.33 Hz  time=27.26s
[trial 18/20] input_spikes: pn_exc=218 bg_exc=51 bg_inh=1299
[trial 18/20] spikes=5  rate=4.17 Hz  time=27.33s
[trial 19/20] input_spikes: pn_exc=223 bg_exc=53 bg_inh=1375
[trial 19/20] spikes=5  rate=4.17 Hz  time=27.16s
[trial 20/20] input_spikes: pn_exc=196 bg_exc=49 bg_inh=1308
[trial 20/20] spikes=6  rate=5.00 Hz  time=27.32s
Results saved to /home/hrbncv/PV-SST/single_cells/cells/PV/tunes/seg_tuned/output_data/slurm_20278/parts/slurm_20278_18/run_manifest.json
Total runtime: 544.59s
