Running: python /home/hrbncv/PV-SST/single_cells/run_pipeline.py --tune-dir /home/hrbncv/PV-SST/single_cells/cells/PV/tunes/seg_tuned --output-dir /home/hrbncv/PV-SST/single_cells/cells/PV/tunes/seg_tuned/output_data/slurm_20278/parts --n-trials 20 --output-stem slurm_20278_21 --trial-offset 420 --force-save
Loaded mechanisms from /home/hrbncv/PV-SST/single_cells/cells/PV/tunes/seg_tuned/modfiles/x86_64/.libs/libnrnmech.so
Loaded Allen cell for 'PV' from manifest.json, soma_diam_multiplier=6.0, Vinit=-71.0
Geometry defined for 'PV': 1 soma segs, 46 proximal dend segs, 41 distal dend segs, 97 total dend segs.
[trial 1/20] input_spikes: pn_exc=230 bg_exc=60 bg_inh=1301
[trial 1/20] spikes=8  rate=6.67 Hz  time=27.14s
[trial 2/20] input_spikes: pn_exc=243 bg_exc=50 bg_inh=1226
[trial 2/20] spikes=10  rate=8.33 Hz  time=27.12s
[trial 3/20] input_spikes: pn_exc=215 bg_exc=53 bg_inh=1246
[trial 3/20] spikes=8  rate=6.67 Hz  time=26.97s
[trial 4/20] input_spikes: pn_exc=227 bg_exc=51 bg_inh=1335
[trial 4/20] spikes=5  rate=4.17 Hz  time=27.09s
[trial 5/20] input_spikes: pn_exc=206 bg_exc=47 bg_inh=1297
[trial 5/20] spikes=7  rate=5.83 Hz  time=26.88s
[trial 6/20] input_spikes: pn_exc=210 bg_exc=59 bg_inh=1298
[trial 6/20] spikes=9  rate=7.50 Hz  time=27.04s
[trial 7/20] input_spikes: pn_exc=234 bg_exc=58 bg_inh=1265
[trial 7/20] spikes=9  rate=7.50 Hz  time=27.13s
[trial 8/20] input_spikes: pn_exc=221 bg_exc=49 bg_inh=1363
[trial 8/20] spikes=8  rate=6.67 Hz  time=27.10s
[trial 9/20] input_spikes: pn_exc=258 bg_exc=48 bg_inh=1307
[trial 9/20] spikes=8  rate=6.67 Hz  time=27.13s
[trial 10/20] input_spikes: pn_exc=239 bg_exc=60 bg_inh=1287
[trial 10/20] spikes=11  rate=9.17 Hz  time=26.94s
[trial 11/20] input_spikes: pn_exc=226 bg_exc=49 bg_inh=1319
[trial 11/20] spikes=7  rate=5.83 Hz  time=27.04s
[trial 12/20] input_spikes: pn_exc=230 bg_exc=61 bg_inh=1316
[trial 12/20] spikes=11  rate=9.17 Hz  time=27.04s
[trial 13/20] input_spikes: pn_exc=207 bg_exc=61 bg_inh=1311
[trial 13/20] spikes=5  rate=4.17 Hz  time=27.12s
[trial 14/20] input_spikes: pn_exc=255 bg_exc=69 bg_inh=1336
[trial 14/20] spikes=8  rate=6.67 Hz  time=27.09s
[trial 15/20] input_spikes: pn_exc=229 bg_exc=71 bg_inh=1305
[trial 15/20] spikes=10  rate=8.33 Hz  time=26.97s
[trial 16/20] input_spikes: pn_exc=231 bg_exc=59 bg_inh=1245
[trial 16/20] spikes=9  rate=7.50 Hz  time=27.11s
[trial 17/20] input_spikes: pn_exc=199 bg_exc=49 bg_inh=1270
[trial 17/20] spikes=5  rate=4.17 Hz  time=27.02s
[trial 18/20] input_spikes: pn_exc=233 bg_exc=70 bg_inh=1306
[trial 18/20] spikes=10  rate=8.33 Hz  time=27.21s
[trial 19/20] input_spikes: pn_exc=244 bg_exc=64 bg_inh=1302
[trial 19/20] spikes=12  rate=10.00 Hz  time=27.08s
[trial 20/20] input_spikes: pn_exc=233 bg_exc=68 bg_inh=1313
[trial 20/20] spikes=10  rate=8.33 Hz  time=27.12s
Results saved to /home/hrbncv/PV-SST/single_cells/cells/PV/tunes/seg_tuned/output_data/slurm_20278/parts/slurm_20278_21/run_manifest.json
Total runtime: 541.50s
