Running: python /home/hrbncv/PV-SST/single_cells/run_pipeline.py --tune-dir /home/hrbncv/PV-SST/single_cells/cells/PV/tunes/seg_tuned --output-dir /home/hrbncv/PV-SST/single_cells/cells/PV/tunes/seg_tuned/output_data/slurm_20278/parts --n-trials 20 --output-stem slurm_20278_0 --trial-offset 0 --force-save
Loaded mechanisms from /home/hrbncv/PV-SST/single_cells/cells/PV/tunes/seg_tuned/modfiles/x86_64/.libs/libnrnmech.so
Loaded Allen cell for 'PV' from manifest.json, soma_diam_multiplier=6.0, Vinit=-71.0
Geometry defined for 'PV': 1 soma segs, 46 proximal dend segs, 41 distal dend segs, 97 total dend segs.
[trial 1/20] input_spikes: pn_exc=231 bg_exc=61 bg_inh=1273
[trial 1/20] spikes=10  rate=8.33 Hz  time=27.13s
[trial 2/20] input_spikes: pn_exc=235 bg_exc=55 bg_inh=1320
[trial 2/20] spikes=9  rate=7.50 Hz  time=27.32s
[trial 3/20] input_spikes: pn_exc=223 bg_exc=51 bg_inh=1309
[trial 3/20] spikes=11  rate=9.17 Hz  time=26.63s
[trial 4/20] input_spikes: pn_exc=227 bg_exc=58 bg_inh=1293
[trial 4/20] spikes=6  rate=5.00 Hz  time=26.92s
[trial 5/20] input_spikes: pn_exc=225 bg_exc=50 bg_inh=1348
[trial 5/20] spikes=8  rate=6.67 Hz  time=27.20s
[trial 6/20] input_spikes: pn_exc=230 bg_exc=60 bg_inh=1319
[trial 6/20] spikes=5  rate=4.17 Hz  time=26.98s
[trial 7/20] input_spikes: pn_exc=243 bg_exc=56 bg_inh=1245
[trial 7/20] spikes=8  rate=6.67 Hz  time=26.94s
[trial 8/20] input_spikes: pn_exc=231 bg_exc=77 bg_inh=1298
[trial 8/20] spikes=7  rate=5.83 Hz  time=27.01s
[trial 9/20] input_spikes: pn_exc=244 bg_exc=59 bg_inh=1338
[trial 9/20] spikes=10  rate=8.33 Hz  time=26.82s
[trial 10/20] input_spikes: pn_exc=227 bg_exc=51 bg_inh=1287
[trial 10/20] spikes=7  rate=5.83 Hz  time=27.19s
[trial 11/20] input_spikes: pn_exc=212 bg_exc=68 bg_inh=1282
[trial 11/20] spikes=8  rate=6.67 Hz  time=26.93s
[trial 12/20] input_spikes: pn_exc=225 bg_exc=53 bg_inh=1281
[trial 12/20] spikes=4  rate=3.33 Hz  time=26.60s
[trial 13/20] input_spikes: pn_exc=226 bg_exc=57 bg_inh=1314
[trial 13/20] spikes=7  rate=5.83 Hz  time=27.14s
[trial 14/20] input_spikes: pn_exc=211 bg_exc=51 bg_inh=1249
[trial 14/20] spikes=9  rate=7.50 Hz  time=27.16s
[trial 15/20] input_spikes: pn_exc=210 bg_exc=61 bg_inh=1247
[trial 15/20] spikes=6  rate=5.00 Hz  time=26.59s
[trial 16/20] input_spikes: pn_exc=226 bg_exc=48 bg_inh=1314
[trial 16/20] spikes=12  rate=10.00 Hz  time=26.94s
[trial 17/20] input_spikes: pn_exc=276 bg_exc=61 bg_inh=1292
[trial 17/20] spikes=11  rate=9.17 Hz  time=27.26s
[trial 18/20] input_spikes: pn_exc=251 bg_exc=46 bg_inh=1223
[trial 18/20] spikes=11  rate=9.17 Hz  time=26.99s
[trial 19/20] input_spikes: pn_exc=247 bg_exc=55 bg_inh=1319
[trial 19/20] spikes=9  rate=7.50 Hz  time=26.92s
[trial 20/20] input_spikes: pn_exc=234 bg_exc=50 bg_inh=1308
[trial 20/20] spikes=8  rate=6.67 Hz  time=26.97s
Results saved to /home/hrbncv/PV-SST/single_cells/cells/PV/tunes/seg_tuned/output_data/slurm_20278/parts/slurm_20278_0/run_manifest.json
Total runtime: 539.81s
Submitting merge job: python /home/hrbncv/PV-SST/single_cells/scripts/merge_array_results.py --input-dir /home/hrbncv/PV-SST/single_cells/cells/PV/tunes/seg_tuned/output_data/slurm_20278/parts --output-dir /home/hrbncv/PV-SST/single_cells/cells/PV/tunes/seg_tuned/output_data/slurm_20278 --job-id 20278 --output-stem results
Submitted batch job 20303
