/home/hrbncv/miniconda3/envs/BMTK/bin/nrnivmodl:10: DeprecationWarning: pkg_resources is deprecated as an API. See https://setuptools.pypa.io/en/latest/pkg_resources.html
  from pkg_resources import working_set
makemod2c_inc:66: warning: overriding recipe for target 'Kv3_1.c'
makemod2c_inc:10: warning: ignoring old recipe for target 'Kv3_1.c'
makemod2c_inc:70: warning: overriding recipe for target 'Kv3_1.o'
makemod2c_inc:14: warning: ignoring old recipe for target 'Kv3_1.o'
makemod2c_inc:90: warning: overriding recipe for target 'Nap.c'
makemod2c_inc:18: warning: ignoring old recipe for target 'Nap.c'
makemod2c_inc:94: warning: overriding recipe for target 'Nap.o'
makemod2c_inc:22: warning: ignoring old recipe for target 'Nap.o'
makemod2c_inc:114: warning: overriding recipe for target 'NaTa.c'
makemod2c_inc:42: warning: ignoring old recipe for target 'NaTa.c'
makemod2c_inc:118: warning: overriding recipe for target 'NaTa.o'
makemod2c_inc:46: warning: ignoring old recipe for target 'NaTa.o'
makemod2c_inc:145: warning: overriding recipe for target 'NaTs.c'
makemod2c_inc:73: warning: ignoring old recipe for target 'NaTs.c'
makemod2c_inc:149: warning: overriding recipe for target 'NaTs.o'
makemod2c_inc:77: warning: ignoring old recipe for target 'NaTs.o'
makemod2c_inc:162: warning: overriding recipe for target 'NaV.c'
makemod2c_inc:98: warning: ignoring old recipe for target 'NaV.c'
makemod2c_inc:166: warning: overriding recipe for target 'NaV.o'
makemod2c_inc:102: warning: ignoring old recipe for target 'NaV.o'
makemod2c_inc:178: warning: overriding recipe for target 'SK.c'
makemod2c_inc:122: warning: ignoring old recipe for target 'SK.c'
makemod2c_inc:182: warning: overriding recipe for target 'SK.o'
makemod2c_inc:126: warning: ignoring old recipe for target 'SK.o'
makemod2c_inc:194: warning: overriding recipe for target 'vecstim.c'
makemod2c_inc:138: warning: ignoring old recipe for target 'vecstim.c'
makemod2c_inc:198: warning: overriding recipe for target 'vecstim.o'
makemod2c_inc:142: warning: ignoring old recipe for target 'vecstim.o'
makemod2c_inc:210: warning: overriding recipe for target 'K_P.c'
makemod2c_inc:2: warning: ignoring old recipe for target 'K_P.c'
makemod2c_inc:214: warning: overriding recipe for target 'K_P.o'
makemod2c_inc:6: warning: ignoring old recipe for target 'K_P.o'
makemod2c_inc:218: warning: overriding recipe for target 'K_T.c'
makemod2c_inc:26: warning: ignoring old recipe for target 'K_T.c'
makemod2c_inc:222: warning: overriding recipe for target 'K_T.o'
makemod2c_inc:30: warning: ignoring old recipe for target 'K_T.o'
makemod2c_inc:226: warning: overriding recipe for target 'Kv2like.c'
makemod2c_inc:49: warning: ignoring old recipe for target 'Kv2like.c'
makemod2c_inc:230: warning: overriding recipe for target 'Kv2like.o'
makemod2c_inc:53: warning: ignoring old recipe for target 'Kv2like.o'
makemod2c_inc:234: warning: overriding recipe for target 'Kv3_1.c'
makemod2c_inc:66: warning: ignoring old recipe for target 'Kv3_1.c'
makemod2c_inc:238: warning: overriding recipe for target 'Kv3_1.o'
makemod2c_inc:70: warning: ignoring old recipe for target 'Kv3_1.o'
makemod2c_inc:242: warning: overriding recipe for target 'Nap.c'
makemod2c_inc:90: warning: ignoring old recipe for target 'Nap.c'
makemod2c_inc:246: warning: overriding recipe for target 'Nap.o'
makemod2c_inc:94: warning: ignoring old recipe for target 'Nap.o'
makemod2c_inc:250: warning: overriding recipe for target 'NaTa.c'
makemod2c_inc:114: warning: ignoring old recipe for target 'NaTa.c'
makemod2c_inc:254: warning: overriding recipe for target 'NaTa.o'
makemod2c_inc:118: warning: ignoring old recipe for target 'NaTa.o'
makemod2c_inc:258: warning: overriding recipe for target 'NaTs.c'
makemod2c_inc:145: warning: ignoring old recipe for target 'NaTs.c'
makemod2c_inc:262: warning: overriding recipe for target 'NaTs.o'
makemod2c_inc:149: warning: ignoring old recipe for target 'NaTs.o'
makemod2c_inc:266: warning: overriding recipe for target 'NaV.c'
makemod2c_inc:162: warning: ignoring old recipe for target 'NaV.c'
makemod2c_inc:270: warning: overriding recipe for target 'NaV.o'
makemod2c_inc:166: warning: ignoring old recipe for target 'NaV.o'
makemod2c_inc:274: warning: overriding recipe for target 'SK.c'
makemod2c_inc:178: warning: ignoring old recipe for target 'SK.c'
makemod2c_inc:278: warning: overriding recipe for target 'SK.o'
makemod2c_inc:182: warning: ignoring old recipe for target 'SK.o'
makemod2c_inc:282: warning: overriding recipe for target 'vecstim.c'
makemod2c_inc:194: warning: ignoring old recipe for target 'vecstim.c'
makemod2c_inc:286: warning: overriding recipe for target 'vecstim.o'
makemod2c_inc:198: warning: ignoring old recipe for target 'vecstim.o'
Warning: no DISPLAY environment variable.
--No graphics will be displayed.
NEURON: The user defined name already exists: AMPA_NMDA_STP
 near line 0
 ^
        nrn_load_dll("/home/hrbn...")
