/home/hrbncv/miniconda3/envs/BMTK/bin/nrnivmodl:10: DeprecationWarning: pkg_resources is deprecated as an API. See https://setuptools.pypa.io/en/latest/pkg_resources.html
  from pkg_resources import working_set
makemod2c_inc:66: warning: overriding recipe for target 'Kv3_1.c'
makemod2c_inc:10: warning: ignoring old recipe for target 'Kv3_1.c'
makemod2c_inc:70: warning: overriding recipe for target 'Kv3_1.o'
makemod2c_inc:14: warning: ignoring old recipe for target 'Kv3_1.o'
makemod2c_inc:90: warning: overriding recipe for target 'Nap.c'
makemod2c_inc:18: warning: ignoring old recipe for target 'Nap.c'
makemod2c_inc:94: warning: overriding recipe for target 'Nap.o'
makemod2c_inc:22: warning: ignoring old recipe for target 'Nap.o'
makemod2c_inc:114: warning: overriding recipe for target 'NaTa.c'
makemod2c_inc:42: warning: ignoring old recipe for target 'NaTa.c'
makemod2c_inc:118: warning: overriding recipe for target 'NaTa.o'
makemod2c_inc:46: warning: ignoring old recipe for target 'NaTa.o'
makemod2c_inc:145: warning: overriding recipe for target 'NaTs.c'
makemod2c_inc:73: warning: ignoring old recipe for target 'NaTs.c'
makemod2c_inc:149: warning: overriding recipe for target 'NaTs.o'
makemod2c_inc:77: warning: ignoring old recipe for target 'NaTs.o'
makemod2c_inc:162: warning: overriding recipe for target 'NaV.c'
makemod2c_inc:98: warning: ignoring old recipe for target 'NaV.c'
makemod2c_inc:166: warning: overriding recipe for target 'NaV.o'
makemod2c_inc:102: warning: ignoring old recipe for target 'NaV.o'
makemod2c_inc:178: warning: overriding recipe for target 'SK.c'
makemod2c_inc:122: warning: ignoring old recipe for target 'SK.c'
makemod2c_inc:182: warning: overriding recipe for target 'SK.o'
makemod2c_inc:126: warning: ignoring old recipe for target 'SK.o'
makemod2c_inc:194: warning: overriding recipe for target 'vecstim.c'
makemod2c_inc:138: warning: ignoring old recipe for target 'vecstim.c'
makemod2c_inc:198: warning: overriding recipe for target 'vecstim.o'
makemod2c_inc:142: warning: ignoring old recipe for target 'vecstim.o'
makemod2c_inc:210: warning: overriding recipe for target 'K_P.c'
makemod2c_inc:2: warning: ignoring old recipe for target 'K_P.c'
makemod2c_inc:214: warning: overriding recipe for target 'K_P.o'
makemod2c_inc:6: warning: ignoring old recipe for target 'K_P.o'
Translating GABA_A.mod into /home/hrbncv/PV-SST/single_cells/cells/PV/tunes/seg_tuned/x86_64/GABA_A.c
Thread Safe
Translating Ih.mod into /home/hrbncv/PV-SST/single_cells/cells/PV/tunes/seg_tuned/x86_64/Ih.c
Translating Im_v2.mod into /home/hrbncv/PV-SST/single_cells/cells/PV/tunes/seg_tuned/x86_64/Im_v2.c
Translating Im.mod into /home/hrbncv/PV-SST/single_cells/cells/PV/tunes/seg_tuned/x86_64/Im.c
Thread Safe
Thread Safe
Thread Safe
Translating Kd.mod into /home/hrbncv/PV-SST/single_cells/cells/PV/tunes/seg_tuned/x86_64/Kd.c
Thread Safe
Translating K_P.mod into /home/hrbncv/PV-SST/single_cells/cells/PV/tunes/seg_tuned/x86_64/K_P.c
Translating K_T.mod into /home/hrbncv/PV-SST/single_cells/cells/PV/tunes/seg_tuned/x86_64/K_T.c
Translating Kv2like.mod into /home/hrbncv/PV-SST/single_cells/cells/PV/tunes/seg_tuned/x86_64/Kv2like.c
Thread Safe
Thread Safe
Thread Safe
Translating Kv3_1.mod into /home/hrbncv/PV-SST/single_cells/cells/PV/tunes/seg_tuned/x86_64/Kv3_1.c
Thread Safe
Translating Nap.mod into /home/hrbncv/PV-SST/single_cells/cells/PV/tunes/seg_tuned/x86_64/Nap.c
Translating NaTa.mod into /home/hrbncv/PV-SST/single_cells/cells/PV/tunes/seg_tuned/x86_64/NaTa.c
Translating NaTs.mod into /home/hrbncv/PV-SST/single_cells/cells/PV/tunes/seg_tuned/x86_64/NaTs.c
Thread Safe
Thread Safe
Thread Safe
Translating NaV.mod into /home/hrbncv/PV-SST/single_cells/cells/PV/tunes/seg_tuned/x86_64/NaV.c
NEURON's CVode method ignores conservation
Notice: LINEAR is not thread safe.
Translating SK.mod into /home/hrbncv/PV-SST/single_cells/cells/PV/tunes/seg_tuned/x86_64/SK.c
Translating vecstim.mod into /home/hrbncv/PV-SST/single_cells/cells/PV/tunes/seg_tuned/x86_64/vecstim.c
Notice: VERBATIM blocks are not thread safe
Thread Safe
Warning: no DISPLAY environment variable.
--No graphics will be displayed.
NEURON: The user defined name already exists: AMPA_NMDA_STP
 near line 0
 ^
        nrn_load_dll("/home/hrbn...")
