/home/hrbncv/miniconda3/envs/BMTK/bin/nrnivmodl:10: DeprecationWarning: pkg_resources is deprecated as an API. See https://setuptools.pypa.io/en/latest/pkg_resources.html
  from pkg_resources import working_set
makemod2c_inc:66: warning: overriding recipe for target 'Kv3_1.c'
makemod2c_inc:10: warning: ignoring old recipe for target 'Kv3_1.c'
makemod2c_inc:70: warning: overriding recipe for target 'Kv3_1.o'
makemod2c_inc:14: warning: ignoring old recipe for target 'Kv3_1.o'
makemod2c_inc:90: warning: overriding recipe for target 'Nap.c'
makemod2c_inc:18: warning: ignoring old recipe for target 'Nap.c'
makemod2c_inc:94: warning: overriding recipe for target 'Nap.o'
makemod2c_inc:22: warning: ignoring old recipe for target 'Nap.o'
makemod2c_inc:114: warning: overriding recipe for target 'NaTa.c'
makemod2c_inc:42: warning: ignoring old recipe for target 'NaTa.c'
makemod2c_inc:118: warning: overriding recipe for target 'NaTa.o'
makemod2c_inc:46: warning: ignoring old recipe for target 'NaTa.o'
makemod2c_inc:145: warning: overriding recipe for target 'NaTs.c'
makemod2c_inc:73: warning: ignoring old recipe for target 'NaTs.c'
makemod2c_inc:149: warning: overriding recipe for target 'NaTs.o'
makemod2c_inc:77: warning: ignoring old recipe for target 'NaTs.o'
makemod2c_inc:162: warning: overriding recipe for target 'NaV.c'
makemod2c_inc:98: warning: ignoring old recipe for target 'NaV.c'
makemod2c_inc:166: warning: overriding recipe for target 'NaV.o'
makemod2c_inc:102: warning: ignoring old recipe for target 'NaV.o'
Translating CaDynamics.mod into /home/hrbncv/PV-SST/single_cells/cells/PV/tunes/seg_tuned/x86_64/CaDynamics.c
Translating Ca_LVA.mod into /home/hrbncv/PV-SST/single_cells/cells/PV/tunes/seg_tuned/x86_64/Ca_LVA.c
Translating Ca_HVA.mod into /home/hrbncv/PV-SST/single_cells/cells/PV/tunes/seg_tuned/x86_64/Ca_HVA.c
Thread Safe
Thread Safe
Thread Safe
make: *** No rule to make target 'Im_v2.o', needed by 'mech_lib_shared'.  Stop.
make: *** Waiting for unfinished jobs....
Translating GABA_A.mod into /home/hrbncv/PV-SST/single_cells/cells/PV/tunes/seg_tuned/x86_64/GABA_A.c
Translating Ih.mod into /home/hrbncv/PV-SST/single_cells/cells/PV/tunes/seg_tuned/x86_64/Ih.c
Thread Safe
Translating Im.mod into /home/hrbncv/PV-SST/single_cells/cells/PV/tunes/seg_tuned/x86_64/Im.c
Thread Safe
Thread Safe
Traceback (most recent call last):
  File "/home/hrbncv/miniconda3/envs/BMTK/bin/nrnivmodl", line 114, in <module>
    subprocess.check_call([exe, *sys.argv[1:]])
  File "/home/hrbncv/miniconda3/envs/BMTK/lib/python3.9/subprocess.py", line 373, in check_call
    raise CalledProcessError(retcode, cmd)
subprocess.CalledProcessError: Command '['/home/hrbncv/miniconda3/envs/BMTK/lib/python3.9/site-packages/neuron/.data/bin/nrnivmodl', 'modfiles']' returned non-zero exit status 2.
