/home/hrbncv/miniconda3/envs/BMTK/bin/nrnivmodl:10: DeprecationWarning: pkg_resources is deprecated as an API. See https://setuptools.pypa.io/en/latest/pkg_resources.html
  from pkg_resources import working_set
makemod2c_inc:146: warning: overriding recipe for target 'SK.c'
makemod2c_inc:2: warning: ignoring old recipe for target 'SK.c'
makemod2c_inc:150: warning: overriding recipe for target 'SK.o'
makemod2c_inc:6: warning: ignoring old recipe for target 'SK.o'
makemod2c_inc:162: warning: overriding recipe for target 'vecstim.c'
makemod2c_inc:26: warning: ignoring old recipe for target 'vecstim.c'
makemod2c_inc:166: warning: overriding recipe for target 'vecstim.o'
makemod2c_inc:30: warning: ignoring old recipe for target 'vecstim.o'
makemod2c_inc:170: warning: overriding recipe for target 'K_P.c'
makemod2c_inc:10: warning: ignoring old recipe for target 'K_P.c'
makemod2c_inc:174: warning: overriding recipe for target 'K_P.o'
makemod2c_inc:14: warning: ignoring old recipe for target 'K_P.o'
makemod2c_inc:178: warning: overriding recipe for target 'K_T.c'
makemod2c_inc:34: warning: ignoring old recipe for target 'K_T.c'
makemod2c_inc:182: warning: overriding recipe for target 'K_T.o'
makemod2c_inc:38: warning: ignoring old recipe for target 'K_T.o'
Warning: no DISPLAY environment variable.
--No graphics will be displayed.
NEURON: The user defined name already exists: AMPA_NMDA_STP
 near line 0
 ^
        nrn_load_dll("/home/hrbn...")
