/home/hrbncv/miniconda3/envs/BMTK/bin/nrnivmodl:10: DeprecationWarning: pkg_resources is deprecated as an API. See https://setuptools.pypa.io/en/latest/pkg_resources.html
  from pkg_resources import working_set
makemod2c_inc:146: warning: overriding recipe for target 'SK.c'
makemod2c_inc:2: warning: ignoring old recipe for target 'SK.c'
makemod2c_inc:150: warning: overriding recipe for target 'SK.o'
makemod2c_inc:6: warning: ignoring old recipe for target 'SK.o'
makemod2c_inc:162: warning: overriding recipe for target 'vecstim.c'
makemod2c_inc:26: warning: ignoring old recipe for target 'vecstim.c'
makemod2c_inc:166: warning: overriding recipe for target 'vecstim.o'
makemod2c_inc:30: warning: ignoring old recipe for target 'vecstim.o'
makemod2c_inc:170: warning: overriding recipe for target 'K_P.c'
makemod2c_inc:10: warning: ignoring old recipe for target 'K_P.c'
makemod2c_inc:174: warning: overriding recipe for target 'K_P.o'
makemod2c_inc:14: warning: ignoring old recipe for target 'K_P.o'
makemod2c_inc:178: warning: overriding recipe for target 'K_T.c'
makemod2c_inc:34: warning: ignoring old recipe for target 'K_T.c'
makemod2c_inc:182: warning: overriding recipe for target 'K_T.o'
makemod2c_inc:38: warning: ignoring old recipe for target 'K_T.o'
makemod2c_inc:186: warning: overriding recipe for target 'Kv2like.c'
makemod2c_inc:50: warning: ignoring old recipe for target 'Kv2like.c'
makemod2c_inc:190: warning: overriding recipe for target 'Kv2like.o'
makemod2c_inc:54: warning: ignoring old recipe for target 'Kv2like.o'
makemod2c_inc:194: warning: overriding recipe for target 'Kv3_1.c'
makemod2c_inc:66: warning: ignoring old recipe for target 'Kv3_1.c'
makemod2c_inc:198: warning: overriding recipe for target 'Kv3_1.o'
makemod2c_inc:70: warning: ignoring old recipe for target 'Kv3_1.o'
makemod2c_inc:202: warning: overriding recipe for target 'Nap.c'
makemod2c_inc:82: warning: ignoring old recipe for target 'Nap.c'
makemod2c_inc:206: warning: overriding recipe for target 'Nap.o'
makemod2c_inc:86: warning: ignoring old recipe for target 'Nap.o'
makemod2c_inc:210: warning: overriding recipe for target 'NaTa.c'
makemod2c_inc:98: warning: ignoring old recipe for target 'NaTa.c'
makemod2c_inc:214: warning: overriding recipe for target 'NaTa.o'
makemod2c_inc:102: warning: ignoring old recipe for target 'NaTa.o'
makemod2c_inc:218: warning: overriding recipe for target 'NaTs.c'
makemod2c_inc:114: warning: ignoring old recipe for target 'NaTs.c'
makemod2c_inc:222: warning: overriding recipe for target 'NaTs.o'
makemod2c_inc:118: warning: ignoring old recipe for target 'NaTs.o'
makemod2c_inc:226: warning: overriding recipe for target 'NaV.c'
makemod2c_inc:130: warning: ignoring old recipe for target 'NaV.c'
makemod2c_inc:230: warning: overriding recipe for target 'NaV.o'
makemod2c_inc:134: warning: ignoring old recipe for target 'NaV.o'
makemod2c_inc:234: warning: overriding recipe for target 'SK.c'
makemod2c_inc:146: warning: ignoring old recipe for target 'SK.c'
makemod2c_inc:238: warning: overriding recipe for target 'SK.o'
makemod2c_inc:150: warning: ignoring old recipe for target 'SK.o'
makemod2c_inc:242: warning: overriding recipe for target 'vecstim.c'
makemod2c_inc:162: warning: ignoring old recipe for target 'vecstim.c'
makemod2c_inc:246: warning: overriding recipe for target 'vecstim.o'
makemod2c_inc:166: warning: ignoring old recipe for target 'vecstim.o'
Warning: no DISPLAY environment variable.
--No graphics will be displayed.
NEURON: The user defined name already exists: AMPA_NMDA_STP
 near line 0
 ^
        nrn_load_dll("/home/hrbn...")
