Running: python /home/hrbncv/PV-SST/single_cells/run_pipeline.py --tune-dir /home/hrbncv/PV-SST/single_cells/cells/PV/tunes/seg_tuned --output-dir /home/hrbncv/PV-SST/single_cells/cells/PV/tunes/seg_tuned/output_data/slurm_20278/parts --n-trials 20 --output-stem slurm_20278_23 --trial-offset 460 --force-save
Loaded mechanisms from /home/hrbncv/PV-SST/single_cells/cells/PV/tunes/seg_tuned/modfiles/x86_64/.libs/libnrnmech.so
Loaded Allen cell for 'PV' from manifest.json, soma_diam_multiplier=6.0, Vinit=-71.0
Geometry defined for 'PV': 1 soma segs, 46 proximal dend segs, 41 distal dend segs, 97 total dend segs.
[trial 1/20] input_spikes: pn_exc=226 bg_exc=60 bg_inh=1283
[trial 1/20] spikes=9  rate=7.50 Hz  time=27.48s
[trial 2/20] input_spikes: pn_exc=191 bg_exc=63 bg_inh=1297
[trial 2/20] spikes=9  rate=7.50 Hz  time=27.47s
[trial 3/20] input_spikes: pn_exc=220 bg_exc=69 bg_inh=1346
[trial 3/20] spikes=6  rate=5.00 Hz  time=27.62s
[trial 4/20] input_spikes: pn_exc=240 bg_exc=64 bg_inh=1285
[trial 4/20] spikes=8  rate=6.67 Hz  time=27.21s
[trial 5/20] input_spikes: pn_exc=228 bg_exc=46 bg_inh=1287
[trial 5/20] spikes=6  rate=5.00 Hz  time=27.51s
[trial 6/20] input_spikes: pn_exc=244 bg_exc=55 bg_inh=1302
[trial 6/20] spikes=8  rate=6.67 Hz  time=27.48s
[trial 7/20] input_spikes: pn_exc=219 bg_exc=51 bg_inh=1331
[trial 7/20] spikes=7  rate=5.83 Hz  time=27.43s
[trial 8/20] input_spikes: pn_exc=241 bg_exc=49 bg_inh=1273
[trial 8/20] spikes=7  rate=5.83 Hz  time=27.42s
[trial 9/20] input_spikes: pn_exc=258 bg_exc=50 bg_inh=1304
[trial 9/20] spikes=7  rate=5.83 Hz  time=27.52s
[trial 10/20] input_spikes: pn_exc=206 bg_exc=56 bg_inh=1359
[trial 10/20] spikes=9  rate=7.50 Hz  time=27.29s
[trial 11/20] input_spikes: pn_exc=229 bg_exc=73 bg_inh=1277
[trial 11/20] spikes=11  rate=9.17 Hz  time=27.39s
[trial 12/20] input_spikes: pn_exc=207 bg_exc=45 bg_inh=1291
[trial 12/20] spikes=5  rate=4.17 Hz  time=27.49s
[trial 13/20] input_spikes: pn_exc=235 bg_exc=53 bg_inh=1277
[trial 13/20] spikes=9  rate=7.50 Hz  time=27.49s
[trial 14/20] input_spikes: pn_exc=229 bg_exc=46 bg_inh=1299
[trial 14/20] spikes=4  rate=3.33 Hz  time=27.57s
[trial 15/20] input_spikes: pn_exc=221 bg_exc=52 bg_inh=1306
[trial 15/20] spikes=9  rate=7.50 Hz  time=27.40s
[trial 16/20] input_spikes: pn_exc=247 bg_exc=59 bg_inh=1318
[trial 16/20] spikes=11  rate=9.17 Hz  time=27.29s
[trial 17/20] input_spikes: pn_exc=203 bg_exc=53 bg_inh=1303
[trial 17/20] spikes=6  rate=5.00 Hz  time=27.45s
[trial 18/20] input_spikes: pn_exc=240 bg_exc=54 bg_inh=1341
[trial 18/20] spikes=6  rate=5.00 Hz  time=27.59s
[trial 19/20] input_spikes: pn_exc=223 bg_exc=51 bg_inh=1277
[trial 19/20] spikes=9  rate=7.50 Hz  time=27.40s
[trial 20/20] input_spikes: pn_exc=240 bg_exc=52 bg_inh=1279
[trial 20/20] spikes=10  rate=8.33 Hz  time=27.41s
Results saved to /home/hrbncv/PV-SST/single_cells/cells/PV/tunes/seg_tuned/output_data/slurm_20278/parts/slurm_20278_23/run_manifest.json
Total runtime: 549.08s
