Running: python /home/hrbncv/PV-SST/single_cells/run_pipeline.py --tune-dir /home/hrbncv/PV-SST/single_cells/cells/PV/tunes/seg_tuned --output-dir /home/hrbncv/PV-SST/single_cells/cells/PV/tunes/seg_tuned/output_data/slurm_20278/parts --n-trials 20 --output-stem slurm_20278_20 --trial-offset 400 --force-save
Loaded mechanisms from /home/hrbncv/PV-SST/single_cells/cells/PV/tunes/seg_tuned/modfiles/x86_64/.libs/libnrnmech.so
Loaded Allen cell for 'PV' from manifest.json, soma_diam_multiplier=6.0, Vinit=-71.0
Geometry defined for 'PV': 1 soma segs, 46 proximal dend segs, 41 distal dend segs, 97 total dend segs.
[trial 1/20] input_spikes: pn_exc=241 bg_exc=62 bg_inh=1315
[trial 1/20] spikes=9  rate=7.50 Hz  time=27.62s
[trial 2/20] input_spikes: pn_exc=231 bg_exc=58 bg_inh=1363
[trial 2/20] spikes=10  rate=8.33 Hz  time=27.38s
[trial 3/20] input_spikes: pn_exc=208 bg_exc=47 bg_inh=1319
[trial 3/20] spikes=8  rate=6.67 Hz  time=26.97s
[trial 4/20] input_spikes: pn_exc=252 bg_exc=50 bg_inh=1305
[trial 4/20] spikes=6  rate=5.00 Hz  time=27.44s
[trial 5/20] input_spikes: pn_exc=221 bg_exc=62 bg_inh=1276
[trial 5/20] spikes=9  rate=7.50 Hz  time=27.53s
[trial 6/20] input_spikes: pn_exc=239 bg_exc=63 bg_inh=1346
[trial 6/20] spikes=9  rate=7.50 Hz  time=27.29s
[trial 7/20] input_spikes: pn_exc=220 bg_exc=60 bg_inh=1379
[trial 7/20] spikes=6  rate=5.00 Hz  time=27.24s
[trial 8/20] input_spikes: pn_exc=228 bg_exc=55 bg_inh=1338
[trial 8/20] spikes=7  rate=5.83 Hz  time=27.20s
[trial 9/20] input_spikes: pn_exc=241 bg_exc=58 bg_inh=1292
[trial 9/20] spikes=9  rate=7.50 Hz  time=27.35s
[trial 10/20] input_spikes: pn_exc=209 bg_exc=48 bg_inh=1342
[trial 10/20] spikes=7  rate=5.83 Hz  time=27.50s
[trial 11/20] input_spikes: pn_exc=220 bg_exc=63 bg_inh=1322
[trial 11/20] spikes=10  rate=8.33 Hz  time=27.06s
[trial 12/20] input_spikes: pn_exc=257 bg_exc=65 bg_inh=1279
[trial 12/20] spikes=9  rate=7.50 Hz  time=27.01s
[trial 13/20] input_spikes: pn_exc=218 bg_exc=54 bg_inh=1253
[trial 13/20] spikes=8  rate=6.67 Hz  time=27.83s
[trial 14/20] input_spikes: pn_exc=216 bg_exc=51 bg_inh=1267
[trial 14/20] spikes=6  rate=5.00 Hz  time=27.33s
[trial 15/20] input_spikes: pn_exc=218 bg_exc=46 bg_inh=1294
[trial 15/20] spikes=4  rate=3.33 Hz  time=27.06s
[trial 16/20] input_spikes: pn_exc=224 bg_exc=63 bg_inh=1312
[trial 16/20] spikes=10  rate=8.33 Hz  time=27.43s
[trial 17/20] input_spikes: pn_exc=255 bg_exc=48 bg_inh=1380
[trial 17/20] spikes=5  rate=4.17 Hz  time=27.45s
[trial 18/20] input_spikes: pn_exc=218 bg_exc=55 bg_inh=1274
[trial 18/20] spikes=8  rate=6.67 Hz  time=27.32s
[trial 19/20] input_spikes: pn_exc=216 bg_exc=54 bg_inh=1362
[trial 19/20] spikes=7  rate=5.83 Hz  time=27.39s
[trial 20/20] input_spikes: pn_exc=219 bg_exc=52 bg_inh=1262
[trial 20/20] spikes=10  rate=8.33 Hz  time=27.11s
Results saved to /home/hrbncv/PV-SST/single_cells/cells/PV/tunes/seg_tuned/output_data/slurm_20278/parts/slurm_20278_20/run_manifest.json
Total runtime: 546.70s
