Running: python /home/hrbncv/PV-SST/single_cells/run_pipeline.py --tune-dir /home/hrbncv/PV-SST/single_cells/cells/PV/tunes/seg_tuned --output-dir /home/hrbncv/PV-SST/single_cells/cells/PV/tunes/seg_tuned/output_data/slurm_20278/parts --n-trials 20 --output-stem slurm_20278_16 --trial-offset 320 --force-save
Loaded mechanisms from /home/hrbncv/PV-SST/single_cells/cells/PV/tunes/seg_tuned/modfiles/x86_64/.libs/libnrnmech.so
Loaded Allen cell for 'PV' from manifest.json, soma_diam_multiplier=6.0, Vinit=-71.0
Geometry defined for 'PV': 1 soma segs, 46 proximal dend segs, 41 distal dend segs, 97 total dend segs.
[trial 1/20] input_spikes: pn_exc=226 bg_exc=47 bg_inh=1291
[trial 1/20] spikes=8  rate=6.67 Hz  time=27.77s
[trial 2/20] input_spikes: pn_exc=242 bg_exc=66 bg_inh=1298
[trial 2/20] spikes=10  rate=8.33 Hz  time=27.92s
[trial 3/20] input_spikes: pn_exc=235 bg_exc=55 bg_inh=1334
[trial 3/20] spikes=7  rate=5.83 Hz  time=27.95s
[trial 4/20] input_spikes: pn_exc=217 bg_exc=53 bg_inh=1338
[trial 4/20] spikes=5  rate=4.17 Hz  time=27.95s
[trial 5/20] input_spikes: pn_exc=244 bg_exc=74 bg_inh=1301
[trial 5/20] spikes=10  rate=8.33 Hz  time=27.71s
[trial 6/20] input_spikes: pn_exc=244 bg_exc=49 bg_inh=1341
[trial 6/20] spikes=10  rate=8.33 Hz  time=27.84s
[trial 7/20] input_spikes: pn_exc=219 bg_exc=54 bg_inh=1346
[trial 7/20] spikes=5  rate=4.17 Hz  time=28.52s
[trial 8/20] input_spikes: pn_exc=234 bg_exc=63 bg_inh=1310
[trial 8/20] spikes=8  rate=6.67 Hz  time=27.95s
[trial 9/20] input_spikes: pn_exc=213 bg_exc=47 bg_inh=1279
[trial 9/20] spikes=4  rate=3.33 Hz  time=27.80s
[trial 10/20] input_spikes: pn_exc=229 bg_exc=49 bg_inh=1271
[trial 10/20] spikes=4  rate=3.33 Hz  time=28.54s
[trial 11/20] input_spikes: pn_exc=227 bg_exc=65 bg_inh=1309
[trial 11/20] spikes=9  rate=7.50 Hz  time=27.96s
[trial 12/20] input_spikes: pn_exc=220 bg_exc=49 bg_inh=1293
[trial 12/20] spikes=10  rate=8.33 Hz  time=27.93s
[trial 13/20] input_spikes: pn_exc=231 bg_exc=59 bg_inh=1311
[trial 13/20] spikes=5  rate=4.17 Hz  time=27.67s
[trial 14/20] input_spikes: pn_exc=222 bg_exc=56 bg_inh=1304
[trial 14/20] spikes=6  rate=5.00 Hz  time=28.12s
[trial 15/20] input_spikes: pn_exc=235 bg_exc=64 bg_inh=1355
[trial 15/20] spikes=12  rate=10.00 Hz  time=27.97s
[trial 16/20] input_spikes: pn_exc=248 bg_exc=46 bg_inh=1330
[trial 16/20] spikes=8  rate=6.67 Hz  time=28.36s
[trial 17/20] input_spikes: pn_exc=217 bg_exc=57 bg_inh=1297
[trial 17/20] spikes=8  rate=6.67 Hz  time=27.87s
[trial 18/20] input_spikes: pn_exc=232 bg_exc=52 bg_inh=1341
[trial 18/20] spikes=8  rate=6.67 Hz  time=27.74s
[trial 19/20] input_spikes: pn_exc=222 bg_exc=63 bg_inh=1272
[trial 19/20] spikes=12  rate=10.00 Hz  time=27.89s
[trial 20/20] input_spikes: pn_exc=237 bg_exc=50 bg_inh=1293
[trial 20/20] spikes=5  rate=4.17 Hz  time=27.36s
Results saved to /home/hrbncv/PV-SST/single_cells/cells/PV/tunes/seg_tuned/output_data/slurm_20278/parts/slurm_20278_16/run_manifest.json
Total runtime: 559.00s
