Running: python /home/hrbncv/PV-SST/single_cells/run_pipeline.py --tune-dir /home/hrbncv/PV-SST/single_cells/cells/PV/tunes/seg_tuned --output-dir /home/hrbncv/PV-SST/single_cells/cells/PV/tunes/seg_tuned/output_data/slurm_20278/parts --n-trials 20 --output-stem slurm_20278_11 --trial-offset 220 --force-save
Loaded mechanisms from /home/hrbncv/PV-SST/single_cells/cells/PV/tunes/seg_tuned/modfiles/x86_64/.libs/libnrnmech.so
Loaded Allen cell for 'PV' from manifest.json, soma_diam_multiplier=6.0, Vinit=-71.0
Geometry defined for 'PV': 1 soma segs, 46 proximal dend segs, 41 distal dend segs, 97 total dend segs.
[trial 1/20] input_spikes: pn_exc=223 bg_exc=50 bg_inh=1283
[trial 1/20] spikes=7  rate=5.83 Hz  time=26.90s
[trial 2/20] input_spikes: pn_exc=229 bg_exc=50 bg_inh=1263
[trial 2/20] spikes=7  rate=5.83 Hz  time=27.04s
[trial 3/20] input_spikes: pn_exc=204 bg_exc=43 bg_inh=1258
[trial 3/20] spikes=6  rate=5.00 Hz  time=26.62s
[trial 4/20] input_spikes: pn_exc=238 bg_exc=57 bg_inh=1299
[trial 4/20] spikes=8  rate=6.67 Hz  time=26.96s
[trial 5/20] input_spikes: pn_exc=211 bg_exc=50 bg_inh=1304
[trial 5/20] spikes=6  rate=5.00 Hz  time=27.00s
[trial 6/20] input_spikes: pn_exc=247 bg_exc=52 bg_inh=1255
[trial 6/20] spikes=11  rate=9.17 Hz  time=26.92s
[trial 7/20] input_spikes: pn_exc=215 bg_exc=56 bg_inh=1284
[trial 7/20] spikes=8  rate=6.67 Hz  time=27.19s
[trial 8/20] input_spikes: pn_exc=215 bg_exc=61 bg_inh=1293
[trial 8/20] spikes=8  rate=6.67 Hz  time=27.00s
[trial 9/20] input_spikes: pn_exc=223 bg_exc=49 bg_inh=1302
[trial 9/20] spikes=8  rate=6.67 Hz  time=26.99s
[trial 10/20] input_spikes: pn_exc=231 bg_exc=53 bg_inh=1312
[trial 10/20] spikes=8  rate=6.67 Hz  time=26.87s
[trial 11/20] input_spikes: pn_exc=240 bg_exc=59 bg_inh=1297
[trial 11/20] spikes=5  rate=4.17 Hz  time=27.05s
[trial 12/20] input_spikes: pn_exc=231 bg_exc=44 bg_inh=1267
[trial 12/20] spikes=5  rate=4.17 Hz  time=26.98s
[trial 13/20] input_spikes: pn_exc=244 bg_exc=59 bg_inh=1297
[trial 13/20] spikes=9  rate=7.50 Hz  time=26.96s
[trial 14/20] input_spikes: pn_exc=225 bg_exc=62 bg_inh=1251
[trial 14/20] spikes=11  rate=9.17 Hz  time=27.03s
[trial 15/20] input_spikes: pn_exc=234 bg_exc=43 bg_inh=1321
[trial 15/20] spikes=11  rate=9.17 Hz  time=26.84s
[trial 16/20] input_spikes: pn_exc=221 bg_exc=65 bg_inh=1381
[trial 16/20] spikes=7  rate=5.83 Hz  time=26.94s
[trial 17/20] input_spikes: pn_exc=231 bg_exc=64 bg_inh=1264
[trial 17/20] spikes=8  rate=6.67 Hz  time=27.02s
[trial 18/20] input_spikes: pn_exc=232 bg_exc=64 bg_inh=1321
[trial 18/20] spikes=7  rate=5.83 Hz  time=27.08s
[trial 19/20] input_spikes: pn_exc=214 bg_exc=44 bg_inh=1301
[trial 19/20] spikes=5  rate=4.17 Hz  time=27.06s
[trial 20/20] input_spikes: pn_exc=227 bg_exc=35 bg_inh=1360
[trial 20/20] spikes=9  rate=7.50 Hz  time=27.15s
Results saved to /home/hrbncv/PV-SST/single_cells/cells/PV/tunes/seg_tuned/output_data/slurm_20278/parts/slurm_20278_11/run_manifest.json
Total runtime: 539.79s
