Running: python /home/hrbncv/PV-SST/single_cells/run_pipeline.py --tune-dir /home/hrbncv/PV-SST/single_cells/cells/PV/tunes/seg_tuned --output-dir /home/hrbncv/PV-SST/single_cells/cells/PV/tunes/seg_tuned/output_data/slurm_20278/parts --n-trials 20 --output-stem slurm_20278_15 --trial-offset 300 --force-save
Loaded mechanisms from /home/hrbncv/PV-SST/single_cells/cells/PV/tunes/seg_tuned/modfiles/x86_64/.libs/libnrnmech.so
Loaded Allen cell for 'PV' from manifest.json, soma_diam_multiplier=6.0, Vinit=-71.0
Geometry defined for 'PV': 1 soma segs, 46 proximal dend segs, 41 distal dend segs, 97 total dend segs.
[trial 1/20] input_spikes: pn_exc=215 bg_exc=56 bg_inh=1340
[trial 1/20] spikes=7  rate=5.83 Hz  time=28.20s
[trial 2/20] input_spikes: pn_exc=196 bg_exc=56 bg_inh=1315
[trial 2/20] spikes=10  rate=8.33 Hz  time=28.18s
[trial 3/20] input_spikes: pn_exc=210 bg_exc=56 bg_inh=1312
[trial 3/20] spikes=8  rate=6.67 Hz  time=28.13s
[trial 4/20] input_spikes: pn_exc=200 bg_exc=49 bg_inh=1319
[trial 4/20] spikes=6  rate=5.00 Hz  time=28.08s
[trial 5/20] input_spikes: pn_exc=247 bg_exc=60 bg_inh=1282
[trial 5/20] spikes=6  rate=5.00 Hz  time=28.19s
[trial 6/20] input_spikes: pn_exc=221 bg_exc=52 bg_inh=1297
[trial 6/20] spikes=6  rate=5.00 Hz  time=28.09s
[trial 7/20] input_spikes: pn_exc=239 bg_exc=54 bg_inh=1292
[trial 7/20] spikes=6  rate=5.00 Hz  time=28.03s
[trial 8/20] input_spikes: pn_exc=251 bg_exc=56 bg_inh=1304
[trial 8/20] spikes=7  rate=5.83 Hz  time=27.94s
[trial 9/20] input_spikes: pn_exc=217 bg_exc=45 bg_inh=1338
[trial 9/20] spikes=9  rate=7.50 Hz  time=27.90s
[trial 10/20] input_spikes: pn_exc=217 bg_exc=52 bg_inh=1301
[trial 10/20] spikes=9  rate=7.50 Hz  time=27.99s
[trial 11/20] input_spikes: pn_exc=238 bg_exc=54 bg_inh=1255
[trial 11/20] spikes=12  rate=10.00 Hz  time=27.89s
[trial 12/20] input_spikes: pn_exc=219 bg_exc=56 bg_inh=1263
[trial 12/20] spikes=7  rate=5.83 Hz  time=28.03s
[trial 13/20] input_spikes: pn_exc=199 bg_exc=55 bg_inh=1276
[trial 13/20] spikes=8  rate=6.67 Hz  time=28.16s
[trial 14/20] input_spikes: pn_exc=226 bg_exc=56 bg_inh=1316
[trial 14/20] spikes=10  rate=8.33 Hz  time=27.86s
[trial 15/20] input_spikes: pn_exc=230 bg_exc=45 bg_inh=1298
[trial 15/20] spikes=6  rate=5.00 Hz  time=27.74s
[trial 16/20] input_spikes: pn_exc=229 bg_exc=56 bg_inh=1292
[trial 16/20] spikes=7  rate=5.83 Hz  time=27.93s
[trial 17/20] input_spikes: pn_exc=236 bg_exc=56 bg_inh=1369
[trial 17/20] spikes=7  rate=5.83 Hz  time=27.79s
[trial 18/20] input_spikes: pn_exc=227 bg_exc=60 bg_inh=1319
[trial 18/20] spikes=7  rate=5.83 Hz  time=28.05s
[trial 19/20] input_spikes: pn_exc=209 bg_exc=56 bg_inh=1284
[trial 19/20] spikes=7  rate=5.83 Hz  time=27.88s
[trial 20/20] input_spikes: pn_exc=243 bg_exc=67 bg_inh=1379
[trial 20/20] spikes=11  rate=9.17 Hz  time=27.56s
Results saved to /home/hrbncv/PV-SST/single_cells/cells/PV/tunes/seg_tuned/output_data/slurm_20278/parts/slurm_20278_15/run_manifest.json
Total runtime: 559.81s
