Running: python /home/hrbncv/PV-SST/single_cells/run_pipeline.py --tune-dir /home/hrbncv/PV-SST/single_cells/cells/PV/tunes/seg_tuned --output-dir /home/hrbncv/PV-SST/single_cells/cells/PV/tunes/seg_tuned/output_data/slurm_20278/parts --n-trials 20 --output-stem slurm_20278_6 --trial-offset 120 --force-save
Loaded mechanisms from /home/hrbncv/PV-SST/single_cells/cells/PV/tunes/seg_tuned/modfiles/x86_64/.libs/libnrnmech.so
Loaded Allen cell for 'PV' from manifest.json, soma_diam_multiplier=6.0, Vinit=-71.0
Geometry defined for 'PV': 1 soma segs, 46 proximal dend segs, 41 distal dend segs, 97 total dend segs.
[trial 1/20] input_spikes: pn_exc=221 bg_exc=43 bg_inh=1322
[trial 1/20] spikes=5  rate=4.17 Hz  time=27.75s
[trial 2/20] input_spikes: pn_exc=208 bg_exc=60 bg_inh=1325
[trial 2/20] spikes=8  rate=6.67 Hz  time=27.71s
[trial 3/20] input_spikes: pn_exc=211 bg_exc=62 bg_inh=1245
[trial 3/20] spikes=11  rate=9.17 Hz  time=27.75s
[trial 4/20] input_spikes: pn_exc=210 bg_exc=57 bg_inh=1313
[trial 4/20] spikes=8  rate=6.67 Hz  time=27.44s
[trial 5/20] input_spikes: pn_exc=233 bg_exc=61 bg_inh=1296
[trial 5/20] spikes=8  rate=6.67 Hz  time=27.67s
[trial 6/20] input_spikes: pn_exc=226 bg_exc=72 bg_inh=1234
[trial 6/20] spikes=10  rate=8.33 Hz  time=27.76s
[trial 7/20] input_spikes: pn_exc=231 bg_exc=57 bg_inh=1363
[trial 7/20] spikes=7  rate=5.83 Hz  time=27.42s
[trial 8/20] input_spikes: pn_exc=207 bg_exc=55 bg_inh=1289
[trial 8/20] spikes=8  rate=6.67 Hz  time=27.32s
[trial 9/20] input_spikes: pn_exc=226 bg_exc=56 bg_inh=1333
[trial 9/20] spikes=9  rate=7.50 Hz  time=27.54s
[trial 10/20] input_spikes: pn_exc=208 bg_exc=60 bg_inh=1311
[trial 10/20] spikes=7  rate=5.83 Hz  time=27.64s
[trial 11/20] input_spikes: pn_exc=191 bg_exc=47 bg_inh=1334
[trial 11/20] spikes=4  rate=3.33 Hz  time=27.39s
[trial 12/20] input_spikes: pn_exc=204 bg_exc=66 bg_inh=1316
[trial 12/20] spikes=8  rate=6.67 Hz  time=27.57s
[trial 13/20] input_spikes: pn_exc=206 bg_exc=60 bg_inh=1348
[trial 13/20] spikes=12  rate=10.00 Hz  time=27.71s
[trial 14/20] input_spikes: pn_exc=215 bg_exc=61 bg_inh=1228
[trial 14/20] spikes=9  rate=7.50 Hz  time=27.48s
[trial 15/20] input_spikes: pn_exc=244 bg_exc=56 bg_inh=1309
[trial 15/20] spikes=10  rate=8.33 Hz  time=27.61s
[trial 16/20] input_spikes: pn_exc=232 bg_exc=55 bg_inh=1297
[trial 16/20] spikes=6  rate=5.00 Hz  time=27.28s
[trial 17/20] input_spikes: pn_exc=228 bg_exc=59 bg_inh=1275
[trial 17/20] spikes=9  rate=7.50 Hz  time=27.55s
[trial 18/20] input_spikes: pn_exc=230 bg_exc=60 bg_inh=1301
[trial 18/20] spikes=7  rate=5.83 Hz  time=27.64s
[trial 19/20] input_spikes: pn_exc=243 bg_exc=47 bg_inh=1222
[trial 19/20] spikes=9  rate=7.50 Hz  time=27.41s
[trial 20/20] input_spikes: pn_exc=238 bg_exc=51 bg_inh=1246
[trial 20/20] spikes=7  rate=5.83 Hz  time=27.39s
Results saved to /home/hrbncv/PV-SST/single_cells/cells/PV/tunes/seg_tuned/output_data/slurm_20278/parts/slurm_20278_6/run_manifest.json
Total runtime: 551.22s
