Running: python /home/hrbncv/PV-SST/single_cells/run_pipeline.py --tune-dir /home/hrbncv/PV-SST/single_cells/cells/PV/tunes/seg_tuned --output-dir /home/hrbncv/PV-SST/single_cells/cells/PV/tunes/seg_tuned/output_data/slurm_20278/parts --n-trials 20 --output-stem slurm_20278_8 --trial-offset 160 --force-save
Loaded mechanisms from /home/hrbncv/PV-SST/single_cells/cells/PV/tunes/seg_tuned/modfiles/x86_64/.libs/libnrnmech.so
Loaded Allen cell for 'PV' from manifest.json, soma_diam_multiplier=6.0, Vinit=-71.0
Geometry defined for 'PV': 1 soma segs, 46 proximal dend segs, 41 distal dend segs, 97 total dend segs.
[trial 1/20] input_spikes: pn_exc=225 bg_exc=66 bg_inh=1326
[trial 1/20] spikes=10  rate=8.33 Hz  time=27.24s
[trial 2/20] input_spikes: pn_exc=251 bg_exc=56 bg_inh=1327
[trial 2/20] spikes=7  rate=5.83 Hz  time=27.05s
[trial 3/20] input_spikes: pn_exc=205 bg_exc=67 bg_inh=1277
[trial 3/20] spikes=8  rate=6.67 Hz  time=27.11s
[trial 4/20] input_spikes: pn_exc=238 bg_exc=47 bg_inh=1288
[trial 4/20] spikes=9  rate=7.50 Hz  time=27.10s
[trial 5/20] input_spikes: pn_exc=249 bg_exc=60 bg_inh=1333
[trial 5/20] spikes=12  rate=10.00 Hz  time=27.13s
[trial 6/20] input_spikes: pn_exc=223 bg_exc=50 bg_inh=1356
[trial 6/20] spikes=7  rate=5.83 Hz  time=27.09s
[trial 7/20] input_spikes: pn_exc=221 bg_exc=54 bg_inh=1297
[trial 7/20] spikes=6  rate=5.00 Hz  time=26.99s
[trial 8/20] input_spikes: pn_exc=236 bg_exc=41 bg_inh=1332
[trial 8/20] spikes=7  rate=5.83 Hz  time=26.86s
[trial 9/20] input_spikes: pn_exc=212 bg_exc=54 bg_inh=1345
[trial 9/20] spikes=7  rate=5.83 Hz  time=26.95s
[trial 10/20] input_spikes: pn_exc=213 bg_exc=48 bg_inh=1319
[trial 10/20] spikes=6  rate=5.00 Hz  time=26.95s
[trial 11/20] input_spikes: pn_exc=231 bg_exc=52 bg_inh=1308
[trial 11/20] spikes=8  rate=6.67 Hz  time=27.00s
[trial 12/20] input_spikes: pn_exc=239 bg_exc=57 bg_inh=1332
[trial 12/20] spikes=8  rate=6.67 Hz  time=27.06s
[trial 13/20] input_spikes: pn_exc=207 bg_exc=49 bg_inh=1319
[trial 13/20] spikes=6  rate=5.00 Hz  time=27.00s
[trial 14/20] input_spikes: pn_exc=196 bg_exc=53 bg_inh=1302
[trial 14/20] spikes=6  rate=5.00 Hz  time=26.89s
[trial 15/20] input_spikes: pn_exc=240 bg_exc=59 bg_inh=1357
[trial 15/20] spikes=7  rate=5.83 Hz  time=26.94s
[trial 16/20] input_spikes: pn_exc=211 bg_exc=45 bg_inh=1315
[trial 16/20] spikes=8  rate=6.67 Hz  time=26.84s
[trial 17/20] input_spikes: pn_exc=227 bg_exc=52 bg_inh=1276
[trial 17/20] spikes=6  rate=5.00 Hz  time=26.92s
[trial 18/20] input_spikes: pn_exc=223 bg_exc=47 bg_inh=1340
[trial 18/20] spikes=8  rate=6.67 Hz  time=26.97s
[trial 19/20] input_spikes: pn_exc=222 bg_exc=63 bg_inh=1365
[trial 19/20] spikes=11  rate=9.17 Hz  time=27.14s
[trial 20/20] input_spikes: pn_exc=223 bg_exc=56 bg_inh=1286
[trial 20/20] spikes=7  rate=5.83 Hz  time=27.00s
Results saved to /home/hrbncv/PV-SST/single_cells/cells/PV/tunes/seg_tuned/output_data/slurm_20278/parts/slurm_20278_8/run_manifest.json
Total runtime: 540.41s
