Running: python /home/hrbncv/SCP/run_pipeline.py --tune-dir /home/hrbncv/SCP/cells/SST/tunes/seg_tuned_all --output-dir /home/hrbncv/SCP/cells/SST/tunes/seg_tuned_all/output_data/slurm_29750/parts --n-trials 40 --output-stem slurm_29750_19 --trial-offset 760 --force-save
Loaded mechanisms from /home/hrbncv/SCP/cells/SST/tunes/seg_tuned_all/modfiles/x86_64/.libs/libnrnmech.so
Loaded Allen cell for 'SST' from /home/hrbncv/SCP/cells/SST/tunes/seg_tuned_all/manifest.json, soma_diam_multiplier=10.0, Vinit=-65.0, loader=genome_fallback
Geometry defined for 'SST': 1 soma segs, 54 proximal dend segs, 52 distal dend segs, 115 total dend segs.
[trial 1/40] input_spikes: pn_exc=1412 bg_exc=2171 bg_inh=387
[trial 1/40] spikes=5  rate=4.17 Hz  time=23.36s
[trial 2/40] input_spikes: pn_exc=1600 bg_exc=2978 bg_inh=488
[trial 2/40] spikes=2  rate=1.67 Hz  time=23.54s
[trial 3/40] input_spikes: pn_exc=1647 bg_exc=2743 bg_inh=425
[trial 3/40] spikes=5  rate=4.17 Hz  time=23.29s
[trial 4/40] input_spikes: pn_exc=1610 bg_exc=2909 bg_inh=464
[trial 4/40] spikes=5  rate=4.17 Hz  time=23.11s
[trial 5/40] input_spikes: pn_exc=1460 bg_exc=2510 bg_inh=417
[trial 5/40] spikes=5  rate=4.17 Hz  time=22.93s
[trial 6/40] input_spikes: pn_exc=1639 bg_exc=3002 bg_inh=485
[trial 6/40] spikes=1  rate=0.83 Hz  time=23.03s
[trial 7/40] input_spikes: pn_exc=1492 bg_exc=2510 bg_inh=370
[trial 7/40] spikes=5  rate=4.17 Hz  time=22.83s
[trial 8/40] input_spikes: pn_exc=1644 bg_exc=2959 bg_inh=511
[trial 8/40] spikes=3  rate=2.50 Hz  time=23.06s
[trial 9/40] input_spikes: pn_exc=1651 bg_exc=2943 bg_inh=444
[trial 9/40] spikes=5  rate=4.17 Hz  time=23.28s
[trial 10/40] input_spikes: pn_exc=1571 bg_exc=2829 bg_inh=445
[trial 10/40] spikes=5  rate=4.17 Hz  time=22.86s
[trial 11/40] input_spikes: pn_exc=1462 bg_exc=2549 bg_inh=397
[trial 11/40] spikes=3  rate=2.50 Hz  time=23.46s
[trial 12/40] input_spikes: pn_exc=1571 bg_exc=2901 bg_inh=444
[trial 12/40] spikes=5  rate=4.17 Hz  time=23.58s
[trial 13/40] input_spikes: pn_exc=1560 bg_exc=2603 bg_inh=431
[trial 13/40] spikes=4  rate=3.33 Hz  time=23.38s
[trial 14/40] input_spikes: pn_exc=1636 bg_exc=2970 bg_inh=508
[trial 14/40] spikes=1  rate=0.83 Hz  time=23.45s
[trial 15/40] input_spikes: pn_exc=1595 bg_exc=2871 bg_inh=476
[trial 15/40] spikes=4  rate=3.33 Hz  time=23.44s
[trial 16/40] input_spikes: pn_exc=1638 bg_exc=2980 bg_inh=455
[trial 16/40] spikes=4  rate=3.33 Hz  time=23.38s
[trial 17/40] input_spikes: pn_exc=1659 bg_exc=2894 bg_inh=457
[trial 17/40] spikes=5  rate=4.17 Hz  time=23.36s
[trial 18/40] input_spikes: pn_exc=1588 bg_exc=2944 bg_inh=485
[trial 18/40] spikes=4  rate=3.33 Hz  time=23.45s
[trial 19/40] input_spikes: pn_exc=1556 bg_exc=2913 bg_inh=477
[trial 19/40] spikes=1  rate=0.83 Hz  time=23.44s
[trial 20/40] input_spikes: pn_exc=1624 bg_exc=2847 bg_inh=425
[trial 20/40] spikes=6  rate=5.00 Hz  time=23.31s
[trial 21/40] input_spikes: pn_exc=1641 bg_exc=2900 bg_inh=463
[trial 21/40] spikes=4  rate=3.33 Hz  time=23.36s
[trial 22/40] input_spikes: pn_exc=1501 bg_exc=2581 bg_inh=409
[trial 22/40] spikes=5  rate=4.17 Hz  time=23.40s
[trial 23/40] input_spikes: pn_exc=1642 bg_exc=3014 bg_inh=502
[trial 23/40] spikes=2  rate=1.67 Hz  time=23.41s
[trial 24/40] input_spikes: pn_exc=1562 bg_exc=2702 bg_inh=473
[trial 24/40] spikes=3  rate=2.50 Hz  time=23.63s
[trial 25/40] input_spikes: pn_exc=1595 bg_exc=2739 bg_inh=428
[trial 25/40] spikes=4  rate=3.33 Hz  time=23.49s
[trial 26/40] input_spikes: pn_exc=1484 bg_exc=2420 bg_inh=380
[trial 26/40] spikes=5  rate=4.17 Hz  time=23.31s
[trial 27/40] input_spikes: pn_exc=1542 bg_exc=3157 bg_inh=482
[trial 27/40] spikes=3  rate=2.50 Hz  time=23.45s
[trial 28/40] input_spikes: pn_exc=1582 bg_exc=2898 bg_inh=480
[trial 28/40] spikes=5  rate=4.17 Hz  time=23.47s
[trial 29/40] input_spikes: pn_exc=1431 bg_exc=2440 bg_inh=410
[trial 29/40] spikes=3  rate=2.50 Hz  time=23.35s
[trial 30/40] input_spikes: pn_exc=1580 bg_exc=2791 bg_inh=444
[trial 30/40] spikes=5  rate=4.17 Hz  time=23.36s
[trial 31/40] input_spikes: pn_exc=1547 bg_exc=2706 bg_inh=457
[trial 31/40] spikes=5  rate=4.17 Hz  time=23.32s
[trial 32/40] input_spikes: pn_exc=1600 bg_exc=2886 bg_inh=473
[trial 32/40] spikes=3  rate=2.50 Hz  time=23.50s
[trial 33/40] input_spikes: pn_exc=1450 bg_exc=2697 bg_inh=489
[trial 33/40] spikes=4  rate=3.33 Hz  time=23.42s
[trial 34/40] input_spikes: pn_exc=1567 bg_exc=2952 bg_inh=430
[trial 34/40] spikes=3  rate=2.50 Hz  time=23.68s
[trial 35/40] input_spikes: pn_exc=1341 bg_exc=2317 bg_inh=385
[trial 35/40] spikes=4  rate=3.33 Hz  time=23.36s
[trial 36/40] input_spikes: pn_exc=1584 bg_exc=2953 bg_inh=426
[trial 36/40] spikes=4  rate=3.33 Hz  time=23.48s
[trial 37/40] input_spikes: pn_exc=1542 bg_exc=2791 bg_inh=446
[trial 37/40] spikes=5  rate=4.17 Hz  time=23.29s
[trial 38/40] input_spikes: pn_exc=1578 bg_exc=2855 bg_inh=485
[trial 38/40] spikes=3  rate=2.50 Hz  time=23.42s
[trial 39/40] input_spikes: pn_exc=1486 bg_exc=2869 bg_inh=419
[trial 39/40] spikes=4  rate=3.33 Hz  time=23.34s
[trial 40/40] input_spikes: pn_exc=1587 bg_exc=2780 bg_inh=442
[trial 40/40] spikes=2  rate=1.67 Hz  time=23.26s
Results saved to /home/hrbncv/SCP/cells/SST/tunes/seg_tuned_all/output_data/slurm_29750/parts/slurm_29750_19/run_manifest.json
Total runtime: 934.14s
