Running: python /home/hrbncv/SCP/run_pipeline.py --tune-dir /home/hrbncv/SCP/cells/PV/tunes/seg_tuned --output-dir /home/hrbncv/SCP/cells/PV/tunes/seg_tuned/output_data/slurm_32387/parts --n-trials 20 --output-stem slurm_32387_46 --trial-offset 920 --force-save
Mechanisms already loaded; skipping duplicate load.
Loaded Allen cell for 'PV' from /home/hrbncv/SCP/cells/PV/tunes/seg_tuned/manifest.json, soma_diam_multiplier=6.0, Vinit=-71.0, loader=allensdk_default
Geometry defined for 'PV': 1 soma segs, 46 proximal dend segs, 41 distal dend segs, 97 total dend segs.
[trial 1/20] input_spikes: pn_exc=2774 bg_exc=855 bg_inh=207
[trial 1/20] spikes=14  rate=14.00 Hz  time=30.43s
[trial 2/20] input_spikes: pn_exc=2758 bg_exc=874 bg_inh=209
[trial 2/20] spikes=12  rate=12.00 Hz  time=30.38s
[trial 3/20] input_spikes: pn_exc=2756 bg_exc=841 bg_inh=201
[trial 3/20] spikes=12  rate=12.00 Hz  time=28.27s
[trial 4/20] input_spikes: pn_exc=2927 bg_exc=865 bg_inh=215
[trial 4/20] spikes=13  rate=13.00 Hz  time=28.84s
[trial 5/20] input_spikes: pn_exc=2642 bg_exc=823 bg_inh=212
[trial 5/20] spikes=11  rate=11.00 Hz  time=28.68s
[trial 6/20] input_spikes: pn_exc=2656 bg_exc=853 bg_inh=206
[trial 6/20] spikes=10  rate=10.00 Hz  time=27.98s
[trial 7/20] input_spikes: pn_exc=2850 bg_exc=861 bg_inh=220
[trial 7/20] spikes=13  rate=13.00 Hz  time=29.13s
[trial 8/20] input_spikes: pn_exc=2675 bg_exc=862 bg_inh=243
[trial 8/20] spikes=11  rate=11.00 Hz  time=28.95s
[trial 9/20] input_spikes: pn_exc=2724 bg_exc=800 bg_inh=200
[trial 9/20] spikes=11  rate=11.00 Hz  time=28.54s
[trial 10/20] input_spikes: pn_exc=2642 bg_exc=820 bg_inh=208
[trial 10/20] spikes=12  rate=12.00 Hz  time=28.94s
[trial 11/20] input_spikes: pn_exc=2852 bg_exc=853 bg_inh=218
[trial 11/20] spikes=12  rate=12.00 Hz  time=28.85s
[trial 12/20] input_spikes: pn_exc=2748 bg_exc=806 bg_inh=199
[trial 12/20] spikes=11  rate=11.00 Hz  time=28.41s
[trial 13/20] input_spikes: pn_exc=2654 bg_exc=731 bg_inh=191
[trial 13/20] spikes=12  rate=12.00 Hz  time=28.90s
[trial 14/20] input_spikes: pn_exc=2766 bg_exc=885 bg_inh=213
[trial 14/20] spikes=13  rate=13.00 Hz  time=28.60s
[trial 15/20] input_spikes: pn_exc=2779 bg_exc=867 bg_inh=200
[trial 15/20] spikes=12  rate=12.00 Hz  time=28.28s
[trial 16/20] input_spikes: pn_exc=2725 bg_exc=821 bg_inh=201
[trial 16/20] spikes=12  rate=12.00 Hz  time=29.05s
[trial 17/20] input_spikes: pn_exc=2751 bg_exc=816 bg_inh=186
[trial 17/20] spikes=13  rate=13.00 Hz  time=28.78s
[trial 18/20] input_spikes: pn_exc=2829 bg_exc=914 bg_inh=224
[trial 18/20] spikes=11  rate=11.00 Hz  time=28.42s
[trial 19/20] input_spikes: pn_exc=2693 bg_exc=823 bg_inh=213
[trial 19/20] spikes=13  rate=13.00 Hz  time=29.04s
[trial 20/20] input_spikes: pn_exc=2725 bg_exc=850 bg_inh=214
[trial 20/20] spikes=11  rate=11.00 Hz  time=28.70s
save_plots single_plot warning: Top input panel: group list empty, auto-using all groups (3).
save_plots single_plot warning: Input raster panel: group list empty, auto-using all groups (3).
Results saved to /home/hrbncv/SCP/cells/PV/tunes/seg_tuned/output_data/slurm_32387/parts/slurm_32387_46/run_manifest.json
Total runtime: 691.80s
