Running: /home/hrbncv/miniconda3/envs/BMTK-py311/bin/python /home/hrbncv/SCP/run_pipeline.py --tune-dir /home/hrbncv/SCP/cells/SST/tunes/seg_tuned --output-dir /home/hrbncv/SCP/cells/SST/tunes/seg_tuned/output_data/slurm_45349/parts --n-trials 20 --output-stem slurm_45349_14 --trial-offset 280 --force-save
Loaded mechanisms from /home/hrbncv/SCP/cells/SST/tunes/seg_tuned/modfiles/x86_64/.libs/libnrnmech.so
Loaded Allen cell for 'SST' from /home/hrbncv/SCP/cells/SST/tunes/seg_tuned/manifest.json, soma_diam_multiplier=10.0, Vinit=-65.0, loader=genome_fallback
Geometry defined for 'SST': 1 soma segs, 54 proximal dend segs, 52 distal dend segs, 115 total dend segs.
[trial 1/20] input_spikes: pn_exc=1734 bg_exc=2409 bg_inh=817
[trial 1/20] spikes=11  rate=11.00 Hz  time=21.69s
[trial 2/20] input_spikes: pn_exc=1684 bg_exc=2414 bg_inh=721
[trial 2/20] spikes=13  rate=13.00 Hz  time=21.59s
[trial 3/20] input_spikes: pn_exc=1701 bg_exc=2464 bg_inh=751
[trial 3/20] spikes=13  rate=13.00 Hz  time=21.74s
[trial 4/20] input_spikes: pn_exc=1700 bg_exc=2406 bg_inh=732
[trial 4/20] spikes=12  rate=12.00 Hz  time=21.54s
[trial 5/20] input_spikes: pn_exc=1751 bg_exc=2431 bg_inh=755
[trial 5/20] spikes=15  rate=15.00 Hz  time=21.72s
[trial 6/20] input_spikes: pn_exc=1715 bg_exc=2555 bg_inh=747
[trial 6/20] spikes=13  rate=13.00 Hz  time=21.69s
[trial 7/20] input_spikes: pn_exc=1583 bg_exc=1980 bg_inh=610
[trial 7/20] spikes=12  rate=12.00 Hz  time=21.12s
[trial 8/20] input_spikes: pn_exc=1664 bg_exc=2223 bg_inh=766
[trial 8/20] spikes=19  rate=19.00 Hz  time=21.47s
[trial 9/20] input_spikes: pn_exc=1614 bg_exc=2264 bg_inh=707
[trial 9/20] spikes=13  rate=13.00 Hz  time=21.43s
[trial 10/20] input_spikes: pn_exc=1591 bg_exc=2253 bg_inh=711
[trial 10/20] spikes=11  rate=11.00 Hz  time=21.43s
[trial 11/20] input_spikes: pn_exc=1749 bg_exc=2330 bg_inh=749
[trial 11/20] spikes=15  rate=15.00 Hz  time=21.62s
[trial 12/20] input_spikes: pn_exc=1730 bg_exc=2445 bg_inh=739
[trial 12/20] spikes=9  rate=9.00 Hz  time=21.52s
[trial 13/20] input_spikes: pn_exc=1750 bg_exc=2399 bg_inh=768
[trial 13/20] spikes=15  rate=15.00 Hz  time=21.61s
[trial 14/20] input_spikes: pn_exc=1615 bg_exc=2427 bg_inh=785
[trial 14/20] spikes=12  rate=12.00 Hz  time=21.40s
[trial 15/20] input_spikes: pn_exc=1692 bg_exc=2360 bg_inh=711
[trial 15/20] spikes=15  rate=15.00 Hz  time=21.63s
[trial 16/20] input_spikes: pn_exc=1606 bg_exc=2281 bg_inh=703
[trial 16/20] spikes=16  rate=16.00 Hz  time=21.48s
[trial 17/20] input_spikes: pn_exc=1757 bg_exc=2285 bg_inh=765
[trial 17/20] spikes=13  rate=13.00 Hz  time=21.62s
[trial 18/20] input_spikes: pn_exc=1571 bg_exc=2187 bg_inh=704
[trial 18/20] spikes=12  rate=12.00 Hz  time=21.29s
[trial 19/20] input_spikes: pn_exc=1743 bg_exc=2458 bg_inh=747
[trial 19/20] spikes=13  rate=13.00 Hz  time=21.67s
[trial 20/20] input_spikes: pn_exc=1606 bg_exc=1882 bg_inh=604
[trial 20/20] spikes=13  rate=13.00 Hz  time=21.11s
save_plots single_plot warning: Top input panel: group list empty, auto-using all groups (3).
Results saved to /home/hrbncv/SCP/cells/SST/tunes/seg_tuned/output_data/slurm_45349/parts/slurm_45349_14/run_manifest.json
Total runtime: 431.70s
