Running: /home/hrbncv/miniconda3/envs/BMTK-py311/bin/python /home/hrbncv/SCP/run_pipeline.py --tune-dir /home/hrbncv/SCP/cells/SST/tunes/seg_tuned --output-dir /home/hrbncv/SCP/cells/SST/tunes/seg_tuned/output_data/slurm_45349/parts --n-trials 20 --output-stem slurm_45349_9 --trial-offset 180 --force-save
Loaded mechanisms from /home/hrbncv/SCP/cells/SST/tunes/seg_tuned/modfiles/x86_64/.libs/libnrnmech.so
Loaded Allen cell for 'SST' from /home/hrbncv/SCP/cells/SST/tunes/seg_tuned/manifest.json, soma_diam_multiplier=10.0, Vinit=-65.0, loader=genome_fallback
Geometry defined for 'SST': 1 soma segs, 54 proximal dend segs, 52 distal dend segs, 115 total dend segs.
[trial 1/20] input_spikes: pn_exc=1607 bg_exc=2225 bg_inh=689
[trial 1/20] spikes=12  rate=12.00 Hz  time=21.46s
[trial 2/20] input_spikes: pn_exc=1762 bg_exc=2311 bg_inh=778
[trial 2/20] spikes=15  rate=15.00 Hz  time=21.86s
[trial 3/20] input_spikes: pn_exc=1638 bg_exc=2150 bg_inh=690
[trial 3/20] spikes=16  rate=16.00 Hz  time=21.44s
[trial 4/20] input_spikes: pn_exc=1597 bg_exc=2153 bg_inh=700
[trial 4/20] spikes=13  rate=13.00 Hz  time=21.55s
[trial 5/20] input_spikes: pn_exc=1795 bg_exc=2486 bg_inh=774
[trial 5/20] spikes=15  rate=15.00 Hz  time=21.79s
[trial 6/20] input_spikes: pn_exc=1647 bg_exc=2379 bg_inh=706
[trial 6/20] spikes=11  rate=11.00 Hz  time=21.92s
[trial 7/20] input_spikes: pn_exc=1737 bg_exc=2418 bg_inh=799
[trial 7/20] spikes=12  rate=12.00 Hz  time=21.84s
[trial 8/20] input_spikes: pn_exc=1683 bg_exc=2437 bg_inh=728
[trial 8/20] spikes=18  rate=18.00 Hz  time=21.85s
[trial 9/20] input_spikes: pn_exc=1703 bg_exc=2412 bg_inh=792
[trial 9/20] spikes=16  rate=16.00 Hz  time=21.92s
[trial 10/20] input_spikes: pn_exc=1726 bg_exc=2359 bg_inh=799
[trial 10/20] spikes=14  rate=14.00 Hz  time=21.79s
[trial 11/20] input_spikes: pn_exc=1659 bg_exc=2241 bg_inh=674
[trial 11/20] spikes=15  rate=15.00 Hz  time=21.64s
[trial 12/20] input_spikes: pn_exc=1777 bg_exc=2475 bg_inh=807
[trial 12/20] spikes=16  rate=16.00 Hz  time=22.03s
[trial 13/20] input_spikes: pn_exc=1580 bg_exc=2130 bg_inh=677
[trial 13/20] spikes=14  rate=14.00 Hz  time=21.55s
[trial 14/20] input_spikes: pn_exc=1602 bg_exc=2196 bg_inh=719
[trial 14/20] spikes=12  rate=12.00 Hz  time=21.70s
[trial 15/20] input_spikes: pn_exc=1641 bg_exc=2248 bg_inh=715
[trial 15/20] spikes=13  rate=13.00 Hz  time=21.62s
[trial 16/20] input_spikes: pn_exc=1643 bg_exc=2247 bg_inh=727
[trial 16/20] spikes=13  rate=13.00 Hz  time=21.67s
[trial 17/20] input_spikes: pn_exc=1612 bg_exc=2329 bg_inh=758
[trial 17/20] spikes=12  rate=12.00 Hz  time=21.77s
[trial 18/20] input_spikes: pn_exc=1736 bg_exc=2460 bg_inh=754
[trial 18/20] spikes=12  rate=12.00 Hz  time=22.07s
[trial 19/20] input_spikes: pn_exc=1812 bg_exc=2456 bg_inh=770
[trial 19/20] spikes=11  rate=11.00 Hz  time=21.87s
[trial 20/20] input_spikes: pn_exc=1519 bg_exc=2096 bg_inh=655
[trial 20/20] spikes=13  rate=13.00 Hz  time=21.33s
save_plots single_plot warning: Top input panel: group list empty, auto-using all groups (3).
Results saved to /home/hrbncv/SCP/cells/SST/tunes/seg_tuned/output_data/slurm_45349/parts/slurm_45349_9/run_manifest.json
Total runtime: 435.97s
