Running: python /home/hrbncv/SCP/run_pipeline.py --tune-dir /home/hrbncv/SCP/cells/PV/tunes/seg_tuned --output-dir /home/hrbncv/SCP/cells/PV/tunes/seg_tuned/output_data/slurm_32387/parts --n-trials 20 --output-stem slurm_32387_31 --trial-offset 620 --force-save
Mechanisms already loaded; skipping duplicate load.
Loaded Allen cell for 'PV' from /home/hrbncv/SCP/cells/PV/tunes/seg_tuned/manifest.json, soma_diam_multiplier=6.0, Vinit=-71.0, loader=allensdk_default
Geometry defined for 'PV': 1 soma segs, 46 proximal dend segs, 41 distal dend segs, 97 total dend segs.
[trial 1/20] input_spikes: pn_exc=2581 bg_exc=749 bg_inh=180
[trial 1/20] spikes=10  rate=10.00 Hz  time=28.98s
[trial 2/20] input_spikes: pn_exc=2708 bg_exc=845 bg_inh=186
[trial 2/20] spikes=11  rate=11.00 Hz  time=28.93s
[trial 3/20] input_spikes: pn_exc=2870 bg_exc=872 bg_inh=208
[trial 3/20] spikes=14  rate=14.00 Hz  time=28.69s
[trial 4/20] input_spikes: pn_exc=2805 bg_exc=858 bg_inh=196
[trial 4/20] spikes=12  rate=12.00 Hz  time=28.88s
[trial 5/20] input_spikes: pn_exc=2750 bg_exc=787 bg_inh=195
[trial 5/20] spikes=10  rate=10.00 Hz  time=28.88s
[trial 6/20] input_spikes: pn_exc=2776 bg_exc=845 bg_inh=241
[trial 6/20] spikes=13  rate=13.00 Hz  time=28.78s
[trial 7/20] input_spikes: pn_exc=2905 bg_exc=898 bg_inh=222
[trial 7/20] spikes=14  rate=14.00 Hz  time=28.88s
[trial 8/20] input_spikes: pn_exc=2720 bg_exc=835 bg_inh=198
[trial 8/20] spikes=12  rate=12.00 Hz  time=28.90s
[trial 9/20] input_spikes: pn_exc=2500 bg_exc=730 bg_inh=168
[trial 9/20] spikes=12  rate=12.00 Hz  time=28.74s
[trial 10/20] input_spikes: pn_exc=2824 bg_exc=853 bg_inh=241
[trial 10/20] spikes=11  rate=11.00 Hz  time=28.85s
[trial 11/20] input_spikes: pn_exc=2728 bg_exc=819 bg_inh=199
[trial 11/20] spikes=12  rate=12.00 Hz  time=28.80s
[trial 12/20] input_spikes: pn_exc=2707 bg_exc=794 bg_inh=207
[trial 12/20] spikes=12  rate=12.00 Hz  time=28.75s
[trial 13/20] input_spikes: pn_exc=2592 bg_exc=769 bg_inh=202
[trial 13/20] spikes=11  rate=11.00 Hz  time=28.88s
[trial 14/20] input_spikes: pn_exc=2933 bg_exc=857 bg_inh=228
[trial 14/20] spikes=13  rate=13.00 Hz  time=28.96s
[trial 15/20] input_spikes: pn_exc=2580 bg_exc=767 bg_inh=175
[trial 15/20] spikes=11  rate=11.00 Hz  time=28.01s
[trial 16/20] input_spikes: pn_exc=2753 bg_exc=879 bg_inh=195
[trial 16/20] spikes=12  rate=12.00 Hz  time=28.07s
[trial 17/20] input_spikes: pn_exc=2814 bg_exc=865 bg_inh=205
[trial 17/20] spikes=11  rate=11.00 Hz  time=28.23s
[trial 18/20] input_spikes: pn_exc=2590 bg_exc=694 bg_inh=151
[trial 18/20] spikes=11  rate=11.00 Hz  time=28.22s
[trial 19/20] input_spikes: pn_exc=2861 bg_exc=764 bg_inh=200
[trial 19/20] spikes=11  rate=11.00 Hz  time=28.20s
[trial 20/20] input_spikes: pn_exc=2502 bg_exc=814 bg_inh=196
[trial 20/20] spikes=10  rate=10.00 Hz  time=27.84s
save_plots single_plot warning: Top input panel: group list empty, auto-using all groups (3).
save_plots single_plot warning: Input raster panel: group list empty, auto-using all groups (3).
Results saved to /home/hrbncv/SCP/cells/PV/tunes/seg_tuned/output_data/slurm_32387/parts/slurm_32387_31/run_manifest.json
Total runtime: 687.48s
