Running: python /home/hrbncv/SCP/run_pipeline.py --tune-dir /home/hrbncv/SCP/cells/SST/tunes/seg_tuned_all --output-dir /home/hrbncv/SCP/cells/SST/tunes/seg_tuned_all/output_data/slurm_29750/parts --n-trials 40 --output-stem slurm_29750_14 --trial-offset 560 --force-save
Loaded mechanisms from /home/hrbncv/SCP/cells/SST/tunes/seg_tuned_all/modfiles/x86_64/.libs/libnrnmech.so
Loaded Allen cell for 'SST' from /home/hrbncv/SCP/cells/SST/tunes/seg_tuned_all/manifest.json, soma_diam_multiplier=10.0, Vinit=-65.0, loader=genome_fallback
Geometry defined for 'SST': 1 soma segs, 54 proximal dend segs, 52 distal dend segs, 115 total dend segs.
[trial 1/40] input_spikes: pn_exc=1587 bg_exc=2946 bg_inh=442
[trial 1/40] spikes=3  rate=2.50 Hz  time=23.30s
[trial 2/40] input_spikes: pn_exc=1585 bg_exc=2816 bg_inh=435
[trial 2/40] spikes=6  rate=5.00 Hz  time=23.23s
[trial 3/40] input_spikes: pn_exc=1533 bg_exc=2923 bg_inh=441
[trial 3/40] spikes=2  rate=1.67 Hz  time=23.10s
[trial 4/40] input_spikes: pn_exc=1596 bg_exc=2918 bg_inh=445
[trial 4/40] spikes=5  rate=4.17 Hz  time=23.30s
[trial 5/40] input_spikes: pn_exc=1613 bg_exc=3110 bg_inh=472
[trial 5/40] spikes=4  rate=3.33 Hz  time=23.19s
[trial 6/40] input_spikes: pn_exc=1547 bg_exc=2765 bg_inh=440
[trial 6/40] spikes=4  rate=3.33 Hz  time=23.02s
[trial 7/40] input_spikes: pn_exc=1670 bg_exc=2955 bg_inh=447
[trial 7/40] spikes=3  rate=2.50 Hz  time=23.17s
[trial 8/40] input_spikes: pn_exc=1459 bg_exc=2639 bg_inh=427
[trial 8/40] spikes=2  rate=1.67 Hz  time=23.14s
[trial 9/40] input_spikes: pn_exc=1545 bg_exc=2848 bg_inh=451
[trial 9/40] spikes=3  rate=2.50 Hz  time=23.49s
[trial 10/40] input_spikes: pn_exc=1527 bg_exc=2757 bg_inh=442
[trial 10/40] spikes=5  rate=4.17 Hz  time=23.04s
[trial 11/40] input_spikes: pn_exc=1580 bg_exc=2924 bg_inh=414
[trial 11/40] spikes=6  rate=5.00 Hz  time=23.12s
[trial 12/40] input_spikes: pn_exc=1595 bg_exc=2839 bg_inh=469
[trial 12/40] spikes=4  rate=3.33 Hz  time=23.18s
[trial 13/40] input_spikes: pn_exc=1696 bg_exc=2940 bg_inh=471
[trial 13/40] spikes=6  rate=5.00 Hz  time=23.28s
[trial 14/40] input_spikes: pn_exc=1551 bg_exc=2860 bg_inh=464
[trial 14/40] spikes=2  rate=1.67 Hz  time=23.08s
[trial 15/40] input_spikes: pn_exc=1557 bg_exc=2720 bg_inh=409
[trial 15/40] spikes=3  rate=2.50 Hz  time=23.08s
[trial 16/40] input_spikes: pn_exc=1517 bg_exc=2551 bg_inh=385
[trial 16/40] spikes=3  rate=2.50 Hz  time=23.09s
[trial 17/40] input_spikes: pn_exc=1540 bg_exc=2793 bg_inh=433
[trial 17/40] spikes=3  rate=2.50 Hz  time=23.25s
[trial 18/40] input_spikes: pn_exc=1592 bg_exc=2886 bg_inh=477
[trial 18/40] spikes=2  rate=1.67 Hz  time=23.09s
[trial 19/40] input_spikes: pn_exc=1561 bg_exc=2861 bg_inh=466
[trial 19/40] spikes=5  rate=4.17 Hz  time=23.16s
[trial 20/40] input_spikes: pn_exc=1632 bg_exc=2948 bg_inh=436
[trial 20/40] spikes=3  rate=2.50 Hz  time=23.82s
[trial 21/40] input_spikes: pn_exc=1443 bg_exc=2533 bg_inh=407
[trial 21/40] spikes=3  rate=2.50 Hz  time=23.64s
[trial 22/40] input_spikes: pn_exc=1600 bg_exc=2843 bg_inh=468
[trial 22/40] spikes=4  rate=3.33 Hz  time=23.64s
[trial 23/40] input_spikes: pn_exc=1597 bg_exc=2821 bg_inh=428
[trial 23/40] spikes=5  rate=4.17 Hz  time=23.61s
[trial 24/40] input_spikes: pn_exc=1626 bg_exc=3004 bg_inh=437
[trial 24/40] spikes=7  rate=5.83 Hz  time=23.64s
[trial 25/40] input_spikes: pn_exc=1652 bg_exc=2915 bg_inh=457
[trial 25/40] spikes=4  rate=3.33 Hz  time=23.51s
[trial 26/40] input_spikes: pn_exc=1630 bg_exc=2972 bg_inh=447
[trial 26/40] spikes=3  rate=2.50 Hz  time=23.51s
[trial 27/40] input_spikes: pn_exc=1330 bg_exc=2112 bg_inh=317
[trial 27/40] spikes=6  rate=5.00 Hz  time=23.39s
[trial 28/40] input_spikes: pn_exc=1494 bg_exc=2642 bg_inh=440
[trial 28/40] spikes=3  rate=2.50 Hz  time=23.46s
[trial 29/40] input_spikes: pn_exc=1621 bg_exc=2852 bg_inh=481
[trial 29/40] spikes=1  rate=0.83 Hz  time=23.54s
[trial 30/40] input_spikes: pn_exc=1532 bg_exc=2792 bg_inh=428
[trial 30/40] spikes=4  rate=3.33 Hz  time=23.47s
[trial 31/40] input_spikes: pn_exc=1564 bg_exc=2898 bg_inh=463
[trial 31/40] spikes=4  rate=3.33 Hz  time=23.59s
[trial 32/40] input_spikes: pn_exc=1551 bg_exc=2970 bg_inh=467
[trial 32/40] spikes=4  rate=3.33 Hz  time=23.65s
[trial 33/40] input_spikes: pn_exc=1627 bg_exc=2811 bg_inh=421
[trial 33/40] spikes=4  rate=3.33 Hz  time=23.53s
[trial 34/40] input_spikes: pn_exc=1263 bg_exc=1904 bg_inh=298
[trial 34/40] spikes=3  rate=2.50 Hz  time=23.45s
[trial 35/40] input_spikes: pn_exc=1482 bg_exc=2803 bg_inh=439
[trial 35/40] spikes=5  rate=4.17 Hz  time=23.77s
[trial 36/40] input_spikes: pn_exc=1566 bg_exc=3039 bg_inh=438
[trial 36/40] spikes=4  rate=3.33 Hz  time=23.60s
[trial 37/40] input_spikes: pn_exc=1608 bg_exc=2947 bg_inh=421
[trial 37/40] spikes=6  rate=5.00 Hz  time=23.84s
[trial 38/40] input_spikes: pn_exc=1550 bg_exc=2814 bg_inh=478
[trial 38/40] spikes=4  rate=3.33 Hz  time=23.88s
[trial 39/40] input_spikes: pn_exc=1542 bg_exc=2779 bg_inh=490
[trial 39/40] spikes=1  rate=0.83 Hz  time=24.05s
[trial 40/40] input_spikes: pn_exc=1607 bg_exc=2882 bg_inh=439
[trial 40/40] spikes=6  rate=5.00 Hz  time=23.93s
Results saved to /home/hrbncv/SCP/cells/SST/tunes/seg_tuned_all/output_data/slurm_29750/parts/slurm_29750_14/run_manifest.json
Total runtime: 937.13s
