Running: python /home/hrbncv/SCP/run_pipeline.py --tune-dir /home/hrbncv/SCP/cells/PV/tunes/seg_tuned --output-dir /home/hrbncv/SCP/cells/PV/tunes/seg_tuned/output_data/slurm_34963/parts --n-trials 40 --output-stem slurm_34963_24 --trial-offset 960 --force-save
Mechanisms already loaded; skipping duplicate load.
Loaded Allen cell for 'PV' from /home/hrbncv/SCP/cells/PV/tunes/seg_tuned/manifest.json, soma_diam_multiplier=6.0, Vinit=-71.0, loader=allensdk_default
Geometry defined for 'PV': 1 soma segs, 46 proximal dend segs, 41 distal dend segs, 97 total dend segs.
[trial 1/40] input_spikes: pn_exc=2818 bg_exc=823 bg_inh=202 sst_inh=383 pv_inh=1209
[trial 1/40] spikes=6  rate=6.00 Hz  time=27.26s
[trial 2/40] input_spikes: pn_exc=2712 bg_exc=697 bg_inh=152 sst_inh=389 pv_inh=1212
[trial 2/40] spikes=6  rate=6.00 Hz  time=27.17s
[trial 3/40] input_spikes: pn_exc=2745 bg_exc=788 bg_inh=175 sst_inh=375 pv_inh=1199
[trial 3/40] spikes=7  rate=7.00 Hz  time=27.29s
[trial 4/40] input_spikes: pn_exc=2557 bg_exc=763 bg_inh=193 sst_inh=382 pv_inh=1182
[trial 4/40] spikes=6  rate=6.00 Hz  time=27.20s
[trial 5/40] input_spikes: pn_exc=2718 bg_exc=812 bg_inh=168 sst_inh=393 pv_inh=1202
[trial 5/40] spikes=7  rate=7.00 Hz  time=27.32s
[trial 6/40] input_spikes: pn_exc=2742 bg_exc=803 bg_inh=218 sst_inh=387 pv_inh=1207
[trial 6/40] spikes=5  rate=5.00 Hz  time=27.11s
[trial 7/40] input_spikes: pn_exc=2824 bg_exc=922 bg_inh=217 sst_inh=399 pv_inh=1215
[trial 7/40] spikes=7  rate=7.00 Hz  time=27.20s
[trial 8/40] input_spikes: pn_exc=2799 bg_exc=806 bg_inh=212 sst_inh=352 pv_inh=1196
[trial 8/40] spikes=7  rate=7.00 Hz  time=26.98s
[trial 9/40] input_spikes: pn_exc=2702 bg_exc=836 bg_inh=194 sst_inh=365 pv_inh=1182
[trial 9/40] spikes=7  rate=7.00 Hz  time=27.00s
[trial 10/40] input_spikes: pn_exc=2738 bg_exc=811 bg_inh=202 sst_inh=353 pv_inh=1222
[trial 10/40] spikes=7  rate=7.00 Hz  time=27.24s
[trial 11/40] input_spikes: pn_exc=2852 bg_exc=845 bg_inh=187 sst_inh=340 pv_inh=1218
[trial 11/40] spikes=5  rate=5.00 Hz  time=27.03s
[trial 12/40] input_spikes: pn_exc=2713 bg_exc=925 bg_inh=238 sst_inh=355 pv_inh=1178
[trial 12/40] spikes=7  rate=7.00 Hz  time=26.82s
[trial 13/40] input_spikes: pn_exc=2698 bg_exc=748 bg_inh=222 sst_inh=375 pv_inh=1186
[trial 13/40] spikes=6  rate=6.00 Hz  time=31.45s
[trial 14/40] input_spikes: pn_exc=2687 bg_exc=829 bg_inh=202 sst_inh=378 pv_inh=1197
[trial 14/40] spikes=6  rate=6.00 Hz  time=33.86s
[trial 15/40] input_spikes: pn_exc=2798 bg_exc=875 bg_inh=204 sst_inh=377 pv_inh=1215
[trial 15/40] spikes=8  rate=8.00 Hz  time=33.31s
[trial 16/40] input_spikes: pn_exc=2747 bg_exc=815 bg_inh=182 sst_inh=375 pv_inh=1195
[trial 16/40] spikes=6  rate=6.00 Hz  time=33.18s
[trial 17/40] input_spikes: pn_exc=2827 bg_exc=868 bg_inh=235 sst_inh=355 pv_inh=1225
[trial 17/40] spikes=6  rate=6.00 Hz  time=33.14s
[trial 18/40] input_spikes: pn_exc=2874 bg_exc=782 bg_inh=202 sst_inh=374 pv_inh=1200
[trial 18/40] spikes=6  rate=6.00 Hz  time=32.98s
[trial 19/40] input_spikes: pn_exc=2740 bg_exc=836 bg_inh=228 sst_inh=385 pv_inh=1185
[trial 19/40] spikes=5  rate=5.00 Hz  time=33.07s
[trial 20/40] input_spikes: pn_exc=2734 bg_exc=784 bg_inh=201 sst_inh=387 pv_inh=1203
[trial 20/40] spikes=6  rate=6.00 Hz  time=33.36s
[trial 21/40] input_spikes: pn_exc=2857 bg_exc=887 bg_inh=221 sst_inh=374 pv_inh=1206
[trial 21/40] spikes=7  rate=7.00 Hz  time=33.51s
[trial 22/40] input_spikes: pn_exc=2722 bg_exc=845 bg_inh=212 sst_inh=401 pv_inh=1190
[trial 22/40] spikes=5  rate=5.00 Hz  time=33.30s
[trial 23/40] input_spikes: pn_exc=2711 bg_exc=817 bg_inh=203 sst_inh=382 pv_inh=1189
[trial 23/40] spikes=5  rate=5.00 Hz  time=32.27s
[trial 24/40] input_spikes: pn_exc=2396 bg_exc=591 bg_inh=153 sst_inh=391 pv_inh=1190
[trial 24/40] spikes=6  rate=6.00 Hz  time=27.92s
[trial 25/40] input_spikes: pn_exc=2434 bg_exc=641 bg_inh=166 sst_inh=363 pv_inh=1211
[trial 25/40] spikes=5  rate=5.00 Hz  time=26.94s
[trial 26/40] input_spikes: pn_exc=2666 bg_exc=711 bg_inh=189 sst_inh=370 pv_inh=1207
[trial 26/40] spikes=6  rate=6.00 Hz  time=27.07s
[trial 27/40] input_spikes: pn_exc=2842 bg_exc=881 bg_inh=233 sst_inh=387 pv_inh=1168
[trial 27/40] spikes=8  rate=8.00 Hz  time=26.89s
[trial 28/40] input_spikes: pn_exc=2830 bg_exc=814 bg_inh=190 sst_inh=397 pv_inh=1175
[trial 28/40] spikes=7  rate=7.00 Hz  time=27.24s
[trial 29/40] input_spikes: pn_exc=2694 bg_exc=847 bg_inh=197 sst_inh=375 pv_inh=1215
[trial 29/40] spikes=7  rate=7.00 Hz  time=27.53s
[trial 30/40] input_spikes: pn_exc=2830 bg_exc=915 bg_inh=205 sst_inh=370 pv_inh=1191
[trial 30/40] spikes=6  rate=6.00 Hz  time=26.98s
[trial 31/40] input_spikes: pn_exc=2453 bg_exc=499 bg_inh=133 sst_inh=387 pv_inh=1218
[trial 31/40] spikes=6  rate=6.00 Hz  time=26.99s
[trial 32/40] input_spikes: pn_exc=2796 bg_exc=870 bg_inh=200 sst_inh=368 pv_inh=1224
[trial 32/40] spikes=6  rate=6.00 Hz  time=26.99s
[trial 33/40] input_spikes: pn_exc=2623 bg_exc=771 bg_inh=170 sst_inh=381 pv_inh=1228
[trial 33/40] spikes=8  rate=8.00 Hz  time=27.06s
[trial 34/40] input_spikes: pn_exc=2401 bg_exc=446 bg_inh=112 sst_inh=366 pv_inh=1210
[trial 34/40] spikes=6  rate=6.00 Hz  time=27.20s
[trial 35/40] input_spikes: pn_exc=2784 bg_exc=901 bg_inh=226 sst_inh=372 pv_inh=1202
[trial 35/40] spikes=5  rate=5.00 Hz  time=27.48s
[trial 36/40] input_spikes: pn_exc=2719 bg_exc=861 bg_inh=207 sst_inh=372 pv_inh=1185
[trial 36/40] spikes=7  rate=7.00 Hz  time=27.14s
[trial 37/40] input_spikes: pn_exc=2523 bg_exc=709 bg_inh=195 sst_inh=360 pv_inh=1183
[trial 37/40] spikes=5  rate=5.00 Hz  time=27.19s
[trial 38/40] input_spikes: pn_exc=2774 bg_exc=897 bg_inh=215 sst_inh=398 pv_inh=1206
[trial 38/40] spikes=6  rate=6.00 Hz  time=27.11s
[trial 39/40] input_spikes: pn_exc=2691 bg_exc=764 bg_inh=192 sst_inh=403 pv_inh=1210
[trial 39/40] spikes=4  rate=4.00 Hz  time=27.16s
[trial 40/40] input_spikes: pn_exc=2668 bg_exc=700 bg_inh=202 sst_inh=372 pv_inh=1200
[trial 40/40] spikes=6  rate=6.00 Hz  time=27.07s
save_plots single_plot warning: Top input panel: group list empty, auto-using all groups (5).
Results saved to /home/hrbncv/SCP/cells/PV/tunes/seg_tuned/output_data/slurm_34963/parts/slurm_34963_24/run_manifest.json
Total runtime: 1152.59s
