Running: /home/hrbncv/miniconda3/envs/BMTK-py311/bin/python /home/hrbncv/SCP/run_pipeline.py --tune-dir /home/hrbncv/SCP/cells/SST/tunes/seg_tuned_all --output-dir /home/hrbncv/SCP/cells/SST/tunes/seg_tuned_all/output_data/slurm_42203/parts --n-trials 100 --output-stem slurm_42203_11 --trial-offset 1100 --force-save
Loaded mechanisms from /home/hrbncv/SCP/cells/SST/tunes/seg_tuned_all/modfiles/x86_64/.libs/libnrnmech.so
Loaded Allen cell for 'SST' from /home/hrbncv/SCP/cells/SST/tunes/seg_tuned_all/manifest.json, soma_diam_multiplier=10.0, Vinit=-65.0, loader=genome_fallback
Geometry defined for 'SST': 1 soma segs, 54 proximal dend segs, 52 distal dend segs, 115 total dend segs.
[trial 1/100] input_spikes: pn_exc=1688 vip_inh_bio=366 bg_exc=2439 bg_inh=753
[trial 1/100] spikes=6  rate=6.00 Hz  time=22.61s
[trial 2/100] input_spikes: pn_exc=1725 vip_inh_bio=367 bg_exc=2482 bg_inh=763
[trial 2/100] spikes=6  rate=6.00 Hz  time=22.88s
[trial 3/100] input_spikes: pn_exc=1643 vip_inh_bio=365 bg_exc=2249 bg_inh=660
[trial 3/100] spikes=8  rate=8.00 Hz  time=22.41s
[trial 4/100] input_spikes: pn_exc=1582 vip_inh_bio=337 bg_exc=2095 bg_inh=686
[trial 4/100] spikes=1  rate=1.00 Hz  time=22.37s
[trial 5/100] input_spikes: pn_exc=1481 vip_inh_bio=309 bg_exc=1557 bg_inh=465
[trial 5/100] spikes=4  rate=4.00 Hz  time=22.04s
[trial 6/100] input_spikes: pn_exc=1670 vip_inh_bio=321 bg_exc=2296 bg_inh=762
[trial 6/100] spikes=6  rate=6.00 Hz  time=22.55s
[trial 7/100] input_spikes: pn_exc=1692 vip_inh_bio=342 bg_exc=2267 bg_inh=691
[trial 7/100] spikes=2  rate=2.00 Hz  time=22.45s
[trial 8/100] input_spikes: pn_exc=1761 vip_inh_bio=387 bg_exc=2448 bg_inh=756
[trial 8/100] spikes=3  rate=3.00 Hz  time=22.54s
[trial 9/100] input_spikes: pn_exc=1632 vip_inh_bio=339 bg_exc=2129 bg_inh=689
[trial 9/100] spikes=7  rate=7.00 Hz  time=22.28s
[trial 10/100] input_spikes: pn_exc=1759 vip_inh_bio=356 bg_exc=2429 bg_inh=754
[trial 10/100] spikes=3  rate=3.00 Hz  time=22.77s
[trial 11/100] input_spikes: pn_exc=1720 vip_inh_bio=402 bg_exc=2485 bg_inh=835
[trial 11/100] spikes=4  rate=4.00 Hz  time=22.67s
[trial 12/100] input_spikes: pn_exc=1655 vip_inh_bio=351 bg_exc=2251 bg_inh=710
[trial 12/100] spikes=3  rate=3.00 Hz  time=22.53s
[trial 13/100] input_spikes: pn_exc=1512 vip_inh_bio=364 bg_exc=2070 bg_inh=635
[trial 13/100] spikes=4  rate=4.00 Hz  time=22.20s
[trial 14/100] input_spikes: pn_exc=1701 vip_inh_bio=357 bg_exc=2431 bg_inh=770
[trial 14/100] spikes=6  rate=6.00 Hz  time=22.68s
[trial 15/100] input_spikes: pn_exc=1554 vip_inh_bio=338 bg_exc=2191 bg_inh=668
[trial 15/100] spikes=4  rate=4.00 Hz  time=22.91s
[trial 16/100] input_spikes: pn_exc=1575 vip_inh_bio=370 bg_exc=1855 bg_inh=612
[trial 16/100] spikes=4  rate=4.00 Hz  time=22.09s
[trial 17/100] input_spikes: pn_exc=1695 vip_inh_bio=393 bg_exc=2404 bg_inh=735
[trial 17/100] spikes=6  rate=6.00 Hz  time=22.63s
[trial 18/100] input_spikes: pn_exc=1632 vip_inh_bio=390 bg_exc=2563 bg_inh=766
[trial 18/100] spikes=3  rate=3.00 Hz  time=22.69s
[trial 19/100] input_spikes: pn_exc=1641 vip_inh_bio=410 bg_exc=2252 bg_inh=724
[trial 19/100] spikes=3  rate=3.00 Hz  time=22.27s
[trial 20/100] input_spikes: pn_exc=1780 vip_inh_bio=404 bg_exc=2487 bg_inh=781
[trial 20/100] spikes=3  rate=3.00 Hz  time=22.61s
[trial 21/100] input_spikes: pn_exc=1592 vip_inh_bio=330 bg_exc=2213 bg_inh=721
[trial 21/100] spikes=4  rate=4.00 Hz  time=22.96s
[trial 22/100] input_spikes: pn_exc=1673 vip_inh_bio=375 bg_exc=2307 bg_inh=717
[trial 22/100] spikes=6  rate=6.00 Hz  time=22.65s
[trial 23/100] input_spikes: pn_exc=1741 vip_inh_bio=418 bg_exc=2476 bg_inh=782
[trial 23/100] spikes=5  rate=5.00 Hz  time=22.75s
[trial 24/100] input_spikes: pn_exc=1453 vip_inh_bio=307 bg_exc=1252 bg_inh=382
[trial 24/100] spikes=1  rate=1.00 Hz  time=21.63s
[trial 25/100] input_spikes: pn_exc=1636 vip_inh_bio=363 bg_exc=2360 bg_inh=782
[trial 25/100] spikes=3  rate=3.00 Hz  time=22.61s
[trial 26/100] input_spikes: pn_exc=1676 vip_inh_bio=371 bg_exc=2387 bg_inh=758
[trial 26/100] spikes=3  rate=3.00 Hz  time=22.72s
[trial 27/100] input_spikes: pn_exc=1768 vip_inh_bio=381 bg_exc=2393 bg_inh=748
[trial 27/100] spikes=3  rate=3.00 Hz  time=22.58s
[trial 28/100] input_spikes: pn_exc=1674 vip_inh_bio=369 bg_exc=2258 bg_inh=695
[trial 28/100] spikes=7  rate=7.00 Hz  time=22.33s
[trial 29/100] input_spikes: pn_exc=1610 vip_inh_bio=368 bg_exc=2293 bg_inh=675
[trial 29/100] spikes=5  rate=5.00 Hz  time=22.32s
[trial 30/100] input_spikes: pn_exc=1531 vip_inh_bio=376 bg_exc=2084 bg_inh=639
[trial 30/100] spikes=6  rate=6.00 Hz  time=22.19s
[trial 31/100] input_spikes: pn_exc=1680 vip_inh_bio=342 bg_exc=2406 bg_inh=777
[trial 31/100] spikes=4  rate=4.00 Hz  time=22.70s
[trial 32/100] input_spikes: pn_exc=1722 vip_inh_bio=381 bg_exc=2434 bg_inh=757
[trial 32/100] spikes=4  rate=4.00 Hz  time=22.60s
[trial 33/100] input_spikes: pn_exc=1769 vip_inh_bio=335 bg_exc=2372 bg_inh=758
[trial 33/100] spikes=3  rate=3.00 Hz  time=22.75s
[trial 34/100] input_spikes: pn_exc=1683 vip_inh_bio=407 bg_exc=2389 bg_inh=763
[trial 34/100] spikes=4  rate=4.00 Hz  time=22.69s
[trial 35/100] input_spikes: pn_exc=1624 vip_inh_bio=326 bg_exc=2395 bg_inh=765
[trial 35/100] spikes=3  rate=3.00 Hz  time=22.62s
[trial 36/100] input_spikes: pn_exc=1655 vip_inh_bio=352 bg_exc=2220 bg_inh=717
[trial 36/100] spikes=3  rate=3.00 Hz  time=22.53s
[trial 37/100] input_spikes: pn_exc=1709 vip_inh_bio=372 bg_exc=2545 bg_inh=713
[trial 37/100] spikes=7  rate=7.00 Hz  time=22.82s
[trial 38/100] input_spikes: pn_exc=1618 vip_inh_bio=397 bg_exc=2397 bg_inh=756
[trial 38/100] spikes=5  rate=5.00 Hz  time=22.57s
[trial 39/100] input_spikes: pn_exc=1775 vip_inh_bio=398 bg_exc=2441 bg_inh=786
[trial 39/100] spikes=5  rate=5.00 Hz  time=22.46s
[trial 40/100] input_spikes: pn_exc=1784 vip_inh_bio=361 bg_exc=2521 bg_inh=796
[trial 40/100] spikes=7  rate=7.00 Hz  time=22.71s
[trial 41/100] input_spikes: pn_exc=1702 vip_inh_bio=395 bg_exc=2515 bg_inh=777
[trial 41/100] spikes=3  rate=3.00 Hz  time=22.70s
[trial 42/100] input_spikes: pn_exc=1680 vip_inh_bio=369 bg_exc=2420 bg_inh=751
[trial 42/100] spikes=2  rate=2.00 Hz  time=22.71s
[trial 43/100] input_spikes: pn_exc=1567 vip_inh_bio=352 bg_exc=2005 bg_inh=642
[trial 43/100] spikes=2  rate=2.00 Hz  time=22.28s
[trial 44/100] input_spikes: pn_exc=1679 vip_inh_bio=372 bg_exc=2339 bg_inh=791
[trial 44/100] spikes=4  rate=4.00 Hz  time=22.67s
[trial 45/100] input_spikes: pn_exc=1644 vip_inh_bio=346 bg_exc=2335 bg_inh=683
[trial 45/100] spikes=5  rate=5.00 Hz  time=22.49s
[trial 46/100] input_spikes: pn_exc=1741 vip_inh_bio=385 bg_exc=2431 bg_inh=820
[trial 46/100] spikes=2  rate=2.00 Hz  time=22.84s
[trial 47/100] input_spikes: pn_exc=1492 vip_inh_bio=313 bg_exc=1301 bg_inh=404
[trial 47/100] spikes=4  rate=4.00 Hz  time=21.56s
[trial 48/100] input_spikes: pn_exc=1705 vip_inh_bio=364 bg_exc=2304 bg_inh=710
[trial 48/100] spikes=3  rate=3.00 Hz  time=22.54s
[trial 49/100] input_spikes: pn_exc=1474 vip_inh_bio=366 bg_exc=1950 bg_inh=559
[trial 49/100] spikes=3  rate=3.00 Hz  time=21.99s
[trial 50/100] input_spikes: pn_exc=1676 vip_inh_bio=345 bg_exc=2369 bg_inh=728
[trial 50/100] spikes=5  rate=5.00 Hz  time=22.49s
[trial 51/100] input_spikes: pn_exc=1635 vip_inh_bio=378 bg_exc=2255 bg_inh=636
[trial 51/100] spikes=3  rate=3.00 Hz  time=22.36s
[trial 52/100] input_spikes: pn_exc=1710 vip_inh_bio=400 bg_exc=2457 bg_inh=771
[trial 52/100] spikes=2  rate=2.00 Hz  time=22.74s
[trial 53/100] input_spikes: pn_exc=1751 vip_inh_bio=355 bg_exc=2477 bg_inh=749
[trial 53/100] spikes=4  rate=4.00 Hz  time=22.73s
[trial 54/100] input_spikes: pn_exc=1617 vip_inh_bio=311 bg_exc=2204 bg_inh=722
[trial 54/100] spikes=2  rate=2.00 Hz  time=22.39s
[trial 55/100] input_spikes: pn_exc=1596 vip_inh_bio=348 bg_exc=2219 bg_inh=678
[trial 55/100] spikes=2  rate=2.00 Hz  time=22.44s
[trial 56/100] input_spikes: pn_exc=1811 vip_inh_bio=383 bg_exc=2508 bg_inh=776
[trial 56/100] spikes=2  rate=2.00 Hz  time=22.71s
[trial 57/100] input_spikes: pn_exc=1633 vip_inh_bio=394 bg_exc=2403 bg_inh=789
[trial 57/100] spikes=6  rate=6.00 Hz  time=22.61s
[trial 58/100] input_spikes: pn_exc=1750 vip_inh_bio=401 bg_exc=2381 bg_inh=772
[trial 58/100] spikes=4  rate=4.00 Hz  time=22.60s
[trial 59/100] input_spikes: pn_exc=1648 vip_inh_bio=392 bg_exc=2336 bg_inh=691
[trial 59/100] spikes=5  rate=5.00 Hz  time=22.38s
[trial 60/100] input_spikes: pn_exc=1559 vip_inh_bio=326 bg_exc=2031 bg_inh=689
[trial 60/100] spikes=2  rate=2.00 Hz  time=22.63s
[trial 61/100] input_spikes: pn_exc=1644 vip_inh_bio=345 bg_exc=2273 bg_inh=721
[trial 61/100] spikes=3  rate=3.00 Hz  time=22.93s
[trial 62/100] input_spikes: pn_exc=1711 vip_inh_bio=394 bg_exc=2418 bg_inh=759
[trial 62/100] spikes=5  rate=5.00 Hz  time=23.00s
[trial 63/100] input_spikes: pn_exc=1691 vip_inh_bio=378 bg_exc=2438 bg_inh=848
[trial 63/100] spikes=5  rate=5.00 Hz  time=23.43s
[trial 64/100] input_spikes: pn_exc=1839 vip_inh_bio=368 bg_exc=2489 bg_inh=791
[trial 64/100] spikes=7  rate=7.00 Hz  time=23.99s
[trial 65/100] input_spikes: pn_exc=1702 vip_inh_bio=382 bg_exc=2332 bg_inh=700
[trial 65/100] spikes=3  rate=3.00 Hz  time=22.63s
[trial 66/100] input_spikes: pn_exc=1654 vip_inh_bio=374 bg_exc=2310 bg_inh=748
[trial 66/100] spikes=4  rate=4.00 Hz  time=22.55s
[trial 67/100] input_spikes: pn_exc=1717 vip_inh_bio=408 bg_exc=2521 bg_inh=772
[trial 67/100] spikes=3  rate=3.00 Hz  time=22.71s
[trial 68/100] input_spikes: pn_exc=1631 vip_inh_bio=340 bg_exc=2130 bg_inh=675
[trial 68/100] spikes=6  rate=6.00 Hz  time=22.34s
[trial 69/100] input_spikes: pn_exc=1650 vip_inh_bio=347 bg_exc=2284 bg_inh=706
[trial 69/100] spikes=10  rate=10.00 Hz  time=22.40s
[trial 70/100] input_spikes: pn_exc=1776 vip_inh_bio=373 bg_exc=2336 bg_inh=721
[trial 70/100] spikes=6  rate=6.00 Hz  time=22.57s
[trial 71/100] input_spikes: pn_exc=1625 vip_inh_bio=363 bg_exc=2398 bg_inh=688
[trial 71/100] spikes=6  rate=6.00 Hz  time=22.40s
[trial 72/100] input_spikes: pn_exc=1697 vip_inh_bio=370 bg_exc=2274 bg_inh=743
[trial 72/100] spikes=3  rate=3.00 Hz  time=22.54s
[trial 73/100] input_spikes: pn_exc=1608 vip_inh_bio=326 bg_exc=2027 bg_inh=591
[trial 73/100] spikes=3  rate=3.00 Hz  time=22.17s
[trial 74/100] input_spikes: pn_exc=1780 vip_inh_bio=382 bg_exc=2535 bg_inh=758
[trial 74/100] spikes=3  rate=3.00 Hz  time=22.86s
[trial 75/100] input_spikes: pn_exc=1512 vip_inh_bio=363 bg_exc=1969 bg_inh=591
[trial 75/100] spikes=9  rate=9.00 Hz  time=22.13s
[trial 76/100] input_spikes: pn_exc=1730 vip_inh_bio=353 bg_exc=2330 bg_inh=741
[trial 76/100] spikes=6  rate=6.00 Hz  time=22.78s
[trial 77/100] input_spikes: pn_exc=1680 vip_inh_bio=399 bg_exc=2393 bg_inh=810
[trial 77/100] spikes=6  rate=6.00 Hz  time=22.65s
[trial 78/100] input_spikes: pn_exc=1665 vip_inh_bio=397 bg_exc=2445 bg_inh=769
[trial 78/100] spikes=3  rate=3.00 Hz  time=22.53s
[trial 79/100] input_spikes: pn_exc=1599 vip_inh_bio=341 bg_exc=2083 bg_inh=682
[trial 79/100] spikes=5  rate=5.00 Hz  time=21.99s
[trial 80/100] input_spikes: pn_exc=1563 vip_inh_bio=362 bg_exc=2296 bg_inh=720
[trial 80/100] spikes=3  rate=3.00 Hz  time=22.45s
[trial 81/100] input_spikes: pn_exc=1754 vip_inh_bio=396 bg_exc=2533 bg_inh=772
[trial 81/100] spikes=6  rate=6.00 Hz  time=22.73s
[trial 82/100] input_spikes: pn_exc=1774 vip_inh_bio=400 bg_exc=2506 bg_inh=834
[trial 82/100] spikes=7  rate=7.00 Hz  time=22.82s
[trial 83/100] input_spikes: pn_exc=1659 vip_inh_bio=348 bg_exc=2357 bg_inh=689
[trial 83/100] spikes=2  rate=2.00 Hz  time=22.56s
[trial 84/100] input_spikes: pn_exc=1565 vip_inh_bio=408 bg_exc=2152 bg_inh=697
[trial 84/100] spikes=0  rate=0.00 Hz  time=22.54s
[trial 85/100] input_spikes: pn_exc=1536 vip_inh_bio=355 bg_exc=1927 bg_inh=681
[trial 85/100] spikes=0  rate=0.00 Hz  time=22.22s
[trial 86/100] input_spikes: pn_exc=1646 vip_inh_bio=408 bg_exc=2382 bg_inh=733
[trial 86/100] spikes=4  rate=4.00 Hz  time=22.61s
[trial 87/100] input_spikes: pn_exc=1733 vip_inh_bio=354 bg_exc=2519 bg_inh=771
[trial 87/100] spikes=4  rate=4.00 Hz  time=22.69s
[trial 88/100] input_spikes: pn_exc=1720 vip_inh_bio=381 bg_exc=2429 bg_inh=749
[trial 88/100] spikes=2  rate=2.00 Hz  time=22.52s
[trial 89/100] input_spikes: pn_exc=1704 vip_inh_bio=386 bg_exc=2363 bg_inh=720
[trial 89/100] spikes=6  rate=6.00 Hz  time=22.43s
[trial 90/100] input_spikes: pn_exc=1683 vip_inh_bio=381 bg_exc=2371 bg_inh=765
[trial 90/100] spikes=5  rate=5.00 Hz  time=22.58s
[trial 91/100] input_spikes: pn_exc=1677 vip_inh_bio=355 bg_exc=2293 bg_inh=738
[trial 91/100] spikes=2  rate=2.00 Hz  time=22.49s
[trial 92/100] input_spikes: pn_exc=1722 vip_inh_bio=349 bg_exc=2259 bg_inh=730
[trial 92/100] spikes=7  rate=7.00 Hz  time=22.58s
[trial 93/100] input_spikes: pn_exc=1762 vip_inh_bio=385 bg_exc=2488 bg_inh=769
[trial 93/100] spikes=6  rate=6.00 Hz  time=22.71s
[trial 94/100] input_spikes: pn_exc=1632 vip_inh_bio=380 bg_exc=2198 bg_inh=688
[trial 94/100] spikes=4  rate=4.00 Hz  time=22.49s
[trial 95/100] input_spikes: pn_exc=1540 vip_inh_bio=376 bg_exc=2253 bg_inh=738
[trial 95/100] spikes=2  rate=2.00 Hz  time=22.46s
[trial 96/100] input_spikes: pn_exc=1637 vip_inh_bio=377 bg_exc=2290 bg_inh=713
[trial 96/100] spikes=3  rate=3.00 Hz  time=22.57s
[trial 97/100] input_spikes: pn_exc=1688 vip_inh_bio=351 bg_exc=2321 bg_inh=770
[trial 97/100] spikes=4  rate=4.00 Hz  time=25.37s
[trial 98/100] input_spikes: pn_exc=1748 vip_inh_bio=390 bg_exc=2462 bg_inh=737
[trial 98/100] spikes=2  rate=2.00 Hz  time=26.18s
[trial 99/100] input_spikes: pn_exc=1548 vip_inh_bio=341 bg_exc=2077 bg_inh=668
[trial 99/100] spikes=5  rate=5.00 Hz  time=25.44s
[trial 100/100] input_spikes: pn_exc=1772 vip_inh_bio=396 bg_exc=2351 bg_inh=738
[trial 100/100] spikes=3  rate=3.00 Hz  time=25.51s
save_plots single_plot warning: Top input panel: group list empty, auto-using all groups (4).
Results saved to /home/hrbncv/SCP/cells/SST/tunes/seg_tuned_all/output_data/slurm_42203/parts/slurm_42203_11/run_manifest.json
Total runtime: 2270.05s
