Running: /home/hrbncv/miniconda3/envs/BMTK-py311/bin/python /home/hrbncv/SCP/run_pipeline.py --tune-dir /home/hrbncv/SCP/cells/SST/tunes/seg_tuned_all --output-dir /home/hrbncv/SCP/cells/SST/tunes/seg_tuned_all/output_data/slurm_42203/parts --n-trials 100 --output-stem slurm_42203_28 --trial-offset 2800 --force-save
Loaded mechanisms from /home/hrbncv/SCP/cells/SST/tunes/seg_tuned_all/modfiles/x86_64/.libs/libnrnmech.so
Loaded Allen cell for 'SST' from /home/hrbncv/SCP/cells/SST/tunes/seg_tuned_all/manifest.json, soma_diam_multiplier=10.0, Vinit=-65.0, loader=genome_fallback
Geometry defined for 'SST': 1 soma segs, 54 proximal dend segs, 52 distal dend segs, 115 total dend segs.
[trial 1/100] input_spikes: pn_exc=1705 vip_inh_bio=345 bg_exc=2438 bg_inh=760
[trial 1/100] spikes=4  rate=4.00 Hz  time=22.68s
[trial 2/100] input_spikes: pn_exc=1597 vip_inh_bio=333 bg_exc=2048 bg_inh=667
[trial 2/100] spikes=2  rate=2.00 Hz  time=22.27s
[trial 3/100] input_spikes: pn_exc=1649 vip_inh_bio=376 bg_exc=2401 bg_inh=763
[trial 3/100] spikes=6  rate=6.00 Hz  time=22.60s
[trial 4/100] input_spikes: pn_exc=1661 vip_inh_bio=389 bg_exc=2157 bg_inh=675
[trial 4/100] spikes=6  rate=6.00 Hz  time=22.18s
[trial 5/100] input_spikes: pn_exc=1661 vip_inh_bio=405 bg_exc=2343 bg_inh=776
[trial 5/100] spikes=4  rate=4.00 Hz  time=22.50s
[trial 6/100] input_spikes: pn_exc=1711 vip_inh_bio=374 bg_exc=2288 bg_inh=702
[trial 6/100] spikes=2  rate=2.00 Hz  time=22.52s
[trial 7/100] input_spikes: pn_exc=1630 vip_inh_bio=395 bg_exc=2133 bg_inh=675
[trial 7/100] spikes=1  rate=1.00 Hz  time=22.15s
[trial 8/100] input_spikes: pn_exc=1668 vip_inh_bio=336 bg_exc=2469 bg_inh=801
[trial 8/100] spikes=6  rate=6.00 Hz  time=22.60s
[trial 9/100] input_spikes: pn_exc=1738 vip_inh_bio=368 bg_exc=2467 bg_inh=759
[trial 9/100] spikes=6  rate=6.00 Hz  time=23.00s
[trial 10/100] input_spikes: pn_exc=1639 vip_inh_bio=386 bg_exc=2371 bg_inh=723
[trial 10/100] spikes=6  rate=6.00 Hz  time=22.63s
[trial 11/100] input_spikes: pn_exc=1690 vip_inh_bio=328 bg_exc=2363 bg_inh=798
[trial 11/100] spikes=8  rate=8.00 Hz  time=22.49s
[trial 12/100] input_spikes: pn_exc=1775 vip_inh_bio=370 bg_exc=2416 bg_inh=732
[trial 12/100] spikes=6  rate=6.00 Hz  time=22.62s
[trial 13/100] input_spikes: pn_exc=1656 vip_inh_bio=380 bg_exc=2268 bg_inh=711
[trial 13/100] spikes=5  rate=5.00 Hz  time=22.41s
[trial 14/100] input_spikes: pn_exc=1760 vip_inh_bio=406 bg_exc=2526 bg_inh=761
[trial 14/100] spikes=5  rate=5.00 Hz  time=22.84s
[trial 15/100] input_spikes: pn_exc=1680 vip_inh_bio=369 bg_exc=2419 bg_inh=759
[trial 15/100] spikes=7  rate=7.00 Hz  time=22.46s
[trial 16/100] input_spikes: pn_exc=1604 vip_inh_bio=346 bg_exc=2132 bg_inh=651
[trial 16/100] spikes=3  rate=3.00 Hz  time=22.51s
[trial 17/100] input_spikes: pn_exc=1675 vip_inh_bio=365 bg_exc=2303 bg_inh=749
[trial 17/100] spikes=4  rate=4.00 Hz  time=22.52s
[trial 18/100] input_spikes: pn_exc=1734 vip_inh_bio=389 bg_exc=2460 bg_inh=706
[trial 18/100] spikes=8  rate=8.00 Hz  time=22.73s
[trial 19/100] input_spikes: pn_exc=1513 vip_inh_bio=311 bg_exc=1675 bg_inh=495
[trial 19/100] spikes=4  rate=4.00 Hz  time=21.64s
[trial 20/100] input_spikes: pn_exc=1744 vip_inh_bio=394 bg_exc=2490 bg_inh=807
[trial 20/100] spikes=5  rate=5.00 Hz  time=22.90s
[trial 21/100] input_spikes: pn_exc=1730 vip_inh_bio=349 bg_exc=2419 bg_inh=731
[trial 21/100] spikes=3  rate=3.00 Hz  time=22.89s
[trial 22/100] input_spikes: pn_exc=1703 vip_inh_bio=391 bg_exc=2385 bg_inh=693
[trial 22/100] spikes=7  rate=7.00 Hz  time=22.86s
[trial 23/100] input_spikes: pn_exc=1449 vip_inh_bio=328 bg_exc=1131 bg_inh=332
[trial 23/100] spikes=6  rate=6.00 Hz  time=21.48s
[trial 24/100] input_spikes: pn_exc=1650 vip_inh_bio=351 bg_exc=2203 bg_inh=677
[trial 24/100] spikes=5  rate=5.00 Hz  time=22.35s
[trial 25/100] input_spikes: pn_exc=1735 vip_inh_bio=397 bg_exc=2373 bg_inh=790
[trial 25/100] spikes=2  rate=2.00 Hz  time=22.78s
[trial 26/100] input_spikes: pn_exc=1779 vip_inh_bio=344 bg_exc=2336 bg_inh=746
[trial 26/100] spikes=2  rate=2.00 Hz  time=22.69s
[trial 27/100] input_spikes: pn_exc=1597 vip_inh_bio=357 bg_exc=2148 bg_inh=664
[trial 27/100] spikes=4  rate=4.00 Hz  time=22.38s
[trial 28/100] input_spikes: pn_exc=1667 vip_inh_bio=388 bg_exc=2342 bg_inh=761
[trial 28/100] spikes=6  rate=6.00 Hz  time=22.40s
[trial 29/100] input_spikes: pn_exc=1668 vip_inh_bio=393 bg_exc=2222 bg_inh=666
[trial 29/100] spikes=5  rate=5.00 Hz  time=22.51s
[trial 30/100] input_spikes: pn_exc=1789 vip_inh_bio=366 bg_exc=2505 bg_inh=755
[trial 30/100] spikes=6  rate=6.00 Hz  time=22.77s
[trial 31/100] input_spikes: pn_exc=1615 vip_inh_bio=339 bg_exc=2131 bg_inh=668
[trial 31/100] spikes=2  rate=2.00 Hz  time=22.27s
[trial 32/100] input_spikes: pn_exc=1470 vip_inh_bio=349 bg_exc=2013 bg_inh=634
[trial 32/100] spikes=2  rate=2.00 Hz  time=22.23s
[trial 33/100] input_spikes: pn_exc=1574 vip_inh_bio=337 bg_exc=1966 bg_inh=633
[trial 33/100] spikes=5  rate=5.00 Hz  time=22.11s
[trial 34/100] input_spikes: pn_exc=1716 vip_inh_bio=365 bg_exc=2315 bg_inh=765
[trial 34/100] spikes=4  rate=4.00 Hz  time=22.82s
[trial 35/100] input_spikes: pn_exc=1625 vip_inh_bio=359 bg_exc=2300 bg_inh=707
[trial 35/100] spikes=9  rate=9.00 Hz  time=22.86s
[trial 36/100] input_spikes: pn_exc=1739 vip_inh_bio=387 bg_exc=2424 bg_inh=758
[trial 36/100] spikes=1  rate=1.00 Hz  time=23.23s
[trial 37/100] input_spikes: pn_exc=1571 vip_inh_bio=330 bg_exc=2129 bg_inh=687
[trial 37/100] spikes=3  rate=3.00 Hz  time=22.75s
[trial 38/100] input_spikes: pn_exc=1517 vip_inh_bio=315 bg_exc=1810 bg_inh=591
[trial 38/100] spikes=3  rate=3.00 Hz  time=22.27s
[trial 39/100] input_spikes: pn_exc=1711 vip_inh_bio=382 bg_exc=2477 bg_inh=784
[trial 39/100] spikes=4  rate=4.00 Hz  time=22.97s
[trial 40/100] input_spikes: pn_exc=1694 vip_inh_bio=379 bg_exc=2362 bg_inh=689
[trial 40/100] spikes=4  rate=4.00 Hz  time=22.79s
[trial 41/100] input_spikes: pn_exc=1689 vip_inh_bio=350 bg_exc=2440 bg_inh=755
[trial 41/100] spikes=5  rate=5.00 Hz  time=22.88s
[trial 42/100] input_spikes: pn_exc=1427 vip_inh_bio=325 bg_exc=1476 bg_inh=464
[trial 42/100] spikes=4  rate=4.00 Hz  time=22.04s
[trial 43/100] input_spikes: pn_exc=1698 vip_inh_bio=368 bg_exc=2516 bg_inh=766
[trial 43/100] spikes=4  rate=4.00 Hz  time=23.06s
[trial 44/100] input_spikes: pn_exc=1447 vip_inh_bio=300 bg_exc=1377 bg_inh=403
[trial 44/100] spikes=7  rate=7.00 Hz  time=21.92s
[trial 45/100] input_spikes: pn_exc=1638 vip_inh_bio=356 bg_exc=2290 bg_inh=778
[trial 45/100] spikes=2  rate=2.00 Hz  time=22.64s
[trial 46/100] input_spikes: pn_exc=1625 vip_inh_bio=380 bg_exc=2422 bg_inh=757
[trial 46/100] spikes=4  rate=4.00 Hz  time=22.96s
[trial 47/100] input_spikes: pn_exc=1645 vip_inh_bio=356 bg_exc=2267 bg_inh=672
[trial 47/100] spikes=4  rate=4.00 Hz  time=22.68s
[trial 48/100] input_spikes: pn_exc=1755 vip_inh_bio=355 bg_exc=2353 bg_inh=698
[trial 48/100] spikes=3  rate=3.00 Hz  time=22.85s
[trial 49/100] input_spikes: pn_exc=1645 vip_inh_bio=370 bg_exc=2297 bg_inh=730
[trial 49/100] spikes=5  rate=5.00 Hz  time=22.67s
[trial 50/100] input_spikes: pn_exc=1653 vip_inh_bio=347 bg_exc=2414 bg_inh=769
[trial 50/100] spikes=1  rate=1.00 Hz  time=23.04s
[trial 51/100] input_spikes: pn_exc=1689 vip_inh_bio=388 bg_exc=2439 bg_inh=772
[trial 51/100] spikes=2  rate=2.00 Hz  time=22.90s
[trial 52/100] input_spikes: pn_exc=1786 vip_inh_bio=415 bg_exc=2433 bg_inh=777
[trial 52/100] spikes=2  rate=2.00 Hz  time=23.08s
[trial 53/100] input_spikes: pn_exc=1764 vip_inh_bio=371 bg_exc=2433 bg_inh=798
[trial 53/100] spikes=3  rate=3.00 Hz  time=23.08s
[trial 54/100] input_spikes: pn_exc=1674 vip_inh_bio=359 bg_exc=2336 bg_inh=731
[trial 54/100] spikes=4  rate=4.00 Hz  time=22.84s
[trial 55/100] input_spikes: pn_exc=1717 vip_inh_bio=357 bg_exc=2385 bg_inh=769
[trial 55/100] spikes=5  rate=5.00 Hz  time=22.68s
[trial 56/100] input_spikes: pn_exc=1709 vip_inh_bio=391 bg_exc=2413 bg_inh=696
[trial 56/100] spikes=4  rate=4.00 Hz  time=22.99s
[trial 57/100] input_spikes: pn_exc=1645 vip_inh_bio=353 bg_exc=2284 bg_inh=749
[trial 57/100] spikes=2  rate=2.00 Hz  time=22.80s
[trial 58/100] input_spikes: pn_exc=1785 vip_inh_bio=382 bg_exc=2457 bg_inh=790
[trial 58/100] spikes=7  rate=7.00 Hz  time=22.96s
[trial 59/100] input_spikes: pn_exc=1541 vip_inh_bio=383 bg_exc=2201 bg_inh=720
[trial 59/100] spikes=4  rate=4.00 Hz  time=22.68s
[trial 60/100] input_spikes: pn_exc=1709 vip_inh_bio=344 bg_exc=2530 bg_inh=792
[trial 60/100] spikes=6  rate=6.00 Hz  time=22.98s
[trial 61/100] input_spikes: pn_exc=1479 vip_inh_bio=324 bg_exc=1769 bg_inh=569
[trial 61/100] spikes=6  rate=6.00 Hz  time=22.13s
[trial 62/100] input_spikes: pn_exc=1633 vip_inh_bio=373 bg_exc=2324 bg_inh=759
[trial 62/100] spikes=2  rate=2.00 Hz  time=23.06s
[trial 63/100] input_spikes: pn_exc=1661 vip_inh_bio=366 bg_exc=2419 bg_inh=776
[trial 63/100] spikes=4  rate=4.00 Hz  time=23.42s
[trial 64/100] input_spikes: pn_exc=1627 vip_inh_bio=350 bg_exc=2288 bg_inh=723
[trial 64/100] spikes=5  rate=5.00 Hz  time=22.92s
[trial 65/100] input_spikes: pn_exc=1595 vip_inh_bio=365 bg_exc=2125 bg_inh=712
[trial 65/100] spikes=5  rate=5.00 Hz  time=22.59s
[trial 66/100] input_spikes: pn_exc=1732 vip_inh_bio=382 bg_exc=2421 bg_inh=750
[trial 66/100] spikes=3  rate=3.00 Hz  time=22.92s
[trial 67/100] input_spikes: pn_exc=1682 vip_inh_bio=387 bg_exc=2531 bg_inh=729
[trial 67/100] spikes=2  rate=2.00 Hz  time=23.13s
[trial 68/100] input_spikes: pn_exc=1775 vip_inh_bio=329 bg_exc=2445 bg_inh=768
[trial 68/100] spikes=5  rate=5.00 Hz  time=23.12s
[trial 69/100] input_spikes: pn_exc=1746 vip_inh_bio=382 bg_exc=2404 bg_inh=785
[trial 69/100] spikes=9  rate=9.00 Hz  time=23.23s
[trial 70/100] input_spikes: pn_exc=1715 vip_inh_bio=336 bg_exc=2262 bg_inh=726
[trial 70/100] spikes=3  rate=3.00 Hz  time=22.90s
[trial 71/100] input_spikes: pn_exc=1545 vip_inh_bio=315 bg_exc=1788 bg_inh=548
[trial 71/100] spikes=5  rate=5.00 Hz  time=22.25s
[trial 72/100] input_spikes: pn_exc=1674 vip_inh_bio=358 bg_exc=2398 bg_inh=758
[trial 72/100] spikes=7  rate=7.00 Hz  time=22.97s
[trial 73/100] input_spikes: pn_exc=1688 vip_inh_bio=375 bg_exc=2413 bg_inh=764
[trial 73/100] spikes=3  rate=3.00 Hz  time=22.82s
[trial 74/100] input_spikes: pn_exc=1621 vip_inh_bio=330 bg_exc=2087 bg_inh=653
[trial 74/100] spikes=5  rate=5.00 Hz  time=22.52s
[trial 75/100] input_spikes: pn_exc=1795 vip_inh_bio=347 bg_exc=2347 bg_inh=757
[trial 75/100] spikes=8  rate=8.00 Hz  time=22.93s
[trial 76/100] input_spikes: pn_exc=1697 vip_inh_bio=360 bg_exc=2502 bg_inh=791
[trial 76/100] spikes=2  rate=2.00 Hz  time=23.03s
[trial 77/100] input_spikes: pn_exc=1674 vip_inh_bio=350 bg_exc=2231 bg_inh=739
[trial 77/100] spikes=3  rate=3.00 Hz  time=22.70s
[trial 78/100] input_spikes: pn_exc=1653 vip_inh_bio=362 bg_exc=2282 bg_inh=701
[trial 78/100] spikes=4  rate=4.00 Hz  time=22.71s
[trial 79/100] input_spikes: pn_exc=1662 vip_inh_bio=351 bg_exc=2413 bg_inh=777
[trial 79/100] spikes=10  rate=10.00 Hz  time=23.00s
[trial 80/100] input_spikes: pn_exc=1628 vip_inh_bio=370 bg_exc=2162 bg_inh=673
[trial 80/100] spikes=3  rate=3.00 Hz  time=22.63s
[trial 81/100] input_spikes: pn_exc=1688 vip_inh_bio=387 bg_exc=2438 bg_inh=754
[trial 81/100] spikes=2  rate=2.00 Hz  time=23.01s
[trial 82/100] input_spikes: pn_exc=1627 vip_inh_bio=348 bg_exc=2340 bg_inh=693
[trial 82/100] spikes=3  rate=3.00 Hz  time=22.83s
[trial 83/100] input_spikes: pn_exc=1461 vip_inh_bio=316 bg_exc=1759 bg_inh=540
[trial 83/100] spikes=2  rate=2.00 Hz  time=22.08s
[trial 84/100] input_spikes: pn_exc=1503 vip_inh_bio=305 bg_exc=1905 bg_inh=548
[trial 84/100] spikes=9  rate=9.00 Hz  time=22.34s
[trial 85/100] input_spikes: pn_exc=1713 vip_inh_bio=383 bg_exc=2357 bg_inh=755
[trial 85/100] spikes=1  rate=1.00 Hz  time=23.03s
[trial 86/100] input_spikes: pn_exc=1681 vip_inh_bio=356 bg_exc=2067 bg_inh=633
[trial 86/100] spikes=4  rate=4.00 Hz  time=22.57s
[trial 87/100] input_spikes: pn_exc=1651 vip_inh_bio=376 bg_exc=2281 bg_inh=695
[trial 87/100] spikes=6  rate=6.00 Hz  time=22.62s
[trial 88/100] input_spikes: pn_exc=1629 vip_inh_bio=358 bg_exc=2222 bg_inh=649
[trial 88/100] spikes=4  rate=4.00 Hz  time=22.69s
[trial 89/100] input_spikes: pn_exc=1779 vip_inh_bio=405 bg_exc=2461 bg_inh=825
[trial 89/100] spikes=2  rate=2.00 Hz  time=23.04s
[trial 90/100] input_spikes: pn_exc=1746 vip_inh_bio=353 bg_exc=2431 bg_inh=729
[trial 90/100] spikes=7  rate=7.00 Hz  time=23.00s
[trial 91/100] input_spikes: pn_exc=1606 vip_inh_bio=340 bg_exc=2099 bg_inh=711
[trial 91/100] spikes=5  rate=5.00 Hz  time=22.50s
[trial 92/100] input_spikes: pn_exc=1743 vip_inh_bio=337 bg_exc=2314 bg_inh=679
[trial 92/100] spikes=3  rate=3.00 Hz  time=22.76s
[trial 93/100] input_spikes: pn_exc=1698 vip_inh_bio=385 bg_exc=2520 bg_inh=877
[trial 93/100] spikes=3  rate=3.00 Hz  time=23.17s
[trial 94/100] input_spikes: pn_exc=1733 vip_inh_bio=348 bg_exc=2330 bg_inh=726
[trial 94/100] spikes=8  rate=8.00 Hz  time=23.07s
[trial 95/100] input_spikes: pn_exc=1716 vip_inh_bio=362 bg_exc=2399 bg_inh=772
[trial 95/100] spikes=4  rate=4.00 Hz  time=22.89s
[trial 96/100] input_spikes: pn_exc=1658 vip_inh_bio=369 bg_exc=2525 bg_inh=767
[trial 96/100] spikes=4  rate=4.00 Hz  time=22.88s
[trial 97/100] input_spikes: pn_exc=1704 vip_inh_bio=412 bg_exc=2528 bg_inh=799
[trial 97/100] spikes=3  rate=3.00 Hz  time=22.38s
[trial 98/100] input_spikes: pn_exc=1755 vip_inh_bio=390 bg_exc=2385 bg_inh=737
[trial 98/100] spikes=4  rate=4.00 Hz  time=21.39s
[trial 99/100] input_spikes: pn_exc=1623 vip_inh_bio=377 bg_exc=2299 bg_inh=669
[trial 99/100] spikes=4  rate=4.00 Hz  time=20.77s
[trial 100/100] input_spikes: pn_exc=1478 vip_inh_bio=314 bg_exc=1292 bg_inh=384
[trial 100/100] spikes=3  rate=3.00 Hz  time=19.93s
save_plots single_plot warning: Top input panel: group list empty, auto-using all groups (4).
Results saved to /home/hrbncv/SCP/cells/SST/tunes/seg_tuned_all/output_data/slurm_42203/parts/slurm_42203_28/run_manifest.json
Total runtime: 2265.63s
