Running: python /home/hrbncv/SCP/run_pipeline.py --tune-dir /home/hrbncv/SCP/cells/PV/tunes/seg_tuned --output-dir /home/hrbncv/SCP/cells/PV/tunes/seg_tuned/output_data/slurm_34963/parts --n-trials 40 --output-stem slurm_34963_0 --trial-offset 0 --force-save
Mechanisms already loaded; skipping duplicate load.
Loaded Allen cell for 'PV' from /home/hrbncv/SCP/cells/PV/tunes/seg_tuned/manifest.json, soma_diam_multiplier=6.0, Vinit=-71.0, loader=allensdk_default
Geometry defined for 'PV': 1 soma segs, 46 proximal dend segs, 41 distal dend segs, 97 total dend segs.
[trial 1/40] input_spikes: pn_exc=2785 bg_exc=842 bg_inh=189 sst_inh=388 pv_inh=1174
[trial 1/40] spikes=6  rate=6.00 Hz  time=27.26s
[trial 2/40] input_spikes: pn_exc=2787 bg_exc=837 bg_inh=211 sst_inh=384 pv_inh=1192
[trial 2/40] spikes=7  rate=7.00 Hz  time=27.63s
[trial 3/40] input_spikes: pn_exc=2598 bg_exc=720 bg_inh=157 sst_inh=384 pv_inh=1216
[trial 3/40] spikes=6  rate=6.00 Hz  time=27.35s
[trial 4/40] input_spikes: pn_exc=2737 bg_exc=777 bg_inh=220 sst_inh=410 pv_inh=1237
[trial 4/40] spikes=6  rate=6.00 Hz  time=27.86s
[trial 5/40] input_spikes: pn_exc=2746 bg_exc=854 bg_inh=231 sst_inh=374 pv_inh=1199
[trial 5/40] spikes=6  rate=6.00 Hz  time=27.71s
[trial 6/40] input_spikes: pn_exc=2992 bg_exc=899 bg_inh=221 sst_inh=386 pv_inh=1227
[trial 6/40] spikes=8  rate=8.00 Hz  time=27.39s
[trial 7/40] input_spikes: pn_exc=2728 bg_exc=738 bg_inh=164 sst_inh=378 pv_inh=1203
[trial 7/40] spikes=6  rate=6.00 Hz  time=27.69s
[trial 8/40] input_spikes: pn_exc=2755 bg_exc=825 bg_inh=190 sst_inh=383 pv_inh=1211
[trial 8/40] spikes=5  rate=5.00 Hz  time=27.77s
[trial 9/40] input_spikes: pn_exc=2798 bg_exc=806 bg_inh=208 sst_inh=367 pv_inh=1201
[trial 9/40] spikes=7  rate=7.00 Hz  time=27.50s
[trial 10/40] input_spikes: pn_exc=2848 bg_exc=901 bg_inh=216 sst_inh=375 pv_inh=1196
[trial 10/40] spikes=5  rate=5.00 Hz  time=27.98s
[trial 11/40] input_spikes: pn_exc=2772 bg_exc=866 bg_inh=228 sst_inh=375 pv_inh=1219
[trial 11/40] spikes=7  rate=7.00 Hz  time=27.16s
[trial 12/40] input_spikes: pn_exc=2688 bg_exc=827 bg_inh=203 sst_inh=380 pv_inh=1185
[trial 12/40] spikes=7  rate=7.00 Hz  time=26.63s
[trial 13/40] input_spikes: pn_exc=2732 bg_exc=777 bg_inh=187 sst_inh=345 pv_inh=1236
[trial 13/40] spikes=7  rate=7.00 Hz  time=32.21s
[trial 14/40] input_spikes: pn_exc=2889 bg_exc=908 bg_inh=205 sst_inh=366 pv_inh=1203
[trial 14/40] spikes=7  rate=7.00 Hz  time=34.16s
[trial 15/40] input_spikes: pn_exc=2784 bg_exc=797 bg_inh=211 sst_inh=385 pv_inh=1196
[trial 15/40] spikes=7  rate=7.00 Hz  time=32.24s
[trial 16/40] input_spikes: pn_exc=2861 bg_exc=866 bg_inh=218 sst_inh=376 pv_inh=1154
[trial 16/40] spikes=6  rate=6.00 Hz  time=32.84s
[trial 17/40] input_spikes: pn_exc=2625 bg_exc=768 bg_inh=173 sst_inh=368 pv_inh=1196
[trial 17/40] spikes=7  rate=7.00 Hz  time=32.26s
[trial 18/40] input_spikes: pn_exc=2797 bg_exc=852 bg_inh=202 sst_inh=370 pv_inh=1173
[trial 18/40] spikes=6  rate=6.00 Hz  time=31.98s
[trial 19/40] input_spikes: pn_exc=2634 bg_exc=786 bg_inh=193 sst_inh=390 pv_inh=1197
[trial 19/40] spikes=5  rate=5.00 Hz  time=32.75s
[trial 20/40] input_spikes: pn_exc=2831 bg_exc=879 bg_inh=188 sst_inh=374 pv_inh=1193
[trial 20/40] spikes=9  rate=9.00 Hz  time=32.31s
[trial 21/40] input_spikes: pn_exc=2682 bg_exc=734 bg_inh=185 sst_inh=393 pv_inh=1192
[trial 21/40] spikes=6  rate=6.00 Hz  time=33.88s
[trial 22/40] input_spikes: pn_exc=2666 bg_exc=790 bg_inh=214 sst_inh=401 pv_inh=1192
[trial 22/40] spikes=6  rate=6.00 Hz  time=32.68s
[trial 23/40] input_spikes: pn_exc=2829 bg_exc=804 bg_inh=206 sst_inh=367 pv_inh=1204
[trial 23/40] spikes=7  rate=7.00 Hz  time=31.32s
[trial 24/40] input_spikes: pn_exc=2426 bg_exc=525 bg_inh=122 sst_inh=373 pv_inh=1210
[trial 24/40] spikes=8  rate=8.00 Hz  time=27.08s
[trial 25/40] input_spikes: pn_exc=2911 bg_exc=870 bg_inh=199 sst_inh=394 pv_inh=1228
[trial 25/40] spikes=5  rate=5.00 Hz  time=26.53s
[trial 26/40] input_spikes: pn_exc=2891 bg_exc=855 bg_inh=198 sst_inh=353 pv_inh=1189
[trial 26/40] spikes=7  rate=7.00 Hz  time=26.52s
[trial 27/40] input_spikes: pn_exc=2802 bg_exc=944 bg_inh=211 sst_inh=372 pv_inh=1212
[trial 27/40] spikes=6  rate=6.00 Hz  time=26.12s
[trial 28/40] input_spikes: pn_exc=2829 bg_exc=935 bg_inh=212 sst_inh=377 pv_inh=1199
[trial 28/40] spikes=7  rate=7.00 Hz  time=26.70s
[trial 29/40] input_spikes: pn_exc=2803 bg_exc=833 bg_inh=201 sst_inh=379 pv_inh=1197
[trial 29/40] spikes=8  rate=8.00 Hz  time=26.99s
[trial 30/40] input_spikes: pn_exc=2368 bg_exc=517 bg_inh=108 sst_inh=362 pv_inh=1184
[trial 30/40] spikes=6  rate=6.00 Hz  time=26.40s
[trial 31/40] input_spikes: pn_exc=2829 bg_exc=840 bg_inh=209 sst_inh=359 pv_inh=1192
[trial 31/40] spikes=6  rate=6.00 Hz  time=26.90s
[trial 32/40] input_spikes: pn_exc=2380 bg_exc=691 bg_inh=160 sst_inh=371 pv_inh=1191
[trial 32/40] spikes=7  rate=7.00 Hz  time=26.65s
[trial 33/40] input_spikes: pn_exc=2610 bg_exc=793 bg_inh=193 sst_inh=397 pv_inh=1204
[trial 33/40] spikes=6  rate=6.00 Hz  time=26.37s
[trial 34/40] input_spikes: pn_exc=2667 bg_exc=836 bg_inh=206 sst_inh=375 pv_inh=1196
[trial 34/40] spikes=6  rate=6.00 Hz  time=27.05s
[trial 35/40] input_spikes: pn_exc=2714 bg_exc=774 bg_inh=176 sst_inh=368 pv_inh=1213
[trial 35/40] spikes=8  rate=8.00 Hz  time=27.11s
[trial 36/40] input_spikes: pn_exc=2712 bg_exc=915 bg_inh=228 sst_inh=399 pv_inh=1219
[trial 36/40] spikes=6  rate=6.00 Hz  time=26.55s
[trial 37/40] input_spikes: pn_exc=2833 bg_exc=902 bg_inh=206 sst_inh=389 pv_inh=1252
[trial 37/40] spikes=7  rate=7.00 Hz  time=26.89s
[trial 38/40] input_spikes: pn_exc=2796 bg_exc=809 bg_inh=197 sst_inh=372 pv_inh=1199
[trial 38/40] spikes=6  rate=6.00 Hz  time=26.55s
[trial 39/40] input_spikes: pn_exc=2604 bg_exc=750 bg_inh=190 sst_inh=350 pv_inh=1190
[trial 39/40] spikes=7  rate=7.00 Hz  time=26.35s
[trial 40/40] input_spikes: pn_exc=2768 bg_exc=877 bg_inh=229 sst_inh=375 pv_inh=1160
[trial 40/40] spikes=5  rate=5.00 Hz  time=26.92s
save_plots single_plot warning: Top input panel: group list empty, auto-using all groups (5).
Results saved to /home/hrbncv/SCP/cells/PV/tunes/seg_tuned/output_data/slurm_34963/parts/slurm_34963_0/run_manifest.json
Total runtime: 1143.89s
Submitting merge job: /home/hrbncv/SCP/scripts/merge_array_results_with_status.sh --input-dir /home/hrbncv/SCP/cells/PV/tunes/seg_tuned/output_data/slurm_34963/parts --output-dir /home/hrbncv/SCP/cells/PV/tunes/seg_tuned/output_data/slurm_34963 --job-id 34963 --output-stem results
Submitted batch job 34990
