Running: python /home/hrbncv/SCP/run_pipeline.py --tune-dir /home/hrbncv/SCP/cells/PV/tunes/seg_tuned --output-dir /home/hrbncv/SCP/cells/PV/tunes/seg_tuned/output_data/slurm_35079/parts --n-trials 40 --output-stem slurm_35079_20 --trial-offset 800 --force-save
Mechanisms already loaded; skipping duplicate load.
Loaded Allen cell for 'PV' from /home/hrbncv/SCP/cells/PV/tunes/seg_tuned/manifest.json, soma_diam_multiplier=6.0, Vinit=-71.0, loader=allensdk_default
Geometry defined for 'PV': 1 soma segs, 46 proximal dend segs, 41 distal dend segs, 97 total dend segs.
[trial 1/40] input_spikes: pn_exc=2752 bg_exc=887 bg_inh=189 sst_inh=392 pv_inh=743
[trial 1/40] spikes=5  rate=5.00 Hz  time=26.82s
[trial 2/40] input_spikes: pn_exc=2550 bg_exc=783 bg_inh=171 sst_inh=375 pv_inh=729
[trial 2/40] spikes=6  rate=6.00 Hz  time=26.73s
[trial 3/40] input_spikes: pn_exc=2803 bg_exc=845 bg_inh=213 sst_inh=366 pv_inh=759
[trial 3/40] spikes=7  rate=7.00 Hz  time=26.79s
[trial 4/40] input_spikes: pn_exc=2881 bg_exc=858 bg_inh=230 sst_inh=352 pv_inh=741
[trial 4/40] spikes=8  rate=8.00 Hz  time=26.66s
[trial 5/40] input_spikes: pn_exc=2641 bg_exc=734 bg_inh=188 sst_inh=362 pv_inh=751
[trial 5/40] spikes=6  rate=6.00 Hz  time=26.78s
[trial 6/40] input_spikes: pn_exc=2836 bg_exc=866 bg_inh=198 sst_inh=376 pv_inh=754
[trial 6/40] spikes=6  rate=6.00 Hz  time=26.88s
[trial 7/40] input_spikes: pn_exc=2806 bg_exc=807 bg_inh=185 sst_inh=360 pv_inh=748
[trial 7/40] spikes=7  rate=7.00 Hz  time=26.76s
[trial 8/40] input_spikes: pn_exc=2805 bg_exc=857 bg_inh=246 sst_inh=392 pv_inh=754
[trial 8/40] spikes=7  rate=7.00 Hz  time=27.09s
[trial 9/40] input_spikes: pn_exc=2727 bg_exc=844 bg_inh=184 sst_inh=377 pv_inh=750
[trial 9/40] spikes=5  rate=5.00 Hz  time=26.87s
[trial 10/40] input_spikes: pn_exc=2558 bg_exc=746 bg_inh=178 sst_inh=363 pv_inh=747
[trial 10/40] spikes=6  rate=6.00 Hz  time=26.86s
[trial 11/40] input_spikes: pn_exc=2811 bg_exc=812 bg_inh=223 sst_inh=384 pv_inh=744
[trial 11/40] spikes=6  rate=6.00 Hz  time=26.95s
[trial 12/40] input_spikes: pn_exc=2718 bg_exc=809 bg_inh=195 sst_inh=377 pv_inh=758
[trial 12/40] spikes=7  rate=7.00 Hz  time=26.84s
[trial 13/40] input_spikes: pn_exc=2720 bg_exc=831 bg_inh=194 sst_inh=378 pv_inh=761
[trial 13/40] spikes=6  rate=6.00 Hz  time=26.88s
[trial 14/40] input_spikes: pn_exc=2811 bg_exc=841 bg_inh=207 sst_inh=377 pv_inh=750
[trial 14/40] spikes=7  rate=7.00 Hz  time=26.93s
[trial 15/40] input_spikes: pn_exc=2677 bg_exc=883 bg_inh=203 sst_inh=372 pv_inh=748
[trial 15/40] spikes=6  rate=6.00 Hz  time=26.93s
[trial 16/40] input_spikes: pn_exc=2725 bg_exc=860 bg_inh=186 sst_inh=387 pv_inh=747
[trial 16/40] spikes=8  rate=8.00 Hz  time=26.86s
[trial 17/40] input_spikes: pn_exc=2830 bg_exc=885 bg_inh=188 sst_inh=377 pv_inh=756
[trial 17/40] spikes=8  rate=8.00 Hz  time=26.88s
[trial 18/40] input_spikes: pn_exc=2786 bg_exc=863 bg_inh=207 sst_inh=373 pv_inh=741
[trial 18/40] spikes=7  rate=7.00 Hz  time=26.71s
[trial 19/40] input_spikes: pn_exc=2421 bg_exc=690 bg_inh=165 sst_inh=372 pv_inh=756
[trial 19/40] spikes=5  rate=5.00 Hz  time=26.75s
[trial 20/40] input_spikes: pn_exc=2613 bg_exc=784 bg_inh=193 sst_inh=371 pv_inh=736
[trial 20/40] spikes=6  rate=6.00 Hz  time=26.87s
[trial 21/40] input_spikes: pn_exc=2774 bg_exc=796 bg_inh=220 sst_inh=400 pv_inh=731
[trial 21/40] spikes=8  rate=8.00 Hz  time=26.98s
[trial 22/40] input_spikes: pn_exc=2806 bg_exc=858 bg_inh=210 sst_inh=387 pv_inh=748
[trial 22/40] spikes=6  rate=6.00 Hz  time=26.85s
[trial 23/40] input_spikes: pn_exc=2779 bg_exc=837 bg_inh=214 sst_inh=374 pv_inh=748
[trial 23/40] spikes=7  rate=7.00 Hz  time=26.90s
[trial 24/40] input_spikes: pn_exc=2817 bg_exc=877 bg_inh=223 sst_inh=373 pv_inh=750
[trial 24/40] spikes=7  rate=7.00 Hz  time=26.76s
[trial 25/40] input_spikes: pn_exc=2779 bg_exc=804 bg_inh=191 sst_inh=398 pv_inh=754
[trial 25/40] spikes=7  rate=7.00 Hz  time=26.77s
[trial 26/40] input_spikes: pn_exc=2462 bg_exc=649 bg_inh=160 sst_inh=405 pv_inh=741
[trial 26/40] spikes=7  rate=7.00 Hz  time=26.83s
[trial 27/40] input_spikes: pn_exc=2744 bg_exc=876 bg_inh=201 sst_inh=374 pv_inh=731
[trial 27/40] spikes=8  rate=8.00 Hz  time=26.92s
[trial 28/40] input_spikes: pn_exc=2737 bg_exc=887 bg_inh=214 sst_inh=369 pv_inh=751
[trial 28/40] spikes=6  rate=6.00 Hz  time=27.10s
[trial 29/40] input_spikes: pn_exc=2853 bg_exc=902 bg_inh=215 sst_inh=388 pv_inh=745
[trial 29/40] spikes=6  rate=6.00 Hz  time=26.97s
[trial 30/40] input_spikes: pn_exc=2362 bg_exc=373 bg_inh=91 sst_inh=380 pv_inh=762
[trial 30/40] spikes=4  rate=4.00 Hz  time=26.82s
[trial 31/40] input_spikes: pn_exc=2851 bg_exc=915 bg_inh=197 sst_inh=386 pv_inh=753
[trial 31/40] spikes=8  rate=8.00 Hz  time=26.91s
[trial 32/40] input_spikes: pn_exc=2823 bg_exc=845 bg_inh=201 sst_inh=374 pv_inh=741
[trial 32/40] spikes=5  rate=5.00 Hz  time=26.93s
[trial 33/40] input_spikes: pn_exc=2574 bg_exc=702 bg_inh=168 sst_inh=355 pv_inh=746
[trial 33/40] spikes=8  rate=8.00 Hz  time=26.90s
[trial 34/40] input_spikes: pn_exc=2852 bg_exc=888 bg_inh=202 sst_inh=355 pv_inh=750
[trial 34/40] spikes=8  rate=8.00 Hz  time=26.94s
[trial 35/40] input_spikes: pn_exc=2847 bg_exc=873 bg_inh=216 sst_inh=373 pv_inh=740
[trial 35/40] spikes=6  rate=6.00 Hz  time=27.10s
[trial 36/40] input_spikes: pn_exc=2723 bg_exc=834 bg_inh=183 sst_inh=371 pv_inh=735
[trial 36/40] spikes=6  rate=6.00 Hz  time=26.81s
[trial 37/40] input_spikes: pn_exc=2302 bg_exc=541 bg_inh=154 sst_inh=364 pv_inh=756
[trial 37/40] spikes=6  rate=6.00 Hz  time=26.89s
[trial 38/40] input_spikes: pn_exc=2733 bg_exc=755 bg_inh=179 sst_inh=359 pv_inh=760
[trial 38/40] spikes=8  rate=8.00 Hz  time=26.85s
[trial 39/40] input_spikes: pn_exc=2658 bg_exc=837 bg_inh=173 sst_inh=353 pv_inh=755
[trial 39/40] spikes=7  rate=7.00 Hz  time=26.83s
[trial 40/40] input_spikes: pn_exc=2677 bg_exc=827 bg_inh=184 sst_inh=399 pv_inh=739
[trial 40/40] spikes=8  rate=8.00 Hz  time=26.89s
save_plots single_plot warning: Top input panel: group list empty, auto-using all groups (5).
Results saved to /home/hrbncv/SCP/cells/PV/tunes/seg_tuned/output_data/slurm_35079/parts/slurm_35079_20/run_manifest.json
Total runtime: 1076.39s
