Running: python /home/hrbncv/SCP/run_pipeline.py --tune-dir /home/hrbncv/SCP/cells/SST/tunes/seg_tuned_all --output-dir /home/hrbncv/SCP/cells/SST/tunes/seg_tuned_all/output_data/slurm_29750/parts --n-trials 40 --output-stem slurm_29750_10 --trial-offset 400 --force-save
Loaded mechanisms from /home/hrbncv/SCP/cells/SST/tunes/seg_tuned_all/modfiles/x86_64/.libs/libnrnmech.so
Loaded Allen cell for 'SST' from /home/hrbncv/SCP/cells/SST/tunes/seg_tuned_all/manifest.json, soma_diam_multiplier=10.0, Vinit=-65.0, loader=genome_fallback
Geometry defined for 'SST': 1 soma segs, 54 proximal dend segs, 52 distal dend segs, 115 total dend segs.
[trial 1/40] input_spikes: pn_exc=1561 bg_exc=2739 bg_inh=411
[trial 1/40] spikes=2  rate=1.67 Hz  time=23.22s
[trial 2/40] input_spikes: pn_exc=1493 bg_exc=2634 bg_inh=395
[trial 2/40] spikes=6  rate=5.00 Hz  time=23.17s
[trial 3/40] input_spikes: pn_exc=1588 bg_exc=3065 bg_inh=480
[trial 3/40] spikes=4  rate=3.33 Hz  time=23.32s
[trial 4/40] input_spikes: pn_exc=1536 bg_exc=2968 bg_inh=443
[trial 4/40] spikes=5  rate=4.17 Hz  time=23.34s
[trial 5/40] input_spikes: pn_exc=1648 bg_exc=2982 bg_inh=474
[trial 5/40] spikes=2  rate=1.67 Hz  time=23.91s
[trial 6/40] input_spikes: pn_exc=1639 bg_exc=2861 bg_inh=448
[trial 6/40] spikes=5  rate=4.17 Hz  time=23.73s
[trial 7/40] input_spikes: pn_exc=1476 bg_exc=2661 bg_inh=413
[trial 7/40] spikes=4  rate=3.33 Hz  time=23.75s
[trial 8/40] input_spikes: pn_exc=1552 bg_exc=3002 bg_inh=454
[trial 8/40] spikes=3  rate=2.50 Hz  time=23.67s
[trial 9/40] input_spikes: pn_exc=1474 bg_exc=2621 bg_inh=424
[trial 9/40] spikes=4  rate=3.33 Hz  time=23.93s
[trial 10/40] input_spikes: pn_exc=1650 bg_exc=3047 bg_inh=506
[trial 10/40] spikes=3  rate=2.50 Hz  time=23.85s
[trial 11/40] input_spikes: pn_exc=1610 bg_exc=2772 bg_inh=422
[trial 11/40] spikes=5  rate=4.17 Hz  time=23.99s
[trial 12/40] input_spikes: pn_exc=1553 bg_exc=2906 bg_inh=479
[trial 12/40] spikes=5  rate=4.17 Hz  time=23.68s
[trial 13/40] input_spikes: pn_exc=1577 bg_exc=2728 bg_inh=430
[trial 13/40] spikes=6  rate=5.00 Hz  time=24.24s
[trial 14/40] input_spikes: pn_exc=1546 bg_exc=2752 bg_inh=437
[trial 14/40] spikes=4  rate=3.33 Hz  time=24.24s
[trial 15/40] input_spikes: pn_exc=1651 bg_exc=2889 bg_inh=478
[trial 15/40] spikes=4  rate=3.33 Hz  time=24.18s
[trial 16/40] input_spikes: pn_exc=1618 bg_exc=2951 bg_inh=473
[trial 16/40] spikes=5  rate=4.17 Hz  time=23.96s
[trial 17/40] input_spikes: pn_exc=1652 bg_exc=2806 bg_inh=414
[trial 17/40] spikes=6  rate=5.00 Hz  time=23.85s
[trial 18/40] input_spikes: pn_exc=1593 bg_exc=2827 bg_inh=390
[trial 18/40] spikes=5  rate=4.17 Hz  time=24.23s
[trial 19/40] input_spikes: pn_exc=1546 bg_exc=2812 bg_inh=442
[trial 19/40] spikes=2  rate=1.67 Hz  time=24.21s
[trial 20/40] input_spikes: pn_exc=1612 bg_exc=2709 bg_inh=462
[trial 20/40] spikes=3  rate=2.50 Hz  time=24.03s
[trial 21/40] input_spikes: pn_exc=1581 bg_exc=2869 bg_inh=478
[trial 21/40] spikes=1  rate=0.83 Hz  time=24.06s
[trial 22/40] input_spikes: pn_exc=1585 bg_exc=2831 bg_inh=457
[trial 22/40] spikes=4  rate=3.33 Hz  time=23.86s
[trial 23/40] input_spikes: pn_exc=1599 bg_exc=2917 bg_inh=464
[trial 23/40] spikes=5  rate=4.17 Hz  time=24.01s
[trial 24/40] input_spikes: pn_exc=1633 bg_exc=2906 bg_inh=480
[trial 24/40] spikes=3  rate=2.50 Hz  time=24.26s
[trial 25/40] input_spikes: pn_exc=1598 bg_exc=2935 bg_inh=465
[trial 25/40] spikes=4  rate=3.33 Hz  time=23.86s
[trial 26/40] input_spikes: pn_exc=1594 bg_exc=3033 bg_inh=451
[trial 26/40] spikes=4  rate=3.33 Hz  time=23.99s
[trial 27/40] input_spikes: pn_exc=1673 bg_exc=2988 bg_inh=424
[trial 27/40] spikes=4  rate=3.33 Hz  time=24.16s
[trial 28/40] input_spikes: pn_exc=1640 bg_exc=3034 bg_inh=432
[trial 28/40] spikes=5  rate=4.17 Hz  time=23.91s
[trial 29/40] input_spikes: pn_exc=1651 bg_exc=2823 bg_inh=455
[trial 29/40] spikes=6  rate=5.00 Hz  time=23.71s
[trial 30/40] input_spikes: pn_exc=1668 bg_exc=2861 bg_inh=459
[trial 30/40] spikes=5  rate=4.17 Hz  time=23.72s
[trial 31/40] input_spikes: pn_exc=1520 bg_exc=2624 bg_inh=435
[trial 31/40] spikes=5  rate=4.17 Hz  time=23.76s
[trial 32/40] input_spikes: pn_exc=1453 bg_exc=2635 bg_inh=433
[trial 32/40] spikes=2  rate=1.67 Hz  time=23.61s
[trial 33/40] input_spikes: pn_exc=1559 bg_exc=2777 bg_inh=440
[trial 33/40] spikes=3  rate=2.50 Hz  time=23.75s
[trial 34/40] input_spikes: pn_exc=1417 bg_exc=2645 bg_inh=413
[trial 34/40] spikes=3  rate=2.50 Hz  time=23.58s
[trial 35/40] input_spikes: pn_exc=1660 bg_exc=2946 bg_inh=455
[trial 35/40] spikes=4  rate=3.33 Hz  time=23.78s
[trial 36/40] input_spikes: pn_exc=1639 bg_exc=2992 bg_inh=451
[trial 36/40] spikes=5  rate=4.17 Hz  time=23.81s
[trial 37/40] input_spikes: pn_exc=1491 bg_exc=2857 bg_inh=473
[trial 37/40] spikes=2  rate=1.67 Hz  time=23.95s
[trial 38/40] input_spikes: pn_exc=1572 bg_exc=2904 bg_inh=413
[trial 38/40] spikes=4  rate=3.33 Hz  time=23.58s
[trial 39/40] input_spikes: pn_exc=1583 bg_exc=2901 bg_inh=457
[trial 39/40] spikes=6  rate=5.00 Hz  time=23.83s
[trial 40/40] input_spikes: pn_exc=1711 bg_exc=2889 bg_inh=468
[trial 40/40] spikes=6  rate=5.00 Hz  time=23.46s
Results saved to /home/hrbncv/SCP/cells/SST/tunes/seg_tuned_all/output_data/slurm_29750/parts/slurm_29750_10/run_manifest.json
Total runtime: 953.41s
