Running: /home/hrbncv/miniconda3/envs/BMTK-py311/bin/python /home/hrbncv/SCP/run_pipeline.py --tune-dir /home/hrbncv/SCP/cells/SST/tunes/seg_tuned_all --output-dir /home/hrbncv/SCP/cells/SST/tunes/seg_tuned_all/output_data/slurm_42203/parts --n-trials 100 --output-stem slurm_42203_38 --trial-offset 3800 --force-save
Loaded mechanisms from /home/hrbncv/SCP/cells/SST/tunes/seg_tuned_all/modfiles/x86_64/.libs/libnrnmech.so
Loaded Allen cell for 'SST' from /home/hrbncv/SCP/cells/SST/tunes/seg_tuned_all/manifest.json, soma_diam_multiplier=10.0, Vinit=-65.0, loader=genome_fallback
Geometry defined for 'SST': 1 soma segs, 54 proximal dend segs, 52 distal dend segs, 115 total dend segs.
[trial 1/100] input_spikes: pn_exc=1707 vip_inh_bio=360 bg_exc=2410 bg_inh=785
[trial 1/100] spikes=7  rate=7.00 Hz  time=22.17s
[trial 2/100] input_spikes: pn_exc=1719 vip_inh_bio=347 bg_exc=2206 bg_inh=726
[trial 2/100] spikes=5  rate=5.00 Hz  time=22.09s
[trial 3/100] input_spikes: pn_exc=1722 vip_inh_bio=364 bg_exc=2550 bg_inh=791
[trial 3/100] spikes=2  rate=2.00 Hz  time=22.34s
[trial 4/100] input_spikes: pn_exc=1700 vip_inh_bio=392 bg_exc=2401 bg_inh=763
[trial 4/100] spikes=2  rate=2.00 Hz  time=22.00s
[trial 5/100] input_spikes: pn_exc=1653 vip_inh_bio=377 bg_exc=2347 bg_inh=786
[trial 5/100] spikes=5  rate=5.00 Hz  time=22.06s
[trial 6/100] input_spikes: pn_exc=1702 vip_inh_bio=367 bg_exc=2523 bg_inh=778
[trial 6/100] spikes=6  rate=6.00 Hz  time=22.15s
[trial 7/100] input_spikes: pn_exc=1655 vip_inh_bio=357 bg_exc=2427 bg_inh=783
[trial 7/100] spikes=5  rate=5.00 Hz  time=22.06s
[trial 8/100] input_spikes: pn_exc=1739 vip_inh_bio=397 bg_exc=2272 bg_inh=766
[trial 8/100] spikes=3  rate=3.00 Hz  time=21.90s
[trial 9/100] input_spikes: pn_exc=1679 vip_inh_bio=354 bg_exc=2383 bg_inh=720
[trial 9/100] spikes=6  rate=6.00 Hz  time=22.81s
[trial 10/100] input_spikes: pn_exc=1647 vip_inh_bio=369 bg_exc=2248 bg_inh=783
[trial 10/100] spikes=2  rate=2.00 Hz  time=21.99s
[trial 11/100] input_spikes: pn_exc=1779 vip_inh_bio=404 bg_exc=2488 bg_inh=770
[trial 11/100] spikes=7  rate=7.00 Hz  time=22.17s
[trial 12/100] input_spikes: pn_exc=1774 vip_inh_bio=362 bg_exc=2401 bg_inh=753
[trial 12/100] spikes=6  rate=6.00 Hz  time=22.14s
[trial 13/100] input_spikes: pn_exc=1787 vip_inh_bio=401 bg_exc=2456 bg_inh=772
[trial 13/100] spikes=1  rate=1.00 Hz  time=22.26s
[trial 14/100] input_spikes: pn_exc=1669 vip_inh_bio=385 bg_exc=2278 bg_inh=728
[trial 14/100] spikes=3  rate=3.00 Hz  time=21.93s
[trial 15/100] input_spikes: pn_exc=1728 vip_inh_bio=358 bg_exc=2349 bg_inh=733
[trial 15/100] spikes=4  rate=4.00 Hz  time=22.06s
[trial 16/100] input_spikes: pn_exc=1715 vip_inh_bio=406 bg_exc=2429 bg_inh=750
[trial 16/100] spikes=2  rate=2.00 Hz  time=22.07s
[trial 17/100] input_spikes: pn_exc=1722 vip_inh_bio=386 bg_exc=2308 bg_inh=708
[trial 17/100] spikes=3  rate=3.00 Hz  time=21.97s
[trial 18/100] input_spikes: pn_exc=1702 vip_inh_bio=387 bg_exc=2349 bg_inh=811
[trial 18/100] spikes=5  rate=5.00 Hz  time=22.03s
[trial 19/100] input_spikes: pn_exc=1736 vip_inh_bio=342 bg_exc=2453 bg_inh=687
[trial 19/100] spikes=3  rate=3.00 Hz  time=22.11s
[trial 20/100] input_spikes: pn_exc=1353 vip_inh_bio=292 bg_exc=1590 bg_inh=540
[trial 20/100] spikes=5  rate=5.00 Hz  time=21.24s
[trial 21/100] input_spikes: pn_exc=1766 vip_inh_bio=389 bg_exc=2437 bg_inh=816
[trial 21/100] spikes=1  rate=1.00 Hz  time=22.25s
[trial 22/100] input_spikes: pn_exc=1712 vip_inh_bio=373 bg_exc=2255 bg_inh=729
[trial 22/100] spikes=2  rate=2.00 Hz  time=22.10s
[trial 23/100] input_spikes: pn_exc=1649 vip_inh_bio=324 bg_exc=2171 bg_inh=707
[trial 23/100] spikes=4  rate=4.00 Hz  time=21.91s
[trial 24/100] input_spikes: pn_exc=1742 vip_inh_bio=364 bg_exc=2253 bg_inh=723
[trial 24/100] spikes=4  rate=4.00 Hz  time=21.85s
[trial 25/100] input_spikes: pn_exc=1799 vip_inh_bio=363 bg_exc=2473 bg_inh=789
[trial 25/100] spikes=4  rate=4.00 Hz  time=22.22s
[trial 26/100] input_spikes: pn_exc=1656 vip_inh_bio=350 bg_exc=2223 bg_inh=679
[trial 26/100] spikes=7  rate=7.00 Hz  time=21.66s
[trial 27/100] input_spikes: pn_exc=1713 vip_inh_bio=349 bg_exc=2368 bg_inh=756
[trial 27/100] spikes=6  rate=6.00 Hz  time=22.15s
[trial 28/100] input_spikes: pn_exc=1771 vip_inh_bio=392 bg_exc=2648 bg_inh=761
[trial 28/100] spikes=7  rate=7.00 Hz  time=22.15s
[trial 29/100] input_spikes: pn_exc=1695 vip_inh_bio=381 bg_exc=2361 bg_inh=787
[trial 29/100] spikes=2  rate=2.00 Hz  time=22.00s
[trial 30/100] input_spikes: pn_exc=1606 vip_inh_bio=328 bg_exc=2251 bg_inh=684
[trial 30/100] spikes=4  rate=4.00 Hz  time=21.46s
[trial 31/100] input_spikes: pn_exc=1665 vip_inh_bio=379 bg_exc=2391 bg_inh=749
[trial 31/100] spikes=2  rate=2.00 Hz  time=22.02s
[trial 32/100] input_spikes: pn_exc=1658 vip_inh_bio=355 bg_exc=2223 bg_inh=736
[trial 32/100] spikes=5  rate=5.00 Hz  time=21.87s
[trial 33/100] input_spikes: pn_exc=1706 vip_inh_bio=391 bg_exc=2440 bg_inh=734
[trial 33/100] spikes=3  rate=3.00 Hz  time=22.24s
[trial 34/100] input_spikes: pn_exc=1700 vip_inh_bio=386 bg_exc=2393 bg_inh=748
[trial 34/100] spikes=6  rate=6.00 Hz  time=22.15s
[trial 35/100] input_spikes: pn_exc=1571 vip_inh_bio=371 bg_exc=2114 bg_inh=725
[trial 35/100] spikes=2  rate=2.00 Hz  time=21.77s
[trial 36/100] input_spikes: pn_exc=1688 vip_inh_bio=347 bg_exc=2385 bg_inh=702
[trial 36/100] spikes=4  rate=4.00 Hz  time=21.58s
[trial 37/100] input_spikes: pn_exc=1525 vip_inh_bio=321 bg_exc=2077 bg_inh=588
[trial 37/100] spikes=7  rate=7.00 Hz  time=21.38s
[trial 38/100] input_spikes: pn_exc=1654 vip_inh_bio=343 bg_exc=2421 bg_inh=759
[trial 38/100] spikes=3  rate=3.00 Hz  time=21.85s
[trial 39/100] input_spikes: pn_exc=1615 vip_inh_bio=364 bg_exc=2310 bg_inh=747
[trial 39/100] spikes=4  rate=4.00 Hz  time=21.74s
[trial 40/100] input_spikes: pn_exc=1692 vip_inh_bio=382 bg_exc=2274 bg_inh=770
[trial 40/100] spikes=5  rate=5.00 Hz  time=21.65s
[trial 41/100] input_spikes: pn_exc=1781 vip_inh_bio=363 bg_exc=2469 bg_inh=783
[trial 41/100] spikes=7  rate=7.00 Hz  time=21.91s
[trial 42/100] input_spikes: pn_exc=1642 vip_inh_bio=401 bg_exc=2241 bg_inh=737
[trial 42/100] spikes=3  rate=3.00 Hz  time=21.56s
[trial 43/100] input_spikes: pn_exc=1686 vip_inh_bio=394 bg_exc=2414 bg_inh=725
[trial 43/100] spikes=2  rate=2.00 Hz  time=21.75s
[trial 44/100] input_spikes: pn_exc=1669 vip_inh_bio=364 bg_exc=2306 bg_inh=733
[trial 44/100] spikes=6  rate=6.00 Hz  time=21.62s
[trial 45/100] input_spikes: pn_exc=1503 vip_inh_bio=345 bg_exc=1891 bg_inh=591
[trial 45/100] spikes=3  rate=3.00 Hz  time=21.32s
[trial 46/100] input_spikes: pn_exc=1642 vip_inh_bio=383 bg_exc=2272 bg_inh=647
[trial 46/100] spikes=4  rate=4.00 Hz  time=21.52s
[trial 47/100] input_spikes: pn_exc=1626 vip_inh_bio=348 bg_exc=2204 bg_inh=687
[trial 47/100] spikes=5  rate=5.00 Hz  time=21.51s
[trial 48/100] input_spikes: pn_exc=1736 vip_inh_bio=381 bg_exc=2412 bg_inh=748
[trial 48/100] spikes=2  rate=2.00 Hz  time=21.78s
[trial 49/100] input_spikes: pn_exc=1691 vip_inh_bio=337 bg_exc=2185 bg_inh=649
[trial 49/100] spikes=2  rate=2.00 Hz  time=21.62s
[trial 50/100] input_spikes: pn_exc=1650 vip_inh_bio=325 bg_exc=2176 bg_inh=709
[trial 50/100] spikes=0  rate=0.00 Hz  time=21.49s
[trial 51/100] input_spikes: pn_exc=1740 vip_inh_bio=351 bg_exc=2336 bg_inh=768
[trial 51/100] spikes=6  rate=6.00 Hz  time=21.74s
[trial 52/100] input_spikes: pn_exc=1583 vip_inh_bio=432 bg_exc=2394 bg_inh=702
[trial 52/100] spikes=3  rate=3.00 Hz  time=21.69s
[trial 53/100] input_spikes: pn_exc=1701 vip_inh_bio=351 bg_exc=2226 bg_inh=722
[trial 53/100] spikes=3  rate=3.00 Hz  time=21.96s
[trial 54/100] input_spikes: pn_exc=1627 vip_inh_bio=377 bg_exc=2230 bg_inh=705
[trial 54/100] spikes=5  rate=5.00 Hz  time=21.61s
[trial 55/100] input_spikes: pn_exc=1674 vip_inh_bio=370 bg_exc=2367 bg_inh=697
[trial 55/100] spikes=2  rate=2.00 Hz  time=21.76s
[trial 56/100] input_spikes: pn_exc=1615 vip_inh_bio=367 bg_exc=2234 bg_inh=691
[trial 56/100] spikes=3  rate=3.00 Hz  time=21.47s
[trial 57/100] input_spikes: pn_exc=1691 vip_inh_bio=372 bg_exc=2404 bg_inh=826
[trial 57/100] spikes=5  rate=5.00 Hz  time=21.83s
[trial 58/100] input_spikes: pn_exc=1620 vip_inh_bio=360 bg_exc=2298 bg_inh=692
[trial 58/100] spikes=7  rate=7.00 Hz  time=21.56s
[trial 59/100] input_spikes: pn_exc=1458 vip_inh_bio=344 bg_exc=1997 bg_inh=610
[trial 59/100] spikes=5  rate=5.00 Hz  time=21.42s
[trial 60/100] input_spikes: pn_exc=1680 vip_inh_bio=333 bg_exc=2186 bg_inh=705
[trial 60/100] spikes=1  rate=1.00 Hz  time=21.47s
[trial 61/100] input_spikes: pn_exc=1713 vip_inh_bio=406 bg_exc=2469 bg_inh=809
[trial 61/100] spikes=4  rate=4.00 Hz  time=22.09s
[trial 62/100] input_spikes: pn_exc=1758 vip_inh_bio=416 bg_exc=2404 bg_inh=792
[trial 62/100] spikes=3  rate=3.00 Hz  time=21.87s
[trial 63/100] input_spikes: pn_exc=1366 vip_inh_bio=323 bg_exc=1756 bg_inh=570
[trial 63/100] spikes=4  rate=4.00 Hz  time=21.54s
[trial 64/100] input_spikes: pn_exc=1707 vip_inh_bio=370 bg_exc=2485 bg_inh=818
[trial 64/100] spikes=6  rate=6.00 Hz  time=23.68s
[trial 65/100] input_spikes: pn_exc=1717 vip_inh_bio=387 bg_exc=2404 bg_inh=787
[trial 65/100] spikes=3  rate=3.00 Hz  time=22.77s
[trial 66/100] input_spikes: pn_exc=1714 vip_inh_bio=366 bg_exc=2514 bg_inh=773
[trial 66/100] spikes=4  rate=4.00 Hz  time=23.10s
[trial 67/100] input_spikes: pn_exc=1595 vip_inh_bio=349 bg_exc=2047 bg_inh=610
[trial 67/100] spikes=4  rate=4.00 Hz  time=21.51s
[trial 68/100] input_spikes: pn_exc=1720 vip_inh_bio=381 bg_exc=2438 bg_inh=687
[trial 68/100] spikes=1  rate=1.00 Hz  time=21.62s
[trial 69/100] input_spikes: pn_exc=1603 vip_inh_bio=326 bg_exc=2196 bg_inh=692
[trial 69/100] spikes=4  rate=4.00 Hz  time=21.72s
[trial 70/100] input_spikes: pn_exc=1583 vip_inh_bio=370 bg_exc=2241 bg_inh=701
[trial 70/100] spikes=7  rate=7.00 Hz  time=21.46s
[trial 71/100] input_spikes: pn_exc=1765 vip_inh_bio=380 bg_exc=2381 bg_inh=735
[trial 71/100] spikes=2  rate=2.00 Hz  time=21.96s
[trial 72/100] input_spikes: pn_exc=1704 vip_inh_bio=408 bg_exc=2423 bg_inh=774
[trial 72/100] spikes=5  rate=5.00 Hz  time=21.82s
[trial 73/100] input_spikes: pn_exc=1654 vip_inh_bio=372 bg_exc=2273 bg_inh=698
[trial 73/100] spikes=5  rate=5.00 Hz  time=21.67s
[trial 74/100] input_spikes: pn_exc=1717 vip_inh_bio=420 bg_exc=2471 bg_inh=745
[trial 74/100] spikes=2  rate=2.00 Hz  time=21.79s
[trial 75/100] input_spikes: pn_exc=1641 vip_inh_bio=352 bg_exc=2335 bg_inh=730
[trial 75/100] spikes=5  rate=5.00 Hz  time=21.70s
[trial 76/100] input_spikes: pn_exc=1616 vip_inh_bio=359 bg_exc=2185 bg_inh=650
[trial 76/100] spikes=5  rate=5.00 Hz  time=21.47s
[trial 77/100] input_spikes: pn_exc=1837 vip_inh_bio=376 bg_exc=2454 bg_inh=767
[trial 77/100] spikes=3  rate=3.00 Hz  time=21.89s
[trial 78/100] input_spikes: pn_exc=1653 vip_inh_bio=382 bg_exc=2185 bg_inh=674
[trial 78/100] spikes=5  rate=5.00 Hz  time=21.53s
[trial 79/100] input_spikes: pn_exc=1593 vip_inh_bio=338 bg_exc=2039 bg_inh=636
[trial 79/100] spikes=3  rate=3.00 Hz  time=21.56s
[trial 80/100] input_spikes: pn_exc=1725 vip_inh_bio=356 bg_exc=2528 bg_inh=805
[trial 80/100] spikes=8  rate=8.00 Hz  time=21.97s
[trial 81/100] input_spikes: pn_exc=1737 vip_inh_bio=359 bg_exc=2347 bg_inh=783
[trial 81/100] spikes=7  rate=7.00 Hz  time=21.96s
[trial 82/100] input_spikes: pn_exc=1834 vip_inh_bio=379 bg_exc=2431 bg_inh=784
[trial 82/100] spikes=5  rate=5.00 Hz  time=21.92s
[trial 83/100] input_spikes: pn_exc=1662 vip_inh_bio=336 bg_exc=2294 bg_inh=725
[trial 83/100] spikes=5  rate=5.00 Hz  time=21.83s
[trial 84/100] input_spikes: pn_exc=1763 vip_inh_bio=360 bg_exc=2402 bg_inh=744
[trial 84/100] spikes=3  rate=3.00 Hz  time=21.94s
[trial 85/100] input_spikes: pn_exc=1732 vip_inh_bio=366 bg_exc=2394 bg_inh=743
[trial 85/100] spikes=6  rate=6.00 Hz  time=21.87s
[trial 86/100] input_spikes: pn_exc=1756 vip_inh_bio=352 bg_exc=2554 bg_inh=781
[trial 86/100] spikes=5  rate=5.00 Hz  time=21.94s
[trial 87/100] input_spikes: pn_exc=1696 vip_inh_bio=406 bg_exc=2460 bg_inh=754
[trial 87/100] spikes=4  rate=4.00 Hz  time=22.04s
[trial 88/100] input_spikes: pn_exc=1757 vip_inh_bio=370 bg_exc=2346 bg_inh=752
[trial 88/100] spikes=4  rate=4.00 Hz  time=21.75s
[trial 89/100] input_spikes: pn_exc=1738 vip_inh_bio=374 bg_exc=2394 bg_inh=732
[trial 89/100] spikes=7  rate=7.00 Hz  time=22.02s
[trial 90/100] input_spikes: pn_exc=1778 vip_inh_bio=370 bg_exc=2443 bg_inh=712
[trial 90/100] spikes=7  rate=7.00 Hz  time=21.83s
[trial 91/100] input_spikes: pn_exc=1632 vip_inh_bio=359 bg_exc=2100 bg_inh=710
[trial 91/100] spikes=2  rate=2.00 Hz  time=21.57s
[trial 92/100] input_spikes: pn_exc=1774 vip_inh_bio=385 bg_exc=2386 bg_inh=747
[trial 92/100] spikes=4  rate=4.00 Hz  time=21.92s
[trial 93/100] input_spikes: pn_exc=1628 vip_inh_bio=347 bg_exc=2068 bg_inh=642
[trial 93/100] spikes=5  rate=5.00 Hz  time=21.51s
[trial 94/100] input_spikes: pn_exc=1649 vip_inh_bio=370 bg_exc=2323 bg_inh=695
[trial 94/100] spikes=4  rate=4.00 Hz  time=21.78s
[trial 95/100] input_spikes: pn_exc=1684 vip_inh_bio=395 bg_exc=2472 bg_inh=799
[trial 95/100] spikes=6  rate=6.00 Hz  time=22.11s
[trial 96/100] input_spikes: pn_exc=1694 vip_inh_bio=375 bg_exc=2325 bg_inh=710
[trial 96/100] spikes=6  rate=6.00 Hz  time=21.76s
[trial 97/100] input_spikes: pn_exc=1529 vip_inh_bio=319 bg_exc=1922 bg_inh=632
[trial 97/100] spikes=5  rate=5.00 Hz  time=21.45s
[trial 98/100] input_spikes: pn_exc=1685 vip_inh_bio=373 bg_exc=2452 bg_inh=739
[trial 98/100] spikes=4  rate=4.00 Hz  time=21.82s
[trial 99/100] input_spikes: pn_exc=1689 vip_inh_bio=334 bg_exc=2429 bg_inh=724
[trial 99/100] spikes=5  rate=5.00 Hz  time=21.92s
[trial 100/100] input_spikes: pn_exc=1669 vip_inh_bio=391 bg_exc=2497 bg_inh=750
[trial 100/100] spikes=1  rate=1.00 Hz  time=21.49s
save_plots single_plot warning: Top input panel: group list empty, auto-using all groups (4).
Results saved to /home/hrbncv/SCP/cells/SST/tunes/seg_tuned_all/output_data/slurm_42203/parts/slurm_42203_38/run_manifest.json
Total runtime: 2189.83s
