Running: /home/hrbncv/miniconda3/envs/BMTK-py311/bin/python /home/hrbncv/SCP/run_pipeline.py --tune-dir /home/hrbncv/SCP/cells/SST/tunes/seg_tuned --output-dir /home/hrbncv/SCP/cells/SST/tunes/seg_tuned/output_data/slurm_45349/parts --n-trials 20 --output-stem slurm_45349_11 --trial-offset 220 --force-save
Loaded mechanisms from /home/hrbncv/SCP/cells/SST/tunes/seg_tuned/modfiles/x86_64/.libs/libnrnmech.so
Loaded Allen cell for 'SST' from /home/hrbncv/SCP/cells/SST/tunes/seg_tuned/manifest.json, soma_diam_multiplier=10.0, Vinit=-65.0, loader=genome_fallback
Geometry defined for 'SST': 1 soma segs, 54 proximal dend segs, 52 distal dend segs, 115 total dend segs.
[trial 1/20] input_spikes: pn_exc=1739 bg_exc=2491 bg_inh=818
[trial 1/20] spikes=10  rate=10.00 Hz  time=22.03s
[trial 2/20] input_spikes: pn_exc=1604 bg_exc=2433 bg_inh=798
[trial 2/20] spikes=13  rate=13.00 Hz  time=22.22s
[trial 3/20] input_spikes: pn_exc=1684 bg_exc=2302 bg_inh=686
[trial 3/20] spikes=15  rate=15.00 Hz  time=21.86s
[trial 4/20] input_spikes: pn_exc=1740 bg_exc=2498 bg_inh=813
[trial 4/20] spikes=12  rate=12.00 Hz  time=22.15s
[trial 5/20] input_spikes: pn_exc=1698 bg_exc=2513 bg_inh=726
[trial 5/20] spikes=15  rate=15.00 Hz  time=22.01s
[trial 6/20] input_spikes: pn_exc=1753 bg_exc=2536 bg_inh=731
[trial 6/20] spikes=21  rate=21.00 Hz  time=22.26s
[trial 7/20] input_spikes: pn_exc=1594 bg_exc=2014 bg_inh=651
[trial 7/20] spikes=14  rate=14.00 Hz  time=21.52s
[trial 8/20] input_spikes: pn_exc=1798 bg_exc=2547 bg_inh=787
[trial 8/20] spikes=15  rate=15.00 Hz  time=22.24s
[trial 9/20] input_spikes: pn_exc=1683 bg_exc=2388 bg_inh=747
[trial 9/20] spikes=13  rate=13.00 Hz  time=22.05s
[trial 10/20] input_spikes: pn_exc=1614 bg_exc=2073 bg_inh=696
[trial 10/20] spikes=7  rate=7.00 Hz  time=21.77s
[trial 11/20] input_spikes: pn_exc=1667 bg_exc=2419 bg_inh=723
[trial 11/20] spikes=10  rate=10.00 Hz  time=22.00s
[trial 12/20] input_spikes: pn_exc=1775 bg_exc=2413 bg_inh=780
[trial 12/20] spikes=13  rate=13.00 Hz  time=22.29s
[trial 13/20] input_spikes: pn_exc=1753 bg_exc=2472 bg_inh=746
[trial 13/20] spikes=17  rate=17.00 Hz  time=22.02s
[trial 14/20] input_spikes: pn_exc=1691 bg_exc=2535 bg_inh=729
[trial 14/20] spikes=17  rate=17.00 Hz  time=22.26s
[trial 15/20] input_spikes: pn_exc=1661 bg_exc=2407 bg_inh=728
[trial 15/20] spikes=12  rate=12.00 Hz  time=22.05s
[trial 16/20] input_spikes: pn_exc=1645 bg_exc=1991 bg_inh=642
[trial 16/20] spikes=15  rate=15.00 Hz  time=21.86s
[trial 17/20] input_spikes: pn_exc=1774 bg_exc=2440 bg_inh=741
[trial 17/20] spikes=17  rate=17.00 Hz  time=22.14s
[trial 18/20] input_spikes: pn_exc=1694 bg_exc=2370 bg_inh=740
[trial 18/20] spikes=18  rate=18.00 Hz  time=22.02s
[trial 19/20] input_spikes: pn_exc=1752 bg_exc=2381 bg_inh=804
[trial 19/20] spikes=11  rate=11.00 Hz  time=22.10s
[trial 20/20] input_spikes: pn_exc=1489 bg_exc=1852 bg_inh=587
[trial 20/20] spikes=13  rate=13.00 Hz  time=21.13s
save_plots single_plot warning: Top input panel: group list empty, auto-using all groups (3).
Results saved to /home/hrbncv/SCP/cells/SST/tunes/seg_tuned/output_data/slurm_45349/parts/slurm_45349_11/run_manifest.json
Total runtime: 441.25s
