Running: python /home/hrbncv/SCP/run_pipeline.py --tune-dir /home/hrbncv/SCP/cells/PV/tunes/seg_tuned --output-dir /home/hrbncv/SCP/cells/PV/tunes/seg_tuned/output_data/slurm_34963/parts --n-trials 40 --output-stem slurm_34963_2 --trial-offset 80 --force-save
Mechanisms already loaded; skipping duplicate load.
Loaded Allen cell for 'PV' from /home/hrbncv/SCP/cells/PV/tunes/seg_tuned/manifest.json, soma_diam_multiplier=6.0, Vinit=-71.0, loader=allensdk_default
Geometry defined for 'PV': 1 soma segs, 46 proximal dend segs, 41 distal dend segs, 97 total dend segs.
[trial 1/40] input_spikes: pn_exc=2701 bg_exc=823 bg_inh=204 sst_inh=382 pv_inh=1202
[trial 1/40] spikes=6  rate=6.00 Hz  time=27.42s
[trial 2/40] input_spikes: pn_exc=2683 bg_exc=834 bg_inh=196 sst_inh=376 pv_inh=1206
[trial 2/40] spikes=6  rate=6.00 Hz  time=27.32s
[trial 3/40] input_spikes: pn_exc=2303 bg_exc=552 bg_inh=132 sst_inh=363 pv_inh=1195
[trial 3/40] spikes=6  rate=6.00 Hz  time=27.24s
[trial 4/40] input_spikes: pn_exc=2853 bg_exc=841 bg_inh=218 sst_inh=375 pv_inh=1195
[trial 4/40] spikes=6  rate=6.00 Hz  time=27.38s
[trial 5/40] input_spikes: pn_exc=2746 bg_exc=810 bg_inh=177 sst_inh=381 pv_inh=1193
[trial 5/40] spikes=8  rate=8.00 Hz  time=27.30s
[trial 6/40] input_spikes: pn_exc=2825 bg_exc=839 bg_inh=236 sst_inh=377 pv_inh=1198
[trial 6/40] spikes=5  rate=5.00 Hz  time=27.10s
[trial 7/40] input_spikes: pn_exc=2654 bg_exc=790 bg_inh=199 sst_inh=360 pv_inh=1208
[trial 7/40] spikes=7  rate=7.00 Hz  time=26.81s
[trial 8/40] input_spikes: pn_exc=2731 bg_exc=814 bg_inh=216 sst_inh=392 pv_inh=1188
[trial 8/40] spikes=4  rate=4.00 Hz  time=26.97s
[trial 9/40] input_spikes: pn_exc=2754 bg_exc=811 bg_inh=214 sst_inh=368 pv_inh=1218
[trial 9/40] spikes=4  rate=4.00 Hz  time=26.86s
[trial 10/40] input_spikes: pn_exc=2668 bg_exc=804 bg_inh=199 sst_inh=380 pv_inh=1202
[trial 10/40] spikes=7  rate=7.00 Hz  time=26.97s
[trial 11/40] input_spikes: pn_exc=2883 bg_exc=843 bg_inh=215 sst_inh=372 pv_inh=1203
[trial 11/40] spikes=6  rate=6.00 Hz  time=26.87s
[trial 12/40] input_spikes: pn_exc=2833 bg_exc=838 bg_inh=209 sst_inh=365 pv_inh=1195
[trial 12/40] spikes=7  rate=7.00 Hz  time=26.80s
[trial 13/40] input_spikes: pn_exc=2801 bg_exc=823 bg_inh=226 sst_inh=360 pv_inh=1178
[trial 13/40] spikes=5  rate=5.00 Hz  time=30.98s
[trial 14/40] input_spikes: pn_exc=2839 bg_exc=887 bg_inh=246 sst_inh=386 pv_inh=1206
[trial 14/40] spikes=6  rate=6.00 Hz  time=33.76s
[trial 15/40] input_spikes: pn_exc=2804 bg_exc=925 bg_inh=201 sst_inh=383 pv_inh=1205
[trial 15/40] spikes=8  rate=8.00 Hz  time=33.59s
[trial 16/40] input_spikes: pn_exc=2692 bg_exc=791 bg_inh=169 sst_inh=386 pv_inh=1184
[trial 16/40] spikes=7  rate=7.00 Hz  time=33.72s
[trial 17/40] input_spikes: pn_exc=2571 bg_exc=726 bg_inh=141 sst_inh=384 pv_inh=1217
[trial 17/40] spikes=7  rate=7.00 Hz  time=33.44s
[trial 18/40] input_spikes: pn_exc=2705 bg_exc=766 bg_inh=180 sst_inh=374 pv_inh=1214
[trial 18/40] spikes=7  rate=7.00 Hz  time=33.24s
[trial 19/40] input_spikes: pn_exc=2888 bg_exc=793 bg_inh=219 sst_inh=356 pv_inh=1202
[trial 19/40] spikes=6  rate=6.00 Hz  time=33.62s
[trial 20/40] input_spikes: pn_exc=2380 bg_exc=582 bg_inh=132 sst_inh=369 pv_inh=1202
[trial 20/40] spikes=6  rate=6.00 Hz  time=33.54s
[trial 21/40] input_spikes: pn_exc=2738 bg_exc=812 bg_inh=212 sst_inh=392 pv_inh=1182
[trial 21/40] spikes=5  rate=5.00 Hz  time=33.53s
[trial 22/40] input_spikes: pn_exc=2712 bg_exc=794 bg_inh=167 sst_inh=406 pv_inh=1225
[trial 22/40] spikes=6  rate=6.00 Hz  time=33.65s
[trial 23/40] input_spikes: pn_exc=2871 bg_exc=884 bg_inh=211 sst_inh=401 pv_inh=1189
[trial 23/40] spikes=10  rate=10.00 Hz  time=31.48s
[trial 24/40] input_spikes: pn_exc=2735 bg_exc=785 bg_inh=188 sst_inh=379 pv_inh=1227
[trial 24/40] spikes=7  rate=7.00 Hz  time=27.61s
[trial 25/40] input_spikes: pn_exc=2813 bg_exc=772 bg_inh=200 sst_inh=377 pv_inh=1195
[trial 25/40] spikes=7  rate=7.00 Hz  time=26.76s
[trial 26/40] input_spikes: pn_exc=2778 bg_exc=886 bg_inh=217 sst_inh=375 pv_inh=1198
[trial 26/40] spikes=6  rate=6.00 Hz  time=26.83s
[trial 27/40] input_spikes: pn_exc=2909 bg_exc=875 bg_inh=192 sst_inh=367 pv_inh=1191
[trial 27/40] spikes=10  rate=10.00 Hz  time=26.72s
[trial 28/40] input_spikes: pn_exc=2854 bg_exc=868 bg_inh=206 sst_inh=368 pv_inh=1158
[trial 28/40] spikes=6  rate=6.00 Hz  time=26.95s
[trial 29/40] input_spikes: pn_exc=2758 bg_exc=845 bg_inh=189 sst_inh=377 pv_inh=1192
[trial 29/40] spikes=6  rate=6.00 Hz  time=26.98s
[trial 30/40] input_spikes: pn_exc=2743 bg_exc=837 bg_inh=196 sst_inh=376 pv_inh=1225
[trial 30/40] spikes=7  rate=7.00 Hz  time=26.72s
[trial 31/40] input_spikes: pn_exc=2765 bg_exc=832 bg_inh=204 sst_inh=375 pv_inh=1202
[trial 31/40] spikes=7  rate=7.00 Hz  time=26.90s
[trial 32/40] input_spikes: pn_exc=2680 bg_exc=857 bg_inh=200 sst_inh=367 pv_inh=1201
[trial 32/40] spikes=6  rate=6.00 Hz  time=26.84s
[trial 33/40] input_spikes: pn_exc=2437 bg_exc=702 bg_inh=171 sst_inh=362 pv_inh=1203
[trial 33/40] spikes=5  rate=5.00 Hz  time=27.13s
[trial 34/40] input_spikes: pn_exc=2707 bg_exc=874 bg_inh=207 sst_inh=359 pv_inh=1200
[trial 34/40] spikes=6  rate=6.00 Hz  time=27.35s
[trial 35/40] input_spikes: pn_exc=2497 bg_exc=646 bg_inh=172 sst_inh=378 pv_inh=1192
[trial 35/40] spikes=6  rate=6.00 Hz  time=27.64s
[trial 36/40] input_spikes: pn_exc=2944 bg_exc=918 bg_inh=186 sst_inh=374 pv_inh=1192
[trial 36/40] spikes=8  rate=8.00 Hz  time=27.38s
[trial 37/40] input_spikes: pn_exc=2796 bg_exc=827 bg_inh=176 sst_inh=395 pv_inh=1182
[trial 37/40] spikes=6  rate=6.00 Hz  time=27.35s
[trial 38/40] input_spikes: pn_exc=2910 bg_exc=875 bg_inh=198 sst_inh=391 pv_inh=1209
[trial 38/40] spikes=6  rate=6.00 Hz  time=27.37s
[trial 39/40] input_spikes: pn_exc=2560 bg_exc=728 bg_inh=167 sst_inh=391 pv_inh=1193
[trial 39/40] spikes=6  rate=6.00 Hz  time=27.24s
[trial 40/40] input_spikes: pn_exc=2749 bg_exc=824 bg_inh=252 sst_inh=394 pv_inh=1199
[trial 40/40] spikes=5  rate=5.00 Hz  time=27.40s
save_plots single_plot warning: Top input panel: group list empty, auto-using all groups (5).
Results saved to /home/hrbncv/SCP/cells/PV/tunes/seg_tuned/output_data/slurm_34963/parts/slurm_34963_2/run_manifest.json
Total runtime: 1152.32s
