Running: python /home/hrbncv/SCP/run_pipeline.py --tune-dir /home/hrbncv/SCP/cells/PV/tunes/seg_tuned --output-dir /home/hrbncv/SCP/cells/PV/tunes/seg_tuned/output_data/slurm_35079/parts --n-trials 40 --output-stem slurm_35079_18 --trial-offset 720 --force-save
Mechanisms already loaded; skipping duplicate load.
Loaded Allen cell for 'PV' from /home/hrbncv/SCP/cells/PV/tunes/seg_tuned/manifest.json, soma_diam_multiplier=6.0, Vinit=-71.0, loader=allensdk_default
Geometry defined for 'PV': 1 soma segs, 46 proximal dend segs, 41 distal dend segs, 97 total dend segs.
[trial 1/40] input_spikes: pn_exc=2610 bg_exc=765 bg_inh=180 sst_inh=381 pv_inh=759
[trial 1/40] spikes=8  rate=8.00 Hz  time=27.07s
[trial 2/40] input_spikes: pn_exc=2803 bg_exc=771 bg_inh=189 sst_inh=390 pv_inh=740
[trial 2/40] spikes=6  rate=6.00 Hz  time=27.01s
[trial 3/40] input_spikes: pn_exc=2909 bg_exc=826 bg_inh=205 sst_inh=388 pv_inh=739
[trial 3/40] spikes=7  rate=7.00 Hz  time=26.99s
[trial 4/40] input_spikes: pn_exc=2829 bg_exc=879 bg_inh=213 sst_inh=376 pv_inh=759
[trial 4/40] spikes=9  rate=9.00 Hz  time=26.97s
[trial 5/40] input_spikes: pn_exc=2711 bg_exc=857 bg_inh=194 sst_inh=406 pv_inh=747
[trial 5/40] spikes=6  rate=6.00 Hz  time=27.08s
[trial 6/40] input_spikes: pn_exc=2803 bg_exc=853 bg_inh=216 sst_inh=370 pv_inh=744
[trial 6/40] spikes=7  rate=7.00 Hz  time=27.03s
[trial 7/40] input_spikes: pn_exc=2845 bg_exc=800 bg_inh=187 sst_inh=369 pv_inh=753
[trial 7/40] spikes=9  rate=9.00 Hz  time=27.02s
[trial 8/40] input_spikes: pn_exc=2818 bg_exc=841 bg_inh=203 sst_inh=389 pv_inh=743
[trial 8/40] spikes=7  rate=7.00 Hz  time=27.13s
[trial 9/40] input_spikes: pn_exc=2463 bg_exc=718 bg_inh=181 sst_inh=380 pv_inh=735
[trial 9/40] spikes=7  rate=7.00 Hz  time=26.96s
[trial 10/40] input_spikes: pn_exc=2452 bg_exc=646 bg_inh=132 sst_inh=365 pv_inh=748
[trial 10/40] spikes=7  rate=7.00 Hz  time=26.96s
[trial 11/40] input_spikes: pn_exc=2350 bg_exc=377 bg_inh=120 sst_inh=343 pv_inh=756
[trial 11/40] spikes=5  rate=5.00 Hz  time=26.93s
[trial 12/40] input_spikes: pn_exc=2734 bg_exc=824 bg_inh=191 sst_inh=368 pv_inh=731
[trial 12/40] spikes=7  rate=7.00 Hz  time=26.99s
[trial 13/40] input_spikes: pn_exc=2421 bg_exc=711 bg_inh=156 sst_inh=363 pv_inh=739
[trial 13/40] spikes=7  rate=7.00 Hz  time=27.03s
[trial 14/40] input_spikes: pn_exc=2664 bg_exc=802 bg_inh=205 sst_inh=372 pv_inh=758
[trial 14/40] spikes=7  rate=7.00 Hz  time=27.16s
[trial 15/40] input_spikes: pn_exc=2854 bg_exc=882 bg_inh=219 sst_inh=389 pv_inh=750
[trial 15/40] spikes=8  rate=8.00 Hz  time=27.16s
[trial 16/40] input_spikes: pn_exc=2849 bg_exc=873 bg_inh=223 sst_inh=394 pv_inh=749
[trial 16/40] spikes=7  rate=7.00 Hz  time=27.07s
[trial 17/40] input_spikes: pn_exc=2740 bg_exc=824 bg_inh=181 sst_inh=388 pv_inh=755
[trial 17/40] spikes=6  rate=6.00 Hz  time=26.97s
[trial 18/40] input_spikes: pn_exc=2720 bg_exc=810 bg_inh=199 sst_inh=393 pv_inh=749
[trial 18/40] spikes=9  rate=9.00 Hz  time=26.95s
[trial 19/40] input_spikes: pn_exc=2616 bg_exc=743 bg_inh=176 sst_inh=349 pv_inh=737
[trial 19/40] spikes=8  rate=8.00 Hz  time=26.99s
[trial 20/40] input_spikes: pn_exc=2756 bg_exc=802 bg_inh=195 sst_inh=368 pv_inh=752
[trial 20/40] spikes=6  rate=6.00 Hz  time=27.07s
[trial 21/40] input_spikes: pn_exc=2750 bg_exc=845 bg_inh=211 sst_inh=371 pv_inh=750
[trial 21/40] spikes=6  rate=6.00 Hz  time=27.09s
[trial 22/40] input_spikes: pn_exc=2932 bg_exc=836 bg_inh=205 sst_inh=379 pv_inh=758
[trial 22/40] spikes=8  rate=8.00 Hz  time=27.01s
[trial 23/40] input_spikes: pn_exc=2807 bg_exc=870 bg_inh=173 sst_inh=366 pv_inh=751
[trial 23/40] spikes=8  rate=8.00 Hz  time=27.10s
[trial 24/40] input_spikes: pn_exc=2798 bg_exc=899 bg_inh=191 sst_inh=369 pv_inh=749
[trial 24/40] spikes=7  rate=7.00 Hz  time=26.93s
[trial 25/40] input_spikes: pn_exc=2715 bg_exc=806 bg_inh=185 sst_inh=369 pv_inh=743
[trial 25/40] spikes=7  rate=7.00 Hz  time=27.01s
[trial 26/40] input_spikes: pn_exc=2827 bg_exc=861 bg_inh=208 sst_inh=393 pv_inh=754
[trial 26/40] spikes=7  rate=7.00 Hz  time=27.04s
[trial 27/40] input_spikes: pn_exc=2697 bg_exc=730 bg_inh=180 sst_inh=371 pv_inh=751
[trial 27/40] spikes=6  rate=6.00 Hz  time=26.98s
[trial 28/40] input_spikes: pn_exc=2804 bg_exc=863 bg_inh=225 sst_inh=368 pv_inh=744
[trial 28/40] spikes=9  rate=9.00 Hz  time=27.09s
[trial 29/40] input_spikes: pn_exc=2713 bg_exc=788 bg_inh=192 sst_inh=397 pv_inh=739
[trial 29/40] spikes=7  rate=7.00 Hz  time=27.00s
[trial 30/40] input_spikes: pn_exc=2895 bg_exc=874 bg_inh=239 sst_inh=366 pv_inh=758
[trial 30/40] spikes=7  rate=7.00 Hz  time=27.09s
[trial 31/40] input_spikes: pn_exc=2859 bg_exc=865 bg_inh=217 sst_inh=377 pv_inh=746
[trial 31/40] spikes=7  rate=7.00 Hz  time=27.07s
[trial 32/40] input_spikes: pn_exc=2720 bg_exc=802 bg_inh=192 sst_inh=388 pv_inh=736
[trial 32/40] spikes=5  rate=5.00 Hz  time=27.04s
[trial 33/40] input_spikes: pn_exc=2646 bg_exc=821 bg_inh=197 sst_inh=378 pv_inh=728
[trial 33/40] spikes=5  rate=5.00 Hz  time=27.06s
[trial 34/40] input_spikes: pn_exc=2764 bg_exc=800 bg_inh=195 sst_inh=353 pv_inh=755
[trial 34/40] spikes=7  rate=7.00 Hz  time=27.00s
[trial 35/40] input_spikes: pn_exc=2765 bg_exc=869 bg_inh=191 sst_inh=388 pv_inh=745
[trial 35/40] spikes=7  rate=7.00 Hz  time=27.10s
[trial 36/40] input_spikes: pn_exc=2501 bg_exc=784 bg_inh=181 sst_inh=365 pv_inh=748
[trial 36/40] spikes=6  rate=6.00 Hz  time=27.04s
[trial 37/40] input_spikes: pn_exc=2819 bg_exc=869 bg_inh=204 sst_inh=363 pv_inh=765
[trial 37/40] spikes=6  rate=6.00 Hz  time=27.02s
[trial 38/40] input_spikes: pn_exc=2426 bg_exc=671 bg_inh=159 sst_inh=354 pv_inh=746
[trial 38/40] spikes=6  rate=6.00 Hz  time=27.01s
[trial 39/40] input_spikes: pn_exc=2860 bg_exc=855 bg_inh=218 sst_inh=367 pv_inh=745
[trial 39/40] spikes=7  rate=7.00 Hz  time=27.04s
[trial 40/40] input_spikes: pn_exc=2798 bg_exc=850 bg_inh=224 sst_inh=383 pv_inh=760
[trial 40/40] spikes=6  rate=6.00 Hz  time=27.04s
save_plots single_plot warning: Top input panel: group list empty, auto-using all groups (5).
Results saved to /home/hrbncv/SCP/cells/PV/tunes/seg_tuned/output_data/slurm_35079/parts/slurm_35079_18/run_manifest.json
Total runtime: 1082.92s
