Running: /home/hrbncv/miniconda3/envs/BMTK-py311/bin/python /home/hrbncv/SCP/run_pipeline.py --tune-dir /home/hrbncv/SCP/cells/SST/tunes/seg_tuned_all --output-dir /home/hrbncv/SCP/cells/SST/tunes/seg_tuned_all/output_data/slurm_42203/parts --n-trials 100 --output-stem slurm_42203_16 --trial-offset 1600 --force-save
Loaded mechanisms from /home/hrbncv/SCP/cells/SST/tunes/seg_tuned_all/modfiles/x86_64/.libs/libnrnmech.so
Loaded Allen cell for 'SST' from /home/hrbncv/SCP/cells/SST/tunes/seg_tuned_all/manifest.json, soma_diam_multiplier=10.0, Vinit=-65.0, loader=genome_fallback
Geometry defined for 'SST': 1 soma segs, 54 proximal dend segs, 52 distal dend segs, 115 total dend segs.
[trial 1/100] input_spikes: pn_exc=1654 vip_inh_bio=385 bg_exc=2253 bg_inh=702
[trial 1/100] spikes=5  rate=5.00 Hz  time=21.75s
[trial 2/100] input_spikes: pn_exc=1629 vip_inh_bio=318 bg_exc=2138 bg_inh=643
[trial 2/100] spikes=2  rate=2.00 Hz  time=21.69s
[trial 3/100] input_spikes: pn_exc=1510 vip_inh_bio=314 bg_exc=1944 bg_inh=603
[trial 3/100] spikes=2  rate=2.00 Hz  time=21.23s
[trial 4/100] input_spikes: pn_exc=1689 vip_inh_bio=389 bg_exc=2524 bg_inh=735
[trial 4/100] spikes=3  rate=3.00 Hz  time=21.91s
[trial 5/100] input_spikes: pn_exc=1606 vip_inh_bio=350 bg_exc=2088 bg_inh=653
[trial 5/100] spikes=6  rate=6.00 Hz  time=21.52s
[trial 6/100] input_spikes: pn_exc=1520 vip_inh_bio=311 bg_exc=2045 bg_inh=623
[trial 6/100] spikes=3  rate=3.00 Hz  time=21.33s
[trial 7/100] input_spikes: pn_exc=1767 vip_inh_bio=364 bg_exc=2411 bg_inh=773
[trial 7/100] spikes=2  rate=2.00 Hz  time=21.88s
[trial 8/100] input_spikes: pn_exc=1572 vip_inh_bio=333 bg_exc=2086 bg_inh=707
[trial 8/100] spikes=3  rate=3.00 Hz  time=21.50s
[trial 9/100] input_spikes: pn_exc=1584 vip_inh_bio=338 bg_exc=2041 bg_inh=653
[trial 9/100] spikes=4  rate=4.00 Hz  time=21.48s
[trial 10/100] input_spikes: pn_exc=1711 vip_inh_bio=411 bg_exc=2473 bg_inh=740
[trial 10/100] spikes=5  rate=5.00 Hz  time=21.99s
[trial 11/100] input_spikes: pn_exc=1631 vip_inh_bio=395 bg_exc=2339 bg_inh=694
[trial 11/100] spikes=4  rate=4.00 Hz  time=21.84s
[trial 12/100] input_spikes: pn_exc=1654 vip_inh_bio=371 bg_exc=2228 bg_inh=732
[trial 12/100] spikes=0  rate=0.00 Hz  time=21.82s
[trial 13/100] input_spikes: pn_exc=1629 vip_inh_bio=380 bg_exc=2456 bg_inh=693
[trial 13/100] spikes=3  rate=3.00 Hz  time=21.78s
[trial 14/100] input_spikes: pn_exc=1510 vip_inh_bio=327 bg_exc=2053 bg_inh=602
[trial 14/100] spikes=4  rate=4.00 Hz  time=21.37s
[trial 15/100] input_spikes: pn_exc=1694 vip_inh_bio=371 bg_exc=2454 bg_inh=778
[trial 15/100] spikes=2  rate=2.00 Hz  time=21.91s
[trial 16/100] input_spikes: pn_exc=1732 vip_inh_bio=369 bg_exc=2366 bg_inh=789
[trial 16/100] spikes=2  rate=2.00 Hz  time=21.82s
[trial 17/100] input_spikes: pn_exc=1713 vip_inh_bio=385 bg_exc=2406 bg_inh=771
[trial 17/100] spikes=1  rate=1.00 Hz  time=21.92s
[trial 18/100] input_spikes: pn_exc=1741 vip_inh_bio=381 bg_exc=2537 bg_inh=796
[trial 18/100] spikes=3  rate=3.00 Hz  time=21.99s
[trial 19/100] input_spikes: pn_exc=1695 vip_inh_bio=391 bg_exc=2249 bg_inh=714
[trial 19/100] spikes=7  rate=7.00 Hz  time=21.69s
[trial 20/100] input_spikes: pn_exc=1709 vip_inh_bio=345 bg_exc=2269 bg_inh=739
[trial 20/100] spikes=5  rate=5.00 Hz  time=21.60s
[trial 21/100] input_spikes: pn_exc=1645 vip_inh_bio=393 bg_exc=2365 bg_inh=753
[trial 21/100] spikes=6  rate=6.00 Hz  time=21.89s
[trial 22/100] input_spikes: pn_exc=1691 vip_inh_bio=355 bg_exc=2379 bg_inh=730
[trial 22/100] spikes=5  rate=5.00 Hz  time=21.78s
[trial 23/100] input_spikes: pn_exc=1609 vip_inh_bio=345 bg_exc=2167 bg_inh=726
[trial 23/100] spikes=2  rate=2.00 Hz  time=21.57s
[trial 24/100] input_spikes: pn_exc=1683 vip_inh_bio=333 bg_exc=2472 bg_inh=812
[trial 24/100] spikes=2  rate=2.00 Hz  time=21.85s
[trial 25/100] input_spikes: pn_exc=1645 vip_inh_bio=368 bg_exc=2274 bg_inh=629
[trial 25/100] spikes=7  rate=7.00 Hz  time=21.58s
[trial 26/100] input_spikes: pn_exc=1767 vip_inh_bio=390 bg_exc=2388 bg_inh=748
[trial 26/100] spikes=4  rate=4.00 Hz  time=21.80s
[trial 27/100] input_spikes: pn_exc=1648 vip_inh_bio=381 bg_exc=2379 bg_inh=755
[trial 27/100] spikes=4  rate=4.00 Hz  time=21.84s
[trial 28/100] input_spikes: pn_exc=1796 vip_inh_bio=391 bg_exc=2517 bg_inh=790
[trial 28/100] spikes=6  rate=6.00 Hz  time=21.88s
[trial 29/100] input_spikes: pn_exc=1710 vip_inh_bio=380 bg_exc=2355 bg_inh=709
[trial 29/100] spikes=3  rate=3.00 Hz  time=21.86s
[trial 30/100] input_spikes: pn_exc=1732 vip_inh_bio=368 bg_exc=2326 bg_inh=763
[trial 30/100] spikes=6  rate=6.00 Hz  time=21.81s
[trial 31/100] input_spikes: pn_exc=1757 vip_inh_bio=380 bg_exc=2458 bg_inh=714
[trial 31/100] spikes=4  rate=4.00 Hz  time=21.94s
[trial 32/100] input_spikes: pn_exc=1678 vip_inh_bio=404 bg_exc=2457 bg_inh=762
[trial 32/100] spikes=4  rate=4.00 Hz  time=21.97s
[trial 33/100] input_spikes: pn_exc=1674 vip_inh_bio=350 bg_exc=2419 bg_inh=728
[trial 33/100] spikes=1  rate=1.00 Hz  time=21.91s
[trial 34/100] input_spikes: pn_exc=1675 vip_inh_bio=391 bg_exc=2448 bg_inh=720
[trial 34/100] spikes=6  rate=6.00 Hz  time=21.80s
[trial 35/100] input_spikes: pn_exc=1709 vip_inh_bio=384 bg_exc=2395 bg_inh=762
[trial 35/100] spikes=3  rate=3.00 Hz  time=21.82s
[trial 36/100] input_spikes: pn_exc=1739 vip_inh_bio=319 bg_exc=2384 bg_inh=764
[trial 36/100] spikes=4  rate=4.00 Hz  time=21.80s
[trial 37/100] input_spikes: pn_exc=1705 vip_inh_bio=374 bg_exc=2481 bg_inh=753
[trial 37/100] spikes=5  rate=5.00 Hz  time=21.98s
[trial 38/100] input_spikes: pn_exc=1593 vip_inh_bio=357 bg_exc=2178 bg_inh=711
[trial 38/100] spikes=4  rate=4.00 Hz  time=21.54s
[trial 39/100] input_spikes: pn_exc=1761 vip_inh_bio=377 bg_exc=2453 bg_inh=774
[trial 39/100] spikes=8  rate=8.00 Hz  time=21.92s
[trial 40/100] input_spikes: pn_exc=1792 vip_inh_bio=358 bg_exc=2423 bg_inh=754
[trial 40/100] spikes=2  rate=2.00 Hz  time=21.90s
[trial 41/100] input_spikes: pn_exc=1695 vip_inh_bio=361 bg_exc=2398 bg_inh=766
[trial 41/100] spikes=4  rate=4.00 Hz  time=21.86s
[trial 42/100] input_spikes: pn_exc=1690 vip_inh_bio=382 bg_exc=2389 bg_inh=800
[trial 42/100] spikes=3  rate=3.00 Hz  time=21.81s
[trial 43/100] input_spikes: pn_exc=1720 vip_inh_bio=380 bg_exc=2429 bg_inh=706
[trial 43/100] spikes=6  rate=6.00 Hz  time=21.90s
[trial 44/100] input_spikes: pn_exc=1698 vip_inh_bio=420 bg_exc=2290 bg_inh=692
[trial 44/100] spikes=4  rate=4.00 Hz  time=21.61s
[trial 45/100] input_spikes: pn_exc=1714 vip_inh_bio=394 bg_exc=2397 bg_inh=742
[trial 45/100] spikes=5  rate=5.00 Hz  time=21.79s
[trial 46/100] input_spikes: pn_exc=1624 vip_inh_bio=394 bg_exc=2361 bg_inh=708
[trial 46/100] spikes=2  rate=2.00 Hz  time=21.78s
[trial 47/100] input_spikes: pn_exc=1610 vip_inh_bio=338 bg_exc=2048 bg_inh=669
[trial 47/100] spikes=7  rate=7.00 Hz  time=21.51s
[trial 48/100] input_spikes: pn_exc=1620 vip_inh_bio=350 bg_exc=2356 bg_inh=751
[trial 48/100] spikes=4  rate=4.00 Hz  time=21.72s
[trial 49/100] input_spikes: pn_exc=1732 vip_inh_bio=372 bg_exc=2516 bg_inh=785
[trial 49/100] spikes=3  rate=3.00 Hz  time=22.05s
[trial 50/100] input_spikes: pn_exc=1650 vip_inh_bio=355 bg_exc=2310 bg_inh=761
[trial 50/100] spikes=1  rate=1.00 Hz  time=21.66s
[trial 51/100] input_spikes: pn_exc=1630 vip_inh_bio=340 bg_exc=2258 bg_inh=730
[trial 51/100] spikes=2  rate=2.00 Hz  time=21.70s
[trial 52/100] input_spikes: pn_exc=1688 vip_inh_bio=390 bg_exc=2437 bg_inh=745
[trial 52/100] spikes=2  rate=2.00 Hz  time=21.87s
[trial 53/100] input_spikes: pn_exc=1749 vip_inh_bio=357 bg_exc=2415 bg_inh=847
[trial 53/100] spikes=3  rate=3.00 Hz  time=22.04s
[trial 54/100] input_spikes: pn_exc=1823 vip_inh_bio=397 bg_exc=2513 bg_inh=745
[trial 54/100] spikes=7  rate=7.00 Hz  time=21.79s
[trial 55/100] input_spikes: pn_exc=1745 vip_inh_bio=369 bg_exc=2525 bg_inh=764
[trial 55/100] spikes=0  rate=0.00 Hz  time=21.94s
[trial 56/100] input_spikes: pn_exc=1856 vip_inh_bio=388 bg_exc=2471 bg_inh=713
[trial 56/100] spikes=7  rate=7.00 Hz  time=21.92s
[trial 57/100] input_spikes: pn_exc=1715 vip_inh_bio=367 bg_exc=2408 bg_inh=768
[trial 57/100] spikes=5  rate=5.00 Hz  time=21.78s
[trial 58/100] input_spikes: pn_exc=1649 vip_inh_bio=346 bg_exc=2257 bg_inh=701
[trial 58/100] spikes=3  rate=3.00 Hz  time=21.63s
[trial 59/100] input_spikes: pn_exc=1603 vip_inh_bio=382 bg_exc=2155 bg_inh=733
[trial 59/100] spikes=3  rate=3.00 Hz  time=21.52s
[trial 60/100] input_spikes: pn_exc=1674 vip_inh_bio=385 bg_exc=2366 bg_inh=708
[trial 60/100] spikes=8  rate=8.00 Hz  time=21.71s
[trial 61/100] input_spikes: pn_exc=1746 vip_inh_bio=395 bg_exc=2473 bg_inh=812
[trial 61/100] spikes=4  rate=4.00 Hz  time=21.97s
[trial 62/100] input_spikes: pn_exc=1676 vip_inh_bio=383 bg_exc=2349 bg_inh=692
[trial 62/100] spikes=2  rate=2.00 Hz  time=21.74s
[trial 63/100] input_spikes: pn_exc=1698 vip_inh_bio=365 bg_exc=2350 bg_inh=754
[trial 63/100] spikes=2  rate=2.00 Hz  time=21.86s
[trial 64/100] input_spikes: pn_exc=1696 vip_inh_bio=375 bg_exc=2469 bg_inh=804
[trial 64/100] spikes=2  rate=2.00 Hz  time=22.07s
[trial 65/100] input_spikes: pn_exc=1670 vip_inh_bio=372 bg_exc=2249 bg_inh=719
[trial 65/100] spikes=5  rate=5.00 Hz  time=22.40s
[trial 66/100] input_spikes: pn_exc=1697 vip_inh_bio=412 bg_exc=2542 bg_inh=815
[trial 66/100] spikes=1  rate=1.00 Hz  time=23.50s
[trial 67/100] input_spikes: pn_exc=1780 vip_inh_bio=359 bg_exc=2449 bg_inh=820
[trial 67/100] spikes=2  rate=2.00 Hz  time=22.19s
[trial 68/100] input_spikes: pn_exc=1717 vip_inh_bio=373 bg_exc=2385 bg_inh=731
[trial 68/100] spikes=3  rate=3.00 Hz  time=21.83s
[trial 69/100] input_spikes: pn_exc=1584 vip_inh_bio=385 bg_exc=2171 bg_inh=689
[trial 69/100] spikes=4  rate=4.00 Hz  time=21.57s
[trial 70/100] input_spikes: pn_exc=1778 vip_inh_bio=385 bg_exc=2523 bg_inh=781
[trial 70/100] spikes=6  rate=6.00 Hz  time=21.92s
[trial 71/100] input_spikes: pn_exc=1673 vip_inh_bio=382 bg_exc=2446 bg_inh=752
[trial 71/100] spikes=3  rate=3.00 Hz  time=21.84s
[trial 72/100] input_spikes: pn_exc=1696 vip_inh_bio=342 bg_exc=2276 bg_inh=736
[trial 72/100] spikes=4  rate=4.00 Hz  time=21.79s
[trial 73/100] input_spikes: pn_exc=1698 vip_inh_bio=361 bg_exc=2473 bg_inh=780
[trial 73/100] spikes=8  rate=8.00 Hz  time=21.96s
[trial 74/100] input_spikes: pn_exc=1730 vip_inh_bio=391 bg_exc=2484 bg_inh=712
[trial 74/100] spikes=6  rate=6.00 Hz  time=21.97s
[trial 75/100] input_spikes: pn_exc=1699 vip_inh_bio=361 bg_exc=2387 bg_inh=776
[trial 75/100] spikes=5  rate=5.00 Hz  time=21.83s
[trial 76/100] input_spikes: pn_exc=1605 vip_inh_bio=360 bg_exc=2266 bg_inh=658
[trial 76/100] spikes=5  rate=5.00 Hz  time=21.61s
[trial 77/100] input_spikes: pn_exc=1460 vip_inh_bio=319 bg_exc=1895 bg_inh=620
[trial 77/100] spikes=2  rate=2.00 Hz  time=21.30s
[trial 78/100] input_spikes: pn_exc=1576 vip_inh_bio=344 bg_exc=1922 bg_inh=659
[trial 78/100] spikes=4  rate=4.00 Hz  time=21.37s
[trial 79/100] input_spikes: pn_exc=1682 vip_inh_bio=364 bg_exc=2287 bg_inh=721
[trial 79/100] spikes=5  rate=5.00 Hz  time=21.65s
[trial 80/100] input_spikes: pn_exc=1756 vip_inh_bio=365 bg_exc=2405 bg_inh=740
[trial 80/100] spikes=7  rate=7.00 Hz  time=21.75s
[trial 81/100] input_spikes: pn_exc=1482 vip_inh_bio=328 bg_exc=1980 bg_inh=619
[trial 81/100] spikes=6  rate=6.00 Hz  time=22.05s
[trial 82/100] input_spikes: pn_exc=1683 vip_inh_bio=403 bg_exc=2369 bg_inh=762
[trial 82/100] spikes=7  rate=7.00 Hz  time=22.46s
[trial 83/100] input_spikes: pn_exc=1585 vip_inh_bio=338 bg_exc=2178 bg_inh=690
[trial 83/100] spikes=7  rate=7.00 Hz  time=22.03s
[trial 84/100] input_spikes: pn_exc=1497 vip_inh_bio=306 bg_exc=941 bg_inh=277
[trial 84/100] spikes=3  rate=3.00 Hz  time=21.42s
[trial 85/100] input_spikes: pn_exc=1647 vip_inh_bio=396 bg_exc=2201 bg_inh=723
[trial 85/100] spikes=6  rate=6.00 Hz  time=22.28s
[trial 86/100] input_spikes: pn_exc=1736 vip_inh_bio=383 bg_exc=2291 bg_inh=732
[trial 86/100] spikes=2  rate=2.00 Hz  time=22.49s
[trial 87/100] input_spikes: pn_exc=1708 vip_inh_bio=364 bg_exc=2334 bg_inh=730
[trial 87/100] spikes=5  rate=5.00 Hz  time=22.33s
[trial 88/100] input_spikes: pn_exc=1713 vip_inh_bio=355 bg_exc=2245 bg_inh=743
[trial 88/100] spikes=4  rate=4.00 Hz  time=22.41s
[trial 89/100] input_spikes: pn_exc=1410 vip_inh_bio=326 bg_exc=1962 bg_inh=564
[trial 89/100] spikes=4  rate=4.00 Hz  time=21.83s
[trial 90/100] input_spikes: pn_exc=1611 vip_inh_bio=341 bg_exc=2262 bg_inh=694
[trial 90/100] spikes=2  rate=2.00 Hz  time=22.41s
[trial 91/100] input_spikes: pn_exc=1697 vip_inh_bio=379 bg_exc=2456 bg_inh=805
[trial 91/100] spikes=4  rate=4.00 Hz  time=22.51s
[trial 92/100] input_spikes: pn_exc=1739 vip_inh_bio=378 bg_exc=2309 bg_inh=695
[trial 92/100] spikes=5  rate=5.00 Hz  time=22.29s
[trial 93/100] input_spikes: pn_exc=1719 vip_inh_bio=385 bg_exc=2485 bg_inh=763
[trial 93/100] spikes=6  rate=6.00 Hz  time=22.56s
[trial 94/100] input_spikes: pn_exc=1781 vip_inh_bio=386 bg_exc=2415 bg_inh=793
[trial 94/100] spikes=5  rate=5.00 Hz  time=22.71s
[trial 95/100] input_spikes: pn_exc=1728 vip_inh_bio=361 bg_exc=2532 bg_inh=755
[trial 95/100] spikes=2  rate=2.00 Hz  time=22.79s
[trial 96/100] input_spikes: pn_exc=1705 vip_inh_bio=393 bg_exc=2329 bg_inh=745
[trial 96/100] spikes=6  rate=6.00 Hz  time=22.51s
[trial 97/100] input_spikes: pn_exc=1692 vip_inh_bio=370 bg_exc=2309 bg_inh=788
[trial 97/100] spikes=1  rate=1.00 Hz  time=22.52s
[trial 98/100] input_spikes: pn_exc=1734 vip_inh_bio=377 bg_exc=2442 bg_inh=801
[trial 98/100] spikes=6  rate=6.00 Hz  time=22.67s
[trial 99/100] input_spikes: pn_exc=1514 vip_inh_bio=330 bg_exc=1922 bg_inh=632
[trial 99/100] spikes=7  rate=7.00 Hz  time=21.73s
[trial 100/100] input_spikes: pn_exc=1419 vip_inh_bio=353 bg_exc=1770 bg_inh=542
[trial 100/100] spikes=2  rate=2.00 Hz  time=20.91s
save_plots single_plot warning: Top input panel: group list empty, auto-using all groups (4).
Results saved to /home/hrbncv/SCP/cells/SST/tunes/seg_tuned_all/output_data/slurm_42203/parts/slurm_42203_16/run_manifest.json
Total runtime: 2191.68s
