Running: python /home/hrbncv/SCP/run_pipeline.py --tune-dir /home/hrbncv/SCP/cells/SST/tunes/seg_tuned_all --output-dir /home/hrbncv/SCP/cells/SST/tunes/seg_tuned_all/output_data/slurm_35973/parts --n-trials 20 --output-stem slurm_35973_37 --trial-offset 740 --force-save
Loaded mechanisms from /home/hrbncv/SCP/cells/SST/tunes/seg_tuned_all/modfiles/x86_64/.libs/libnrnmech.so
Loaded Allen cell for 'SST' from /home/hrbncv/SCP/cells/SST/tunes/seg_tuned_all/manifest.json, soma_diam_multiplier=10.0, Vinit=-65.0, loader=genome_fallback
Geometry defined for 'SST': 1 soma segs, 54 proximal dend segs, 52 distal dend segs, 115 total dend segs.
[trial 1/20] input_spikes: pn_exc=1658 bg_exc=2361 bg_inh=732
[trial 1/20] spikes=1  rate=1.00 Hz  time=22.16s
[trial 2/20] input_spikes: pn_exc=1701 bg_exc=2408 bg_inh=729
[trial 2/20] spikes=3  rate=3.00 Hz  time=22.22s
[trial 3/20] input_spikes: pn_exc=1823 bg_exc=2378 bg_inh=801
[trial 3/20] spikes=0  rate=0.00 Hz  time=22.17s
[trial 4/20] input_spikes: pn_exc=1787 bg_exc=2453 bg_inh=764
[trial 4/20] spikes=3  rate=3.00 Hz  time=22.09s
[trial 5/20] input_spikes: pn_exc=1637 bg_exc=2097 bg_inh=674
[trial 5/20] spikes=7  rate=7.00 Hz  time=21.66s
[trial 6/20] input_spikes: pn_exc=1769 bg_exc=2232 bg_inh=727
[trial 6/20] spikes=2  rate=2.00 Hz  time=21.95s
[trial 7/20] input_spikes: pn_exc=1589 bg_exc=2134 bg_inh=661
[trial 7/20] spikes=7  rate=7.00 Hz  time=21.73s
[trial 8/20] input_spikes: pn_exc=1717 bg_exc=2358 bg_inh=741
[trial 8/20] spikes=4  rate=4.00 Hz  time=21.98s
[trial 9/20] input_spikes: pn_exc=1738 bg_exc=2462 bg_inh=824
[trial 9/20] spikes=3  rate=3.00 Hz  time=22.05s
[trial 10/20] input_spikes: pn_exc=1618 bg_exc=2073 bg_inh=633
[trial 10/20] spikes=3  rate=3.00 Hz  time=21.61s
[trial 11/20] input_spikes: pn_exc=1565 bg_exc=2090 bg_inh=636
[trial 11/20] spikes=3  rate=3.00 Hz  time=21.81s
[trial 12/20] input_spikes: pn_exc=1698 bg_exc=2394 bg_inh=767
[trial 12/20] spikes=1  rate=1.00 Hz  time=22.22s
[trial 13/20] input_spikes: pn_exc=1631 bg_exc=2253 bg_inh=669
[trial 13/20] spikes=5  rate=5.00 Hz  time=21.93s
[trial 14/20] input_spikes: pn_exc=1560 bg_exc=1822 bg_inh=564
[trial 14/20] spikes=2  rate=2.00 Hz  time=21.69s
[trial 15/20] input_spikes: pn_exc=1719 bg_exc=2311 bg_inh=710
[trial 15/20] spikes=3  rate=3.00 Hz  time=22.21s
[trial 16/20] input_spikes: pn_exc=1739 bg_exc=2428 bg_inh=755
[trial 16/20] spikes=4  rate=4.00 Hz  time=22.32s
[trial 17/20] input_spikes: pn_exc=1706 bg_exc=2424 bg_inh=752
[trial 17/20] spikes=5  rate=5.00 Hz  time=22.32s
[trial 18/20] input_spikes: pn_exc=1658 bg_exc=2253 bg_inh=684
[trial 18/20] spikes=7  rate=7.00 Hz  time=22.01s
[trial 19/20] input_spikes: pn_exc=1681 bg_exc=2215 bg_inh=671
[trial 19/20] spikes=5  rate=5.00 Hz  time=22.06s
[trial 20/20] input_spikes: pn_exc=1780 bg_exc=2372 bg_inh=755
[trial 20/20] spikes=3  rate=3.00 Hz  time=21.93s
Results saved to /home/hrbncv/SCP/cells/SST/tunes/seg_tuned_all/output_data/slurm_35973/parts/slurm_35973_37/run_manifest.json
Total runtime: 440.43s
