Running: python /home/hrbncv/SCP/run_pipeline.py --tune-dir /home/hrbncv/SCP/cells/PV/tunes/seg_tuned --output-dir /home/hrbncv/SCP/cells/PV/tunes/seg_tuned/output_data/slurm_34963/parts --n-trials 40 --output-stem slurm_34963_14 --trial-offset 560 --force-save
Mechanisms already loaded; skipping duplicate load.
Loaded Allen cell for 'PV' from /home/hrbncv/SCP/cells/PV/tunes/seg_tuned/manifest.json, soma_diam_multiplier=6.0, Vinit=-71.0, loader=allensdk_default
Geometry defined for 'PV': 1 soma segs, 46 proximal dend segs, 41 distal dend segs, 97 total dend segs.
[trial 1/40] input_spikes: pn_exc=2776 bg_exc=896 bg_inh=185 sst_inh=395 pv_inh=1194
[trial 1/40] spikes=7  rate=7.00 Hz  time=27.84s
[trial 2/40] input_spikes: pn_exc=2839 bg_exc=897 bg_inh=226 sst_inh=392 pv_inh=1205
[trial 2/40] spikes=8  rate=8.00 Hz  time=27.65s
[trial 3/40] input_spikes: pn_exc=2768 bg_exc=818 bg_inh=187 sst_inh=369 pv_inh=1162
[trial 3/40] spikes=6  rate=6.00 Hz  time=27.78s
[trial 4/40] input_spikes: pn_exc=2916 bg_exc=875 bg_inh=215 sst_inh=376 pv_inh=1184
[trial 4/40] spikes=7  rate=7.00 Hz  time=27.72s
[trial 5/40] input_spikes: pn_exc=2742 bg_exc=832 bg_inh=215 sst_inh=388 pv_inh=1176
[trial 5/40] spikes=4  rate=4.00 Hz  time=27.65s
[trial 6/40] input_spikes: pn_exc=2764 bg_exc=822 bg_inh=191 sst_inh=402 pv_inh=1191
[trial 6/40] spikes=6  rate=6.00 Hz  time=27.77s
[trial 7/40] input_spikes: pn_exc=2855 bg_exc=888 bg_inh=217 sst_inh=359 pv_inh=1187
[trial 7/40] spikes=7  rate=7.00 Hz  time=27.73s
[trial 8/40] input_spikes: pn_exc=2789 bg_exc=824 bg_inh=215 sst_inh=351 pv_inh=1188
[trial 8/40] spikes=6  rate=6.00 Hz  time=27.87s
[trial 9/40] input_spikes: pn_exc=2803 bg_exc=834 bg_inh=212 sst_inh=371 pv_inh=1224
[trial 9/40] spikes=6  rate=6.00 Hz  time=28.02s
[trial 10/40] input_spikes: pn_exc=2603 bg_exc=762 bg_inh=214 sst_inh=378 pv_inh=1205
[trial 10/40] spikes=4  rate=4.00 Hz  time=27.74s
[trial 11/40] input_spikes: pn_exc=2797 bg_exc=895 bg_inh=239 sst_inh=402 pv_inh=1206
[trial 11/40] spikes=6  rate=6.00 Hz  time=27.79s
[trial 12/40] input_spikes: pn_exc=2649 bg_exc=767 bg_inh=181 sst_inh=388 pv_inh=1226
[trial 12/40] spikes=5  rate=5.00 Hz  time=27.69s
[trial 13/40] input_spikes: pn_exc=2823 bg_exc=858 bg_inh=179 sst_inh=368 pv_inh=1191
[trial 13/40] spikes=8  rate=8.00 Hz  time=35.51s
[trial 14/40] input_spikes: pn_exc=2653 bg_exc=784 bg_inh=220 sst_inh=388 pv_inh=1201
[trial 14/40] spikes=7  rate=7.00 Hz  time=35.39s
[trial 15/40] input_spikes: pn_exc=2853 bg_exc=836 bg_inh=204 sst_inh=382 pv_inh=1207
[trial 15/40] spikes=6  rate=6.00 Hz  time=35.09s
[trial 16/40] input_spikes: pn_exc=2678 bg_exc=788 bg_inh=213 sst_inh=381 pv_inh=1197
[trial 16/40] spikes=5  rate=5.00 Hz  time=34.84s
[trial 17/40] input_spikes: pn_exc=2673 bg_exc=743 bg_inh=208 sst_inh=381 pv_inh=1196
[trial 17/40] spikes=5  rate=5.00 Hz  time=34.57s
[trial 18/40] input_spikes: pn_exc=2634 bg_exc=757 bg_inh=174 sst_inh=386 pv_inh=1192
[trial 18/40] spikes=5  rate=5.00 Hz  time=34.82s
[trial 19/40] input_spikes: pn_exc=2785 bg_exc=855 bg_inh=208 sst_inh=387 pv_inh=1195
[trial 19/40] spikes=5  rate=5.00 Hz  time=34.82s
[trial 20/40] input_spikes: pn_exc=2819 bg_exc=838 bg_inh=198 sst_inh=380 pv_inh=1217
[trial 20/40] spikes=5  rate=5.00 Hz  time=34.78s
[trial 21/40] input_spikes: pn_exc=2831 bg_exc=895 bg_inh=210 sst_inh=370 pv_inh=1203
[trial 21/40] spikes=8  rate=8.00 Hz  time=69.14s
[trial 22/40] input_spikes: pn_exc=2774 bg_exc=903 bg_inh=235 sst_inh=356 pv_inh=1212
[trial 22/40] spikes=6  rate=6.00 Hz  time=29.02s
[trial 23/40] input_spikes: pn_exc=2826 bg_exc=874 bg_inh=213 sst_inh=373 pv_inh=1214
[trial 23/40] spikes=6  rate=6.00 Hz  time=27.67s
[trial 24/40] input_spikes: pn_exc=2506 bg_exc=720 bg_inh=181 sst_inh=389 pv_inh=1221
[trial 24/40] spikes=6  rate=6.00 Hz  time=27.59s
[trial 25/40] input_spikes: pn_exc=2752 bg_exc=847 bg_inh=226 sst_inh=365 pv_inh=1205
[trial 25/40] spikes=4  rate=4.00 Hz  time=27.34s
[trial 26/40] input_spikes: pn_exc=2797 bg_exc=847 bg_inh=197 sst_inh=376 pv_inh=1200
[trial 26/40] spikes=6  rate=6.00 Hz  time=27.28s
[trial 27/40] input_spikes: pn_exc=2776 bg_exc=820 bg_inh=197 sst_inh=380 pv_inh=1198
[trial 27/40] spikes=6  rate=6.00 Hz  time=27.61s
[trial 28/40] input_spikes: pn_exc=2837 bg_exc=883 bg_inh=195 sst_inh=380 pv_inh=1208
[trial 28/40] spikes=7  rate=7.00 Hz  time=27.42s
[trial 29/40] input_spikes: pn_exc=2670 bg_exc=794 bg_inh=189 sst_inh=374 pv_inh=1176
[trial 29/40] spikes=6  rate=6.00 Hz  time=27.46s
[trial 30/40] input_spikes: pn_exc=2692 bg_exc=766 bg_inh=177 sst_inh=382 pv_inh=1201
[trial 30/40] spikes=6  rate=6.00 Hz  time=27.20s
[trial 31/40] input_spikes: pn_exc=2704 bg_exc=866 bg_inh=209 sst_inh=348 pv_inh=1178
[trial 31/40] spikes=5  rate=5.00 Hz  time=27.44s
[trial 32/40] input_spikes: pn_exc=2780 bg_exc=832 bg_inh=202 sst_inh=386 pv_inh=1178
[trial 32/40] spikes=5  rate=5.00 Hz  time=27.34s
[trial 33/40] input_spikes: pn_exc=2839 bg_exc=771 bg_inh=180 sst_inh=363 pv_inh=1174
[trial 33/40] spikes=7  rate=7.00 Hz  time=27.37s
[trial 34/40] input_spikes: pn_exc=2709 bg_exc=835 bg_inh=185 sst_inh=368 pv_inh=1206
[trial 34/40] spikes=7  rate=7.00 Hz  time=27.26s
[trial 35/40] input_spikes: pn_exc=2742 bg_exc=826 bg_inh=200 sst_inh=380 pv_inh=1219
[trial 35/40] spikes=4  rate=4.00 Hz  time=27.27s
[trial 36/40] input_spikes: pn_exc=2627 bg_exc=728 bg_inh=180 sst_inh=364 pv_inh=1212
[trial 36/40] spikes=5  rate=5.00 Hz  time=27.02s
[trial 37/40] input_spikes: pn_exc=2802 bg_exc=897 bg_inh=215 sst_inh=385 pv_inh=1192
[trial 37/40] spikes=6  rate=6.00 Hz  time=27.16s
[trial 38/40] input_spikes: pn_exc=2789 bg_exc=798 bg_inh=185 sst_inh=372 pv_inh=1185
[trial 38/40] spikes=7  rate=7.00 Hz  time=27.26s
[trial 39/40] input_spikes: pn_exc=2673 bg_exc=727 bg_inh=171 sst_inh=380 pv_inh=1215
[trial 39/40] spikes=8  rate=8.00 Hz  time=26.86s
[trial 40/40] input_spikes: pn_exc=2698 bg_exc=850 bg_inh=205 sst_inh=398 pv_inh=1197
[trial 40/40] spikes=4  rate=4.00 Hz  time=26.11s
save_plots single_plot warning: Top input panel: group list empty, auto-using all groups (5).
Results saved to /home/hrbncv/SCP/cells/PV/tunes/seg_tuned/output_data/slurm_34963/parts/slurm_34963_14/run_manifest.json
Total runtime: 1203.44s
