Running: python /home/hrbncv/SCP/run_pipeline.py --tune-dir /home/hrbncv/SCP/cells/PV/tunes/seg_tuned --output-dir /home/hrbncv/SCP/cells/PV/tunes/seg_tuned/output_data/slurm_32387/parts --n-trials 20 --output-stem slurm_32387_44 --trial-offset 880 --force-save
Mechanisms already loaded; skipping duplicate load.
Loaded Allen cell for 'PV' from /home/hrbncv/SCP/cells/PV/tunes/seg_tuned/manifest.json, soma_diam_multiplier=6.0, Vinit=-71.0, loader=allensdk_default
Geometry defined for 'PV': 1 soma segs, 46 proximal dend segs, 41 distal dend segs, 97 total dend segs.
[trial 1/20] input_spikes: pn_exc=2850 bg_exc=826 bg_inh=225
[trial 1/20] spikes=12  rate=12.00 Hz  time=28.69s
[trial 2/20] input_spikes: pn_exc=2763 bg_exc=874 bg_inh=198
[trial 2/20] spikes=12  rate=12.00 Hz  time=29.08s
[trial 3/20] input_spikes: pn_exc=2687 bg_exc=779 bg_inh=185
[trial 3/20] spikes=11  rate=11.00 Hz  time=28.66s
[trial 4/20] input_spikes: pn_exc=2885 bg_exc=879 bg_inh=215
[trial 4/20] spikes=12  rate=12.00 Hz  time=28.70s
[trial 5/20] input_spikes: pn_exc=2742 bg_exc=811 bg_inh=218
[trial 5/20] spikes=12  rate=12.00 Hz  time=28.40s
[trial 6/20] input_spikes: pn_exc=2699 bg_exc=778 bg_inh=223
[trial 6/20] spikes=10  rate=10.00 Hz  time=28.59s
[trial 7/20] input_spikes: pn_exc=2944 bg_exc=916 bg_inh=228
[trial 7/20] spikes=13  rate=13.00 Hz  time=28.54s
[trial 8/20] input_spikes: pn_exc=2456 bg_exc=702 bg_inh=154
[trial 8/20] spikes=12  rate=12.00 Hz  time=28.39s
[trial 9/20] input_spikes: pn_exc=2742 bg_exc=793 bg_inh=208
[trial 9/20] spikes=12  rate=12.00 Hz  time=28.43s
[trial 10/20] input_spikes: pn_exc=2843 bg_exc=875 bg_inh=204
[trial 10/20] spikes=14  rate=14.00 Hz  time=28.46s
[trial 11/20] input_spikes: pn_exc=2746 bg_exc=820 bg_inh=195
[trial 11/20] spikes=12  rate=12.00 Hz  time=28.48s
[trial 12/20] input_spikes: pn_exc=2837 bg_exc=832 bg_inh=218
[trial 12/20] spikes=11  rate=11.00 Hz  time=28.55s
[trial 13/20] input_spikes: pn_exc=2898 bg_exc=870 bg_inh=215
[trial 13/20] spikes=14  rate=14.00 Hz  time=28.73s
[trial 14/20] input_spikes: pn_exc=2713 bg_exc=913 bg_inh=214
[trial 14/20] spikes=12  rate=12.00 Hz  time=28.99s
[trial 15/20] input_spikes: pn_exc=2834 bg_exc=884 bg_inh=198
[trial 15/20] spikes=13  rate=13.00 Hz  time=28.88s
[trial 16/20] input_spikes: pn_exc=2610 bg_exc=765 bg_inh=172
[trial 16/20] spikes=10  rate=10.00 Hz  time=29.27s
[trial 17/20] input_spikes: pn_exc=2837 bg_exc=793 bg_inh=201
[trial 17/20] spikes=12  rate=12.00 Hz  time=28.94s
[trial 18/20] input_spikes: pn_exc=2423 bg_exc=691 bg_inh=134
[trial 18/20] spikes=11  rate=11.00 Hz  time=28.91s
[trial 19/20] input_spikes: pn_exc=2802 bg_exc=828 bg_inh=228
[trial 19/20] spikes=12  rate=12.00 Hz  time=29.24s
[trial 20/20] input_spikes: pn_exc=2773 bg_exc=794 bg_inh=168
[trial 20/20] spikes=12  rate=12.00 Hz  time=28.75s
save_plots single_plot warning: Top input panel: group list empty, auto-using all groups (3).
save_plots single_plot warning: Input raster panel: group list empty, auto-using all groups (3).
Results saved to /home/hrbncv/SCP/cells/PV/tunes/seg_tuned/output_data/slurm_32387/parts/slurm_32387_44/run_manifest.json
Total runtime: 693.17s
