Running: python /home/hrbncv/SCP/run_pipeline.py --tune-dir /home/hrbncv/SCP/cells/SST/tunes/seg_tuned_all --output-dir /home/hrbncv/SCP/cells/SST/tunes/seg_tuned_all/output_data/slurm_35973/parts --n-trials 20 --output-stem slurm_35973_38 --trial-offset 760 --force-save
Loaded mechanisms from /home/hrbncv/SCP/cells/SST/tunes/seg_tuned_all/modfiles/x86_64/.libs/libnrnmech.so
Loaded Allen cell for 'SST' from /home/hrbncv/SCP/cells/SST/tunes/seg_tuned_all/manifest.json, soma_diam_multiplier=10.0, Vinit=-65.0, loader=genome_fallback
Geometry defined for 'SST': 1 soma segs, 54 proximal dend segs, 52 distal dend segs, 115 total dend segs.
[trial 1/20] input_spikes: pn_exc=1773 bg_exc=2399 bg_inh=754
[trial 1/20] spikes=4  rate=4.00 Hz  time=21.77s
[trial 2/20] input_spikes: pn_exc=1769 bg_exc=2424 bg_inh=735
[trial 2/20] spikes=7  rate=7.00 Hz  time=21.62s
[trial 3/20] input_spikes: pn_exc=1602 bg_exc=2257 bg_inh=742
[trial 3/20] spikes=4  rate=4.00 Hz  time=21.47s
[trial 4/20] input_spikes: pn_exc=1699 bg_exc=2380 bg_inh=728
[trial 4/20] spikes=0  rate=0.00 Hz  time=21.71s
[trial 5/20] input_spikes: pn_exc=1624 bg_exc=2335 bg_inh=707
[trial 5/20] spikes=4  rate=4.00 Hz  time=21.83s
[trial 6/20] input_spikes: pn_exc=1704 bg_exc=2310 bg_inh=689
[trial 6/20] spikes=5  rate=5.00 Hz  time=21.64s
[trial 7/20] input_spikes: pn_exc=1681 bg_exc=2217 bg_inh=695
[trial 7/20] spikes=2  rate=2.00 Hz  time=21.65s
[trial 8/20] input_spikes: pn_exc=1685 bg_exc=2464 bg_inh=737
[trial 8/20] spikes=4  rate=4.00 Hz  time=21.70s
[trial 9/20] input_spikes: pn_exc=1630 bg_exc=2317 bg_inh=716
[trial 9/20] spikes=4  rate=4.00 Hz  time=21.71s
[trial 10/20] input_spikes: pn_exc=1702 bg_exc=2221 bg_inh=745
[trial 10/20] spikes=5  rate=5.00 Hz  time=21.64s
[trial 11/20] input_spikes: pn_exc=1593 bg_exc=2189 bg_inh=636
[trial 11/20] spikes=3  rate=3.00 Hz  time=21.63s
[trial 12/20] input_spikes: pn_exc=1751 bg_exc=2434 bg_inh=808
[trial 12/20] spikes=3  rate=3.00 Hz  time=21.97s
[trial 13/20] input_spikes: pn_exc=1638 bg_exc=2371 bg_inh=745
[trial 13/20] spikes=2  rate=2.00 Hz  time=21.87s
[trial 14/20] input_spikes: pn_exc=1747 bg_exc=2358 bg_inh=792
[trial 14/20] spikes=5  rate=5.00 Hz  time=21.67s
[trial 15/20] input_spikes: pn_exc=1729 bg_exc=2323 bg_inh=728
[trial 15/20] spikes=6  rate=6.00 Hz  time=21.81s
[trial 16/20] input_spikes: pn_exc=1556 bg_exc=2242 bg_inh=694
[trial 16/20] spikes=1  rate=1.00 Hz  time=21.45s
[trial 17/20] input_spikes: pn_exc=1680 bg_exc=2297 bg_inh=691
[trial 17/20] spikes=6  rate=6.00 Hz  time=21.64s
[trial 18/20] input_spikes: pn_exc=1781 bg_exc=2510 bg_inh=759
[trial 18/20] spikes=4  rate=4.00 Hz  time=21.77s
[trial 19/20] input_spikes: pn_exc=1642 bg_exc=2346 bg_inh=710
[trial 19/20] spikes=2  rate=2.00 Hz  time=21.60s
[trial 20/20] input_spikes: pn_exc=1734 bg_exc=2297 bg_inh=728
[trial 20/20] spikes=2  rate=2.00 Hz  time=21.47s
Results saved to /home/hrbncv/SCP/cells/SST/tunes/seg_tuned_all/output_data/slurm_35973/parts/slurm_35973_38/run_manifest.json
Total runtime: 433.94s
