Running: /home/hrbncv/miniconda3/envs/BMTK-py311/bin/python /home/hrbncv/SCP/run_pipeline.py --tune-dir /home/hrbncv/SCP/cells/SST/tunes/seg_tuned --output-dir /home/hrbncv/SCP/cells/SST/tunes/seg_tuned/output_data/slurm_45349/parts --n-trials 20 --output-stem slurm_45349_8 --trial-offset 160 --force-save
Loaded mechanisms from /home/hrbncv/SCP/cells/SST/tunes/seg_tuned/modfiles/x86_64/.libs/libnrnmech.so
Loaded Allen cell for 'SST' from /home/hrbncv/SCP/cells/SST/tunes/seg_tuned/manifest.json, soma_diam_multiplier=10.0, Vinit=-65.0, loader=genome_fallback
Geometry defined for 'SST': 1 soma segs, 54 proximal dend segs, 52 distal dend segs, 115 total dend segs.
[trial 1/20] input_spikes: pn_exc=1687 bg_exc=2274 bg_inh=723
[trial 1/20] spikes=15  rate=15.00 Hz  time=22.68s
[trial 2/20] input_spikes: pn_exc=1710 bg_exc=2540 bg_inh=779
[trial 2/20] spikes=17  rate=17.00 Hz  time=23.33s
[trial 3/20] input_spikes: pn_exc=1732 bg_exc=2359 bg_inh=750
[trial 3/20] spikes=8  rate=8.00 Hz  time=22.91s
[trial 4/20] input_spikes: pn_exc=1697 bg_exc=2350 bg_inh=780
[trial 4/20] spikes=14  rate=14.00 Hz  time=23.12s
[trial 5/20] input_spikes: pn_exc=1659 bg_exc=2179 bg_inh=738
[trial 5/20] spikes=17  rate=17.00 Hz  time=22.55s
[trial 6/20] input_spikes: pn_exc=1703 bg_exc=2272 bg_inh=731
[trial 6/20] spikes=13  rate=13.00 Hz  time=22.43s
[trial 7/20] input_spikes: pn_exc=1698 bg_exc=2516 bg_inh=780
[trial 7/20] spikes=15  rate=15.00 Hz  time=23.10s
[trial 8/20] input_spikes: pn_exc=1728 bg_exc=2440 bg_inh=744
[trial 8/20] spikes=13  rate=13.00 Hz  time=22.97s
[trial 9/20] input_spikes: pn_exc=1705 bg_exc=2447 bg_inh=776
[trial 9/20] spikes=10  rate=10.00 Hz  time=22.90s
[trial 10/20] input_spikes: pn_exc=1722 bg_exc=2511 bg_inh=748
[trial 10/20] spikes=14  rate=14.00 Hz  time=22.77s
[trial 11/20] input_spikes: pn_exc=1640 bg_exc=2145 bg_inh=709
[trial 11/20] spikes=11  rate=11.00 Hz  time=22.67s
[trial 12/20] input_spikes: pn_exc=1581 bg_exc=2128 bg_inh=693
[trial 12/20] spikes=10  rate=10.00 Hz  time=22.76s
[trial 13/20] input_spikes: pn_exc=1727 bg_exc=2314 bg_inh=764
[trial 13/20] spikes=11  rate=11.00 Hz  time=23.14s
[trial 14/20] input_spikes: pn_exc=1791 bg_exc=2478 bg_inh=679
[trial 14/20] spikes=13  rate=13.00 Hz  time=22.84s
[trial 15/20] input_spikes: pn_exc=1537 bg_exc=2115 bg_inh=664
[trial 15/20] spikes=11  rate=11.00 Hz  time=22.37s
[trial 16/20] input_spikes: pn_exc=1693 bg_exc=2302 bg_inh=807
[trial 16/20] spikes=14  rate=14.00 Hz  time=22.67s
[trial 17/20] input_spikes: pn_exc=1723 bg_exc=2493 bg_inh=799
[trial 17/20] spikes=12  rate=12.00 Hz  time=22.99s
[trial 18/20] input_spikes: pn_exc=1728 bg_exc=2468 bg_inh=813
[trial 18/20] spikes=10  rate=10.00 Hz  time=22.88s
[trial 19/20] input_spikes: pn_exc=1563 bg_exc=1966 bg_inh=577
[trial 19/20] spikes=9  rate=9.00 Hz  time=22.16s
[trial 20/20] input_spikes: pn_exc=1696 bg_exc=2535 bg_inh=798
[trial 20/20] spikes=11  rate=11.00 Hz  time=21.43s
save_plots single_plot warning: Top input panel: group list empty, auto-using all groups (3).
Results saved to /home/hrbncv/SCP/cells/SST/tunes/seg_tuned/output_data/slurm_45349/parts/slurm_45349_8/run_manifest.json
Total runtime: 455.91s
