Running: python /home/hrbncv/SCP/run_pipeline.py --tune-dir /home/hrbncv/SCP/cells/SST/tunes/seg_tuned_all --output-dir /home/hrbncv/SCP/cells/SST/tunes/seg_tuned_all/output_data/slurm_35973/parts --n-trials 20 --output-stem slurm_35973_5 --trial-offset 100 --force-save
Loaded mechanisms from /home/hrbncv/SCP/cells/SST/tunes/seg_tuned_all/modfiles/x86_64/.libs/libnrnmech.so
Loaded Allen cell for 'SST' from /home/hrbncv/SCP/cells/SST/tunes/seg_tuned_all/manifest.json, soma_diam_multiplier=10.0, Vinit=-65.0, loader=genome_fallback
Geometry defined for 'SST': 1 soma segs, 54 proximal dend segs, 52 distal dend segs, 115 total dend segs.
[trial 1/20] input_spikes: pn_exc=1770 bg_exc=2392 bg_inh=774
[trial 1/20] spikes=7  rate=7.00 Hz  time=22.32s
[trial 2/20] input_spikes: pn_exc=1608 bg_exc=2232 bg_inh=709
[trial 2/20] spikes=3  rate=3.00 Hz  time=22.05s
[trial 3/20] input_spikes: pn_exc=1745 bg_exc=2338 bg_inh=736
[trial 3/20] spikes=2  rate=2.00 Hz  time=22.04s
[trial 4/20] input_spikes: pn_exc=1651 bg_exc=2242 bg_inh=731
[trial 4/20] spikes=5  rate=5.00 Hz  time=21.92s
[trial 5/20] input_spikes: pn_exc=1672 bg_exc=2422 bg_inh=724
[trial 5/20] spikes=4  rate=4.00 Hz  time=22.16s
[trial 6/20] input_spikes: pn_exc=1602 bg_exc=2121 bg_inh=680
[trial 6/20] spikes=5  rate=5.00 Hz  time=21.74s
[trial 7/20] input_spikes: pn_exc=1645 bg_exc=2345 bg_inh=754
[trial 7/20] spikes=6  rate=6.00 Hz  time=22.17s
[trial 8/20] input_spikes: pn_exc=1762 bg_exc=2512 bg_inh=794
[trial 8/20] spikes=3  rate=3.00 Hz  time=22.23s
[trial 9/20] input_spikes: pn_exc=1711 bg_exc=2455 bg_inh=778
[trial 9/20] spikes=5  rate=5.00 Hz  time=22.31s
[trial 10/20] input_spikes: pn_exc=1701 bg_exc=2338 bg_inh=714
[trial 10/20] spikes=7  rate=7.00 Hz  time=22.03s
[trial 11/20] input_spikes: pn_exc=1634 bg_exc=2329 bg_inh=729
[trial 11/20] spikes=4  rate=4.00 Hz  time=22.12s
[trial 12/20] input_spikes: pn_exc=1779 bg_exc=2557 bg_inh=812
[trial 12/20] spikes=5  rate=5.00 Hz  time=22.30s
[trial 13/20] input_spikes: pn_exc=1757 bg_exc=2371 bg_inh=766
[trial 13/20] spikes=1  rate=1.00 Hz  time=22.28s
[trial 14/20] input_spikes: pn_exc=1658 bg_exc=2419 bg_inh=725
[trial 14/20] spikes=6  rate=6.00 Hz  time=22.31s
[trial 15/20] input_spikes: pn_exc=1681 bg_exc=2236 bg_inh=688
[trial 15/20] spikes=8  rate=8.00 Hz  time=22.01s
[trial 16/20] input_spikes: pn_exc=1775 bg_exc=2253 bg_inh=747
[trial 16/20] spikes=9  rate=9.00 Hz  time=22.05s
[trial 17/20] input_spikes: pn_exc=1748 bg_exc=2435 bg_inh=728
[trial 17/20] spikes=4  rate=4.00 Hz  time=22.20s
[trial 18/20] input_spikes: pn_exc=1739 bg_exc=2458 bg_inh=772
[trial 18/20] spikes=6  rate=6.00 Hz  time=22.12s
[trial 19/20] input_spikes: pn_exc=1604 bg_exc=2095 bg_inh=664
[trial 19/20] spikes=2  rate=2.00 Hz  time=21.96s
[trial 20/20] input_spikes: pn_exc=1671 bg_exc=2370 bg_inh=748
[trial 20/20] spikes=7  rate=7.00 Hz  time=21.67s
Results saved to /home/hrbncv/SCP/cells/SST/tunes/seg_tuned_all/output_data/slurm_35973/parts/slurm_35973_5/run_manifest.json
Total runtime: 442.32s
