Running: python /home/hrbncv/SCP/run_pipeline.py --tune-dir /home/hrbncv/SCP/cells/PV/tunes/seg_tuned --output-dir /home/hrbncv/SCP/cells/PV/tunes/seg_tuned/output_data/slurm_34963/parts --n-trials 40 --output-stem slurm_34963_3 --trial-offset 120 --force-save
Mechanisms already loaded; skipping duplicate load.
Loaded Allen cell for 'PV' from /home/hrbncv/SCP/cells/PV/tunes/seg_tuned/manifest.json, soma_diam_multiplier=6.0, Vinit=-71.0, loader=allensdk_default
Geometry defined for 'PV': 1 soma segs, 46 proximal dend segs, 41 distal dend segs, 97 total dend segs.
[trial 1/40] input_spikes: pn_exc=2841 bg_exc=865 bg_inh=222 sst_inh=358 pv_inh=1226
[trial 1/40] spikes=8  rate=8.00 Hz  time=27.39s
[trial 2/40] input_spikes: pn_exc=2904 bg_exc=896 bg_inh=214 sst_inh=389 pv_inh=1218
[trial 2/40] spikes=6  rate=6.00 Hz  time=27.32s
[trial 3/40] input_spikes: pn_exc=2785 bg_exc=857 bg_inh=214 sst_inh=396 pv_inh=1228
[trial 3/40] spikes=5  rate=5.00 Hz  time=27.14s
[trial 4/40] input_spikes: pn_exc=2728 bg_exc=860 bg_inh=243 sst_inh=378 pv_inh=1199
[trial 4/40] spikes=5  rate=5.00 Hz  time=27.26s
[trial 5/40] input_spikes: pn_exc=2873 bg_exc=897 bg_inh=219 sst_inh=371 pv_inh=1210
[trial 5/40] spikes=7  rate=7.00 Hz  time=27.24s
[trial 6/40] input_spikes: pn_exc=2644 bg_exc=791 bg_inh=178 sst_inh=365 pv_inh=1185
[trial 6/40] spikes=6  rate=6.00 Hz  time=27.34s
[trial 7/40] input_spikes: pn_exc=2866 bg_exc=886 bg_inh=210 sst_inh=374 pv_inh=1167
[trial 7/40] spikes=7  rate=7.00 Hz  time=27.28s
[trial 8/40] input_spikes: pn_exc=2627 bg_exc=747 bg_inh=191 sst_inh=378 pv_inh=1198
[trial 8/40] spikes=4  rate=4.00 Hz  time=27.46s
[trial 9/40] input_spikes: pn_exc=2834 bg_exc=861 bg_inh=208 sst_inh=360 pv_inh=1168
[trial 9/40] spikes=7  rate=7.00 Hz  time=27.43s
[trial 10/40] input_spikes: pn_exc=2731 bg_exc=896 bg_inh=211 sst_inh=390 pv_inh=1181
[trial 10/40] spikes=5  rate=5.00 Hz  time=26.83s
[trial 11/40] input_spikes: pn_exc=2723 bg_exc=830 bg_inh=241 sst_inh=386 pv_inh=1197
[trial 11/40] spikes=5  rate=5.00 Hz  time=26.79s
[trial 12/40] input_spikes: pn_exc=2687 bg_exc=808 bg_inh=196 sst_inh=353 pv_inh=1192
[trial 12/40] spikes=5  rate=5.00 Hz  time=26.53s
[trial 13/40] input_spikes: pn_exc=2725 bg_exc=841 bg_inh=232 sst_inh=401 pv_inh=1227
[trial 13/40] spikes=6  rate=6.00 Hz  time=30.68s
[trial 14/40] input_spikes: pn_exc=2514 bg_exc=695 bg_inh=172 sst_inh=389 pv_inh=1197
[trial 14/40] spikes=6  rate=6.00 Hz  time=31.83s
[trial 15/40] input_spikes: pn_exc=2771 bg_exc=805 bg_inh=179 sst_inh=404 pv_inh=1189
[trial 15/40] spikes=7  rate=7.00 Hz  time=31.79s
[trial 16/40] input_spikes: pn_exc=2591 bg_exc=745 bg_inh=174 sst_inh=364 pv_inh=1187
[trial 16/40] spikes=6  rate=6.00 Hz  time=31.58s
[trial 17/40] input_spikes: pn_exc=2852 bg_exc=816 bg_inh=214 sst_inh=372 pv_inh=1197
[trial 17/40] spikes=6  rate=6.00 Hz  time=31.79s
[trial 18/40] input_spikes: pn_exc=2754 bg_exc=799 bg_inh=205 sst_inh=378 pv_inh=1202
[trial 18/40] spikes=6  rate=6.00 Hz  time=31.78s
[trial 19/40] input_spikes: pn_exc=2826 bg_exc=783 bg_inh=209 sst_inh=385 pv_inh=1211
[trial 19/40] spikes=6  rate=6.00 Hz  time=31.83s
[trial 20/40] input_spikes: pn_exc=2759 bg_exc=810 bg_inh=195 sst_inh=353 pv_inh=1164
[trial 20/40] spikes=7  rate=7.00 Hz  time=31.83s
[trial 21/40] input_spikes: pn_exc=2838 bg_exc=896 bg_inh=221 sst_inh=385 pv_inh=1205
[trial 21/40] spikes=7  rate=7.00 Hz  time=31.95s
[trial 22/40] input_spikes: pn_exc=2720 bg_exc=758 bg_inh=200 sst_inh=360 pv_inh=1204
[trial 22/40] spikes=7  rate=7.00 Hz  time=31.67s
[trial 23/40] input_spikes: pn_exc=2765 bg_exc=843 bg_inh=210 sst_inh=362 pv_inh=1166
[trial 23/40] spikes=6  rate=6.00 Hz  time=31.41s
[trial 24/40] input_spikes: pn_exc=2741 bg_exc=852 bg_inh=199 sst_inh=386 pv_inh=1210
[trial 24/40] spikes=7  rate=7.00 Hz  time=28.61s
[trial 25/40] input_spikes: pn_exc=2773 bg_exc=798 bg_inh=178 sst_inh=365 pv_inh=1203
[trial 25/40] spikes=6  rate=6.00 Hz  time=26.60s
[trial 26/40] input_spikes: pn_exc=2634 bg_exc=797 bg_inh=185 sst_inh=361 pv_inh=1210
[trial 26/40] spikes=5  rate=5.00 Hz  time=26.61s
[trial 27/40] input_spikes: pn_exc=2542 bg_exc=732 bg_inh=188 sst_inh=366 pv_inh=1202
[trial 27/40] spikes=6  rate=6.00 Hz  time=26.56s
[trial 28/40] input_spikes: pn_exc=2674 bg_exc=752 bg_inh=183 sst_inh=368 pv_inh=1218
[trial 28/40] spikes=7  rate=7.00 Hz  time=26.71s
[trial 29/40] input_spikes: pn_exc=2818 bg_exc=893 bg_inh=219 sst_inh=377 pv_inh=1193
[trial 29/40] spikes=6  rate=6.00 Hz  time=26.67s
[trial 30/40] input_spikes: pn_exc=2794 bg_exc=740 bg_inh=204 sst_inh=377 pv_inh=1199
[trial 30/40] spikes=7  rate=7.00 Hz  time=26.88s
[trial 31/40] input_spikes: pn_exc=2766 bg_exc=875 bg_inh=222 sst_inh=368 pv_inh=1219
[trial 31/40] spikes=7  rate=7.00 Hz  time=26.63s
[trial 32/40] input_spikes: pn_exc=2713 bg_exc=845 bg_inh=185 sst_inh=383 pv_inh=1206
[trial 32/40] spikes=7  rate=7.00 Hz  time=26.57s
[trial 33/40] input_spikes: pn_exc=2565 bg_exc=706 bg_inh=183 sst_inh=376 pv_inh=1196
[trial 33/40] spikes=6  rate=6.00 Hz  time=26.60s
[trial 34/40] input_spikes: pn_exc=2782 bg_exc=871 bg_inh=206 sst_inh=376 pv_inh=1188
[trial 34/40] spikes=7  rate=7.00 Hz  time=26.82s
[trial 35/40] input_spikes: pn_exc=2812 bg_exc=895 bg_inh=190 sst_inh=378 pv_inh=1208
[trial 35/40] spikes=6  rate=6.00 Hz  time=27.03s
[trial 36/40] input_spikes: pn_exc=2835 bg_exc=845 bg_inh=210 sst_inh=379 pv_inh=1203
[trial 36/40] spikes=6  rate=6.00 Hz  time=26.72s
[trial 37/40] input_spikes: pn_exc=2598 bg_exc=805 bg_inh=187 sst_inh=367 pv_inh=1179
[trial 37/40] spikes=7  rate=7.00 Hz  time=26.97s
[trial 38/40] input_spikes: pn_exc=2814 bg_exc=861 bg_inh=192 sst_inh=360 pv_inh=1157
[trial 38/40] spikes=7  rate=7.00 Hz  time=26.62s
[trial 39/40] input_spikes: pn_exc=2763 bg_exc=799 bg_inh=235 sst_inh=375 pv_inh=1207
[trial 39/40] spikes=6  rate=6.00 Hz  time=26.72s
[trial 40/40] input_spikes: pn_exc=2352 bg_exc=665 bg_inh=150 sst_inh=362 pv_inh=1174
[trial 40/40] spikes=6  rate=6.00 Hz  time=26.56s
save_plots single_plot warning: Top input panel: group list empty, auto-using all groups (5).
Results saved to /home/hrbncv/SCP/cells/PV/tunes/seg_tuned/output_data/slurm_34963/parts/slurm_34963_3/run_manifest.json
Total runtime: 1131.60s
