Running: python /home/hrbncv/SCP/run_pipeline.py --tune-dir /home/hrbncv/SCP/cells/SST/tunes/seg_tuned_all --output-dir /home/hrbncv/SCP/cells/SST/tunes/seg_tuned_all/output_data/slurm_35973/parts --n-trials 20 --output-stem slurm_35973_16 --trial-offset 320 --force-save
Loaded mechanisms from /home/hrbncv/SCP/cells/SST/tunes/seg_tuned_all/modfiles/x86_64/.libs/libnrnmech.so
Loaded Allen cell for 'SST' from /home/hrbncv/SCP/cells/SST/tunes/seg_tuned_all/manifest.json, soma_diam_multiplier=10.0, Vinit=-65.0, loader=genome_fallback
Geometry defined for 'SST': 1 soma segs, 54 proximal dend segs, 52 distal dend segs, 115 total dend segs.
[trial 1/20] input_spikes: pn_exc=1657 bg_exc=2428 bg_inh=813
[trial 1/20] spikes=6  rate=6.00 Hz  time=21.98s
[trial 2/20] input_spikes: pn_exc=1616 bg_exc=2213 bg_inh=727
[trial 2/20] spikes=1  rate=1.00 Hz  time=21.91s
[trial 3/20] input_spikes: pn_exc=1721 bg_exc=2377 bg_inh=759
[trial 3/20] spikes=5  rate=5.00 Hz  time=21.87s
[trial 4/20] input_spikes: pn_exc=1584 bg_exc=2152 bg_inh=670
[trial 4/20] spikes=5  rate=5.00 Hz  time=21.59s
[trial 5/20] input_spikes: pn_exc=1798 bg_exc=2430 bg_inh=796
[trial 5/20] spikes=5  rate=5.00 Hz  time=21.91s
[trial 6/20] input_spikes: pn_exc=1580 bg_exc=2192 bg_inh=664
[trial 6/20] spikes=5  rate=5.00 Hz  time=21.53s
[trial 7/20] input_spikes: pn_exc=1647 bg_exc=2400 bg_inh=737
[trial 7/20] spikes=2  rate=2.00 Hz  time=21.81s
[trial 8/20] input_spikes: pn_exc=1686 bg_exc=2304 bg_inh=738
[trial 8/20] spikes=0  rate=0.00 Hz  time=21.77s
[trial 9/20] input_spikes: pn_exc=1588 bg_exc=2277 bg_inh=701
[trial 9/20] spikes=6  rate=6.00 Hz  time=21.86s
[trial 10/20] input_spikes: pn_exc=1462 bg_exc=1704 bg_inh=533
[trial 10/20] spikes=1  rate=1.00 Hz  time=21.15s
[trial 11/20] input_spikes: pn_exc=1697 bg_exc=2379 bg_inh=764
[trial 11/20] spikes=2  rate=2.00 Hz  time=21.92s
[trial 12/20] input_spikes: pn_exc=1730 bg_exc=2494 bg_inh=777
[trial 12/20] spikes=5  rate=5.00 Hz  time=22.11s
[trial 13/20] input_spikes: pn_exc=1647 bg_exc=2496 bg_inh=740
[trial 13/20] spikes=5  rate=5.00 Hz  time=21.84s
[trial 14/20] input_spikes: pn_exc=1698 bg_exc=2443 bg_inh=811
[trial 14/20] spikes=1  rate=1.00 Hz  time=22.02s
[trial 15/20] input_spikes: pn_exc=1808 bg_exc=2518 bg_inh=800
[trial 15/20] spikes=8  rate=8.00 Hz  time=22.04s
[trial 16/20] input_spikes: pn_exc=1687 bg_exc=2292 bg_inh=747
[trial 16/20] spikes=7  rate=7.00 Hz  time=21.87s
[trial 17/20] input_spikes: pn_exc=1691 bg_exc=2373 bg_inh=784
[trial 17/20] spikes=3  rate=3.00 Hz  time=21.98s
[trial 18/20] input_spikes: pn_exc=1609 bg_exc=2106 bg_inh=659
[trial 18/20] spikes=8  rate=8.00 Hz  time=21.59s
[trial 19/20] input_spikes: pn_exc=1755 bg_exc=2342 bg_inh=759
[trial 19/20] spikes=8  rate=8.00 Hz  time=21.86s
[trial 20/20] input_spikes: pn_exc=1679 bg_exc=2449 bg_inh=768
[trial 20/20] spikes=7  rate=7.00 Hz  time=21.74s
Results saved to /home/hrbncv/SCP/cells/SST/tunes/seg_tuned_all/output_data/slurm_35973/parts/slurm_35973_16/run_manifest.json
Total runtime: 436.68s
