Running: /home/hrbncv/miniconda3/envs/BMTK-py311/bin/python /home/hrbncv/SCP/run_pipeline.py --tune-dir /home/hrbncv/SCP/cells/SST/tunes/seg_tuned_all --output-dir /home/hrbncv/SCP/cells/SST/tunes/seg_tuned_all/output_data/slurm_45349/parts --n-trials 20 --output-stem slurm_45349_0 --trial-offset 0 --force-save
Loaded mechanisms from /home/hrbncv/SCP/cells/SST/tunes/seg_tuned_all/modfiles/x86_64/.libs/libnrnmech.so
Loaded Allen cell for 'SST' from /home/hrbncv/SCP/cells/SST/tunes/seg_tuned_all/manifest.json, soma_diam_multiplier=10.0, Vinit=-65.0, loader=genome_fallback
Geometry defined for 'SST': 1 soma segs, 54 proximal dend segs, 52 distal dend segs, 115 total dend segs.
[trial 1/20] input_spikes: pn_exc=1648 bg_exc=2247 bg_inh=700
[trial 1/20] spikes=11  rate=11.00 Hz  time=22.37s
[trial 2/20] input_spikes: pn_exc=1658 bg_exc=2315 bg_inh=681
[trial 2/20] spikes=14  rate=14.00 Hz  time=22.71s
[trial 3/20] input_spikes: pn_exc=1691 bg_exc=2377 bg_inh=727
[trial 3/20] spikes=14  rate=14.00 Hz  time=22.41s
[trial 4/20] input_spikes: pn_exc=1720 bg_exc=2378 bg_inh=760
[trial 4/20] spikes=14  rate=14.00 Hz  time=22.88s
[trial 5/20] input_spikes: pn_exc=1689 bg_exc=2190 bg_inh=755
[trial 5/20] spikes=15  rate=15.00 Hz  time=22.54s
[trial 6/20] input_spikes: pn_exc=1725 bg_exc=2348 bg_inh=747
[trial 6/20] spikes=15  rate=15.00 Hz  time=22.46s
[trial 7/20] input_spikes: pn_exc=1687 bg_exc=2433 bg_inh=755
[trial 7/20] spikes=8  rate=8.00 Hz  time=22.95s
[trial 8/20] input_spikes: pn_exc=1686 bg_exc=2189 bg_inh=693
[trial 8/20] spikes=14  rate=14.00 Hz  time=22.55s
[trial 9/20] input_spikes: pn_exc=1681 bg_exc=2454 bg_inh=773
[trial 9/20] spikes=15  rate=15.00 Hz  time=22.90s
[trial 10/20] input_spikes: pn_exc=1723 bg_exc=2399 bg_inh=721
[trial 10/20] spikes=15  rate=15.00 Hz  time=22.52s
[trial 11/20] input_spikes: pn_exc=1819 bg_exc=2527 bg_inh=775
[trial 11/20] spikes=14  rate=14.00 Hz  time=23.10s
[trial 12/20] input_spikes: pn_exc=1518 bg_exc=1971 bg_inh=593
[trial 12/20] spikes=14  rate=14.00 Hz  time=22.44s
[trial 13/20] input_spikes: pn_exc=1711 bg_exc=2491 bg_inh=754
[trial 13/20] spikes=13  rate=13.00 Hz  time=22.87s
[trial 14/20] input_spikes: pn_exc=1606 bg_exc=2323 bg_inh=711
[trial 14/20] spikes=13  rate=13.00 Hz  time=22.55s
[trial 15/20] input_spikes: pn_exc=1698 bg_exc=2417 bg_inh=829
[trial 15/20] spikes=14  rate=14.00 Hz  time=22.93s
[trial 16/20] input_spikes: pn_exc=1590 bg_exc=2038 bg_inh=623
[trial 16/20] spikes=15  rate=15.00 Hz  time=22.14s
[trial 17/20] input_spikes: pn_exc=1762 bg_exc=2397 bg_inh=768
[trial 17/20] spikes=14  rate=14.00 Hz  time=23.06s
[trial 18/20] input_spikes: pn_exc=1716 bg_exc=2349 bg_inh=684
[trial 18/20] spikes=12  rate=12.00 Hz  time=22.55s
[trial 19/20] input_spikes: pn_exc=1548 bg_exc=2071 bg_inh=623
[trial 19/20] spikes=14  rate=14.00 Hz  time=22.30s
[trial 20/20] input_spikes: pn_exc=1609 bg_exc=2157 bg_inh=673
[trial 20/20] spikes=15  rate=15.00 Hz  time=21.57s
save_plots single_plot warning: Top input panel: group list empty, auto-using all groups (3).
Results saved to /home/hrbncv/SCP/cells/SST/tunes/seg_tuned_all/output_data/slurm_45349/parts/slurm_45349_0/run_manifest.json
Total runtime: 453.24s
Submitting merge job: /home/hrbncv/SCP/scripts/merge_array_results_with_status.sh --input-dir /home/hrbncv/SCP/cells/SST/tunes/seg_tuned_all/output_data/slurm_45349/parts --output-dir /home/hrbncv/SCP/cells/SST/tunes/seg_tuned_all/output_data/slurm_45349 --job-id 45349 --output-stem results
Submitted batch job 45399
