Running: python /home/hrbncv/SCP/run_pipeline.py --tune-dir /home/hrbncv/SCP/cells/PV/tunes/seg_tuned --output-dir /home/hrbncv/SCP/cells/PV/tunes/seg_tuned/output_data/slurm_32387/parts --n-trials 20 --output-stem slurm_32387_39 --trial-offset 780 --force-save
Mechanisms already loaded; skipping duplicate load.
Loaded Allen cell for 'PV' from /home/hrbncv/SCP/cells/PV/tunes/seg_tuned/manifest.json, soma_diam_multiplier=6.0, Vinit=-71.0, loader=allensdk_default
Geometry defined for 'PV': 1 soma segs, 46 proximal dend segs, 41 distal dend segs, 97 total dend segs.
[trial 1/20] input_spikes: pn_exc=2842 bg_exc=947 bg_inh=209
[trial 1/20] spikes=12  rate=12.00 Hz  time=28.52s
[trial 2/20] input_spikes: pn_exc=2842 bg_exc=831 bg_inh=187
[trial 2/20] spikes=13  rate=13.00 Hz  time=28.64s
[trial 3/20] input_spikes: pn_exc=2701 bg_exc=794 bg_inh=211
[trial 3/20] spikes=12  rate=12.00 Hz  time=27.47s
[trial 4/20] input_spikes: pn_exc=2895 bg_exc=863 bg_inh=191
[trial 4/20] spikes=13  rate=13.00 Hz  time=27.96s
[trial 5/20] input_spikes: pn_exc=2787 bg_exc=915 bg_inh=212
[trial 5/20] spikes=14  rate=14.00 Hz  time=27.90s
[trial 6/20] input_spikes: pn_exc=2729 bg_exc=802 bg_inh=177
[trial 6/20] spikes=12  rate=12.00 Hz  time=27.50s
[trial 7/20] input_spikes: pn_exc=2834 bg_exc=875 bg_inh=219
[trial 7/20] spikes=13  rate=13.00 Hz  time=27.96s
[trial 8/20] input_spikes: pn_exc=2844 bg_exc=862 bg_inh=219
[trial 8/20] spikes=12  rate=12.00 Hz  time=28.27s
[trial 9/20] input_spikes: pn_exc=2594 bg_exc=702 bg_inh=162
[trial 9/20] spikes=12  rate=12.00 Hz  time=27.41s
[trial 10/20] input_spikes: pn_exc=2673 bg_exc=811 bg_inh=211
[trial 10/20] spikes=11  rate=11.00 Hz  time=27.82s
[trial 11/20] input_spikes: pn_exc=2811 bg_exc=862 bg_inh=215
[trial 11/20] spikes=12  rate=12.00 Hz  time=27.96s
[trial 12/20] input_spikes: pn_exc=2825 bg_exc=803 bg_inh=189
[trial 12/20] spikes=12  rate=12.00 Hz  time=27.46s
[trial 13/20] input_spikes: pn_exc=2893 bg_exc=923 bg_inh=233
[trial 13/20] spikes=13  rate=13.00 Hz  time=27.96s
[trial 14/20] input_spikes: pn_exc=2519 bg_exc=713 bg_inh=186
[trial 14/20] spikes=12  rate=12.00 Hz  time=27.80s
[trial 15/20] input_spikes: pn_exc=2769 bg_exc=777 bg_inh=206
[trial 15/20] spikes=12  rate=12.00 Hz  time=27.40s
[trial 16/20] input_spikes: pn_exc=2817 bg_exc=829 bg_inh=210
[trial 16/20] spikes=12  rate=12.00 Hz  time=28.34s
[trial 17/20] input_spikes: pn_exc=2554 bg_exc=738 bg_inh=184
[trial 17/20] spikes=11  rate=11.00 Hz  time=27.71s
[trial 18/20] input_spikes: pn_exc=2884 bg_exc=907 bg_inh=200
[trial 18/20] spikes=13  rate=13.00 Hz  time=27.47s
[trial 19/20] input_spikes: pn_exc=2726 bg_exc=796 bg_inh=164
[trial 19/20] spikes=12  rate=12.00 Hz  time=28.07s
[trial 20/20] input_spikes: pn_exc=2861 bg_exc=883 bg_inh=223
[trial 20/20] spikes=12  rate=12.00 Hz  time=27.97s
save_plots single_plot warning: Top input panel: group list empty, auto-using all groups (3).
save_plots single_plot warning: Input raster panel: group list empty, auto-using all groups (3).
Results saved to /home/hrbncv/SCP/cells/PV/tunes/seg_tuned/output_data/slurm_32387/parts/slurm_32387_39/run_manifest.json
Total runtime: 678.20s
