Running: python /home/hrbncv/SCP/run_pipeline.py --tune-dir /home/hrbncv/SCP/cells/PV/tunes/seg_tuned --output-dir /home/hrbncv/SCP/cells/PV/tunes/seg_tuned/output_data/slurm_34963/parts --n-trials 40 --output-stem slurm_34963_18 --trial-offset 720 --force-save
Mechanisms already loaded; skipping duplicate load.
Loaded Allen cell for 'PV' from /home/hrbncv/SCP/cells/PV/tunes/seg_tuned/manifest.json, soma_diam_multiplier=6.0, Vinit=-71.0, loader=allensdk_default
Geometry defined for 'PV': 1 soma segs, 46 proximal dend segs, 41 distal dend segs, 97 total dend segs.
[trial 1/40] input_spikes: pn_exc=2909 bg_exc=950 bg_inh=213 sst_inh=369 pv_inh=1196
[trial 1/40] spikes=8  rate=8.00 Hz  time=27.00s
[trial 2/40] input_spikes: pn_exc=2812 bg_exc=849 bg_inh=197 sst_inh=389 pv_inh=1220
[trial 2/40] spikes=6  rate=6.00 Hz  time=27.16s
[trial 3/40] input_spikes: pn_exc=2657 bg_exc=834 bg_inh=196 sst_inh=380 pv_inh=1203
[trial 3/40] spikes=5  rate=5.00 Hz  time=27.07s
[trial 4/40] input_spikes: pn_exc=2907 bg_exc=898 bg_inh=230 sst_inh=360 pv_inh=1206
[trial 4/40] spikes=6  rate=6.00 Hz  time=27.06s
[trial 5/40] input_spikes: pn_exc=2659 bg_exc=821 bg_inh=233 sst_inh=367 pv_inh=1209
[trial 5/40] spikes=6  rate=6.00 Hz  time=27.04s
[trial 6/40] input_spikes: pn_exc=2717 bg_exc=852 bg_inh=209 sst_inh=397 pv_inh=1197
[trial 6/40] spikes=7  rate=7.00 Hz  time=27.08s
[trial 7/40] input_spikes: pn_exc=2944 bg_exc=847 bg_inh=217 sst_inh=371 pv_inh=1207
[trial 7/40] spikes=6  rate=6.00 Hz  time=26.71s
[trial 8/40] input_spikes: pn_exc=2746 bg_exc=820 bg_inh=200 sst_inh=372 pv_inh=1210
[trial 8/40] spikes=7  rate=7.00 Hz  time=26.74s
[trial 9/40] input_spikes: pn_exc=2767 bg_exc=844 bg_inh=183 sst_inh=390 pv_inh=1216
[trial 9/40] spikes=7  rate=7.00 Hz  time=26.84s
[trial 10/40] input_spikes: pn_exc=2806 bg_exc=813 bg_inh=210 sst_inh=350 pv_inh=1189
[trial 10/40] spikes=6  rate=6.00 Hz  time=27.16s
[trial 11/40] input_spikes: pn_exc=2730 bg_exc=796 bg_inh=186 sst_inh=376 pv_inh=1208
[trial 11/40] spikes=6  rate=6.00 Hz  time=26.82s
[trial 12/40] input_spikes: pn_exc=2720 bg_exc=811 bg_inh=232 sst_inh=387 pv_inh=1186
[trial 12/40] spikes=6  rate=6.00 Hz  time=26.85s
[trial 13/40] input_spikes: pn_exc=2851 bg_exc=969 bg_inh=224 sst_inh=361 pv_inh=1181
[trial 13/40] spikes=7  rate=7.00 Hz  time=30.75s
[trial 14/40] input_spikes: pn_exc=2803 bg_exc=799 bg_inh=203 sst_inh=364 pv_inh=1187
[trial 14/40] spikes=5  rate=5.00 Hz  time=33.25s
[trial 15/40] input_spikes: pn_exc=2817 bg_exc=870 bg_inh=205 sst_inh=362 pv_inh=1210
[trial 15/40] spikes=8  rate=8.00 Hz  time=33.35s
[trial 16/40] input_spikes: pn_exc=2669 bg_exc=796 bg_inh=222 sst_inh=366 pv_inh=1206
[trial 16/40] spikes=6  rate=6.00 Hz  time=33.00s
[trial 17/40] input_spikes: pn_exc=2667 bg_exc=734 bg_inh=162 sst_inh=360 pv_inh=1199
[trial 17/40] spikes=7  rate=7.00 Hz  time=32.86s
[trial 18/40] input_spikes: pn_exc=2956 bg_exc=880 bg_inh=218 sst_inh=384 pv_inh=1191
[trial 18/40] spikes=6  rate=6.00 Hz  time=32.65s
[trial 19/40] input_spikes: pn_exc=2801 bg_exc=833 bg_inh=179 sst_inh=377 pv_inh=1190
[trial 19/40] spikes=7  rate=7.00 Hz  time=32.85s
[trial 20/40] input_spikes: pn_exc=2741 bg_exc=830 bg_inh=187 sst_inh=378 pv_inh=1198
[trial 20/40] spikes=7  rate=7.00 Hz  time=33.01s
[trial 21/40] input_spikes: pn_exc=2798 bg_exc=851 bg_inh=201 sst_inh=381 pv_inh=1201
[trial 21/40] spikes=8  rate=8.00 Hz  time=33.24s
[trial 22/40] input_spikes: pn_exc=2732 bg_exc=909 bg_inh=236 sst_inh=365 pv_inh=1196
[trial 22/40] spikes=8  rate=8.00 Hz  time=32.82s
[trial 23/40] input_spikes: pn_exc=2827 bg_exc=897 bg_inh=232 sst_inh=376 pv_inh=1219
[trial 23/40] spikes=5  rate=5.00 Hz  time=32.15s
[trial 24/40] input_spikes: pn_exc=2816 bg_exc=815 bg_inh=242 sst_inh=368 pv_inh=1180
[trial 24/40] spikes=5  rate=5.00 Hz  time=28.83s
[trial 25/40] input_spikes: pn_exc=2796 bg_exc=905 bg_inh=218 sst_inh=386 pv_inh=1203
[trial 25/40] spikes=8  rate=8.00 Hz  time=27.76s
[trial 26/40] input_spikes: pn_exc=2856 bg_exc=861 bg_inh=214 sst_inh=365 pv_inh=1220
[trial 26/40] spikes=6  rate=6.00 Hz  time=28.02s
[trial 27/40] input_spikes: pn_exc=2843 bg_exc=881 bg_inh=227 sst_inh=376 pv_inh=1193
[trial 27/40] spikes=7  rate=7.00 Hz  time=28.02s
[trial 28/40] input_spikes: pn_exc=2818 bg_exc=848 bg_inh=221 sst_inh=386 pv_inh=1203
[trial 28/40] spikes=6  rate=6.00 Hz  time=28.01s
[trial 29/40] input_spikes: pn_exc=2716 bg_exc=856 bg_inh=187 sst_inh=376 pv_inh=1186
[trial 29/40] spikes=6  rate=6.00 Hz  time=28.35s
[trial 30/40] input_spikes: pn_exc=2860 bg_exc=927 bg_inh=217 sst_inh=392 pv_inh=1208
[trial 30/40] spikes=6  rate=6.00 Hz  time=28.16s
[trial 31/40] input_spikes: pn_exc=2554 bg_exc=684 bg_inh=163 sst_inh=379 pv_inh=1211
[trial 31/40] spikes=6  rate=6.00 Hz  time=27.95s
[trial 32/40] input_spikes: pn_exc=2543 bg_exc=758 bg_inh=158 sst_inh=359 pv_inh=1229
[trial 32/40] spikes=8  rate=8.00 Hz  time=27.84s
[trial 33/40] input_spikes: pn_exc=2607 bg_exc=761 bg_inh=167 sst_inh=377 pv_inh=1214
[trial 33/40] spikes=5  rate=5.00 Hz  time=27.86s
[trial 34/40] input_spikes: pn_exc=2842 bg_exc=825 bg_inh=192 sst_inh=373 pv_inh=1217
[trial 34/40] spikes=7  rate=7.00 Hz  time=27.92s
[trial 35/40] input_spikes: pn_exc=2845 bg_exc=915 bg_inh=227 sst_inh=361 pv_inh=1207
[trial 35/40] spikes=6  rate=6.00 Hz  time=27.56s
[trial 36/40] input_spikes: pn_exc=2880 bg_exc=841 bg_inh=215 sst_inh=345 pv_inh=1186
[trial 36/40] spikes=6  rate=6.00 Hz  time=27.61s
[trial 37/40] input_spikes: pn_exc=2601 bg_exc=764 bg_inh=182 sst_inh=392 pv_inh=1204
[trial 37/40] spikes=5  rate=5.00 Hz  time=27.35s
[trial 38/40] input_spikes: pn_exc=2534 bg_exc=714 bg_inh=148 sst_inh=388 pv_inh=1197
[trial 38/40] spikes=6  rate=6.00 Hz  time=27.33s
[trial 39/40] input_spikes: pn_exc=2741 bg_exc=780 bg_inh=198 sst_inh=379 pv_inh=1174
[trial 39/40] spikes=6  rate=6.00 Hz  time=27.44s
[trial 40/40] input_spikes: pn_exc=2887 bg_exc=871 bg_inh=223 sst_inh=366 pv_inh=1218
[trial 40/40] spikes=6  rate=6.00 Hz  time=27.49s
save_plots single_plot warning: Top input panel: group list empty, auto-using all groups (5).
Results saved to /home/hrbncv/SCP/cells/PV/tunes/seg_tuned/output_data/slurm_34963/parts/slurm_34963_18/run_manifest.json
Total runtime: 1158.49s
