Running: python /home/hrbncv/SCP/run_pipeline.py --tune-dir /home/hrbncv/SCP/cells/SST/tunes/seg_tuned_all --output-dir /home/hrbncv/SCP/cells/SST/tunes/seg_tuned_all/output_data/slurm_39858/parts --n-trials 20 --output-stem slurm_39858_25 --trial-offset 500 --force-save
Loaded mechanisms from /home/hrbncv/SCP/cells/SST/tunes/seg_tuned_all/modfiles/x86_64/.libs/libnrnmech.so
Loaded Allen cell for 'SST' from /home/hrbncv/SCP/cells/SST/tunes/seg_tuned_all/manifest.json, soma_diam_multiplier=10.0, Vinit=-65.0, loader=genome_fallback
Geometry defined for 'SST': 1 soma segs, 54 proximal dend segs, 52 distal dend segs, 115 total dend segs.
[trial 1/20] input_spikes: pn_exc=1732 vip_inh_bio=63 bg_exc=2476 bg_inh=793
[trial 1/20] spikes=6  rate=6.00 Hz  time=23.40s
[trial 2/20] input_spikes: pn_exc=1625 vip_inh_bio=65 bg_exc=2243 bg_inh=744
[trial 2/20] spikes=3  rate=3.00 Hz  time=23.02s
[trial 3/20] input_spikes: pn_exc=1760 vip_inh_bio=62 bg_exc=2269 bg_inh=750
[trial 3/20] spikes=4  rate=4.00 Hz  time=23.16s
[trial 4/20] input_spikes: pn_exc=1695 vip_inh_bio=48 bg_exc=2414 bg_inh=759
[trial 4/20] spikes=2  rate=2.00 Hz  time=23.27s
[trial 5/20] input_spikes: pn_exc=1455 vip_inh_bio=51 bg_exc=1509 bg_inh=452
[trial 5/20] spikes=6  rate=6.00 Hz  time=22.62s
[trial 6/20] input_spikes: pn_exc=1673 vip_inh_bio=54 bg_exc=2298 bg_inh=718
[trial 6/20] spikes=6  rate=6.00 Hz  time=23.00s
[trial 7/20] input_spikes: pn_exc=1699 vip_inh_bio=88 bg_exc=2515 bg_inh=735
[trial 7/20] spikes=2  rate=2.00 Hz  time=23.25s
[trial 8/20] input_spikes: pn_exc=1732 vip_inh_bio=78 bg_exc=2347 bg_inh=749
[trial 8/20] spikes=1  rate=1.00 Hz  time=23.33s
[trial 9/20] input_spikes: pn_exc=1630 vip_inh_bio=58 bg_exc=2383 bg_inh=680
[trial 9/20] spikes=4  rate=4.00 Hz  time=23.16s
[trial 10/20] input_spikes: pn_exc=1741 vip_inh_bio=66 bg_exc=2538 bg_inh=801
[trial 10/20] spikes=6  rate=6.00 Hz  time=23.36s
[trial 11/20] input_spikes: pn_exc=1469 vip_inh_bio=69 bg_exc=1831 bg_inh=583
[trial 11/20] spikes=2  rate=2.00 Hz  time=22.81s
[trial 12/20] input_spikes: pn_exc=1655 vip_inh_bio=67 bg_exc=2305 bg_inh=736
[trial 12/20] spikes=5  rate=5.00 Hz  time=23.40s
[trial 13/20] input_spikes: pn_exc=1802 vip_inh_bio=66 bg_exc=2600 bg_inh=819
[trial 13/20] spikes=3  rate=3.00 Hz  time=23.48s
[trial 14/20] input_spikes: pn_exc=1618 vip_inh_bio=60 bg_exc=2240 bg_inh=736
[trial 14/20] spikes=4  rate=4.00 Hz  time=23.17s
[trial 15/20] input_spikes: pn_exc=1638 vip_inh_bio=55 bg_exc=2463 bg_inh=762
[trial 15/20] spikes=1  rate=1.00 Hz  time=23.11s
[trial 16/20] input_spikes: pn_exc=1720 vip_inh_bio=74 bg_exc=2331 bg_inh=716
[trial 16/20] spikes=3  rate=3.00 Hz  time=22.53s
[trial 17/20] input_spikes: pn_exc=1655 vip_inh_bio=49 bg_exc=2200 bg_inh=701
[trial 17/20] spikes=5  rate=5.00 Hz  time=22.25s
[trial 18/20] input_spikes: pn_exc=1738 vip_inh_bio=62 bg_exc=2361 bg_inh=765
[trial 18/20] spikes=2  rate=2.00 Hz  time=22.36s
[trial 19/20] input_spikes: pn_exc=1749 vip_inh_bio=62 bg_exc=2401 bg_inh=764
[trial 19/20] spikes=1  rate=1.00 Hz  time=22.39s
[trial 20/20] input_spikes: pn_exc=1728 vip_inh_bio=64 bg_exc=2338 bg_inh=737
[trial 20/20] spikes=3  rate=3.00 Hz  time=21.34s
save_plots single_plot warning: Top input panel: group list empty, auto-using all groups (4).
Results saved to /home/hrbncv/SCP/cells/SST/tunes/seg_tuned_all/output_data/slurm_39858/parts/slurm_39858_25/run_manifest.json
Total runtime: 459.57s
