Running: /home/hrbncv/miniconda3/envs/BMTK-py311/bin/python /home/hrbncv/SCP/run_pipeline.py --tune-dir /home/hrbncv/SCP/cells/SST/tunes/seg_tuned_all --output-dir /home/hrbncv/SCP/cells/SST/tunes/seg_tuned_all/output_data/slurm_45349/parts --n-trials 20 --output-stem slurm_45349_6 --trial-offset 120 --force-save
Loaded mechanisms from /home/hrbncv/SCP/cells/SST/tunes/seg_tuned_all/modfiles/x86_64/.libs/libnrnmech.so
Loaded Allen cell for 'SST' from /home/hrbncv/SCP/cells/SST/tunes/seg_tuned_all/manifest.json, soma_diam_multiplier=10.0, Vinit=-65.0, loader=genome_fallback
Geometry defined for 'SST': 1 soma segs, 54 proximal dend segs, 52 distal dend segs, 115 total dend segs.
[trial 1/20] input_spikes: pn_exc=1662 bg_exc=2279 bg_inh=731
[trial 1/20] spikes=11  rate=11.00 Hz  time=21.43s
[trial 2/20] input_spikes: pn_exc=1769 bg_exc=2549 bg_inh=821
[trial 2/20] spikes=15  rate=15.00 Hz  time=21.73s
[trial 3/20] input_spikes: pn_exc=1662 bg_exc=2309 bg_inh=721
[trial 3/20] spikes=13  rate=13.00 Hz  time=21.40s
[trial 4/20] input_spikes: pn_exc=1789 bg_exc=2463 bg_inh=794
[trial 4/20] spikes=14  rate=14.00 Hz  time=21.59s
[trial 5/20] input_spikes: pn_exc=1741 bg_exc=2430 bg_inh=759
[trial 5/20] spikes=11  rate=11.00 Hz  time=21.56s
[trial 6/20] input_spikes: pn_exc=1783 bg_exc=2396 bg_inh=733
[trial 6/20] spikes=17  rate=17.00 Hz  time=21.55s
[trial 7/20] input_spikes: pn_exc=1829 bg_exc=2494 bg_inh=797
[trial 7/20] spikes=13  rate=13.00 Hz  time=21.66s
[trial 8/20] input_spikes: pn_exc=1445 bg_exc=1511 bg_inh=479
[trial 8/20] spikes=12  rate=12.00 Hz  time=20.61s
[trial 9/20] input_spikes: pn_exc=1739 bg_exc=2452 bg_inh=813
[trial 9/20] spikes=13  rate=13.00 Hz  time=21.70s
[trial 10/20] input_spikes: pn_exc=1548 bg_exc=2262 bg_inh=695
[trial 10/20] spikes=12  rate=12.00 Hz  time=21.32s
[trial 11/20] input_spikes: pn_exc=1471 bg_exc=1569 bg_inh=467
[trial 11/20] spikes=13  rate=13.00 Hz  time=20.61s
[trial 12/20] input_spikes: pn_exc=1532 bg_exc=1986 bg_inh=595
[trial 12/20] spikes=16  rate=16.00 Hz  time=21.27s
[trial 13/20] input_spikes: pn_exc=1766 bg_exc=2536 bg_inh=789
[trial 13/20] spikes=12  rate=12.00 Hz  time=21.73s
[trial 14/20] input_spikes: pn_exc=1746 bg_exc=2237 bg_inh=716
[trial 14/20] spikes=10  rate=10.00 Hz  time=21.43s
[trial 15/20] input_spikes: pn_exc=1648 bg_exc=2446 bg_inh=722
[trial 15/20] spikes=13  rate=13.00 Hz  time=21.61s
[trial 16/20] input_spikes: pn_exc=1606 bg_exc=2136 bg_inh=669
[trial 16/20] spikes=14  rate=14.00 Hz  time=21.28s
[trial 17/20] input_spikes: pn_exc=1620 bg_exc=2102 bg_inh=642
[trial 17/20] spikes=15  rate=15.00 Hz  time=21.26s
[trial 18/20] input_spikes: pn_exc=1790 bg_exc=2440 bg_inh=777
[trial 18/20] spikes=17  rate=17.00 Hz  time=21.75s
[trial 19/20] input_spikes: pn_exc=1566 bg_exc=2175 bg_inh=672
[trial 19/20] spikes=15  rate=15.00 Hz  time=21.24s
[trial 20/20] input_spikes: pn_exc=1720 bg_exc=2361 bg_inh=727
[trial 20/20] spikes=14  rate=14.00 Hz  time=21.47s
save_plots single_plot warning: Top input panel: group list empty, auto-using all groups (3).
Results saved to /home/hrbncv/SCP/cells/SST/tunes/seg_tuned_all/output_data/slurm_45349/parts/slurm_45349_6/run_manifest.json
Total runtime: 429.70s
