Running: python /home/hrbncv/SCP/run_pipeline.py --tune-dir /home/hrbncv/SCP/cells/PV/tunes/seg_tuned --output-dir /home/hrbncv/SCP/cells/PV/tunes/seg_tuned/output_data/slurm_34963/parts --n-trials 40 --output-stem slurm_34963_10 --trial-offset 400 --force-save
Mechanisms already loaded; skipping duplicate load.
Loaded Allen cell for 'PV' from /home/hrbncv/SCP/cells/PV/tunes/seg_tuned/manifest.json, soma_diam_multiplier=6.0, Vinit=-71.0, loader=allensdk_default
Geometry defined for 'PV': 1 soma segs, 46 proximal dend segs, 41 distal dend segs, 97 total dend segs.
[trial 1/40] input_spikes: pn_exc=2761 bg_exc=736 bg_inh=183 sst_inh=370 pv_inh=1208
[trial 1/40] spikes=7  rate=7.00 Hz  time=26.93s
[trial 2/40] input_spikes: pn_exc=2856 bg_exc=829 bg_inh=197 sst_inh=388 pv_inh=1219
[trial 2/40] spikes=6  rate=6.00 Hz  time=26.92s
[trial 3/40] input_spikes: pn_exc=2815 bg_exc=830 bg_inh=238 sst_inh=396 pv_inh=1190
[trial 3/40] spikes=6  rate=6.00 Hz  time=26.83s
[trial 4/40] input_spikes: pn_exc=2657 bg_exc=809 bg_inh=212 sst_inh=378 pv_inh=1204
[trial 4/40] spikes=6  rate=6.00 Hz  time=27.01s
[trial 5/40] input_spikes: pn_exc=2894 bg_exc=895 bg_inh=232 sst_inh=381 pv_inh=1211
[trial 5/40] spikes=6  rate=6.00 Hz  time=26.93s
[trial 6/40] input_spikes: pn_exc=2808 bg_exc=850 bg_inh=199 sst_inh=380 pv_inh=1221
[trial 6/40] spikes=7  rate=7.00 Hz  time=26.88s
[trial 7/40] input_spikes: pn_exc=2670 bg_exc=810 bg_inh=196 sst_inh=368 pv_inh=1219
[trial 7/40] spikes=7  rate=7.00 Hz  time=26.88s
[trial 8/40] input_spikes: pn_exc=2792 bg_exc=888 bg_inh=211 sst_inh=369 pv_inh=1203
[trial 8/40] spikes=6  rate=6.00 Hz  time=26.94s
[trial 9/40] input_spikes: pn_exc=2720 bg_exc=829 bg_inh=194 sst_inh=373 pv_inh=1211
[trial 9/40] spikes=5  rate=5.00 Hz  time=26.91s
[trial 10/40] input_spikes: pn_exc=2879 bg_exc=893 bg_inh=220 sst_inh=396 pv_inh=1193
[trial 10/40] spikes=6  rate=6.00 Hz  time=27.06s
[trial 11/40] input_spikes: pn_exc=2809 bg_exc=875 bg_inh=221 sst_inh=382 pv_inh=1189
[trial 11/40] spikes=6  rate=6.00 Hz  time=26.90s
[trial 12/40] input_spikes: pn_exc=2646 bg_exc=842 bg_inh=208 sst_inh=367 pv_inh=1195
[trial 12/40] spikes=6  rate=6.00 Hz  time=26.77s
[trial 13/40] input_spikes: pn_exc=2929 bg_exc=887 bg_inh=207 sst_inh=376 pv_inh=1163
[trial 13/40] spikes=7  rate=7.00 Hz  time=30.52s
[trial 14/40] input_spikes: pn_exc=2807 bg_exc=868 bg_inh=201 sst_inh=366 pv_inh=1219
[trial 14/40] spikes=6  rate=6.00 Hz  time=32.40s
[trial 15/40] input_spikes: pn_exc=2568 bg_exc=724 bg_inh=172 sst_inh=363 pv_inh=1173
[trial 15/40] spikes=7  rate=7.00 Hz  time=32.56s
[trial 16/40] input_spikes: pn_exc=2874 bg_exc=869 bg_inh=194 sst_inh=370 pv_inh=1196
[trial 16/40] spikes=6  rate=6.00 Hz  time=32.22s
[trial 17/40] input_spikes: pn_exc=2627 bg_exc=709 bg_inh=196 sst_inh=376 pv_inh=1210
[trial 17/40] spikes=6  rate=6.00 Hz  time=32.02s
[trial 18/40] input_spikes: pn_exc=2844 bg_exc=819 bg_inh=186 sst_inh=391 pv_inh=1189
[trial 18/40] spikes=6  rate=6.00 Hz  time=32.24s
[trial 19/40] input_spikes: pn_exc=2795 bg_exc=855 bg_inh=192 sst_inh=377 pv_inh=1187
[trial 19/40] spikes=7  rate=7.00 Hz  time=32.11s
[trial 20/40] input_spikes: pn_exc=2375 bg_exc=610 bg_inh=157 sst_inh=360 pv_inh=1202
[trial 20/40] spikes=6  rate=6.00 Hz  time=32.08s
[trial 21/40] input_spikes: pn_exc=2720 bg_exc=797 bg_inh=212 sst_inh=368 pv_inh=1201
[trial 21/40] spikes=5  rate=5.00 Hz  time=32.31s
[trial 22/40] input_spikes: pn_exc=2803 bg_exc=853 bg_inh=204 sst_inh=385 pv_inh=1190
[trial 22/40] spikes=7  rate=7.00 Hz  time=32.03s
[trial 23/40] input_spikes: pn_exc=2718 bg_exc=769 bg_inh=180 sst_inh=386 pv_inh=1200
[trial 23/40] spikes=7  rate=7.00 Hz  time=31.70s
[trial 24/40] input_spikes: pn_exc=2835 bg_exc=840 bg_inh=188 sst_inh=390 pv_inh=1186
[trial 24/40] spikes=6  rate=6.00 Hz  time=28.85s
[trial 25/40] input_spikes: pn_exc=2713 bg_exc=805 bg_inh=223 sst_inh=377 pv_inh=1208
[trial 25/40] spikes=6  rate=6.00 Hz  time=26.91s
[trial 26/40] input_spikes: pn_exc=2850 bg_exc=814 bg_inh=219 sst_inh=356 pv_inh=1200
[trial 26/40] spikes=4  rate=4.00 Hz  time=26.91s
[trial 27/40] input_spikes: pn_exc=2633 bg_exc=702 bg_inh=191 sst_inh=379 pv_inh=1185
[trial 27/40] spikes=7  rate=7.00 Hz  time=26.82s
[trial 28/40] input_spikes: pn_exc=2815 bg_exc=953 bg_inh=205 sst_inh=371 pv_inh=1191
[trial 28/40] spikes=7  rate=7.00 Hz  time=26.92s
[trial 29/40] input_spikes: pn_exc=2824 bg_exc=813 bg_inh=214 sst_inh=363 pv_inh=1212
[trial 29/40] spikes=6  rate=6.00 Hz  time=26.83s
[trial 30/40] input_spikes: pn_exc=2758 bg_exc=812 bg_inh=209 sst_inh=386 pv_inh=1164
[trial 30/40] spikes=4  rate=4.00 Hz  time=27.00s
[trial 31/40] input_spikes: pn_exc=2693 bg_exc=805 bg_inh=189 sst_inh=377 pv_inh=1195
[trial 31/40] spikes=7  rate=7.00 Hz  time=26.88s
[trial 32/40] input_spikes: pn_exc=2516 bg_exc=706 bg_inh=161 sst_inh=362 pv_inh=1204
[trial 32/40] spikes=5  rate=5.00 Hz  time=26.80s
[trial 33/40] input_spikes: pn_exc=2871 bg_exc=882 bg_inh=204 sst_inh=395 pv_inh=1191
[trial 33/40] spikes=6  rate=6.00 Hz  time=26.78s
[trial 34/40] input_spikes: pn_exc=2636 bg_exc=727 bg_inh=170 sst_inh=385 pv_inh=1201
[trial 34/40] spikes=8  rate=8.00 Hz  time=26.93s
[trial 35/40] input_spikes: pn_exc=2511 bg_exc=762 bg_inh=180 sst_inh=381 pv_inh=1215
[trial 35/40] spikes=4  rate=4.00 Hz  time=27.28s
[trial 36/40] input_spikes: pn_exc=2703 bg_exc=813 bg_inh=218 sst_inh=365 pv_inh=1204
[trial 36/40] spikes=5  rate=5.00 Hz  time=26.84s
[trial 37/40] input_spikes: pn_exc=2683 bg_exc=815 bg_inh=214 sst_inh=356 pv_inh=1187
[trial 37/40] spikes=8  rate=8.00 Hz  time=27.01s
[trial 38/40] input_spikes: pn_exc=2685 bg_exc=839 bg_inh=187 sst_inh=366 pv_inh=1184
[trial 38/40] spikes=7  rate=7.00 Hz  time=26.83s
[trial 39/40] input_spikes: pn_exc=2590 bg_exc=781 bg_inh=208 sst_inh=374 pv_inh=1195
[trial 39/40] spikes=5  rate=5.00 Hz  time=26.70s
[trial 40/40] input_spikes: pn_exc=2931 bg_exc=921 bg_inh=208 sst_inh=360 pv_inh=1201
[trial 40/40] spikes=8  rate=8.00 Hz  time=26.91s
save_plots single_plot warning: Top input panel: group list empty, auto-using all groups (5).
Results saved to /home/hrbncv/SCP/cells/PV/tunes/seg_tuned/output_data/slurm_34963/parts/slurm_34963_10/run_manifest.json
Total runtime: 1135.93s
