Running: /home/hrbncv/miniconda3/envs/BMTK-py311/bin/python /home/hrbncv/SCP/run_pipeline.py --tune-dir /home/hrbncv/SCP/cells/SST/tunes/seg_tuned --output-dir /home/hrbncv/SCP/cells/SST/tunes/seg_tuned/output_data/slurm_45349/parts --n-trials 20 --output-stem slurm_45349_33 --trial-offset 660 --force-save
Loaded mechanisms from /home/hrbncv/SCP/cells/SST/tunes/seg_tuned/modfiles/x86_64/.libs/libnrnmech.so
Loaded Allen cell for 'SST' from /home/hrbncv/SCP/cells/SST/tunes/seg_tuned/manifest.json, soma_diam_multiplier=10.0, Vinit=-65.0, loader=genome_fallback
Geometry defined for 'SST': 1 soma segs, 54 proximal dend segs, 52 distal dend segs, 115 total dend segs.
[trial 1/20] input_spikes: pn_exc=1585 bg_exc=2289 bg_inh=739
[trial 1/20] spikes=13  rate=13.00 Hz  time=21.37s
[trial 2/20] input_spikes: pn_exc=1686 bg_exc=2363 bg_inh=716
[trial 2/20] spikes=16  rate=16.00 Hz  time=21.54s
[trial 3/20] input_spikes: pn_exc=1574 bg_exc=2050 bg_inh=650
[trial 3/20] spikes=14  rate=14.00 Hz  time=21.07s
[trial 4/20] input_spikes: pn_exc=1762 bg_exc=2560 bg_inh=743
[trial 4/20] spikes=14  rate=14.00 Hz  time=21.54s
[trial 5/20] input_spikes: pn_exc=1720 bg_exc=2404 bg_inh=771
[trial 5/20] spikes=14  rate=14.00 Hz  time=21.39s
[trial 6/20] input_spikes: pn_exc=1752 bg_exc=2487 bg_inh=776
[trial 6/20] spikes=14  rate=14.00 Hz  time=21.62s
[trial 7/20] input_spikes: pn_exc=1726 bg_exc=2442 bg_inh=759
[trial 7/20] spikes=14  rate=14.00 Hz  time=21.43s
[trial 8/20] input_spikes: pn_exc=1767 bg_exc=2458 bg_inh=776
[trial 8/20] spikes=16  rate=16.00 Hz  time=21.49s
[trial 9/20] input_spikes: pn_exc=1778 bg_exc=2477 bg_inh=723
[trial 9/20] spikes=17  rate=17.00 Hz  time=21.42s
[trial 10/20] input_spikes: pn_exc=1736 bg_exc=2443 bg_inh=753
[trial 10/20] spikes=15  rate=15.00 Hz  time=21.60s
[trial 11/20] input_spikes: pn_exc=1805 bg_exc=2383 bg_inh=741
[trial 11/20] spikes=19  rate=19.00 Hz  time=21.38s
[trial 12/20] input_spikes: pn_exc=1762 bg_exc=2465 bg_inh=751
[trial 12/20] spikes=20  rate=20.00 Hz  time=22.01s
[trial 13/20] input_spikes: pn_exc=1701 bg_exc=2414 bg_inh=746
[trial 13/20] spikes=11  rate=11.00 Hz  time=21.70s
[trial 14/20] input_spikes: pn_exc=1744 bg_exc=2448 bg_inh=777
[trial 14/20] spikes=12  rate=12.00 Hz  time=21.63s
[trial 15/20] input_spikes: pn_exc=1703 bg_exc=2462 bg_inh=761
[trial 15/20] spikes=11  rate=11.00 Hz  time=21.67s
[trial 16/20] input_spikes: pn_exc=1662 bg_exc=2357 bg_inh=701
[trial 16/20] spikes=8  rate=8.00 Hz  time=21.71s
[trial 17/20] input_spikes: pn_exc=1643 bg_exc=2287 bg_inh=709
[trial 17/20] spikes=13  rate=13.00 Hz  time=21.37s
[trial 18/20] input_spikes: pn_exc=1764 bg_exc=2505 bg_inh=728
[trial 18/20] spikes=13  rate=13.00 Hz  time=21.74s
[trial 19/20] input_spikes: pn_exc=1685 bg_exc=2357 bg_inh=756
[trial 19/20] spikes=13  rate=13.00 Hz  time=21.52s
[trial 20/20] input_spikes: pn_exc=1705 bg_exc=2276 bg_inh=671
[trial 20/20] spikes=16  rate=16.00 Hz  time=21.40s
save_plots single_plot warning: Top input panel: group list empty, auto-using all groups (3).
Results saved to /home/hrbncv/SCP/cells/SST/tunes/seg_tuned/output_data/slurm_45349/parts/slurm_45349_33/run_manifest.json
Total runtime: 431.96s
