Running: python /home/hrbncv/SCP/run_pipeline.py --tune-dir /home/hrbncv/SCP/cells/SST/tunes/seg_tuned_all --output-dir /home/hrbncv/SCP/cells/SST/tunes/seg_tuned_all/output_data/slurm_29750/parts --n-trials 40 --output-stem slurm_29750_17 --trial-offset 680 --force-save
Loaded mechanisms from /home/hrbncv/SCP/cells/SST/tunes/seg_tuned_all/modfiles/x86_64/.libs/libnrnmech.so
Loaded Allen cell for 'SST' from /home/hrbncv/SCP/cells/SST/tunes/seg_tuned_all/manifest.json, soma_diam_multiplier=10.0, Vinit=-65.0, loader=genome_fallback
Geometry defined for 'SST': 1 soma segs, 54 proximal dend segs, 52 distal dend segs, 115 total dend segs.
[trial 1/40] input_spikes: pn_exc=1510 bg_exc=2594 bg_inh=411
[trial 1/40] spikes=5  rate=4.17 Hz  time=24.84s
[trial 2/40] input_spikes: pn_exc=1380 bg_exc=2293 bg_inh=329
[trial 2/40] spikes=7  rate=5.83 Hz  time=25.03s
[trial 3/40] input_spikes: pn_exc=1470 bg_exc=2787 bg_inh=495
[trial 3/40] spikes=2  rate=1.67 Hz  time=24.98s
[trial 4/40] input_spikes: pn_exc=1637 bg_exc=3031 bg_inh=442
[trial 4/40] spikes=6  rate=5.00 Hz  time=25.29s
[trial 5/40] input_spikes: pn_exc=1593 bg_exc=2936 bg_inh=460
[trial 5/40] spikes=4  rate=3.33 Hz  time=24.94s
[trial 6/40] input_spikes: pn_exc=1543 bg_exc=2867 bg_inh=489
[trial 6/40] spikes=3  rate=2.50 Hz  time=24.95s
[trial 7/40] input_spikes: pn_exc=1623 bg_exc=2860 bg_inh=459
[trial 7/40] spikes=4  rate=3.33 Hz  time=24.97s
[trial 8/40] input_spikes: pn_exc=1497 bg_exc=2669 bg_inh=441
[trial 8/40] spikes=3  rate=2.50 Hz  time=25.11s
[trial 9/40] input_spikes: pn_exc=1426 bg_exc=2655 bg_inh=416
[trial 9/40] spikes=3  rate=2.50 Hz  time=24.84s
[trial 10/40] input_spikes: pn_exc=1589 bg_exc=3013 bg_inh=457
[trial 10/40] spikes=4  rate=3.33 Hz  time=24.90s
[trial 11/40] input_spikes: pn_exc=1486 bg_exc=2733 bg_inh=396
[trial 11/40] spikes=4  rate=3.33 Hz  time=24.75s
[trial 12/40] input_spikes: pn_exc=1629 bg_exc=2993 bg_inh=441
[trial 12/40] spikes=6  rate=5.00 Hz  time=24.74s
[trial 13/40] input_spikes: pn_exc=1570 bg_exc=2908 bg_inh=431
[trial 13/40] spikes=3  rate=2.50 Hz  time=24.90s
[trial 14/40] input_spikes: pn_exc=1656 bg_exc=2911 bg_inh=455
[trial 14/40] spikes=4  rate=3.33 Hz  time=24.84s
[trial 15/40] input_spikes: pn_exc=1598 bg_exc=3052 bg_inh=457
[trial 15/40] spikes=4  rate=3.33 Hz  time=25.02s
[trial 16/40] input_spikes: pn_exc=1598 bg_exc=2868 bg_inh=472
[trial 16/40] spikes=6  rate=5.00 Hz  time=24.76s
[trial 17/40] input_spikes: pn_exc=1585 bg_exc=2690 bg_inh=424
[trial 17/40] spikes=3  rate=2.50 Hz  time=24.79s
[trial 18/40] input_spikes: pn_exc=1664 bg_exc=2960 bg_inh=461
[trial 18/40] spikes=2  rate=1.67 Hz  time=24.73s
[trial 19/40] input_spikes: pn_exc=1425 bg_exc=2479 bg_inh=367
[trial 19/40] spikes=5  rate=4.17 Hz  time=24.66s
[trial 20/40] input_spikes: pn_exc=1608 bg_exc=2717 bg_inh=440
[trial 20/40] spikes=4  rate=3.33 Hz  time=24.96s
[trial 21/40] input_spikes: pn_exc=1527 bg_exc=2836 bg_inh=437
[trial 21/40] spikes=3  rate=2.50 Hz  time=24.89s
[trial 22/40] input_spikes: pn_exc=1637 bg_exc=2931 bg_inh=440
[trial 22/40] spikes=5  rate=4.17 Hz  time=24.86s
[trial 23/40] input_spikes: pn_exc=1516 bg_exc=2431 bg_inh=354
[trial 23/40] spikes=5  rate=4.17 Hz  time=24.82s
[trial 24/40] input_spikes: pn_exc=1596 bg_exc=2825 bg_inh=456
[trial 24/40] spikes=5  rate=4.17 Hz  time=24.85s
[trial 25/40] input_spikes: pn_exc=1585 bg_exc=2864 bg_inh=459
[trial 25/40] spikes=3  rate=2.50 Hz  time=24.76s
[trial 26/40] input_spikes: pn_exc=1591 bg_exc=2811 bg_inh=423
[trial 26/40] spikes=4  rate=3.33 Hz  time=24.77s
[trial 27/40] input_spikes: pn_exc=1607 bg_exc=2875 bg_inh=502
[trial 27/40] spikes=2  rate=1.67 Hz  time=24.81s
[trial 28/40] input_spikes: pn_exc=1621 bg_exc=2911 bg_inh=473
[trial 28/40] spikes=4  rate=3.33 Hz  time=24.95s
[trial 29/40] input_spikes: pn_exc=1610 bg_exc=2821 bg_inh=446
[trial 29/40] spikes=4  rate=3.33 Hz  time=24.80s
[trial 30/40] input_spikes: pn_exc=1514 bg_exc=2691 bg_inh=404
[trial 30/40] spikes=5  rate=4.17 Hz  time=24.80s
[trial 31/40] input_spikes: pn_exc=1692 bg_exc=2904 bg_inh=490
[trial 31/40] spikes=3  rate=2.50 Hz  time=24.86s
[trial 32/40] input_spikes: pn_exc=1371 bg_exc=2404 bg_inh=347
[trial 32/40] spikes=5  rate=4.17 Hz  time=24.77s
[trial 33/40] input_spikes: pn_exc=1604 bg_exc=2923 bg_inh=476
[trial 33/40] spikes=2  rate=1.67 Hz  time=24.84s
[trial 34/40] input_spikes: pn_exc=1594 bg_exc=2883 bg_inh=458
[trial 34/40] spikes=4  rate=3.33 Hz  time=24.88s
[trial 35/40] input_spikes: pn_exc=1488 bg_exc=2460 bg_inh=409
[trial 35/40] spikes=4  rate=3.33 Hz  time=24.83s
[trial 36/40] input_spikes: pn_exc=1527 bg_exc=2769 bg_inh=468
[trial 36/40] spikes=5  rate=4.17 Hz  time=24.88s
[trial 37/40] input_spikes: pn_exc=1487 bg_exc=2405 bg_inh=331
[trial 37/40] spikes=4  rate=3.33 Hz  time=24.71s
[trial 38/40] input_spikes: pn_exc=1565 bg_exc=3007 bg_inh=434
[trial 38/40] spikes=5  rate=4.17 Hz  time=24.87s
[trial 39/40] input_spikes: pn_exc=1570 bg_exc=2776 bg_inh=442
[trial 39/40] spikes=4  rate=3.33 Hz  time=23.86s
[trial 40/40] input_spikes: pn_exc=1541 bg_exc=2781 bg_inh=456
[trial 40/40] spikes=3  rate=2.50 Hz  time=23.27s
Results saved to /home/hrbncv/SCP/cells/SST/tunes/seg_tuned_all/output_data/slurm_29750/parts/slurm_29750_17/run_manifest.json
Total runtime: 992.37s
