Running: python /home/hrbncv/SCP/run_pipeline.py --tune-dir /home/hrbncv/SCP/cells/SST/tunes/seg_tuned_all --output-dir /home/hrbncv/SCP/cells/SST/tunes/seg_tuned_all/output_data/slurm_35973/parts --n-trials 20 --output-stem slurm_35973_13 --trial-offset 260 --force-save
Loaded mechanisms from /home/hrbncv/SCP/cells/SST/tunes/seg_tuned_all/modfiles/x86_64/.libs/libnrnmech.so
Loaded Allen cell for 'SST' from /home/hrbncv/SCP/cells/SST/tunes/seg_tuned_all/manifest.json, soma_diam_multiplier=10.0, Vinit=-65.0, loader=genome_fallback
Geometry defined for 'SST': 1 soma segs, 54 proximal dend segs, 52 distal dend segs, 115 total dend segs.
[trial 1/20] input_spikes: pn_exc=1748 bg_exc=2411 bg_inh=773
[trial 1/20] spikes=4  rate=4.00 Hz  time=21.92s
[trial 2/20] input_spikes: pn_exc=1712 bg_exc=2373 bg_inh=710
[trial 2/20] spikes=3  rate=3.00 Hz  time=21.90s
[trial 3/20] input_spikes: pn_exc=1664 bg_exc=2338 bg_inh=709
[trial 3/20] spikes=2  rate=2.00 Hz  time=21.73s
[trial 4/20] input_spikes: pn_exc=1731 bg_exc=2416 bg_inh=750
[trial 4/20] spikes=4  rate=4.00 Hz  time=21.71s
[trial 5/20] input_spikes: pn_exc=1692 bg_exc=2364 bg_inh=699
[trial 5/20] spikes=4  rate=4.00 Hz  time=21.70s
[trial 6/20] input_spikes: pn_exc=1777 bg_exc=2458 bg_inh=770
[trial 6/20] spikes=6  rate=6.00 Hz  time=21.89s
[trial 7/20] input_spikes: pn_exc=1634 bg_exc=2171 bg_inh=711
[trial 7/20] spikes=5  rate=5.00 Hz  time=21.52s
[trial 8/20] input_spikes: pn_exc=1440 bg_exc=1484 bg_inh=463
[trial 8/20] spikes=4  rate=4.00 Hz  time=20.76s
[trial 9/20] input_spikes: pn_exc=1779 bg_exc=2335 bg_inh=719
[trial 9/20] spikes=4  rate=4.00 Hz  time=21.59s
[trial 10/20] input_spikes: pn_exc=1700 bg_exc=2042 bg_inh=676
[trial 10/20] spikes=3  rate=3.00 Hz  time=21.41s
[trial 11/20] input_spikes: pn_exc=1683 bg_exc=2348 bg_inh=703
[trial 11/20] spikes=5  rate=5.00 Hz  time=21.78s
[trial 12/20] input_spikes: pn_exc=1668 bg_exc=2181 bg_inh=695
[trial 12/20] spikes=4  rate=4.00 Hz  time=21.63s
[trial 13/20] input_spikes: pn_exc=1461 bg_exc=1994 bg_inh=572
[trial 13/20] spikes=7  rate=7.00 Hz  time=21.40s
[trial 14/20] input_spikes: pn_exc=1739 bg_exc=2495 bg_inh=788
[trial 14/20] spikes=5  rate=5.00 Hz  time=22.17s
[trial 15/20] input_spikes: pn_exc=1727 bg_exc=2561 bg_inh=786
[trial 15/20] spikes=3  rate=3.00 Hz  time=22.11s
[trial 16/20] input_spikes: pn_exc=1701 bg_exc=2411 bg_inh=810
[trial 16/20] spikes=4  rate=4.00 Hz  time=22.00s
[trial 17/20] input_spikes: pn_exc=1770 bg_exc=2422 bg_inh=729
[trial 17/20] spikes=3  rate=3.00 Hz  time=22.02s
[trial 18/20] input_spikes: pn_exc=1687 bg_exc=2435 bg_inh=801
[trial 18/20] spikes=3  rate=3.00 Hz  time=22.00s
[trial 19/20] input_spikes: pn_exc=1686 bg_exc=2403 bg_inh=680
[trial 19/20] spikes=6  rate=6.00 Hz  time=21.92s
[trial 20/20] input_spikes: pn_exc=1744 bg_exc=2525 bg_inh=788
[trial 20/20] spikes=4  rate=4.00 Hz  time=22.12s
Results saved to /home/hrbncv/SCP/cells/SST/tunes/seg_tuned_all/output_data/slurm_35973/parts/slurm_35973_13/run_manifest.json
Total runtime: 435.58s
