Running: python /home/hrbncv/SCP/run_pipeline.py --tune-dir /home/hrbncv/SCP/cells/SST/tunes/seg_tuned_all --output-dir /home/hrbncv/SCP/cells/SST/tunes/seg_tuned_all/output_data/slurm_29750/parts --n-trials 40 --output-stem slurm_29750_7 --trial-offset 280 --force-save
Loaded mechanisms from /home/hrbncv/SCP/cells/SST/tunes/seg_tuned_all/modfiles/x86_64/.libs/libnrnmech.so
Loaded Allen cell for 'SST' from /home/hrbncv/SCP/cells/SST/tunes/seg_tuned_all/manifest.json, soma_diam_multiplier=10.0, Vinit=-65.0, loader=genome_fallback
Geometry defined for 'SST': 1 soma segs, 54 proximal dend segs, 52 distal dend segs, 115 total dend segs.
[trial 1/40] input_spikes: pn_exc=1513 bg_exc=2490 bg_inh=408
[trial 1/40] spikes=4  rate=3.33 Hz  time=24.00s
[trial 2/40] input_spikes: pn_exc=1519 bg_exc=2757 bg_inh=456
[trial 2/40] spikes=4  rate=3.33 Hz  time=23.93s
[trial 3/40] input_spikes: pn_exc=1524 bg_exc=2815 bg_inh=465
[trial 3/40] spikes=4  rate=3.33 Hz  time=24.05s
[trial 4/40] input_spikes: pn_exc=1426 bg_exc=2337 bg_inh=348
[trial 4/40] spikes=5  rate=4.17 Hz  time=23.59s
[trial 5/40] input_spikes: pn_exc=1621 bg_exc=2859 bg_inh=406
[trial 5/40] spikes=5  rate=4.17 Hz  time=23.75s
[trial 6/40] input_spikes: pn_exc=1586 bg_exc=2910 bg_inh=430
[trial 6/40] spikes=6  rate=5.00 Hz  time=23.56s
[trial 7/40] input_spikes: pn_exc=1591 bg_exc=2898 bg_inh=463
[trial 7/40] spikes=3  rate=2.50 Hz  time=23.61s
[trial 8/40] input_spikes: pn_exc=1572 bg_exc=2850 bg_inh=454
[trial 8/40] spikes=4  rate=3.33 Hz  time=23.80s
[trial 9/40] input_spikes: pn_exc=1589 bg_exc=2935 bg_inh=453
[trial 9/40] spikes=4  rate=3.33 Hz  time=23.92s
[trial 10/40] input_spikes: pn_exc=1579 bg_exc=2632 bg_inh=413
[trial 10/40] spikes=6  rate=5.00 Hz  time=23.49s
[trial 11/40] input_spikes: pn_exc=1641 bg_exc=3002 bg_inh=484
[trial 11/40] spikes=4  rate=3.33 Hz  time=23.77s
[trial 12/40] input_spikes: pn_exc=1635 bg_exc=2967 bg_inh=494
[trial 12/40] spikes=4  rate=3.33 Hz  time=23.54s
[trial 13/40] input_spikes: pn_exc=1513 bg_exc=2899 bg_inh=454
[trial 13/40] spikes=5  rate=4.17 Hz  time=23.81s
[trial 14/40] input_spikes: pn_exc=1585 bg_exc=3035 bg_inh=464
[trial 14/40] spikes=4  rate=3.33 Hz  time=23.62s
[trial 15/40] input_spikes: pn_exc=1630 bg_exc=2965 bg_inh=468
[trial 15/40] spikes=1  rate=0.83 Hz  time=23.71s
[trial 16/40] input_spikes: pn_exc=1634 bg_exc=2962 bg_inh=463
[trial 16/40] spikes=5  rate=4.17 Hz  time=23.57s
[trial 17/40] input_spikes: pn_exc=1649 bg_exc=2793 bg_inh=385
[trial 17/40] spikes=5  rate=4.17 Hz  time=23.66s
[trial 18/40] input_spikes: pn_exc=1561 bg_exc=2894 bg_inh=373
[trial 18/40] spikes=6  rate=5.00 Hz  time=23.61s
[trial 19/40] input_spikes: pn_exc=1643 bg_exc=2757 bg_inh=465
[trial 19/40] spikes=3  rate=2.50 Hz  time=23.68s
[trial 20/40] input_spikes: pn_exc=1593 bg_exc=2898 bg_inh=477
[trial 20/40] spikes=5  rate=4.17 Hz  time=23.61s
[trial 21/40] input_spikes: pn_exc=1645 bg_exc=2971 bg_inh=471
[trial 21/40] spikes=3  rate=2.50 Hz  time=23.71s
[trial 22/40] input_spikes: pn_exc=1532 bg_exc=2609 bg_inh=404
[trial 22/40] spikes=4  rate=3.33 Hz  time=23.45s
[trial 23/40] input_spikes: pn_exc=1522 bg_exc=2912 bg_inh=465
[trial 23/40] spikes=2  rate=1.67 Hz  time=23.71s
[trial 24/40] input_spikes: pn_exc=1646 bg_exc=2972 bg_inh=478
[trial 24/40] spikes=5  rate=4.17 Hz  time=23.69s
[trial 25/40] input_spikes: pn_exc=1554 bg_exc=2883 bg_inh=447
[trial 25/40] spikes=4  rate=3.33 Hz  time=23.76s
[trial 26/40] input_spikes: pn_exc=1534 bg_exc=2905 bg_inh=422
[trial 26/40] spikes=5  rate=4.17 Hz  time=23.59s
[trial 27/40] input_spikes: pn_exc=1628 bg_exc=2782 bg_inh=390
[trial 27/40] spikes=6  rate=5.00 Hz  time=23.69s
[trial 28/40] input_spikes: pn_exc=1565 bg_exc=2877 bg_inh=450
[trial 28/40] spikes=5  rate=4.17 Hz  time=23.75s
[trial 29/40] input_spikes: pn_exc=1639 bg_exc=2820 bg_inh=453
[trial 29/40] spikes=5  rate=4.17 Hz  time=23.69s
[trial 30/40] input_spikes: pn_exc=1587 bg_exc=2760 bg_inh=449
[trial 30/40] spikes=5  rate=4.17 Hz  time=23.52s
[trial 31/40] input_spikes: pn_exc=1669 bg_exc=3057 bg_inh=452
[trial 31/40] spikes=4  rate=3.33 Hz  time=23.69s
[trial 32/40] input_spikes: pn_exc=1576 bg_exc=2938 bg_inh=442
[trial 32/40] spikes=4  rate=3.33 Hz  time=23.52s
[trial 33/40] input_spikes: pn_exc=1548 bg_exc=2685 bg_inh=433
[trial 33/40] spikes=6  rate=5.00 Hz  time=23.74s
[trial 34/40] input_spikes: pn_exc=1669 bg_exc=2914 bg_inh=482
[trial 34/40] spikes=6  rate=5.00 Hz  time=23.63s
[trial 35/40] input_spikes: pn_exc=1523 bg_exc=2847 bg_inh=469
[trial 35/40] spikes=3  rate=2.50 Hz  time=23.86s
[trial 36/40] input_spikes: pn_exc=1598 bg_exc=2968 bg_inh=445
[trial 36/40] spikes=4  rate=3.33 Hz  time=23.54s
[trial 37/40] input_spikes: pn_exc=1506 bg_exc=2663 bg_inh=419
[trial 37/40] spikes=4  rate=3.33 Hz  time=23.63s
[trial 38/40] input_spikes: pn_exc=1500 bg_exc=2738 bg_inh=456
[trial 38/40] spikes=3  rate=2.50 Hz  time=23.61s
[trial 39/40] input_spikes: pn_exc=1472 bg_exc=2561 bg_inh=420
[trial 39/40] spikes=4  rate=3.33 Hz  time=23.60s
[trial 40/40] input_spikes: pn_exc=1478 bg_exc=2631 bg_inh=425
[trial 40/40] spikes=3  rate=2.50 Hz  time=23.68s
Results saved to /home/hrbncv/SCP/cells/SST/tunes/seg_tuned_all/output_data/slurm_29750/parts/slurm_29750_7/run_manifest.json
Total runtime: 947.63s
