Running: /home/hrbncv/miniconda3/envs/BMTK-py311/bin/python /home/hrbncv/SCP/run_pipeline.py --tune-dir /home/hrbncv/SCP/cells/SST/tunes/seg_tuned_all --output-dir /home/hrbncv/SCP/cells/SST/tunes/seg_tuned_all/output_data/slurm_42203/parts --n-trials 100 --output-stem slurm_42203_21 --trial-offset 2100 --force-save
Loaded mechanisms from /home/hrbncv/SCP/cells/SST/tunes/seg_tuned_all/modfiles/x86_64/.libs/libnrnmech.so
Loaded Allen cell for 'SST' from /home/hrbncv/SCP/cells/SST/tunes/seg_tuned_all/manifest.json, soma_diam_multiplier=10.0, Vinit=-65.0, loader=genome_fallback
Geometry defined for 'SST': 1 soma segs, 54 proximal dend segs, 52 distal dend segs, 115 total dend segs.
[trial 1/100] input_spikes: pn_exc=1662 vip_inh_bio=385 bg_exc=2579 bg_inh=793
[trial 1/100] spikes=6  rate=6.00 Hz  time=22.16s
[trial 2/100] input_spikes: pn_exc=1714 vip_inh_bio=374 bg_exc=2441 bg_inh=738
[trial 2/100] spikes=3  rate=3.00 Hz  time=22.07s
[trial 3/100] input_spikes: pn_exc=1718 vip_inh_bio=373 bg_exc=2271 bg_inh=727
[trial 3/100] spikes=3  rate=3.00 Hz  time=22.00s
[trial 4/100] input_spikes: pn_exc=1833 vip_inh_bio=380 bg_exc=2444 bg_inh=739
[trial 4/100] spikes=5  rate=5.00 Hz  time=21.90s
[trial 5/100] input_spikes: pn_exc=1775 vip_inh_bio=386 bg_exc=2499 bg_inh=773
[trial 5/100] spikes=6  rate=6.00 Hz  time=22.09s
[trial 6/100] input_spikes: pn_exc=1723 vip_inh_bio=357 bg_exc=2379 bg_inh=775
[trial 6/100] spikes=3  rate=3.00 Hz  time=21.93s
[trial 7/100] input_spikes: pn_exc=1830 vip_inh_bio=402 bg_exc=2521 bg_inh=779
[trial 7/100] spikes=8  rate=8.00 Hz  time=22.15s
[trial 8/100] input_spikes: pn_exc=1683 vip_inh_bio=381 bg_exc=2290 bg_inh=739
[trial 8/100] spikes=3  rate=3.00 Hz  time=21.82s
[trial 9/100] input_spikes: pn_exc=1565 vip_inh_bio=342 bg_exc=2038 bg_inh=644
[trial 9/100] spikes=4  rate=4.00 Hz  time=21.53s
[trial 10/100] input_spikes: pn_exc=1726 vip_inh_bio=385 bg_exc=2310 bg_inh=731
[trial 10/100] spikes=2  rate=2.00 Hz  time=21.83s
[trial 11/100] input_spikes: pn_exc=1571 vip_inh_bio=358 bg_exc=1916 bg_inh=620
[trial 11/100] spikes=8  rate=8.00 Hz  time=21.42s
[trial 12/100] input_spikes: pn_exc=1622 vip_inh_bio=338 bg_exc=2303 bg_inh=791
[trial 12/100] spikes=5  rate=5.00 Hz  time=21.79s
[trial 13/100] input_spikes: pn_exc=1681 vip_inh_bio=356 bg_exc=2274 bg_inh=748
[trial 13/100] spikes=2  rate=2.00 Hz  time=21.86s
[trial 14/100] input_spikes: pn_exc=1674 vip_inh_bio=386 bg_exc=2408 bg_inh=786
[trial 14/100] spikes=0  rate=0.00 Hz  time=21.96s
[trial 15/100] input_spikes: pn_exc=1717 vip_inh_bio=375 bg_exc=2362 bg_inh=757
[trial 15/100] spikes=2  rate=2.00 Hz  time=22.02s
[trial 16/100] input_spikes: pn_exc=1728 vip_inh_bio=376 bg_exc=2481 bg_inh=739
[trial 16/100] spikes=6  rate=6.00 Hz  time=21.85s
[trial 17/100] input_spikes: pn_exc=1729 vip_inh_bio=372 bg_exc=2496 bg_inh=798
[trial 17/100] spikes=6  rate=6.00 Hz  time=22.04s
[trial 18/100] input_spikes: pn_exc=1624 vip_inh_bio=326 bg_exc=2183 bg_inh=701
[trial 18/100] spikes=5  rate=5.00 Hz  time=21.66s
[trial 19/100] input_spikes: pn_exc=1721 vip_inh_bio=340 bg_exc=2355 bg_inh=751
[trial 19/100] spikes=6  rate=6.00 Hz  time=21.81s
[trial 20/100] input_spikes: pn_exc=1788 vip_inh_bio=346 bg_exc=2413 bg_inh=749
[trial 20/100] spikes=5  rate=5.00 Hz  time=21.91s
[trial 21/100] input_spikes: pn_exc=1716 vip_inh_bio=343 bg_exc=2440 bg_inh=742
[trial 21/100] spikes=7  rate=7.00 Hz  time=22.01s
[trial 22/100] input_spikes: pn_exc=1720 vip_inh_bio=383 bg_exc=2387 bg_inh=794
[trial 22/100] spikes=2  rate=2.00 Hz  time=22.01s
[trial 23/100] input_spikes: pn_exc=1663 vip_inh_bio=317 bg_exc=2105 bg_inh=711
[trial 23/100] spikes=3  rate=3.00 Hz  time=21.71s
[trial 24/100] input_spikes: pn_exc=1642 vip_inh_bio=347 bg_exc=2423 bg_inh=766
[trial 24/100] spikes=1  rate=1.00 Hz  time=21.93s
[trial 25/100] input_spikes: pn_exc=1749 vip_inh_bio=393 bg_exc=2481 bg_inh=770
[trial 25/100] spikes=3  rate=3.00 Hz  time=22.09s
[trial 26/100] input_spikes: pn_exc=1599 vip_inh_bio=360 bg_exc=1957 bg_inh=627
[trial 26/100] spikes=2  rate=2.00 Hz  time=21.45s
[trial 27/100] input_spikes: pn_exc=1734 vip_inh_bio=361 bg_exc=2391 bg_inh=778
[trial 27/100] spikes=5  rate=5.00 Hz  time=21.93s
[trial 28/100] input_spikes: pn_exc=1598 vip_inh_bio=363 bg_exc=2238 bg_inh=753
[trial 28/100] spikes=5  rate=5.00 Hz  time=21.81s
[trial 29/100] input_spikes: pn_exc=1626 vip_inh_bio=364 bg_exc=2302 bg_inh=730
[trial 29/100] spikes=5  rate=5.00 Hz  time=21.76s
[trial 30/100] input_spikes: pn_exc=1693 vip_inh_bio=381 bg_exc=2344 bg_inh=761
[trial 30/100] spikes=1  rate=1.00 Hz  time=21.87s
[trial 31/100] input_spikes: pn_exc=1690 vip_inh_bio=377 bg_exc=2324 bg_inh=678
[trial 31/100] spikes=2  rate=2.00 Hz  time=21.90s
[trial 32/100] input_spikes: pn_exc=1525 vip_inh_bio=300 bg_exc=1866 bg_inh=586
[trial 32/100] spikes=7  rate=7.00 Hz  time=21.37s
[trial 33/100] input_spikes: pn_exc=1651 vip_inh_bio=363 bg_exc=2241 bg_inh=694
[trial 33/100] spikes=4  rate=4.00 Hz  time=21.88s
[trial 34/100] input_spikes: pn_exc=1645 vip_inh_bio=356 bg_exc=2307 bg_inh=709
[trial 34/100] spikes=5  rate=5.00 Hz  time=21.69s
[trial 35/100] input_spikes: pn_exc=1757 vip_inh_bio=355 bg_exc=2542 bg_inh=771
[trial 35/100] spikes=5  rate=5.00 Hz  time=22.14s
[trial 36/100] input_spikes: pn_exc=1666 vip_inh_bio=337 bg_exc=2285 bg_inh=745
[trial 36/100] spikes=1  rate=1.00 Hz  time=21.77s
[trial 37/100] input_spikes: pn_exc=1809 vip_inh_bio=409 bg_exc=2587 bg_inh=815
[trial 37/100] spikes=2  rate=2.00 Hz  time=22.17s
[trial 38/100] input_spikes: pn_exc=1601 vip_inh_bio=349 bg_exc=2202 bg_inh=670
[trial 38/100] spikes=5  rate=5.00 Hz  time=21.75s
[trial 39/100] input_spikes: pn_exc=1709 vip_inh_bio=383 bg_exc=2357 bg_inh=803
[trial 39/100] spikes=6  rate=6.00 Hz  time=22.08s
[trial 40/100] input_spikes: pn_exc=1717 vip_inh_bio=337 bg_exc=2324 bg_inh=738
[trial 40/100] spikes=3  rate=3.00 Hz  time=21.83s
[trial 41/100] input_spikes: pn_exc=1708 vip_inh_bio=364 bg_exc=2471 bg_inh=774
[trial 41/100] spikes=4  rate=4.00 Hz  time=21.94s
[trial 42/100] input_spikes: pn_exc=1641 vip_inh_bio=337 bg_exc=2323 bg_inh=712
[trial 42/100] spikes=4  rate=4.00 Hz  time=21.79s
[trial 43/100] input_spikes: pn_exc=1773 vip_inh_bio=382 bg_exc=2328 bg_inh=739
[trial 43/100] spikes=4  rate=4.00 Hz  time=22.05s
[trial 44/100] input_spikes: pn_exc=1706 vip_inh_bio=367 bg_exc=2348 bg_inh=766
[trial 44/100] spikes=5  rate=5.00 Hz  time=21.86s
[trial 45/100] input_spikes: pn_exc=1707 vip_inh_bio=353 bg_exc=2245 bg_inh=735
[trial 45/100] spikes=1  rate=1.00 Hz  time=21.85s
[trial 46/100] input_spikes: pn_exc=1493 vip_inh_bio=330 bg_exc=1789 bg_inh=567
[trial 46/100] spikes=5  rate=5.00 Hz  time=21.19s
[trial 47/100] input_spikes: pn_exc=1552 vip_inh_bio=369 bg_exc=1983 bg_inh=646
[trial 47/100] spikes=5  rate=5.00 Hz  time=21.57s
[trial 48/100] input_spikes: pn_exc=1649 vip_inh_bio=337 bg_exc=2391 bg_inh=703
[trial 48/100] spikes=3  rate=3.00 Hz  time=21.91s
[trial 49/100] input_spikes: pn_exc=1572 vip_inh_bio=326 bg_exc=2061 bg_inh=666
[trial 49/100] spikes=8  rate=8.00 Hz  time=21.50s
[trial 50/100] input_spikes: pn_exc=1708 vip_inh_bio=369 bg_exc=2343 bg_inh=728
[trial 50/100] spikes=8  rate=8.00 Hz  time=21.93s
[trial 51/100] input_spikes: pn_exc=1632 vip_inh_bio=346 bg_exc=2194 bg_inh=671
[trial 51/100] spikes=1  rate=1.00 Hz  time=21.61s
[trial 52/100] input_spikes: pn_exc=1737 vip_inh_bio=387 bg_exc=2368 bg_inh=780
[trial 52/100] spikes=4  rate=4.00 Hz  time=21.83s
[trial 53/100] input_spikes: pn_exc=1659 vip_inh_bio=311 bg_exc=2179 bg_inh=664
[trial 53/100] spikes=4  rate=4.00 Hz  time=21.89s
[trial 54/100] input_spikes: pn_exc=1630 vip_inh_bio=330 bg_exc=2164 bg_inh=650
[trial 54/100] spikes=8  rate=8.00 Hz  time=21.56s
[trial 55/100] input_spikes: pn_exc=1634 vip_inh_bio=371 bg_exc=2303 bg_inh=744
[trial 55/100] spikes=6  rate=6.00 Hz  time=21.77s
[trial 56/100] input_spikes: pn_exc=1740 vip_inh_bio=342 bg_exc=2201 bg_inh=726
[trial 56/100] spikes=4  rate=4.00 Hz  time=21.58s
[trial 57/100] input_spikes: pn_exc=1661 vip_inh_bio=382 bg_exc=2320 bg_inh=732
[trial 57/100] spikes=3  rate=3.00 Hz  time=21.92s
[trial 58/100] input_spikes: pn_exc=1722 vip_inh_bio=347 bg_exc=2342 bg_inh=745
[trial 58/100] spikes=5  rate=5.00 Hz  time=22.00s
[trial 59/100] input_spikes: pn_exc=1567 vip_inh_bio=342 bg_exc=2062 bg_inh=618
[trial 59/100] spikes=5  rate=5.00 Hz  time=21.44s
[trial 60/100] input_spikes: pn_exc=1561 vip_inh_bio=355 bg_exc=2266 bg_inh=697
[trial 60/100] spikes=3  rate=3.00 Hz  time=21.73s
[trial 61/100] input_spikes: pn_exc=1769 vip_inh_bio=370 bg_exc=2415 bg_inh=745
[trial 61/100] spikes=5  rate=5.00 Hz  time=21.96s
[trial 62/100] input_spikes: pn_exc=1669 vip_inh_bio=368 bg_exc=2403 bg_inh=773
[trial 62/100] spikes=4  rate=4.00 Hz  time=21.87s
[trial 63/100] input_spikes: pn_exc=1580 vip_inh_bio=328 bg_exc=2171 bg_inh=681
[trial 63/100] spikes=3  rate=3.00 Hz  time=21.85s
[trial 64/100] input_spikes: pn_exc=1614 vip_inh_bio=373 bg_exc=2043 bg_inh=619
[trial 64/100] spikes=5  rate=5.00 Hz  time=21.84s
[trial 65/100] input_spikes: pn_exc=1676 vip_inh_bio=367 bg_exc=2229 bg_inh=711
[trial 65/100] spikes=4  rate=4.00 Hz  time=22.36s
[trial 66/100] input_spikes: pn_exc=1689 vip_inh_bio=360 bg_exc=2377 bg_inh=764
[trial 66/100] spikes=5  rate=5.00 Hz  time=22.27s
[trial 67/100] input_spikes: pn_exc=1676 vip_inh_bio=383 bg_exc=2422 bg_inh=753
[trial 67/100] spikes=2  rate=2.00 Hz  time=22.08s
[trial 68/100] input_spikes: pn_exc=1639 vip_inh_bio=410 bg_exc=2376 bg_inh=795
[trial 68/100] spikes=4  rate=4.00 Hz  time=21.97s
[trial 69/100] input_spikes: pn_exc=1582 vip_inh_bio=357 bg_exc=2223 bg_inh=654
[trial 69/100] spikes=2  rate=2.00 Hz  time=21.67s
[trial 70/100] input_spikes: pn_exc=1732 vip_inh_bio=373 bg_exc=2366 bg_inh=715
[trial 70/100] spikes=3  rate=3.00 Hz  time=21.86s
[trial 71/100] input_spikes: pn_exc=1587 vip_inh_bio=326 bg_exc=2021 bg_inh=624
[trial 71/100] spikes=5  rate=5.00 Hz  time=21.48s
[trial 72/100] input_spikes: pn_exc=1691 vip_inh_bio=359 bg_exc=2401 bg_inh=789
[trial 72/100] spikes=4  rate=4.00 Hz  time=21.95s
[trial 73/100] input_spikes: pn_exc=1741 vip_inh_bio=367 bg_exc=2461 bg_inh=785
[trial 73/100] spikes=3  rate=3.00 Hz  time=22.13s
[trial 74/100] input_spikes: pn_exc=1642 vip_inh_bio=361 bg_exc=2322 bg_inh=725
[trial 74/100] spikes=6  rate=6.00 Hz  time=21.86s
[trial 75/100] input_spikes: pn_exc=1718 vip_inh_bio=383 bg_exc=2450 bg_inh=743
[trial 75/100] spikes=3  rate=3.00 Hz  time=22.03s
[trial 76/100] input_spikes: pn_exc=1719 vip_inh_bio=341 bg_exc=2389 bg_inh=773
[trial 76/100] spikes=7  rate=7.00 Hz  time=21.82s
[trial 77/100] input_spikes: pn_exc=1635 vip_inh_bio=364 bg_exc=2372 bg_inh=746
[trial 77/100] spikes=6  rate=6.00 Hz  time=21.99s
[trial 78/100] input_spikes: pn_exc=1672 vip_inh_bio=342 bg_exc=2244 bg_inh=701
[trial 78/100] spikes=7  rate=7.00 Hz  time=21.76s
[trial 79/100] input_spikes: pn_exc=1817 vip_inh_bio=368 bg_exc=2378 bg_inh=781
[trial 79/100] spikes=5  rate=5.00 Hz  time=21.88s
[trial 80/100] input_spikes: pn_exc=1558 vip_inh_bio=336 bg_exc=1942 bg_inh=608
[trial 80/100] spikes=4  rate=4.00 Hz  time=21.40s
[trial 81/100] input_spikes: pn_exc=1783 vip_inh_bio=418 bg_exc=2539 bg_inh=830
[trial 81/100] spikes=4  rate=4.00 Hz  time=22.15s
[trial 82/100] input_spikes: pn_exc=1752 vip_inh_bio=392 bg_exc=2373 bg_inh=731
[trial 82/100] spikes=7  rate=7.00 Hz  time=21.82s
[trial 83/100] input_spikes: pn_exc=1716 vip_inh_bio=369 bg_exc=2338 bg_inh=733
[trial 83/100] spikes=3  rate=3.00 Hz  time=21.98s
[trial 84/100] input_spikes: pn_exc=1682 vip_inh_bio=353 bg_exc=2435 bg_inh=737
[trial 84/100] spikes=7  rate=7.00 Hz  time=22.01s
[trial 85/100] input_spikes: pn_exc=1670 vip_inh_bio=394 bg_exc=2358 bg_inh=726
[trial 85/100] spikes=5  rate=5.00 Hz  time=22.03s
[trial 86/100] input_spikes: pn_exc=1633 vip_inh_bio=397 bg_exc=2248 bg_inh=707
[trial 86/100] spikes=4  rate=4.00 Hz  time=21.71s
[trial 87/100] input_spikes: pn_exc=1625 vip_inh_bio=378 bg_exc=2204 bg_inh=713
[trial 87/100] spikes=5  rate=5.00 Hz  time=21.76s
[trial 88/100] input_spikes: pn_exc=1583 vip_inh_bio=313 bg_exc=2205 bg_inh=695
[trial 88/100] spikes=7  rate=7.00 Hz  time=21.70s
[trial 89/100] input_spikes: pn_exc=1593 vip_inh_bio=342 bg_exc=2175 bg_inh=670
[trial 89/100] spikes=6  rate=6.00 Hz  time=21.66s
[trial 90/100] input_spikes: pn_exc=1785 vip_inh_bio=382 bg_exc=2630 bg_inh=797
[trial 90/100] spikes=7  rate=7.00 Hz  time=22.19s
[trial 91/100] input_spikes: pn_exc=1470 vip_inh_bio=319 bg_exc=1282 bg_inh=378
[trial 91/100] spikes=5  rate=5.00 Hz  time=20.91s
[trial 92/100] input_spikes: pn_exc=1593 vip_inh_bio=347 bg_exc=2223 bg_inh=685
[trial 92/100] spikes=3  rate=3.00 Hz  time=21.68s
[trial 93/100] input_spikes: pn_exc=1724 vip_inh_bio=405 bg_exc=2271 bg_inh=679
[trial 93/100] spikes=3  rate=3.00 Hz  time=21.92s
[trial 94/100] input_spikes: pn_exc=1779 vip_inh_bio=371 bg_exc=2461 bg_inh=749
[trial 94/100] spikes=3  rate=3.00 Hz  time=22.09s
[trial 95/100] input_spikes: pn_exc=1660 vip_inh_bio=381 bg_exc=2411 bg_inh=753
[trial 95/100] spikes=4  rate=4.00 Hz  time=22.07s
[trial 96/100] input_spikes: pn_exc=1530 vip_inh_bio=360 bg_exc=1996 bg_inh=653
[trial 96/100] spikes=4  rate=4.00 Hz  time=21.50s
[trial 97/100] input_spikes: pn_exc=1591 vip_inh_bio=383 bg_exc=2102 bg_inh=632
[trial 97/100] spikes=3  rate=3.00 Hz  time=21.64s
[trial 98/100] input_spikes: pn_exc=1786 vip_inh_bio=377 bg_exc=2409 bg_inh=776
[trial 98/100] spikes=1  rate=1.00 Hz  time=22.08s
[trial 99/100] input_spikes: pn_exc=1762 vip_inh_bio=389 bg_exc=2533 bg_inh=774
[trial 99/100] spikes=7  rate=7.00 Hz  time=22.10s
[trial 100/100] input_spikes: pn_exc=1602 vip_inh_bio=320 bg_exc=2074 bg_inh=658
[trial 100/100] spikes=2  rate=2.00 Hz  time=21.42s
save_plots single_plot warning: Top input panel: group list empty, auto-using all groups (4).
Results saved to /home/hrbncv/SCP/cells/SST/tunes/seg_tuned_all/output_data/slurm_42203/parts/slurm_42203_21/run_manifest.json
Total runtime: 2186.95s
