Running: python /home/hrbncv/SCP/run_pipeline.py --tune-dir /home/hrbncv/SCP/cells/PV/tunes/seg_tuned --output-dir /home/hrbncv/SCP/cells/PV/tunes/seg_tuned/output_data/slurm_35079/parts --n-trials 40 --output-stem slurm_35079_23 --trial-offset 920 --force-save
Mechanisms already loaded; skipping duplicate load.
Loaded Allen cell for 'PV' from /home/hrbncv/SCP/cells/PV/tunes/seg_tuned/manifest.json, soma_diam_multiplier=6.0, Vinit=-71.0, loader=allensdk_default
Geometry defined for 'PV': 1 soma segs, 46 proximal dend segs, 41 distal dend segs, 97 total dend segs.
[trial 1/40] input_spikes: pn_exc=2786 bg_exc=826 bg_inh=188 sst_inh=384 pv_inh=751
[trial 1/40] spikes=6  rate=6.00 Hz  time=28.06s
[trial 2/40] input_spikes: pn_exc=2785 bg_exc=884 bg_inh=218 sst_inh=369 pv_inh=744
[trial 2/40] spikes=5  rate=5.00 Hz  time=27.99s
[trial 3/40] input_spikes: pn_exc=2542 bg_exc=691 bg_inh=156 sst_inh=375 pv_inh=742
[trial 3/40] spikes=6  rate=6.00 Hz  time=27.87s
[trial 4/40] input_spikes: pn_exc=2578 bg_exc=755 bg_inh=184 sst_inh=384 pv_inh=753
[trial 4/40] spikes=6  rate=6.00 Hz  time=27.85s
[trial 5/40] input_spikes: pn_exc=2831 bg_exc=856 bg_inh=205 sst_inh=367 pv_inh=760
[trial 5/40] spikes=6  rate=6.00 Hz  time=26.77s
[trial 6/40] input_spikes: pn_exc=2780 bg_exc=901 bg_inh=192 sst_inh=375 pv_inh=752
[trial 6/40] spikes=9  rate=9.00 Hz  time=26.64s
[trial 7/40] input_spikes: pn_exc=2778 bg_exc=845 bg_inh=196 sst_inh=362 pv_inh=731
[trial 7/40] spikes=7  rate=7.00 Hz  time=26.72s
[trial 8/40] input_spikes: pn_exc=2847 bg_exc=886 bg_inh=219 sst_inh=375 pv_inh=765
[trial 8/40] spikes=5  rate=5.00 Hz  time=26.72s
[trial 9/40] input_spikes: pn_exc=2608 bg_exc=792 bg_inh=181 sst_inh=364 pv_inh=755
[trial 9/40] spikes=7  rate=7.00 Hz  time=26.74s
[trial 10/40] input_spikes: pn_exc=2778 bg_exc=856 bg_inh=177 sst_inh=363 pv_inh=737
[trial 10/40] spikes=8  rate=8.00 Hz  time=26.64s
[trial 11/40] input_spikes: pn_exc=2741 bg_exc=782 bg_inh=222 sst_inh=355 pv_inh=746
[trial 11/40] spikes=6  rate=6.00 Hz  time=26.66s
[trial 12/40] input_spikes: pn_exc=2706 bg_exc=817 bg_inh=206 sst_inh=368 pv_inh=751
[trial 12/40] spikes=6  rate=6.00 Hz  time=27.96s
[trial 13/40] input_spikes: pn_exc=2781 bg_exc=858 bg_inh=202 sst_inh=387 pv_inh=753
[trial 13/40] spikes=8  rate=8.00 Hz  time=27.86s
[trial 14/40] input_spikes: pn_exc=2854 bg_exc=856 bg_inh=225 sst_inh=384 pv_inh=736
[trial 14/40] spikes=6  rate=6.00 Hz  time=27.93s
[trial 15/40] input_spikes: pn_exc=2880 bg_exc=859 bg_inh=228 sst_inh=375 pv_inh=747
[trial 15/40] spikes=8  rate=8.00 Hz  time=28.02s
[trial 16/40] input_spikes: pn_exc=2718 bg_exc=769 bg_inh=190 sst_inh=391 pv_inh=737
[trial 16/40] spikes=5  rate=5.00 Hz  time=27.96s
[trial 17/40] input_spikes: pn_exc=2500 bg_exc=716 bg_inh=173 sst_inh=359 pv_inh=753
[trial 17/40] spikes=7  rate=7.00 Hz  time=27.70s
[trial 18/40] input_spikes: pn_exc=2799 bg_exc=832 bg_inh=210 sst_inh=393 pv_inh=746
[trial 18/40] spikes=8  rate=8.00 Hz  time=27.86s
[trial 19/40] input_spikes: pn_exc=2783 bg_exc=852 bg_inh=225 sst_inh=354 pv_inh=754
[trial 19/40] spikes=9  rate=9.00 Hz  time=27.93s
[trial 20/40] input_spikes: pn_exc=2713 bg_exc=874 bg_inh=185 sst_inh=379 pv_inh=743
[trial 20/40] spikes=7  rate=7.00 Hz  time=27.74s
[trial 21/40] input_spikes: pn_exc=2910 bg_exc=923 bg_inh=213 sst_inh=373 pv_inh=752
[trial 21/40] spikes=7  rate=7.00 Hz  time=28.07s
[trial 22/40] input_spikes: pn_exc=2838 bg_exc=838 bg_inh=183 sst_inh=366 pv_inh=755
[trial 22/40] spikes=8  rate=8.00 Hz  time=27.88s
[trial 23/40] input_spikes: pn_exc=2356 bg_exc=597 bg_inh=157 sst_inh=373 pv_inh=750
[trial 23/40] spikes=6  rate=6.00 Hz  time=27.78s
[trial 24/40] input_spikes: pn_exc=2854 bg_exc=876 bg_inh=214 sst_inh=373 pv_inh=745
[trial 24/40] spikes=8  rate=8.00 Hz  time=27.84s
[trial 25/40] input_spikes: pn_exc=2754 bg_exc=802 bg_inh=203 sst_inh=376 pv_inh=739
[trial 25/40] spikes=5  rate=5.00 Hz  time=27.98s
[trial 26/40] input_spikes: pn_exc=2517 bg_exc=726 bg_inh=145 sst_inh=385 pv_inh=747
[trial 26/40] spikes=6  rate=6.00 Hz  time=27.85s
[trial 27/40] input_spikes: pn_exc=2654 bg_exc=785 bg_inh=179 sst_inh=364 pv_inh=762
[trial 27/40] spikes=6  rate=6.00 Hz  time=27.83s
[trial 28/40] input_spikes: pn_exc=2425 bg_exc=635 bg_inh=166 sst_inh=363 pv_inh=744
[trial 28/40] spikes=6  rate=6.00 Hz  time=28.05s
[trial 29/40] input_spikes: pn_exc=2538 bg_exc=692 bg_inh=158 sst_inh=388 pv_inh=746
[trial 29/40] spikes=7  rate=7.00 Hz  time=27.82s
[trial 30/40] input_spikes: pn_exc=2859 bg_exc=875 bg_inh=212 sst_inh=362 pv_inh=761
[trial 30/40] spikes=7  rate=7.00 Hz  time=27.94s
[trial 31/40] input_spikes: pn_exc=2696 bg_exc=807 bg_inh=183 sst_inh=397 pv_inh=739
[trial 31/40] spikes=7  rate=7.00 Hz  time=27.98s
[trial 32/40] input_spikes: pn_exc=2808 bg_exc=874 bg_inh=205 sst_inh=385 pv_inh=743
[trial 32/40] spikes=8  rate=8.00 Hz  time=27.87s
[trial 33/40] input_spikes: pn_exc=2804 bg_exc=845 bg_inh=210 sst_inh=361 pv_inh=742
[trial 33/40] spikes=8  rate=8.00 Hz  time=27.77s
[trial 34/40] input_spikes: pn_exc=2629 bg_exc=814 bg_inh=197 sst_inh=377 pv_inh=737
[trial 34/40] spikes=6  rate=6.00 Hz  time=27.91s
[trial 35/40] input_spikes: pn_exc=2683 bg_exc=775 bg_inh=184 sst_inh=364 pv_inh=750
[trial 35/40] spikes=6  rate=6.00 Hz  time=28.14s
[trial 36/40] input_spikes: pn_exc=2756 bg_exc=829 bg_inh=198 sst_inh=377 pv_inh=749
[trial 36/40] spikes=8  rate=8.00 Hz  time=27.79s
[trial 37/40] input_spikes: pn_exc=2749 bg_exc=811 bg_inh=186 sst_inh=384 pv_inh=729
[trial 37/40] spikes=7  rate=7.00 Hz  time=27.97s
[trial 38/40] input_spikes: pn_exc=2834 bg_exc=815 bg_inh=198 sst_inh=354 pv_inh=757
[trial 38/40] spikes=7  rate=7.00 Hz  time=27.89s
[trial 39/40] input_spikes: pn_exc=2732 bg_exc=838 bg_inh=236 sst_inh=383 pv_inh=739
[trial 39/40] spikes=4  rate=4.00 Hz  time=27.87s
[trial 40/40] input_spikes: pn_exc=2807 bg_exc=813 bg_inh=200 sst_inh=343 pv_inh=750
[trial 40/40] spikes=7  rate=7.00 Hz  time=27.75s
save_plots single_plot warning: Top input panel: group list empty, auto-using all groups (5).
Results saved to /home/hrbncv/SCP/cells/PV/tunes/seg_tuned/output_data/slurm_35079/parts/slurm_35079_23/run_manifest.json
Total runtime: 1109.18s
