Running: /home/hrbncv/miniconda3/envs/BMTK-py311/bin/python /home/hrbncv/SCP/run_pipeline.py --tune-dir /home/hrbncv/SCP/cells/SST/tunes/seg_tuned_all --output-dir /home/hrbncv/SCP/cells/SST/tunes/seg_tuned_all/output_data/slurm_45349/parts --n-trials 20 --output-stem slurm_45349_30 --trial-offset 600 --force-save
Loaded mechanisms from /home/hrbncv/SCP/cells/SST/tunes/seg_tuned_all/modfiles/x86_64/.libs/libnrnmech.so
Loaded Allen cell for 'SST' from /home/hrbncv/SCP/cells/SST/tunes/seg_tuned_all/manifest.json, soma_diam_multiplier=10.0, Vinit=-65.0, loader=genome_fallback
Geometry defined for 'SST': 1 soma segs, 54 proximal dend segs, 52 distal dend segs, 115 total dend segs.
[trial 1/20] input_spikes: pn_exc=1811 bg_exc=2430 bg_inh=763
[trial 1/20] spikes=15  rate=15.00 Hz  time=22.01s
[trial 2/20] input_spikes: pn_exc=1468 bg_exc=1266 bg_inh=429
[trial 2/20] spikes=10  rate=10.00 Hz  time=21.05s
[trial 3/20] input_spikes: pn_exc=1695 bg_exc=2514 bg_inh=728
[trial 3/20] spikes=12  rate=12.00 Hz  time=22.27s
[trial 4/20] input_spikes: pn_exc=1670 bg_exc=2316 bg_inh=776
[trial 4/20] spikes=10  rate=10.00 Hz  time=21.89s
[trial 5/20] input_spikes: pn_exc=1673 bg_exc=2354 bg_inh=781
[trial 5/20] spikes=13  rate=13.00 Hz  time=22.12s
[trial 6/20] input_spikes: pn_exc=1665 bg_exc=2481 bg_inh=750
[trial 6/20] spikes=9  rate=9.00 Hz  time=22.05s
[trial 7/20] input_spikes: pn_exc=1645 bg_exc=2208 bg_inh=682
[trial 7/20] spikes=11  rate=11.00 Hz  time=21.85s
[trial 8/20] input_spikes: pn_exc=1640 bg_exc=2375 bg_inh=738
[trial 8/20] spikes=12  rate=12.00 Hz  time=22.04s
[trial 9/20] input_spikes: pn_exc=1624 bg_exc=2156 bg_inh=701
[trial 9/20] spikes=13  rate=13.00 Hz  time=21.90s
[trial 10/20] input_spikes: pn_exc=1736 bg_exc=2453 bg_inh=775
[trial 10/20] spikes=16  rate=16.00 Hz  time=21.87s
[trial 11/20] input_spikes: pn_exc=1699 bg_exc=2393 bg_inh=751
[trial 11/20] spikes=14  rate=14.00 Hz  time=21.99s
[trial 12/20] input_spikes: pn_exc=1721 bg_exc=2485 bg_inh=819
[trial 12/20] spikes=15  rate=15.00 Hz  time=21.93s
[trial 13/20] input_spikes: pn_exc=1723 bg_exc=2513 bg_inh=793
[trial 13/20] spikes=13  rate=13.00 Hz  time=22.08s
[trial 14/20] input_spikes: pn_exc=1714 bg_exc=2275 bg_inh=731
[trial 14/20] spikes=9  rate=9.00 Hz  time=21.87s
[trial 15/20] input_spikes: pn_exc=1730 bg_exc=2246 bg_inh=769
[trial 15/20] spikes=13  rate=13.00 Hz  time=21.84s
[trial 16/20] input_spikes: pn_exc=1712 bg_exc=2389 bg_inh=795
[trial 16/20] spikes=15  rate=15.00 Hz  time=22.03s
[trial 17/20] input_spikes: pn_exc=1667 bg_exc=2216 bg_inh=709
[trial 17/20] spikes=15  rate=15.00 Hz  time=21.84s
[trial 18/20] input_spikes: pn_exc=1731 bg_exc=2382 bg_inh=764
[trial 18/20] spikes=17  rate=17.00 Hz  time=21.85s
[trial 19/20] input_spikes: pn_exc=1664 bg_exc=2366 bg_inh=774
[trial 19/20] spikes=10  rate=10.00 Hz  time=21.83s
[trial 20/20] input_spikes: pn_exc=1576 bg_exc=2047 bg_inh=649
[trial 20/20] spikes=10  rate=10.00 Hz  time=21.54s
save_plots single_plot warning: Top input panel: group list empty, auto-using all groups (3).
Results saved to /home/hrbncv/SCP/cells/SST/tunes/seg_tuned_all/output_data/slurm_45349/parts/slurm_45349_30/run_manifest.json
Total runtime: 439.19s
