Running: python /home/hrbncv/SCP/run_pipeline.py --tune-dir /home/hrbncv/SCP/cells/SST/tunes/seg_tuned_all --output-dir /home/hrbncv/SCP/cells/SST/tunes/seg_tuned_all/output_data/slurm_39858/parts --n-trials 20 --output-stem slurm_39858_26 --trial-offset 520 --force-save
Loaded mechanisms from /home/hrbncv/SCP/cells/SST/tunes/seg_tuned_all/modfiles/x86_64/.libs/libnrnmech.so
Loaded Allen cell for 'SST' from /home/hrbncv/SCP/cells/SST/tunes/seg_tuned_all/manifest.json, soma_diam_multiplier=10.0, Vinit=-65.0, loader=genome_fallback
Geometry defined for 'SST': 1 soma segs, 54 proximal dend segs, 52 distal dend segs, 115 total dend segs.
[trial 1/20] input_spikes: pn_exc=1728 vip_inh_bio=57 bg_exc=2540 bg_inh=796
[trial 1/20] spikes=4  rate=4.00 Hz  time=22.08s
[trial 2/20] input_spikes: pn_exc=1736 vip_inh_bio=79 bg_exc=2500 bg_inh=743
[trial 2/20] spikes=7  rate=7.00 Hz  time=22.05s
[trial 3/20] input_spikes: pn_exc=1721 vip_inh_bio=70 bg_exc=2414 bg_inh=725
[trial 3/20] spikes=4  rate=4.00 Hz  time=21.82s
[trial 4/20] input_spikes: pn_exc=1700 vip_inh_bio=58 bg_exc=2226 bg_inh=636
[trial 4/20] spikes=3  rate=3.00 Hz  time=21.67s
[trial 5/20] input_spikes: pn_exc=1616 vip_inh_bio=79 bg_exc=2172 bg_inh=772
[trial 5/20] spikes=2  rate=2.00 Hz  time=21.59s
[trial 6/20] input_spikes: pn_exc=1776 vip_inh_bio=90 bg_exc=2349 bg_inh=786
[trial 6/20] spikes=4  rate=4.00 Hz  time=21.92s
[trial 7/20] input_spikes: pn_exc=1637 vip_inh_bio=93 bg_exc=2314 bg_inh=663
[trial 7/20] spikes=2  rate=2.00 Hz  time=21.79s
[trial 8/20] input_spikes: pn_exc=1610 vip_inh_bio=59 bg_exc=2117 bg_inh=678
[trial 8/20] spikes=4  rate=4.00 Hz  time=21.52s
[trial 9/20] input_spikes: pn_exc=1505 vip_inh_bio=54 bg_exc=1598 bg_inh=486
[trial 9/20] spikes=3  rate=3.00 Hz  time=20.99s
[trial 10/20] input_spikes: pn_exc=1701 vip_inh_bio=62 bg_exc=2335 bg_inh=711
[trial 10/20] spikes=3  rate=3.00 Hz  time=21.69s
[trial 11/20] input_spikes: pn_exc=1582 vip_inh_bio=57 bg_exc=1812 bg_inh=554
[trial 11/20] spikes=5  rate=5.00 Hz  time=21.27s
[trial 12/20] input_spikes: pn_exc=1698 vip_inh_bio=79 bg_exc=2497 bg_inh=789
[trial 12/20] spikes=3  rate=3.00 Hz  time=22.03s
[trial 13/20] input_spikes: pn_exc=1759 vip_inh_bio=63 bg_exc=2591 bg_inh=804
[trial 13/20] spikes=4  rate=4.00 Hz  time=21.95s
[trial 14/20] input_spikes: pn_exc=1707 vip_inh_bio=86 bg_exc=2375 bg_inh=730
[trial 14/20] spikes=4  rate=4.00 Hz  time=21.78s
[trial 15/20] input_spikes: pn_exc=1734 vip_inh_bio=60 bg_exc=2303 bg_inh=766
[trial 15/20] spikes=1  rate=1.00 Hz  time=21.87s
[trial 16/20] input_spikes: pn_exc=1633 vip_inh_bio=56 bg_exc=2384 bg_inh=753
[trial 16/20] spikes=5  rate=5.00 Hz  time=22.08s
[trial 17/20] input_spikes: pn_exc=1626 vip_inh_bio=76 bg_exc=2310 bg_inh=713
[trial 17/20] spikes=2  rate=2.00 Hz  time=22.21s
[trial 18/20] input_spikes: pn_exc=1658 vip_inh_bio=70 bg_exc=2309 bg_inh=717
[trial 18/20] spikes=4  rate=4.00 Hz  time=21.70s
[trial 19/20] input_spikes: pn_exc=1665 vip_inh_bio=60 bg_exc=2326 bg_inh=709
[trial 19/20] spikes=2  rate=2.00 Hz  time=21.84s
[trial 20/20] input_spikes: pn_exc=1705 vip_inh_bio=82 bg_exc=2487 bg_inh=777
[trial 20/20] spikes=0  rate=0.00 Hz  time=21.90s
save_plots single_plot warning: Top input panel: group list empty, auto-using all groups (4).
Results saved to /home/hrbncv/SCP/cells/SST/tunes/seg_tuned_all/output_data/slurm_39858/parts/slurm_39858_26/run_manifest.json
Total runtime: 437.37s
