Running: /home/hrbncv/miniconda3/envs/BMTK-py311/bin/python /home/hrbncv/SCP/run_pipeline.py --tune-dir /home/hrbncv/SCP/cells/SST/tunes/seg_tuned_all --output-dir /home/hrbncv/SCP/cells/SST/tunes/seg_tuned_all/output_data/slurm_42203/parts --n-trials 100 --output-stem slurm_42203_43 --trial-offset 4300 --force-save
Loaded mechanisms from /home/hrbncv/SCP/cells/SST/tunes/seg_tuned_all/modfiles/x86_64/.libs/libnrnmech.so
Loaded Allen cell for 'SST' from /home/hrbncv/SCP/cells/SST/tunes/seg_tuned_all/manifest.json, soma_diam_multiplier=10.0, Vinit=-65.0, loader=genome_fallback
Geometry defined for 'SST': 1 soma segs, 54 proximal dend segs, 52 distal dend segs, 115 total dend segs.
[trial 1/100] input_spikes: pn_exc=1680 vip_inh_bio=371 bg_exc=2303 bg_inh=723
[trial 1/100] spikes=7  rate=7.00 Hz  time=22.16s
[trial 2/100] input_spikes: pn_exc=1783 vip_inh_bio=406 bg_exc=2524 bg_inh=754
[trial 2/100] spikes=2  rate=2.00 Hz  time=22.23s
[trial 3/100] input_spikes: pn_exc=1709 vip_inh_bio=365 bg_exc=2271 bg_inh=752
[trial 3/100] spikes=3  rate=3.00 Hz  time=22.32s
[trial 4/100] input_spikes: pn_exc=1706 vip_inh_bio=355 bg_exc=2336 bg_inh=760
[trial 4/100] spikes=6  rate=6.00 Hz  time=22.31s
[trial 5/100] input_spikes: pn_exc=1668 vip_inh_bio=394 bg_exc=2352 bg_inh=756
[trial 5/100] spikes=6  rate=6.00 Hz  time=22.33s
[trial 6/100] input_spikes: pn_exc=1677 vip_inh_bio=356 bg_exc=2370 bg_inh=726
[trial 6/100] spikes=5  rate=5.00 Hz  time=22.27s
[trial 7/100] input_spikes: pn_exc=1687 vip_inh_bio=362 bg_exc=2383 bg_inh=727
[trial 7/100] spikes=6  rate=6.00 Hz  time=22.36s
[trial 8/100] input_spikes: pn_exc=1771 vip_inh_bio=385 bg_exc=2419 bg_inh=762
[trial 8/100] spikes=5  rate=5.00 Hz  time=22.37s
[trial 9/100] input_spikes: pn_exc=1719 vip_inh_bio=375 bg_exc=2459 bg_inh=742
[trial 9/100] spikes=4  rate=4.00 Hz  time=22.55s
[trial 10/100] input_spikes: pn_exc=1715 vip_inh_bio=406 bg_exc=2513 bg_inh=778
[trial 10/100] spikes=3  rate=3.00 Hz  time=22.57s
[trial 11/100] input_spikes: pn_exc=1665 vip_inh_bio=368 bg_exc=2214 bg_inh=711
[trial 11/100] spikes=5  rate=5.00 Hz  time=22.31s
[trial 12/100] input_spikes: pn_exc=1655 vip_inh_bio=340 bg_exc=2179 bg_inh=703
[trial 12/100] spikes=4  rate=4.00 Hz  time=22.22s
[trial 13/100] input_spikes: pn_exc=1467 vip_inh_bio=287 bg_exc=669 bg_inh=195
[trial 13/100] spikes=0  rate=0.00 Hz  time=21.35s
[trial 14/100] input_spikes: pn_exc=1685 vip_inh_bio=370 bg_exc=2362 bg_inh=771
[trial 14/100] spikes=7  rate=7.00 Hz  time=22.49s
[trial 15/100] input_spikes: pn_exc=1719 vip_inh_bio=363 bg_exc=2366 bg_inh=715
[trial 15/100] spikes=6  rate=6.00 Hz  time=22.61s
[trial 16/100] input_spikes: pn_exc=1709 vip_inh_bio=396 bg_exc=2404 bg_inh=784
[trial 16/100] spikes=4  rate=4.00 Hz  time=22.62s
[trial 17/100] input_spikes: pn_exc=1721 vip_inh_bio=400 bg_exc=2415 bg_inh=773
[trial 17/100] spikes=3  rate=3.00 Hz  time=22.62s
[trial 18/100] input_spikes: pn_exc=1552 vip_inh_bio=362 bg_exc=1944 bg_inh=642
[trial 18/100] spikes=8  rate=8.00 Hz  time=22.01s
[trial 19/100] input_spikes: pn_exc=1684 vip_inh_bio=354 bg_exc=2331 bg_inh=719
[trial 19/100] spikes=3  rate=3.00 Hz  time=22.56s
[trial 20/100] input_spikes: pn_exc=1596 vip_inh_bio=357 bg_exc=2175 bg_inh=705
[trial 20/100] spikes=3  rate=3.00 Hz  time=22.26s
[trial 21/100] input_spikes: pn_exc=1600 vip_inh_bio=358 bg_exc=2350 bg_inh=716
[trial 21/100] spikes=4  rate=4.00 Hz  time=22.61s
[trial 22/100] input_spikes: pn_exc=1747 vip_inh_bio=376 bg_exc=2442 bg_inh=766
[trial 22/100] spikes=3  rate=3.00 Hz  time=22.89s
[trial 23/100] input_spikes: pn_exc=1678 vip_inh_bio=368 bg_exc=2567 bg_inh=732
[trial 23/100] spikes=4  rate=4.00 Hz  time=22.89s
[trial 24/100] input_spikes: pn_exc=1566 vip_inh_bio=338 bg_exc=2097 bg_inh=683
[trial 24/100] spikes=3  rate=3.00 Hz  time=22.28s
[trial 25/100] input_spikes: pn_exc=1690 vip_inh_bio=367 bg_exc=2406 bg_inh=759
[trial 25/100] spikes=5  rate=5.00 Hz  time=22.61s
[trial 26/100] input_spikes: pn_exc=1685 vip_inh_bio=394 bg_exc=2383 bg_inh=763
[trial 26/100] spikes=6  rate=6.00 Hz  time=22.60s
[trial 27/100] input_spikes: pn_exc=1418 vip_inh_bio=290 bg_exc=934 bg_inh=293
[trial 27/100] spikes=0  rate=0.00 Hz  time=21.47s
[trial 28/100] input_spikes: pn_exc=1663 vip_inh_bio=345 bg_exc=2225 bg_inh=671
[trial 28/100] spikes=4  rate=4.00 Hz  time=22.47s
[trial 29/100] input_spikes: pn_exc=1678 vip_inh_bio=386 bg_exc=2462 bg_inh=779
[trial 29/100] spikes=1  rate=1.00 Hz  time=22.76s
[trial 30/100] input_spikes: pn_exc=1692 vip_inh_bio=376 bg_exc=2237 bg_inh=684
[trial 30/100] spikes=4  rate=4.00 Hz  time=22.34s
[trial 31/100] input_spikes: pn_exc=1760 vip_inh_bio=358 bg_exc=2474 bg_inh=832
[trial 31/100] spikes=7  rate=7.00 Hz  time=22.76s
[trial 32/100] input_spikes: pn_exc=1450 vip_inh_bio=331 bg_exc=1788 bg_inh=493
[trial 32/100] spikes=5  rate=5.00 Hz  time=21.86s
[trial 33/100] input_spikes: pn_exc=1704 vip_inh_bio=400 bg_exc=2531 bg_inh=759
[trial 33/100] spikes=5  rate=5.00 Hz  time=22.87s
[trial 34/100] input_spikes: pn_exc=1697 vip_inh_bio=376 bg_exc=2254 bg_inh=714
[trial 34/100] spikes=5  rate=5.00 Hz  time=22.41s
[trial 35/100] input_spikes: pn_exc=1470 vip_inh_bio=329 bg_exc=1502 bg_inh=505
[trial 35/100] spikes=3  rate=3.00 Hz  time=21.59s
[trial 36/100] input_spikes: pn_exc=1529 vip_inh_bio=311 bg_exc=1784 bg_inh=569
[trial 36/100] spikes=3  rate=3.00 Hz  time=21.92s
[trial 37/100] input_spikes: pn_exc=1712 vip_inh_bio=373 bg_exc=2494 bg_inh=709
[trial 37/100] spikes=5  rate=5.00 Hz  time=22.74s
[trial 38/100] input_spikes: pn_exc=1710 vip_inh_bio=386 bg_exc=2347 bg_inh=718
[trial 38/100] spikes=3  rate=3.00 Hz  time=22.59s
[trial 39/100] input_spikes: pn_exc=1422 vip_inh_bio=314 bg_exc=1435 bg_inh=462
[trial 39/100] spikes=3  rate=3.00 Hz  time=21.67s
[trial 40/100] input_spikes: pn_exc=1759 vip_inh_bio=381 bg_exc=2378 bg_inh=767
[trial 40/100] spikes=5  rate=5.00 Hz  time=22.53s
[trial 41/100] input_spikes: pn_exc=1549 vip_inh_bio=330 bg_exc=2086 bg_inh=701
[trial 41/100] spikes=2  rate=2.00 Hz  time=22.19s
[trial 42/100] input_spikes: pn_exc=1606 vip_inh_bio=391 bg_exc=2301 bg_inh=761
[trial 42/100] spikes=4  rate=4.00 Hz  time=22.41s
[trial 43/100] input_spikes: pn_exc=1653 vip_inh_bio=339 bg_exc=2391 bg_inh=726
[trial 43/100] spikes=3  rate=3.00 Hz  time=22.56s
[trial 44/100] input_spikes: pn_exc=1680 vip_inh_bio=365 bg_exc=2260 bg_inh=772
[trial 44/100] spikes=3  rate=3.00 Hz  time=22.33s
[trial 45/100] input_spikes: pn_exc=1766 vip_inh_bio=339 bg_exc=2393 bg_inh=757
[trial 45/100] spikes=7  rate=7.00 Hz  time=22.63s
[trial 46/100] input_spikes: pn_exc=1722 vip_inh_bio=397 bg_exc=2313 bg_inh=707
[trial 46/100] spikes=5  rate=5.00 Hz  time=22.47s
[trial 47/100] input_spikes: pn_exc=1590 vip_inh_bio=340 bg_exc=2110 bg_inh=642
[trial 47/100] spikes=4  rate=4.00 Hz  time=22.32s
[trial 48/100] input_spikes: pn_exc=1674 vip_inh_bio=385 bg_exc=2438 bg_inh=743
[trial 48/100] spikes=4  rate=4.00 Hz  time=22.50s
[trial 49/100] input_spikes: pn_exc=1812 vip_inh_bio=367 bg_exc=2485 bg_inh=768
[trial 49/100] spikes=5  rate=5.00 Hz  time=22.80s
[trial 50/100] input_spikes: pn_exc=1691 vip_inh_bio=378 bg_exc=2370 bg_inh=725
[trial 50/100] spikes=3  rate=3.00 Hz  time=22.57s
[trial 51/100] input_spikes: pn_exc=1731 vip_inh_bio=392 bg_exc=2441 bg_inh=757
[trial 51/100] spikes=4  rate=4.00 Hz  time=22.64s
[trial 52/100] input_spikes: pn_exc=1676 vip_inh_bio=360 bg_exc=2321 bg_inh=748
[trial 52/100] spikes=5  rate=5.00 Hz  time=22.41s
[trial 53/100] input_spikes: pn_exc=1742 vip_inh_bio=341 bg_exc=2234 bg_inh=746
[trial 53/100] spikes=2  rate=2.00 Hz  time=22.56s
[trial 54/100] input_spikes: pn_exc=1757 vip_inh_bio=374 bg_exc=2428 bg_inh=739
[trial 54/100] spikes=5  rate=5.00 Hz  time=22.52s
[trial 55/100] input_spikes: pn_exc=1681 vip_inh_bio=373 bg_exc=2482 bg_inh=789
[trial 55/100] spikes=2  rate=2.00 Hz  time=22.72s
[trial 56/100] input_spikes: pn_exc=1818 vip_inh_bio=361 bg_exc=2325 bg_inh=716
[trial 56/100] spikes=1  rate=1.00 Hz  time=22.42s
[trial 57/100] input_spikes: pn_exc=1604 vip_inh_bio=348 bg_exc=2051 bg_inh=656
[trial 57/100] spikes=2  rate=2.00 Hz  time=22.30s
[trial 58/100] input_spikes: pn_exc=1700 vip_inh_bio=338 bg_exc=2335 bg_inh=714
[trial 58/100] spikes=3  rate=3.00 Hz  time=22.49s
[trial 59/100] input_spikes: pn_exc=1806 vip_inh_bio=393 bg_exc=2461 bg_inh=782
[trial 59/100] spikes=7  rate=7.00 Hz  time=22.76s
[trial 60/100] input_spikes: pn_exc=1488 vip_inh_bio=337 bg_exc=1978 bg_inh=597
[trial 60/100] spikes=5  rate=5.00 Hz  time=22.06s
[trial 61/100] input_spikes: pn_exc=1703 vip_inh_bio=362 bg_exc=2488 bg_inh=812
[trial 61/100] spikes=3  rate=3.00 Hz  time=22.84s
[trial 62/100] input_spikes: pn_exc=1678 vip_inh_bio=413 bg_exc=2462 bg_inh=788
[trial 62/100] spikes=5  rate=5.00 Hz  time=23.66s
[trial 63/100] input_spikes: pn_exc=1723 vip_inh_bio=356 bg_exc=2472 bg_inh=775
[trial 63/100] spikes=9  rate=9.00 Hz  time=23.85s
[trial 64/100] input_spikes: pn_exc=1582 vip_inh_bio=367 bg_exc=2306 bg_inh=707
[trial 64/100] spikes=4  rate=4.00 Hz  time=23.46s
[trial 65/100] input_spikes: pn_exc=1682 vip_inh_bio=348 bg_exc=2471 bg_inh=752
[trial 65/100] spikes=6  rate=6.00 Hz  time=23.23s
[trial 66/100] input_spikes: pn_exc=1643 vip_inh_bio=350 bg_exc=2071 bg_inh=677
[trial 66/100] spikes=4  rate=4.00 Hz  time=22.25s
[trial 67/100] input_spikes: pn_exc=1659 vip_inh_bio=348 bg_exc=2300 bg_inh=741
[trial 67/100] spikes=7  rate=7.00 Hz  time=22.67s
[trial 68/100] input_spikes: pn_exc=1652 vip_inh_bio=353 bg_exc=2243 bg_inh=718
[trial 68/100] spikes=3  rate=3.00 Hz  time=22.47s
[trial 69/100] input_spikes: pn_exc=1593 vip_inh_bio=345 bg_exc=2188 bg_inh=692
[trial 69/100] spikes=2  rate=2.00 Hz  time=22.46s
[trial 70/100] input_spikes: pn_exc=1596 vip_inh_bio=358 bg_exc=2279 bg_inh=668
[trial 70/100] spikes=3  rate=3.00 Hz  time=22.48s
[trial 71/100] input_spikes: pn_exc=1651 vip_inh_bio=351 bg_exc=2229 bg_inh=681
[trial 71/100] spikes=3  rate=3.00 Hz  time=22.67s
[trial 72/100] input_spikes: pn_exc=1767 vip_inh_bio=390 bg_exc=2448 bg_inh=798
[trial 72/100] spikes=4  rate=4.00 Hz  time=22.75s
[trial 73/100] input_spikes: pn_exc=1770 vip_inh_bio=360 bg_exc=2309 bg_inh=727
[trial 73/100] spikes=5  rate=5.00 Hz  time=22.65s
[trial 74/100] input_spikes: pn_exc=1528 vip_inh_bio=317 bg_exc=1806 bg_inh=566
[trial 74/100] spikes=3  rate=3.00 Hz  time=22.00s
[trial 75/100] input_spikes: pn_exc=1612 vip_inh_bio=370 bg_exc=2234 bg_inh=738
[trial 75/100] spikes=1  rate=1.00 Hz  time=22.47s
[trial 76/100] input_spikes: pn_exc=1758 vip_inh_bio=358 bg_exc=2427 bg_inh=791
[trial 76/100] spikes=4  rate=4.00 Hz  time=22.65s
[trial 77/100] input_spikes: pn_exc=1649 vip_inh_bio=354 bg_exc=2438 bg_inh=737
[trial 77/100] spikes=5  rate=5.00 Hz  time=22.63s
[trial 78/100] input_spikes: pn_exc=1655 vip_inh_bio=375 bg_exc=2211 bg_inh=730
[trial 78/100] spikes=1  rate=1.00 Hz  time=22.35s
[trial 79/100] input_spikes: pn_exc=1763 vip_inh_bio=343 bg_exc=2414 bg_inh=741
[trial 79/100] spikes=2  rate=2.00 Hz  time=22.67s
[trial 80/100] input_spikes: pn_exc=1690 vip_inh_bio=361 bg_exc=2188 bg_inh=591
[trial 80/100] spikes=2  rate=2.00 Hz  time=22.21s
[trial 81/100] input_spikes: pn_exc=1713 vip_inh_bio=370 bg_exc=2550 bg_inh=750
[trial 81/100] spikes=4  rate=4.00 Hz  time=22.83s
[trial 82/100] input_spikes: pn_exc=1674 vip_inh_bio=367 bg_exc=2320 bg_inh=721
[trial 82/100] spikes=3  rate=3.00 Hz  time=22.49s
[trial 83/100] input_spikes: pn_exc=1696 vip_inh_bio=384 bg_exc=2407 bg_inh=747
[trial 83/100] spikes=3  rate=3.00 Hz  time=22.95s
[trial 84/100] input_spikes: pn_exc=1660 vip_inh_bio=402 bg_exc=2321 bg_inh=744
[trial 84/100] spikes=4  rate=4.00 Hz  time=22.66s
[trial 85/100] input_spikes: pn_exc=1799 vip_inh_bio=389 bg_exc=2479 bg_inh=776
[trial 85/100] spikes=3  rate=3.00 Hz  time=22.80s
[trial 86/100] input_spikes: pn_exc=1702 vip_inh_bio=371 bg_exc=2346 bg_inh=746
[trial 86/100] spikes=6  rate=6.00 Hz  time=22.58s
[trial 87/100] input_spikes: pn_exc=1684 vip_inh_bio=370 bg_exc=2246 bg_inh=688
[trial 87/100] spikes=6  rate=6.00 Hz  time=22.51s
[trial 88/100] input_spikes: pn_exc=1452 vip_inh_bio=324 bg_exc=1815 bg_inh=588
[trial 88/100] spikes=5  rate=5.00 Hz  time=22.05s
[trial 89/100] input_spikes: pn_exc=1653 vip_inh_bio=362 bg_exc=2330 bg_inh=763
[trial 89/100] spikes=4  rate=4.00 Hz  time=22.73s
[trial 90/100] input_spikes: pn_exc=1677 vip_inh_bio=363 bg_exc=2295 bg_inh=737
[trial 90/100] spikes=4  rate=4.00 Hz  time=22.55s
[trial 91/100] input_spikes: pn_exc=1705 vip_inh_bio=364 bg_exc=2433 bg_inh=763
[trial 91/100] spikes=2  rate=2.00 Hz  time=22.95s
[trial 92/100] input_spikes: pn_exc=1759 vip_inh_bio=360 bg_exc=2392 bg_inh=771
[trial 92/100] spikes=3  rate=3.00 Hz  time=22.84s
[trial 93/100] input_spikes: pn_exc=1684 vip_inh_bio=366 bg_exc=2394 bg_inh=738
[trial 93/100] spikes=4  rate=4.00 Hz  time=22.87s
[trial 94/100] input_spikes: pn_exc=1666 vip_inh_bio=383 bg_exc=2360 bg_inh=766
[trial 94/100] spikes=3  rate=3.00 Hz  time=22.64s
[trial 95/100] input_spikes: pn_exc=1675 vip_inh_bio=381 bg_exc=2504 bg_inh=765
[trial 95/100] spikes=5  rate=5.00 Hz  time=22.81s
[trial 96/100] input_spikes: pn_exc=1628 vip_inh_bio=371 bg_exc=2122 bg_inh=685
[trial 96/100] spikes=4  rate=4.00 Hz  time=22.33s
[trial 97/100] input_spikes: pn_exc=1692 vip_inh_bio=354 bg_exc=2343 bg_inh=761
[trial 97/100] spikes=2  rate=2.00 Hz  time=22.56s
[trial 98/100] input_spikes: pn_exc=1608 vip_inh_bio=390 bg_exc=2208 bg_inh=709
[trial 98/100] spikes=2  rate=2.00 Hz  time=22.04s
[trial 99/100] input_spikes: pn_exc=1697 vip_inh_bio=363 bg_exc=2465 bg_inh=780
[trial 99/100] spikes=7  rate=7.00 Hz  time=21.64s
[trial 100/100] input_spikes: pn_exc=1739 vip_inh_bio=359 bg_exc=2527 bg_inh=780
[trial 100/100] spikes=4  rate=4.00 Hz  time=21.46s
save_plots single_plot warning: Top input panel: group list empty, auto-using all groups (4).
Results saved to /home/hrbncv/SCP/cells/SST/tunes/seg_tuned_all/output_data/slurm_42203/parts/slurm_42203_43/run_manifest.json
Total runtime: 2251.12s
