Running: /home/hrbncv/miniconda3/envs/BMTK-py311/bin/python /home/hrbncv/SCP/run_pipeline.py --tune-dir /home/hrbncv/SCP/cells/SST/tunes/seg_tuned_all --output-dir /home/hrbncv/SCP/cells/SST/tunes/seg_tuned_all/output_data/slurm_42203/parts --n-trials 100 --output-stem slurm_42203_24 --trial-offset 2400 --force-save
Loaded mechanisms from /home/hrbncv/SCP/cells/SST/tunes/seg_tuned_all/modfiles/x86_64/.libs/libnrnmech.so
Loaded Allen cell for 'SST' from /home/hrbncv/SCP/cells/SST/tunes/seg_tuned_all/manifest.json, soma_diam_multiplier=10.0, Vinit=-65.0, loader=genome_fallback
Geometry defined for 'SST': 1 soma segs, 54 proximal dend segs, 52 distal dend segs, 115 total dend segs.
[trial 1/100] input_spikes: pn_exc=1659 vip_inh_bio=396 bg_exc=2230 bg_inh=739
[trial 1/100] spikes=1  rate=1.00 Hz  time=22.36s
[trial 2/100] input_spikes: pn_exc=1544 vip_inh_bio=311 bg_exc=1937 bg_inh=639
[trial 2/100] spikes=5  rate=5.00 Hz  time=22.22s
[trial 3/100] input_spikes: pn_exc=1574 vip_inh_bio=351 bg_exc=2339 bg_inh=735
[trial 3/100] spikes=4  rate=4.00 Hz  time=22.19s
[trial 4/100] input_spikes: pn_exc=1790 vip_inh_bio=361 bg_exc=2452 bg_inh=743
[trial 4/100] spikes=8  rate=8.00 Hz  time=22.09s
[trial 5/100] input_spikes: pn_exc=1649 vip_inh_bio=328 bg_exc=2154 bg_inh=670
[trial 5/100] spikes=8  rate=8.00 Hz  time=21.83s
[trial 6/100] input_spikes: pn_exc=1693 vip_inh_bio=362 bg_exc=2398 bg_inh=766
[trial 6/100] spikes=6  rate=6.00 Hz  time=22.01s
[trial 7/100] input_spikes: pn_exc=1526 vip_inh_bio=336 bg_exc=2063 bg_inh=640
[trial 7/100] spikes=3  rate=3.00 Hz  time=21.78s
[trial 8/100] input_spikes: pn_exc=1713 vip_inh_bio=371 bg_exc=2358 bg_inh=781
[trial 8/100] spikes=5  rate=5.00 Hz  time=22.11s
[trial 9/100] input_spikes: pn_exc=1619 vip_inh_bio=372 bg_exc=2210 bg_inh=712
[trial 9/100] spikes=4  rate=4.00 Hz  time=21.94s
[trial 10/100] input_spikes: pn_exc=1620 vip_inh_bio=340 bg_exc=2075 bg_inh=666
[trial 10/100] spikes=4  rate=4.00 Hz  time=21.75s
[trial 11/100] input_spikes: pn_exc=1685 vip_inh_bio=367 bg_exc=2219 bg_inh=737
[trial 11/100] spikes=7  rate=7.00 Hz  time=22.04s
[trial 12/100] input_spikes: pn_exc=1641 vip_inh_bio=364 bg_exc=2246 bg_inh=693
[trial 12/100] spikes=1  rate=1.00 Hz  time=21.96s
[trial 13/100] input_spikes: pn_exc=1806 vip_inh_bio=426 bg_exc=2532 bg_inh=783
[trial 13/100] spikes=6  rate=6.00 Hz  time=22.43s
[trial 14/100] input_spikes: pn_exc=1620 vip_inh_bio=361 bg_exc=2106 bg_inh=657
[trial 14/100] spikes=3  rate=3.00 Hz  time=21.82s
[trial 15/100] input_spikes: pn_exc=1651 vip_inh_bio=360 bg_exc=2313 bg_inh=693
[trial 15/100] spikes=5  rate=5.00 Hz  time=22.24s
[trial 16/100] input_spikes: pn_exc=1575 vip_inh_bio=345 bg_exc=2092 bg_inh=672
[trial 16/100] spikes=4  rate=4.00 Hz  time=21.81s
[trial 17/100] input_spikes: pn_exc=1703 vip_inh_bio=361 bg_exc=2451 bg_inh=820
[trial 17/100] spikes=6  rate=6.00 Hz  time=22.47s
[trial 18/100] input_spikes: pn_exc=1781 vip_inh_bio=356 bg_exc=2320 bg_inh=702
[trial 18/100] spikes=1  rate=1.00 Hz  time=22.24s
[trial 19/100] input_spikes: pn_exc=1650 vip_inh_bio=357 bg_exc=2296 bg_inh=673
[trial 19/100] spikes=4  rate=4.00 Hz  time=22.12s
[trial 20/100] input_spikes: pn_exc=1831 vip_inh_bio=357 bg_exc=2393 bg_inh=738
[trial 20/100] spikes=4  rate=4.00 Hz  time=22.26s
[trial 21/100] input_spikes: pn_exc=1718 vip_inh_bio=352 bg_exc=2143 bg_inh=662
[trial 21/100] spikes=4  rate=4.00 Hz  time=22.07s
[trial 22/100] input_spikes: pn_exc=1687 vip_inh_bio=349 bg_exc=2322 bg_inh=717
[trial 22/100] spikes=2  rate=2.00 Hz  time=22.36s
[trial 23/100] input_spikes: pn_exc=1671 vip_inh_bio=358 bg_exc=2169 bg_inh=702
[trial 23/100] spikes=4  rate=4.00 Hz  time=22.20s
[trial 24/100] input_spikes: pn_exc=1680 vip_inh_bio=355 bg_exc=2379 bg_inh=670
[trial 24/100] spikes=6  rate=6.00 Hz  time=22.21s
[trial 25/100] input_spikes: pn_exc=1691 vip_inh_bio=356 bg_exc=2455 bg_inh=787
[trial 25/100] spikes=3  rate=3.00 Hz  time=22.35s
[trial 26/100] input_spikes: pn_exc=1589 vip_inh_bio=350 bg_exc=1957 bg_inh=593
[trial 26/100] spikes=6  rate=6.00 Hz  time=21.84s
[trial 27/100] input_spikes: pn_exc=1672 vip_inh_bio=411 bg_exc=2383 bg_inh=738
[trial 27/100] spikes=2  rate=2.00 Hz  time=22.38s
[trial 28/100] input_spikes: pn_exc=1629 vip_inh_bio=361 bg_exc=2374 bg_inh=751
[trial 28/100] spikes=4  rate=4.00 Hz  time=22.29s
[trial 29/100] input_spikes: pn_exc=1738 vip_inh_bio=409 bg_exc=2414 bg_inh=780
[trial 29/100] spikes=5  rate=5.00 Hz  time=22.43s
[trial 30/100] input_spikes: pn_exc=1582 vip_inh_bio=373 bg_exc=2433 bg_inh=755
[trial 30/100] spikes=5  rate=5.00 Hz  time=22.21s
[trial 31/100] input_spikes: pn_exc=1753 vip_inh_bio=400 bg_exc=2597 bg_inh=796
[trial 31/100] spikes=4  rate=4.00 Hz  time=22.49s
[trial 32/100] input_spikes: pn_exc=1771 vip_inh_bio=387 bg_exc=2460 bg_inh=746
[trial 32/100] spikes=4  rate=4.00 Hz  time=22.33s
[trial 33/100] input_spikes: pn_exc=1623 vip_inh_bio=375 bg_exc=2567 bg_inh=795
[trial 33/100] spikes=4  rate=4.00 Hz  time=22.62s
[trial 34/100] input_spikes: pn_exc=1699 vip_inh_bio=383 bg_exc=2320 bg_inh=745
[trial 34/100] spikes=2  rate=2.00 Hz  time=22.23s
[trial 35/100] input_spikes: pn_exc=1637 vip_inh_bio=348 bg_exc=2165 bg_inh=695
[trial 35/100] spikes=3  rate=3.00 Hz  time=22.57s
[trial 36/100] input_spikes: pn_exc=1752 vip_inh_bio=387 bg_exc=2456 bg_inh=816
[trial 36/100] spikes=11  rate=11.00 Hz  time=23.88s
[trial 37/100] input_spikes: pn_exc=1777 vip_inh_bio=397 bg_exc=2502 bg_inh=735
[trial 37/100] spikes=2  rate=2.00 Hz  time=22.26s
[trial 38/100] input_spikes: pn_exc=1689 vip_inh_bio=358 bg_exc=2193 bg_inh=786
[trial 38/100] spikes=2  rate=2.00 Hz  time=21.95s
[trial 39/100] input_spikes: pn_exc=1612 vip_inh_bio=330 bg_exc=2128 bg_inh=645
[trial 39/100] spikes=4  rate=4.00 Hz  time=21.55s
[trial 40/100] input_spikes: pn_exc=1591 vip_inh_bio=370 bg_exc=2205 bg_inh=672
[trial 40/100] spikes=6  rate=6.00 Hz  time=21.61s
[trial 41/100] input_spikes: pn_exc=1735 vip_inh_bio=384 bg_exc=2465 bg_inh=786
[trial 41/100] spikes=4  rate=4.00 Hz  time=22.03s
[trial 42/100] input_spikes: pn_exc=1773 vip_inh_bio=396 bg_exc=2421 bg_inh=731
[trial 42/100] spikes=7  rate=7.00 Hz  time=21.88s
[trial 43/100] input_spikes: pn_exc=1736 vip_inh_bio=339 bg_exc=2416 bg_inh=748
[trial 43/100] spikes=6  rate=6.00 Hz  time=22.00s
[trial 44/100] input_spikes: pn_exc=1614 vip_inh_bio=349 bg_exc=2210 bg_inh=627
[trial 44/100] spikes=6  rate=6.00 Hz  time=21.62s
[trial 45/100] input_spikes: pn_exc=1537 vip_inh_bio=316 bg_exc=2104 bg_inh=634
[trial 45/100] spikes=7  rate=7.00 Hz  time=21.47s
[trial 46/100] input_spikes: pn_exc=1681 vip_inh_bio=379 bg_exc=2432 bg_inh=735
[trial 46/100] spikes=2  rate=2.00 Hz  time=21.96s
[trial 47/100] input_spikes: pn_exc=1541 vip_inh_bio=347 bg_exc=2042 bg_inh=621
[trial 47/100] spikes=0  rate=0.00 Hz  time=21.57s
[trial 48/100] input_spikes: pn_exc=1562 vip_inh_bio=358 bg_exc=2037 bg_inh=658
[trial 48/100] spikes=4  rate=4.00 Hz  time=21.55s
[trial 49/100] input_spikes: pn_exc=1769 vip_inh_bio=392 bg_exc=2410 bg_inh=741
[trial 49/100] spikes=2  rate=2.00 Hz  time=21.96s
[trial 50/100] input_spikes: pn_exc=1651 vip_inh_bio=342 bg_exc=2235 bg_inh=715
[trial 50/100] spikes=3  rate=3.00 Hz  time=21.72s
[trial 51/100] input_spikes: pn_exc=1725 vip_inh_bio=373 bg_exc=2431 bg_inh=767
[trial 51/100] spikes=3  rate=3.00 Hz  time=21.98s
[trial 52/100] input_spikes: pn_exc=1641 vip_inh_bio=327 bg_exc=2239 bg_inh=685
[trial 52/100] spikes=6  rate=6.00 Hz  time=21.50s
[trial 53/100] input_spikes: pn_exc=1794 vip_inh_bio=383 bg_exc=2394 bg_inh=742
[trial 53/100] spikes=4  rate=4.00 Hz  time=22.06s
[trial 54/100] input_spikes: pn_exc=1722 vip_inh_bio=359 bg_exc=2379 bg_inh=774
[trial 54/100] spikes=5  rate=5.00 Hz  time=21.78s
[trial 55/100] input_spikes: pn_exc=1760 vip_inh_bio=356 bg_exc=2524 bg_inh=810
[trial 55/100] spikes=4  rate=4.00 Hz  time=22.05s
[trial 56/100] input_spikes: pn_exc=1667 vip_inh_bio=336 bg_exc=2376 bg_inh=701
[trial 56/100] spikes=2  rate=2.00 Hz  time=21.86s
[trial 57/100] input_spikes: pn_exc=1684 vip_inh_bio=425 bg_exc=2300 bg_inh=744
[trial 57/100] spikes=2  rate=2.00 Hz  time=21.84s
[trial 58/100] input_spikes: pn_exc=1705 vip_inh_bio=353 bg_exc=2402 bg_inh=743
[trial 58/100] spikes=3  rate=3.00 Hz  time=21.92s
[trial 59/100] input_spikes: pn_exc=1658 vip_inh_bio=379 bg_exc=2363 bg_inh=730
[trial 59/100] spikes=5  rate=5.00 Hz  time=21.87s
[trial 60/100] input_spikes: pn_exc=1437 vip_inh_bio=293 bg_exc=1702 bg_inh=519
[trial 60/100] spikes=8  rate=8.00 Hz  time=21.05s
[trial 61/100] input_spikes: pn_exc=1753 vip_inh_bio=376 bg_exc=2389 bg_inh=751
[trial 61/100] spikes=1  rate=1.00 Hz  time=22.02s
[trial 62/100] input_spikes: pn_exc=1688 vip_inh_bio=344 bg_exc=2265 bg_inh=726
[trial 62/100] spikes=6  rate=6.00 Hz  time=21.86s
[trial 63/100] input_spikes: pn_exc=1617 vip_inh_bio=363 bg_exc=2073 bg_inh=695
[trial 63/100] spikes=6  rate=6.00 Hz  time=22.67s
[trial 64/100] input_spikes: pn_exc=1737 vip_inh_bio=391 bg_exc=2421 bg_inh=708
[trial 64/100] spikes=4  rate=4.00 Hz  time=22.86s
[trial 65/100] input_spikes: pn_exc=1592 vip_inh_bio=342 bg_exc=2021 bg_inh=606
[trial 65/100] spikes=4  rate=4.00 Hz  time=22.75s
[trial 66/100] input_spikes: pn_exc=1611 vip_inh_bio=352 bg_exc=2100 bg_inh=647
[trial 66/100] spikes=6  rate=6.00 Hz  time=22.19s
[trial 67/100] input_spikes: pn_exc=1664 vip_inh_bio=409 bg_exc=2459 bg_inh=742
[trial 67/100] spikes=4  rate=4.00 Hz  time=21.93s
[trial 68/100] input_spikes: pn_exc=1744 vip_inh_bio=339 bg_exc=2332 bg_inh=734
[trial 68/100] spikes=6  rate=6.00 Hz  time=21.95s
[trial 69/100] input_spikes: pn_exc=1610 vip_inh_bio=359 bg_exc=2209 bg_inh=701
[trial 69/100] spikes=2  rate=2.00 Hz  time=21.73s
[trial 70/100] input_spikes: pn_exc=1725 vip_inh_bio=369 bg_exc=2319 bg_inh=743
[trial 70/100] spikes=3  rate=3.00 Hz  time=21.87s
[trial 71/100] input_spikes: pn_exc=1730 vip_inh_bio=392 bg_exc=2558 bg_inh=773
[trial 71/100] spikes=2  rate=2.00 Hz  time=22.21s
[trial 72/100] input_spikes: pn_exc=1710 vip_inh_bio=369 bg_exc=2448 bg_inh=757
[trial 72/100] spikes=3  rate=3.00 Hz  time=22.11s
[trial 73/100] input_spikes: pn_exc=1712 vip_inh_bio=399 bg_exc=2391 bg_inh=760
[trial 73/100] spikes=6  rate=6.00 Hz  time=22.07s
[trial 74/100] input_spikes: pn_exc=1617 vip_inh_bio=327 bg_exc=2122 bg_inh=689
[trial 74/100] spikes=6  rate=6.00 Hz  time=21.63s
[trial 75/100] input_spikes: pn_exc=1665 vip_inh_bio=379 bg_exc=2453 bg_inh=752
[trial 75/100] spikes=3  rate=3.00 Hz  time=22.04s
[trial 76/100] input_spikes: pn_exc=1712 vip_inh_bio=392 bg_exc=2466 bg_inh=779
[trial 76/100] spikes=0  rate=0.00 Hz  time=22.01s
[trial 77/100] input_spikes: pn_exc=1791 vip_inh_bio=399 bg_exc=2473 bg_inh=724
[trial 77/100] spikes=3  rate=3.00 Hz  time=22.01s
[trial 78/100] input_spikes: pn_exc=1645 vip_inh_bio=361 bg_exc=2340 bg_inh=726
[trial 78/100] spikes=3  rate=3.00 Hz  time=21.82s
[trial 79/100] input_spikes: pn_exc=1740 vip_inh_bio=377 bg_exc=2432 bg_inh=762
[trial 79/100] spikes=5  rate=5.00 Hz  time=21.93s
[trial 80/100] input_spikes: pn_exc=1756 vip_inh_bio=374 bg_exc=2403 bg_inh=776
[trial 80/100] spikes=3  rate=3.00 Hz  time=21.89s
[trial 81/100] input_spikes: pn_exc=1725 vip_inh_bio=383 bg_exc=2489 bg_inh=792
[trial 81/100] spikes=3  rate=3.00 Hz  time=22.08s
[trial 82/100] input_spikes: pn_exc=1479 vip_inh_bio=340 bg_exc=1928 bg_inh=532
[trial 82/100] spikes=3  rate=3.00 Hz  time=21.19s
[trial 83/100] input_spikes: pn_exc=1771 vip_inh_bio=399 bg_exc=2529 bg_inh=816
[trial 83/100] spikes=7  rate=7.00 Hz  time=22.18s
[trial 84/100] input_spikes: pn_exc=1631 vip_inh_bio=356 bg_exc=2223 bg_inh=675
[trial 84/100] spikes=6  rate=6.00 Hz  time=21.81s
[trial 85/100] input_spikes: pn_exc=1684 vip_inh_bio=376 bg_exc=2369 bg_inh=782
[trial 85/100] spikes=7  rate=7.00 Hz  time=22.54s
[trial 86/100] input_spikes: pn_exc=1770 vip_inh_bio=393 bg_exc=2411 bg_inh=755
[trial 86/100] spikes=5  rate=5.00 Hz  time=22.53s
[trial 87/100] input_spikes: pn_exc=1736 vip_inh_bio=389 bg_exc=2223 bg_inh=749
[trial 87/100] spikes=5  rate=5.00 Hz  time=22.36s
[trial 88/100] input_spikes: pn_exc=1582 vip_inh_bio=356 bg_exc=2079 bg_inh=682
[trial 88/100] spikes=4  rate=4.00 Hz  time=22.05s
[trial 89/100] input_spikes: pn_exc=1716 vip_inh_bio=421 bg_exc=2435 bg_inh=758
[trial 89/100] spikes=1  rate=1.00 Hz  time=22.51s
[trial 90/100] input_spikes: pn_exc=1757 vip_inh_bio=366 bg_exc=2467 bg_inh=800
[trial 90/100] spikes=6  rate=6.00 Hz  time=22.53s
[trial 91/100] input_spikes: pn_exc=1702 vip_inh_bio=358 bg_exc=2367 bg_inh=731
[trial 91/100] spikes=6  rate=6.00 Hz  time=22.29s
[trial 92/100] input_spikes: pn_exc=1654 vip_inh_bio=390 bg_exc=2356 bg_inh=706
[trial 92/100] spikes=6  rate=6.00 Hz  time=22.23s
[trial 93/100] input_spikes: pn_exc=1690 vip_inh_bio=362 bg_exc=2430 bg_inh=753
[trial 93/100] spikes=2  rate=2.00 Hz  time=22.54s
[trial 94/100] input_spikes: pn_exc=1755 vip_inh_bio=396 bg_exc=2480 bg_inh=808
[trial 94/100] spikes=4  rate=4.00 Hz  time=22.71s
[trial 95/100] input_spikes: pn_exc=1787 vip_inh_bio=418 bg_exc=2514 bg_inh=771
[trial 95/100] spikes=6  rate=6.00 Hz  time=22.75s
[trial 96/100] input_spikes: pn_exc=1614 vip_inh_bio=343 bg_exc=2153 bg_inh=682
[trial 96/100] spikes=4  rate=4.00 Hz  time=22.04s
[trial 97/100] input_spikes: pn_exc=1781 vip_inh_bio=375 bg_exc=2375 bg_inh=733
[trial 97/100] spikes=5  rate=5.00 Hz  time=22.42s
[trial 98/100] input_spikes: pn_exc=1672 vip_inh_bio=352 bg_exc=2404 bg_inh=769
[trial 98/100] spikes=5  rate=5.00 Hz  time=22.34s
[trial 99/100] input_spikes: pn_exc=1760 vip_inh_bio=358 bg_exc=2454 bg_inh=742
[trial 99/100] spikes=10  rate=10.00 Hz  time=22.36s
[trial 100/100] input_spikes: pn_exc=1749 vip_inh_bio=393 bg_exc=2450 bg_inh=810
[trial 100/100] spikes=3  rate=3.00 Hz  time=21.86s
save_plots single_plot warning: Top input panel: group list empty, auto-using all groups (4).
Results saved to /home/hrbncv/SCP/cells/SST/tunes/seg_tuned_all/output_data/slurm_42203/parts/slurm_42203_24/run_manifest.json
Total runtime: 2212.62s
