Running: python /home/hrbncv/SCP/run_pipeline.py --tune-dir /home/hrbncv/SCP/cells/PV/tunes/seg_tuned --output-dir /home/hrbncv/SCP/cells/PV/tunes/seg_tuned/output_data/slurm_34963/parts --n-trials 40 --output-stem slurm_34963_17 --trial-offset 680 --force-save
Mechanisms already loaded; skipping duplicate load.
Loaded Allen cell for 'PV' from /home/hrbncv/SCP/cells/PV/tunes/seg_tuned/manifest.json, soma_diam_multiplier=6.0, Vinit=-71.0, loader=allensdk_default
Geometry defined for 'PV': 1 soma segs, 46 proximal dend segs, 41 distal dend segs, 97 total dend segs.
[trial 1/40] input_spikes: pn_exc=2799 bg_exc=889 bg_inh=179 sst_inh=404 pv_inh=1169
[trial 1/40] spikes=7  rate=7.00 Hz  time=27.46s
[trial 2/40] input_spikes: pn_exc=2434 bg_exc=529 bg_inh=130 sst_inh=372 pv_inh=1191
[trial 2/40] spikes=5  rate=5.00 Hz  time=27.25s
[trial 3/40] input_spikes: pn_exc=2641 bg_exc=778 bg_inh=218 sst_inh=375 pv_inh=1180
[trial 3/40] spikes=6  rate=6.00 Hz  time=27.28s
[trial 4/40] input_spikes: pn_exc=2576 bg_exc=696 bg_inh=155 sst_inh=371 pv_inh=1211
[trial 4/40] spikes=6  rate=6.00 Hz  time=27.18s
[trial 5/40] input_spikes: pn_exc=2601 bg_exc=766 bg_inh=205 sst_inh=386 pv_inh=1197
[trial 5/40] spikes=5  rate=5.00 Hz  time=27.27s
[trial 6/40] input_spikes: pn_exc=2816 bg_exc=855 bg_inh=225 sst_inh=348 pv_inh=1188
[trial 6/40] spikes=8  rate=8.00 Hz  time=27.21s
[trial 7/40] input_spikes: pn_exc=2752 bg_exc=837 bg_inh=195 sst_inh=384 pv_inh=1222
[trial 7/40] spikes=7  rate=7.00 Hz  time=27.40s
[trial 8/40] input_spikes: pn_exc=2868 bg_exc=843 bg_inh=212 sst_inh=365 pv_inh=1195
[trial 8/40] spikes=5  rate=5.00 Hz  time=27.42s
[trial 9/40] input_spikes: pn_exc=2713 bg_exc=790 bg_inh=187 sst_inh=399 pv_inh=1204
[trial 9/40] spikes=7  rate=7.00 Hz  time=27.42s
[trial 10/40] input_spikes: pn_exc=2385 bg_exc=666 bg_inh=162 sst_inh=376 pv_inh=1225
[trial 10/40] spikes=6  rate=6.00 Hz  time=27.38s
[trial 11/40] input_spikes: pn_exc=2747 bg_exc=804 bg_inh=208 sst_inh=386 pv_inh=1207
[trial 11/40] spikes=6  rate=6.00 Hz  time=27.44s
[trial 12/40] input_spikes: pn_exc=2378 bg_exc=685 bg_inh=161 sst_inh=368 pv_inh=1206
[trial 12/40] spikes=7  rate=7.00 Hz  time=27.23s
[trial 13/40] input_spikes: pn_exc=2764 bg_exc=818 bg_inh=208 sst_inh=366 pv_inh=1196
[trial 13/40] spikes=5  rate=5.00 Hz  time=33.19s
[trial 14/40] input_spikes: pn_exc=2735 bg_exc=810 bg_inh=196 sst_inh=384 pv_inh=1204
[trial 14/40] spikes=6  rate=6.00 Hz  time=35.10s
[trial 15/40] input_spikes: pn_exc=2391 bg_exc=627 bg_inh=145 sst_inh=399 pv_inh=1143
[trial 15/40] spikes=7  rate=7.00 Hz  time=35.26s
[trial 16/40] input_spikes: pn_exc=2636 bg_exc=820 bg_inh=244 sst_inh=387 pv_inh=1211
[trial 16/40] spikes=6  rate=6.00 Hz  time=34.91s
[trial 17/40] input_spikes: pn_exc=2518 bg_exc=743 bg_inh=168 sst_inh=381 pv_inh=1216
[trial 17/40] spikes=6  rate=6.00 Hz  time=34.74s
[trial 18/40] input_spikes: pn_exc=2722 bg_exc=836 bg_inh=208 sst_inh=372 pv_inh=1203
[trial 18/40] spikes=8  rate=8.00 Hz  time=34.97s
[trial 19/40] input_spikes: pn_exc=2939 bg_exc=882 bg_inh=236 sst_inh=392 pv_inh=1191
[trial 19/40] spikes=5  rate=5.00 Hz  time=34.88s
[trial 20/40] input_spikes: pn_exc=2794 bg_exc=882 bg_inh=191 sst_inh=377 pv_inh=1207
[trial 20/40] spikes=7  rate=7.00 Hz  time=35.09s
[trial 21/40] input_spikes: pn_exc=2648 bg_exc=785 bg_inh=188 sst_inh=347 pv_inh=1193
[trial 21/40] spikes=7  rate=7.00 Hz  time=34.90s
[trial 22/40] input_spikes: pn_exc=2745 bg_exc=754 bg_inh=199 sst_inh=404 pv_inh=1205
[trial 22/40] spikes=7  rate=7.00 Hz  time=34.13s
[trial 23/40] input_spikes: pn_exc=2366 bg_exc=611 bg_inh=151 sst_inh=399 pv_inh=1222
[trial 23/40] spikes=6  rate=6.00 Hz  time=29.15s
[trial 24/40] input_spikes: pn_exc=2694 bg_exc=825 bg_inh=208 sst_inh=371 pv_inh=1219
[trial 24/40] spikes=6  rate=6.00 Hz  time=27.36s
[trial 25/40] input_spikes: pn_exc=2537 bg_exc=672 bg_inh=169 sst_inh=391 pv_inh=1201
[trial 25/40] spikes=6  rate=6.00 Hz  time=27.28s
[trial 26/40] input_spikes: pn_exc=2750 bg_exc=866 bg_inh=208 sst_inh=395 pv_inh=1225
[trial 26/40] spikes=8  rate=8.00 Hz  time=27.33s
[trial 27/40] input_spikes: pn_exc=2704 bg_exc=758 bg_inh=197 sst_inh=373 pv_inh=1195
[trial 27/40] spikes=8  rate=8.00 Hz  time=27.36s
[trial 28/40] input_spikes: pn_exc=2453 bg_exc=560 bg_inh=138 sst_inh=400 pv_inh=1204
[trial 28/40] spikes=5  rate=5.00 Hz  time=27.50s
[trial 29/40] input_spikes: pn_exc=2874 bg_exc=894 bg_inh=223 sst_inh=368 pv_inh=1190
[trial 29/40] spikes=7  rate=7.00 Hz  time=27.54s
[trial 30/40] input_spikes: pn_exc=2809 bg_exc=811 bg_inh=237 sst_inh=372 pv_inh=1210
[trial 30/40] spikes=6  rate=6.00 Hz  time=26.46s
[trial 31/40] input_spikes: pn_exc=2732 bg_exc=828 bg_inh=222 sst_inh=346 pv_inh=1220
[trial 31/40] spikes=6  rate=6.00 Hz  time=26.47s
[trial 32/40] input_spikes: pn_exc=2734 bg_exc=835 bg_inh=205 sst_inh=372 pv_inh=1163
[trial 32/40] spikes=6  rate=6.00 Hz  time=26.48s
[trial 33/40] input_spikes: pn_exc=2358 bg_exc=639 bg_inh=168 sst_inh=359 pv_inh=1195
[trial 33/40] spikes=5  rate=5.00 Hz  time=26.48s
[trial 34/40] input_spikes: pn_exc=2774 bg_exc=909 bg_inh=236 sst_inh=361 pv_inh=1201
[trial 34/40] spikes=6  rate=6.00 Hz  time=26.78s
[trial 35/40] input_spikes: pn_exc=2646 bg_exc=861 bg_inh=196 sst_inh=371 pv_inh=1187
[trial 35/40] spikes=7  rate=7.00 Hz  time=26.52s
[trial 36/40] input_spikes: pn_exc=2808 bg_exc=860 bg_inh=216 sst_inh=351 pv_inh=1187
[trial 36/40] spikes=7  rate=7.00 Hz  time=26.51s
[trial 37/40] input_spikes: pn_exc=2504 bg_exc=687 bg_inh=172 sst_inh=363 pv_inh=1189
[trial 37/40] spikes=6  rate=6.00 Hz  time=26.46s
[trial 38/40] input_spikes: pn_exc=2653 bg_exc=824 bg_inh=216 sst_inh=372 pv_inh=1199
[trial 38/40] spikes=7  rate=7.00 Hz  time=26.47s
[trial 39/40] input_spikes: pn_exc=2803 bg_exc=875 bg_inh=203 sst_inh=373 pv_inh=1206
[trial 39/40] spikes=7  rate=7.00 Hz  time=26.42s
[trial 40/40] input_spikes: pn_exc=2737 bg_exc=796 bg_inh=194 sst_inh=374 pv_inh=1224
[trial 40/40] spikes=7  rate=7.00 Hz  time=26.51s
save_plots single_plot warning: Top input panel: group list empty, auto-using all groups (5).
Results saved to /home/hrbncv/SCP/cells/PV/tunes/seg_tuned/output_data/slurm_34963/parts/slurm_34963_17/run_manifest.json
Total runtime: 1161.74s
