Running: python /home/hrbncv/SCP/run_pipeline.py --tune-dir /home/hrbncv/SCP/cells/PV/tunes/seg_tuned --output-dir /home/hrbncv/SCP/cells/PV/tunes/seg_tuned/output_data/slurm_34963/parts --n-trials 40 --output-stem slurm_34963_9 --trial-offset 360 --force-save
Mechanisms already loaded; skipping duplicate load.
Loaded Allen cell for 'PV' from /home/hrbncv/SCP/cells/PV/tunes/seg_tuned/manifest.json, soma_diam_multiplier=6.0, Vinit=-71.0, loader=allensdk_default
Geometry defined for 'PV': 1 soma segs, 46 proximal dend segs, 41 distal dend segs, 97 total dend segs.
[trial 1/40] input_spikes: pn_exc=2948 bg_exc=897 bg_inh=219 sst_inh=382 pv_inh=1197
[trial 1/40] spikes=6  rate=6.00 Hz  time=26.49s
[trial 2/40] input_spikes: pn_exc=2673 bg_exc=791 bg_inh=211 sst_inh=364 pv_inh=1188
[trial 2/40] spikes=5  rate=5.00 Hz  time=26.44s
[trial 3/40] input_spikes: pn_exc=2823 bg_exc=841 bg_inh=209 sst_inh=384 pv_inh=1206
[trial 3/40] spikes=7  rate=7.00 Hz  time=26.50s
[trial 4/40] input_spikes: pn_exc=2816 bg_exc=856 bg_inh=203 sst_inh=401 pv_inh=1184
[trial 4/40] spikes=6  rate=6.00 Hz  time=26.55s
[trial 5/40] input_spikes: pn_exc=2813 bg_exc=861 bg_inh=230 sst_inh=369 pv_inh=1209
[trial 5/40] spikes=7  rate=7.00 Hz  time=26.38s
[trial 6/40] input_spikes: pn_exc=2701 bg_exc=747 bg_inh=208 sst_inh=385 pv_inh=1205
[trial 6/40] spikes=7  rate=7.00 Hz  time=26.49s
[trial 7/40] input_spikes: pn_exc=2870 bg_exc=884 bg_inh=212 sst_inh=381 pv_inh=1217
[trial 7/40] spikes=6  rate=6.00 Hz  time=26.47s
[trial 8/40] input_spikes: pn_exc=2870 bg_exc=851 bg_inh=203 sst_inh=374 pv_inh=1203
[trial 8/40] spikes=7  rate=7.00 Hz  time=26.47s
[trial 9/40] input_spikes: pn_exc=2722 bg_exc=793 bg_inh=201 sst_inh=368 pv_inh=1205
[trial 9/40] spikes=7  rate=7.00 Hz  time=26.59s
[trial 10/40] input_spikes: pn_exc=2832 bg_exc=813 bg_inh=203 sst_inh=378 pv_inh=1195
[trial 10/40] spikes=8  rate=8.00 Hz  time=26.71s
[trial 11/40] input_spikes: pn_exc=2859 bg_exc=889 bg_inh=216 sst_inh=376 pv_inh=1189
[trial 11/40] spikes=7  rate=7.00 Hz  time=26.43s
[trial 12/40] input_spikes: pn_exc=2798 bg_exc=850 bg_inh=211 sst_inh=393 pv_inh=1194
[trial 12/40] spikes=6  rate=6.00 Hz  time=26.72s
[trial 13/40] input_spikes: pn_exc=2551 bg_exc=735 bg_inh=194 sst_inh=376 pv_inh=1225
[trial 13/40] spikes=6  rate=6.00 Hz  time=29.76s
[trial 14/40] input_spikes: pn_exc=2831 bg_exc=844 bg_inh=185 sst_inh=395 pv_inh=1173
[trial 14/40] spikes=5  rate=5.00 Hz  time=33.93s
[trial 15/40] input_spikes: pn_exc=2446 bg_exc=658 bg_inh=171 sst_inh=384 pv_inh=1204
[trial 15/40] spikes=7  rate=7.00 Hz  time=34.40s
[trial 16/40] input_spikes: pn_exc=2799 bg_exc=809 bg_inh=198 sst_inh=398 pv_inh=1197
[trial 16/40] spikes=7  rate=7.00 Hz  time=34.27s
[trial 17/40] input_spikes: pn_exc=2781 bg_exc=807 bg_inh=179 sst_inh=361 pv_inh=1181
[trial 17/40] spikes=7  rate=7.00 Hz  time=34.41s
[trial 18/40] input_spikes: pn_exc=2830 bg_exc=877 bg_inh=233 sst_inh=365 pv_inh=1206
[trial 18/40] spikes=7  rate=7.00 Hz  time=33.97s
[trial 19/40] input_spikes: pn_exc=2773 bg_exc=844 bg_inh=216 sst_inh=364 pv_inh=1218
[trial 19/40] spikes=8  rate=8.00 Hz  time=34.25s
[trial 20/40] input_spikes: pn_exc=2848 bg_exc=891 bg_inh=242 sst_inh=375 pv_inh=1204
[trial 20/40] spikes=6  rate=6.00 Hz  time=34.15s
[trial 21/40] input_spikes: pn_exc=2810 bg_exc=862 bg_inh=216 sst_inh=393 pv_inh=1188
[trial 21/40] spikes=8  rate=8.00 Hz  time=34.13s
[trial 22/40] input_spikes: pn_exc=2704 bg_exc=841 bg_inh=186 sst_inh=390 pv_inh=1182
[trial 22/40] spikes=8  rate=8.00 Hz  time=33.75s
[trial 23/40] input_spikes: pn_exc=2759 bg_exc=862 bg_inh=214 sst_inh=364 pv_inh=1201
[trial 23/40] spikes=6  rate=6.00 Hz  time=31.61s
[trial 24/40] input_spikes: pn_exc=2796 bg_exc=832 bg_inh=216 sst_inh=373 pv_inh=1200
[trial 24/40] spikes=7  rate=7.00 Hz  time=27.53s
[trial 25/40] input_spikes: pn_exc=2669 bg_exc=791 bg_inh=196 sst_inh=376 pv_inh=1192
[trial 25/40] spikes=6  rate=6.00 Hz  time=26.52s
[trial 26/40] input_spikes: pn_exc=2715 bg_exc=792 bg_inh=195 sst_inh=377 pv_inh=1174
[trial 26/40] spikes=6  rate=6.00 Hz  time=26.46s
[trial 27/40] input_spikes: pn_exc=2750 bg_exc=809 bg_inh=200 sst_inh=367 pv_inh=1195
[trial 27/40] spikes=6  rate=6.00 Hz  time=26.46s
[trial 28/40] input_spikes: pn_exc=2687 bg_exc=758 bg_inh=192 sst_inh=376 pv_inh=1185
[trial 28/40] spikes=6  rate=6.00 Hz  time=26.58s
[trial 29/40] input_spikes: pn_exc=2833 bg_exc=835 bg_inh=214 sst_inh=379 pv_inh=1198
[trial 29/40] spikes=6  rate=6.00 Hz  time=26.73s
[trial 30/40] input_spikes: pn_exc=2736 bg_exc=833 bg_inh=225 sst_inh=377 pv_inh=1205
[trial 30/40] spikes=8  rate=8.00 Hz  time=26.54s
[trial 31/40] input_spikes: pn_exc=2872 bg_exc=906 bg_inh=198 sst_inh=390 pv_inh=1196
[trial 31/40] spikes=8  rate=8.00 Hz  time=26.52s
[trial 32/40] input_spikes: pn_exc=2885 bg_exc=842 bg_inh=206 sst_inh=365 pv_inh=1221
[trial 32/40] spikes=6  rate=6.00 Hz  time=26.47s
[trial 33/40] input_spikes: pn_exc=2718 bg_exc=760 bg_inh=183 sst_inh=379 pv_inh=1189
[trial 33/40] spikes=6  rate=6.00 Hz  time=26.52s
[trial 34/40] input_spikes: pn_exc=2821 bg_exc=818 bg_inh=219 sst_inh=367 pv_inh=1187
[trial 34/40] spikes=6  rate=6.00 Hz  time=26.68s
[trial 35/40] input_spikes: pn_exc=2666 bg_exc=775 bg_inh=200 sst_inh=383 pv_inh=1178
[trial 35/40] spikes=6  rate=6.00 Hz  time=26.78s
[trial 36/40] input_spikes: pn_exc=2787 bg_exc=842 bg_inh=211 sst_inh=373 pv_inh=1193
[trial 36/40] spikes=7  rate=7.00 Hz  time=26.58s
[trial 37/40] input_spikes: pn_exc=2718 bg_exc=833 bg_inh=192 sst_inh=385 pv_inh=1189
[trial 37/40] spikes=8  rate=8.00 Hz  time=26.40s
[trial 38/40] input_spikes: pn_exc=2890 bg_exc=887 bg_inh=222 sst_inh=380 pv_inh=1209
[trial 38/40] spikes=7  rate=7.00 Hz  time=26.54s
[trial 39/40] input_spikes: pn_exc=2404 bg_exc=241 bg_inh=66 sst_inh=361 pv_inh=1194
[trial 39/40] spikes=4  rate=4.00 Hz  time=26.31s
[trial 40/40] input_spikes: pn_exc=2540 bg_exc=660 bg_inh=175 sst_inh=371 pv_inh=1203
[trial 40/40] spikes=6  rate=6.00 Hz  time=26.55s
save_plots single_plot warning: Top input panel: group list empty, auto-using all groups (5).
Results saved to /home/hrbncv/SCP/cells/PV/tunes/seg_tuned/output_data/slurm_34963/parts/slurm_34963_9/run_manifest.json
Total runtime: 1140.65s
