Running: /home/hrbncv/miniconda3/envs/BMTK-py311/bin/python /home/hrbncv/SCP/run_pipeline.py --tune-dir /home/hrbncv/SCP/cells/SST/tunes/seg_tuned --output-dir /home/hrbncv/SCP/cells/SST/tunes/seg_tuned/output_data/slurm_45349/parts --n-trials 20 --output-stem slurm_45349_34 --trial-offset 680 --force-save
Loaded mechanisms from /home/hrbncv/SCP/cells/SST/tunes/seg_tuned/modfiles/x86_64/.libs/libnrnmech.so
Loaded Allen cell for 'SST' from /home/hrbncv/SCP/cells/SST/tunes/seg_tuned/manifest.json, soma_diam_multiplier=10.0, Vinit=-65.0, loader=genome_fallback
Geometry defined for 'SST': 1 soma segs, 54 proximal dend segs, 52 distal dend segs, 115 total dend segs.
[trial 1/20] input_spikes: pn_exc=1604 bg_exc=2242 bg_inh=734
[trial 1/20] spikes=15  rate=15.00 Hz  time=22.01s
[trial 2/20] input_spikes: pn_exc=1860 bg_exc=2476 bg_inh=769
[trial 2/20] spikes=14  rate=14.00 Hz  time=22.24s
[trial 3/20] input_spikes: pn_exc=1465 bg_exc=1837 bg_inh=583
[trial 3/20] spikes=11  rate=11.00 Hz  time=21.56s
[trial 4/20] input_spikes: pn_exc=1753 bg_exc=2310 bg_inh=734
[trial 4/20] spikes=16  rate=16.00 Hz  time=21.92s
[trial 5/20] input_spikes: pn_exc=1758 bg_exc=2383 bg_inh=745
[trial 5/20] spikes=10  rate=10.00 Hz  time=22.33s
[trial 6/20] input_spikes: pn_exc=1673 bg_exc=2253 bg_inh=701
[trial 6/20] spikes=14  rate=14.00 Hz  time=21.87s
[trial 7/20] input_spikes: pn_exc=1683 bg_exc=2526 bg_inh=845
[trial 7/20] spikes=12  rate=12.00 Hz  time=22.27s
[trial 8/20] input_spikes: pn_exc=1662 bg_exc=2196 bg_inh=713
[trial 8/20] spikes=12  rate=12.00 Hz  time=21.83s
[trial 9/20] input_spikes: pn_exc=1763 bg_exc=2459 bg_inh=754
[trial 9/20] spikes=14  rate=14.00 Hz  time=22.26s
[trial 10/20] input_spikes: pn_exc=1760 bg_exc=2442 bg_inh=810
[trial 10/20] spikes=15  rate=15.00 Hz  time=21.93s
[trial 11/20] input_spikes: pn_exc=1730 bg_exc=2461 bg_inh=778
[trial 11/20] spikes=14  rate=14.00 Hz  time=22.12s
[trial 12/20] input_spikes: pn_exc=1585 bg_exc=2150 bg_inh=645
[trial 12/20] spikes=10  rate=10.00 Hz  time=21.67s
[trial 13/20] input_spikes: pn_exc=1809 bg_exc=2417 bg_inh=748
[trial 13/20] spikes=16  rate=16.00 Hz  time=22.16s
[trial 14/20] input_spikes: pn_exc=1806 bg_exc=2478 bg_inh=811
[trial 14/20] spikes=12  rate=12.00 Hz  time=22.04s
[trial 15/20] input_spikes: pn_exc=1633 bg_exc=2411 bg_inh=775
[trial 15/20] spikes=16  rate=16.00 Hz  time=22.17s
[trial 16/20] input_spikes: pn_exc=1608 bg_exc=2201 bg_inh=748
[trial 16/20] spikes=12  rate=12.00 Hz  time=21.68s
[trial 17/20] input_spikes: pn_exc=1619 bg_exc=2162 bg_inh=628
[trial 17/20] spikes=12  rate=12.00 Hz  time=21.84s
[trial 18/20] input_spikes: pn_exc=1743 bg_exc=2442 bg_inh=830
[trial 18/20] spikes=18  rate=18.00 Hz  time=22.09s
[trial 19/20] input_spikes: pn_exc=1649 bg_exc=2204 bg_inh=694
[trial 19/20] spikes=12  rate=12.00 Hz  time=21.88s
[trial 20/20] input_spikes: pn_exc=1656 bg_exc=2451 bg_inh=725
[trial 20/20] spikes=15  rate=15.00 Hz  time=21.93s
save_plots single_plot warning: Top input panel: group list empty, auto-using all groups (3).
Results saved to /home/hrbncv/SCP/cells/SST/tunes/seg_tuned/output_data/slurm_45349/parts/slurm_45349_34/run_manifest.json
Total runtime: 441.11s
