Running: /home/hrbncv/miniconda3/envs/BMTK-py311/bin/python /home/hrbncv/SCP/run_pipeline.py --tune-dir /home/hrbncv/SCP/cells/SST/tunes/seg_tuned_all --output-dir /home/hrbncv/SCP/cells/SST/tunes/seg_tuned_all/output_data/slurm_42203/parts --n-trials 100 --output-stem slurm_42203_39 --trial-offset 3900 --force-save
Loaded mechanisms from /home/hrbncv/SCP/cells/SST/tunes/seg_tuned_all/modfiles/x86_64/.libs/libnrnmech.so
Loaded Allen cell for 'SST' from /home/hrbncv/SCP/cells/SST/tunes/seg_tuned_all/manifest.json, soma_diam_multiplier=10.0, Vinit=-65.0, loader=genome_fallback
Geometry defined for 'SST': 1 soma segs, 54 proximal dend segs, 52 distal dend segs, 115 total dend segs.
[trial 1/100] input_spikes: pn_exc=1631 vip_inh_bio=397 bg_exc=2279 bg_inh=759
[trial 1/100] spikes=5  rate=5.00 Hz  time=21.84s
[trial 2/100] input_spikes: pn_exc=1734 vip_inh_bio=368 bg_exc=2480 bg_inh=717
[trial 2/100] spikes=5  rate=5.00 Hz  time=22.05s
[trial 3/100] input_spikes: pn_exc=1612 vip_inh_bio=357 bg_exc=2411 bg_inh=671
[trial 3/100] spikes=3  rate=3.00 Hz  time=21.85s
[trial 4/100] input_spikes: pn_exc=1637 vip_inh_bio=352 bg_exc=2220 bg_inh=687
[trial 4/100] spikes=5  rate=5.00 Hz  time=21.54s
[trial 5/100] input_spikes: pn_exc=1504 vip_inh_bio=299 bg_exc=1616 bg_inh=486
[trial 5/100] spikes=7  rate=7.00 Hz  time=21.07s
[trial 6/100] input_spikes: pn_exc=1758 vip_inh_bio=377 bg_exc=2473 bg_inh=820
[trial 6/100] spikes=5  rate=5.00 Hz  time=21.88s
[trial 7/100] input_spikes: pn_exc=1612 vip_inh_bio=336 bg_exc=2061 bg_inh=665
[trial 7/100] spikes=5  rate=5.00 Hz  time=21.67s
[trial 8/100] input_spikes: pn_exc=1633 vip_inh_bio=376 bg_exc=2172 bg_inh=688
[trial 8/100] spikes=3  rate=3.00 Hz  time=21.56s
[trial 9/100] input_spikes: pn_exc=1736 vip_inh_bio=379 bg_exc=2336 bg_inh=721
[trial 9/100] spikes=8  rate=8.00 Hz  time=21.93s
[trial 10/100] input_spikes: pn_exc=1591 vip_inh_bio=317 bg_exc=2116 bg_inh=672
[trial 10/100] spikes=3  rate=3.00 Hz  time=21.44s
[trial 11/100] input_spikes: pn_exc=1760 vip_inh_bio=370 bg_exc=2546 bg_inh=859
[trial 11/100] spikes=5  rate=5.00 Hz  time=22.02s
[trial 12/100] input_spikes: pn_exc=1565 vip_inh_bio=326 bg_exc=2089 bg_inh=656
[trial 12/100] spikes=7  rate=7.00 Hz  time=21.47s
[trial 13/100] input_spikes: pn_exc=1633 vip_inh_bio=330 bg_exc=2236 bg_inh=697
[trial 13/100] spikes=3  rate=3.00 Hz  time=21.64s
[trial 14/100] input_spikes: pn_exc=1516 vip_inh_bio=325 bg_exc=1883 bg_inh=619
[trial 14/100] spikes=6  rate=6.00 Hz  time=21.33s
[trial 15/100] input_spikes: pn_exc=1588 vip_inh_bio=348 bg_exc=2287 bg_inh=668
[trial 15/100] spikes=4  rate=4.00 Hz  time=21.65s
[trial 16/100] input_spikes: pn_exc=1627 vip_inh_bio=350 bg_exc=2369 bg_inh=718
[trial 16/100] spikes=7  rate=7.00 Hz  time=21.74s
[trial 17/100] input_spikes: pn_exc=1732 vip_inh_bio=334 bg_exc=2543 bg_inh=717
[trial 17/100] spikes=3  rate=3.00 Hz  time=21.92s
[trial 18/100] input_spikes: pn_exc=1693 vip_inh_bio=379 bg_exc=2422 bg_inh=744
[trial 18/100] spikes=5  rate=5.00 Hz  time=21.78s
[trial 19/100] input_spikes: pn_exc=1630 vip_inh_bio=376 bg_exc=2071 bg_inh=621
[trial 19/100] spikes=3  rate=3.00 Hz  time=21.49s
[trial 20/100] input_spikes: pn_exc=1477 vip_inh_bio=312 bg_exc=1859 bg_inh=564
[trial 20/100] spikes=3  rate=3.00 Hz  time=21.15s
[trial 21/100] input_spikes: pn_exc=1643 vip_inh_bio=356 bg_exc=2349 bg_inh=752
[trial 21/100] spikes=4  rate=4.00 Hz  time=21.73s
[trial 22/100] input_spikes: pn_exc=1681 vip_inh_bio=366 bg_exc=2306 bg_inh=706
[trial 22/100] spikes=3  rate=3.00 Hz  time=21.73s
[trial 23/100] input_spikes: pn_exc=1512 vip_inh_bio=334 bg_exc=1942 bg_inh=643
[trial 23/100] spikes=5  rate=5.00 Hz  time=21.39s
[trial 24/100] input_spikes: pn_exc=1682 vip_inh_bio=407 bg_exc=2484 bg_inh=737
[trial 24/100] spikes=2  rate=2.00 Hz  time=21.86s
[trial 25/100] input_spikes: pn_exc=1674 vip_inh_bio=349 bg_exc=2351 bg_inh=729
[trial 25/100] spikes=5  rate=5.00 Hz  time=21.88s
[trial 26/100] input_spikes: pn_exc=1702 vip_inh_bio=378 bg_exc=2330 bg_inh=740
[trial 26/100] spikes=4  rate=4.00 Hz  time=21.67s
[trial 27/100] input_spikes: pn_exc=1648 vip_inh_bio=368 bg_exc=2308 bg_inh=730
[trial 27/100] spikes=6  rate=6.00 Hz  time=21.80s
[trial 28/100] input_spikes: pn_exc=1637 vip_inh_bio=327 bg_exc=2158 bg_inh=669
[trial 28/100] spikes=6  rate=6.00 Hz  time=21.52s
[trial 29/100] input_spikes: pn_exc=1479 vip_inh_bio=325 bg_exc=1235 bg_inh=352
[trial 29/100] spikes=1  rate=1.00 Hz  time=20.79s
[trial 30/100] input_spikes: pn_exc=1764 vip_inh_bio=339 bg_exc=2473 bg_inh=755
[trial 30/100] spikes=5  rate=5.00 Hz  time=21.68s
[trial 31/100] input_spikes: pn_exc=1714 vip_inh_bio=379 bg_exc=2482 bg_inh=802
[trial 31/100] spikes=4  rate=4.00 Hz  time=21.95s
[trial 32/100] input_spikes: pn_exc=1703 vip_inh_bio=404 bg_exc=2343 bg_inh=772
[trial 32/100] spikes=5  rate=5.00 Hz  time=21.85s
[trial 33/100] input_spikes: pn_exc=1538 vip_inh_bio=345 bg_exc=2148 bg_inh=698
[trial 33/100] spikes=4  rate=4.00 Hz  time=21.66s
[trial 34/100] input_spikes: pn_exc=1676 vip_inh_bio=374 bg_exc=2288 bg_inh=758
[trial 34/100] spikes=3  rate=3.00 Hz  time=21.69s
[trial 35/100] input_spikes: pn_exc=1666 vip_inh_bio=352 bg_exc=2453 bg_inh=754
[trial 35/100] spikes=2  rate=2.00 Hz  time=21.87s
[trial 36/100] input_spikes: pn_exc=1671 vip_inh_bio=400 bg_exc=2384 bg_inh=772
[trial 36/100] spikes=3  rate=3.00 Hz  time=21.78s
[trial 37/100] input_spikes: pn_exc=1634 vip_inh_bio=346 bg_exc=2167 bg_inh=701
[trial 37/100] spikes=4  rate=4.00 Hz  time=21.24s
[trial 38/100] input_spikes: pn_exc=1697 vip_inh_bio=368 bg_exc=2429 bg_inh=734
[trial 38/100] spikes=3  rate=3.00 Hz  time=21.60s
[trial 39/100] input_spikes: pn_exc=1717 vip_inh_bio=368 bg_exc=2261 bg_inh=719
[trial 39/100] spikes=7  rate=7.00 Hz  time=21.48s
[trial 40/100] input_spikes: pn_exc=1695 vip_inh_bio=348 bg_exc=2286 bg_inh=698
[trial 40/100] spikes=1  rate=1.00 Hz  time=21.31s
[trial 41/100] input_spikes: pn_exc=1689 vip_inh_bio=344 bg_exc=2385 bg_inh=750
[trial 41/100] spikes=2  rate=2.00 Hz  time=21.45s
[trial 42/100] input_spikes: pn_exc=1591 vip_inh_bio=343 bg_exc=1989 bg_inh=573
[trial 42/100] spikes=5  rate=5.00 Hz  time=21.00s
[trial 43/100] input_spikes: pn_exc=1762 vip_inh_bio=407 bg_exc=2586 bg_inh=750
[trial 43/100] spikes=5  rate=5.00 Hz  time=21.73s
[trial 44/100] input_spikes: pn_exc=1712 vip_inh_bio=393 bg_exc=2520 bg_inh=840
[trial 44/100] spikes=7  rate=7.00 Hz  time=21.54s
[trial 45/100] input_spikes: pn_exc=1669 vip_inh_bio=370 bg_exc=2146 bg_inh=751
[trial 45/100] spikes=4  rate=4.00 Hz  time=21.23s
[trial 46/100] input_spikes: pn_exc=1470 vip_inh_bio=341 bg_exc=1758 bg_inh=582
[trial 46/100] spikes=1  rate=1.00 Hz  time=20.92s
[trial 47/100] input_spikes: pn_exc=1694 vip_inh_bio=373 bg_exc=2330 bg_inh=744
[trial 47/100] spikes=7  rate=7.00 Hz  time=21.43s
[trial 48/100] input_spikes: pn_exc=1758 vip_inh_bio=374 bg_exc=2378 bg_inh=756
[trial 48/100] spikes=4  rate=4.00 Hz  time=21.48s
[trial 49/100] input_spikes: pn_exc=1807 vip_inh_bio=365 bg_exc=2404 bg_inh=774
[trial 49/100] spikes=7  rate=7.00 Hz  time=21.62s
[trial 50/100] input_spikes: pn_exc=1734 vip_inh_bio=401 bg_exc=2451 bg_inh=734
[trial 50/100] spikes=3  rate=3.00 Hz  time=21.59s
[trial 51/100] input_spikes: pn_exc=1683 vip_inh_bio=366 bg_exc=2400 bg_inh=751
[trial 51/100] spikes=4  rate=4.00 Hz  time=21.60s
[trial 52/100] input_spikes: pn_exc=1633 vip_inh_bio=383 bg_exc=2250 bg_inh=720
[trial 52/100] spikes=3  rate=3.00 Hz  time=21.29s
[trial 53/100] input_spikes: pn_exc=1703 vip_inh_bio=376 bg_exc=2519 bg_inh=819
[trial 53/100] spikes=5  rate=5.00 Hz  time=21.89s
[trial 54/100] input_spikes: pn_exc=1698 vip_inh_bio=384 bg_exc=2452 bg_inh=850
[trial 54/100] spikes=5  rate=5.00 Hz  time=21.78s
[trial 55/100] input_spikes: pn_exc=1698 vip_inh_bio=353 bg_exc=2366 bg_inh=724
[trial 55/100] spikes=8  rate=8.00 Hz  time=21.47s
[trial 56/100] input_spikes: pn_exc=1712 vip_inh_bio=396 bg_exc=2339 bg_inh=759
[trial 56/100] spikes=3  rate=3.00 Hz  time=21.41s
[trial 57/100] input_spikes: pn_exc=1645 vip_inh_bio=344 bg_exc=2210 bg_inh=692
[trial 57/100] spikes=6  rate=6.00 Hz  time=21.36s
[trial 58/100] input_spikes: pn_exc=1767 vip_inh_bio=385 bg_exc=2524 bg_inh=775
[trial 58/100] spikes=6  rate=6.00 Hz  time=21.56s
[trial 59/100] input_spikes: pn_exc=1709 vip_inh_bio=360 bg_exc=2522 bg_inh=806
[trial 59/100] spikes=2  rate=2.00 Hz  time=21.70s
[trial 60/100] input_spikes: pn_exc=1707 vip_inh_bio=377 bg_exc=2281 bg_inh=734
[trial 60/100] spikes=3  rate=3.00 Hz  time=21.45s
[trial 61/100] input_spikes: pn_exc=1775 vip_inh_bio=356 bg_exc=2462 bg_inh=764
[trial 61/100] spikes=2  rate=2.00 Hz  time=21.65s
[trial 62/100] input_spikes: pn_exc=1708 vip_inh_bio=333 bg_exc=2084 bg_inh=708
[trial 62/100] spikes=4  rate=4.00 Hz  time=21.22s
[trial 63/100] input_spikes: pn_exc=1729 vip_inh_bio=357 bg_exc=2376 bg_inh=799
[trial 63/100] spikes=2  rate=2.00 Hz  time=21.71s
[trial 64/100] input_spikes: pn_exc=1648 vip_inh_bio=357 bg_exc=2460 bg_inh=748
[trial 64/100] spikes=5  rate=5.00 Hz  time=22.18s
[trial 65/100] input_spikes: pn_exc=1724 vip_inh_bio=356 bg_exc=2469 bg_inh=762
[trial 65/100] spikes=7  rate=7.00 Hz  time=23.69s
[trial 66/100] input_spikes: pn_exc=1655 vip_inh_bio=354 bg_exc=2456 bg_inh=740
[trial 66/100] spikes=3  rate=3.00 Hz  time=22.27s
[trial 67/100] input_spikes: pn_exc=1658 vip_inh_bio=366 bg_exc=2363 bg_inh=784
[trial 67/100] spikes=7  rate=7.00 Hz  time=22.80s
[trial 68/100] input_spikes: pn_exc=1686 vip_inh_bio=365 bg_exc=2344 bg_inh=788
[trial 68/100] spikes=3  rate=3.00 Hz  time=21.49s
[trial 69/100] input_spikes: pn_exc=1476 vip_inh_bio=341 bg_exc=1797 bg_inh=586
[trial 69/100] spikes=3  rate=3.00 Hz  time=20.94s
[trial 70/100] input_spikes: pn_exc=1593 vip_inh_bio=367 bg_exc=2400 bg_inh=709
[trial 70/100] spikes=6  rate=6.00 Hz  time=21.48s
[trial 71/100] input_spikes: pn_exc=1691 vip_inh_bio=369 bg_exc=2443 bg_inh=734
[trial 71/100] spikes=4  rate=4.00 Hz  time=21.57s
[trial 72/100] input_spikes: pn_exc=1680 vip_inh_bio=390 bg_exc=2317 bg_inh=778
[trial 72/100] spikes=2  rate=2.00 Hz  time=21.60s
[trial 73/100] input_spikes: pn_exc=1684 vip_inh_bio=396 bg_exc=2539 bg_inh=798
[trial 73/100] spikes=6  rate=6.00 Hz  time=21.72s
[trial 74/100] input_spikes: pn_exc=1757 vip_inh_bio=357 bg_exc=2478 bg_inh=796
[trial 74/100] spikes=2  rate=2.00 Hz  time=21.58s
[trial 75/100] input_spikes: pn_exc=1438 vip_inh_bio=290 bg_exc=824 bg_inh=259
[trial 75/100] spikes=2  rate=2.00 Hz  time=20.34s
[trial 76/100] input_spikes: pn_exc=1702 vip_inh_bio=363 bg_exc=2377 bg_inh=681
[trial 76/100] spikes=5  rate=5.00 Hz  time=21.58s
[trial 77/100] input_spikes: pn_exc=1436 vip_inh_bio=273 bg_exc=1714 bg_inh=481
[trial 77/100] spikes=5  rate=5.00 Hz  time=20.95s
[trial 78/100] input_spikes: pn_exc=1526 vip_inh_bio=337 bg_exc=2081 bg_inh=677
[trial 78/100] spikes=8  rate=8.00 Hz  time=21.11s
[trial 79/100] input_spikes: pn_exc=1709 vip_inh_bio=387 bg_exc=2289 bg_inh=790
[trial 79/100] spikes=6  rate=6.00 Hz  time=21.58s
[trial 80/100] input_spikes: pn_exc=1568 vip_inh_bio=368 bg_exc=2193 bg_inh=783
[trial 80/100] spikes=2  rate=2.00 Hz  time=21.48s
[trial 81/100] input_spikes: pn_exc=1460 vip_inh_bio=324 bg_exc=1450 bg_inh=502
[trial 81/100] spikes=6  rate=6.00 Hz  time=20.74s
[trial 82/100] input_spikes: pn_exc=1763 vip_inh_bio=358 bg_exc=2375 bg_inh=755
[trial 82/100] spikes=3  rate=3.00 Hz  time=21.61s
[trial 83/100] input_spikes: pn_exc=1527 vip_inh_bio=317 bg_exc=2013 bg_inh=627
[trial 83/100] spikes=6  rate=6.00 Hz  time=21.20s
[trial 84/100] input_spikes: pn_exc=1666 vip_inh_bio=395 bg_exc=2370 bg_inh=787
[trial 84/100] spikes=4  rate=4.00 Hz  time=21.59s
[trial 85/100] input_spikes: pn_exc=1734 vip_inh_bio=398 bg_exc=2353 bg_inh=741
[trial 85/100] spikes=3  rate=3.00 Hz  time=21.74s
[trial 86/100] input_spikes: pn_exc=1675 vip_inh_bio=375 bg_exc=2332 bg_inh=714
[trial 86/100] spikes=4  rate=4.00 Hz  time=21.45s
[trial 87/100] input_spikes: pn_exc=1538 vip_inh_bio=337 bg_exc=988 bg_inh=356
[trial 87/100] spikes=1  rate=1.00 Hz  time=20.55s
[trial 88/100] input_spikes: pn_exc=1671 vip_inh_bio=384 bg_exc=2271 bg_inh=749
[trial 88/100] spikes=3  rate=3.00 Hz  time=21.55s
[trial 89/100] input_spikes: pn_exc=1677 vip_inh_bio=361 bg_exc=2300 bg_inh=690
[trial 89/100] spikes=2  rate=2.00 Hz  time=21.62s
[trial 90/100] input_spikes: pn_exc=1647 vip_inh_bio=347 bg_exc=1995 bg_inh=609
[trial 90/100] spikes=8  rate=8.00 Hz  time=21.20s
[trial 91/100] input_spikes: pn_exc=1612 vip_inh_bio=339 bg_exc=2164 bg_inh=651
[trial 91/100] spikes=7  rate=7.00 Hz  time=21.44s
[trial 92/100] input_spikes: pn_exc=1654 vip_inh_bio=380 bg_exc=2481 bg_inh=764
[trial 92/100] spikes=3  rate=3.00 Hz  time=21.67s
[trial 93/100] input_spikes: pn_exc=1620 vip_inh_bio=345 bg_exc=2193 bg_inh=656
[trial 93/100] spikes=5  rate=5.00 Hz  time=21.45s
[trial 94/100] input_spikes: pn_exc=1715 vip_inh_bio=352 bg_exc=2328 bg_inh=770
[trial 94/100] spikes=7  rate=7.00 Hz  time=21.57s
[trial 95/100] input_spikes: pn_exc=1687 vip_inh_bio=372 bg_exc=2441 bg_inh=753
[trial 95/100] spikes=4  rate=4.00 Hz  time=21.67s
[trial 96/100] input_spikes: pn_exc=1738 vip_inh_bio=374 bg_exc=2355 bg_inh=738
[trial 96/100] spikes=3  rate=3.00 Hz  time=21.64s
[trial 97/100] input_spikes: pn_exc=1713 vip_inh_bio=381 bg_exc=2450 bg_inh=778
[trial 97/100] spikes=2  rate=2.00 Hz  time=21.87s
[trial 98/100] input_spikes: pn_exc=1716 vip_inh_bio=389 bg_exc=2402 bg_inh=732
[trial 98/100] spikes=2  rate=2.00 Hz  time=21.66s
[trial 99/100] input_spikes: pn_exc=1676 vip_inh_bio=384 bg_exc=2243 bg_inh=714
[trial 99/100] spikes=4  rate=4.00 Hz  time=21.51s
[trial 100/100] input_spikes: pn_exc=1730 vip_inh_bio=417 bg_exc=2502 bg_inh=772
[trial 100/100] spikes=2  rate=2.00 Hz  time=21.73s
save_plots single_plot warning: Top input panel: group list empty, auto-using all groups (4).
Results saved to /home/hrbncv/SCP/cells/SST/tunes/seg_tuned_all/output_data/slurm_42203/parts/slurm_42203_39/run_manifest.json
Total runtime: 2159.99s
