Running: /home/hrbncv/miniconda3/envs/BMTK-py311/bin/python /home/hrbncv/SCP/run_pipeline.py --tune-dir /home/hrbncv/SCP/cells/SST/tunes/seg_tuned_all --output-dir /home/hrbncv/SCP/cells/SST/tunes/seg_tuned_all/output_data/slurm_45349/parts --n-trials 20 --output-stem slurm_45349_17 --trial-offset 340 --force-save
Loaded mechanisms from /home/hrbncv/SCP/cells/SST/tunes/seg_tuned_all/modfiles/x86_64/.libs/libnrnmech.so
Loaded Allen cell for 'SST' from /home/hrbncv/SCP/cells/SST/tunes/seg_tuned_all/manifest.json, soma_diam_multiplier=10.0, Vinit=-65.0, loader=genome_fallback
Geometry defined for 'SST': 1 soma segs, 54 proximal dend segs, 52 distal dend segs, 115 total dend segs.
[trial 1/20] input_spikes: pn_exc=1577 bg_exc=2050 bg_inh=677
[trial 1/20] spikes=12  rate=12.00 Hz  time=21.73s
[trial 2/20] input_spikes: pn_exc=1577 bg_exc=2146 bg_inh=621
[trial 2/20] spikes=10  rate=10.00 Hz  time=21.65s
[trial 3/20] input_spikes: pn_exc=1585 bg_exc=2265 bg_inh=717
[trial 3/20] spikes=13  rate=13.00 Hz  time=21.81s
[trial 4/20] input_spikes: pn_exc=1464 bg_exc=1902 bg_inh=587
[trial 4/20] spikes=11  rate=11.00 Hz  time=21.39s
[trial 5/20] input_spikes: pn_exc=1735 bg_exc=2434 bg_inh=770
[trial 5/20] spikes=11  rate=11.00 Hz  time=22.11s
[trial 6/20] input_spikes: pn_exc=1542 bg_exc=2163 bg_inh=664
[trial 6/20] spikes=14  rate=14.00 Hz  time=21.64s
[trial 7/20] input_spikes: pn_exc=1780 bg_exc=2301 bg_inh=715
[trial 7/20] spikes=13  rate=13.00 Hz  time=21.91s
[trial 8/20] input_spikes: pn_exc=1756 bg_exc=2359 bg_inh=739
[trial 8/20] spikes=11  rate=11.00 Hz  time=21.89s
[trial 9/20] input_spikes: pn_exc=1769 bg_exc=2427 bg_inh=730
[trial 9/20] spikes=16  rate=16.00 Hz  time=22.11s
[trial 10/20] input_spikes: pn_exc=1692 bg_exc=2049 bg_inh=714
[trial 10/20] spikes=13  rate=13.00 Hz  time=21.63s
[trial 11/20] input_spikes: pn_exc=1703 bg_exc=2339 bg_inh=760
[trial 11/20] spikes=12  rate=12.00 Hz  time=22.00s
[trial 12/20] input_spikes: pn_exc=1722 bg_exc=2516 bg_inh=763
[trial 12/20] spikes=12  rate=12.00 Hz  time=21.96s
[trial 13/20] input_spikes: pn_exc=1696 bg_exc=2424 bg_inh=747
[trial 13/20] spikes=16  rate=16.00 Hz  time=21.86s
[trial 14/20] input_spikes: pn_exc=1603 bg_exc=2035 bg_inh=657
[trial 14/20] spikes=11  rate=11.00 Hz  time=21.45s
[trial 15/20] input_spikes: pn_exc=1673 bg_exc=2368 bg_inh=717
[trial 15/20] spikes=12  rate=12.00 Hz  time=21.87s
[trial 16/20] input_spikes: pn_exc=1663 bg_exc=2250 bg_inh=677
[trial 16/20] spikes=16  rate=16.00 Hz  time=21.69s
[trial 17/20] input_spikes: pn_exc=1678 bg_exc=2456 bg_inh=769
[trial 17/20] spikes=12  rate=12.00 Hz  time=22.06s
[trial 18/20] input_spikes: pn_exc=1744 bg_exc=2258 bg_inh=745
[trial 18/20] spikes=16  rate=16.00 Hz  time=21.74s
[trial 19/20] input_spikes: pn_exc=1678 bg_exc=2451 bg_inh=735
[trial 19/20] spikes=14  rate=14.00 Hz  time=22.12s
[trial 20/20] input_spikes: pn_exc=1506 bg_exc=1815 bg_inh=578
[trial 20/20] spikes=16  rate=16.00 Hz  time=21.18s
save_plots single_plot warning: Top input panel: group list empty, auto-using all groups (3).
Results saved to /home/hrbncv/SCP/cells/SST/tunes/seg_tuned_all/output_data/slurm_45349/parts/slurm_45349_17/run_manifest.json
Total runtime: 437.10s
