Running: /home/hrbncv/miniconda3/envs/BMTK-py311/bin/python /home/hrbncv/SCP/run_pipeline.py --tune-dir /home/hrbncv/SCP/cells/SST/tunes/seg_tuned --output-dir /home/hrbncv/SCP/cells/SST/tunes/seg_tuned/output_data/slurm_45349/parts --n-trials 20 --output-stem slurm_45349_19 --trial-offset 380 --force-save
Loaded mechanisms from /home/hrbncv/SCP/cells/SST/tunes/seg_tuned/modfiles/x86_64/.libs/libnrnmech.so
Loaded Allen cell for 'SST' from /home/hrbncv/SCP/cells/SST/tunes/seg_tuned/manifest.json, soma_diam_multiplier=10.0, Vinit=-65.0, loader=genome_fallback
Geometry defined for 'SST': 1 soma segs, 54 proximal dend segs, 52 distal dend segs, 115 total dend segs.
[trial 1/20] input_spikes: pn_exc=1743 bg_exc=2483 bg_inh=802
[trial 1/20] spikes=16  rate=16.00 Hz  time=21.77s
[trial 2/20] input_spikes: pn_exc=1710 bg_exc=2432 bg_inh=723
[trial 2/20] spikes=14  rate=14.00 Hz  time=21.62s
[trial 3/20] input_spikes: pn_exc=1753 bg_exc=2525 bg_inh=807
[trial 3/20] spikes=13  rate=13.00 Hz  time=21.75s
[trial 4/20] input_spikes: pn_exc=1601 bg_exc=2107 bg_inh=700
[trial 4/20] spikes=11  rate=11.00 Hz  time=21.37s
[trial 5/20] input_spikes: pn_exc=1666 bg_exc=2378 bg_inh=756
[trial 5/20] spikes=16  rate=16.00 Hz  time=21.61s
[trial 6/20] input_spikes: pn_exc=1553 bg_exc=1901 bg_inh=587
[trial 6/20] spikes=16  rate=16.00 Hz  time=21.12s
[trial 7/20] input_spikes: pn_exc=1737 bg_exc=2384 bg_inh=747
[trial 7/20] spikes=16  rate=16.00 Hz  time=21.68s
[trial 8/20] input_spikes: pn_exc=1669 bg_exc=2437 bg_inh=742
[trial 8/20] spikes=16  rate=16.00 Hz  time=21.60s
[trial 9/20] input_spikes: pn_exc=1701 bg_exc=2381 bg_inh=763
[trial 9/20] spikes=16  rate=16.00 Hz  time=21.71s
[trial 10/20] input_spikes: pn_exc=1697 bg_exc=2448 bg_inh=724
[trial 10/20] spikes=12  rate=12.00 Hz  time=21.66s
[trial 11/20] input_spikes: pn_exc=1721 bg_exc=2381 bg_inh=728
[trial 11/20] spikes=15  rate=15.00 Hz  time=21.72s
[trial 12/20] input_spikes: pn_exc=1687 bg_exc=2062 bg_inh=641
[trial 12/20] spikes=16  rate=16.00 Hz  time=21.36s
[trial 13/20] input_spikes: pn_exc=1671 bg_exc=2241 bg_inh=744
[trial 13/20] spikes=13  rate=13.00 Hz  time=21.63s
[trial 14/20] input_spikes: pn_exc=1722 bg_exc=2396 bg_inh=804
[trial 14/20] spikes=15  rate=15.00 Hz  time=21.80s
[trial 15/20] input_spikes: pn_exc=1645 bg_exc=2315 bg_inh=690
[trial 15/20] spikes=19  rate=19.00 Hz  time=21.56s
[trial 16/20] input_spikes: pn_exc=1738 bg_exc=2387 bg_inh=768
[trial 16/20] spikes=10  rate=10.00 Hz  time=21.68s
[trial 17/20] input_spikes: pn_exc=1599 bg_exc=2351 bg_inh=664
[trial 17/20] spikes=10  rate=10.00 Hz  time=21.76s
[trial 18/20] input_spikes: pn_exc=1613 bg_exc=2136 bg_inh=713
[trial 18/20] spikes=13  rate=13.00 Hz  time=21.32s
[trial 19/20] input_spikes: pn_exc=1807 bg_exc=2431 bg_inh=764
[trial 19/20] spikes=13  rate=13.00 Hz  time=21.86s
[trial 20/20] input_spikes: pn_exc=1745 bg_exc=2446 bg_inh=702
[trial 20/20] spikes=13  rate=13.00 Hz  time=21.48s
save_plots single_plot warning: Top input panel: group list empty, auto-using all groups (3).
Results saved to /home/hrbncv/SCP/cells/SST/tunes/seg_tuned/output_data/slurm_45349/parts/slurm_45349_19/run_manifest.json
Total runtime: 433.40s
