Running: /home/hrbncv/miniconda3/envs/BMTK-py311/bin/python /home/hrbncv/SCP/run_pipeline.py --tune-dir /home/hrbncv/SCP/cells/SST/tunes/seg_tuned_all --output-dir /home/hrbncv/SCP/cells/SST/tunes/seg_tuned_all/output_data/slurm_42203/parts --n-trials 100 --output-stem slurm_42203_30 --trial-offset 3000 --force-save
Loaded mechanisms from /home/hrbncv/SCP/cells/SST/tunes/seg_tuned_all/modfiles/x86_64/.libs/libnrnmech.so
Loaded Allen cell for 'SST' from /home/hrbncv/SCP/cells/SST/tunes/seg_tuned_all/manifest.json, soma_diam_multiplier=10.0, Vinit=-65.0, loader=genome_fallback
Geometry defined for 'SST': 1 soma segs, 54 proximal dend segs, 52 distal dend segs, 115 total dend segs.
[trial 1/100] input_spikes: pn_exc=1795 vip_inh_bio=385 bg_exc=2483 bg_inh=858
[trial 1/100] spikes=4  rate=4.00 Hz  time=22.55s
[trial 2/100] input_spikes: pn_exc=1848 vip_inh_bio=354 bg_exc=2469 bg_inh=785
[trial 2/100] spikes=4  rate=4.00 Hz  time=22.48s
[trial 3/100] input_spikes: pn_exc=1670 vip_inh_bio=368 bg_exc=2421 bg_inh=744
[trial 3/100] spikes=1  rate=1.00 Hz  time=22.40s
[trial 4/100] input_spikes: pn_exc=1669 vip_inh_bio=374 bg_exc=2153 bg_inh=687
[trial 4/100] spikes=3  rate=3.00 Hz  time=22.09s
[trial 5/100] input_spikes: pn_exc=1652 vip_inh_bio=347 bg_exc=2164 bg_inh=697
[trial 5/100] spikes=1  rate=1.00 Hz  time=22.00s
[trial 6/100] input_spikes: pn_exc=1407 vip_inh_bio=334 bg_exc=1664 bg_inh=553
[trial 6/100] spikes=4  rate=4.00 Hz  time=21.60s
[trial 7/100] input_spikes: pn_exc=1715 vip_inh_bio=328 bg_exc=2372 bg_inh=696
[trial 7/100] spikes=1  rate=1.00 Hz  time=22.34s
[trial 8/100] input_spikes: pn_exc=1636 vip_inh_bio=351 bg_exc=2319 bg_inh=673
[trial 8/100] spikes=4  rate=4.00 Hz  time=22.16s
[trial 9/100] input_spikes: pn_exc=1716 vip_inh_bio=389 bg_exc=2390 bg_inh=736
[trial 9/100] spikes=7  rate=7.00 Hz  time=22.32s
[trial 10/100] input_spikes: pn_exc=1815 vip_inh_bio=385 bg_exc=2492 bg_inh=755
[trial 10/100] spikes=3  rate=3.00 Hz  time=22.33s
[trial 11/100] input_spikes: pn_exc=1647 vip_inh_bio=357 bg_exc=2206 bg_inh=689
[trial 11/100] spikes=3  rate=3.00 Hz  time=22.30s
[trial 12/100] input_spikes: pn_exc=1665 vip_inh_bio=338 bg_exc=2199 bg_inh=735
[trial 12/100] spikes=4  rate=4.00 Hz  time=22.08s
[trial 13/100] input_spikes: pn_exc=1608 vip_inh_bio=376 bg_exc=2482 bg_inh=814
[trial 13/100] spikes=4  rate=4.00 Hz  time=22.50s
[trial 14/100] input_spikes: pn_exc=1629 vip_inh_bio=356 bg_exc=2377 bg_inh=747
[trial 14/100] spikes=2  rate=2.00 Hz  time=22.29s
[trial 15/100] input_spikes: pn_exc=1719 vip_inh_bio=369 bg_exc=2528 bg_inh=742
[trial 15/100] spikes=3  rate=3.00 Hz  time=22.43s
[trial 16/100] input_spikes: pn_exc=1490 vip_inh_bio=346 bg_exc=1976 bg_inh=580
[trial 16/100] spikes=6  rate=6.00 Hz  time=21.81s
[trial 17/100] input_spikes: pn_exc=1603 vip_inh_bio=345 bg_exc=2176 bg_inh=700
[trial 17/100] spikes=2  rate=2.00 Hz  time=22.01s
[trial 18/100] input_spikes: pn_exc=1663 vip_inh_bio=360 bg_exc=2133 bg_inh=627
[trial 18/100] spikes=5  rate=5.00 Hz  time=21.85s
[trial 19/100] input_spikes: pn_exc=1658 vip_inh_bio=388 bg_exc=2483 bg_inh=792
[trial 19/100] spikes=7  rate=7.00 Hz  time=22.42s
[trial 20/100] input_spikes: pn_exc=1745 vip_inh_bio=418 bg_exc=2449 bg_inh=765
[trial 20/100] spikes=5  rate=5.00 Hz  time=22.35s
[trial 21/100] input_spikes: pn_exc=1648 vip_inh_bio=362 bg_exc=2430 bg_inh=774
[trial 21/100] spikes=3  rate=3.00 Hz  time=22.30s
[trial 22/100] input_spikes: pn_exc=1746 vip_inh_bio=384 bg_exc=2451 bg_inh=757
[trial 22/100] spikes=6  rate=6.00 Hz  time=22.48s
[trial 23/100] input_spikes: pn_exc=1705 vip_inh_bio=380 bg_exc=2316 bg_inh=755
[trial 23/100] spikes=4  rate=4.00 Hz  time=22.30s
[trial 24/100] input_spikes: pn_exc=1619 vip_inh_bio=361 bg_exc=2155 bg_inh=682
[trial 24/100] spikes=3  rate=3.00 Hz  time=21.93s
[trial 25/100] input_spikes: pn_exc=1679 vip_inh_bio=366 bg_exc=2325 bg_inh=780
[trial 25/100] spikes=5  rate=5.00 Hz  time=22.28s
[trial 26/100] input_spikes: pn_exc=1824 vip_inh_bio=375 bg_exc=2395 bg_inh=679
[trial 26/100] spikes=5  rate=5.00 Hz  time=22.33s
[trial 27/100] input_spikes: pn_exc=1736 vip_inh_bio=365 bg_exc=2420 bg_inh=769
[trial 27/100] spikes=3  rate=3.00 Hz  time=22.42s
[trial 28/100] input_spikes: pn_exc=1650 vip_inh_bio=380 bg_exc=2451 bg_inh=752
[trial 28/100] spikes=4  rate=4.00 Hz  time=22.41s
[trial 29/100] input_spikes: pn_exc=1687 vip_inh_bio=367 bg_exc=2521 bg_inh=783
[trial 29/100] spikes=5  rate=5.00 Hz  time=22.28s
[trial 30/100] input_spikes: pn_exc=1676 vip_inh_bio=354 bg_exc=2195 bg_inh=626
[trial 30/100] spikes=2  rate=2.00 Hz  time=21.87s
[trial 31/100] input_spikes: pn_exc=1560 vip_inh_bio=338 bg_exc=2106 bg_inh=707
[trial 31/100] spikes=5  rate=5.00 Hz  time=21.98s
[trial 32/100] input_spikes: pn_exc=1692 vip_inh_bio=386 bg_exc=2451 bg_inh=769
[trial 32/100] spikes=2  rate=2.00 Hz  time=22.43s
[trial 33/100] input_spikes: pn_exc=1735 vip_inh_bio=389 bg_exc=2495 bg_inh=800
[trial 33/100] spikes=6  rate=6.00 Hz  time=22.53s
[trial 34/100] input_spikes: pn_exc=1634 vip_inh_bio=338 bg_exc=2082 bg_inh=669
[trial 34/100] spikes=6  rate=6.00 Hz  time=21.93s
[trial 35/100] input_spikes: pn_exc=1794 vip_inh_bio=380 bg_exc=2366 bg_inh=760
[trial 35/100] spikes=6  rate=6.00 Hz  time=22.31s
[trial 36/100] input_spikes: pn_exc=1774 vip_inh_bio=408 bg_exc=2525 bg_inh=795
[trial 36/100] spikes=6  rate=6.00 Hz  time=22.10s
[trial 37/100] input_spikes: pn_exc=1610 vip_inh_bio=361 bg_exc=2308 bg_inh=682
[trial 37/100] spikes=3  rate=3.00 Hz  time=22.02s
[trial 38/100] input_spikes: pn_exc=1700 vip_inh_bio=357 bg_exc=2369 bg_inh=714
[trial 38/100] spikes=2  rate=2.00 Hz  time=22.10s
[trial 39/100] input_spikes: pn_exc=1674 vip_inh_bio=403 bg_exc=2362 bg_inh=751
[trial 39/100] spikes=4  rate=4.00 Hz  time=22.01s
[trial 40/100] input_spikes: pn_exc=1813 vip_inh_bio=381 bg_exc=2441 bg_inh=747
[trial 40/100] spikes=3  rate=3.00 Hz  time=21.98s
[trial 41/100] input_spikes: pn_exc=1445 vip_inh_bio=320 bg_exc=1197 bg_inh=360
[trial 41/100] spikes=2  rate=2.00 Hz  time=21.01s
[trial 42/100] input_spikes: pn_exc=1605 vip_inh_bio=372 bg_exc=2469 bg_inh=735
[trial 42/100] spikes=4  rate=4.00 Hz  time=21.99s
[trial 43/100] input_spikes: pn_exc=1666 vip_inh_bio=325 bg_exc=2135 bg_inh=727
[trial 43/100] spikes=2  rate=2.00 Hz  time=21.83s
[trial 44/100] input_spikes: pn_exc=1779 vip_inh_bio=384 bg_exc=2435 bg_inh=791
[trial 44/100] spikes=7  rate=7.00 Hz  time=22.04s
[trial 45/100] input_spikes: pn_exc=1687 vip_inh_bio=367 bg_exc=2434 bg_inh=781
[trial 45/100] spikes=6  rate=6.00 Hz  time=22.17s
[trial 46/100] input_spikes: pn_exc=1666 vip_inh_bio=369 bg_exc=2337 bg_inh=755
[trial 46/100] spikes=7  rate=7.00 Hz  time=21.82s
[trial 47/100] input_spikes: pn_exc=1700 vip_inh_bio=414 bg_exc=2414 bg_inh=754
[trial 47/100] spikes=6  rate=6.00 Hz  time=22.11s
[trial 48/100] input_spikes: pn_exc=1601 vip_inh_bio=383 bg_exc=2290 bg_inh=748
[trial 48/100] spikes=2  rate=2.00 Hz  time=21.83s
[trial 49/100] input_spikes: pn_exc=1648 vip_inh_bio=367 bg_exc=2346 bg_inh=700
[trial 49/100] spikes=7  rate=7.00 Hz  time=22.01s
[trial 50/100] input_spikes: pn_exc=1706 vip_inh_bio=379 bg_exc=2445 bg_inh=761
[trial 50/100] spikes=6  rate=6.00 Hz  time=22.00s
[trial 51/100] input_spikes: pn_exc=1715 vip_inh_bio=387 bg_exc=2360 bg_inh=777
[trial 51/100] spikes=4  rate=4.00 Hz  time=22.08s
[trial 52/100] input_spikes: pn_exc=1623 vip_inh_bio=369 bg_exc=2206 bg_inh=694
[trial 52/100] spikes=3  rate=3.00 Hz  time=21.91s
[trial 53/100] input_spikes: pn_exc=1456 vip_inh_bio=305 bg_exc=1740 bg_inh=543
[trial 53/100] spikes=2  rate=2.00 Hz  time=21.58s
[trial 54/100] input_spikes: pn_exc=1680 vip_inh_bio=342 bg_exc=2187 bg_inh=658
[trial 54/100] spikes=2  rate=2.00 Hz  time=21.84s
[trial 55/100] input_spikes: pn_exc=1687 vip_inh_bio=357 bg_exc=2170 bg_inh=651
[trial 55/100] spikes=4  rate=4.00 Hz  time=21.76s
[trial 56/100] input_spikes: pn_exc=1724 vip_inh_bio=399 bg_exc=2332 bg_inh=692
[trial 56/100] spikes=6  rate=6.00 Hz  time=21.91s
[trial 57/100] input_spikes: pn_exc=1756 vip_inh_bio=357 bg_exc=2495 bg_inh=788
[trial 57/100] spikes=3  rate=3.00 Hz  time=22.23s
[trial 58/100] input_spikes: pn_exc=1773 vip_inh_bio=342 bg_exc=2478 bg_inh=804
[trial 58/100] spikes=7  rate=7.00 Hz  time=21.98s
[trial 59/100] input_spikes: pn_exc=1672 vip_inh_bio=352 bg_exc=2225 bg_inh=727
[trial 59/100] spikes=4  rate=4.00 Hz  time=21.95s
[trial 60/100] input_spikes: pn_exc=1724 vip_inh_bio=371 bg_exc=2486 bg_inh=776
[trial 60/100] spikes=2  rate=2.00 Hz  time=22.08s
[trial 61/100] input_spikes: pn_exc=1685 vip_inh_bio=353 bg_exc=2274 bg_inh=721
[trial 61/100] spikes=4  rate=4.00 Hz  time=22.04s
[trial 62/100] input_spikes: pn_exc=1638 vip_inh_bio=344 bg_exc=2124 bg_inh=672
[trial 62/100] spikes=8  rate=8.00 Hz  time=21.70s
[trial 63/100] input_spikes: pn_exc=1655 vip_inh_bio=346 bg_exc=2322 bg_inh=728
[trial 63/100] spikes=6  rate=6.00 Hz  time=23.59s
[trial 64/100] input_spikes: pn_exc=1648 vip_inh_bio=328 bg_exc=2132 bg_inh=719
[trial 64/100] spikes=8  rate=8.00 Hz  time=23.18s
[trial 65/100] input_spikes: pn_exc=1671 vip_inh_bio=401 bg_exc=2400 bg_inh=736
[trial 65/100] spikes=3  rate=3.00 Hz  time=22.97s
[trial 66/100] input_spikes: pn_exc=1804 vip_inh_bio=372 bg_exc=2471 bg_inh=791
[trial 66/100] spikes=3  rate=3.00 Hz  time=22.69s
[trial 67/100] input_spikes: pn_exc=1627 vip_inh_bio=341 bg_exc=2277 bg_inh=727
[trial 67/100] spikes=7  rate=7.00 Hz  time=21.98s
[trial 68/100] input_spikes: pn_exc=1470 vip_inh_bio=338 bg_exc=1847 bg_inh=622
[trial 68/100] spikes=1  rate=1.00 Hz  time=21.40s
[trial 69/100] input_spikes: pn_exc=1635 vip_inh_bio=356 bg_exc=2322 bg_inh=682
[trial 69/100] spikes=1  rate=1.00 Hz  time=21.92s
[trial 70/100] input_spikes: pn_exc=1638 vip_inh_bio=381 bg_exc=2415 bg_inh=783
[trial 70/100] spikes=3  rate=3.00 Hz  time=22.04s
[trial 71/100] input_spikes: pn_exc=1606 vip_inh_bio=340 bg_exc=2070 bg_inh=619
[trial 71/100] spikes=7  rate=7.00 Hz  time=21.79s
[trial 72/100] input_spikes: pn_exc=1769 vip_inh_bio=424 bg_exc=2486 bg_inh=768
[trial 72/100] spikes=5  rate=5.00 Hz  time=22.08s
[trial 73/100] input_spikes: pn_exc=1739 vip_inh_bio=368 bg_exc=2541 bg_inh=792
[trial 73/100] spikes=7  rate=7.00 Hz  time=22.21s
[trial 74/100] input_spikes: pn_exc=1747 vip_inh_bio=376 bg_exc=2370 bg_inh=774
[trial 74/100] spikes=5  rate=5.00 Hz  time=22.16s
[trial 75/100] input_spikes: pn_exc=1750 vip_inh_bio=364 bg_exc=2351 bg_inh=762
[trial 75/100] spikes=1  rate=1.00 Hz  time=22.17s
[trial 76/100] input_spikes: pn_exc=1726 vip_inh_bio=364 bg_exc=2613 bg_inh=799
[trial 76/100] spikes=3  rate=3.00 Hz  time=22.16s
[trial 77/100] input_spikes: pn_exc=1698 vip_inh_bio=365 bg_exc=2286 bg_inh=723
[trial 77/100] spikes=6  rate=6.00 Hz  time=22.00s
[trial 78/100] input_spikes: pn_exc=1694 vip_inh_bio=337 bg_exc=2443 bg_inh=812
[trial 78/100] spikes=5  rate=5.00 Hz  time=22.17s
[trial 79/100] input_spikes: pn_exc=1719 vip_inh_bio=404 bg_exc=2343 bg_inh=777
[trial 79/100] spikes=4  rate=4.00 Hz  time=22.11s
[trial 80/100] input_spikes: pn_exc=1677 vip_inh_bio=365 bg_exc=2308 bg_inh=744
[trial 80/100] spikes=6  rate=6.00 Hz  time=22.02s
[trial 81/100] input_spikes: pn_exc=1763 vip_inh_bio=386 bg_exc=2401 bg_inh=803
[trial 81/100] spikes=3  rate=3.00 Hz  time=22.24s
[trial 82/100] input_spikes: pn_exc=1574 vip_inh_bio=355 bg_exc=2041 bg_inh=590
[trial 82/100] spikes=6  rate=6.00 Hz  time=21.76s
[trial 83/100] input_spikes: pn_exc=1730 vip_inh_bio=375 bg_exc=2404 bg_inh=747
[trial 83/100] spikes=5  rate=5.00 Hz  time=22.17s
[trial 84/100] input_spikes: pn_exc=1718 vip_inh_bio=359 bg_exc=2364 bg_inh=727
[trial 84/100] spikes=5  rate=5.00 Hz  time=22.09s
[trial 85/100] input_spikes: pn_exc=1769 vip_inh_bio=383 bg_exc=2315 bg_inh=766
[trial 85/100] spikes=6  rate=6.00 Hz  time=22.12s
[trial 86/100] input_spikes: pn_exc=1652 vip_inh_bio=358 bg_exc=2216 bg_inh=635
[trial 86/100] spikes=2  rate=2.00 Hz  time=21.91s
[trial 87/100] input_spikes: pn_exc=1662 vip_inh_bio=351 bg_exc=2352 bg_inh=729
[trial 87/100] spikes=4  rate=4.00 Hz  time=22.19s
[trial 88/100] input_spikes: pn_exc=1705 vip_inh_bio=383 bg_exc=2407 bg_inh=720
[trial 88/100] spikes=5  rate=5.00 Hz  time=22.16s
[trial 89/100] input_spikes: pn_exc=1687 vip_inh_bio=415 bg_exc=2367 bg_inh=775
[trial 89/100] spikes=5  rate=5.00 Hz  time=22.26s
[trial 90/100] input_spikes: pn_exc=1664 vip_inh_bio=359 bg_exc=2236 bg_inh=792
[trial 90/100] spikes=4  rate=4.00 Hz  time=21.94s
[trial 91/100] input_spikes: pn_exc=1727 vip_inh_bio=377 bg_exc=2370 bg_inh=755
[trial 91/100] spikes=1  rate=1.00 Hz  time=22.21s
[trial 92/100] input_spikes: pn_exc=1715 vip_inh_bio=337 bg_exc=2398 bg_inh=710
[trial 92/100] spikes=2  rate=2.00 Hz  time=22.05s
[trial 93/100] input_spikes: pn_exc=1838 vip_inh_bio=381 bg_exc=2440 bg_inh=752
[trial 93/100] spikes=3  rate=3.00 Hz  time=22.32s
[trial 94/100] input_spikes: pn_exc=1781 vip_inh_bio=366 bg_exc=2350 bg_inh=782
[trial 94/100] spikes=1  rate=1.00 Hz  time=22.32s
[trial 95/100] input_spikes: pn_exc=1720 vip_inh_bio=377 bg_exc=2403 bg_inh=758
[trial 95/100] spikes=3  rate=3.00 Hz  time=22.21s
[trial 96/100] input_spikes: pn_exc=1622 vip_inh_bio=345 bg_exc=2364 bg_inh=713
[trial 96/100] spikes=1  rate=1.00 Hz  time=22.04s
[trial 97/100] input_spikes: pn_exc=1436 vip_inh_bio=308 bg_exc=1935 bg_inh=612
[trial 97/100] spikes=0  rate=0.00 Hz  time=21.61s
[trial 98/100] input_spikes: pn_exc=1657 vip_inh_bio=376 bg_exc=2327 bg_inh=775
[trial 98/100] spikes=4  rate=4.00 Hz  time=21.96s
[trial 99/100] input_spikes: pn_exc=1734 vip_inh_bio=405 bg_exc=2375 bg_inh=754
[trial 99/100] spikes=7  rate=7.00 Hz  time=21.78s
[trial 100/100] input_spikes: pn_exc=1761 vip_inh_bio=367 bg_exc=2367 bg_inh=756
[trial 100/100] spikes=3  rate=3.00 Hz  time=21.40s
save_plots single_plot warning: Top input panel: group list empty, auto-using all groups (4).
Results saved to /home/hrbncv/SCP/cells/SST/tunes/seg_tuned_all/output_data/slurm_42203/parts/slurm_42203_30/run_manifest.json
Total runtime: 2214.03s
