Running: python /home/hrbncv/SCP/run_pipeline.py --tune-dir /home/hrbncv/SCP/cells/SST/tunes/seg_tuned_all --output-dir /home/hrbncv/SCP/cells/SST/tunes/seg_tuned_all/output_data/slurm_29750/parts --n-trials 40 --output-stem slurm_29750_20 --trial-offset 800 --force-save
Loaded mechanisms from /home/hrbncv/SCP/cells/SST/tunes/seg_tuned_all/modfiles/x86_64/.libs/libnrnmech.so
Loaded Allen cell for 'SST' from /home/hrbncv/SCP/cells/SST/tunes/seg_tuned_all/manifest.json, soma_diam_multiplier=10.0, Vinit=-65.0, loader=genome_fallback
Geometry defined for 'SST': 1 soma segs, 54 proximal dend segs, 52 distal dend segs, 115 total dend segs.
[trial 1/40] input_spikes: pn_exc=1595 bg_exc=2702 bg_inh=445
[trial 1/40] spikes=2  rate=1.67 Hz  time=23.59s
[trial 2/40] input_spikes: pn_exc=1555 bg_exc=2846 bg_inh=430
[trial 2/40] spikes=6  rate=5.00 Hz  time=23.65s
[trial 3/40] input_spikes: pn_exc=1537 bg_exc=2826 bg_inh=457
[trial 3/40] spikes=3  rate=2.50 Hz  time=23.60s
[trial 4/40] input_spikes: pn_exc=1625 bg_exc=3032 bg_inh=463
[trial 4/40] spikes=1  rate=0.83 Hz  time=23.75s
[trial 5/40] input_spikes: pn_exc=1587 bg_exc=2891 bg_inh=493
[trial 5/40] spikes=3  rate=2.50 Hz  time=23.64s
[trial 6/40] input_spikes: pn_exc=1606 bg_exc=2959 bg_inh=468
[trial 6/40] spikes=4  rate=3.33 Hz  time=23.47s
[trial 7/40] input_spikes: pn_exc=1638 bg_exc=2930 bg_inh=441
[trial 7/40] spikes=4  rate=3.33 Hz  time=23.66s
[trial 8/40] input_spikes: pn_exc=1624 bg_exc=2892 bg_inh=445
[trial 8/40] spikes=3  rate=2.50 Hz  time=23.67s
[trial 9/40] input_spikes: pn_exc=1584 bg_exc=2938 bg_inh=424
[trial 9/40] spikes=5  rate=4.17 Hz  time=23.74s
[trial 10/40] input_spikes: pn_exc=1560 bg_exc=2821 bg_inh=440
[trial 10/40] spikes=5  rate=4.17 Hz  time=23.64s
[trial 11/40] input_spikes: pn_exc=1418 bg_exc=2163 bg_inh=370
[trial 11/40] spikes=3  rate=2.50 Hz  time=23.49s
[trial 12/40] input_spikes: pn_exc=1661 bg_exc=3024 bg_inh=449
[trial 12/40] spikes=6  rate=5.00 Hz  time=23.52s
[trial 13/40] input_spikes: pn_exc=1674 bg_exc=2889 bg_inh=463
[trial 13/40] spikes=4  rate=3.33 Hz  time=23.72s
[trial 14/40] input_spikes: pn_exc=1629 bg_exc=2999 bg_inh=477
[trial 14/40] spikes=2  rate=1.67 Hz  time=23.55s
[trial 15/40] input_spikes: pn_exc=1524 bg_exc=2811 bg_inh=456
[trial 15/40] spikes=2  rate=1.67 Hz  time=23.62s
[trial 16/40] input_spikes: pn_exc=1446 bg_exc=2515 bg_inh=380
[trial 16/40] spikes=4  rate=3.33 Hz  time=23.66s
[trial 17/40] input_spikes: pn_exc=1461 bg_exc=2455 bg_inh=376
[trial 17/40] spikes=4  rate=3.33 Hz  time=23.65s
[trial 18/40] input_spikes: pn_exc=1677 bg_exc=3084 bg_inh=499
[trial 18/40] spikes=5  rate=4.17 Hz  time=23.63s
[trial 19/40] input_spikes: pn_exc=1588 bg_exc=2974 bg_inh=468
[trial 19/40] spikes=5  rate=4.17 Hz  time=23.66s
[trial 20/40] input_spikes: pn_exc=1531 bg_exc=2544 bg_inh=414
[trial 20/40] spikes=2  rate=1.67 Hz  time=23.49s
[trial 21/40] input_spikes: pn_exc=1541 bg_exc=2754 bg_inh=452
[trial 21/40] spikes=4  rate=3.33 Hz  time=23.75s
[trial 22/40] input_spikes: pn_exc=1609 bg_exc=3020 bg_inh=493
[trial 22/40] spikes=3  rate=2.50 Hz  time=23.67s
[trial 23/40] input_spikes: pn_exc=1567 bg_exc=2955 bg_inh=445
[trial 23/40] spikes=5  rate=4.17 Hz  time=23.82s
[trial 24/40] input_spikes: pn_exc=1586 bg_exc=2848 bg_inh=432
[trial 24/40] spikes=7  rate=5.83 Hz  time=23.63s
[trial 25/40] input_spikes: pn_exc=1584 bg_exc=2992 bg_inh=467
[trial 25/40] spikes=4  rate=3.33 Hz  time=23.62s
[trial 26/40] input_spikes: pn_exc=1615 bg_exc=2839 bg_inh=453
[trial 26/40] spikes=4  rate=3.33 Hz  time=23.64s
[trial 27/40] input_spikes: pn_exc=1451 bg_exc=2577 bg_inh=385
[trial 27/40] spikes=5  rate=4.17 Hz  time=23.61s
[trial 28/40] input_spikes: pn_exc=1552 bg_exc=2753 bg_inh=418
[trial 28/40] spikes=4  rate=3.33 Hz  time=23.59s
[trial 29/40] input_spikes: pn_exc=1595 bg_exc=2875 bg_inh=452
[trial 29/40] spikes=5  rate=4.17 Hz  time=23.72s
[trial 30/40] input_spikes: pn_exc=1609 bg_exc=2864 bg_inh=426
[trial 30/40] spikes=5  rate=4.17 Hz  time=23.58s
[trial 31/40] input_spikes: pn_exc=1494 bg_exc=2670 bg_inh=393
[trial 31/40] spikes=4  rate=3.33 Hz  time=23.70s
[trial 32/40] input_spikes: pn_exc=1571 bg_exc=2917 bg_inh=439
[trial 32/40] spikes=7  rate=5.83 Hz  time=23.61s
[trial 33/40] input_spikes: pn_exc=1639 bg_exc=2778 bg_inh=475
[trial 33/40] spikes=1  rate=0.83 Hz  time=23.69s
[trial 34/40] input_spikes: pn_exc=1522 bg_exc=3039 bg_inh=472
[trial 34/40] spikes=3  rate=2.50 Hz  time=23.71s
[trial 35/40] input_spikes: pn_exc=1651 bg_exc=2871 bg_inh=426
[trial 35/40] spikes=5  rate=4.17 Hz  time=23.89s
[trial 36/40] input_spikes: pn_exc=1591 bg_exc=2938 bg_inh=512
[trial 36/40] spikes=2  rate=1.67 Hz  time=23.73s
[trial 37/40] input_spikes: pn_exc=1631 bg_exc=2921 bg_inh=492
[trial 37/40] spikes=5  rate=4.17 Hz  time=24.00s
[trial 38/40] input_spikes: pn_exc=1555 bg_exc=2803 bg_inh=446
[trial 38/40] spikes=2  rate=1.67 Hz  time=23.99s
[trial 39/40] input_spikes: pn_exc=1633 bg_exc=2878 bg_inh=481
[trial 39/40] spikes=5  rate=4.17 Hz  time=24.15s
[trial 40/40] input_spikes: pn_exc=1612 bg_exc=2888 bg_inh=450
[trial 40/40] spikes=4  rate=3.33 Hz  time=23.94s
Results saved to /home/hrbncv/SCP/cells/SST/tunes/seg_tuned_all/output_data/slurm_29750/parts/slurm_29750_20/run_manifest.json
Total runtime: 947.74s
