Running: /home/hrbncv/miniconda3/envs/BMTK-py311/bin/python /home/hrbncv/SCP/run_pipeline.py --tune-dir /home/hrbncv/SCP/cells/SST/tunes/seg_tuned --output-dir /home/hrbncv/SCP/cells/SST/tunes/seg_tuned/output_data/slurm_45349/parts --n-trials 20 --output-stem slurm_45349_18 --trial-offset 360 --force-save
Loaded mechanisms from /home/hrbncv/SCP/cells/SST/tunes/seg_tuned/modfiles/x86_64/.libs/libnrnmech.so
Loaded Allen cell for 'SST' from /home/hrbncv/SCP/cells/SST/tunes/seg_tuned/manifest.json, soma_diam_multiplier=10.0, Vinit=-65.0, loader=genome_fallback
Geometry defined for 'SST': 1 soma segs, 54 proximal dend segs, 52 distal dend segs, 115 total dend segs.
[trial 1/20] input_spikes: pn_exc=1470 bg_exc=1530 bg_inh=477
[trial 1/20] spikes=11  rate=11.00 Hz  time=21.17s
[trial 2/20] input_spikes: pn_exc=1769 bg_exc=2332 bg_inh=696
[trial 2/20] spikes=15  rate=15.00 Hz  time=22.05s
[trial 3/20] input_spikes: pn_exc=1675 bg_exc=2308 bg_inh=718
[trial 3/20] spikes=16  rate=16.00 Hz  time=21.94s
[trial 4/20] input_spikes: pn_exc=1723 bg_exc=2448 bg_inh=784
[trial 4/20] spikes=13  rate=13.00 Hz  time=22.21s
[trial 5/20] input_spikes: pn_exc=1778 bg_exc=2585 bg_inh=830
[trial 5/20] spikes=17  rate=17.00 Hz  time=22.37s
[trial 6/20] input_spikes: pn_exc=1770 bg_exc=2503 bg_inh=746
[trial 6/20] spikes=13  rate=13.00 Hz  time=22.06s
[trial 7/20] input_spikes: pn_exc=1660 bg_exc=2207 bg_inh=691
[trial 7/20] spikes=14  rate=14.00 Hz  time=21.72s
[trial 8/20] input_spikes: pn_exc=1569 bg_exc=2153 bg_inh=698
[trial 8/20] spikes=15  rate=15.00 Hz  time=21.67s
[trial 9/20] input_spikes: pn_exc=1624 bg_exc=2055 bg_inh=612
[trial 9/20] spikes=13  rate=13.00 Hz  time=21.63s
[trial 10/20] input_spikes: pn_exc=1723 bg_exc=2523 bg_inh=770
[trial 10/20] spikes=13  rate=13.00 Hz  time=22.05s
[trial 11/20] input_spikes: pn_exc=1685 bg_exc=2222 bg_inh=689
[trial 11/20] spikes=12  rate=12.00 Hz  time=21.77s
[trial 12/20] input_spikes: pn_exc=1682 bg_exc=2301 bg_inh=714
[trial 12/20] spikes=17  rate=17.00 Hz  time=21.80s
[trial 13/20] input_spikes: pn_exc=1674 bg_exc=2108 bg_inh=661
[trial 13/20] spikes=14  rate=14.00 Hz  time=21.70s
[trial 14/20] input_spikes: pn_exc=1670 bg_exc=2519 bg_inh=788
[trial 14/20] spikes=13  rate=13.00 Hz  time=22.03s
[trial 15/20] input_spikes: pn_exc=1746 bg_exc=2293 bg_inh=759
[trial 15/20] spikes=12  rate=12.00 Hz  time=21.91s
[trial 16/20] input_spikes: pn_exc=1741 bg_exc=2263 bg_inh=671
[trial 16/20] spikes=13  rate=13.00 Hz  time=21.73s
[trial 17/20] input_spikes: pn_exc=1649 bg_exc=2405 bg_inh=726
[trial 17/20] spikes=15  rate=15.00 Hz  time=21.95s
[trial 18/20] input_spikes: pn_exc=1585 bg_exc=2278 bg_inh=732
[trial 18/20] spikes=15  rate=15.00 Hz  time=21.72s
[trial 19/20] input_spikes: pn_exc=1700 bg_exc=2343 bg_inh=703
[trial 19/20] spikes=12  rate=12.00 Hz  time=21.89s
[trial 20/20] input_spikes: pn_exc=1731 bg_exc=2442 bg_inh=789
[trial 20/20] spikes=13  rate=13.00 Hz  time=21.92s
save_plots single_plot warning: Top input panel: group list empty, auto-using all groups (3).
Results saved to /home/hrbncv/SCP/cells/SST/tunes/seg_tuned/output_data/slurm_45349/parts/slurm_45349_18/run_manifest.json
Total runtime: 438.61s
