Running: python /home/hrbncv/SCP/run_pipeline.py --tune-dir /home/hrbncv/SCP/cells/SST/tunes/seg_tuned_all --output-dir /home/hrbncv/SCP/cells/SST/tunes/seg_tuned_all/output_data/slurm_39858/parts --n-trials 20 --output-stem slurm_39858_13 --trial-offset 260 --force-save
Loaded mechanisms from /home/hrbncv/SCP/cells/SST/tunes/seg_tuned_all/modfiles/x86_64/.libs/libnrnmech.so
Loaded Allen cell for 'SST' from /home/hrbncv/SCP/cells/SST/tunes/seg_tuned_all/manifest.json, soma_diam_multiplier=10.0, Vinit=-65.0, loader=genome_fallback
Geometry defined for 'SST': 1 soma segs, 54 proximal dend segs, 52 distal dend segs, 115 total dend segs.
[trial 1/20] input_spikes: pn_exc=1554 vip_inh_bio=69 bg_exc=2143 bg_inh=694
[trial 1/20] spikes=1  rate=1.00 Hz  time=22.16s
[trial 2/20] input_spikes: pn_exc=1660 vip_inh_bio=76 bg_exc=2208 bg_inh=665
[trial 2/20] spikes=4  rate=4.00 Hz  time=22.30s
[trial 3/20] input_spikes: pn_exc=1718 vip_inh_bio=64 bg_exc=2380 bg_inh=807
[trial 3/20] spikes=1  rate=1.00 Hz  time=22.26s
[trial 4/20] input_spikes: pn_exc=1700 vip_inh_bio=73 bg_exc=2470 bg_inh=799
[trial 4/20] spikes=2  rate=2.00 Hz  time=22.18s
[trial 5/20] input_spikes: pn_exc=1573 vip_inh_bio=73 bg_exc=2260 bg_inh=602
[trial 5/20] spikes=3  rate=3.00 Hz  time=21.92s
[trial 6/20] input_spikes: pn_exc=1769 vip_inh_bio=79 bg_exc=2538 bg_inh=813
[trial 6/20] spikes=2  rate=2.00 Hz  time=22.32s
[trial 7/20] input_spikes: pn_exc=1709 vip_inh_bio=64 bg_exc=2372 bg_inh=761
[trial 7/20] spikes=2  rate=2.00 Hz  time=22.03s
[trial 8/20] input_spikes: pn_exc=1574 vip_inh_bio=71 bg_exc=2074 bg_inh=629
[trial 8/20] spikes=4  rate=4.00 Hz  time=21.45s
[trial 9/20] input_spikes: pn_exc=1590 vip_inh_bio=61 bg_exc=2059 bg_inh=664
[trial 9/20] spikes=3  rate=3.00 Hz  time=21.62s
[trial 10/20] input_spikes: pn_exc=1707 vip_inh_bio=75 bg_exc=2404 bg_inh=799
[trial 10/20] spikes=5  rate=5.00 Hz  time=22.17s
[trial 11/20] input_spikes: pn_exc=1544 vip_inh_bio=55 bg_exc=2017 bg_inh=667
[trial 11/20] spikes=2  rate=2.00 Hz  time=21.59s
[trial 12/20] input_spikes: pn_exc=1710 vip_inh_bio=61 bg_exc=2291 bg_inh=697
[trial 12/20] spikes=5  rate=5.00 Hz  time=22.19s
[trial 13/20] input_spikes: pn_exc=1739 vip_inh_bio=62 bg_exc=2485 bg_inh=822
[trial 13/20] spikes=2  rate=2.00 Hz  time=22.16s
[trial 14/20] input_spikes: pn_exc=1814 vip_inh_bio=70 bg_exc=2445 bg_inh=797
[trial 14/20] spikes=3  rate=3.00 Hz  time=22.04s
[trial 15/20] input_spikes: pn_exc=1620 vip_inh_bio=53 bg_exc=2365 bg_inh=698
[trial 15/20] spikes=3  rate=3.00 Hz  time=22.20s
[trial 16/20] input_spikes: pn_exc=1665 vip_inh_bio=59 bg_exc=2225 bg_inh=690
[trial 16/20] spikes=3  rate=3.00 Hz  time=21.89s
[trial 17/20] input_spikes: pn_exc=1718 vip_inh_bio=56 bg_exc=2423 bg_inh=752
[trial 17/20] spikes=4  rate=4.00 Hz  time=22.46s
[trial 18/20] input_spikes: pn_exc=1694 vip_inh_bio=56 bg_exc=2230 bg_inh=718
[trial 18/20] spikes=2  rate=2.00 Hz  time=22.01s
[trial 19/20] input_spikes: pn_exc=1700 vip_inh_bio=71 bg_exc=2238 bg_inh=710
[trial 19/20] spikes=3  rate=3.00 Hz  time=22.13s
[trial 20/20] input_spikes: pn_exc=1732 vip_inh_bio=74 bg_exc=2478 bg_inh=727
[trial 20/20] spikes=1  rate=1.00 Hz  time=22.24s
save_plots single_plot warning: Top input panel: group list empty, auto-using all groups (4).
Results saved to /home/hrbncv/SCP/cells/SST/tunes/seg_tuned_all/output_data/slurm_39858/parts/slurm_39858_13/run_manifest.json
Total runtime: 442.64s
