Running: python /home/hrbncv/SCP/run_pipeline.py --tune-dir /home/hrbncv/SCP/cells/SST/tunes/seg_tuned_all --output-dir /home/hrbncv/SCP/cells/SST/tunes/seg_tuned_all/output_data/slurm_29750/parts --n-trials 40 --output-stem slurm_29750_5 --trial-offset 200 --force-save
Loaded mechanisms from /home/hrbncv/SCP/cells/SST/tunes/seg_tuned_all/modfiles/x86_64/.libs/libnrnmech.so
Loaded Allen cell for 'SST' from /home/hrbncv/SCP/cells/SST/tunes/seg_tuned_all/manifest.json, soma_diam_multiplier=10.0, Vinit=-65.0, loader=genome_fallback
Geometry defined for 'SST': 1 soma segs, 54 proximal dend segs, 52 distal dend segs, 115 total dend segs.
[trial 1/40] input_spikes: pn_exc=1554 bg_exc=2816 bg_inh=467
[trial 1/40] spikes=2  rate=1.67 Hz  time=24.02s
[trial 2/40] input_spikes: pn_exc=1509 bg_exc=2843 bg_inh=458
[trial 2/40] spikes=3  rate=2.50 Hz  time=23.99s
[trial 3/40] input_spikes: pn_exc=1595 bg_exc=2958 bg_inh=473
[trial 3/40] spikes=3  rate=2.50 Hz  time=24.04s
[trial 4/40] input_spikes: pn_exc=1503 bg_exc=2796 bg_inh=420
[trial 4/40] spikes=4  rate=3.33 Hz  time=24.09s
[trial 5/40] input_spikes: pn_exc=1393 bg_exc=2482 bg_inh=384
[trial 5/40] spikes=5  rate=4.17 Hz  time=24.43s
[trial 6/40] input_spikes: pn_exc=1544 bg_exc=2705 bg_inh=420
[trial 6/40] spikes=4  rate=3.33 Hz  time=24.46s
[trial 7/40] input_spikes: pn_exc=1548 bg_exc=2851 bg_inh=469
[trial 7/40] spikes=1  rate=0.83 Hz  time=24.49s
[trial 8/40] input_spikes: pn_exc=1573 bg_exc=2808 bg_inh=461
[trial 8/40] spikes=2  rate=1.67 Hz  time=24.56s
[trial 9/40] input_spikes: pn_exc=1600 bg_exc=2799 bg_inh=464
[trial 9/40] spikes=2  rate=1.67 Hz  time=24.71s
[trial 10/40] input_spikes: pn_exc=1585 bg_exc=3030 bg_inh=462
[trial 10/40] spikes=3  rate=2.50 Hz  time=24.58s
[trial 11/40] input_spikes: pn_exc=1562 bg_exc=2888 bg_inh=475
[trial 11/40] spikes=3  rate=2.50 Hz  time=24.73s
[trial 12/40] input_spikes: pn_exc=1522 bg_exc=2828 bg_inh=450
[trial 12/40] spikes=2  rate=1.67 Hz  time=24.21s
[trial 13/40] input_spikes: pn_exc=1580 bg_exc=2905 bg_inh=454
[trial 13/40] spikes=2  rate=1.67 Hz  time=24.59s
[trial 14/40] input_spikes: pn_exc=1555 bg_exc=2838 bg_inh=450
[trial 14/40] spikes=2  rate=1.67 Hz  time=24.35s
[trial 15/40] input_spikes: pn_exc=1653 bg_exc=3013 bg_inh=449
[trial 15/40] spikes=8  rate=6.67 Hz  time=24.25s
[trial 16/40] input_spikes: pn_exc=1617 bg_exc=2995 bg_inh=442
[trial 16/40] spikes=6  rate=5.00 Hz  time=24.12s
[trial 17/40] input_spikes: pn_exc=1602 bg_exc=2871 bg_inh=439
[trial 17/40] spikes=3  rate=2.50 Hz  time=24.27s
[trial 18/40] input_spikes: pn_exc=1506 bg_exc=2844 bg_inh=446
[trial 18/40] spikes=4  rate=3.33 Hz  time=24.31s
[trial 19/40] input_spikes: pn_exc=1583 bg_exc=2603 bg_inh=390
[trial 19/40] spikes=5  rate=4.17 Hz  time=24.44s
[trial 20/40] input_spikes: pn_exc=1559 bg_exc=2789 bg_inh=478
[trial 20/40] spikes=4  rate=3.33 Hz  time=24.23s
[trial 21/40] input_spikes: pn_exc=1604 bg_exc=2817 bg_inh=466
[trial 21/40] spikes=4  rate=3.33 Hz  time=24.27s
[trial 22/40] input_spikes: pn_exc=1547 bg_exc=2816 bg_inh=448
[trial 22/40] spikes=6  rate=5.00 Hz  time=24.01s
[trial 23/40] input_spikes: pn_exc=1401 bg_exc=2187 bg_inh=370
[trial 23/40] spikes=2  rate=1.67 Hz  time=24.37s
[trial 24/40] input_spikes: pn_exc=1688 bg_exc=2847 bg_inh=510
[trial 24/40] spikes=4  rate=3.33 Hz  time=24.32s
[trial 25/40] input_spikes: pn_exc=1505 bg_exc=2737 bg_inh=451
[trial 25/40] spikes=2  rate=1.67 Hz  time=24.14s
[trial 26/40] input_spikes: pn_exc=1643 bg_exc=2836 bg_inh=453
[trial 26/40] spikes=5  rate=4.17 Hz  time=24.25s
[trial 27/40] input_spikes: pn_exc=1537 bg_exc=2687 bg_inh=439
[trial 27/40] spikes=6  rate=5.00 Hz  time=24.37s
[trial 28/40] input_spikes: pn_exc=1521 bg_exc=2761 bg_inh=438
[trial 28/40] spikes=3  rate=2.50 Hz  time=23.91s
[trial 29/40] input_spikes: pn_exc=1561 bg_exc=2915 bg_inh=481
[trial 29/40] spikes=3  rate=2.50 Hz  time=24.14s
[trial 30/40] input_spikes: pn_exc=1656 bg_exc=2946 bg_inh=423
[trial 30/40] spikes=5  rate=4.17 Hz  time=23.92s
[trial 31/40] input_spikes: pn_exc=1450 bg_exc=2525 bg_inh=400
[trial 31/40] spikes=4  rate=3.33 Hz  time=24.01s
[trial 32/40] input_spikes: pn_exc=1561 bg_exc=2890 bg_inh=476
[trial 32/40] spikes=3  rate=2.50 Hz  time=23.89s
[trial 33/40] input_spikes: pn_exc=1555 bg_exc=2681 bg_inh=438
[trial 33/40] spikes=3  rate=2.50 Hz  time=23.95s
[trial 34/40] input_spikes: pn_exc=1600 bg_exc=2880 bg_inh=489
[trial 34/40] spikes=2  rate=1.67 Hz  time=23.89s
[trial 35/40] input_spikes: pn_exc=1528 bg_exc=2716 bg_inh=410
[trial 35/40] spikes=3  rate=2.50 Hz  time=24.18s
[trial 36/40] input_spikes: pn_exc=1496 bg_exc=2815 bg_inh=455
[trial 36/40] spikes=3  rate=2.50 Hz  time=23.94s
[trial 37/40] input_spikes: pn_exc=1552 bg_exc=2806 bg_inh=459
[trial 37/40] spikes=4  rate=3.33 Hz  time=24.06s
[trial 38/40] input_spikes: pn_exc=1543 bg_exc=2871 bg_inh=433
[trial 38/40] spikes=5  rate=4.17 Hz  time=23.80s
[trial 39/40] input_spikes: pn_exc=1557 bg_exc=2699 bg_inh=429
[trial 39/40] spikes=5  rate=4.17 Hz  time=24.05s
[trial 40/40] input_spikes: pn_exc=1617 bg_exc=2924 bg_inh=478
[trial 40/40] spikes=3  rate=2.50 Hz  time=23.73s
Results saved to /home/hrbncv/SCP/cells/SST/tunes/seg_tuned_all/output_data/slurm_29750/parts/slurm_29750_5/run_manifest.json
Total runtime: 968.36s
