Running: python /home/hrbncv/SCP/run_pipeline.py --tune-dir /home/hrbncv/SCP/cells/SST/tunes/seg_tuned_all --output-dir /home/hrbncv/SCP/cells/SST/tunes/seg_tuned_all/output_data/slurm_29750/parts --n-trials 40 --output-stem slurm_29750_16 --trial-offset 640 --force-save
Loaded mechanisms from /home/hrbncv/SCP/cells/SST/tunes/seg_tuned_all/modfiles/x86_64/.libs/libnrnmech.so
Loaded Allen cell for 'SST' from /home/hrbncv/SCP/cells/SST/tunes/seg_tuned_all/manifest.json, soma_diam_multiplier=10.0, Vinit=-65.0, loader=genome_fallback
Geometry defined for 'SST': 1 soma segs, 54 proximal dend segs, 52 distal dend segs, 115 total dend segs.
[trial 1/40] input_spikes: pn_exc=1667 bg_exc=3022 bg_inh=511
[trial 1/40] spikes=2  rate=1.67 Hz  time=25.05s
[trial 2/40] input_spikes: pn_exc=1565 bg_exc=2808 bg_inh=425
[trial 2/40] spikes=4  rate=3.33 Hz  time=24.60s
[trial 3/40] input_spikes: pn_exc=1608 bg_exc=2852 bg_inh=430
[trial 3/40] spikes=5  rate=4.17 Hz  time=24.66s
[trial 4/40] input_spikes: pn_exc=1528 bg_exc=2518 bg_inh=374
[trial 4/40] spikes=5  rate=4.17 Hz  time=24.37s
[trial 5/40] input_spikes: pn_exc=1454 bg_exc=2374 bg_inh=398
[trial 5/40] spikes=5  rate=4.17 Hz  time=24.55s
[trial 6/40] input_spikes: pn_exc=1590 bg_exc=2926 bg_inh=498
[trial 6/40] spikes=4  rate=3.33 Hz  time=24.51s
[trial 7/40] input_spikes: pn_exc=1585 bg_exc=2810 bg_inh=474
[trial 7/40] spikes=5  rate=4.17 Hz  time=24.63s
[trial 8/40] input_spikes: pn_exc=1483 bg_exc=2450 bg_inh=372
[trial 8/40] spikes=3  rate=2.50 Hz  time=24.68s
[trial 9/40] input_spikes: pn_exc=1521 bg_exc=2534 bg_inh=393
[trial 9/40] spikes=3  rate=2.50 Hz  time=24.57s
[trial 10/40] input_spikes: pn_exc=1546 bg_exc=2642 bg_inh=443
[trial 10/40] spikes=5  rate=4.17 Hz  time=24.40s
[trial 11/40] input_spikes: pn_exc=1626 bg_exc=2893 bg_inh=472
[trial 11/40] spikes=2  rate=1.67 Hz  time=24.45s
[trial 12/40] input_spikes: pn_exc=1492 bg_exc=2710 bg_inh=421
[trial 12/40] spikes=4  rate=3.33 Hz  time=24.16s
[trial 13/40] input_spikes: pn_exc=1516 bg_exc=2522 bg_inh=425
[trial 13/40] spikes=3  rate=2.50 Hz  time=24.53s
[trial 14/40] input_spikes: pn_exc=1694 bg_exc=2839 bg_inh=478
[trial 14/40] spikes=4  rate=3.33 Hz  time=24.31s
[trial 15/40] input_spikes: pn_exc=1577 bg_exc=2910 bg_inh=492
[trial 15/40] spikes=2  rate=1.67 Hz  time=24.49s
[trial 16/40] input_spikes: pn_exc=1533 bg_exc=2732 bg_inh=435
[trial 16/40] spikes=4  rate=3.33 Hz  time=24.22s
[trial 17/40] input_spikes: pn_exc=1645 bg_exc=2824 bg_inh=482
[trial 17/40] spikes=4  rate=3.33 Hz  time=24.30s
[trial 18/40] input_spikes: pn_exc=1566 bg_exc=2848 bg_inh=440
[trial 18/40] spikes=6  rate=5.00 Hz  time=24.23s
[trial 19/40] input_spikes: pn_exc=1613 bg_exc=2860 bg_inh=443
[trial 19/40] spikes=4  rate=3.33 Hz  time=24.43s
[trial 20/40] input_spikes: pn_exc=1655 bg_exc=2934 bg_inh=448
[trial 20/40] spikes=6  rate=5.00 Hz  time=24.39s
[trial 21/40] input_spikes: pn_exc=1641 bg_exc=2885 bg_inh=439
[trial 21/40] spikes=6  rate=5.00 Hz  time=24.55s
[trial 22/40] input_spikes: pn_exc=1542 bg_exc=2823 bg_inh=425
[trial 22/40] spikes=5  rate=4.17 Hz  time=24.29s
[trial 23/40] input_spikes: pn_exc=1630 bg_exc=2903 bg_inh=455
[trial 23/40] spikes=3  rate=2.50 Hz  time=24.54s
[trial 24/40] input_spikes: pn_exc=1671 bg_exc=2989 bg_inh=475
[trial 24/40] spikes=6  rate=5.00 Hz  time=24.32s
[trial 25/40] input_spikes: pn_exc=1552 bg_exc=2816 bg_inh=460
[trial 25/40] spikes=4  rate=3.33 Hz  time=24.51s
[trial 26/40] input_spikes: pn_exc=1516 bg_exc=2733 bg_inh=422
[trial 26/40] spikes=4  rate=3.33 Hz  time=24.33s
[trial 27/40] input_spikes: pn_exc=1584 bg_exc=3030 bg_inh=463
[trial 27/40] spikes=3  rate=2.50 Hz  time=24.52s
[trial 28/40] input_spikes: pn_exc=1563 bg_exc=2750 bg_inh=423
[trial 28/40] spikes=2  rate=1.67 Hz  time=24.30s
[trial 29/40] input_spikes: pn_exc=1566 bg_exc=2844 bg_inh=415
[trial 29/40] spikes=6  rate=5.00 Hz  time=24.58s
[trial 30/40] input_spikes: pn_exc=1607 bg_exc=2922 bg_inh=475
[trial 30/40] spikes=4  rate=3.33 Hz  time=24.25s
[trial 31/40] input_spikes: pn_exc=1583 bg_exc=3037 bg_inh=470
[trial 31/40] spikes=6  rate=5.00 Hz  time=24.62s
[trial 32/40] input_spikes: pn_exc=1591 bg_exc=2928 bg_inh=457
[trial 32/40] spikes=3  rate=2.50 Hz  time=24.31s
[trial 33/40] input_spikes: pn_exc=1677 bg_exc=2829 bg_inh=418
[trial 33/40] spikes=5  rate=4.17 Hz  time=24.60s
[trial 34/40] input_spikes: pn_exc=1604 bg_exc=2773 bg_inh=420
[trial 34/40] spikes=5  rate=4.17 Hz  time=24.29s
[trial 35/40] input_spikes: pn_exc=1647 bg_exc=2903 bg_inh=464
[trial 35/40] spikes=5  rate=4.17 Hz  time=24.56s
[trial 36/40] input_spikes: pn_exc=1542 bg_exc=2710 bg_inh=417
[trial 36/40] spikes=5  rate=4.17 Hz  time=24.17s
[trial 37/40] input_spikes: pn_exc=1446 bg_exc=2396 bg_inh=373
[trial 37/40] spikes=2  rate=1.67 Hz  time=24.38s
[trial 38/40] input_spikes: pn_exc=1555 bg_exc=2892 bg_inh=418
[trial 38/40] spikes=3  rate=2.50 Hz  time=24.33s
[trial 39/40] input_spikes: pn_exc=1629 bg_exc=2935 bg_inh=488
[trial 39/40] spikes=4  rate=3.33 Hz  time=24.52s
[trial 40/40] input_spikes: pn_exc=1530 bg_exc=2825 bg_inh=461
[trial 40/40] spikes=4  rate=3.33 Hz  time=23.00s
Results saved to /home/hrbncv/SCP/cells/SST/tunes/seg_tuned_all/output_data/slurm_29750/parts/slurm_29750_16/run_manifest.json
Total runtime: 976.80s
