Running: /home/hrbncv/miniconda3/envs/BMTK-py311/bin/python /home/hrbncv/SCP/run_pipeline.py --tune-dir /home/hrbncv/SCP/cells/SST/tunes/seg_tuned_all --output-dir /home/hrbncv/SCP/cells/SST/tunes/seg_tuned_all/output_data/slurm_45349/parts --n-trials 20 --output-stem slurm_45349_41 --trial-offset 820 --force-save
Loaded mechanisms from /home/hrbncv/SCP/cells/SST/tunes/seg_tuned_all/modfiles/x86_64/.libs/libnrnmech.so
Loaded Allen cell for 'SST' from /home/hrbncv/SCP/cells/SST/tunes/seg_tuned_all/manifest.json, soma_diam_multiplier=10.0, Vinit=-65.0, loader=genome_fallback
Geometry defined for 'SST': 1 soma segs, 54 proximal dend segs, 52 distal dend segs, 115 total dend segs.
[trial 1/20] input_spikes: pn_exc=1767 bg_exc=2500 bg_inh=790
[trial 1/20] spikes=17  rate=17.00 Hz  time=22.26s
[trial 2/20] input_spikes: pn_exc=1581 bg_exc=2196 bg_inh=659
[trial 2/20] spikes=11  rate=11.00 Hz  time=22.09s
[trial 3/20] input_spikes: pn_exc=1600 bg_exc=2027 bg_inh=658
[trial 3/20] spikes=10  rate=10.00 Hz  time=21.51s
[trial 4/20] input_spikes: pn_exc=1798 bg_exc=2584 bg_inh=754
[trial 4/20] spikes=14  rate=14.00 Hz  time=22.58s
[trial 5/20] input_spikes: pn_exc=1670 bg_exc=2355 bg_inh=730
[trial 5/20] spikes=13  rate=13.00 Hz  time=22.23s
[trial 6/20] input_spikes: pn_exc=1730 bg_exc=2407 bg_inh=785
[trial 6/20] spikes=14  rate=14.00 Hz  time=22.10s
[trial 7/20] input_spikes: pn_exc=1681 bg_exc=2307 bg_inh=735
[trial 7/20] spikes=14  rate=14.00 Hz  time=22.39s
[trial 8/20] input_spikes: pn_exc=1609 bg_exc=2359 bg_inh=751
[trial 8/20] spikes=16  rate=16.00 Hz  time=22.33s
[trial 9/20] input_spikes: pn_exc=1729 bg_exc=2515 bg_inh=807
[trial 9/20] spikes=15  rate=15.00 Hz  time=22.52s
[trial 10/20] input_spikes: pn_exc=1656 bg_exc=2482 bg_inh=766
[trial 10/20] spikes=13  rate=13.00 Hz  time=22.88s
[trial 11/20] input_spikes: pn_exc=1690 bg_exc=2393 bg_inh=785
[trial 11/20] spikes=14  rate=14.00 Hz  time=22.28s
[trial 12/20] input_spikes: pn_exc=1757 bg_exc=2361 bg_inh=736
[trial 12/20] spikes=14  rate=14.00 Hz  time=22.45s
[trial 13/20] input_spikes: pn_exc=1475 bg_exc=1735 bg_inh=528
[trial 13/20] spikes=12  rate=12.00 Hz  time=21.66s
[trial 14/20] input_spikes: pn_exc=1665 bg_exc=2283 bg_inh=725
[trial 14/20] spikes=10  rate=10.00 Hz  time=22.29s
[trial 15/20] input_spikes: pn_exc=1655 bg_exc=2457 bg_inh=716
[trial 15/20] spikes=16  rate=16.00 Hz  time=22.45s
[trial 16/20] input_spikes: pn_exc=1641 bg_exc=2191 bg_inh=663
[trial 16/20] spikes=12  rate=12.00 Hz  time=21.97s
[trial 17/20] input_spikes: pn_exc=1683 bg_exc=2154 bg_inh=644
[trial 17/20] spikes=14  rate=14.00 Hz  time=22.47s
[trial 18/20] input_spikes: pn_exc=1675 bg_exc=2368 bg_inh=755
[trial 18/20] spikes=13  rate=13.00 Hz  time=22.08s
[trial 19/20] input_spikes: pn_exc=1757 bg_exc=2458 bg_inh=832
[trial 19/20] spikes=18  rate=18.00 Hz  time=22.56s
[trial 20/20] input_spikes: pn_exc=1648 bg_exc=2240 bg_inh=733
[trial 20/20] spikes=15  rate=15.00 Hz  time=21.94s
save_plots single_plot warning: Top input panel: group list empty, auto-using all groups (3).
Results saved to /home/hrbncv/SCP/cells/SST/tunes/seg_tuned_all/output_data/slurm_45349/parts/slurm_45349_41/run_manifest.json
Total runtime: 446.27s
