Running: /home/hrbncv/miniconda3/envs/BMTK-py311/bin/python /home/hrbncv/SCP/run_pipeline.py --tune-dir /home/hrbncv/SCP/cells/SST/tunes/seg_tuned_all --output-dir /home/hrbncv/SCP/cells/SST/tunes/seg_tuned_all/output_data/slurm_45349/parts --n-trials 20 --output-stem slurm_45349_15 --trial-offset 300 --force-save
Loaded mechanisms from /home/hrbncv/SCP/cells/SST/tunes/seg_tuned_all/modfiles/x86_64/.libs/libnrnmech.so
Loaded Allen cell for 'SST' from /home/hrbncv/SCP/cells/SST/tunes/seg_tuned_all/manifest.json, soma_diam_multiplier=10.0, Vinit=-65.0, loader=genome_fallback
Geometry defined for 'SST': 1 soma segs, 54 proximal dend segs, 52 distal dend segs, 115 total dend segs.
[trial 1/20] input_spikes: pn_exc=1764 bg_exc=2335 bg_inh=746
[trial 1/20] spikes=14  rate=14.00 Hz  time=21.67s
[trial 2/20] input_spikes: pn_exc=1492 bg_exc=1846 bg_inh=573
[trial 2/20] spikes=16  rate=16.00 Hz  time=21.14s
[trial 3/20] input_spikes: pn_exc=1607 bg_exc=2414 bg_inh=740
[trial 3/20] spikes=12  rate=12.00 Hz  time=21.69s
[trial 4/20] input_spikes: pn_exc=1601 bg_exc=2267 bg_inh=692
[trial 4/20] spikes=14  rate=14.00 Hz  time=21.41s
[trial 5/20] input_spikes: pn_exc=1684 bg_exc=2306 bg_inh=696
[trial 5/20] spikes=18  rate=18.00 Hz  time=21.86s
[trial 6/20] input_spikes: pn_exc=1734 bg_exc=2611 bg_inh=770
[trial 6/20] spikes=17  rate=17.00 Hz  time=21.81s
[trial 7/20] input_spikes: pn_exc=1665 bg_exc=2260 bg_inh=733
[trial 7/20] spikes=13  rate=13.00 Hz  time=21.66s
[trial 8/20] input_spikes: pn_exc=1815 bg_exc=2382 bg_inh=764
[trial 8/20] spikes=13  rate=13.00 Hz  time=21.63s
[trial 9/20] input_spikes: pn_exc=1807 bg_exc=2483 bg_inh=740
[trial 9/20] spikes=16  rate=16.00 Hz  time=21.82s
[trial 10/20] input_spikes: pn_exc=1721 bg_exc=2293 bg_inh=786
[trial 10/20] spikes=11  rate=11.00 Hz  time=21.59s
[trial 11/20] input_spikes: pn_exc=1704 bg_exc=2361 bg_inh=734
[trial 11/20] spikes=9  rate=9.00 Hz  time=21.78s
[trial 12/20] input_spikes: pn_exc=1775 bg_exc=2464 bg_inh=792
[trial 12/20] spikes=17  rate=17.00 Hz  time=21.77s
[trial 13/20] input_spikes: pn_exc=1682 bg_exc=2282 bg_inh=721
[trial 13/20] spikes=15  rate=15.00 Hz  time=21.61s
[trial 14/20] input_spikes: pn_exc=1712 bg_exc=2393 bg_inh=755
[trial 14/20] spikes=13  rate=13.00 Hz  time=21.40s
[trial 15/20] input_spikes: pn_exc=1636 bg_exc=2251 bg_inh=699
[trial 15/20] spikes=12  rate=12.00 Hz  time=21.44s
[trial 16/20] input_spikes: pn_exc=1518 bg_exc=1905 bg_inh=592
[trial 16/20] spikes=13  rate=13.00 Hz  time=20.90s
[trial 17/20] input_spikes: pn_exc=1661 bg_exc=2458 bg_inh=803
[trial 17/20] spikes=11  rate=11.00 Hz  time=21.72s
[trial 18/20] input_spikes: pn_exc=1462 bg_exc=1301 bg_inh=374
[trial 18/20] spikes=9  rate=9.00 Hz  time=20.53s
[trial 19/20] input_spikes: pn_exc=1633 bg_exc=2321 bg_inh=739
[trial 19/20] spikes=16  rate=16.00 Hz  time=21.62s
[trial 20/20] input_spikes: pn_exc=1669 bg_exc=2192 bg_inh=709
[trial 20/20] spikes=11  rate=11.00 Hz  time=21.36s
save_plots single_plot warning: Top input panel: group list empty, auto-using all groups (3).
Results saved to /home/hrbncv/SCP/cells/SST/tunes/seg_tuned_all/output_data/slurm_45349/parts/slurm_45349_15/run_manifest.json
Total runtime: 431.79s
