Running: python /home/hrbncv/SCP/run_pipeline.py --tune-dir /home/hrbncv/SCP/cells/PV/tunes/seg_tuned --output-dir /home/hrbncv/SCP/cells/PV/tunes/seg_tuned/output_data/slurm_32387/parts --n-trials 20 --output-stem slurm_32387_45 --trial-offset 900 --force-save
Mechanisms already loaded; skipping duplicate load.
Loaded Allen cell for 'PV' from /home/hrbncv/SCP/cells/PV/tunes/seg_tuned/manifest.json, soma_diam_multiplier=6.0, Vinit=-71.0, loader=allensdk_default
Geometry defined for 'PV': 1 soma segs, 46 proximal dend segs, 41 distal dend segs, 97 total dend segs.
[trial 1/20] input_spikes: pn_exc=2767 bg_exc=909 bg_inh=235
[trial 1/20] spikes=13  rate=13.00 Hz  time=30.26s
[trial 2/20] input_spikes: pn_exc=2874 bg_exc=890 bg_inh=205
[trial 2/20] spikes=13  rate=13.00 Hz  time=29.99s
[trial 3/20] input_spikes: pn_exc=2735 bg_exc=795 bg_inh=181
[trial 3/20] spikes=13  rate=13.00 Hz  time=29.43s
[trial 4/20] input_spikes: pn_exc=2767 bg_exc=793 bg_inh=206
[trial 4/20] spikes=12  rate=12.00 Hz  time=29.42s
[trial 5/20] input_spikes: pn_exc=2642 bg_exc=781 bg_inh=182
[trial 5/20] spikes=12  rate=12.00 Hz  time=29.29s
[trial 6/20] input_spikes: pn_exc=2719 bg_exc=864 bg_inh=207
[trial 6/20] spikes=12  rate=12.00 Hz  time=29.51s
[trial 7/20] input_spikes: pn_exc=2744 bg_exc=801 bg_inh=205
[trial 7/20] spikes=12  rate=12.00 Hz  time=29.80s
[trial 8/20] input_spikes: pn_exc=2834 bg_exc=881 bg_inh=190
[trial 8/20] spikes=12  rate=12.00 Hz  time=29.81s
[trial 9/20] input_spikes: pn_exc=2790 bg_exc=879 bg_inh=214
[trial 9/20] spikes=13  rate=13.00 Hz  time=29.92s
[trial 10/20] input_spikes: pn_exc=2776 bg_exc=930 bg_inh=196
[trial 10/20] spikes=12  rate=12.00 Hz  time=29.65s
[trial 11/20] input_spikes: pn_exc=2706 bg_exc=855 bg_inh=207
[trial 11/20] spikes=12  rate=12.00 Hz  time=29.72s
[trial 12/20] input_spikes: pn_exc=2827 bg_exc=823 bg_inh=208
[trial 12/20] spikes=13  rate=13.00 Hz  time=29.74s
[trial 13/20] input_spikes: pn_exc=2611 bg_exc=792 bg_inh=174
[trial 13/20] spikes=10  rate=10.00 Hz  time=29.72s
[trial 14/20] input_spikes: pn_exc=2457 bg_exc=724 bg_inh=153
[trial 14/20] spikes=13  rate=13.00 Hz  time=29.73s
[trial 15/20] input_spikes: pn_exc=2770 bg_exc=870 bg_inh=225
[trial 15/20] spikes=12  rate=12.00 Hz  time=29.57s
[trial 16/20] input_spikes: pn_exc=2733 bg_exc=821 bg_inh=212
[trial 16/20] spikes=11  rate=11.00 Hz  time=29.90s
[trial 17/20] input_spikes: pn_exc=2539 bg_exc=731 bg_inh=178
[trial 17/20] spikes=12  rate=12.00 Hz  time=29.77s
[trial 18/20] input_spikes: pn_exc=2704 bg_exc=774 bg_inh=182
[trial 18/20] spikes=11  rate=11.00 Hz  time=29.70s
[trial 19/20] input_spikes: pn_exc=2780 bg_exc=835 bg_inh=183
[trial 19/20] spikes=13  rate=13.00 Hz  time=29.77s
[trial 20/20] input_spikes: pn_exc=2621 bg_exc=759 bg_inh=179
[trial 20/20] spikes=11  rate=11.00 Hz  time=29.04s
save_plots single_plot warning: Top input panel: group list empty, auto-using all groups (3).
save_plots single_plot warning: Input raster panel: group list empty, auto-using all groups (3).
Results saved to /home/hrbncv/SCP/cells/PV/tunes/seg_tuned/output_data/slurm_32387/parts/slurm_32387_45/run_manifest.json
Total runtime: 707.28s
