Running: /home/hrbncv/miniconda3/envs/BMTK-py311/bin/python /home/hrbncv/SCP/run_pipeline.py --tune-dir /home/hrbncv/SCP/cells/SST/tunes/seg_tuned_all --output-dir /home/hrbncv/SCP/cells/SST/tunes/seg_tuned_all/output_data/slurm_42203/parts --n-trials 100 --output-stem slurm_42203_36 --trial-offset 3600 --force-save
Loaded mechanisms from /home/hrbncv/SCP/cells/SST/tunes/seg_tuned_all/modfiles/x86_64/.libs/libnrnmech.so
Loaded Allen cell for 'SST' from /home/hrbncv/SCP/cells/SST/tunes/seg_tuned_all/manifest.json, soma_diam_multiplier=10.0, Vinit=-65.0, loader=genome_fallback
Geometry defined for 'SST': 1 soma segs, 54 proximal dend segs, 52 distal dend segs, 115 total dend segs.
[trial 1/100] input_spikes: pn_exc=1662 vip_inh_bio=410 bg_exc=2387 bg_inh=775
[trial 1/100] spikes=6  rate=6.00 Hz  time=22.23s
[trial 2/100] input_spikes: pn_exc=1751 vip_inh_bio=370 bg_exc=2424 bg_inh=756
[trial 2/100] spikes=2  rate=2.00 Hz  time=22.47s
[trial 3/100] input_spikes: pn_exc=1631 vip_inh_bio=324 bg_exc=2132 bg_inh=671
[trial 3/100] spikes=5  rate=5.00 Hz  time=22.02s
[trial 4/100] input_spikes: pn_exc=1656 vip_inh_bio=346 bg_exc=2312 bg_inh=742
[trial 4/100] spikes=5  rate=5.00 Hz  time=22.06s
[trial 5/100] input_spikes: pn_exc=1586 vip_inh_bio=337 bg_exc=2191 bg_inh=664
[trial 5/100] spikes=2  rate=2.00 Hz  time=22.08s
[trial 6/100] input_spikes: pn_exc=1639 vip_inh_bio=355 bg_exc=2162 bg_inh=687
[trial 6/100] spikes=4  rate=4.00 Hz  time=21.92s
[trial 7/100] input_spikes: pn_exc=1715 vip_inh_bio=374 bg_exc=2457 bg_inh=756
[trial 7/100] spikes=5  rate=5.00 Hz  time=22.40s
[trial 8/100] input_spikes: pn_exc=1584 vip_inh_bio=356 bg_exc=2243 bg_inh=720
[trial 8/100] spikes=1  rate=1.00 Hz  time=22.04s
[trial 9/100] input_spikes: pn_exc=1684 vip_inh_bio=366 bg_exc=2332 bg_inh=747
[trial 9/100] spikes=2  rate=2.00 Hz  time=22.11s
[trial 10/100] input_spikes: pn_exc=1637 vip_inh_bio=330 bg_exc=2094 bg_inh=655
[trial 10/100] spikes=4  rate=4.00 Hz  time=21.91s
[trial 11/100] input_spikes: pn_exc=1745 vip_inh_bio=395 bg_exc=2532 bg_inh=807
[trial 11/100] spikes=4  rate=4.00 Hz  time=22.39s
[trial 12/100] input_spikes: pn_exc=1623 vip_inh_bio=347 bg_exc=2331 bg_inh=720
[trial 12/100] spikes=4  rate=4.00 Hz  time=22.18s
[trial 13/100] input_spikes: pn_exc=1706 vip_inh_bio=358 bg_exc=2475 bg_inh=754
[trial 13/100] spikes=4  rate=4.00 Hz  time=22.31s
[trial 14/100] input_spikes: pn_exc=1660 vip_inh_bio=377 bg_exc=2406 bg_inh=723
[trial 14/100] spikes=3  rate=3.00 Hz  time=22.26s
[trial 15/100] input_spikes: pn_exc=1755 vip_inh_bio=421 bg_exc=2500 bg_inh=774
[trial 15/100] spikes=2  rate=2.00 Hz  time=22.46s
[trial 16/100] input_spikes: pn_exc=1746 vip_inh_bio=374 bg_exc=2493 bg_inh=792
[trial 16/100] spikes=5  rate=5.00 Hz  time=22.27s
[trial 17/100] input_spikes: pn_exc=1724 vip_inh_bio=397 bg_exc=2435 bg_inh=752
[trial 17/100] spikes=4  rate=4.00 Hz  time=22.30s
[trial 18/100] input_spikes: pn_exc=1683 vip_inh_bio=362 bg_exc=2294 bg_inh=722
[trial 18/100] spikes=4  rate=4.00 Hz  time=22.07s
[trial 19/100] input_spikes: pn_exc=1646 vip_inh_bio=346 bg_exc=2203 bg_inh=670
[trial 19/100] spikes=3  rate=3.00 Hz  time=22.01s
[trial 20/100] input_spikes: pn_exc=1677 vip_inh_bio=371 bg_exc=2226 bg_inh=711
[trial 20/100] spikes=6  rate=6.00 Hz  time=22.00s
[trial 21/100] input_spikes: pn_exc=1665 vip_inh_bio=382 bg_exc=2239 bg_inh=681
[trial 21/100] spikes=0  rate=0.00 Hz  time=22.09s
[trial 22/100] input_spikes: pn_exc=1731 vip_inh_bio=389 bg_exc=2503 bg_inh=812
[trial 22/100] spikes=0  rate=0.00 Hz  time=22.47s
[trial 23/100] input_spikes: pn_exc=1629 vip_inh_bio=372 bg_exc=2391 bg_inh=740
[trial 23/100] spikes=6  rate=6.00 Hz  time=22.33s
[trial 24/100] input_spikes: pn_exc=1515 vip_inh_bio=329 bg_exc=1977 bg_inh=613
[trial 24/100] spikes=8  rate=8.00 Hz  time=21.73s
[trial 25/100] input_spikes: pn_exc=1680 vip_inh_bio=373 bg_exc=2481 bg_inh=805
[trial 25/100] spikes=6  rate=6.00 Hz  time=22.32s
[trial 26/100] input_spikes: pn_exc=1731 vip_inh_bio=395 bg_exc=2359 bg_inh=712
[trial 26/100] spikes=4  rate=4.00 Hz  time=22.19s
[trial 27/100] input_spikes: pn_exc=1529 vip_inh_bio=331 bg_exc=1854 bg_inh=551
[trial 27/100] spikes=9  rate=9.00 Hz  time=21.72s
[trial 28/100] input_spikes: pn_exc=1668 vip_inh_bio=364 bg_exc=2338 bg_inh=772
[trial 28/100] spikes=3  rate=3.00 Hz  time=22.13s
[trial 29/100] input_spikes: pn_exc=1769 vip_inh_bio=381 bg_exc=2469 bg_inh=741
[trial 29/100] spikes=6  rate=6.00 Hz  time=22.12s
[trial 30/100] input_spikes: pn_exc=1671 vip_inh_bio=347 bg_exc=2268 bg_inh=678
[trial 30/100] spikes=7  rate=7.00 Hz  time=21.82s
[trial 31/100] input_spikes: pn_exc=1802 vip_inh_bio=395 bg_exc=2526 bg_inh=801
[trial 31/100] spikes=4  rate=4.00 Hz  time=22.39s
[trial 32/100] input_spikes: pn_exc=1657 vip_inh_bio=384 bg_exc=2316 bg_inh=669
[trial 32/100] spikes=9  rate=9.00 Hz  time=22.08s
[trial 33/100] input_spikes: pn_exc=1684 vip_inh_bio=388 bg_exc=2244 bg_inh=671
[trial 33/100] spikes=4  rate=4.00 Hz  time=22.13s
[trial 34/100] input_spikes: pn_exc=1698 vip_inh_bio=364 bg_exc=2349 bg_inh=742
[trial 34/100] spikes=4  rate=4.00 Hz  time=22.19s
[trial 35/100] input_spikes: pn_exc=1592 vip_inh_bio=354 bg_exc=2180 bg_inh=677
[trial 35/100] spikes=6  rate=6.00 Hz  time=21.93s
[trial 36/100] input_spikes: pn_exc=1659 vip_inh_bio=386 bg_exc=2317 bg_inh=708
[trial 36/100] spikes=4  rate=4.00 Hz  time=21.79s
[trial 37/100] input_spikes: pn_exc=1496 vip_inh_bio=326 bg_exc=1965 bg_inh=602
[trial 37/100] spikes=7  rate=7.00 Hz  time=21.52s
[trial 38/100] input_spikes: pn_exc=1460 vip_inh_bio=306 bg_exc=1654 bg_inh=472
[trial 38/100] spikes=3  rate=3.00 Hz  time=21.28s
[trial 39/100] input_spikes: pn_exc=1754 vip_inh_bio=368 bg_exc=2358 bg_inh=771
[trial 39/100] spikes=5  rate=5.00 Hz  time=22.02s
[trial 40/100] input_spikes: pn_exc=1551 vip_inh_bio=341 bg_exc=2139 bg_inh=628
[trial 40/100] spikes=4  rate=4.00 Hz  time=21.51s
[trial 41/100] input_spikes: pn_exc=1691 vip_inh_bio=400 bg_exc=2417 bg_inh=789
[trial 41/100] spikes=4  rate=4.00 Hz  time=21.96s
[trial 42/100] input_spikes: pn_exc=1444 vip_inh_bio=354 bg_exc=1620 bg_inh=571
[trial 42/100] spikes=3  rate=3.00 Hz  time=21.06s
[trial 43/100] input_spikes: pn_exc=1739 vip_inh_bio=397 bg_exc=2396 bg_inh=781
[trial 43/100] spikes=2  rate=2.00 Hz  time=22.03s
[trial 44/100] input_spikes: pn_exc=1629 vip_inh_bio=345 bg_exc=2119 bg_inh=685
[trial 44/100] spikes=10  rate=10.00 Hz  time=21.64s
[trial 45/100] input_spikes: pn_exc=1629 vip_inh_bio=338 bg_exc=2147 bg_inh=681
[trial 45/100] spikes=4  rate=4.00 Hz  time=21.78s
[trial 46/100] input_spikes: pn_exc=1664 vip_inh_bio=353 bg_exc=2360 bg_inh=738
[trial 46/100] spikes=7  rate=7.00 Hz  time=21.64s
[trial 47/100] input_spikes: pn_exc=1658 vip_inh_bio=388 bg_exc=2188 bg_inh=662
[trial 47/100] spikes=4  rate=4.00 Hz  time=21.72s
[trial 48/100] input_spikes: pn_exc=1729 vip_inh_bio=393 bg_exc=2444 bg_inh=783
[trial 48/100] spikes=5  rate=5.00 Hz  time=22.00s
[trial 49/100] input_spikes: pn_exc=1713 vip_inh_bio=391 bg_exc=2538 bg_inh=770
[trial 49/100] spikes=1  rate=1.00 Hz  time=22.10s
[trial 50/100] input_spikes: pn_exc=1422 vip_inh_bio=368 bg_exc=1894 bg_inh=570
[trial 50/100] spikes=4  rate=4.00 Hz  time=21.35s
[trial 51/100] input_spikes: pn_exc=1800 vip_inh_bio=362 bg_exc=2401 bg_inh=774
[trial 51/100] spikes=7  rate=7.00 Hz  time=21.93s
[trial 52/100] input_spikes: pn_exc=1815 vip_inh_bio=369 bg_exc=2482 bg_inh=820
[trial 52/100] spikes=3  rate=3.00 Hz  time=22.04s
[trial 53/100] input_spikes: pn_exc=1800 vip_inh_bio=338 bg_exc=2429 bg_inh=828
[trial 53/100] spikes=6  rate=6.00 Hz  time=22.29s
[trial 54/100] input_spikes: pn_exc=1740 vip_inh_bio=353 bg_exc=2389 bg_inh=716
[trial 54/100] spikes=6  rate=6.00 Hz  time=21.83s
[trial 55/100] input_spikes: pn_exc=1747 vip_inh_bio=376 bg_exc=2431 bg_inh=734
[trial 55/100] spikes=6  rate=6.00 Hz  time=21.93s
[trial 56/100] input_spikes: pn_exc=1486 vip_inh_bio=290 bg_exc=1832 bg_inh=587
[trial 56/100] spikes=3  rate=3.00 Hz  time=21.20s
[trial 57/100] input_spikes: pn_exc=1708 vip_inh_bio=350 bg_exc=2323 bg_inh=751
[trial 57/100] spikes=2  rate=2.00 Hz  time=21.83s
[trial 58/100] input_spikes: pn_exc=1746 vip_inh_bio=375 bg_exc=2197 bg_inh=706
[trial 58/100] spikes=3  rate=3.00 Hz  time=21.63s
[trial 59/100] input_spikes: pn_exc=1580 vip_inh_bio=342 bg_exc=2110 bg_inh=644
[trial 59/100] spikes=4  rate=4.00 Hz  time=21.71s
[trial 60/100] input_spikes: pn_exc=1694 vip_inh_bio=379 bg_exc=2428 bg_inh=812
[trial 60/100] spikes=7  rate=7.00 Hz  time=21.91s
[trial 61/100] input_spikes: pn_exc=1681 vip_inh_bio=373 bg_exc=2279 bg_inh=716
[trial 61/100] spikes=5  rate=5.00 Hz  time=21.85s
[trial 62/100] input_spikes: pn_exc=1692 vip_inh_bio=405 bg_exc=2395 bg_inh=711
[trial 62/100] spikes=0  rate=0.00 Hz  time=21.97s
[trial 63/100] input_spikes: pn_exc=1769 vip_inh_bio=375 bg_exc=2585 bg_inh=783
[trial 63/100] spikes=5  rate=5.00 Hz  time=23.19s
[trial 64/100] input_spikes: pn_exc=1746 vip_inh_bio=362 bg_exc=2279 bg_inh=761
[trial 64/100] spikes=6  rate=6.00 Hz  time=23.80s
[trial 65/100] input_spikes: pn_exc=1687 vip_inh_bio=365 bg_exc=2345 bg_inh=695
[trial 65/100] spikes=3  rate=3.00 Hz  time=22.29s
[trial 66/100] input_spikes: pn_exc=1693 vip_inh_bio=334 bg_exc=2301 bg_inh=705
[trial 66/100] spikes=1  rate=1.00 Hz  time=22.91s
[trial 67/100] input_spikes: pn_exc=1736 vip_inh_bio=370 bg_exc=2409 bg_inh=787
[trial 67/100] spikes=2  rate=2.00 Hz  time=22.12s
[trial 68/100] input_spikes: pn_exc=1759 vip_inh_bio=400 bg_exc=2493 bg_inh=789
[trial 68/100] spikes=6  rate=6.00 Hz  time=21.96s
[trial 69/100] input_spikes: pn_exc=1707 vip_inh_bio=368 bg_exc=2463 bg_inh=774
[trial 69/100] spikes=1  rate=1.00 Hz  time=22.24s
[trial 70/100] input_spikes: pn_exc=1715 vip_inh_bio=378 bg_exc=2468 bg_inh=761
[trial 70/100] spikes=2  rate=2.00 Hz  time=21.98s
[trial 71/100] input_spikes: pn_exc=1744 vip_inh_bio=397 bg_exc=2362 bg_inh=792
[trial 71/100] spikes=5  rate=5.00 Hz  time=22.25s
[trial 72/100] input_spikes: pn_exc=1616 vip_inh_bio=348 bg_exc=2180 bg_inh=720
[trial 72/100] spikes=6  rate=6.00 Hz  time=21.58s
[trial 73/100] input_spikes: pn_exc=1646 vip_inh_bio=360 bg_exc=2307 bg_inh=746
[trial 73/100] spikes=7  rate=7.00 Hz  time=21.82s
[trial 74/100] input_spikes: pn_exc=1718 vip_inh_bio=391 bg_exc=2341 bg_inh=696
[trial 74/100] spikes=2  rate=2.00 Hz  time=22.04s
[trial 75/100] input_spikes: pn_exc=1537 vip_inh_bio=366 bg_exc=2199 bg_inh=676
[trial 75/100] spikes=6  rate=6.00 Hz  time=21.89s
[trial 76/100] input_spikes: pn_exc=1648 vip_inh_bio=383 bg_exc=2426 bg_inh=746
[trial 76/100] spikes=4  rate=4.00 Hz  time=21.93s
[trial 77/100] input_spikes: pn_exc=1683 vip_inh_bio=415 bg_exc=2409 bg_inh=785
[trial 77/100] spikes=3  rate=3.00 Hz  time=22.09s
[trial 78/100] input_spikes: pn_exc=1601 vip_inh_bio=356 bg_exc=2411 bg_inh=673
[trial 78/100] spikes=2  rate=2.00 Hz  time=21.90s
[trial 79/100] input_spikes: pn_exc=1579 vip_inh_bio=337 bg_exc=2284 bg_inh=763
[trial 79/100] spikes=0  rate=0.00 Hz  time=22.03s
[trial 80/100] input_spikes: pn_exc=1718 vip_inh_bio=359 bg_exc=2440 bg_inh=753
[trial 80/100] spikes=4  rate=4.00 Hz  time=21.97s
[trial 81/100] input_spikes: pn_exc=1732 vip_inh_bio=418 bg_exc=2422 bg_inh=744
[trial 81/100] spikes=5  rate=5.00 Hz  time=22.09s
[trial 82/100] input_spikes: pn_exc=1692 vip_inh_bio=363 bg_exc=2344 bg_inh=723
[trial 82/100] spikes=10  rate=10.00 Hz  time=21.93s
[trial 83/100] input_spikes: pn_exc=1706 vip_inh_bio=368 bg_exc=2507 bg_inh=763
[trial 83/100] spikes=6  rate=6.00 Hz  time=22.21s
[trial 84/100] input_spikes: pn_exc=1709 vip_inh_bio=395 bg_exc=2558 bg_inh=789
[trial 84/100] spikes=3  rate=3.00 Hz  time=22.27s
[trial 85/100] input_spikes: pn_exc=1700 vip_inh_bio=327 bg_exc=2256 bg_inh=663
[trial 85/100] spikes=6  rate=6.00 Hz  time=21.92s
[trial 86/100] input_spikes: pn_exc=1743 vip_inh_bio=366 bg_exc=2442 bg_inh=756
[trial 86/100] spikes=5  rate=5.00 Hz  time=22.15s
[trial 87/100] input_spikes: pn_exc=1683 vip_inh_bio=380 bg_exc=2142 bg_inh=695
[trial 87/100] spikes=4  rate=4.00 Hz  time=21.91s
[trial 88/100] input_spikes: pn_exc=1500 vip_inh_bio=312 bg_exc=1274 bg_inh=408
[trial 88/100] spikes=2  rate=2.00 Hz  time=21.08s
[trial 89/100] input_spikes: pn_exc=1765 vip_inh_bio=384 bg_exc=2480 bg_inh=792
[trial 89/100] spikes=5  rate=5.00 Hz  time=22.22s
[trial 90/100] input_spikes: pn_exc=1784 vip_inh_bio=370 bg_exc=2594 bg_inh=817
[trial 90/100] spikes=7  rate=7.00 Hz  time=22.17s
[trial 91/100] input_spikes: pn_exc=1720 vip_inh_bio=384 bg_exc=2461 bg_inh=755
[trial 91/100] spikes=3  rate=3.00 Hz  time=22.19s
[trial 92/100] input_spikes: pn_exc=1707 vip_inh_bio=361 bg_exc=2411 bg_inh=756
[trial 92/100] spikes=7  rate=7.00 Hz  time=21.92s
[trial 93/100] input_spikes: pn_exc=1585 vip_inh_bio=348 bg_exc=2159 bg_inh=684
[trial 93/100] spikes=5  rate=5.00 Hz  time=21.80s
[trial 94/100] input_spikes: pn_exc=1734 vip_inh_bio=382 bg_exc=2510 bg_inh=707
[trial 94/100] spikes=3  rate=3.00 Hz  time=22.25s
[trial 95/100] input_spikes: pn_exc=1422 vip_inh_bio=318 bg_exc=1734 bg_inh=546
[trial 95/100] spikes=7  rate=7.00 Hz  time=21.44s
[trial 96/100] input_spikes: pn_exc=1790 vip_inh_bio=394 bg_exc=2436 bg_inh=704
[trial 96/100] spikes=5  rate=5.00 Hz  time=22.06s
[trial 97/100] input_spikes: pn_exc=1684 vip_inh_bio=390 bg_exc=2375 bg_inh=757
[trial 97/100] spikes=2  rate=2.00 Hz  time=22.17s
[trial 98/100] input_spikes: pn_exc=1611 vip_inh_bio=386 bg_exc=2273 bg_inh=702
[trial 98/100] spikes=3  rate=3.00 Hz  time=21.86s
[trial 99/100] input_spikes: pn_exc=1835 vip_inh_bio=401 bg_exc=2425 bg_inh=758
[trial 99/100] spikes=3  rate=3.00 Hz  time=21.91s
[trial 100/100] input_spikes: pn_exc=1626 vip_inh_bio=376 bg_exc=2252 bg_inh=687
[trial 100/100] spikes=5  rate=5.00 Hz  time=21.17s
save_plots single_plot warning: Top input panel: group list empty, auto-using all groups (4).
Results saved to /home/hrbncv/SCP/cells/SST/tunes/seg_tuned_all/output_data/slurm_42203/parts/slurm_42203_36/run_manifest.json
Total runtime: 2203.84s
