Running: python /home/hrbncv/SCP/run_pipeline.py --tune-dir /home/hrbncv/SCP/cells/SST/tunes/seg_tuned_all --output-dir /home/hrbncv/SCP/cells/SST/tunes/seg_tuned_all/output_data/slurm_35973/parts --n-trials 20 --output-stem slurm_35973_30 --trial-offset 600 --force-save
Loaded mechanisms from /home/hrbncv/SCP/cells/SST/tunes/seg_tuned_all/modfiles/x86_64/.libs/libnrnmech.so
Loaded Allen cell for 'SST' from /home/hrbncv/SCP/cells/SST/tunes/seg_tuned_all/manifest.json, soma_diam_multiplier=10.0, Vinit=-65.0, loader=genome_fallback
Geometry defined for 'SST': 1 soma segs, 54 proximal dend segs, 52 distal dend segs, 115 total dend segs.
[trial 1/20] input_spikes: pn_exc=1655 bg_exc=2196 bg_inh=661
[trial 1/20] spikes=6  rate=6.00 Hz  time=22.77s
[trial 2/20] input_spikes: pn_exc=1647 bg_exc=2208 bg_inh=678
[trial 2/20] spikes=1  rate=1.00 Hz  time=22.85s
[trial 3/20] input_spikes: pn_exc=1738 bg_exc=2342 bg_inh=744
[trial 3/20] spikes=4  rate=4.00 Hz  time=23.43s
[trial 4/20] input_spikes: pn_exc=1650 bg_exc=2252 bg_inh=648
[trial 4/20] spikes=5  rate=5.00 Hz  time=22.96s
[trial 5/20] input_spikes: pn_exc=1620 bg_exc=2079 bg_inh=639
[trial 5/20] spikes=6  rate=6.00 Hz  time=22.77s
[trial 6/20] input_spikes: pn_exc=1734 bg_exc=2276 bg_inh=707
[trial 6/20] spikes=5  rate=5.00 Hz  time=22.62s
[trial 7/20] input_spikes: pn_exc=1671 bg_exc=2303 bg_inh=716
[trial 7/20] spikes=3  rate=3.00 Hz  time=22.77s
[trial 8/20] input_spikes: pn_exc=1668 bg_exc=2494 bg_inh=760
[trial 8/20] spikes=3  rate=3.00 Hz  time=23.00s
[trial 9/20] input_spikes: pn_exc=1650 bg_exc=2307 bg_inh=743
[trial 9/20] spikes=6  rate=6.00 Hz  time=22.77s
[trial 10/20] input_spikes: pn_exc=1725 bg_exc=2418 bg_inh=791
[trial 10/20] spikes=4  rate=4.00 Hz  time=22.77s
[trial 11/20] input_spikes: pn_exc=1636 bg_exc=2421 bg_inh=762
[trial 11/20] spikes=3  rate=3.00 Hz  time=23.02s
[trial 12/20] input_spikes: pn_exc=1756 bg_exc=2420 bg_inh=815
[trial 12/20] spikes=4  rate=4.00 Hz  time=23.09s
[trial 13/20] input_spikes: pn_exc=1672 bg_exc=2432 bg_inh=715
[trial 13/20] spikes=4  rate=4.00 Hz  time=23.04s
[trial 14/20] input_spikes: pn_exc=1639 bg_exc=2314 bg_inh=741
[trial 14/20] spikes=1  rate=1.00 Hz  time=22.78s
[trial 15/20] input_spikes: pn_exc=1555 bg_exc=1960 bg_inh=609
[trial 15/20] spikes=6  rate=6.00 Hz  time=22.29s
[trial 16/20] input_spikes: pn_exc=1741 bg_exc=2373 bg_inh=743
[trial 16/20] spikes=4  rate=4.00 Hz  time=22.96s
[trial 17/20] input_spikes: pn_exc=1656 bg_exc=2389 bg_inh=727
[trial 17/20] spikes=5  rate=5.00 Hz  time=22.95s
[trial 18/20] input_spikes: pn_exc=1713 bg_exc=2351 bg_inh=708
[trial 18/20] spikes=5  rate=5.00 Hz  time=22.64s
[trial 19/20] input_spikes: pn_exc=1570 bg_exc=2093 bg_inh=699
[trial 19/20] spikes=3  rate=3.00 Hz  time=22.54s
[trial 20/20] input_spikes: pn_exc=1514 bg_exc=1879 bg_inh=563
[trial 20/20] spikes=4  rate=4.00 Hz  time=20.25s
Results saved to /home/hrbncv/SCP/cells/SST/tunes/seg_tuned_all/output_data/slurm_35973/parts/slurm_35973_30/run_manifest.json
Total runtime: 454.55s
