Running: python /home/hrbncv/SCP/run_pipeline.py --tune-dir /home/hrbncv/SCP/cells/PV/tunes/seg_tuned --output-dir /home/hrbncv/SCP/cells/PV/tunes/seg_tuned/output_data/slurm_35079/parts --n-trials 40 --output-stem slurm_35079_7 --trial-offset 280 --force-save
Mechanisms already loaded; skipping duplicate load.
Loaded Allen cell for 'PV' from /home/hrbncv/SCP/cells/PV/tunes/seg_tuned/manifest.json, soma_diam_multiplier=6.0, Vinit=-71.0, loader=allensdk_default
Geometry defined for 'PV': 1 soma segs, 46 proximal dend segs, 41 distal dend segs, 97 total dend segs.
[trial 1/40] input_spikes: pn_exc=2688 bg_exc=798 bg_inh=191 sst_inh=382 pv_inh=746
[trial 1/40] spikes=7  rate=7.00 Hz  time=27.33s
[trial 2/40] input_spikes: pn_exc=2690 bg_exc=852 bg_inh=181 sst_inh=380 pv_inh=744
[trial 2/40] spikes=8  rate=8.00 Hz  time=27.19s
[trial 3/40] input_spikes: pn_exc=2857 bg_exc=911 bg_inh=227 sst_inh=342 pv_inh=727
[trial 3/40] spikes=8  rate=8.00 Hz  time=26.69s
[trial 4/40] input_spikes: pn_exc=2830 bg_exc=881 bg_inh=205 sst_inh=373 pv_inh=752
[trial 4/40] spikes=7  rate=7.00 Hz  time=27.24s
[trial 5/40] input_spikes: pn_exc=2902 bg_exc=818 bg_inh=205 sst_inh=397 pv_inh=758
[trial 5/40] spikes=7  rate=7.00 Hz  time=27.29s
[trial 6/40] input_spikes: pn_exc=2703 bg_exc=810 bg_inh=185 sst_inh=395 pv_inh=740
[trial 6/40] spikes=7  rate=7.00 Hz  time=26.66s
[trial 7/40] input_spikes: pn_exc=2838 bg_exc=823 bg_inh=215 sst_inh=399 pv_inh=734
[trial 7/40] spikes=6  rate=6.00 Hz  time=27.14s
[trial 8/40] input_spikes: pn_exc=2836 bg_exc=869 bg_inh=195 sst_inh=381 pv_inh=740
[trial 8/40] spikes=6  rate=6.00 Hz  time=27.44s
[trial 9/40] input_spikes: pn_exc=2820 bg_exc=877 bg_inh=203 sst_inh=384 pv_inh=758
[trial 9/40] spikes=6  rate=6.00 Hz  time=26.77s
[trial 10/40] input_spikes: pn_exc=2923 bg_exc=903 bg_inh=207 sst_inh=373 pv_inh=757
[trial 10/40] spikes=8  rate=8.00 Hz  time=27.12s
[trial 11/40] input_spikes: pn_exc=2532 bg_exc=710 bg_inh=163 sst_inh=369 pv_inh=749
[trial 11/40] spikes=6  rate=6.00 Hz  time=27.04s
[trial 12/40] input_spikes: pn_exc=2707 bg_exc=778 bg_inh=182 sst_inh=393 pv_inh=744
[trial 12/40] spikes=6  rate=6.00 Hz  time=26.68s
[trial 13/40] input_spikes: pn_exc=2868 bg_exc=862 bg_inh=220 sst_inh=378 pv_inh=731
[trial 13/40] spikes=6  rate=6.00 Hz  time=27.17s
[trial 14/40] input_spikes: pn_exc=2714 bg_exc=862 bg_inh=196 sst_inh=365 pv_inh=732
[trial 14/40] spikes=7  rate=7.00 Hz  time=27.20s
[trial 15/40] input_spikes: pn_exc=2481 bg_exc=604 bg_inh=137 sst_inh=379 pv_inh=754
[trial 15/40] spikes=7  rate=7.00 Hz  time=26.85s
[trial 16/40] input_spikes: pn_exc=2854 bg_exc=860 bg_inh=207 sst_inh=367 pv_inh=743
[trial 16/40] spikes=8  rate=8.00 Hz  time=27.55s
[trial 17/40] input_spikes: pn_exc=2719 bg_exc=792 bg_inh=194 sst_inh=344 pv_inh=746
[trial 17/40] spikes=6  rate=6.00 Hz  time=27.03s
[trial 18/40] input_spikes: pn_exc=2647 bg_exc=746 bg_inh=190 sst_inh=375 pv_inh=749
[trial 18/40] spikes=6  rate=6.00 Hz  time=26.71s
[trial 19/40] input_spikes: pn_exc=2889 bg_exc=870 bg_inh=211 sst_inh=371 pv_inh=744
[trial 19/40] spikes=7  rate=7.00 Hz  time=27.37s
[trial 20/40] input_spikes: pn_exc=2732 bg_exc=849 bg_inh=195 sst_inh=381 pv_inh=749
[trial 20/40] spikes=7  rate=7.00 Hz  time=27.19s
[trial 21/40] input_spikes: pn_exc=2876 bg_exc=829 bg_inh=202 sst_inh=378 pv_inh=761
[trial 21/40] spikes=6  rate=6.00 Hz  time=26.71s
[trial 22/40] input_spikes: pn_exc=2775 bg_exc=802 bg_inh=213 sst_inh=375 pv_inh=735
[trial 22/40] spikes=7  rate=7.00 Hz  time=27.20s
[trial 23/40] input_spikes: pn_exc=2747 bg_exc=806 bg_inh=176 sst_inh=358 pv_inh=749
[trial 23/40] spikes=6  rate=6.00 Hz  time=27.19s
[trial 24/40] input_spikes: pn_exc=2805 bg_exc=820 bg_inh=203 sst_inh=388 pv_inh=759
[trial 24/40] spikes=7  rate=7.00 Hz  time=26.68s
[trial 25/40] input_spikes: pn_exc=2536 bg_exc=707 bg_inh=180 sst_inh=373 pv_inh=760
[trial 25/40] spikes=6  rate=6.00 Hz  time=27.06s
[trial 26/40] input_spikes: pn_exc=2788 bg_exc=867 bg_inh=231 sst_inh=380 pv_inh=739
[trial 26/40] spikes=7  rate=7.00 Hz  time=27.11s
[trial 27/40] input_spikes: pn_exc=2674 bg_exc=852 bg_inh=194 sst_inh=365 pv_inh=728
[trial 27/40] spikes=6  rate=6.00 Hz  time=26.74s
[trial 28/40] input_spikes: pn_exc=2906 bg_exc=829 bg_inh=225 sst_inh=346 pv_inh=747
[trial 28/40] spikes=5  rate=5.00 Hz  time=27.17s
[trial 29/40] input_spikes: pn_exc=2462 bg_exc=632 bg_inh=148 sst_inh=379 pv_inh=732
[trial 29/40] spikes=6  rate=6.00 Hz  time=27.16s
[trial 30/40] input_spikes: pn_exc=2586 bg_exc=717 bg_inh=187 sst_inh=343 pv_inh=751
[trial 30/40] spikes=7  rate=7.00 Hz  time=26.72s
[trial 31/40] input_spikes: pn_exc=2707 bg_exc=786 bg_inh=219 sst_inh=364 pv_inh=748
[trial 31/40] spikes=6  rate=6.00 Hz  time=27.14s
[trial 32/40] input_spikes: pn_exc=2815 bg_exc=778 bg_inh=194 sst_inh=400 pv_inh=758
[trial 32/40] spikes=6  rate=6.00 Hz  time=27.13s
[trial 33/40] input_spikes: pn_exc=2789 bg_exc=881 bg_inh=209 sst_inh=376 pv_inh=758
[trial 33/40] spikes=9  rate=9.00 Hz  time=27.12s
[trial 34/40] input_spikes: pn_exc=2863 bg_exc=923 bg_inh=214 sst_inh=376 pv_inh=735
[trial 34/40] spikes=8  rate=8.00 Hz  time=27.80s
[trial 35/40] input_spikes: pn_exc=2929 bg_exc=836 bg_inh=186 sst_inh=357 pv_inh=749
[trial 35/40] spikes=9  rate=9.00 Hz  time=27.75s
[trial 36/40] input_spikes: pn_exc=2842 bg_exc=847 bg_inh=226 sst_inh=406 pv_inh=751
[trial 36/40] spikes=6  rate=6.00 Hz  time=27.42s
[trial 37/40] input_spikes: pn_exc=2844 bg_exc=817 bg_inh=206 sst_inh=373 pv_inh=753
[trial 37/40] spikes=5  rate=5.00 Hz  time=27.83s
[trial 38/40] input_spikes: pn_exc=2832 bg_exc=894 bg_inh=201 sst_inh=393 pv_inh=742
[trial 38/40] spikes=6  rate=6.00 Hz  time=27.95s
[trial 39/40] input_spikes: pn_exc=2841 bg_exc=887 bg_inh=201 sst_inh=361 pv_inh=747
[trial 39/40] spikes=8  rate=8.00 Hz  time=27.35s
[trial 40/40] input_spikes: pn_exc=2840 bg_exc=870 bg_inh=240 sst_inh=387 pv_inh=743
[trial 40/40] spikes=8  rate=8.00 Hz  time=27.91s
save_plots single_plot warning: Top input panel: group list empty, auto-using all groups (5).
Results saved to /home/hrbncv/SCP/cells/PV/tunes/seg_tuned/output_data/slurm_35079/parts/slurm_35079_7/run_manifest.json
Total runtime: 1088.44s
