Running: python /home/hrbncv/SCP/run_pipeline.py --tune-dir /home/hrbncv/SCP/cells/SST/tunes/seg_tuned_all --output-dir /home/hrbncv/SCP/cells/SST/tunes/seg_tuned_all/output_data/slurm_29750/parts --n-trials 40 --output-stem slurm_29750_24 --trial-offset 960 --force-save
Loaded mechanisms from /home/hrbncv/SCP/cells/SST/tunes/seg_tuned_all/modfiles/x86_64/.libs/libnrnmech.so
Loaded Allen cell for 'SST' from /home/hrbncv/SCP/cells/SST/tunes/seg_tuned_all/manifest.json, soma_diam_multiplier=10.0, Vinit=-65.0, loader=genome_fallback
Geometry defined for 'SST': 1 soma segs, 54 proximal dend segs, 52 distal dend segs, 115 total dend segs.
[trial 1/40] input_spikes: pn_exc=1590 bg_exc=2870 bg_inh=441
[trial 1/40] spikes=5  rate=4.17 Hz  time=23.43s
[trial 2/40] input_spikes: pn_exc=1581 bg_exc=2779 bg_inh=448
[trial 2/40] spikes=3  rate=2.50 Hz  time=23.60s
[trial 3/40] input_spikes: pn_exc=1620 bg_exc=2817 bg_inh=464
[trial 3/40] spikes=5  rate=4.17 Hz  time=23.54s
[trial 4/40] input_spikes: pn_exc=1373 bg_exc=2269 bg_inh=370
[trial 4/40] spikes=4  rate=3.33 Hz  time=23.63s
[trial 5/40] input_spikes: pn_exc=1607 bg_exc=2937 bg_inh=439
[trial 5/40] spikes=5  rate=4.17 Hz  time=23.55s
[trial 6/40] input_spikes: pn_exc=1617 bg_exc=2878 bg_inh=490
[trial 6/40] spikes=2  rate=1.67 Hz  time=23.51s
[trial 7/40] input_spikes: pn_exc=1592 bg_exc=3020 bg_inh=462
[trial 7/40] spikes=6  rate=5.00 Hz  time=23.73s
[trial 8/40] input_spikes: pn_exc=1536 bg_exc=2937 bg_inh=427
[trial 8/40] spikes=4  rate=3.33 Hz  time=23.66s
[trial 9/40] input_spikes: pn_exc=1591 bg_exc=2999 bg_inh=505
[trial 9/40] spikes=2  rate=1.67 Hz  time=23.76s
[trial 10/40] input_spikes: pn_exc=1533 bg_exc=2743 bg_inh=411
[trial 10/40] spikes=5  rate=4.17 Hz  time=23.44s
[trial 11/40] input_spikes: pn_exc=1563 bg_exc=2930 bg_inh=487
[trial 11/40] spikes=3  rate=2.50 Hz  time=23.56s
[trial 12/40] input_spikes: pn_exc=1561 bg_exc=2975 bg_inh=456
[trial 12/40] spikes=3  rate=2.50 Hz  time=23.55s
[trial 13/40] input_spikes: pn_exc=1534 bg_exc=2801 bg_inh=458
[trial 13/40] spikes=2  rate=1.67 Hz  time=23.59s
[trial 14/40] input_spikes: pn_exc=1538 bg_exc=2919 bg_inh=406
[trial 14/40] spikes=5  rate=4.17 Hz  time=23.38s
[trial 15/40] input_spikes: pn_exc=1593 bg_exc=2778 bg_inh=441
[trial 15/40] spikes=4  rate=3.33 Hz  time=23.66s
[trial 16/40] input_spikes: pn_exc=1712 bg_exc=2961 bg_inh=482
[trial 16/40] spikes=5  rate=4.17 Hz  time=23.58s
[trial 17/40] input_spikes: pn_exc=1607 bg_exc=2734 bg_inh=445
[trial 17/40] spikes=3  rate=2.50 Hz  time=23.63s
[trial 18/40] input_spikes: pn_exc=1600 bg_exc=2926 bg_inh=470
[trial 18/40] spikes=6  rate=5.00 Hz  time=23.58s
[trial 19/40] input_spikes: pn_exc=1608 bg_exc=2935 bg_inh=462
[trial 19/40] spikes=3  rate=2.50 Hz  time=23.71s
[trial 20/40] input_spikes: pn_exc=1609 bg_exc=2894 bg_inh=458
[trial 20/40] spikes=4  rate=3.33 Hz  time=23.50s
[trial 21/40] input_spikes: pn_exc=1631 bg_exc=2803 bg_inh=462
[trial 21/40] spikes=4  rate=3.33 Hz  time=23.61s
[trial 22/40] input_spikes: pn_exc=1683 bg_exc=2918 bg_inh=458
[trial 22/40] spikes=5  rate=4.17 Hz  time=23.70s
[trial 23/40] input_spikes: pn_exc=1638 bg_exc=2919 bg_inh=468
[trial 23/40] spikes=4  rate=3.33 Hz  time=23.63s
[trial 24/40] input_spikes: pn_exc=1655 bg_exc=2987 bg_inh=467
[trial 24/40] spikes=4  rate=3.33 Hz  time=23.62s
[trial 25/40] input_spikes: pn_exc=1594 bg_exc=2919 bg_inh=465
[trial 25/40] spikes=4  rate=3.33 Hz  time=23.55s
[trial 26/40] input_spikes: pn_exc=1620 bg_exc=2903 bg_inh=432
[trial 26/40] spikes=7  rate=5.83 Hz  time=23.50s
[trial 27/40] input_spikes: pn_exc=1539 bg_exc=2835 bg_inh=444
[trial 27/40] spikes=2  rate=1.67 Hz  time=23.59s
[trial 28/40] input_spikes: pn_exc=1576 bg_exc=2766 bg_inh=439
[trial 28/40] spikes=6  rate=5.00 Hz  time=23.52s
[trial 29/40] input_spikes: pn_exc=1449 bg_exc=2473 bg_inh=410
[trial 29/40] spikes=3  rate=2.50 Hz  time=23.58s
[trial 30/40] input_spikes: pn_exc=1529 bg_exc=2555 bg_inh=431
[trial 30/40] spikes=2  rate=1.67 Hz  time=23.58s
[trial 31/40] input_spikes: pn_exc=1630 bg_exc=2753 bg_inh=433
[trial 31/40] spikes=4  rate=3.33 Hz  time=23.69s
[trial 32/40] input_spikes: pn_exc=1619 bg_exc=2710 bg_inh=438
[trial 32/40] spikes=4  rate=3.33 Hz  time=23.66s
[trial 33/40] input_spikes: pn_exc=1605 bg_exc=2955 bg_inh=466
[trial 33/40] spikes=2  rate=1.67 Hz  time=23.60s
[trial 34/40] input_spikes: pn_exc=1673 bg_exc=3037 bg_inh=454
[trial 34/40] spikes=7  rate=5.83 Hz  time=23.70s
[trial 35/40] input_spikes: pn_exc=1641 bg_exc=2927 bg_inh=455
[trial 35/40] spikes=2  rate=1.67 Hz  time=23.88s
[trial 36/40] input_spikes: pn_exc=1574 bg_exc=3038 bg_inh=501
[trial 36/40] spikes=3  rate=2.50 Hz  time=23.69s
[trial 37/40] input_spikes: pn_exc=1590 bg_exc=3010 bg_inh=521
[trial 37/40] spikes=1  rate=0.83 Hz  time=23.91s
[trial 38/40] input_spikes: pn_exc=1607 bg_exc=2985 bg_inh=510
[trial 38/40] spikes=4  rate=3.33 Hz  time=23.97s
[trial 39/40] input_spikes: pn_exc=1520 bg_exc=2667 bg_inh=414
[trial 39/40] spikes=5  rate=4.17 Hz  time=24.09s
[trial 40/40] input_spikes: pn_exc=1623 bg_exc=2927 bg_inh=420
[trial 40/40] spikes=7  rate=5.83 Hz  time=23.89s
Results saved to /home/hrbncv/SCP/cells/SST/tunes/seg_tuned_all/output_data/slurm_29750/parts/slurm_29750_24/run_manifest.json
Total runtime: 945.84s
