Running: /home/hrbncv/miniconda3/envs/BMTK-py311/bin/python /home/hrbncv/SCP/run_pipeline.py --tune-dir /home/hrbncv/SCP/cells/SST/tunes/seg_tuned --output-dir /home/hrbncv/SCP/cells/SST/tunes/seg_tuned/output_data/slurm_45349/parts --n-trials 20 --output-stem slurm_45349_26 --trial-offset 520 --force-save
Loaded mechanisms from /home/hrbncv/SCP/cells/SST/tunes/seg_tuned/modfiles/x86_64/.libs/libnrnmech.so
Loaded Allen cell for 'SST' from /home/hrbncv/SCP/cells/SST/tunes/seg_tuned/manifest.json, soma_diam_multiplier=10.0, Vinit=-65.0, loader=genome_fallback
Geometry defined for 'SST': 1 soma segs, 54 proximal dend segs, 52 distal dend segs, 115 total dend segs.
[trial 1/20] input_spikes: pn_exc=1610 bg_exc=2189 bg_inh=639
[trial 1/20] spikes=13  rate=13.00 Hz  time=22.08s
[trial 2/20] input_spikes: pn_exc=1744 bg_exc=2473 bg_inh=777
[trial 2/20] spikes=13  rate=13.00 Hz  time=22.57s
[trial 3/20] input_spikes: pn_exc=1694 bg_exc=2318 bg_inh=717
[trial 3/20] spikes=13  rate=13.00 Hz  time=22.20s
[trial 4/20] input_spikes: pn_exc=1684 bg_exc=2299 bg_inh=788
[trial 4/20] spikes=14  rate=14.00 Hz  time=22.27s
[trial 5/20] input_spikes: pn_exc=1709 bg_exc=2343 bg_inh=749
[trial 5/20] spikes=11  rate=11.00 Hz  time=22.25s
[trial 6/20] input_spikes: pn_exc=1643 bg_exc=2304 bg_inh=791
[trial 6/20] spikes=11  rate=11.00 Hz  time=22.20s
[trial 7/20] input_spikes: pn_exc=1467 bg_exc=1820 bg_inh=582
[trial 7/20] spikes=13  rate=13.00 Hz  time=21.55s
[trial 8/20] input_spikes: pn_exc=1739 bg_exc=2512 bg_inh=767
[trial 8/20] spikes=11  rate=11.00 Hz  time=22.42s
[trial 9/20] input_spikes: pn_exc=1587 bg_exc=2129 bg_inh=633
[trial 9/20] spikes=14  rate=14.00 Hz  time=21.72s
[trial 10/20] input_spikes: pn_exc=1682 bg_exc=2405 bg_inh=801
[trial 10/20] spikes=11  rate=11.00 Hz  time=22.18s
[trial 11/20] input_spikes: pn_exc=1548 bg_exc=2053 bg_inh=602
[trial 11/20] spikes=14  rate=14.00 Hz  time=21.71s
[trial 12/20] input_spikes: pn_exc=1761 bg_exc=2501 bg_inh=765
[trial 12/20] spikes=15  rate=15.00 Hz  time=23.04s
[trial 13/20] input_spikes: pn_exc=1641 bg_exc=2085 bg_inh=641
[trial 13/20] spikes=10  rate=10.00 Hz  time=21.73s
[trial 14/20] input_spikes: pn_exc=1674 bg_exc=2203 bg_inh=629
[trial 14/20] spikes=12  rate=12.00 Hz  time=21.81s
[trial 15/20] input_spikes: pn_exc=1674 bg_exc=2358 bg_inh=731
[trial 15/20] spikes=15  rate=15.00 Hz  time=22.04s
[trial 16/20] input_spikes: pn_exc=1763 bg_exc=2412 bg_inh=734
[trial 16/20] spikes=10  rate=10.00 Hz  time=22.06s
[trial 17/20] input_spikes: pn_exc=1793 bg_exc=2378 bg_inh=774
[trial 17/20] spikes=10  rate=10.00 Hz  time=22.09s
[trial 18/20] input_spikes: pn_exc=1526 bg_exc=2184 bg_inh=657
[trial 18/20] spikes=12  rate=12.00 Hz  time=21.77s
[trial 19/20] input_spikes: pn_exc=1697 bg_exc=2403 bg_inh=735
[trial 19/20] spikes=13  rate=13.00 Hz  time=21.99s
[trial 20/20] input_spikes: pn_exc=1628 bg_exc=2455 bg_inh=773
[trial 20/20] spikes=13  rate=13.00 Hz  time=22.06s
save_plots single_plot warning: Top input panel: group list empty, auto-using all groups (3).
Results saved to /home/hrbncv/SCP/cells/SST/tunes/seg_tuned/output_data/slurm_45349/parts/slurm_45349_26/run_manifest.json
Total runtime: 443.07s
