Running: python /home/hrbncv/SCP/run_pipeline.py --tune-dir /home/hrbncv/SCP/cells/SST/tunes/seg_tuned_all --output-dir /home/hrbncv/SCP/cells/SST/tunes/seg_tuned_all/output_data/slurm_39858/parts --n-trials 20 --output-stem slurm_39858_40 --trial-offset 800 --force-save
Loaded mechanisms from /home/hrbncv/SCP/cells/SST/tunes/seg_tuned_all/modfiles/x86_64/.libs/libnrnmech.so
Loaded Allen cell for 'SST' from /home/hrbncv/SCP/cells/SST/tunes/seg_tuned_all/manifest.json, soma_diam_multiplier=10.0, Vinit=-65.0, loader=genome_fallback
Geometry defined for 'SST': 1 soma segs, 54 proximal dend segs, 52 distal dend segs, 115 total dend segs.
[trial 1/20] input_spikes: pn_exc=1617 vip_inh_bio=70 bg_exc=2369 bg_inh=780
[trial 1/20] spikes=3  rate=3.00 Hz  time=22.66s
[trial 2/20] input_spikes: pn_exc=1813 vip_inh_bio=70 bg_exc=2473 bg_inh=761
[trial 2/20] spikes=1  rate=1.00 Hz  time=22.46s
[trial 3/20] input_spikes: pn_exc=1558 vip_inh_bio=55 bg_exc=2130 bg_inh=642
[trial 3/20] spikes=4  rate=4.00 Hz  time=21.95s
[trial 4/20] input_spikes: pn_exc=1700 vip_inh_bio=55 bg_exc=2467 bg_inh=718
[trial 4/20] spikes=5  rate=5.00 Hz  time=22.34s
[trial 5/20] input_spikes: pn_exc=1683 vip_inh_bio=70 bg_exc=2464 bg_inh=721
[trial 5/20] spikes=5  rate=5.00 Hz  time=22.35s
[trial 6/20] input_spikes: pn_exc=1418 vip_inh_bio=58 bg_exc=723 bg_inh=202
[trial 6/20] spikes=1  rate=1.00 Hz  time=21.21s
[trial 7/20] input_spikes: pn_exc=1575 vip_inh_bio=75 bg_exc=1975 bg_inh=654
[trial 7/20] spikes=2  rate=2.00 Hz  time=21.79s
[trial 8/20] input_spikes: pn_exc=1635 vip_inh_bio=67 bg_exc=2303 bg_inh=698
[trial 8/20] spikes=2  rate=2.00 Hz  time=22.06s
[trial 9/20] input_spikes: pn_exc=1686 vip_inh_bio=64 bg_exc=2370 bg_inh=679
[trial 9/20] spikes=6  rate=6.00 Hz  time=22.05s
[trial 10/20] input_spikes: pn_exc=1456 vip_inh_bio=46 bg_exc=1891 bg_inh=573
[trial 10/20] spikes=5  rate=5.00 Hz  time=21.64s
[trial 11/20] input_spikes: pn_exc=1528 vip_inh_bio=59 bg_exc=843 bg_inh=256
[trial 11/20] spikes=0  rate=0.00 Hz  time=21.24s
[trial 12/20] input_spikes: pn_exc=1673 vip_inh_bio=71 bg_exc=2256 bg_inh=773
[trial 12/20] spikes=5  rate=5.00 Hz  time=22.29s
[trial 13/20] input_spikes: pn_exc=1720 vip_inh_bio=79 bg_exc=2382 bg_inh=782
[trial 13/20] spikes=3  rate=3.00 Hz  time=22.26s
[trial 14/20] input_spikes: pn_exc=1815 vip_inh_bio=67 bg_exc=2424 bg_inh=831
[trial 14/20] spikes=4  rate=4.00 Hz  time=22.20s
[trial 15/20] input_spikes: pn_exc=1621 vip_inh_bio=71 bg_exc=2358 bg_inh=731
[trial 15/20] spikes=2  rate=2.00 Hz  time=22.33s
[trial 16/20] input_spikes: pn_exc=1722 vip_inh_bio=64 bg_exc=2366 bg_inh=770
[trial 16/20] spikes=4  rate=4.00 Hz  time=22.46s
[trial 17/20] input_spikes: pn_exc=1713 vip_inh_bio=59 bg_exc=2384 bg_inh=789
[trial 17/20] spikes=3  rate=3.00 Hz  time=22.60s
[trial 18/20] input_spikes: pn_exc=1749 vip_inh_bio=47 bg_exc=2316 bg_inh=726
[trial 18/20] spikes=8  rate=8.00 Hz  time=22.29s
[trial 19/20] input_spikes: pn_exc=1637 vip_inh_bio=58 bg_exc=2257 bg_inh=700
[trial 19/20] spikes=6  rate=6.00 Hz  time=22.36s
[trial 20/20] input_spikes: pn_exc=1647 vip_inh_bio=56 bg_exc=2189 bg_inh=710
[trial 20/20] spikes=2  rate=2.00 Hz  time=22.02s
save_plots single_plot warning: Top input panel: group list empty, auto-using all groups (4).
Results saved to /home/hrbncv/SCP/cells/SST/tunes/seg_tuned_all/output_data/slurm_39858/parts/slurm_39858_40/run_manifest.json
Total runtime: 443.88s
