Running: python /home/hrbncv/SCP/run_pipeline.py --tune-dir /home/hrbncv/SCP/cells/PV/tunes/seg_tuned --output-dir /home/hrbncv/SCP/cells/PV/tunes/seg_tuned/output_data/slurm_32387/parts --n-trials 20 --output-stem slurm_32387_33 --trial-offset 660 --force-save
Mechanisms already loaded; skipping duplicate load.
Loaded Allen cell for 'PV' from /home/hrbncv/SCP/cells/PV/tunes/seg_tuned/manifest.json, soma_diam_multiplier=6.0, Vinit=-71.0, loader=allensdk_default
Geometry defined for 'PV': 1 soma segs, 46 proximal dend segs, 41 distal dend segs, 97 total dend segs.
[trial 1/20] input_spikes: pn_exc=2881 bg_exc=858 bg_inh=198
[trial 1/20] spikes=15  rate=15.00 Hz  time=28.35s
[trial 2/20] input_spikes: pn_exc=2671 bg_exc=732 bg_inh=186
[trial 2/20] spikes=11  rate=11.00 Hz  time=28.09s
[trial 3/20] input_spikes: pn_exc=2900 bg_exc=842 bg_inh=199
[trial 3/20] spikes=12  rate=12.00 Hz  time=28.11s
[trial 4/20] input_spikes: pn_exc=2377 bg_exc=545 bg_inh=135
[trial 4/20] spikes=10  rate=10.00 Hz  time=27.84s
[trial 5/20] input_spikes: pn_exc=2868 bg_exc=901 bg_inh=194
[trial 5/20] spikes=13  rate=13.00 Hz  time=28.22s
[trial 6/20] input_spikes: pn_exc=2720 bg_exc=723 bg_inh=190
[trial 6/20] spikes=11  rate=11.00 Hz  time=28.05s
[trial 7/20] input_spikes: pn_exc=2700 bg_exc=731 bg_inh=183
[trial 7/20] spikes=12  rate=12.00 Hz  time=27.96s
[trial 8/20] input_spikes: pn_exc=2773 bg_exc=883 bg_inh=213
[trial 8/20] spikes=13  rate=13.00 Hz  time=28.18s
[trial 9/20] input_spikes: pn_exc=2857 bg_exc=857 bg_inh=196
[trial 9/20] spikes=14  rate=14.00 Hz  time=28.22s
[trial 10/20] input_spikes: pn_exc=2354 bg_exc=573 bg_inh=161
[trial 10/20] spikes=10  rate=10.00 Hz  time=27.92s
[trial 11/20] input_spikes: pn_exc=2826 bg_exc=818 bg_inh=189
[trial 11/20] spikes=12  rate=12.00 Hz  time=28.05s
[trial 12/20] input_spikes: pn_exc=2406 bg_exc=696 bg_inh=159
[trial 12/20] spikes=10  rate=10.00 Hz  time=28.01s
[trial 13/20] input_spikes: pn_exc=2527 bg_exc=633 bg_inh=166
[trial 13/20] spikes=10  rate=10.00 Hz  time=27.88s
[trial 14/20] input_spikes: pn_exc=2819 bg_exc=870 bg_inh=193
[trial 14/20] spikes=12  rate=12.00 Hz  time=28.25s
[trial 15/20] input_spikes: pn_exc=2439 bg_exc=561 bg_inh=141
[trial 15/20] spikes=11  rate=11.00 Hz  time=28.00s
[trial 16/20] input_spikes: pn_exc=2826 bg_exc=887 bg_inh=223
[trial 16/20] spikes=12  rate=12.00 Hz  time=27.86s
[trial 17/20] input_spikes: pn_exc=2798 bg_exc=848 bg_inh=211
[trial 17/20] spikes=11  rate=11.00 Hz  time=27.98s
[trial 18/20] input_spikes: pn_exc=2843 bg_exc=912 bg_inh=215
[trial 18/20] spikes=12  rate=12.00 Hz  time=28.15s
[trial 19/20] input_spikes: pn_exc=2734 bg_exc=861 bg_inh=231
[trial 19/20] spikes=11  rate=11.00 Hz  time=27.88s
[trial 20/20] input_spikes: pn_exc=2466 bg_exc=526 bg_inh=133
[trial 20/20] spikes=10  rate=10.00 Hz  time=28.01s
save_plots single_plot warning: Top input panel: group list empty, auto-using all groups (3).
save_plots single_plot warning: Input raster panel: group list empty, auto-using all groups (3).
Results saved to /home/hrbncv/SCP/cells/PV/tunes/seg_tuned/output_data/slurm_32387/parts/slurm_32387_33/run_manifest.json
Total runtime: 678.99s
