Running: python /home/hrbncv/SCP/run_pipeline.py --tune-dir /home/hrbncv/SCP/cells/SST/tunes/seg_tuned_all --output-dir /home/hrbncv/SCP/cells/SST/tunes/seg_tuned_all/output_data/slurm_29750/parts --n-trials 40 --output-stem slurm_29750_12 --trial-offset 480 --force-save
Loaded mechanisms from /home/hrbncv/SCP/cells/SST/tunes/seg_tuned_all/modfiles/x86_64/.libs/libnrnmech.so
Loaded Allen cell for 'SST' from /home/hrbncv/SCP/cells/SST/tunes/seg_tuned_all/manifest.json, soma_diam_multiplier=10.0, Vinit=-65.0, loader=genome_fallback
Geometry defined for 'SST': 1 soma segs, 54 proximal dend segs, 52 distal dend segs, 115 total dend segs.
[trial 1/40] input_spikes: pn_exc=1550 bg_exc=2624 bg_inh=403
[trial 1/40] spikes=5  rate=4.17 Hz  time=24.40s
[trial 2/40] input_spikes: pn_exc=1436 bg_exc=2316 bg_inh=391
[trial 2/40] spikes=3  rate=2.50 Hz  time=23.67s
[trial 3/40] input_spikes: pn_exc=1536 bg_exc=2557 bg_inh=418
[trial 3/40] spikes=4  rate=3.33 Hz  time=24.07s
[trial 4/40] input_spikes: pn_exc=1621 bg_exc=2860 bg_inh=474
[trial 4/40] spikes=4  rate=3.33 Hz  time=23.55s
[trial 5/40] input_spikes: pn_exc=1570 bg_exc=2961 bg_inh=509
[trial 5/40] spikes=2  rate=1.67 Hz  time=23.48s
[trial 6/40] input_spikes: pn_exc=1517 bg_exc=2733 bg_inh=391
[trial 6/40] spikes=4  rate=3.33 Hz  time=23.24s
[trial 7/40] input_spikes: pn_exc=1424 bg_exc=2486 bg_inh=385
[trial 7/40] spikes=5  rate=4.17 Hz  time=23.57s
[trial 8/40] input_spikes: pn_exc=1509 bg_exc=2649 bg_inh=393
[trial 8/40] spikes=5  rate=4.17 Hz  time=23.57s
[trial 9/40] input_spikes: pn_exc=1606 bg_exc=2680 bg_inh=437
[trial 9/40] spikes=6  rate=5.00 Hz  time=23.57s
[trial 10/40] input_spikes: pn_exc=1556 bg_exc=3023 bg_inh=448
[trial 10/40] spikes=5  rate=4.17 Hz  time=23.37s
[trial 11/40] input_spikes: pn_exc=1538 bg_exc=2609 bg_inh=415
[trial 11/40] spikes=3  rate=2.50 Hz  time=23.46s
[trial 12/40] input_spikes: pn_exc=1357 bg_exc=2290 bg_inh=356
[trial 12/40] spikes=3  rate=2.50 Hz  time=23.23s
[trial 13/40] input_spikes: pn_exc=1626 bg_exc=2836 bg_inh=445
[trial 13/40] spikes=5  rate=4.17 Hz  time=23.55s
[trial 14/40] input_spikes: pn_exc=1582 bg_exc=2995 bg_inh=473
[trial 14/40] spikes=6  rate=5.00 Hz  time=23.30s
[trial 15/40] input_spikes: pn_exc=1548 bg_exc=3033 bg_inh=446
[trial 15/40] spikes=3  rate=2.50 Hz  time=23.66s
[trial 16/40] input_spikes: pn_exc=1464 bg_exc=2567 bg_inh=405
[trial 16/40] spikes=3  rate=2.50 Hz  time=23.21s
[trial 17/40] input_spikes: pn_exc=1647 bg_exc=2909 bg_inh=456
[trial 17/40] spikes=5  rate=4.17 Hz  time=23.59s
[trial 18/40] input_spikes: pn_exc=1644 bg_exc=2802 bg_inh=418
[trial 18/40] spikes=6  rate=5.00 Hz  time=23.23s
[trial 19/40] input_spikes: pn_exc=1511 bg_exc=2437 bg_inh=364
[trial 19/40] spikes=4  rate=3.33 Hz  time=23.32s
[trial 20/40] input_spikes: pn_exc=1545 bg_exc=2881 bg_inh=424
[trial 20/40] spikes=3  rate=2.50 Hz  time=23.35s
[trial 21/40] input_spikes: pn_exc=1318 bg_exc=2165 bg_inh=345
[trial 21/40] spikes=4  rate=3.33 Hz  time=23.38s
[trial 22/40] input_spikes: pn_exc=1616 bg_exc=2973 bg_inh=460
[trial 22/40] spikes=5  rate=4.17 Hz  time=23.90s
[trial 23/40] input_spikes: pn_exc=1534 bg_exc=2667 bg_inh=400
[trial 23/40] spikes=6  rate=5.00 Hz  time=23.39s
[trial 24/40] input_spikes: pn_exc=1540 bg_exc=2784 bg_inh=396
[trial 24/40] spikes=3  rate=2.50 Hz  time=23.41s
[trial 25/40] input_spikes: pn_exc=1533 bg_exc=2654 bg_inh=396
[trial 25/40] spikes=7  rate=5.83 Hz  time=23.44s
[trial 26/40] input_spikes: pn_exc=1345 bg_exc=2476 bg_inh=369
[trial 26/40] spikes=4  rate=3.33 Hz  time=23.27s
[trial 27/40] input_spikes: pn_exc=1511 bg_exc=2786 bg_inh=467
[trial 27/40] spikes=3  rate=2.50 Hz  time=23.34s
[trial 28/40] input_spikes: pn_exc=1604 bg_exc=2854 bg_inh=478
[trial 28/40] spikes=4  rate=3.33 Hz  time=23.39s
[trial 29/40] input_spikes: pn_exc=1562 bg_exc=2788 bg_inh=394
[trial 29/40] spikes=6  rate=5.00 Hz  time=23.39s
[trial 30/40] input_spikes: pn_exc=1576 bg_exc=2956 bg_inh=458
[trial 30/40] spikes=5  rate=4.17 Hz  time=23.36s
[trial 31/40] input_spikes: pn_exc=1513 bg_exc=2639 bg_inh=456
[trial 31/40] spikes=2  rate=1.67 Hz  time=23.35s
[trial 32/40] input_spikes: pn_exc=1605 bg_exc=2883 bg_inh=446
[trial 32/40] spikes=5  rate=4.17 Hz  time=23.33s
[trial 33/40] input_spikes: pn_exc=1588 bg_exc=3053 bg_inh=414
[trial 33/40] spikes=7  rate=5.83 Hz  time=23.47s
[trial 34/40] input_spikes: pn_exc=1520 bg_exc=2737 bg_inh=426
[trial 34/40] spikes=5  rate=4.17 Hz  time=23.28s
[trial 35/40] input_spikes: pn_exc=1595 bg_exc=2915 bg_inh=451
[trial 35/40] spikes=3  rate=2.50 Hz  time=23.61s
[trial 36/40] input_spikes: pn_exc=1621 bg_exc=2939 bg_inh=491
[trial 36/40] spikes=3  rate=2.50 Hz  time=23.34s
[trial 37/40] input_spikes: pn_exc=1355 bg_exc=2181 bg_inh=367
[trial 37/40] spikes=3  rate=2.50 Hz  time=23.32s
[trial 38/40] input_spikes: pn_exc=1610 bg_exc=2766 bg_inh=440
[trial 38/40] spikes=4  rate=3.33 Hz  time=23.37s
[trial 39/40] input_spikes: pn_exc=1575 bg_exc=2861 bg_inh=455
[trial 39/40] spikes=4  rate=3.33 Hz  time=23.46s
[trial 40/40] input_spikes: pn_exc=1382 bg_exc=2400 bg_inh=344
[trial 40/40] spikes=5  rate=4.17 Hz  time=23.29s
Results saved to /home/hrbncv/SCP/cells/SST/tunes/seg_tuned_all/output_data/slurm_29750/parts/slurm_29750_12/run_manifest.json
Total runtime: 938.77s
