Running: /home/hrbncv/miniconda3/envs/BMTK-py311/bin/python /home/hrbncv/SCP/run_pipeline.py --tune-dir /home/hrbncv/SCP/cells/SST/tunes/seg_tuned --output-dir /home/hrbncv/SCP/cells/SST/tunes/seg_tuned/output_data/slurm_45349/parts --n-trials 20 --output-stem slurm_45349_28 --trial-offset 560 --force-save
Loaded mechanisms from /home/hrbncv/SCP/cells/SST/tunes/seg_tuned/modfiles/x86_64/.libs/libnrnmech.so
Loaded Allen cell for 'SST' from /home/hrbncv/SCP/cells/SST/tunes/seg_tuned/manifest.json, soma_diam_multiplier=10.0, Vinit=-65.0, loader=genome_fallback
Geometry defined for 'SST': 1 soma segs, 54 proximal dend segs, 52 distal dend segs, 115 total dend segs.
[trial 1/20] input_spikes: pn_exc=1437 bg_exc=1836 bg_inh=598
[trial 1/20] spikes=13  rate=13.00 Hz  time=20.98s
[trial 2/20] input_spikes: pn_exc=1721 bg_exc=2382 bg_inh=753
[trial 2/20] spikes=14  rate=14.00 Hz  time=21.66s
[trial 3/20] input_spikes: pn_exc=1632 bg_exc=2155 bg_inh=662
[trial 3/20] spikes=14  rate=14.00 Hz  time=21.46s
[trial 4/20] input_spikes: pn_exc=1706 bg_exc=2423 bg_inh=750
[trial 4/20] spikes=14  rate=14.00 Hz  time=21.50s
[trial 5/20] input_spikes: pn_exc=1737 bg_exc=2405 bg_inh=724
[trial 5/20] spikes=14  rate=14.00 Hz  time=21.65s
[trial 6/20] input_spikes: pn_exc=1738 bg_exc=2496 bg_inh=791
[trial 6/20] spikes=13  rate=13.00 Hz  time=21.71s
[trial 7/20] input_spikes: pn_exc=1647 bg_exc=2233 bg_inh=721
[trial 7/20] spikes=12  rate=12.00 Hz  time=21.47s
[trial 8/20] input_spikes: pn_exc=1542 bg_exc=2146 bg_inh=649
[trial 8/20] spikes=15  rate=15.00 Hz  time=21.45s
[trial 9/20] input_spikes: pn_exc=1711 bg_exc=2475 bg_inh=778
[trial 9/20] spikes=15  rate=15.00 Hz  time=21.69s
[trial 10/20] input_spikes: pn_exc=1773 bg_exc=2388 bg_inh=790
[trial 10/20] spikes=13  rate=13.00 Hz  time=21.70s
[trial 11/20] input_spikes: pn_exc=1721 bg_exc=2234 bg_inh=704
[trial 11/20] spikes=17  rate=17.00 Hz  time=21.45s
[trial 12/20] input_spikes: pn_exc=1577 bg_exc=2081 bg_inh=664
[trial 12/20] spikes=12  rate=12.00 Hz  time=21.28s
[trial 13/20] input_spikes: pn_exc=1529 bg_exc=1885 bg_inh=584
[trial 13/20] spikes=14  rate=14.00 Hz  time=21.11s
[trial 14/20] input_spikes: pn_exc=1475 bg_exc=1332 bg_inh=474
[trial 14/20] spikes=14  rate=14.00 Hz  time=20.39s
[trial 15/20] input_spikes: pn_exc=1605 bg_exc=2114 bg_inh=695
[trial 15/20] spikes=15  rate=15.00 Hz  time=21.46s
[trial 16/20] input_spikes: pn_exc=1663 bg_exc=2413 bg_inh=799
[trial 16/20] spikes=15  rate=15.00 Hz  time=21.70s
[trial 17/20] input_spikes: pn_exc=1732 bg_exc=2390 bg_inh=723
[trial 17/20] spikes=12  rate=12.00 Hz  time=21.65s
[trial 18/20] input_spikes: pn_exc=1720 bg_exc=2532 bg_inh=762
[trial 18/20] spikes=14  rate=14.00 Hz  time=21.87s
[trial 19/20] input_spikes: pn_exc=1662 bg_exc=2480 bg_inh=740
[trial 19/20] spikes=13  rate=13.00 Hz  time=21.57s
[trial 20/20] input_spikes: pn_exc=1491 bg_exc=1213 bg_inh=381
[trial 20/20] spikes=11  rate=11.00 Hz  time=20.57s
save_plots single_plot warning: Top input panel: group list empty, auto-using all groups (3).
Results saved to /home/hrbncv/SCP/cells/SST/tunes/seg_tuned/output_data/slurm_45349/parts/slurm_45349_28/run_manifest.json
Total runtime: 429.72s
