Running: python /home/hrbncv/SCP/run_pipeline.py --tune-dir /home/hrbncv/SCP/cells/SST/tunes/seg_tuned_all --output-dir /home/hrbncv/SCP/cells/SST/tunes/seg_tuned_all/output_data/slurm_39858/parts --n-trials 20 --output-stem slurm_39858_18 --trial-offset 360 --force-save
Loaded mechanisms from /home/hrbncv/SCP/cells/SST/tunes/seg_tuned_all/modfiles/x86_64/.libs/libnrnmech.so
Loaded Allen cell for 'SST' from /home/hrbncv/SCP/cells/SST/tunes/seg_tuned_all/manifest.json, soma_diam_multiplier=10.0, Vinit=-65.0, loader=genome_fallback
Geometry defined for 'SST': 1 soma segs, 54 proximal dend segs, 52 distal dend segs, 115 total dend segs.
[trial 1/20] input_spikes: pn_exc=1719 vip_inh_bio=70 bg_exc=2432 bg_inh=794
[trial 1/20] spikes=6  rate=6.00 Hz  time=22.03s
[trial 2/20] input_spikes: pn_exc=1690 vip_inh_bio=49 bg_exc=2403 bg_inh=765
[trial 2/20] spikes=2  rate=2.00 Hz  time=22.20s
[trial 3/20] input_spikes: pn_exc=1470 vip_inh_bio=66 bg_exc=1582 bg_inh=485
[trial 3/20] spikes=5  rate=5.00 Hz  time=21.30s
[trial 4/20] input_spikes: pn_exc=1697 vip_inh_bio=64 bg_exc=2394 bg_inh=777
[trial 4/20] spikes=1  rate=1.00 Hz  time=21.94s
[trial 5/20] input_spikes: pn_exc=1725 vip_inh_bio=78 bg_exc=2403 bg_inh=821
[trial 5/20] spikes=1  rate=1.00 Hz  time=22.03s
[trial 6/20] input_spikes: pn_exc=1550 vip_inh_bio=67 bg_exc=2138 bg_inh=664
[trial 6/20] spikes=4  rate=4.00 Hz  time=21.75s
[trial 7/20] input_spikes: pn_exc=1737 vip_inh_bio=75 bg_exc=2510 bg_inh=779
[trial 7/20] spikes=1  rate=1.00 Hz  time=21.96s
[trial 8/20] input_spikes: pn_exc=1560 vip_inh_bio=40 bg_exc=1873 bg_inh=613
[trial 8/20] spikes=5  rate=5.00 Hz  time=21.41s
[trial 9/20] input_spikes: pn_exc=1793 vip_inh_bio=78 bg_exc=2394 bg_inh=778
[trial 9/20] spikes=4  rate=4.00 Hz  time=22.67s
[trial 10/20] input_spikes: pn_exc=1749 vip_inh_bio=64 bg_exc=2297 bg_inh=687
[trial 10/20] spikes=5  rate=5.00 Hz  time=21.79s
[trial 11/20] input_spikes: pn_exc=1747 vip_inh_bio=57 bg_exc=2529 bg_inh=744
[trial 11/20] spikes=0  rate=0.00 Hz  time=22.10s
[trial 12/20] input_spikes: pn_exc=1757 vip_inh_bio=52 bg_exc=2482 bg_inh=787
[trial 12/20] spikes=4  rate=4.00 Hz  time=22.31s
[trial 13/20] input_spikes: pn_exc=1748 vip_inh_bio=67 bg_exc=2457 bg_inh=779
[trial 13/20] spikes=3  rate=3.00 Hz  time=22.23s
[trial 14/20] input_spikes: pn_exc=1613 vip_inh_bio=66 bg_exc=2261 bg_inh=730
[trial 14/20] spikes=1  rate=1.00 Hz  time=21.94s
[trial 15/20] input_spikes: pn_exc=1704 vip_inh_bio=65 bg_exc=2279 bg_inh=712
[trial 15/20] spikes=5  rate=5.00 Hz  time=22.05s
[trial 16/20] input_spikes: pn_exc=1774 vip_inh_bio=79 bg_exc=2466 bg_inh=741
[trial 16/20] spikes=2  rate=2.00 Hz  time=22.56s
[trial 17/20] input_spikes: pn_exc=1675 vip_inh_bio=81 bg_exc=2434 bg_inh=733
[trial 17/20] spikes=2  rate=2.00 Hz  time=22.31s
[trial 18/20] input_spikes: pn_exc=1668 vip_inh_bio=73 bg_exc=2443 bg_inh=761
[trial 18/20] spikes=1  rate=1.00 Hz  time=22.52s
[trial 19/20] input_spikes: pn_exc=1744 vip_inh_bio=64 bg_exc=2447 bg_inh=762
[trial 19/20] spikes=4  rate=4.00 Hz  time=21.82s
[trial 20/20] input_spikes: pn_exc=1629 vip_inh_bio=68 bg_exc=2348 bg_inh=755
[trial 20/20] spikes=3  rate=3.00 Hz  time=21.86s
save_plots single_plot warning: Top input panel: group list empty, auto-using all groups (4).
Results saved to /home/hrbncv/SCP/cells/SST/tunes/seg_tuned_all/output_data/slurm_39858/parts/slurm_39858_18/run_manifest.json
Total runtime: 442.07s
