Running: python /home/hrbncv/SCP/run_pipeline.py --tune-dir /home/hrbncv/SCP/cells/SST/tunes/seg_tuned_all --output-dir /home/hrbncv/SCP/cells/SST/tunes/seg_tuned_all/output_data/slurm_35973/parts --n-trials 20 --output-stem slurm_35973_2 --trial-offset 40 --force-save
Loaded mechanisms from /home/hrbncv/SCP/cells/SST/tunes/seg_tuned_all/modfiles/x86_64/.libs/libnrnmech.so
Loaded Allen cell for 'SST' from /home/hrbncv/SCP/cells/SST/tunes/seg_tuned_all/manifest.json, soma_diam_multiplier=10.0, Vinit=-65.0, loader=genome_fallback
Geometry defined for 'SST': 1 soma segs, 54 proximal dend segs, 52 distal dend segs, 115 total dend segs.
[trial 1/20] input_spikes: pn_exc=1668 bg_exc=2370 bg_inh=693
[trial 1/20] spikes=3  rate=3.00 Hz  time=22.18s
[trial 2/20] input_spikes: pn_exc=1720 bg_exc=2455 bg_inh=743
[trial 2/20] spikes=7  rate=7.00 Hz  time=22.27s
[trial 3/20] input_spikes: pn_exc=1632 bg_exc=2433 bg_inh=706
[trial 3/20] spikes=3  rate=3.00 Hz  time=21.96s
[trial 4/20] input_spikes: pn_exc=1682 bg_exc=2338 bg_inh=713
[trial 4/20] spikes=2  rate=2.00 Hz  time=22.04s
[trial 5/20] input_spikes: pn_exc=1611 bg_exc=2251 bg_inh=705
[trial 5/20] spikes=4  rate=4.00 Hz  time=21.90s
[trial 6/20] input_spikes: pn_exc=1711 bg_exc=2357 bg_inh=761
[trial 6/20] spikes=5  rate=5.00 Hz  time=21.99s
[trial 7/20] input_spikes: pn_exc=1626 bg_exc=2059 bg_inh=646
[trial 7/20] spikes=6  rate=6.00 Hz  time=21.57s
[trial 8/20] input_spikes: pn_exc=1485 bg_exc=1793 bg_inh=578
[trial 8/20] spikes=2  rate=2.00 Hz  time=21.34s
[trial 9/20] input_spikes: pn_exc=1572 bg_exc=2121 bg_inh=689
[trial 9/20] spikes=3  rate=3.00 Hz  time=21.69s
[trial 10/20] input_spikes: pn_exc=1641 bg_exc=2174 bg_inh=690
[trial 10/20] spikes=1  rate=1.00 Hz  time=21.76s
[trial 11/20] input_spikes: pn_exc=1697 bg_exc=2392 bg_inh=733
[trial 11/20] spikes=7  rate=7.00 Hz  time=22.04s
[trial 12/20] input_spikes: pn_exc=1650 bg_exc=2172 bg_inh=729
[trial 12/20] spikes=5  rate=5.00 Hz  time=21.91s
[trial 13/20] input_spikes: pn_exc=1555 bg_exc=2046 bg_inh=582
[trial 13/20] spikes=7  rate=7.00 Hz  time=21.56s
[trial 14/20] input_spikes: pn_exc=1708 bg_exc=2382 bg_inh=673
[trial 14/20] spikes=6  rate=6.00 Hz  time=22.07s
[trial 15/20] input_spikes: pn_exc=1459 bg_exc=1957 bg_inh=621
[trial 15/20] spikes=2  rate=2.00 Hz  time=21.58s
[trial 16/20] input_spikes: pn_exc=1737 bg_exc=2435 bg_inh=714
[trial 16/20] spikes=7  rate=7.00 Hz  time=22.20s
[trial 17/20] input_spikes: pn_exc=1790 bg_exc=2461 bg_inh=752
[trial 17/20] spikes=8  rate=8.00 Hz  time=22.25s
[trial 18/20] input_spikes: pn_exc=1669 bg_exc=2263 bg_inh=733
[trial 18/20] spikes=5  rate=5.00 Hz  time=21.85s
[trial 19/20] input_spikes: pn_exc=1638 bg_exc=2394 bg_inh=744
[trial 19/20] spikes=5  rate=5.00 Hz  time=21.94s
[trial 20/20] input_spikes: pn_exc=1672 bg_exc=2272 bg_inh=712
[trial 20/20] spikes=6  rate=6.00 Hz  time=21.86s
Results saved to /home/hrbncv/SCP/cells/SST/tunes/seg_tuned_all/output_data/slurm_35973/parts/slurm_35973_2/run_manifest.json
Total runtime: 438.42s
