Running: python /home/hrbncv/SCP/run_pipeline.py --tune-dir /home/hrbncv/SCP/cells/SST/tunes/seg_tuned_all --output-dir /home/hrbncv/SCP/cells/SST/tunes/seg_tuned_all/output_data/slurm_35973/parts --n-trials 20 --output-stem slurm_35973_44 --trial-offset 880 --force-save
Loaded mechanisms from /home/hrbncv/SCP/cells/SST/tunes/seg_tuned_all/modfiles/x86_64/.libs/libnrnmech.so
Loaded Allen cell for 'SST' from /home/hrbncv/SCP/cells/SST/tunes/seg_tuned_all/manifest.json, soma_diam_multiplier=10.0, Vinit=-65.0, loader=genome_fallback
Geometry defined for 'SST': 1 soma segs, 54 proximal dend segs, 52 distal dend segs, 115 total dend segs.
[trial 1/20] input_spikes: pn_exc=1478 bg_exc=1724 bg_inh=544
[trial 1/20] spikes=3  rate=3.00 Hz  time=21.63s
[trial 2/20] input_spikes: pn_exc=1808 bg_exc=2391 bg_inh=787
[trial 2/20] spikes=2  rate=2.00 Hz  time=22.80s
[trial 3/20] input_spikes: pn_exc=1675 bg_exc=2362 bg_inh=738
[trial 3/20] spikes=5  rate=5.00 Hz  time=22.20s
[trial 4/20] input_spikes: pn_exc=1725 bg_exc=2441 bg_inh=805
[trial 4/20] spikes=5  rate=5.00 Hz  time=22.17s
[trial 5/20] input_spikes: pn_exc=1632 bg_exc=2100 bg_inh=671
[trial 5/20] spikes=3  rate=3.00 Hz  time=22.00s
[trial 6/20] input_spikes: pn_exc=1675 bg_exc=2278 bg_inh=660
[trial 6/20] spikes=6  rate=6.00 Hz  time=22.04s
[trial 7/20] input_spikes: pn_exc=1770 bg_exc=2594 bg_inh=773
[trial 7/20] spikes=8  rate=8.00 Hz  time=22.41s
[trial 8/20] input_spikes: pn_exc=1709 bg_exc=2313 bg_inh=787
[trial 8/20] spikes=2  rate=2.00 Hz  time=22.08s
[trial 9/20] input_spikes: pn_exc=1481 bg_exc=1701 bg_inh=587
[trial 9/20] spikes=6  rate=6.00 Hz  time=21.51s
[trial 10/20] input_spikes: pn_exc=1794 bg_exc=2436 bg_inh=803
[trial 10/20] spikes=7  rate=7.00 Hz  time=22.36s
[trial 11/20] input_spikes: pn_exc=1536 bg_exc=2010 bg_inh=616
[trial 11/20] spikes=8  rate=8.00 Hz  time=21.90s
[trial 12/20] input_spikes: pn_exc=1781 bg_exc=2459 bg_inh=754
[trial 12/20] spikes=4  rate=4.00 Hz  time=22.25s
[trial 13/20] input_spikes: pn_exc=1751 bg_exc=2485 bg_inh=856
[trial 13/20] spikes=7  rate=7.00 Hz  time=22.49s
[trial 14/20] input_spikes: pn_exc=1726 bg_exc=2624 bg_inh=811
[trial 14/20] spikes=6  rate=6.00 Hz  time=22.66s
[trial 15/20] input_spikes: pn_exc=1730 bg_exc=2430 bg_inh=768
[trial 15/20] spikes=2  rate=2.00 Hz  time=22.60s
[trial 16/20] input_spikes: pn_exc=1744 bg_exc=2486 bg_inh=809
[trial 16/20] spikes=8  rate=8.00 Hz  time=22.46s
[trial 17/20] input_spikes: pn_exc=1706 bg_exc=2385 bg_inh=785
[trial 17/20] spikes=2  rate=2.00 Hz  time=22.60s
[trial 18/20] input_spikes: pn_exc=1654 bg_exc=2389 bg_inh=745
[trial 18/20] spikes=3  rate=3.00 Hz  time=22.44s
[trial 19/20] input_spikes: pn_exc=1727 bg_exc=2475 bg_inh=752
[trial 19/20] spikes=3  rate=3.00 Hz  time=22.44s
[trial 20/20] input_spikes: pn_exc=1660 bg_exc=2235 bg_inh=739
[trial 20/20] spikes=1  rate=1.00 Hz  time=21.71s
Results saved to /home/hrbncv/SCP/cells/SST/tunes/seg_tuned_all/output_data/slurm_35973/parts/slurm_35973_44/run_manifest.json
Total runtime: 445.12s
