Running: python /home/hrbncv/SCP/run_pipeline.py --tune-dir /home/hrbncv/SCP/cells/SST/tunes/seg_tuned_all --output-dir /home/hrbncv/SCP/cells/SST/tunes/seg_tuned_all/output_data/slurm_35973/parts --n-trials 20 --output-stem slurm_35973_28 --trial-offset 560 --force-save
Loaded mechanisms from /home/hrbncv/SCP/cells/SST/tunes/seg_tuned_all/modfiles/x86_64/.libs/libnrnmech.so
Loaded Allen cell for 'SST' from /home/hrbncv/SCP/cells/SST/tunes/seg_tuned_all/manifest.json, soma_diam_multiplier=10.0, Vinit=-65.0, loader=genome_fallback
Geometry defined for 'SST': 1 soma segs, 54 proximal dend segs, 52 distal dend segs, 115 total dend segs.
[trial 1/20] input_spikes: pn_exc=1618 bg_exc=2235 bg_inh=687
[trial 1/20] spikes=5  rate=5.00 Hz  time=22.46s
[trial 2/20] input_spikes: pn_exc=1680 bg_exc=2491 bg_inh=768
[trial 2/20] spikes=5  rate=5.00 Hz  time=23.02s
[trial 3/20] input_spikes: pn_exc=1705 bg_exc=2446 bg_inh=746
[trial 3/20] spikes=2  rate=2.00 Hz  time=23.18s
[trial 4/20] input_spikes: pn_exc=1723 bg_exc=2445 bg_inh=765
[trial 4/20] spikes=6  rate=6.00 Hz  time=23.05s
[trial 5/20] input_spikes: pn_exc=1486 bg_exc=1644 bg_inh=537
[trial 5/20] spikes=6  rate=6.00 Hz  time=22.02s
[trial 6/20] input_spikes: pn_exc=1712 bg_exc=2515 bg_inh=781
[trial 6/20] spikes=4  rate=4.00 Hz  time=22.78s
[trial 7/20] input_spikes: pn_exc=1712 bg_exc=2397 bg_inh=752
[trial 7/20] spikes=2  rate=2.00 Hz  time=22.73s
[trial 8/20] input_spikes: pn_exc=1589 bg_exc=1997 bg_inh=637
[trial 8/20] spikes=8  rate=8.00 Hz  time=22.25s
[trial 9/20] input_spikes: pn_exc=1655 bg_exc=2293 bg_inh=717
[trial 9/20] spikes=2  rate=2.00 Hz  time=22.37s
[trial 10/20] input_spikes: pn_exc=1694 bg_exc=2426 bg_inh=763
[trial 10/20] spikes=2  rate=2.00 Hz  time=22.52s
[trial 11/20] input_spikes: pn_exc=1552 bg_exc=1923 bg_inh=658
[trial 11/20] spikes=6  rate=6.00 Hz  time=22.10s
[trial 12/20] input_spikes: pn_exc=1811 bg_exc=2445 bg_inh=820
[trial 12/20] spikes=5  rate=5.00 Hz  time=22.99s
[trial 13/20] input_spikes: pn_exc=1666 bg_exc=2506 bg_inh=724
[trial 13/20] spikes=4  rate=4.00 Hz  time=22.83s
[trial 14/20] input_spikes: pn_exc=1609 bg_exc=2259 bg_inh=757
[trial 14/20] spikes=4  rate=4.00 Hz  time=22.56s
[trial 15/20] input_spikes: pn_exc=1579 bg_exc=2161 bg_inh=631
[trial 15/20] spikes=7  rate=7.00 Hz  time=22.32s
[trial 16/20] input_spikes: pn_exc=1683 bg_exc=2360 bg_inh=772
[trial 16/20] spikes=5  rate=5.00 Hz  time=22.56s
[trial 17/20] input_spikes: pn_exc=1677 bg_exc=2451 bg_inh=765
[trial 17/20] spikes=5  rate=5.00 Hz  time=22.77s
[trial 18/20] input_spikes: pn_exc=1687 bg_exc=2337 bg_inh=714
[trial 18/20] spikes=4  rate=4.00 Hz  time=22.37s
[trial 19/20] input_spikes: pn_exc=1765 bg_exc=2410 bg_inh=795
[trial 19/20] spikes=1  rate=1.00 Hz  time=22.89s
[trial 20/20] input_spikes: pn_exc=1570 bg_exc=2229 bg_inh=685
[trial 20/20] spikes=5  rate=5.00 Hz  time=21.09s
Results saved to /home/hrbncv/SCP/cells/SST/tunes/seg_tuned_all/output_data/slurm_35973/parts/slurm_35973_28/run_manifest.json
Total runtime: 451.15s
