Running: /home/hrbncv/miniconda3/envs/BMTK-py311/bin/python /home/hrbncv/SCP/run_pipeline.py --tune-dir /home/hrbncv/SCP/cells/SST/tunes/seg_tuned --output-dir /home/hrbncv/SCP/cells/SST/tunes/seg_tuned/output_data/slurm_45349/parts --n-trials 20 --output-stem slurm_45349_48 --trial-offset 960 --force-save
Loaded mechanisms from /home/hrbncv/SCP/cells/SST/tunes/seg_tuned/modfiles/x86_64/.libs/libnrnmech.so
Loaded Allen cell for 'SST' from /home/hrbncv/SCP/cells/SST/tunes/seg_tuned/manifest.json, soma_diam_multiplier=10.0, Vinit=-65.0, loader=genome_fallback
Geometry defined for 'SST': 1 soma segs, 54 proximal dend segs, 52 distal dend segs, 115 total dend segs.
[trial 1/20] input_spikes: pn_exc=1676 bg_exc=2383 bg_inh=726
[trial 1/20] spikes=14  rate=14.00 Hz  time=22.80s
[trial 2/20] input_spikes: pn_exc=1708 bg_exc=2417 bg_inh=727
[trial 2/20] spikes=13  rate=13.00 Hz  time=22.96s
[trial 3/20] input_spikes: pn_exc=1708 bg_exc=2353 bg_inh=728
[trial 3/20] spikes=12  rate=12.00 Hz  time=22.70s
[trial 4/20] input_spikes: pn_exc=1683 bg_exc=2228 bg_inh=755
[trial 4/20] spikes=13  rate=13.00 Hz  time=22.65s
[trial 5/20] input_spikes: pn_exc=1617 bg_exc=2113 bg_inh=602
[trial 5/20] spikes=12  rate=12.00 Hz  time=22.57s
[trial 6/20] input_spikes: pn_exc=1714 bg_exc=2341 bg_inh=706
[trial 6/20] spikes=13  rate=13.00 Hz  time=22.61s
[trial 7/20] input_spikes: pn_exc=1482 bg_exc=1951 bg_inh=577
[trial 7/20] spikes=12  rate=12.00 Hz  time=22.60s
[trial 8/20] input_spikes: pn_exc=1726 bg_exc=2544 bg_inh=717
[trial 8/20] spikes=14  rate=14.00 Hz  time=23.11s
[trial 9/20] input_spikes: pn_exc=1672 bg_exc=2379 bg_inh=761
[trial 9/20] spikes=9  rate=9.00 Hz  time=22.94s
[trial 10/20] input_spikes: pn_exc=1683 bg_exc=2445 bg_inh=764
[trial 10/20] spikes=13  rate=13.00 Hz  time=22.82s
[trial 11/20] input_spikes: pn_exc=1582 bg_exc=2263 bg_inh=713
[trial 11/20] spikes=15  rate=15.00 Hz  time=22.90s
[trial 12/20] input_spikes: pn_exc=1691 bg_exc=2205 bg_inh=707
[trial 12/20] spikes=14  rate=14.00 Hz  time=22.80s
[trial 13/20] input_spikes: pn_exc=1448 bg_exc=1770 bg_inh=532
[trial 13/20] spikes=11  rate=11.00 Hz  time=22.37s
[trial 14/20] input_spikes: pn_exc=1583 bg_exc=1838 bg_inh=584
[trial 14/20] spikes=16  rate=16.00 Hz  time=22.10s
[trial 15/20] input_spikes: pn_exc=1538 bg_exc=2030 bg_inh=650
[trial 15/20] spikes=12  rate=12.00 Hz  time=22.63s
[trial 16/20] input_spikes: pn_exc=1662 bg_exc=2325 bg_inh=762
[trial 16/20] spikes=11  rate=11.00 Hz  time=22.75s
[trial 17/20] input_spikes: pn_exc=1661 bg_exc=2151 bg_inh=672
[trial 17/20] spikes=10  rate=10.00 Hz  time=22.87s
[trial 18/20] input_spikes: pn_exc=1546 bg_exc=2052 bg_inh=625
[trial 18/20] spikes=13  rate=13.00 Hz  time=22.38s
[trial 19/20] input_spikes: pn_exc=1692 bg_exc=2542 bg_inh=783
[trial 19/20] spikes=14  rate=14.00 Hz  time=23.04s
[trial 20/20] input_spikes: pn_exc=1705 bg_exc=2268 bg_inh=667
[trial 20/20] spikes=11  rate=11.00 Hz  time=21.67s
save_plots single_plot warning: Top input panel: group list empty, auto-using all groups (3).
Results saved to /home/hrbncv/SCP/cells/SST/tunes/seg_tuned/output_data/slurm_45349/parts/slurm_45349_48/run_manifest.json
Total runtime: 454.56s
