Running: python /home/hrbncv/SCP/run_pipeline.py --tune-dir /home/hrbncv/SCP/cells/PV/tunes/seg_tuned --output-dir /home/hrbncv/SCP/cells/PV/tunes/seg_tuned/output_data/slurm_34963/parts --n-trials 40 --output-stem slurm_34963_11 --trial-offset 440 --force-save
Mechanisms already loaded; skipping duplicate load.
Loaded Allen cell for 'PV' from /home/hrbncv/SCP/cells/PV/tunes/seg_tuned/manifest.json, soma_diam_multiplier=6.0, Vinit=-71.0, loader=allensdk_default
Geometry defined for 'PV': 1 soma segs, 46 proximal dend segs, 41 distal dend segs, 97 total dend segs.
[trial 1/40] input_spikes: pn_exc=2461 bg_exc=668 bg_inh=172 sst_inh=387 pv_inh=1218
[trial 1/40] spikes=6  rate=6.00 Hz  time=26.60s
[trial 2/40] input_spikes: pn_exc=2852 bg_exc=918 bg_inh=211 sst_inh=363 pv_inh=1199
[trial 2/40] spikes=5  rate=5.00 Hz  time=26.51s
[trial 3/40] input_spikes: pn_exc=2743 bg_exc=828 bg_inh=187 sst_inh=349 pv_inh=1190
[trial 3/40] spikes=7  rate=7.00 Hz  time=26.69s
[trial 4/40] input_spikes: pn_exc=2771 bg_exc=848 bg_inh=203 sst_inh=397 pv_inh=1211
[trial 4/40] spikes=6  rate=6.00 Hz  time=26.55s
[trial 5/40] input_spikes: pn_exc=2413 bg_exc=548 bg_inh=143 sst_inh=368 pv_inh=1214
[trial 5/40] spikes=8  rate=8.00 Hz  time=26.62s
[trial 6/40] input_spikes: pn_exc=2404 bg_exc=641 bg_inh=141 sst_inh=379 pv_inh=1193
[trial 6/40] spikes=7  rate=7.00 Hz  time=26.62s
[trial 7/40] input_spikes: pn_exc=2849 bg_exc=860 bg_inh=215 sst_inh=371 pv_inh=1198
[trial 7/40] spikes=6  rate=6.00 Hz  time=26.67s
[trial 8/40] input_spikes: pn_exc=2750 bg_exc=770 bg_inh=221 sst_inh=386 pv_inh=1173
[trial 8/40] spikes=5  rate=5.00 Hz  time=26.61s
[trial 9/40] input_spikes: pn_exc=2880 bg_exc=816 bg_inh=179 sst_inh=382 pv_inh=1195
[trial 9/40] spikes=6  rate=6.00 Hz  time=26.68s
[trial 10/40] input_spikes: pn_exc=2706 bg_exc=796 bg_inh=205 sst_inh=368 pv_inh=1203
[trial 10/40] spikes=4  rate=4.00 Hz  time=26.62s
[trial 11/40] input_spikes: pn_exc=2799 bg_exc=754 bg_inh=182 sst_inh=387 pv_inh=1192
[trial 11/40] spikes=8  rate=8.00 Hz  time=26.50s
[trial 12/40] input_spikes: pn_exc=2305 bg_exc=630 bg_inh=173 sst_inh=373 pv_inh=1198
[trial 12/40] spikes=6  rate=6.00 Hz  time=26.58s
[trial 13/40] input_spikes: pn_exc=2893 bg_exc=838 bg_inh=194 sst_inh=384 pv_inh=1203
[trial 13/40] spikes=7  rate=7.00 Hz  time=29.66s
[trial 14/40] input_spikes: pn_exc=2805 bg_exc=840 bg_inh=220 sst_inh=404 pv_inh=1197
[trial 14/40] spikes=6  rate=6.00 Hz  time=31.57s
[trial 15/40] input_spikes: pn_exc=2790 bg_exc=835 bg_inh=207 sst_inh=362 pv_inh=1196
[trial 15/40] spikes=6  rate=6.00 Hz  time=32.11s
[trial 16/40] input_spikes: pn_exc=2788 bg_exc=782 bg_inh=200 sst_inh=344 pv_inh=1176
[trial 16/40] spikes=8  rate=8.00 Hz  time=31.57s
[trial 17/40] input_spikes: pn_exc=2820 bg_exc=902 bg_inh=206 sst_inh=388 pv_inh=1209
[trial 17/40] spikes=8  rate=8.00 Hz  time=31.73s
[trial 18/40] input_spikes: pn_exc=2870 bg_exc=865 bg_inh=204 sst_inh=382 pv_inh=1166
[trial 18/40] spikes=8  rate=8.00 Hz  time=31.71s
[trial 19/40] input_spikes: pn_exc=2669 bg_exc=832 bg_inh=228 sst_inh=377 pv_inh=1198
[trial 19/40] spikes=5  rate=5.00 Hz  time=31.62s
[trial 20/40] input_spikes: pn_exc=2691 bg_exc=856 bg_inh=190 sst_inh=370 pv_inh=1205
[trial 20/40] spikes=7  rate=7.00 Hz  time=31.76s
[trial 21/40] input_spikes: pn_exc=2621 bg_exc=653 bg_inh=165 sst_inh=377 pv_inh=1189
[trial 21/40] spikes=8  rate=8.00 Hz  time=31.63s
[trial 22/40] input_spikes: pn_exc=2828 bg_exc=848 bg_inh=200 sst_inh=370 pv_inh=1209
[trial 22/40] spikes=6  rate=6.00 Hz  time=31.61s
[trial 23/40] input_spikes: pn_exc=2338 bg_exc=615 bg_inh=134 sst_inh=378 pv_inh=1169
[trial 23/40] spikes=6  rate=6.00 Hz  time=31.48s
[trial 24/40] input_spikes: pn_exc=2879 bg_exc=804 bg_inh=221 sst_inh=387 pv_inh=1227
[trial 24/40] spikes=4  rate=4.00 Hz  time=29.50s
[trial 25/40] input_spikes: pn_exc=2812 bg_exc=813 bg_inh=214 sst_inh=359 pv_inh=1196
[trial 25/40] spikes=4  rate=4.00 Hz  time=26.87s
[trial 26/40] input_spikes: pn_exc=2758 bg_exc=862 bg_inh=171 sst_inh=366 pv_inh=1205
[trial 26/40] spikes=7  rate=7.00 Hz  time=26.62s
[trial 27/40] input_spikes: pn_exc=2835 bg_exc=912 bg_inh=206 sst_inh=356 pv_inh=1209
[trial 27/40] spikes=8  rate=8.00 Hz  time=26.56s
[trial 28/40] input_spikes: pn_exc=2497 bg_exc=686 bg_inh=138 sst_inh=373 pv_inh=1221
[trial 28/40] spikes=5  rate=5.00 Hz  time=26.57s
[trial 29/40] input_spikes: pn_exc=2586 bg_exc=701 bg_inh=164 sst_inh=379 pv_inh=1203
[trial 29/40] spikes=6  rate=6.00 Hz  time=26.50s
[trial 30/40] input_spikes: pn_exc=2698 bg_exc=762 bg_inh=220 sst_inh=384 pv_inh=1190
[trial 30/40] spikes=6  rate=6.00 Hz  time=26.94s
[trial 31/40] input_spikes: pn_exc=2503 bg_exc=746 bg_inh=163 sst_inh=388 pv_inh=1204
[trial 31/40] spikes=6  rate=6.00 Hz  time=26.56s
[trial 32/40] input_spikes: pn_exc=2703 bg_exc=803 bg_inh=206 sst_inh=361 pv_inh=1187
[trial 32/40] spikes=7  rate=7.00 Hz  time=26.63s
[trial 33/40] input_spikes: pn_exc=2663 bg_exc=813 bg_inh=177 sst_inh=365 pv_inh=1179
[trial 33/40] spikes=7  rate=7.00 Hz  time=26.57s
[trial 34/40] input_spikes: pn_exc=2778 bg_exc=874 bg_inh=218 sst_inh=384 pv_inh=1197
[trial 34/40] spikes=5  rate=5.00 Hz  time=27.13s
[trial 35/40] input_spikes: pn_exc=2571 bg_exc=751 bg_inh=175 sst_inh=369 pv_inh=1215
[trial 35/40] spikes=8  rate=8.00 Hz  time=27.31s
[trial 36/40] input_spikes: pn_exc=2815 bg_exc=867 bg_inh=205 sst_inh=361 pv_inh=1212
[trial 36/40] spikes=8  rate=8.00 Hz  time=27.40s
[trial 37/40] input_spikes: pn_exc=2862 bg_exc=843 bg_inh=180 sst_inh=364 pv_inh=1191
[trial 37/40] spikes=7  rate=7.00 Hz  time=27.25s
[trial 38/40] input_spikes: pn_exc=2783 bg_exc=866 bg_inh=190 sst_inh=404 pv_inh=1214
[trial 38/40] spikes=5  rate=5.00 Hz  time=27.15s
[trial 39/40] input_spikes: pn_exc=2947 bg_exc=808 bg_inh=214 sst_inh=374 pv_inh=1185
[trial 39/40] spikes=7  rate=7.00 Hz  time=27.18s
[trial 40/40] input_spikes: pn_exc=2856 bg_exc=901 bg_inh=209 sst_inh=378 pv_inh=1185
[trial 40/40] spikes=8  rate=8.00 Hz  time=27.19s
save_plots single_plot warning: Top input panel: group list empty, auto-using all groups (5).
Results saved to /home/hrbncv/SCP/cells/PV/tunes/seg_tuned/output_data/slurm_34963/parts/slurm_34963_11/run_manifest.json
Total runtime: 1127.27s
