Running: /home/hrbncv/miniconda3/envs/BMTK-py311/bin/python /home/hrbncv/SCP/run_pipeline.py --tune-dir /home/hrbncv/SCP/cells/SST/tunes/seg_tuned --output-dir /home/hrbncv/SCP/cells/SST/tunes/seg_tuned/output_data/slurm_45349/parts --n-trials 20 --output-stem slurm_45349_16 --trial-offset 320 --force-save
Loaded mechanisms from /home/hrbncv/SCP/cells/SST/tunes/seg_tuned/modfiles/x86_64/.libs/libnrnmech.so
Loaded Allen cell for 'SST' from /home/hrbncv/SCP/cells/SST/tunes/seg_tuned/manifest.json, soma_diam_multiplier=10.0, Vinit=-65.0, loader=genome_fallback
Geometry defined for 'SST': 1 soma segs, 54 proximal dend segs, 52 distal dend segs, 115 total dend segs.
[trial 1/20] input_spikes: pn_exc=1804 bg_exc=2441 bg_inh=761
[trial 1/20] spikes=17  rate=17.00 Hz  time=21.83s
[trial 2/20] input_spikes: pn_exc=1762 bg_exc=2480 bg_inh=793
[trial 2/20] spikes=15  rate=15.00 Hz  time=21.84s
[trial 3/20] input_spikes: pn_exc=1435 bg_exc=1800 bg_inh=608
[trial 3/20] spikes=11  rate=11.00 Hz  time=21.08s
[trial 4/20] input_spikes: pn_exc=1646 bg_exc=2296 bg_inh=795
[trial 4/20] spikes=14  rate=14.00 Hz  time=21.62s
[trial 5/20] input_spikes: pn_exc=1730 bg_exc=2586 bg_inh=763
[trial 5/20] spikes=18  rate=18.00 Hz  time=21.88s
[trial 6/20] input_spikes: pn_exc=1475 bg_exc=1720 bg_inh=556
[trial 6/20] spikes=16  rate=16.00 Hz  time=20.99s
[trial 7/20] input_spikes: pn_exc=1699 bg_exc=2432 bg_inh=770
[trial 7/20] spikes=18  rate=18.00 Hz  time=21.76s
[trial 8/20] input_spikes: pn_exc=1564 bg_exc=2093 bg_inh=643
[trial 8/20] spikes=10  rate=10.00 Hz  time=21.29s
[trial 9/20] input_spikes: pn_exc=1695 bg_exc=2433 bg_inh=761
[trial 9/20] spikes=12  rate=12.00 Hz  time=21.87s
[trial 10/20] input_spikes: pn_exc=1609 bg_exc=2378 bg_inh=710
[trial 10/20] spikes=11  rate=11.00 Hz  time=21.61s
[trial 11/20] input_spikes: pn_exc=1725 bg_exc=2319 bg_inh=738
[trial 11/20] spikes=14  rate=14.00 Hz  time=21.91s
[trial 12/20] input_spikes: pn_exc=1609 bg_exc=2069 bg_inh=642
[trial 12/20] spikes=12  rate=12.00 Hz  time=21.35s
[trial 13/20] input_spikes: pn_exc=1623 bg_exc=2122 bg_inh=658
[trial 13/20] spikes=15  rate=15.00 Hz  time=21.46s
[trial 14/20] input_spikes: pn_exc=1653 bg_exc=2370 bg_inh=767
[trial 14/20] spikes=10  rate=10.00 Hz  time=21.84s
[trial 15/20] input_spikes: pn_exc=1650 bg_exc=2297 bg_inh=761
[trial 15/20] spikes=15  rate=15.00 Hz  time=21.68s
[trial 16/20] input_spikes: pn_exc=1740 bg_exc=2488 bg_inh=781
[trial 16/20] spikes=16  rate=16.00 Hz  time=21.82s
[trial 17/20] input_spikes: pn_exc=1458 bg_exc=1942 bg_inh=625
[trial 17/20] spikes=12  rate=12.00 Hz  time=21.36s
[trial 18/20] input_spikes: pn_exc=1725 bg_exc=2432 bg_inh=796
[trial 18/20] spikes=13  rate=13.00 Hz  time=21.89s
[trial 19/20] input_spikes: pn_exc=1669 bg_exc=2297 bg_inh=674
[trial 19/20] spikes=11  rate=11.00 Hz  time=21.69s
[trial 20/20] input_spikes: pn_exc=1693 bg_exc=2452 bg_inh=744
[trial 20/20] spikes=14  rate=14.00 Hz  time=21.78s
save_plots single_plot warning: Top input panel: group list empty, auto-using all groups (3).
Results saved to /home/hrbncv/SCP/cells/SST/tunes/seg_tuned/output_data/slurm_45349/parts/slurm_45349_16/run_manifest.json
Total runtime: 433.88s
