Running: python /home/hrbncv/SCP/run_pipeline.py --tune-dir /home/hrbncv/SCP/cells/SST/tunes/seg_tuned_all --output-dir /home/hrbncv/SCP/cells/SST/tunes/seg_tuned_all/output_data/slurm_39858/parts --n-trials 20 --output-stem slurm_39858_47 --trial-offset 940 --force-save
Loaded mechanisms from /home/hrbncv/SCP/cells/SST/tunes/seg_tuned_all/modfiles/x86_64/.libs/libnrnmech.so
Loaded Allen cell for 'SST' from /home/hrbncv/SCP/cells/SST/tunes/seg_tuned_all/manifest.json, soma_diam_multiplier=10.0, Vinit=-65.0, loader=genome_fallback
Geometry defined for 'SST': 1 soma segs, 54 proximal dend segs, 52 distal dend segs, 115 total dend segs.
[trial 1/20] input_spikes: pn_exc=1676 vip_inh_bio=80 bg_exc=2526 bg_inh=777
[trial 1/20] spikes=4  rate=4.00 Hz  time=21.64s
[trial 2/20] input_spikes: pn_exc=1693 vip_inh_bio=71 bg_exc=2364 bg_inh=773
[trial 2/20] spikes=3  rate=3.00 Hz  time=21.87s
[trial 3/20] input_spikes: pn_exc=1743 vip_inh_bio=77 bg_exc=2445 bg_inh=682
[trial 3/20] spikes=0  rate=0.00 Hz  time=21.50s
[trial 4/20] input_spikes: pn_exc=1704 vip_inh_bio=75 bg_exc=2381 bg_inh=751
[trial 4/20] spikes=2  rate=2.00 Hz  time=21.57s
[trial 5/20] input_spikes: pn_exc=1749 vip_inh_bio=57 bg_exc=2431 bg_inh=807
[trial 5/20] spikes=0  rate=0.00 Hz  time=21.77s
[trial 6/20] input_spikes: pn_exc=1775 vip_inh_bio=80 bg_exc=2577 bg_inh=741
[trial 6/20] spikes=4  rate=4.00 Hz  time=21.91s
[trial 7/20] input_spikes: pn_exc=1698 vip_inh_bio=66 bg_exc=2509 bg_inh=744
[trial 7/20] spikes=3  rate=3.00 Hz  time=21.72s
[trial 8/20] input_spikes: pn_exc=1671 vip_inh_bio=72 bg_exc=2316 bg_inh=766
[trial 8/20] spikes=0  rate=0.00 Hz  time=21.64s
[trial 9/20] input_spikes: pn_exc=1718 vip_inh_bio=58 bg_exc=2327 bg_inh=740
[trial 9/20] spikes=8  rate=8.00 Hz  time=21.62s
[trial 10/20] input_spikes: pn_exc=1583 vip_inh_bio=66 bg_exc=2053 bg_inh=631
[trial 10/20] spikes=1  rate=1.00 Hz  time=21.20s
[trial 11/20] input_spikes: pn_exc=1638 vip_inh_bio=76 bg_exc=2308 bg_inh=802
[trial 11/20] spikes=2  rate=2.00 Hz  time=21.59s
[trial 12/20] input_spikes: pn_exc=1674 vip_inh_bio=60 bg_exc=2337 bg_inh=752
[trial 12/20] spikes=3  rate=3.00 Hz  time=21.70s
[trial 13/20] input_spikes: pn_exc=1679 vip_inh_bio=49 bg_exc=2291 bg_inh=714
[trial 13/20] spikes=4  rate=4.00 Hz  time=21.56s
[trial 14/20] input_spikes: pn_exc=1770 vip_inh_bio=66 bg_exc=2533 bg_inh=774
[trial 14/20] spikes=3  rate=3.00 Hz  time=21.81s
[trial 15/20] input_spikes: pn_exc=1741 vip_inh_bio=80 bg_exc=2534 bg_inh=792
[trial 15/20] spikes=7  rate=7.00 Hz  time=21.81s
[trial 16/20] input_spikes: pn_exc=1758 vip_inh_bio=64 bg_exc=2383 bg_inh=771
[trial 16/20] spikes=4  rate=4.00 Hz  time=21.92s
[trial 17/20] input_spikes: pn_exc=1550 vip_inh_bio=72 bg_exc=1940 bg_inh=658
[trial 17/20] spikes=5  rate=5.00 Hz  time=21.65s
[trial 18/20] input_spikes: pn_exc=1672 vip_inh_bio=64 bg_exc=2336 bg_inh=729
[trial 18/20] spikes=2  rate=2.00 Hz  time=21.66s
[trial 19/20] input_spikes: pn_exc=1806 vip_inh_bio=61 bg_exc=2446 bg_inh=758
[trial 19/20] spikes=4  rate=4.00 Hz  time=21.87s
[trial 20/20] input_spikes: pn_exc=1744 vip_inh_bio=59 bg_exc=2463 bg_inh=848
[trial 20/20] spikes=1  rate=1.00 Hz  time=21.87s
save_plots single_plot warning: Top input panel: group list empty, auto-using all groups (4).
Results saved to /home/hrbncv/SCP/cells/SST/tunes/seg_tuned_all/output_data/slurm_39858/parts/slurm_39858_47/run_manifest.json
Total runtime: 435.23s
