Running: python /home/hrbncv/SCP/run_pipeline.py --tune-dir /home/hrbncv/SCP/cells/PV/tunes/seg_tuned --output-dir /home/hrbncv/SCP/cells/PV/tunes/seg_tuned/output_data/slurm_35079/parts --n-trials 40 --output-stem slurm_35079_21 --trial-offset 840 --force-save
Mechanisms already loaded; skipping duplicate load.
Loaded Allen cell for 'PV' from /home/hrbncv/SCP/cells/PV/tunes/seg_tuned/manifest.json, soma_diam_multiplier=6.0, Vinit=-71.0, loader=allensdk_default
Geometry defined for 'PV': 1 soma segs, 46 proximal dend segs, 41 distal dend segs, 97 total dend segs.
[trial 1/40] input_spikes: pn_exc=2851 bg_exc=835 bg_inh=209 sst_inh=375 pv_inh=753
[trial 1/40] spikes=7  rate=7.00 Hz  time=27.48s
[trial 2/40] input_spikes: pn_exc=2693 bg_exc=791 bg_inh=223 sst_inh=371 pv_inh=738
[trial 2/40] spikes=6  rate=6.00 Hz  time=27.40s
[trial 3/40] input_spikes: pn_exc=2732 bg_exc=733 bg_inh=175 sst_inh=387 pv_inh=745
[trial 3/40] spikes=5  rate=5.00 Hz  time=27.29s
[trial 4/40] input_spikes: pn_exc=2842 bg_exc=858 bg_inh=214 sst_inh=381 pv_inh=747
[trial 4/40] spikes=7  rate=7.00 Hz  time=27.39s
[trial 5/40] input_spikes: pn_exc=2651 bg_exc=818 bg_inh=217 sst_inh=356 pv_inh=751
[trial 5/40] spikes=6  rate=6.00 Hz  time=27.44s
[trial 6/40] input_spikes: pn_exc=2719 bg_exc=797 bg_inh=176 sst_inh=401 pv_inh=746
[trial 6/40] spikes=6  rate=6.00 Hz  time=27.31s
[trial 7/40] input_spikes: pn_exc=2649 bg_exc=770 bg_inh=158 sst_inh=364 pv_inh=750
[trial 7/40] spikes=7  rate=7.00 Hz  time=27.36s
[trial 8/40] input_spikes: pn_exc=2797 bg_exc=810 bg_inh=206 sst_inh=378 pv_inh=744
[trial 8/40] spikes=6  rate=6.00 Hz  time=27.55s
[trial 9/40] input_spikes: pn_exc=2826 bg_exc=773 bg_inh=193 sst_inh=387 pv_inh=739
[trial 9/40] spikes=7  rate=7.00 Hz  time=27.36s
[trial 10/40] input_spikes: pn_exc=2867 bg_exc=811 bg_inh=213 sst_inh=379 pv_inh=751
[trial 10/40] spikes=7  rate=7.00 Hz  time=27.38s
[trial 11/40] input_spikes: pn_exc=2456 bg_exc=656 bg_inh=171 sst_inh=363 pv_inh=748
[trial 11/40] spikes=6  rate=6.00 Hz  time=27.42s
[trial 12/40] input_spikes: pn_exc=2909 bg_exc=894 bg_inh=190 sst_inh=381 pv_inh=745
[trial 12/40] spikes=8  rate=8.00 Hz  time=27.33s
[trial 13/40] input_spikes: pn_exc=2544 bg_exc=707 bg_inh=165 sst_inh=387 pv_inh=750
[trial 13/40] spikes=7  rate=7.00 Hz  time=27.40s
[trial 14/40] input_spikes: pn_exc=2764 bg_exc=884 bg_inh=215 sst_inh=367 pv_inh=740
[trial 14/40] spikes=7  rate=7.00 Hz  time=27.40s
[trial 15/40] input_spikes: pn_exc=2881 bg_exc=856 bg_inh=197 sst_inh=352 pv_inh=735
[trial 15/40] spikes=8  rate=8.00 Hz  time=27.48s
[trial 16/40] input_spikes: pn_exc=2615 bg_exc=734 bg_inh=196 sst_inh=375 pv_inh=736
[trial 16/40] spikes=7  rate=7.00 Hz  time=27.37s
[trial 17/40] input_spikes: pn_exc=2827 bg_exc=823 bg_inh=193 sst_inh=376 pv_inh=745
[trial 17/40] spikes=6  rate=6.00 Hz  time=27.40s
[trial 18/40] input_spikes: pn_exc=2707 bg_exc=833 bg_inh=186 sst_inh=376 pv_inh=754
[trial 18/40] spikes=8  rate=8.00 Hz  time=27.31s
[trial 19/40] input_spikes: pn_exc=2634 bg_exc=768 bg_inh=226 sst_inh=384 pv_inh=753
[trial 19/40] spikes=4  rate=4.00 Hz  time=27.45s
[trial 20/40] input_spikes: pn_exc=2719 bg_exc=855 bg_inh=193 sst_inh=373 pv_inh=751
[trial 20/40] spikes=7  rate=7.00 Hz  time=27.42s
[trial 21/40] input_spikes: pn_exc=2604 bg_exc=695 bg_inh=193 sst_inh=368 pv_inh=740
[trial 21/40] spikes=6  rate=6.00 Hz  time=27.40s
[trial 22/40] input_spikes: pn_exc=2829 bg_exc=879 bg_inh=201 sst_inh=384 pv_inh=737
[trial 22/40] spikes=6  rate=6.00 Hz  time=27.36s
[trial 23/40] input_spikes: pn_exc=2824 bg_exc=776 bg_inh=207 sst_inh=384 pv_inh=759
[trial 23/40] spikes=6  rate=6.00 Hz  time=27.43s
[trial 24/40] input_spikes: pn_exc=2754 bg_exc=792 bg_inh=206 sst_inh=384 pv_inh=746
[trial 24/40] spikes=5  rate=5.00 Hz  time=27.34s
[trial 25/40] input_spikes: pn_exc=2804 bg_exc=851 bg_inh=177 sst_inh=374 pv_inh=742
[trial 25/40] spikes=7  rate=7.00 Hz  time=27.41s
[trial 26/40] input_spikes: pn_exc=2751 bg_exc=708 bg_inh=172 sst_inh=370 pv_inh=745
[trial 26/40] spikes=7  rate=7.00 Hz  time=27.37s
[trial 27/40] input_spikes: pn_exc=2728 bg_exc=830 bg_inh=201 sst_inh=378 pv_inh=738
[trial 27/40] spikes=6  rate=6.00 Hz  time=27.37s
[trial 28/40] input_spikes: pn_exc=2694 bg_exc=819 bg_inh=211 sst_inh=384 pv_inh=751
[trial 28/40] spikes=7  rate=7.00 Hz  time=27.47s
[trial 29/40] input_spikes: pn_exc=2764 bg_exc=917 bg_inh=205 sst_inh=369 pv_inh=745
[trial 29/40] spikes=6  rate=6.00 Hz  time=27.48s
[trial 30/40] input_spikes: pn_exc=2781 bg_exc=852 bg_inh=188 sst_inh=373 pv_inh=761
[trial 30/40] spikes=8  rate=8.00 Hz  time=27.35s
[trial 31/40] input_spikes: pn_exc=2883 bg_exc=854 bg_inh=233 sst_inh=391 pv_inh=746
[trial 31/40] spikes=8  rate=8.00 Hz  time=27.48s
[trial 32/40] input_spikes: pn_exc=2877 bg_exc=865 bg_inh=192 sst_inh=388 pv_inh=739
[trial 32/40] spikes=5  rate=5.00 Hz  time=27.49s
[trial 33/40] input_spikes: pn_exc=2573 bg_exc=719 bg_inh=202 sst_inh=347 pv_inh=751
[trial 33/40] spikes=6  rate=6.00 Hz  time=27.32s
[trial 34/40] input_spikes: pn_exc=2706 bg_exc=773 bg_inh=184 sst_inh=379 pv_inh=747
[trial 34/40] spikes=6  rate=6.00 Hz  time=27.43s
[trial 35/40] input_spikes: pn_exc=2852 bg_exc=854 bg_inh=224 sst_inh=372 pv_inh=731
[trial 35/40] spikes=6  rate=6.00 Hz  time=27.51s
[trial 36/40] input_spikes: pn_exc=2819 bg_exc=845 bg_inh=218 sst_inh=393 pv_inh=741
[trial 36/40] spikes=7  rate=7.00 Hz  time=27.38s
[trial 37/40] input_spikes: pn_exc=2383 bg_exc=264 bg_inh=58 sst_inh=356 pv_inh=757
[trial 37/40] spikes=4  rate=4.00 Hz  time=27.28s
[trial 38/40] input_spikes: pn_exc=2681 bg_exc=810 bg_inh=169 sst_inh=368 pv_inh=742
[trial 38/40] spikes=7  rate=7.00 Hz  time=27.42s
[trial 39/40] input_spikes: pn_exc=2511 bg_exc=721 bg_inh=182 sst_inh=364 pv_inh=734
[trial 39/40] spikes=7  rate=7.00 Hz  time=27.33s
[trial 40/40] input_spikes: pn_exc=2842 bg_exc=927 bg_inh=210 sst_inh=368 pv_inh=761
[trial 40/40] spikes=7  rate=7.00 Hz  time=27.20s
save_plots single_plot warning: Top input panel: group list empty, auto-using all groups (5).
Results saved to /home/hrbncv/SCP/cells/PV/tunes/seg_tuned/output_data/slurm_35079/parts/slurm_35079_21/run_manifest.json
Total runtime: 1097.28s
