Running: python /home/hrbncv/SCP/run_pipeline.py --tune-dir /home/hrbncv/SCP/cells/PV/tunes/seg_tuned --output-dir /home/hrbncv/SCP/cells/PV/tunes/seg_tuned/output_data/slurm_32387/parts --n-trials 20 --output-stem slurm_32387_40 --trial-offset 800 --force-save
Mechanisms already loaded; skipping duplicate load.
Loaded Allen cell for 'PV' from /home/hrbncv/SCP/cells/PV/tunes/seg_tuned/manifest.json, soma_diam_multiplier=6.0, Vinit=-71.0, loader=allensdk_default
Geometry defined for 'PV': 1 soma segs, 46 proximal dend segs, 41 distal dend segs, 97 total dend segs.
[trial 1/20] input_spikes: pn_exc=2649 bg_exc=801 bg_inh=203
[trial 1/20] spikes=11  rate=11.00 Hz  time=29.18s
[trial 2/20] input_spikes: pn_exc=2660 bg_exc=726 bg_inh=170
[trial 2/20] spikes=12  rate=12.00 Hz  time=29.38s
[trial 3/20] input_spikes: pn_exc=2659 bg_exc=781 bg_inh=174
[trial 3/20] spikes=11  rate=11.00 Hz  time=28.26s
[trial 4/20] input_spikes: pn_exc=2801 bg_exc=848 bg_inh=190
[trial 4/20] spikes=12  rate=12.00 Hz  time=28.60s
[trial 5/20] input_spikes: pn_exc=2810 bg_exc=834 bg_inh=201
[trial 5/20] spikes=12  rate=12.00 Hz  time=28.87s
[trial 6/20] input_spikes: pn_exc=2848 bg_exc=927 bg_inh=211
[trial 6/20] spikes=13  rate=13.00 Hz  time=28.31s
[trial 7/20] input_spikes: pn_exc=2322 bg_exc=683 bg_inh=151
[trial 7/20] spikes=11  rate=11.00 Hz  time=28.63s
[trial 8/20] input_spikes: pn_exc=2797 bg_exc=934 bg_inh=203
[trial 8/20] spikes=14  rate=14.00 Hz  time=28.73s
[trial 9/20] input_spikes: pn_exc=2590 bg_exc=760 bg_inh=187
[trial 9/20] spikes=12  rate=12.00 Hz  time=28.27s
[trial 10/20] input_spikes: pn_exc=2917 bg_exc=882 bg_inh=200
[trial 10/20] spikes=12  rate=12.00 Hz  time=28.69s
[trial 11/20] input_spikes: pn_exc=2840 bg_exc=853 bg_inh=214
[trial 11/20] spikes=10  rate=10.00 Hz  time=28.69s
[trial 12/20] input_spikes: pn_exc=2816 bg_exc=900 bg_inh=218
[trial 12/20] spikes=11  rate=11.00 Hz  time=28.22s
[trial 13/20] input_spikes: pn_exc=2856 bg_exc=781 bg_inh=193
[trial 13/20] spikes=11  rate=11.00 Hz  time=28.69s
[trial 14/20] input_spikes: pn_exc=2886 bg_exc=876 bg_inh=211
[trial 14/20] spikes=12  rate=12.00 Hz  time=28.57s
[trial 15/20] input_spikes: pn_exc=2419 bg_exc=652 bg_inh=164
[trial 15/20] spikes=11  rate=11.00 Hz  time=28.19s
[trial 16/20] input_spikes: pn_exc=2799 bg_exc=774 bg_inh=198
[trial 16/20] spikes=11  rate=11.00 Hz  time=28.95s
[trial 17/20] input_spikes: pn_exc=2700 bg_exc=817 bg_inh=176
[trial 17/20] spikes=12  rate=12.00 Hz  time=28.59s
[trial 18/20] input_spikes: pn_exc=2743 bg_exc=806 bg_inh=199
[trial 18/20] spikes=12  rate=12.00 Hz  time=28.17s
[trial 19/20] input_spikes: pn_exc=2739 bg_exc=863 bg_inh=189
[trial 19/20] spikes=13  rate=13.00 Hz  time=28.78s
[trial 20/20] input_spikes: pn_exc=2777 bg_exc=823 bg_inh=229
[trial 20/20] spikes=11  rate=11.00 Hz  time=28.62s
save_plots single_plot warning: Top input panel: group list empty, auto-using all groups (3).
save_plots single_plot warning: Input raster panel: group list empty, auto-using all groups (3).
Results saved to /home/hrbncv/SCP/cells/PV/tunes/seg_tuned/output_data/slurm_32387/parts/slurm_32387_40/run_manifest.json
Total runtime: 694.86s
