Running: python /home/hrbncv/SCP/run_pipeline.py --tune-dir /home/hrbncv/SCP/cells/SST/tunes/seg_tuned_all --output-dir /home/hrbncv/SCP/cells/SST/tunes/seg_tuned_all/output_data/slurm_39858/parts --n-trials 20 --output-stem slurm_39858_17 --trial-offset 340 --force-save
Loaded mechanisms from /home/hrbncv/SCP/cells/SST/tunes/seg_tuned_all/modfiles/x86_64/.libs/libnrnmech.so
Loaded Allen cell for 'SST' from /home/hrbncv/SCP/cells/SST/tunes/seg_tuned_all/manifest.json, soma_diam_multiplier=10.0, Vinit=-65.0, loader=genome_fallback
Geometry defined for 'SST': 1 soma segs, 54 proximal dend segs, 52 distal dend segs, 115 total dend segs.
[trial 1/20] input_spikes: pn_exc=1732 vip_inh_bio=57 bg_exc=2508 bg_inh=773
[trial 1/20] spikes=3  rate=3.00 Hz  time=21.73s
[trial 2/20] input_spikes: pn_exc=1676 vip_inh_bio=75 bg_exc=2376 bg_inh=742
[trial 2/20] spikes=2  rate=2.00 Hz  time=21.61s
[trial 3/20] input_spikes: pn_exc=1540 vip_inh_bio=72 bg_exc=2164 bg_inh=623
[trial 3/20] spikes=0  rate=0.00 Hz  time=21.44s
[trial 4/20] input_spikes: pn_exc=1703 vip_inh_bio=80 bg_exc=2490 bg_inh=766
[trial 4/20] spikes=2  rate=2.00 Hz  time=21.51s
[trial 5/20] input_spikes: pn_exc=1633 vip_inh_bio=65 bg_exc=2316 bg_inh=706
[trial 5/20] spikes=5  rate=5.00 Hz  time=21.58s
[trial 6/20] input_spikes: pn_exc=1749 vip_inh_bio=71 bg_exc=2405 bg_inh=782
[trial 6/20] spikes=5  rate=5.00 Hz  time=21.76s
[trial 7/20] input_spikes: pn_exc=1670 vip_inh_bio=66 bg_exc=2387 bg_inh=744
[trial 7/20] spikes=2  rate=2.00 Hz  time=21.50s
[trial 8/20] input_spikes: pn_exc=1695 vip_inh_bio=55 bg_exc=2303 bg_inh=722
[trial 8/20] spikes=3  rate=3.00 Hz  time=21.37s
[trial 9/20] input_spikes: pn_exc=1747 vip_inh_bio=61 bg_exc=2352 bg_inh=748
[trial 9/20] spikes=1  rate=1.00 Hz  time=21.65s
[trial 10/20] input_spikes: pn_exc=1720 vip_inh_bio=71 bg_exc=2439 bg_inh=777
[trial 10/20] spikes=3  rate=3.00 Hz  time=21.63s
[trial 11/20] input_spikes: pn_exc=1673 vip_inh_bio=57 bg_exc=2278 bg_inh=699
[trial 11/20] spikes=5  rate=5.00 Hz  time=21.55s
[trial 12/20] input_spikes: pn_exc=1742 vip_inh_bio=65 bg_exc=2315 bg_inh=786
[trial 12/20] spikes=5  rate=5.00 Hz  time=21.81s
[trial 13/20] input_spikes: pn_exc=1694 vip_inh_bio=67 bg_exc=2259 bg_inh=651
[trial 13/20] spikes=4  rate=4.00 Hz  time=21.51s
[trial 14/20] input_spikes: pn_exc=1659 vip_inh_bio=67 bg_exc=2387 bg_inh=714
[trial 14/20] spikes=3  rate=3.00 Hz  time=21.63s
[trial 15/20] input_spikes: pn_exc=1811 vip_inh_bio=71 bg_exc=2362 bg_inh=772
[trial 15/20] spikes=6  rate=6.00 Hz  time=21.82s
[trial 16/20] input_spikes: pn_exc=1578 vip_inh_bio=72 bg_exc=2060 bg_inh=680
[trial 16/20] spikes=4  rate=4.00 Hz  time=21.53s
[trial 17/20] input_spikes: pn_exc=1778 vip_inh_bio=76 bg_exc=2472 bg_inh=743
[trial 17/20] spikes=6  rate=6.00 Hz  time=22.25s
[trial 18/20] input_spikes: pn_exc=1708 vip_inh_bio=78 bg_exc=2375 bg_inh=739
[trial 18/20] spikes=1  rate=1.00 Hz  time=21.55s
[trial 19/20] input_spikes: pn_exc=1638 vip_inh_bio=65 bg_exc=2148 bg_inh=635
[trial 19/20] spikes=3  rate=3.00 Hz  time=21.42s
[trial 20/20] input_spikes: pn_exc=1646 vip_inh_bio=64 bg_exc=2258 bg_inh=695
[trial 20/20] spikes=3  rate=3.00 Hz  time=21.31s
save_plots single_plot warning: Top input panel: group list empty, auto-using all groups (4).
Results saved to /home/hrbncv/SCP/cells/SST/tunes/seg_tuned_all/output_data/slurm_39858/parts/slurm_39858_17/run_manifest.json
Total runtime: 433.58s
