Running: /home/hrbncv/miniconda3/envs/BMTK-py311/bin/python /home/hrbncv/SCP/run_pipeline.py --tune-dir /home/hrbncv/SCP/cells/SST/tunes/seg_tuned_all --output-dir /home/hrbncv/SCP/cells/SST/tunes/seg_tuned_all/output_data/slurm_45349/parts --n-trials 20 --output-stem slurm_45349_32 --trial-offset 640 --force-save
Loaded mechanisms from /home/hrbncv/SCP/cells/SST/tunes/seg_tuned_all/modfiles/x86_64/.libs/libnrnmech.so
Loaded Allen cell for 'SST' from /home/hrbncv/SCP/cells/SST/tunes/seg_tuned_all/manifest.json, soma_diam_multiplier=10.0, Vinit=-65.0, loader=genome_fallback
Geometry defined for 'SST': 1 soma segs, 54 proximal dend segs, 52 distal dend segs, 115 total dend segs.
[trial 1/20] input_spikes: pn_exc=1704 bg_exc=2414 bg_inh=780
[trial 1/20] spikes=13  rate=13.00 Hz  time=22.53s
[trial 2/20] input_spikes: pn_exc=1690 bg_exc=2393 bg_inh=700
[trial 2/20] spikes=10  rate=10.00 Hz  time=22.78s
[trial 3/20] input_spikes: pn_exc=1759 bg_exc=2405 bg_inh=743
[trial 3/20] spikes=14  rate=14.00 Hz  time=22.45s
[trial 4/20] input_spikes: pn_exc=1655 bg_exc=2255 bg_inh=699
[trial 4/20] spikes=15  rate=15.00 Hz  time=22.49s
[trial 5/20] input_spikes: pn_exc=1644 bg_exc=2387 bg_inh=753
[trial 5/20] spikes=14  rate=14.00 Hz  time=22.61s
[trial 6/20] input_spikes: pn_exc=1774 bg_exc=2459 bg_inh=736
[trial 6/20] spikes=15  rate=15.00 Hz  time=22.41s
[trial 7/20] input_spikes: pn_exc=1680 bg_exc=2423 bg_inh=760
[trial 7/20] spikes=13  rate=13.00 Hz  time=22.88s
[trial 8/20] input_spikes: pn_exc=1612 bg_exc=2114 bg_inh=680
[trial 8/20] spikes=13  rate=13.00 Hz  time=22.35s
[trial 9/20] input_spikes: pn_exc=1681 bg_exc=2341 bg_inh=769
[trial 9/20] spikes=10  rate=10.00 Hz  time=22.77s
[trial 10/20] input_spikes: pn_exc=1735 bg_exc=2215 bg_inh=699
[trial 10/20] spikes=12  rate=12.00 Hz  time=22.28s
[trial 11/20] input_spikes: pn_exc=1753 bg_exc=2401 bg_inh=830
[trial 11/20] spikes=14  rate=14.00 Hz  time=22.90s
[trial 12/20] input_spikes: pn_exc=1811 bg_exc=2419 bg_inh=772
[trial 12/20] spikes=14  rate=14.00 Hz  time=22.93s
[trial 13/20] input_spikes: pn_exc=1447 bg_exc=1634 bg_inh=507
[trial 13/20] spikes=11  rate=11.00 Hz  time=21.90s
[trial 14/20] input_spikes: pn_exc=1678 bg_exc=2385 bg_inh=736
[trial 14/20] spikes=14  rate=14.00 Hz  time=22.68s
[trial 15/20] input_spikes: pn_exc=1715 bg_exc=2503 bg_inh=762
[trial 15/20] spikes=13  rate=13.00 Hz  time=22.85s
[trial 16/20] input_spikes: pn_exc=1729 bg_exc=2431 bg_inh=761
[trial 16/20] spikes=13  rate=13.00 Hz  time=22.71s
[trial 17/20] input_spikes: pn_exc=1677 bg_exc=2270 bg_inh=732
[trial 17/20] spikes=8  rate=8.00 Hz  time=22.81s
[trial 18/20] input_spikes: pn_exc=1768 bg_exc=2416 bg_inh=785
[trial 18/20] spikes=13  rate=13.00 Hz  time=22.62s
[trial 19/20] input_spikes: pn_exc=1511 bg_exc=1962 bg_inh=620
[trial 19/20] spikes=13  rate=13.00 Hz  time=22.32s
[trial 20/20] input_spikes: pn_exc=1448 bg_exc=1770 bg_inh=613
[trial 20/20] spikes=16  rate=16.00 Hz  time=21.80s
save_plots single_plot warning: Top input panel: group list empty, auto-using all groups (3).
Results saved to /home/hrbncv/SCP/cells/SST/tunes/seg_tuned_all/output_data/slurm_45349/parts/slurm_45349_32/run_manifest.json
Total runtime: 452.38s
