Running: python /home/hrbncv/SCP/run_pipeline.py --tune-dir /home/hrbncv/SCP/cells/SST/tunes/seg_tuned_all --output-dir /home/hrbncv/SCP/cells/SST/tunes/seg_tuned_all/output_data/slurm_39858/parts --n-trials 20 --output-stem slurm_39858_44 --trial-offset 880 --force-save
Loaded mechanisms from /home/hrbncv/SCP/cells/SST/tunes/seg_tuned_all/modfiles/x86_64/.libs/libnrnmech.so
Loaded Allen cell for 'SST' from /home/hrbncv/SCP/cells/SST/tunes/seg_tuned_all/manifest.json, soma_diam_multiplier=10.0, Vinit=-65.0, loader=genome_fallback
Geometry defined for 'SST': 1 soma segs, 54 proximal dend segs, 52 distal dend segs, 115 total dend segs.
[trial 1/20] input_spikes: pn_exc=1757 vip_inh_bio=69 bg_exc=2488 bg_inh=772
[trial 1/20] spikes=3  rate=3.00 Hz  time=23.15s
[trial 2/20] input_spikes: pn_exc=1710 vip_inh_bio=68 bg_exc=2429 bg_inh=773
[trial 2/20] spikes=1  rate=1.00 Hz  time=22.92s
[trial 3/20] input_spikes: pn_exc=1756 vip_inh_bio=67 bg_exc=2439 bg_inh=754
[trial 3/20] spikes=0  rate=0.00 Hz  time=22.89s
[trial 4/20] input_spikes: pn_exc=1718 vip_inh_bio=73 bg_exc=2343 bg_inh=738
[trial 4/20] spikes=4  rate=4.00 Hz  time=22.66s
[trial 5/20] input_spikes: pn_exc=1721 vip_inh_bio=54 bg_exc=2412 bg_inh=812
[trial 5/20] spikes=2  rate=2.00 Hz  time=22.96s
[trial 6/20] input_spikes: pn_exc=1757 vip_inh_bio=68 bg_exc=2505 bg_inh=743
[trial 6/20] spikes=1  rate=1.00 Hz  time=22.71s
[trial 7/20] input_spikes: pn_exc=1671 vip_inh_bio=58 bg_exc=2348 bg_inh=719
[trial 7/20] spikes=5  rate=5.00 Hz  time=22.45s
[trial 8/20] input_spikes: pn_exc=1688 vip_inh_bio=52 bg_exc=2294 bg_inh=697
[trial 8/20] spikes=1  rate=1.00 Hz  time=22.56s
[trial 9/20] input_spikes: pn_exc=1711 vip_inh_bio=62 bg_exc=2400 bg_inh=777
[trial 9/20] spikes=2  rate=2.00 Hz  time=22.62s
[trial 10/20] input_spikes: pn_exc=1631 vip_inh_bio=80 bg_exc=2368 bg_inh=737
[trial 10/20] spikes=4  rate=4.00 Hz  time=22.51s
[trial 11/20] input_spikes: pn_exc=1592 vip_inh_bio=77 bg_exc=2088 bg_inh=712
[trial 11/20] spikes=0  rate=0.00 Hz  time=22.49s
[trial 12/20] input_spikes: pn_exc=1728 vip_inh_bio=65 bg_exc=2503 bg_inh=750
[trial 12/20] spikes=5  rate=5.00 Hz  time=23.00s
[trial 13/20] input_spikes: pn_exc=1596 vip_inh_bio=56 bg_exc=2107 bg_inh=607
[trial 13/20] spikes=5  rate=5.00 Hz  time=22.42s
[trial 14/20] input_spikes: pn_exc=1553 vip_inh_bio=51 bg_exc=1870 bg_inh=627
[trial 14/20] spikes=5  rate=5.00 Hz  time=22.21s
[trial 15/20] input_spikes: pn_exc=1774 vip_inh_bio=67 bg_exc=2487 bg_inh=819
[trial 15/20] spikes=4  rate=4.00 Hz  time=23.22s
[trial 16/20] input_spikes: pn_exc=1674 vip_inh_bio=74 bg_exc=2324 bg_inh=690
[trial 16/20] spikes=7  rate=7.00 Hz  time=22.84s
[trial 17/20] input_spikes: pn_exc=1684 vip_inh_bio=72 bg_exc=2582 bg_inh=745
[trial 17/20] spikes=3  rate=3.00 Hz  time=22.62s
[trial 18/20] input_spikes: pn_exc=1731 vip_inh_bio=77 bg_exc=2415 bg_inh=733
[trial 18/20] spikes=3  rate=3.00 Hz  time=22.74s
[trial 19/20] input_spikes: pn_exc=1752 vip_inh_bio=72 bg_exc=2248 bg_inh=739
[trial 19/20] spikes=4  rate=4.00 Hz  time=22.16s
[trial 20/20] input_spikes: pn_exc=1678 vip_inh_bio=57 bg_exc=2344 bg_inh=735
[trial 20/20] spikes=2  rate=2.00 Hz  time=21.87s
save_plots single_plot warning: Top input panel: group list empty, auto-using all groups (4).
Results saved to /home/hrbncv/SCP/cells/SST/tunes/seg_tuned_all/output_data/slurm_39858/parts/slurm_39858_44/run_manifest.json
Total runtime: 454.28s
