Running: python /home/hrbncv/SCP/run_pipeline.py --tune-dir /home/hrbncv/SCP/cells/PV/tunes/seg_tuned --output-dir /home/hrbncv/SCP/cells/PV/tunes/seg_tuned/output_data/slurm_34963/parts --n-trials 40 --output-stem slurm_34963_7 --trial-offset 280 --force-save
Mechanisms already loaded; skipping duplicate load.
Loaded Allen cell for 'PV' from /home/hrbncv/SCP/cells/PV/tunes/seg_tuned/manifest.json, soma_diam_multiplier=6.0, Vinit=-71.0, loader=allensdk_default
Geometry defined for 'PV': 1 soma segs, 46 proximal dend segs, 41 distal dend segs, 97 total dend segs.
[trial 1/40] input_spikes: pn_exc=2826 bg_exc=917 bg_inh=236 sst_inh=393 pv_inh=1191
[trial 1/40] spikes=8  rate=8.00 Hz  time=27.71s
[trial 2/40] input_spikes: pn_exc=2808 bg_exc=865 bg_inh=214 sst_inh=362 pv_inh=1168
[trial 2/40] spikes=6  rate=6.00 Hz  time=27.68s
[trial 3/40] input_spikes: pn_exc=2750 bg_exc=820 bg_inh=194 sst_inh=364 pv_inh=1205
[trial 3/40] spikes=6  rate=6.00 Hz  time=27.57s
[trial 4/40] input_spikes: pn_exc=2831 bg_exc=856 bg_inh=186 sst_inh=389 pv_inh=1216
[trial 4/40] spikes=7  rate=7.00 Hz  time=27.64s
[trial 5/40] input_spikes: pn_exc=2343 bg_exc=534 bg_inh=149 sst_inh=384 pv_inh=1178
[trial 5/40] spikes=4  rate=4.00 Hz  time=27.57s
[trial 6/40] input_spikes: pn_exc=2740 bg_exc=837 bg_inh=217 sst_inh=371 pv_inh=1198
[trial 6/40] spikes=6  rate=6.00 Hz  time=27.60s
[trial 7/40] input_spikes: pn_exc=2745 bg_exc=796 bg_inh=215 sst_inh=401 pv_inh=1207
[trial 7/40] spikes=5  rate=5.00 Hz  time=27.73s
[trial 8/40] input_spikes: pn_exc=2635 bg_exc=766 bg_inh=182 sst_inh=343 pv_inh=1188
[trial 8/40] spikes=9  rate=9.00 Hz  time=27.80s
[trial 9/40] input_spikes: pn_exc=2733 bg_exc=818 bg_inh=210 sst_inh=405 pv_inh=1210
[trial 9/40] spikes=6  rate=6.00 Hz  time=27.64s
[trial 10/40] input_spikes: pn_exc=2935 bg_exc=864 bg_inh=229 sst_inh=356 pv_inh=1211
[trial 10/40] spikes=8  rate=8.00 Hz  time=27.83s
[trial 11/40] input_spikes: pn_exc=2814 bg_exc=821 bg_inh=211 sst_inh=374 pv_inh=1186
[trial 11/40] spikes=6  rate=6.00 Hz  time=27.73s
[trial 12/40] input_spikes: pn_exc=2715 bg_exc=851 bg_inh=220 sst_inh=382 pv_inh=1196
[trial 12/40] spikes=7  rate=7.00 Hz  time=27.68s
[trial 13/40] input_spikes: pn_exc=2347 bg_exc=508 bg_inh=115 sst_inh=363 pv_inh=1208
[trial 13/40] spikes=6  rate=6.00 Hz  time=33.58s
[trial 14/40] input_spikes: pn_exc=2644 bg_exc=727 bg_inh=181 sst_inh=380 pv_inh=1207
[trial 14/40] spikes=6  rate=6.00 Hz  time=34.57s
[trial 15/40] input_spikes: pn_exc=2899 bg_exc=858 bg_inh=199 sst_inh=376 pv_inh=1233
[trial 15/40] spikes=6  rate=6.00 Hz  time=34.86s
[trial 16/40] input_spikes: pn_exc=2847 bg_exc=849 bg_inh=204 sst_inh=371 pv_inh=1175
[trial 16/40] spikes=5  rate=5.00 Hz  time=34.66s
[trial 17/40] input_spikes: pn_exc=2633 bg_exc=754 bg_inh=181 sst_inh=391 pv_inh=1202
[trial 17/40] spikes=5  rate=5.00 Hz  time=34.25s
[trial 18/40] input_spikes: pn_exc=2477 bg_exc=622 bg_inh=170 sst_inh=402 pv_inh=1184
[trial 18/40] spikes=7  rate=7.00 Hz  time=34.47s
[trial 19/40] input_spikes: pn_exc=2711 bg_exc=843 bg_inh=191 sst_inh=383 pv_inh=1182
[trial 19/40] spikes=6  rate=6.00 Hz  time=34.65s
[trial 20/40] input_spikes: pn_exc=2701 bg_exc=768 bg_inh=191 sst_inh=367 pv_inh=1197
[trial 20/40] spikes=5  rate=5.00 Hz  time=34.31s
[trial 21/40] input_spikes: pn_exc=2854 bg_exc=863 bg_inh=203 sst_inh=376 pv_inh=1197
[trial 21/40] spikes=6  rate=6.00 Hz  time=34.80s
[trial 22/40] input_spikes: pn_exc=2890 bg_exc=880 bg_inh=224 sst_inh=352 pv_inh=1194
[trial 22/40] spikes=9  rate=9.00 Hz  time=34.25s
[trial 23/40] input_spikes: pn_exc=2725 bg_exc=844 bg_inh=225 sst_inh=391 pv_inh=1197
[trial 23/40] spikes=5  rate=5.00 Hz  time=29.86s
[trial 24/40] input_spikes: pn_exc=2736 bg_exc=808 bg_inh=209 sst_inh=399 pv_inh=1191
[trial 24/40] spikes=5  rate=5.00 Hz  time=27.55s
[trial 25/40] input_spikes: pn_exc=2809 bg_exc=867 bg_inh=209 sst_inh=382 pv_inh=1180
[trial 25/40] spikes=6  rate=6.00 Hz  time=27.75s
[trial 26/40] input_spikes: pn_exc=2655 bg_exc=793 bg_inh=184 sst_inh=372 pv_inh=1211
[trial 26/40] spikes=6  rate=6.00 Hz  time=27.58s
[trial 27/40] input_spikes: pn_exc=2677 bg_exc=791 bg_inh=191 sst_inh=361 pv_inh=1199
[trial 27/40] spikes=8  rate=8.00 Hz  time=27.58s
[trial 28/40] input_spikes: pn_exc=2738 bg_exc=857 bg_inh=234 sst_inh=371 pv_inh=1199
[trial 28/40] spikes=6  rate=6.00 Hz  time=27.95s
[trial 29/40] input_spikes: pn_exc=2775 bg_exc=895 bg_inh=221 sst_inh=371 pv_inh=1184
[trial 29/40] spikes=7  rate=7.00 Hz  time=27.72s
[trial 30/40] input_spikes: pn_exc=2816 bg_exc=942 bg_inh=225 sst_inh=375 pv_inh=1169
[trial 30/40] spikes=6  rate=6.00 Hz  time=27.54s
[trial 31/40] input_spikes: pn_exc=2764 bg_exc=801 bg_inh=230 sst_inh=367 pv_inh=1181
[trial 31/40] spikes=5  rate=5.00 Hz  time=27.73s
[trial 32/40] input_spikes: pn_exc=2655 bg_exc=726 bg_inh=167 sst_inh=356 pv_inh=1215
[trial 32/40] spikes=7  rate=7.00 Hz  time=27.67s
[trial 33/40] input_spikes: pn_exc=2688 bg_exc=821 bg_inh=193 sst_inh=364 pv_inh=1184
[trial 33/40] spikes=6  rate=6.00 Hz  time=27.62s
[trial 34/40] input_spikes: pn_exc=2595 bg_exc=692 bg_inh=168 sst_inh=374 pv_inh=1209
[trial 34/40] spikes=6  rate=6.00 Hz  time=27.85s
[trial 35/40] input_spikes: pn_exc=2358 bg_exc=647 bg_inh=153 sst_inh=367 pv_inh=1200
[trial 35/40] spikes=5  rate=5.00 Hz  time=27.78s
[trial 36/40] input_spikes: pn_exc=2701 bg_exc=810 bg_inh=203 sst_inh=396 pv_inh=1208
[trial 36/40] spikes=5  rate=5.00 Hz  time=27.58s
[trial 37/40] input_spikes: pn_exc=2444 bg_exc=601 bg_inh=146 sst_inh=362 pv_inh=1165
[trial 37/40] spikes=6  rate=6.00 Hz  time=27.62s
[trial 38/40] input_spikes: pn_exc=2766 bg_exc=902 bg_inh=218 sst_inh=367 pv_inh=1187
[trial 38/40] spikes=6  rate=6.00 Hz  time=27.71s
[trial 39/40] input_spikes: pn_exc=2680 bg_exc=729 bg_inh=168 sst_inh=393 pv_inh=1220
[trial 39/40] spikes=7  rate=7.00 Hz  time=27.52s
[trial 40/40] input_spikes: pn_exc=2809 bg_exc=810 bg_inh=204 sst_inh=374 pv_inh=1183
[trial 40/40] spikes=6  rate=6.00 Hz  time=26.54s
save_plots single_plot warning: Top input panel: group list empty, auto-using all groups (5).
Results saved to /home/hrbncv/SCP/cells/PV/tunes/seg_tuned/output_data/slurm_34963/parts/slurm_34963_7/run_manifest.json
Total runtime: 1177.26s
