Running: python /home/hrbncv/SCP/run_pipeline.py --tune-dir /home/hrbncv/SCP/cells/PV/tunes/seg_tuned --output-dir /home/hrbncv/SCP/cells/PV/tunes/seg_tuned/output_data/slurm_35079/parts --n-trials 40 --output-stem slurm_35079_10 --trial-offset 400 --force-save
Mechanisms already loaded; skipping duplicate load.
Loaded Allen cell for 'PV' from /home/hrbncv/SCP/cells/PV/tunes/seg_tuned/manifest.json, soma_diam_multiplier=6.0, Vinit=-71.0, loader=allensdk_default
Geometry defined for 'PV': 1 soma segs, 46 proximal dend segs, 41 distal dend segs, 97 total dend segs.
[trial 1/40] input_spikes: pn_exc=2788 bg_exc=833 bg_inh=209 sst_inh=367 pv_inh=753
[trial 1/40] spikes=7  rate=7.00 Hz  time=27.54s
[trial 2/40] input_spikes: pn_exc=2645 bg_exc=772 bg_inh=156 sst_inh=363 pv_inh=736
[trial 2/40] spikes=10  rate=10.00 Hz  time=27.40s
[trial 3/40] input_spikes: pn_exc=2695 bg_exc=769 bg_inh=195 sst_inh=388 pv_inh=740
[trial 3/40] spikes=8  rate=8.00 Hz  time=27.36s
[trial 4/40] input_spikes: pn_exc=2370 bg_exc=386 bg_inh=75 sst_inh=374 pv_inh=754
[trial 4/40] spikes=4  rate=4.00 Hz  time=27.48s
[trial 5/40] input_spikes: pn_exc=2804 bg_exc=833 bg_inh=203 sst_inh=387 pv_inh=746
[trial 5/40] spikes=7  rate=7.00 Hz  time=27.39s
[trial 6/40] input_spikes: pn_exc=2701 bg_exc=771 bg_inh=202 sst_inh=375 pv_inh=754
[trial 6/40] spikes=7  rate=7.00 Hz  time=27.40s
[trial 7/40] input_spikes: pn_exc=2705 bg_exc=838 bg_inh=206 sst_inh=341 pv_inh=743
[trial 7/40] spikes=7  rate=7.00 Hz  time=27.47s
[trial 8/40] input_spikes: pn_exc=2676 bg_exc=837 bg_inh=221 sst_inh=392 pv_inh=747
[trial 8/40] spikes=6  rate=6.00 Hz  time=27.62s
[trial 9/40] input_spikes: pn_exc=2675 bg_exc=792 bg_inh=197 sst_inh=369 pv_inh=735
[trial 9/40] spikes=6  rate=6.00 Hz  time=27.41s
[trial 10/40] input_spikes: pn_exc=2791 bg_exc=874 bg_inh=214 sst_inh=377 pv_inh=748
[trial 10/40] spikes=7  rate=7.00 Hz  time=27.44s
[trial 11/40] input_spikes: pn_exc=2769 bg_exc=782 bg_inh=208 sst_inh=363 pv_inh=749
[trial 11/40] spikes=5  rate=5.00 Hz  time=27.49s
[trial 12/40] input_spikes: pn_exc=2832 bg_exc=863 bg_inh=204 sst_inh=358 pv_inh=752
[trial 12/40] spikes=6  rate=6.00 Hz  time=27.36s
[trial 13/40] input_spikes: pn_exc=2907 bg_exc=865 bg_inh=215 sst_inh=382 pv_inh=757
[trial 13/40] spikes=8  rate=8.00 Hz  time=27.40s
[trial 14/40] input_spikes: pn_exc=2754 bg_exc=850 bg_inh=217 sst_inh=374 pv_inh=742
[trial 14/40] spikes=8  rate=8.00 Hz  time=27.41s
[trial 15/40] input_spikes: pn_exc=2828 bg_exc=820 bg_inh=180 sst_inh=379 pv_inh=745
[trial 15/40] spikes=7  rate=7.00 Hz  time=27.49s
[trial 16/40] input_spikes: pn_exc=2827 bg_exc=908 bg_inh=216 sst_inh=389 pv_inh=751
[trial 16/40] spikes=6  rate=6.00 Hz  time=27.25s
[trial 17/40] input_spikes: pn_exc=2386 bg_exc=524 bg_inh=139 sst_inh=363 pv_inh=735
[trial 17/40] spikes=5  rate=5.00 Hz  time=27.28s
[trial 18/40] input_spikes: pn_exc=2502 bg_exc=645 bg_inh=162 sst_inh=381 pv_inh=734
[trial 18/40] spikes=4  rate=4.00 Hz  time=27.35s
[trial 19/40] input_spikes: pn_exc=2769 bg_exc=845 bg_inh=204 sst_inh=376 pv_inh=740
[trial 19/40] spikes=7  rate=7.00 Hz  time=27.42s
[trial 20/40] input_spikes: pn_exc=2702 bg_exc=827 bg_inh=196 sst_inh=381 pv_inh=759
[trial 20/40] spikes=5  rate=5.00 Hz  time=27.41s
[trial 21/40] input_spikes: pn_exc=2769 bg_exc=799 bg_inh=210 sst_inh=387 pv_inh=758
[trial 21/40] spikes=7  rate=7.00 Hz  time=27.43s
[trial 22/40] input_spikes: pn_exc=2559 bg_exc=637 bg_inh=169 sst_inh=356 pv_inh=739
[trial 22/40] spikes=7  rate=7.00 Hz  time=27.41s
[trial 23/40] input_spikes: pn_exc=2630 bg_exc=772 bg_inh=194 sst_inh=395 pv_inh=748
[trial 23/40] spikes=6  rate=6.00 Hz  time=27.34s
[trial 24/40] input_spikes: pn_exc=2781 bg_exc=863 bg_inh=213 sst_inh=385 pv_inh=742
[trial 24/40] spikes=6  rate=6.00 Hz  time=27.40s
[trial 25/40] input_spikes: pn_exc=2631 bg_exc=796 bg_inh=201 sst_inh=372 pv_inh=737
[trial 25/40] spikes=6  rate=6.00 Hz  time=27.51s
[trial 26/40] input_spikes: pn_exc=2675 bg_exc=751 bg_inh=166 sst_inh=373 pv_inh=746
[trial 26/40] spikes=6  rate=6.00 Hz  time=27.48s
[trial 27/40] input_spikes: pn_exc=2583 bg_exc=744 bg_inh=185 sst_inh=384 pv_inh=751
[trial 27/40] spikes=6  rate=6.00 Hz  time=27.38s
[trial 28/40] input_spikes: pn_exc=2772 bg_exc=804 bg_inh=190 sst_inh=372 pv_inh=753
[trial 28/40] spikes=6  rate=6.00 Hz  time=27.37s
[trial 29/40] input_spikes: pn_exc=2849 bg_exc=872 bg_inh=209 sst_inh=397 pv_inh=741
[trial 29/40] spikes=9  rate=9.00 Hz  time=27.58s
[trial 30/40] input_spikes: pn_exc=2812 bg_exc=902 bg_inh=208 sst_inh=367 pv_inh=750
[trial 30/40] spikes=7  rate=7.00 Hz  time=27.43s
[trial 31/40] input_spikes: pn_exc=2569 bg_exc=765 bg_inh=169 sst_inh=360 pv_inh=742
[trial 31/40] spikes=6  rate=6.00 Hz  time=27.49s
[trial 32/40] input_spikes: pn_exc=2748 bg_exc=822 bg_inh=208 sst_inh=393 pv_inh=754
[trial 32/40] spikes=5  rate=5.00 Hz  time=27.55s
[trial 33/40] input_spikes: pn_exc=2651 bg_exc=777 bg_inh=197 sst_inh=392 pv_inh=754
[trial 33/40] spikes=5  rate=5.00 Hz  time=27.53s
[trial 34/40] input_spikes: pn_exc=2728 bg_exc=815 bg_inh=198 sst_inh=357 pv_inh=750
[trial 34/40] spikes=7  rate=7.00 Hz  time=27.53s
[trial 35/40] input_spikes: pn_exc=2922 bg_exc=870 bg_inh=244 sst_inh=393 pv_inh=735
[trial 35/40] spikes=6  rate=6.00 Hz  time=27.58s
[trial 36/40] input_spikes: pn_exc=2909 bg_exc=854 bg_inh=215 sst_inh=359 pv_inh=748
[trial 36/40] spikes=9  rate=9.00 Hz  time=27.41s
[trial 37/40] input_spikes: pn_exc=2568 bg_exc=717 bg_inh=203 sst_inh=369 pv_inh=732
[trial 37/40] spikes=5  rate=5.00 Hz  time=27.49s
[trial 38/40] input_spikes: pn_exc=2623 bg_exc=763 bg_inh=184 sst_inh=395 pv_inh=741
[trial 38/40] spikes=8  rate=8.00 Hz  time=27.57s
[trial 39/40] input_spikes: pn_exc=2839 bg_exc=886 bg_inh=222 sst_inh=361 pv_inh=749
[trial 39/40] spikes=7  rate=7.00 Hz  time=27.43s
[trial 40/40] input_spikes: pn_exc=2674 bg_exc=769 bg_inh=200 sst_inh=356 pv_inh=740
[trial 40/40] spikes=5  rate=5.00 Hz  time=27.04s
save_plots single_plot warning: Top input panel: group list empty, auto-using all groups (5).
Results saved to /home/hrbncv/SCP/cells/PV/tunes/seg_tuned/output_data/slurm_35079/parts/slurm_35079_10/run_manifest.json
Total runtime: 1098.85s
