Running: python /home/hrbncv/SCP/run_pipeline.py --tune-dir /home/hrbncv/SCP/cells/SST/tunes/seg_tuned_all --output-dir /home/hrbncv/SCP/cells/SST/tunes/seg_tuned_all/output_data/slurm_39858/parts --n-trials 20 --output-stem slurm_39858_12 --trial-offset 240 --force-save
Loaded mechanisms from /home/hrbncv/SCP/cells/SST/tunes/seg_tuned_all/modfiles/x86_64/.libs/libnrnmech.so
Loaded Allen cell for 'SST' from /home/hrbncv/SCP/cells/SST/tunes/seg_tuned_all/manifest.json, soma_diam_multiplier=10.0, Vinit=-65.0, loader=genome_fallback
Geometry defined for 'SST': 1 soma segs, 54 proximal dend segs, 52 distal dend segs, 115 total dend segs.
[trial 1/20] input_spikes: pn_exc=1701 vip_inh_bio=63 bg_exc=2218 bg_inh=722
[trial 1/20] spikes=2  rate=2.00 Hz  time=21.82s
[trial 2/20] input_spikes: pn_exc=1538 vip_inh_bio=66 bg_exc=2023 bg_inh=631
[trial 2/20] spikes=4  rate=4.00 Hz  time=21.77s
[trial 3/20] input_spikes: pn_exc=1685 vip_inh_bio=80 bg_exc=2488 bg_inh=765
[trial 3/20] spikes=4  rate=4.00 Hz  time=22.02s
[trial 4/20] input_spikes: pn_exc=1594 vip_inh_bio=39 bg_exc=1787 bg_inh=602
[trial 4/20] spikes=5  rate=5.00 Hz  time=21.49s
[trial 5/20] input_spikes: pn_exc=1631 vip_inh_bio=68 bg_exc=2032 bg_inh=638
[trial 5/20] spikes=5  rate=5.00 Hz  time=21.65s
[trial 6/20] input_spikes: pn_exc=1711 vip_inh_bio=54 bg_exc=2356 bg_inh=770
[trial 6/20] spikes=3  rate=3.00 Hz  time=21.99s
[trial 7/20] input_spikes: pn_exc=1600 vip_inh_bio=57 bg_exc=2219 bg_inh=717
[trial 7/20] spikes=4  rate=4.00 Hz  time=21.82s
[trial 8/20] input_spikes: pn_exc=1657 vip_inh_bio=80 bg_exc=2279 bg_inh=770
[trial 8/20] spikes=6  rate=6.00 Hz  time=21.89s
[trial 9/20] input_spikes: pn_exc=1707 vip_inh_bio=61 bg_exc=2286 bg_inh=746
[trial 9/20] spikes=3  rate=3.00 Hz  time=21.92s
[trial 10/20] input_spikes: pn_exc=1737 vip_inh_bio=82 bg_exc=2413 bg_inh=771
[trial 10/20] spikes=5  rate=5.00 Hz  time=22.15s
[trial 11/20] input_spikes: pn_exc=1699 vip_inh_bio=73 bg_exc=2323 bg_inh=746
[trial 11/20] spikes=4  rate=4.00 Hz  time=21.90s
[trial 12/20] input_spikes: pn_exc=1794 vip_inh_bio=75 bg_exc=2532 bg_inh=775
[trial 12/20] spikes=5  rate=5.00 Hz  time=22.29s
[trial 13/20] input_spikes: pn_exc=1651 vip_inh_bio=68 bg_exc=2232 bg_inh=676
[trial 13/20] spikes=3  rate=3.00 Hz  time=21.80s
[trial 14/20] input_spikes: pn_exc=1689 vip_inh_bio=82 bg_exc=2352 bg_inh=765
[trial 14/20] spikes=1  rate=1.00 Hz  time=22.09s
[trial 15/20] input_spikes: pn_exc=1725 vip_inh_bio=70 bg_exc=2420 bg_inh=756
[trial 15/20] spikes=3  rate=3.00 Hz  time=22.09s
[trial 16/20] input_spikes: pn_exc=1585 vip_inh_bio=48 bg_exc=2020 bg_inh=556
[trial 16/20] spikes=3  rate=3.00 Hz  time=21.67s
[trial 17/20] input_spikes: pn_exc=1686 vip_inh_bio=57 bg_exc=2379 bg_inh=747
[trial 17/20] spikes=2  rate=2.00 Hz  time=22.38s
[trial 18/20] input_spikes: pn_exc=1463 vip_inh_bio=57 bg_exc=1325 bg_inh=427
[trial 18/20] spikes=2  rate=2.00 Hz  time=21.09s
[trial 19/20] input_spikes: pn_exc=1572 vip_inh_bio=58 bg_exc=2016 bg_inh=633
[trial 19/20] spikes=5  rate=5.00 Hz  time=21.45s
[trial 20/20] input_spikes: pn_exc=1512 vip_inh_bio=57 bg_exc=1922 bg_inh=618
[trial 20/20] spikes=4  rate=4.00 Hz  time=21.53s
save_plots single_plot warning: Top input panel: group list empty, auto-using all groups (4).
Results saved to /home/hrbncv/SCP/cells/SST/tunes/seg_tuned_all/output_data/slurm_39858/parts/slurm_39858_12/run_manifest.json
Total runtime: 438.26s
