Running: /home/hrbncv/miniconda3/envs/BMTK-py311/bin/python /home/hrbncv/SCP/run_pipeline.py --tune-dir /home/hrbncv/SCP/cells/SST/tunes/seg_tuned_all --output-dir /home/hrbncv/SCP/cells/SST/tunes/seg_tuned_all/output_data/slurm_42203/parts --n-trials 100 --output-stem slurm_42203_31 --trial-offset 3100 --force-save
Loaded mechanisms from /home/hrbncv/SCP/cells/SST/tunes/seg_tuned_all/modfiles/x86_64/.libs/libnrnmech.so
Loaded Allen cell for 'SST' from /home/hrbncv/SCP/cells/SST/tunes/seg_tuned_all/manifest.json, soma_diam_multiplier=10.0, Vinit=-65.0, loader=genome_fallback
Geometry defined for 'SST': 1 soma segs, 54 proximal dend segs, 52 distal dend segs, 115 total dend segs.
[trial 1/100] input_spikes: pn_exc=1621 vip_inh_bio=381 bg_exc=2174 bg_inh=680
[trial 1/100] spikes=3  rate=3.00 Hz  time=21.94s
[trial 2/100] input_spikes: pn_exc=1793 vip_inh_bio=386 bg_exc=2555 bg_inh=792
[trial 2/100] spikes=6  rate=6.00 Hz  time=22.41s
[trial 3/100] input_spikes: pn_exc=1490 vip_inh_bio=304 bg_exc=1716 bg_inh=528
[trial 3/100] spikes=3  rate=3.00 Hz  time=21.44s
[trial 4/100] input_spikes: pn_exc=1662 vip_inh_bio=385 bg_exc=2525 bg_inh=796
[trial 4/100] spikes=6  rate=6.00 Hz  time=22.12s
[trial 5/100] input_spikes: pn_exc=1656 vip_inh_bio=354 bg_exc=2293 bg_inh=688
[trial 5/100] spikes=3  rate=3.00 Hz  time=22.05s
[trial 6/100] input_spikes: pn_exc=1753 vip_inh_bio=409 bg_exc=2495 bg_inh=764
[trial 6/100] spikes=5  rate=5.00 Hz  time=22.29s
[trial 7/100] input_spikes: pn_exc=1715 vip_inh_bio=402 bg_exc=2397 bg_inh=749
[trial 7/100] spikes=5  rate=5.00 Hz  time=22.10s
[trial 8/100] input_spikes: pn_exc=1764 vip_inh_bio=373 bg_exc=2407 bg_inh=729
[trial 8/100] spikes=5  rate=5.00 Hz  time=22.01s
[trial 9/100] input_spikes: pn_exc=1714 vip_inh_bio=354 bg_exc=2354 bg_inh=756
[trial 9/100] spikes=5  rate=5.00 Hz  time=22.02s
[trial 10/100] input_spikes: pn_exc=1729 vip_inh_bio=358 bg_exc=2343 bg_inh=754
[trial 10/100] spikes=2  rate=2.00 Hz  time=21.99s
[trial 11/100] input_spikes: pn_exc=1491 vip_inh_bio=338 bg_exc=1792 bg_inh=564
[trial 11/100] spikes=3  rate=3.00 Hz  time=21.45s
[trial 12/100] input_spikes: pn_exc=1753 vip_inh_bio=382 bg_exc=2509 bg_inh=795
[trial 12/100] spikes=5  rate=5.00 Hz  time=22.93s
[trial 13/100] input_spikes: pn_exc=1716 vip_inh_bio=395 bg_exc=2450 bg_inh=759
[trial 13/100] spikes=4  rate=4.00 Hz  time=22.28s
[trial 14/100] input_spikes: pn_exc=1777 vip_inh_bio=383 bg_exc=2522 bg_inh=830
[trial 14/100] spikes=6  rate=6.00 Hz  time=22.18s
[trial 15/100] input_spikes: pn_exc=1666 vip_inh_bio=388 bg_exc=2338 bg_inh=785
[trial 15/100] spikes=4  rate=4.00 Hz  time=22.07s
[trial 16/100] input_spikes: pn_exc=1685 vip_inh_bio=400 bg_exc=2520 bg_inh=762
[trial 16/100] spikes=5  rate=5.00 Hz  time=22.14s
[trial 17/100] input_spikes: pn_exc=1771 vip_inh_bio=379 bg_exc=2486 bg_inh=841
[trial 17/100] spikes=8  rate=8.00 Hz  time=22.25s
[trial 18/100] input_spikes: pn_exc=1671 vip_inh_bio=387 bg_exc=2473 bg_inh=778
[trial 18/100] spikes=8  rate=8.00 Hz  time=21.93s
[trial 19/100] input_spikes: pn_exc=1732 vip_inh_bio=408 bg_exc=2431 bg_inh=727
[trial 19/100] spikes=2  rate=2.00 Hz  time=22.12s
[trial 20/100] input_spikes: pn_exc=1752 vip_inh_bio=383 bg_exc=2457 bg_inh=750
[trial 20/100] spikes=8  rate=8.00 Hz  time=22.19s
[trial 21/100] input_spikes: pn_exc=1591 vip_inh_bio=388 bg_exc=2221 bg_inh=663
[trial 21/100] spikes=4  rate=4.00 Hz  time=21.85s
[trial 22/100] input_spikes: pn_exc=1689 vip_inh_bio=382 bg_exc=2442 bg_inh=798
[trial 22/100] spikes=3  rate=3.00 Hz  time=22.32s
[trial 23/100] input_spikes: pn_exc=1605 vip_inh_bio=330 bg_exc=2258 bg_inh=739
[trial 23/100] spikes=4  rate=4.00 Hz  time=22.09s
[trial 24/100] input_spikes: pn_exc=1622 vip_inh_bio=352 bg_exc=2371 bg_inh=738
[trial 24/100] spikes=5  rate=5.00 Hz  time=21.95s
[trial 25/100] input_spikes: pn_exc=1632 vip_inh_bio=368 bg_exc=2322 bg_inh=712
[trial 25/100] spikes=4  rate=4.00 Hz  time=22.00s
[trial 26/100] input_spikes: pn_exc=1738 vip_inh_bio=412 bg_exc=2471 bg_inh=768
[trial 26/100] spikes=2  rate=2.00 Hz  time=22.11s
[trial 27/100] input_spikes: pn_exc=1782 vip_inh_bio=409 bg_exc=2407 bg_inh=801
[trial 27/100] spikes=9  rate=9.00 Hz  time=22.19s
[trial 28/100] input_spikes: pn_exc=1719 vip_inh_bio=388 bg_exc=2424 bg_inh=798
[trial 28/100] spikes=4  rate=4.00 Hz  time=22.07s
[trial 29/100] input_spikes: pn_exc=1473 vip_inh_bio=325 bg_exc=1974 bg_inh=658
[trial 29/100] spikes=4  rate=4.00 Hz  time=21.50s
[trial 30/100] input_spikes: pn_exc=1805 vip_inh_bio=389 bg_exc=2442 bg_inh=726
[trial 30/100] spikes=8  rate=8.00 Hz  time=21.90s
[trial 31/100] input_spikes: pn_exc=1693 vip_inh_bio=379 bg_exc=2441 bg_inh=766
[trial 31/100] spikes=6  rate=6.00 Hz  time=22.17s
[trial 32/100] input_spikes: pn_exc=1721 vip_inh_bio=358 bg_exc=2336 bg_inh=796
[trial 32/100] spikes=2  rate=2.00 Hz  time=22.12s
[trial 33/100] input_spikes: pn_exc=1550 vip_inh_bio=341 bg_exc=1786 bg_inh=613
[trial 33/100] spikes=4  rate=4.00 Hz  time=21.62s
[trial 34/100] input_spikes: pn_exc=1751 vip_inh_bio=358 bg_exc=2480 bg_inh=770
[trial 34/100] spikes=3  rate=3.00 Hz  time=22.11s
[trial 35/100] input_spikes: pn_exc=1682 vip_inh_bio=367 bg_exc=2353 bg_inh=706
[trial 35/100] spikes=6  rate=6.00 Hz  time=22.00s
[trial 36/100] input_spikes: pn_exc=1594 vip_inh_bio=357 bg_exc=2251 bg_inh=727
[trial 36/100] spikes=4  rate=4.00 Hz  time=21.57s
[trial 37/100] input_spikes: pn_exc=1721 vip_inh_bio=357 bg_exc=2403 bg_inh=674
[trial 37/100] spikes=5  rate=5.00 Hz  time=22.31s
[trial 38/100] input_spikes: pn_exc=1707 vip_inh_bio=374 bg_exc=2367 bg_inh=757
[trial 38/100] spikes=8  rate=8.00 Hz  time=21.89s
[trial 39/100] input_spikes: pn_exc=1779 vip_inh_bio=343 bg_exc=2365 bg_inh=756
[trial 39/100] spikes=4  rate=4.00 Hz  time=21.73s
[trial 40/100] input_spikes: pn_exc=1690 vip_inh_bio=371 bg_exc=2293 bg_inh=746
[trial 40/100] spikes=6  rate=6.00 Hz  time=21.74s
[trial 41/100] input_spikes: pn_exc=1747 vip_inh_bio=350 bg_exc=2346 bg_inh=736
[trial 41/100] spikes=5  rate=5.00 Hz  time=21.79s
[trial 42/100] input_spikes: pn_exc=1689 vip_inh_bio=387 bg_exc=2243 bg_inh=658
[trial 42/100] spikes=3  rate=3.00 Hz  time=21.44s
[trial 43/100] input_spikes: pn_exc=1665 vip_inh_bio=391 bg_exc=2339 bg_inh=748
[trial 43/100] spikes=3  rate=3.00 Hz  time=21.69s
[trial 44/100] input_spikes: pn_exc=1673 vip_inh_bio=413 bg_exc=2398 bg_inh=732
[trial 44/100] spikes=3  rate=3.00 Hz  time=21.68s
[trial 45/100] input_spikes: pn_exc=1616 vip_inh_bio=354 bg_exc=2409 bg_inh=786
[trial 45/100] spikes=2  rate=2.00 Hz  time=21.88s
[trial 46/100] input_spikes: pn_exc=1816 vip_inh_bio=396 bg_exc=2527 bg_inh=750
[trial 46/100] spikes=4  rate=4.00 Hz  time=21.70s
[trial 47/100] input_spikes: pn_exc=1741 vip_inh_bio=378 bg_exc=2442 bg_inh=784
[trial 47/100] spikes=5  rate=5.00 Hz  time=21.77s
[trial 48/100] input_spikes: pn_exc=1768 vip_inh_bio=339 bg_exc=2505 bg_inh=733
[trial 48/100] spikes=4  rate=4.00 Hz  time=21.83s
[trial 49/100] input_spikes: pn_exc=1641 vip_inh_bio=376 bg_exc=2359 bg_inh=787
[trial 49/100] spikes=1  rate=1.00 Hz  time=21.83s
[trial 50/100] input_spikes: pn_exc=1706 vip_inh_bio=352 bg_exc=2447 bg_inh=745
[trial 50/100] spikes=5  rate=5.00 Hz  time=21.81s
[trial 51/100] input_spikes: pn_exc=1600 vip_inh_bio=353 bg_exc=2241 bg_inh=718
[trial 51/100] spikes=2  rate=2.00 Hz  time=21.67s
[trial 52/100] input_spikes: pn_exc=1662 vip_inh_bio=359 bg_exc=2205 bg_inh=654
[trial 52/100] spikes=1  rate=1.00 Hz  time=21.52s
[trial 53/100] input_spikes: pn_exc=1682 vip_inh_bio=354 bg_exc=2419 bg_inh=750
[trial 53/100] spikes=1  rate=1.00 Hz  time=22.09s
[trial 54/100] input_spikes: pn_exc=1715 vip_inh_bio=380 bg_exc=2302 bg_inh=742
[trial 54/100] spikes=7  rate=7.00 Hz  time=21.78s
[trial 55/100] input_spikes: pn_exc=1705 vip_inh_bio=371 bg_exc=2404 bg_inh=751
[trial 55/100] spikes=5  rate=5.00 Hz  time=21.71s
[trial 56/100] input_spikes: pn_exc=1645 vip_inh_bio=363 bg_exc=2138 bg_inh=699
[trial 56/100] spikes=2  rate=2.00 Hz  time=21.42s
[trial 57/100] input_spikes: pn_exc=1599 vip_inh_bio=357 bg_exc=2080 bg_inh=664
[trial 57/100] spikes=5  rate=5.00 Hz  time=21.44s
[trial 58/100] input_spikes: pn_exc=1691 vip_inh_bio=401 bg_exc=2448 bg_inh=808
[trial 58/100] spikes=4  rate=4.00 Hz  time=21.84s
[trial 59/100] input_spikes: pn_exc=1708 vip_inh_bio=398 bg_exc=2353 bg_inh=792
[trial 59/100] spikes=3  rate=3.00 Hz  time=21.85s
[trial 60/100] input_spikes: pn_exc=1439 vip_inh_bio=337 bg_exc=1178 bg_inh=348
[trial 60/100] spikes=2  rate=2.00 Hz  time=20.61s
[trial 61/100] input_spikes: pn_exc=1707 vip_inh_bio=392 bg_exc=2348 bg_inh=744
[trial 61/100] spikes=4  rate=4.00 Hz  time=21.91s
[trial 62/100] input_spikes: pn_exc=1708 vip_inh_bio=364 bg_exc=2404 bg_inh=798
[trial 62/100] spikes=3  rate=3.00 Hz  time=21.78s
[trial 63/100] input_spikes: pn_exc=1755 vip_inh_bio=397 bg_exc=2530 bg_inh=757
[trial 63/100] spikes=6  rate=6.00 Hz  time=22.57s
[trial 64/100] input_spikes: pn_exc=1771 vip_inh_bio=341 bg_exc=2434 bg_inh=759
[trial 64/100] spikes=9  rate=9.00 Hz  time=23.69s
[trial 65/100] input_spikes: pn_exc=1681 vip_inh_bio=372 bg_exc=2310 bg_inh=699
[trial 65/100] spikes=1  rate=1.00 Hz  time=22.46s
[trial 66/100] input_spikes: pn_exc=1760 vip_inh_bio=386 bg_exc=2530 bg_inh=728
[trial 66/100] spikes=3  rate=3.00 Hz  time=23.13s
[trial 67/100] input_spikes: pn_exc=1688 vip_inh_bio=364 bg_exc=2424 bg_inh=737
[trial 67/100] spikes=4  rate=4.00 Hz  time=21.92s
[trial 68/100] input_spikes: pn_exc=1580 vip_inh_bio=363 bg_exc=2157 bg_inh=662
[trial 68/100] spikes=4  rate=4.00 Hz  time=21.42s
[trial 69/100] input_spikes: pn_exc=1620 vip_inh_bio=332 bg_exc=2081 bg_inh=667
[trial 69/100] spikes=2  rate=2.00 Hz  time=21.38s
[trial 70/100] input_spikes: pn_exc=1777 vip_inh_bio=354 bg_exc=2480 bg_inh=723
[trial 70/100] spikes=5  rate=5.00 Hz  time=21.79s
[trial 71/100] input_spikes: pn_exc=1621 vip_inh_bio=335 bg_exc=2105 bg_inh=666
[trial 71/100] spikes=4  rate=4.00 Hz  time=21.62s
[trial 72/100] input_spikes: pn_exc=1396 vip_inh_bio=300 bg_exc=389 bg_inh=122
[trial 72/100] spikes=2  rate=2.00 Hz  time=20.59s
[trial 73/100] input_spikes: pn_exc=1732 vip_inh_bio=372 bg_exc=2399 bg_inh=816
[trial 73/100] spikes=0  rate=0.00 Hz  time=21.90s
[trial 74/100] input_spikes: pn_exc=1478 vip_inh_bio=321 bg_exc=1247 bg_inh=409
[trial 74/100] spikes=0  rate=0.00 Hz  time=20.84s
[trial 75/100] input_spikes: pn_exc=1771 vip_inh_bio=357 bg_exc=2502 bg_inh=825
[trial 75/100] spikes=4  rate=4.00 Hz  time=22.00s
[trial 76/100] input_spikes: pn_exc=1685 vip_inh_bio=365 bg_exc=2269 bg_inh=748
[trial 76/100] spikes=7  rate=7.00 Hz  time=21.70s
[trial 77/100] input_spikes: pn_exc=1513 vip_inh_bio=307 bg_exc=1221 bg_inh=359
[trial 77/100] spikes=2  rate=2.00 Hz  time=20.75s
[trial 78/100] input_spikes: pn_exc=1627 vip_inh_bio=370 bg_exc=2141 bg_inh=661
[trial 78/100] spikes=4  rate=4.00 Hz  time=21.61s
[trial 79/100] input_spikes: pn_exc=1791 vip_inh_bio=373 bg_exc=2318 bg_inh=794
[trial 79/100] spikes=6  rate=6.00 Hz  time=21.93s
[trial 80/100] input_spikes: pn_exc=1729 vip_inh_bio=338 bg_exc=2339 bg_inh=715
[trial 80/100] spikes=5  rate=5.00 Hz  time=21.83s
[trial 81/100] input_spikes: pn_exc=1638 vip_inh_bio=346 bg_exc=2209 bg_inh=716
[trial 81/100] spikes=7  rate=7.00 Hz  time=21.70s
[trial 82/100] input_spikes: pn_exc=1661 vip_inh_bio=395 bg_exc=2464 bg_inh=754
[trial 82/100] spikes=4  rate=4.00 Hz  time=21.94s
[trial 83/100] input_spikes: pn_exc=1756 vip_inh_bio=376 bg_exc=2440 bg_inh=727
[trial 83/100] spikes=5  rate=5.00 Hz  time=22.10s
[trial 84/100] input_spikes: pn_exc=1725 vip_inh_bio=352 bg_exc=2443 bg_inh=794
[trial 84/100] spikes=4  rate=4.00 Hz  time=22.05s
[trial 85/100] input_spikes: pn_exc=1756 vip_inh_bio=348 bg_exc=2326 bg_inh=765
[trial 85/100] spikes=5  rate=5.00 Hz  time=21.79s
[trial 86/100] input_spikes: pn_exc=1640 vip_inh_bio=355 bg_exc=2232 bg_inh=689
[trial 86/100] spikes=1  rate=1.00 Hz  time=21.67s
[trial 87/100] input_spikes: pn_exc=1685 vip_inh_bio=396 bg_exc=2434 bg_inh=761
[trial 87/100] spikes=3  rate=3.00 Hz  time=21.97s
[trial 88/100] input_spikes: pn_exc=1805 vip_inh_bio=388 bg_exc=2461 bg_inh=787
[trial 88/100] spikes=2  rate=2.00 Hz  time=22.07s
[trial 89/100] input_spikes: pn_exc=1696 vip_inh_bio=365 bg_exc=2431 bg_inh=767
[trial 89/100] spikes=5  rate=5.00 Hz  time=22.00s
[trial 90/100] input_spikes: pn_exc=1612 vip_inh_bio=384 bg_exc=2169 bg_inh=702
[trial 90/100] spikes=2  rate=2.00 Hz  time=21.65s
[trial 91/100] input_spikes: pn_exc=1743 vip_inh_bio=403 bg_exc=2482 bg_inh=804
[trial 91/100] spikes=5  rate=5.00 Hz  time=22.08s
[trial 92/100] input_spikes: pn_exc=1558 vip_inh_bio=337 bg_exc=2132 bg_inh=668
[trial 92/100] spikes=2  rate=2.00 Hz  time=21.58s
[trial 93/100] input_spikes: pn_exc=1615 vip_inh_bio=364 bg_exc=2136 bg_inh=701
[trial 93/100] spikes=4  rate=4.00 Hz  time=21.61s
[trial 94/100] input_spikes: pn_exc=1765 vip_inh_bio=370 bg_exc=2478 bg_inh=765
[trial 94/100] spikes=4  rate=4.00 Hz  time=22.11s
[trial 95/100] input_spikes: pn_exc=1769 vip_inh_bio=331 bg_exc=2322 bg_inh=721
[trial 95/100] spikes=2  rate=2.00 Hz  time=21.91s
[trial 96/100] input_spikes: pn_exc=1495 vip_inh_bio=322 bg_exc=1961 bg_inh=570
[trial 96/100] spikes=6  rate=6.00 Hz  time=21.38s
[trial 97/100] input_spikes: pn_exc=1636 vip_inh_bio=343 bg_exc=2147 bg_inh=642
[trial 97/100] spikes=6  rate=6.00 Hz  time=21.65s
[trial 98/100] input_spikes: pn_exc=1701 vip_inh_bio=368 bg_exc=2381 bg_inh=744
[trial 98/100] spikes=8  rate=8.00 Hz  time=21.71s
[trial 99/100] input_spikes: pn_exc=1668 vip_inh_bio=324 bg_exc=2286 bg_inh=803
[trial 99/100] spikes=4  rate=4.00 Hz  time=21.84s
[trial 100/100] input_spikes: pn_exc=1733 vip_inh_bio=358 bg_exc=2346 bg_inh=770
[trial 100/100] spikes=3  rate=3.00 Hz  time=21.49s
save_plots single_plot warning: Top input panel: group list empty, auto-using all groups (4).
Results saved to /home/hrbncv/SCP/cells/SST/tunes/seg_tuned_all/output_data/slurm_42203/parts/slurm_42203_31/run_manifest.json
Total runtime: 2190.28s
