Running: python /home/hrbncv/SCP/run_pipeline.py --tune-dir /home/hrbncv/SCP/cells/PV/tunes/seg_tuned --output-dir /home/hrbncv/SCP/cells/PV/tunes/seg_tuned/output_data/slurm_35079/parts --n-trials 40 --output-stem slurm_35079_19 --trial-offset 760 --force-save
Mechanisms already loaded; skipping duplicate load.
Loaded Allen cell for 'PV' from /home/hrbncv/SCP/cells/PV/tunes/seg_tuned/manifest.json, soma_diam_multiplier=6.0, Vinit=-71.0, loader=allensdk_default
Geometry defined for 'PV': 1 soma segs, 46 proximal dend segs, 41 distal dend segs, 97 total dend segs.
[trial 1/40] input_spikes: pn_exc=2881 bg_exc=911 bg_inh=203 sst_inh=356 pv_inh=761
[trial 1/40] spikes=7  rate=7.00 Hz  time=27.79s
[trial 2/40] input_spikes: pn_exc=2562 bg_exc=775 bg_inh=172 sst_inh=367 pv_inh=758
[trial 2/40] spikes=7  rate=7.00 Hz  time=27.81s
[trial 3/40] input_spikes: pn_exc=2888 bg_exc=842 bg_inh=209 sst_inh=394 pv_inh=751
[trial 3/40] spikes=7  rate=7.00 Hz  time=27.73s
[trial 4/40] input_spikes: pn_exc=2891 bg_exc=896 bg_inh=190 sst_inh=362 pv_inh=733
[trial 4/40] spikes=6  rate=6.00 Hz  time=27.72s
[trial 5/40] input_spikes: pn_exc=2739 bg_exc=823 bg_inh=206 sst_inh=405 pv_inh=736
[trial 5/40] spikes=6  rate=6.00 Hz  time=27.77s
[trial 6/40] input_spikes: pn_exc=2739 bg_exc=769 bg_inh=183 sst_inh=372 pv_inh=747
[trial 6/40] spikes=6  rate=6.00 Hz  time=27.65s
[trial 7/40] input_spikes: pn_exc=2445 bg_exc=670 bg_inh=179 sst_inh=394 pv_inh=741
[trial 7/40] spikes=5  rate=5.00 Hz  time=27.65s
[trial 8/40] input_spikes: pn_exc=2592 bg_exc=820 bg_inh=177 sst_inh=387 pv_inh=750
[trial 8/40] spikes=6  rate=6.00 Hz  time=27.78s
[trial 9/40] input_spikes: pn_exc=2850 bg_exc=888 bg_inh=209 sst_inh=388 pv_inh=748
[trial 9/40] spikes=9  rate=9.00 Hz  time=27.67s
[trial 10/40] input_spikes: pn_exc=2588 bg_exc=754 bg_inh=191 sst_inh=385 pv_inh=742
[trial 10/40] spikes=8  rate=8.00 Hz  time=27.71s
[trial 11/40] input_spikes: pn_exc=2790 bg_exc=831 bg_inh=225 sst_inh=398 pv_inh=736
[trial 11/40] spikes=5  rate=5.00 Hz  time=27.67s
[trial 12/40] input_spikes: pn_exc=2806 bg_exc=856 bg_inh=206 sst_inh=363 pv_inh=741
[trial 12/40] spikes=6  rate=6.00 Hz  time=27.59s
[trial 13/40] input_spikes: pn_exc=2712 bg_exc=766 bg_inh=225 sst_inh=364 pv_inh=743
[trial 13/40] spikes=7  rate=7.00 Hz  time=27.63s
[trial 14/40] input_spikes: pn_exc=2717 bg_exc=785 bg_inh=192 sst_inh=379 pv_inh=763
[trial 14/40] spikes=6  rate=6.00 Hz  time=27.69s
[trial 15/40] input_spikes: pn_exc=2424 bg_exc=617 bg_inh=153 sst_inh=358 pv_inh=754
[trial 15/40] spikes=6  rate=6.00 Hz  time=27.69s
[trial 16/40] input_spikes: pn_exc=2965 bg_exc=931 bg_inh=208 sst_inh=376 pv_inh=756
[trial 16/40] spikes=9  rate=9.00 Hz  time=27.75s
[trial 17/40] input_spikes: pn_exc=2833 bg_exc=872 bg_inh=198 sst_inh=349 pv_inh=757
[trial 17/40] spikes=7  rate=7.00 Hz  time=27.67s
[trial 18/40] input_spikes: pn_exc=2901 bg_exc=831 bg_inh=231 sst_inh=375 pv_inh=742
[trial 18/40] spikes=6  rate=6.00 Hz  time=27.76s
[trial 19/40] input_spikes: pn_exc=2735 bg_exc=778 bg_inh=213 sst_inh=382 pv_inh=762
[trial 19/40] spikes=6  rate=6.00 Hz  time=27.66s
[trial 20/40] input_spikes: pn_exc=2796 bg_exc=882 bg_inh=206 sst_inh=387 pv_inh=737
[trial 20/40] spikes=6  rate=6.00 Hz  time=27.63s
[trial 21/40] input_spikes: pn_exc=2764 bg_exc=790 bg_inh=214 sst_inh=381 pv_inh=773
[trial 21/40] spikes=6  rate=6.00 Hz  time=27.80s
[trial 22/40] input_spikes: pn_exc=2607 bg_exc=733 bg_inh=181 sst_inh=371 pv_inh=742
[trial 22/40] spikes=8  rate=8.00 Hz  time=27.64s
[trial 23/40] input_spikes: pn_exc=2843 bg_exc=825 bg_inh=226 sst_inh=386 pv_inh=753
[trial 23/40] spikes=7  rate=7.00 Hz  time=27.66s
[trial 24/40] input_spikes: pn_exc=2812 bg_exc=780 bg_inh=194 sst_inh=364 pv_inh=756
[trial 24/40] spikes=7  rate=7.00 Hz  time=27.64s
[trial 25/40] input_spikes: pn_exc=2734 bg_exc=840 bg_inh=220 sst_inh=378 pv_inh=732
[trial 25/40] spikes=5  rate=5.00 Hz  time=27.81s
[trial 26/40] input_spikes: pn_exc=2729 bg_exc=803 bg_inh=182 sst_inh=396 pv_inh=754
[trial 26/40] spikes=8  rate=8.00 Hz  time=27.65s
[trial 27/40] input_spikes: pn_exc=2542 bg_exc=696 bg_inh=194 sst_inh=346 pv_inh=750
[trial 27/40] spikes=8  rate=8.00 Hz  time=27.63s
[trial 28/40] input_spikes: pn_exc=2514 bg_exc=742 bg_inh=174 sst_inh=361 pv_inh=750
[trial 28/40] spikes=7  rate=7.00 Hz  time=27.80s
[trial 29/40] input_spikes: pn_exc=2847 bg_exc=882 bg_inh=213 sst_inh=376 pv_inh=737
[trial 29/40] spikes=7  rate=7.00 Hz  time=27.67s
[trial 30/40] input_spikes: pn_exc=2680 bg_exc=796 bg_inh=199 sst_inh=365 pv_inh=752
[trial 30/40] spikes=5  rate=5.00 Hz  time=27.54s
[trial 31/40] input_spikes: pn_exc=2773 bg_exc=902 bg_inh=199 sst_inh=418 pv_inh=749
[trial 31/40] spikes=5  rate=5.00 Hz  time=27.74s
[trial 32/40] input_spikes: pn_exc=2858 bg_exc=829 bg_inh=225 sst_inh=377 pv_inh=752
[trial 32/40] spikes=6  rate=6.00 Hz  time=27.68s
[trial 33/40] input_spikes: pn_exc=2873 bg_exc=861 bg_inh=256 sst_inh=375 pv_inh=750
[trial 33/40] spikes=6  rate=6.00 Hz  time=27.80s
[trial 34/40] input_spikes: pn_exc=2708 bg_exc=828 bg_inh=175 sst_inh=379 pv_inh=754
[trial 34/40] spikes=8  rate=8.00 Hz  time=27.83s
[trial 35/40] input_spikes: pn_exc=2863 bg_exc=817 bg_inh=185 sst_inh=395 pv_inh=761
[trial 35/40] spikes=7  rate=7.00 Hz  time=27.78s
[trial 36/40] input_spikes: pn_exc=2779 bg_exc=819 bg_inh=227 sst_inh=361 pv_inh=739
[trial 36/40] spikes=7  rate=7.00 Hz  time=27.76s
[trial 37/40] input_spikes: pn_exc=2836 bg_exc=886 bg_inh=188 sst_inh=345 pv_inh=755
[trial 37/40] spikes=10  rate=10.00 Hz  time=27.60s
[trial 38/40] input_spikes: pn_exc=2750 bg_exc=859 bg_inh=188 sst_inh=383 pv_inh=761
[trial 38/40] spikes=6  rate=6.00 Hz  time=27.84s
[trial 39/40] input_spikes: pn_exc=2765 bg_exc=881 bg_inh=233 sst_inh=374 pv_inh=748
[trial 39/40] spikes=6  rate=6.00 Hz  time=27.87s
[trial 40/40] input_spikes: pn_exc=2645 bg_exc=778 bg_inh=188 sst_inh=370 pv_inh=754
[trial 40/40] spikes=7  rate=7.00 Hz  time=26.61s
save_plots single_plot warning: Top input panel: group list empty, auto-using all groups (5).
Results saved to /home/hrbncv/SCP/cells/PV/tunes/seg_tuned/output_data/slurm_35079/parts/slurm_35079_19/run_manifest.json
Total runtime: 1108.92s
