Running: /home/hrbncv/miniconda3/envs/BMTK-py311/bin/python /home/hrbncv/SCP/run_pipeline.py --tune-dir /home/hrbncv/SCP/cells/SST/tunes/seg_tuned --output-dir /home/hrbncv/SCP/cells/SST/tunes/seg_tuned/output_data/slurm_45349/parts --n-trials 20 --output-stem slurm_45349_45 --trial-offset 900 --force-save
Loaded mechanisms from /home/hrbncv/SCP/cells/SST/tunes/seg_tuned/modfiles/x86_64/.libs/libnrnmech.so
Loaded Allen cell for 'SST' from /home/hrbncv/SCP/cells/SST/tunes/seg_tuned/manifest.json, soma_diam_multiplier=10.0, Vinit=-65.0, loader=genome_fallback
Geometry defined for 'SST': 1 soma segs, 54 proximal dend segs, 52 distal dend segs, 115 total dend segs.
[trial 1/20] input_spikes: pn_exc=1790 bg_exc=2561 bg_inh=820
[trial 1/20] spikes=15  rate=15.00 Hz  time=22.39s
[trial 2/20] input_spikes: pn_exc=1584 bg_exc=2196 bg_inh=676
[trial 2/20] spikes=11  rate=11.00 Hz  time=22.27s
[trial 3/20] input_spikes: pn_exc=1757 bg_exc=2362 bg_inh=769
[trial 3/20] spikes=13  rate=13.00 Hz  time=22.09s
[trial 4/20] input_spikes: pn_exc=1452 bg_exc=1676 bg_inh=543
[trial 4/20] spikes=12  rate=12.00 Hz  time=21.67s
[trial 5/20] input_spikes: pn_exc=1618 bg_exc=2083 bg_inh=659
[trial 5/20] spikes=14  rate=14.00 Hz  time=21.97s
[trial 6/20] input_spikes: pn_exc=1742 bg_exc=2512 bg_inh=799
[trial 6/20] spikes=14  rate=14.00 Hz  time=22.29s
[trial 7/20] input_spikes: pn_exc=1594 bg_exc=2201 bg_inh=705
[trial 7/20] spikes=10  rate=10.00 Hz  time=22.27s
[trial 8/20] input_spikes: pn_exc=1662 bg_exc=2350 bg_inh=704
[trial 8/20] spikes=11  rate=11.00 Hz  time=22.41s
[trial 9/20] input_spikes: pn_exc=1575 bg_exc=2017 bg_inh=642
[trial 9/20] spikes=14  rate=14.00 Hz  time=22.12s
[trial 10/20] input_spikes: pn_exc=1508 bg_exc=1667 bg_inh=535
[trial 10/20] spikes=15  rate=15.00 Hz  time=21.46s
[trial 11/20] input_spikes: pn_exc=1743 bg_exc=2403 bg_inh=747
[trial 11/20] spikes=12  rate=12.00 Hz  time=22.23s
[trial 12/20] input_spikes: pn_exc=1744 bg_exc=2383 bg_inh=719
[trial 12/20] spikes=19  rate=19.00 Hz  time=22.54s
[trial 13/20] input_spikes: pn_exc=1559 bg_exc=1942 bg_inh=659
[trial 13/20] spikes=14  rate=14.00 Hz  time=21.80s
[trial 14/20] input_spikes: pn_exc=1586 bg_exc=2114 bg_inh=624
[trial 14/20] spikes=13  rate=13.00 Hz  time=22.10s
[trial 15/20] input_spikes: pn_exc=1784 bg_exc=2457 bg_inh=803
[trial 15/20] spikes=15  rate=15.00 Hz  time=22.53s
[trial 16/20] input_spikes: pn_exc=1749 bg_exc=2352 bg_inh=758
[trial 16/20] spikes=16  rate=16.00 Hz  time=22.25s
[trial 17/20] input_spikes: pn_exc=1607 bg_exc=2286 bg_inh=671
[trial 17/20] spikes=13  rate=13.00 Hz  time=22.42s
[trial 18/20] input_spikes: pn_exc=1843 bg_exc=2478 bg_inh=778
[trial 18/20] spikes=12  rate=12.00 Hz  time=22.32s
[trial 19/20] input_spikes: pn_exc=1554 bg_exc=2059 bg_inh=738
[trial 19/20] spikes=13  rate=13.00 Hz  time=22.03s
[trial 20/20] input_spikes: pn_exc=1597 bg_exc=2074 bg_inh=671
[trial 20/20] spikes=13  rate=13.00 Hz  time=21.84s
save_plots single_plot warning: Top input panel: group list empty, auto-using all groups (3).
Results saved to /home/hrbncv/SCP/cells/SST/tunes/seg_tuned/output_data/slurm_45349/parts/slurm_45349_45/run_manifest.json
Total runtime: 444.35s
