Running: python /home/hrbncv/SCP/run_pipeline.py --tune-dir /home/hrbncv/SCP/cells/SST/tunes/seg_tuned_all --output-dir /home/hrbncv/SCP/cells/SST/tunes/seg_tuned_all/output_data/slurm_39858/parts --n-trials 20 --output-stem slurm_39858_35 --trial-offset 700 --force-save
Loaded mechanisms from /home/hrbncv/SCP/cells/SST/tunes/seg_tuned_all/modfiles/x86_64/.libs/libnrnmech.so
Loaded Allen cell for 'SST' from /home/hrbncv/SCP/cells/SST/tunes/seg_tuned_all/manifest.json, soma_diam_multiplier=10.0, Vinit=-65.0, loader=genome_fallback
Geometry defined for 'SST': 1 soma segs, 54 proximal dend segs, 52 distal dend segs, 115 total dend segs.
[trial 1/20] input_spikes: pn_exc=1654 vip_inh_bio=61 bg_exc=2502 bg_inh=728
[trial 1/20] spikes=1  rate=1.00 Hz  time=23.18s
[trial 2/20] input_spikes: pn_exc=1620 vip_inh_bio=72 bg_exc=2471 bg_inh=762
[trial 2/20] spikes=2  rate=2.00 Hz  time=22.93s
[trial 3/20] input_spikes: pn_exc=1467 vip_inh_bio=45 bg_exc=1826 bg_inh=598
[trial 3/20] spikes=1  rate=1.00 Hz  time=22.36s
[trial 4/20] input_spikes: pn_exc=1582 vip_inh_bio=69 bg_exc=2131 bg_inh=662
[trial 4/20] spikes=2  rate=2.00 Hz  time=22.62s
[trial 5/20] input_spikes: pn_exc=1608 vip_inh_bio=46 bg_exc=1949 bg_inh=600
[trial 5/20] spikes=2  rate=2.00 Hz  time=22.63s
[trial 6/20] input_spikes: pn_exc=1634 vip_inh_bio=59 bg_exc=2080 bg_inh=638
[trial 6/20] spikes=3  rate=3.00 Hz  time=22.44s
[trial 7/20] input_spikes: pn_exc=1658 vip_inh_bio=74 bg_exc=2326 bg_inh=775
[trial 7/20] spikes=0  rate=0.00 Hz  time=22.50s
[trial 8/20] input_spikes: pn_exc=1810 vip_inh_bio=73 bg_exc=2497 bg_inh=775
[trial 8/20] spikes=4  rate=4.00 Hz  time=22.91s
[trial 9/20] input_spikes: pn_exc=1752 vip_inh_bio=66 bg_exc=2512 bg_inh=796
[trial 9/20] spikes=2  rate=2.00 Hz  time=23.00s
[trial 10/20] input_spikes: pn_exc=1751 vip_inh_bio=87 bg_exc=2425 bg_inh=782
[trial 10/20] spikes=8  rate=8.00 Hz  time=22.93s
[trial 11/20] input_spikes: pn_exc=1651 vip_inh_bio=71 bg_exc=2441 bg_inh=736
[trial 11/20] spikes=3  rate=3.00 Hz  time=23.67s
[trial 12/20] input_spikes: pn_exc=1568 vip_inh_bio=60 bg_exc=1962 bg_inh=626
[trial 12/20] spikes=4  rate=4.00 Hz  time=22.51s
[trial 13/20] input_spikes: pn_exc=1607 vip_inh_bio=65 bg_exc=2205 bg_inh=697
[trial 13/20] spikes=4  rate=4.00 Hz  time=22.80s
[trial 14/20] input_spikes: pn_exc=1651 vip_inh_bio=59 bg_exc=2266 bg_inh=721
[trial 14/20] spikes=4  rate=4.00 Hz  time=22.82s
[trial 15/20] input_spikes: pn_exc=1721 vip_inh_bio=66 bg_exc=2395 bg_inh=765
[trial 15/20] spikes=7  rate=7.00 Hz  time=23.29s
[trial 16/20] input_spikes: pn_exc=1505 vip_inh_bio=57 bg_exc=1478 bg_inh=483
[trial 16/20] spikes=5  rate=5.00 Hz  time=22.30s
[trial 17/20] input_spikes: pn_exc=1652 vip_inh_bio=57 bg_exc=2185 bg_inh=671
[trial 17/20] spikes=2  rate=2.00 Hz  time=22.61s
[trial 18/20] input_spikes: pn_exc=1633 vip_inh_bio=65 bg_exc=2288 bg_inh=749
[trial 18/20] spikes=2  rate=2.00 Hz  time=22.81s
[trial 19/20] input_spikes: pn_exc=1780 vip_inh_bio=71 bg_exc=2449 bg_inh=777
[trial 19/20] spikes=1  rate=1.00 Hz  time=22.81s
[trial 20/20] input_spikes: pn_exc=1739 vip_inh_bio=80 bg_exc=2504 bg_inh=765
[trial 20/20] spikes=2  rate=2.00 Hz  time=21.97s
save_plots single_plot warning: Top input panel: group list empty, auto-using all groups (4).
Results saved to /home/hrbncv/SCP/cells/SST/tunes/seg_tuned_all/output_data/slurm_39858/parts/slurm_39858_35/run_manifest.json
Total runtime: 456.42s
