Running: /home/hrbncv/miniconda3/envs/BMTK-py311/bin/python /home/hrbncv/SCP/run_pipeline.py --tune-dir /home/hrbncv/SCP/cells/SST/tunes/seg_tuned_all --output-dir /home/hrbncv/SCP/cells/SST/tunes/seg_tuned_all/output_data/slurm_42203/parts --n-trials 100 --output-stem slurm_42203_5 --trial-offset 500 --force-save
Loaded mechanisms from /home/hrbncv/SCP/cells/SST/tunes/seg_tuned_all/modfiles/x86_64/.libs/libnrnmech.so
Loaded Allen cell for 'SST' from /home/hrbncv/SCP/cells/SST/tunes/seg_tuned_all/manifest.json, soma_diam_multiplier=10.0, Vinit=-65.0, loader=genome_fallback
Geometry defined for 'SST': 1 soma segs, 54 proximal dend segs, 52 distal dend segs, 115 total dend segs.
[trial 1/100] input_spikes: pn_exc=1759 vip_inh_bio=386 bg_exc=2439 bg_inh=731
[trial 1/100] spikes=6  rate=6.00 Hz  time=21.54s
[trial 2/100] input_spikes: pn_exc=1700 vip_inh_bio=368 bg_exc=2337 bg_inh=723
[trial 2/100] spikes=7  rate=7.00 Hz  time=21.34s
[trial 3/100] input_spikes: pn_exc=1642 vip_inh_bio=328 bg_exc=2125 bg_inh=657
[trial 3/100] spikes=5  rate=5.00 Hz  time=21.43s
[trial 4/100] input_spikes: pn_exc=1666 vip_inh_bio=398 bg_exc=2393 bg_inh=788
[trial 4/100] spikes=1  rate=1.00 Hz  time=21.89s
[trial 5/100] input_spikes: pn_exc=1612 vip_inh_bio=312 bg_exc=1937 bg_inh=573
[trial 5/100] spikes=2  rate=2.00 Hz  time=21.30s
[trial 6/100] input_spikes: pn_exc=1786 vip_inh_bio=368 bg_exc=2423 bg_inh=834
[trial 6/100] spikes=4  rate=4.00 Hz  time=21.93s
[trial 7/100] input_spikes: pn_exc=1613 vip_inh_bio=342 bg_exc=2093 bg_inh=660
[trial 7/100] spikes=0  rate=0.00 Hz  time=21.45s
[trial 8/100] input_spikes: pn_exc=1762 vip_inh_bio=399 bg_exc=2397 bg_inh=770
[trial 8/100] spikes=8  rate=8.00 Hz  time=21.87s
[trial 9/100] input_spikes: pn_exc=1705 vip_inh_bio=367 bg_exc=2289 bg_inh=767
[trial 9/100] spikes=7  rate=7.00 Hz  time=21.83s
[trial 10/100] input_spikes: pn_exc=1687 vip_inh_bio=336 bg_exc=2300 bg_inh=758
[trial 10/100] spikes=4  rate=4.00 Hz  time=21.77s
[trial 11/100] input_spikes: pn_exc=1673 vip_inh_bio=374 bg_exc=2333 bg_inh=756
[trial 11/100] spikes=8  rate=8.00 Hz  time=21.71s
[trial 12/100] input_spikes: pn_exc=1687 vip_inh_bio=375 bg_exc=2460 bg_inh=774
[trial 12/100] spikes=5  rate=5.00 Hz  time=22.00s
[trial 13/100] input_spikes: pn_exc=1705 vip_inh_bio=376 bg_exc=2467 bg_inh=746
[trial 13/100] spikes=9  rate=9.00 Hz  time=21.88s
[trial 14/100] input_spikes: pn_exc=1730 vip_inh_bio=370 bg_exc=2587 bg_inh=776
[trial 14/100] spikes=1  rate=1.00 Hz  time=22.11s
[trial 15/100] input_spikes: pn_exc=1626 vip_inh_bio=363 bg_exc=2209 bg_inh=682
[trial 15/100] spikes=3  rate=3.00 Hz  time=21.71s
[trial 16/100] input_spikes: pn_exc=1735 vip_inh_bio=389 bg_exc=2289 bg_inh=744
[trial 16/100] spikes=5  rate=5.00 Hz  time=21.81s
[trial 17/100] input_spikes: pn_exc=1689 vip_inh_bio=357 bg_exc=2376 bg_inh=741
[trial 17/100] spikes=8  rate=8.00 Hz  time=21.95s
[trial 18/100] input_spikes: pn_exc=1634 vip_inh_bio=372 bg_exc=2412 bg_inh=746
[trial 18/100] spikes=4  rate=4.00 Hz  time=22.02s
[trial 19/100] input_spikes: pn_exc=1710 vip_inh_bio=383 bg_exc=2509 bg_inh=799
[trial 19/100] spikes=5  rate=5.00 Hz  time=21.94s
[trial 20/100] input_spikes: pn_exc=1698 vip_inh_bio=334 bg_exc=2470 bg_inh=786
[trial 20/100] spikes=4  rate=4.00 Hz  time=22.06s
[trial 21/100] input_spikes: pn_exc=1716 vip_inh_bio=366 bg_exc=2332 bg_inh=706
[trial 21/100] spikes=3  rate=3.00 Hz  time=21.91s
[trial 22/100] input_spikes: pn_exc=1705 vip_inh_bio=383 bg_exc=2336 bg_inh=801
[trial 22/100] spikes=4  rate=4.00 Hz  time=22.01s
[trial 23/100] input_spikes: pn_exc=1434 vip_inh_bio=290 bg_exc=1658 bg_inh=486
[trial 23/100] spikes=3  rate=3.00 Hz  time=21.33s
[trial 24/100] input_spikes: pn_exc=1545 vip_inh_bio=351 bg_exc=2144 bg_inh=684
[trial 24/100] spikes=5  rate=5.00 Hz  time=21.66s
[trial 25/100] input_spikes: pn_exc=1601 vip_inh_bio=370 bg_exc=2185 bg_inh=661
[trial 25/100] spikes=3  rate=3.00 Hz  time=21.65s
[trial 26/100] input_spikes: pn_exc=1663 vip_inh_bio=380 bg_exc=2398 bg_inh=739
[trial 26/100] spikes=5  rate=5.00 Hz  time=21.93s
[trial 27/100] input_spikes: pn_exc=1771 vip_inh_bio=421 bg_exc=2380 bg_inh=742
[trial 27/100] spikes=4  rate=4.00 Hz  time=22.07s
[trial 28/100] input_spikes: pn_exc=1732 vip_inh_bio=376 bg_exc=2387 bg_inh=747
[trial 28/100] spikes=7  rate=7.00 Hz  time=22.09s
[trial 29/100] input_spikes: pn_exc=1609 vip_inh_bio=376 bg_exc=2306 bg_inh=754
[trial 29/100] spikes=3  rate=3.00 Hz  time=21.94s
[trial 30/100] input_spikes: pn_exc=1753 vip_inh_bio=399 bg_exc=2573 bg_inh=795
[trial 30/100] spikes=4  rate=4.00 Hz  time=22.00s
[trial 31/100] input_spikes: pn_exc=1677 vip_inh_bio=332 bg_exc=2379 bg_inh=679
[trial 31/100] spikes=4  rate=4.00 Hz  time=21.89s
[trial 32/100] input_spikes: pn_exc=1763 vip_inh_bio=376 bg_exc=2497 bg_inh=764
[trial 32/100] spikes=2  rate=2.00 Hz  time=21.97s
[trial 33/100] input_spikes: pn_exc=1487 vip_inh_bio=327 bg_exc=1834 bg_inh=614
[trial 33/100] spikes=6  rate=6.00 Hz  time=21.41s
[trial 34/100] input_spikes: pn_exc=1622 vip_inh_bio=337 bg_exc=2236 bg_inh=678
[trial 34/100] spikes=4  rate=4.00 Hz  time=21.66s
[trial 35/100] input_spikes: pn_exc=1707 vip_inh_bio=382 bg_exc=2440 bg_inh=741
[trial 35/100] spikes=1  rate=1.00 Hz  time=21.93s
[trial 36/100] input_spikes: pn_exc=1749 vip_inh_bio=361 bg_exc=2513 bg_inh=732
[trial 36/100] spikes=4  rate=4.00 Hz  time=21.95s
[trial 37/100] input_spikes: pn_exc=1652 vip_inh_bio=344 bg_exc=1928 bg_inh=652
[trial 37/100] spikes=3  rate=3.00 Hz  time=21.66s
[trial 38/100] input_spikes: pn_exc=1627 vip_inh_bio=351 bg_exc=2296 bg_inh=670
[trial 38/100] spikes=6  rate=6.00 Hz  time=21.86s
[trial 39/100] input_spikes: pn_exc=1755 vip_inh_bio=365 bg_exc=2471 bg_inh=774
[trial 39/100] spikes=5  rate=5.00 Hz  time=22.25s
[trial 40/100] input_spikes: pn_exc=1738 vip_inh_bio=368 bg_exc=2526 bg_inh=780
[trial 40/100] spikes=5  rate=5.00 Hz  time=22.06s
[trial 41/100] input_spikes: pn_exc=1554 vip_inh_bio=324 bg_exc=2144 bg_inh=645
[trial 41/100] spikes=0  rate=0.00 Hz  time=21.47s
[trial 42/100] input_spikes: pn_exc=1501 vip_inh_bio=295 bg_exc=1839 bg_inh=587
[trial 42/100] spikes=6  rate=6.00 Hz  time=21.25s
[trial 43/100] input_spikes: pn_exc=1715 vip_inh_bio=363 bg_exc=2355 bg_inh=730
[trial 43/100] spikes=4  rate=4.00 Hz  time=22.03s
[trial 44/100] input_spikes: pn_exc=1637 vip_inh_bio=349 bg_exc=2227 bg_inh=704
[trial 44/100] spikes=4  rate=4.00 Hz  time=21.74s
[trial 45/100] input_spikes: pn_exc=1606 vip_inh_bio=369 bg_exc=2303 bg_inh=716
[trial 45/100] spikes=6  rate=6.00 Hz  time=21.96s
[trial 46/100] input_spikes: pn_exc=1759 vip_inh_bio=385 bg_exc=2493 bg_inh=744
[trial 46/100] spikes=3  rate=3.00 Hz  time=22.03s
[trial 47/100] input_spikes: pn_exc=1462 vip_inh_bio=330 bg_exc=1383 bg_inh=415
[trial 47/100] spikes=3  rate=3.00 Hz  time=20.97s
[trial 48/100] input_spikes: pn_exc=1675 vip_inh_bio=372 bg_exc=2330 bg_inh=762
[trial 48/100] spikes=8  rate=8.00 Hz  time=22.10s
[trial 49/100] input_spikes: pn_exc=1533 vip_inh_bio=302 bg_exc=1895 bg_inh=596
[trial 49/100] spikes=3  rate=3.00 Hz  time=21.49s
[trial 50/100] input_spikes: pn_exc=1675 vip_inh_bio=378 bg_exc=2261 bg_inh=723
[trial 50/100] spikes=5  rate=5.00 Hz  time=21.84s
[trial 51/100] input_spikes: pn_exc=1672 vip_inh_bio=367 bg_exc=2407 bg_inh=724
[trial 51/100] spikes=5  rate=5.00 Hz  time=21.93s
[trial 52/100] input_spikes: pn_exc=1641 vip_inh_bio=364 bg_exc=2081 bg_inh=632
[trial 52/100] spikes=3  rate=3.00 Hz  time=21.46s
[trial 53/100] input_spikes: pn_exc=1762 vip_inh_bio=353 bg_exc=2491 bg_inh=846
[trial 53/100] spikes=4  rate=4.00 Hz  time=22.22s
[trial 54/100] input_spikes: pn_exc=1594 vip_inh_bio=309 bg_exc=2011 bg_inh=611
[trial 54/100] spikes=4  rate=4.00 Hz  time=21.45s
[trial 55/100] input_spikes: pn_exc=1634 vip_inh_bio=339 bg_exc=2233 bg_inh=699
[trial 55/100] spikes=3  rate=3.00 Hz  time=21.78s
[trial 56/100] input_spikes: pn_exc=1707 vip_inh_bio=388 bg_exc=2485 bg_inh=742
[trial 56/100] spikes=6  rate=6.00 Hz  time=22.08s
[trial 57/100] input_spikes: pn_exc=1764 vip_inh_bio=394 bg_exc=2408 bg_inh=794
[trial 57/100] spikes=5  rate=5.00 Hz  time=22.07s
[trial 58/100] input_spikes: pn_exc=1681 vip_inh_bio=363 bg_exc=2284 bg_inh=788
[trial 58/100] spikes=3  rate=3.00 Hz  time=21.89s
[trial 59/100] input_spikes: pn_exc=1712 vip_inh_bio=355 bg_exc=2440 bg_inh=818
[trial 59/100] spikes=5  rate=5.00 Hz  time=22.20s
[trial 60/100] input_spikes: pn_exc=1840 vip_inh_bio=374 bg_exc=2595 bg_inh=740
[trial 60/100] spikes=5  rate=5.00 Hz  time=22.02s
[trial 61/100] input_spikes: pn_exc=1731 vip_inh_bio=388 bg_exc=2473 bg_inh=736
[trial 61/100] spikes=2  rate=2.00 Hz  time=22.10s
[trial 62/100] input_spikes: pn_exc=1661 vip_inh_bio=371 bg_exc=2325 bg_inh=753
[trial 62/100] spikes=7  rate=7.00 Hz  time=22.05s
[trial 63/100] input_spikes: pn_exc=1661 vip_inh_bio=417 bg_exc=2538 bg_inh=824
[trial 63/100] spikes=5  rate=5.00 Hz  time=22.36s
[trial 64/100] input_spikes: pn_exc=1775 vip_inh_bio=379 bg_exc=2365 bg_inh=771
[trial 64/100] spikes=4  rate=4.00 Hz  time=23.43s
[trial 65/100] input_spikes: pn_exc=1706 vip_inh_bio=367 bg_exc=2428 bg_inh=718
[trial 65/100] spikes=5  rate=5.00 Hz  time=23.45s
[trial 66/100] input_spikes: pn_exc=1602 vip_inh_bio=361 bg_exc=2158 bg_inh=667
[trial 66/100] spikes=3  rate=3.00 Hz  time=22.83s
[trial 67/100] input_spikes: pn_exc=1705 vip_inh_bio=368 bg_exc=2375 bg_inh=740
[trial 67/100] spikes=3  rate=3.00 Hz  time=22.23s
[trial 68/100] input_spikes: pn_exc=1788 vip_inh_bio=364 bg_exc=2390 bg_inh=758
[trial 68/100] spikes=1  rate=1.00 Hz  time=22.16s
[trial 69/100] input_spikes: pn_exc=1683 vip_inh_bio=415 bg_exc=2423 bg_inh=762
[trial 69/100] spikes=2  rate=2.00 Hz  time=22.15s
[trial 70/100] input_spikes: pn_exc=1647 vip_inh_bio=393 bg_exc=2360 bg_inh=747
[trial 70/100] spikes=3  rate=3.00 Hz  time=22.09s
[trial 71/100] input_spikes: pn_exc=1656 vip_inh_bio=374 bg_exc=2249 bg_inh=713
[trial 71/100] spikes=4  rate=4.00 Hz  time=21.95s
[trial 72/100] input_spikes: pn_exc=1750 vip_inh_bio=385 bg_exc=2392 bg_inh=765
[trial 72/100] spikes=3  rate=3.00 Hz  time=22.11s
[trial 73/100] input_spikes: pn_exc=1531 vip_inh_bio=328 bg_exc=2102 bg_inh=638
[trial 73/100] spikes=6  rate=6.00 Hz  time=21.90s
[trial 74/100] input_spikes: pn_exc=1668 vip_inh_bio=356 bg_exc=2393 bg_inh=748
[trial 74/100] spikes=3  rate=3.00 Hz  time=22.10s
[trial 75/100] input_spikes: pn_exc=1719 vip_inh_bio=389 bg_exc=2418 bg_inh=803
[trial 75/100] spikes=4  rate=4.00 Hz  time=22.11s
[trial 76/100] input_spikes: pn_exc=1668 vip_inh_bio=372 bg_exc=2275 bg_inh=718
[trial 76/100] spikes=3  rate=3.00 Hz  time=21.88s
[trial 77/100] input_spikes: pn_exc=1741 vip_inh_bio=331 bg_exc=2383 bg_inh=759
[trial 77/100] spikes=6  rate=6.00 Hz  time=22.01s
[trial 78/100] input_spikes: pn_exc=1707 vip_inh_bio=371 bg_exc=2424 bg_inh=747
[trial 78/100] spikes=4  rate=4.00 Hz  time=22.15s
[trial 79/100] input_spikes: pn_exc=1736 vip_inh_bio=391 bg_exc=2517 bg_inh=790
[trial 79/100] spikes=1  rate=1.00 Hz  time=22.05s
[trial 80/100] input_spikes: pn_exc=1725 vip_inh_bio=379 bg_exc=2409 bg_inh=784
[trial 80/100] spikes=2  rate=2.00 Hz  time=21.98s
[trial 81/100] input_spikes: pn_exc=1674 vip_inh_bio=363 bg_exc=2478 bg_inh=774
[trial 81/100] spikes=4  rate=4.00 Hz  time=22.14s
[trial 82/100] input_spikes: pn_exc=1718 vip_inh_bio=363 bg_exc=2319 bg_inh=705
[trial 82/100] spikes=3  rate=3.00 Hz  time=21.92s
[trial 83/100] input_spikes: pn_exc=1714 vip_inh_bio=388 bg_exc=2375 bg_inh=737
[trial 83/100] spikes=5  rate=5.00 Hz  time=22.05s
[trial 84/100] input_spikes: pn_exc=1741 vip_inh_bio=377 bg_exc=2380 bg_inh=757
[trial 84/100] spikes=4  rate=4.00 Hz  time=22.34s
[trial 85/100] input_spikes: pn_exc=1494 vip_inh_bio=343 bg_exc=1911 bg_inh=563
[trial 85/100] spikes=7  rate=7.00 Hz  time=21.56s
[trial 86/100] input_spikes: pn_exc=1659 vip_inh_bio=318 bg_exc=2149 bg_inh=676
[trial 86/100] spikes=2  rate=2.00 Hz  time=21.90s
[trial 87/100] input_spikes: pn_exc=1585 vip_inh_bio=379 bg_exc=2225 bg_inh=711
[trial 87/100] spikes=4  rate=4.00 Hz  time=21.96s
[trial 88/100] input_spikes: pn_exc=1713 vip_inh_bio=384 bg_exc=2389 bg_inh=743
[trial 88/100] spikes=2  rate=2.00 Hz  time=22.06s
[trial 89/100] input_spikes: pn_exc=1741 vip_inh_bio=358 bg_exc=2441 bg_inh=761
[trial 89/100] spikes=2  rate=2.00 Hz  time=22.23s
[trial 90/100] input_spikes: pn_exc=1687 vip_inh_bio=361 bg_exc=2303 bg_inh=729
[trial 90/100] spikes=4  rate=4.00 Hz  time=22.01s
[trial 91/100] input_spikes: pn_exc=1678 vip_inh_bio=385 bg_exc=2310 bg_inh=764
[trial 91/100] spikes=3  rate=3.00 Hz  time=21.88s
[trial 92/100] input_spikes: pn_exc=1682 vip_inh_bio=349 bg_exc=2351 bg_inh=796
[trial 92/100] spikes=5  rate=5.00 Hz  time=21.93s
[trial 93/100] input_spikes: pn_exc=1678 vip_inh_bio=349 bg_exc=2077 bg_inh=649
[trial 93/100] spikes=8  rate=8.00 Hz  time=21.78s
[trial 94/100] input_spikes: pn_exc=1698 vip_inh_bio=363 bg_exc=2362 bg_inh=728
[trial 94/100] spikes=8  rate=8.00 Hz  time=22.19s
[trial 95/100] input_spikes: pn_exc=1695 vip_inh_bio=424 bg_exc=2397 bg_inh=761
[trial 95/100] spikes=5  rate=5.00 Hz  time=22.26s
[trial 96/100] input_spikes: pn_exc=1787 vip_inh_bio=357 bg_exc=2390 bg_inh=760
[trial 96/100] spikes=5  rate=5.00 Hz  time=22.12s
[trial 97/100] input_spikes: pn_exc=1718 vip_inh_bio=374 bg_exc=2329 bg_inh=772
[trial 97/100] spikes=7  rate=7.00 Hz  time=22.11s
[trial 98/100] input_spikes: pn_exc=1709 vip_inh_bio=368 bg_exc=2486 bg_inh=812
[trial 98/100] spikes=4  rate=4.00 Hz  time=22.27s
[trial 99/100] input_spikes: pn_exc=1732 vip_inh_bio=388 bg_exc=2275 bg_inh=721
[trial 99/100] spikes=3  rate=3.00 Hz  time=21.83s
[trial 100/100] input_spikes: pn_exc=1739 vip_inh_bio=365 bg_exc=2438 bg_inh=747
[trial 100/100] spikes=5  rate=5.00 Hz  time=22.04s
save_plots single_plot warning: Top input panel: group list empty, auto-using all groups (4).
Results saved to /home/hrbncv/SCP/cells/SST/tunes/seg_tuned_all/output_data/slurm_42203/parts/slurm_42203_5/run_manifest.json
Total runtime: 2197.26s
