Running: python /home/hrbncv/SCP/run_pipeline.py --tune-dir /home/hrbncv/SCP/cells/PV/tunes/seg_tuned --output-dir /home/hrbncv/SCP/cells/PV/tunes/seg_tuned/output_data/slurm_34963/parts --n-trials 40 --output-stem slurm_34963_4 --trial-offset 160 --force-save
Mechanisms already loaded; skipping duplicate load.
Loaded Allen cell for 'PV' from /home/hrbncv/SCP/cells/PV/tunes/seg_tuned/manifest.json, soma_diam_multiplier=6.0, Vinit=-71.0, loader=allensdk_default
Geometry defined for 'PV': 1 soma segs, 46 proximal dend segs, 41 distal dend segs, 97 total dend segs.
[trial 1/40] input_spikes: pn_exc=2446 bg_exc=642 bg_inh=169 sst_inh=378 pv_inh=1185
[trial 1/40] spikes=6  rate=6.00 Hz  time=27.43s
[trial 2/40] input_spikes: pn_exc=2710 bg_exc=764 bg_inh=192 sst_inh=379 pv_inh=1201
[trial 2/40] spikes=7  rate=7.00 Hz  time=27.47s
[trial 3/40] input_spikes: pn_exc=2733 bg_exc=803 bg_inh=192 sst_inh=393 pv_inh=1179
[trial 3/40] spikes=7  rate=7.00 Hz  time=27.43s
[trial 4/40] input_spikes: pn_exc=2793 bg_exc=832 bg_inh=194 sst_inh=382 pv_inh=1194
[trial 4/40] spikes=4  rate=4.00 Hz  time=27.42s
[trial 5/40] input_spikes: pn_exc=2649 bg_exc=760 bg_inh=192 sst_inh=376 pv_inh=1197
[trial 5/40] spikes=6  rate=6.00 Hz  time=27.28s
[trial 6/40] input_spikes: pn_exc=2666 bg_exc=717 bg_inh=228 sst_inh=369 pv_inh=1191
[trial 6/40] spikes=5  rate=5.00 Hz  time=27.34s
[trial 7/40] input_spikes: pn_exc=2662 bg_exc=795 bg_inh=199 sst_inh=381 pv_inh=1198
[trial 7/40] spikes=7  rate=7.00 Hz  time=27.52s
[trial 8/40] input_spikes: pn_exc=2823 bg_exc=781 bg_inh=209 sst_inh=358 pv_inh=1201
[trial 8/40] spikes=6  rate=6.00 Hz  time=27.57s
[trial 9/40] input_spikes: pn_exc=2619 bg_exc=773 bg_inh=199 sst_inh=352 pv_inh=1198
[trial 9/40] spikes=6  rate=6.00 Hz  time=27.49s
[trial 10/40] input_spikes: pn_exc=2795 bg_exc=795 bg_inh=196 sst_inh=380 pv_inh=1170
[trial 10/40] spikes=6  rate=6.00 Hz  time=27.56s
[trial 11/40] input_spikes: pn_exc=2761 bg_exc=823 bg_inh=202 sst_inh=353 pv_inh=1201
[trial 11/40] spikes=7  rate=7.00 Hz  time=27.46s
[trial 12/40] input_spikes: pn_exc=2664 bg_exc=754 bg_inh=170 sst_inh=363 pv_inh=1200
[trial 12/40] spikes=5  rate=5.00 Hz  time=27.35s
[trial 13/40] input_spikes: pn_exc=2836 bg_exc=914 bg_inh=208 sst_inh=377 pv_inh=1217
[trial 13/40] spikes=7  rate=7.00 Hz  time=33.42s
[trial 14/40] input_spikes: pn_exc=2860 bg_exc=876 bg_inh=228 sst_inh=361 pv_inh=1232
[trial 14/40] spikes=7  rate=7.00 Hz  time=35.51s
[trial 15/40] input_spikes: pn_exc=2473 bg_exc=706 bg_inh=171 sst_inh=367 pv_inh=1197
[trial 15/40] spikes=7  rate=7.00 Hz  time=35.10s
[trial 16/40] input_spikes: pn_exc=2612 bg_exc=744 bg_inh=177 sst_inh=376 pv_inh=1216
[trial 16/40] spikes=7  rate=7.00 Hz  time=35.18s
[trial 17/40] input_spikes: pn_exc=2815 bg_exc=842 bg_inh=183 sst_inh=375 pv_inh=1211
[trial 17/40] spikes=6  rate=6.00 Hz  time=34.83s
[trial 18/40] input_spikes: pn_exc=2782 bg_exc=815 bg_inh=207 sst_inh=368 pv_inh=1183
[trial 18/40] spikes=5  rate=5.00 Hz  time=34.88s
[trial 19/40] input_spikes: pn_exc=2814 bg_exc=869 bg_inh=180 sst_inh=374 pv_inh=1208
[trial 19/40] spikes=6  rate=6.00 Hz  time=35.20s
[trial 20/40] input_spikes: pn_exc=2409 bg_exc=487 bg_inh=126 sst_inh=380 pv_inh=1194
[trial 20/40] spikes=6  rate=6.00 Hz  time=35.03s
[trial 21/40] input_spikes: pn_exc=2860 bg_exc=860 bg_inh=174 sst_inh=365 pv_inh=1204
[trial 21/40] spikes=9  rate=9.00 Hz  time=34.82s
[trial 22/40] input_spikes: pn_exc=2753 bg_exc=902 bg_inh=217 sst_inh=372 pv_inh=1178
[trial 22/40] spikes=8  rate=8.00 Hz  time=34.36s
[trial 23/40] input_spikes: pn_exc=2739 bg_exc=742 bg_inh=179 sst_inh=397 pv_inh=1213
[trial 23/40] spikes=4  rate=4.00 Hz  time=28.77s
[trial 24/40] input_spikes: pn_exc=2767 bg_exc=888 bg_inh=199 sst_inh=383 pv_inh=1208
[trial 24/40] spikes=7  rate=7.00 Hz  time=27.47s
[trial 25/40] input_spikes: pn_exc=2739 bg_exc=835 bg_inh=214 sst_inh=371 pv_inh=1220
[trial 25/40] spikes=7  rate=7.00 Hz  time=27.45s
[trial 26/40] input_spikes: pn_exc=2754 bg_exc=835 bg_inh=208 sst_inh=379 pv_inh=1215
[trial 26/40] spikes=5  rate=5.00 Hz  time=27.41s
[trial 27/40] input_spikes: pn_exc=2732 bg_exc=830 bg_inh=221 sst_inh=382 pv_inh=1210
[trial 27/40] spikes=5  rate=5.00 Hz  time=27.51s
[trial 28/40] input_spikes: pn_exc=2684 bg_exc=787 bg_inh=174 sst_inh=402 pv_inh=1195
[trial 28/40] spikes=6  rate=6.00 Hz  time=27.81s
[trial 29/40] input_spikes: pn_exc=2874 bg_exc=896 bg_inh=216 sst_inh=361 pv_inh=1199
[trial 29/40] spikes=8  rate=8.00 Hz  time=27.43s
[trial 30/40] input_spikes: pn_exc=2796 bg_exc=843 bg_inh=199 sst_inh=380 pv_inh=1188
[trial 30/40] spikes=5  rate=5.00 Hz  time=27.46s
[trial 31/40] input_spikes: pn_exc=2581 bg_exc=723 bg_inh=186 sst_inh=379 pv_inh=1179
[trial 31/40] spikes=5  rate=5.00 Hz  time=27.38s
[trial 32/40] input_spikes: pn_exc=2765 bg_exc=828 bg_inh=187 sst_inh=364 pv_inh=1182
[trial 32/40] spikes=6  rate=6.00 Hz  time=27.53s
[trial 33/40] input_spikes: pn_exc=2714 bg_exc=897 bg_inh=226 sst_inh=369 pv_inh=1165
[trial 33/40] spikes=6  rate=6.00 Hz  time=27.54s
[trial 34/40] input_spikes: pn_exc=2818 bg_exc=905 bg_inh=203 sst_inh=354 pv_inh=1207
[trial 34/40] spikes=8  rate=8.00 Hz  time=27.74s
[trial 35/40] input_spikes: pn_exc=2728 bg_exc=852 bg_inh=202 sst_inh=353 pv_inh=1176
[trial 35/40] spikes=7  rate=7.00 Hz  time=27.64s
[trial 36/40] input_spikes: pn_exc=2680 bg_exc=785 bg_inh=185 sst_inh=368 pv_inh=1193
[trial 36/40] spikes=6  rate=6.00 Hz  time=27.45s
[trial 37/40] input_spikes: pn_exc=2906 bg_exc=889 bg_inh=192 sst_inh=369 pv_inh=1193
[trial 37/40] spikes=8  rate=8.00 Hz  time=27.43s
[trial 38/40] input_spikes: pn_exc=2813 bg_exc=855 bg_inh=191 sst_inh=356 pv_inh=1189
[trial 38/40] spikes=6  rate=6.00 Hz  time=27.45s
[trial 39/40] input_spikes: pn_exc=2989 bg_exc=901 bg_inh=206 sst_inh=371 pv_inh=1196
[trial 39/40] spikes=6  rate=6.00 Hz  time=27.58s
[trial 40/40] input_spikes: pn_exc=2852 bg_exc=794 bg_inh=215 sst_inh=377 pv_inh=1204
[trial 40/40] spikes=6  rate=6.00 Hz  time=27.21s
save_plots single_plot warning: Top input panel: group list empty, auto-using all groups (5).
Results saved to /home/hrbncv/SCP/cells/PV/tunes/seg_tuned/output_data/slurm_34963/parts/slurm_34963_4/run_manifest.json
Total runtime: 1175.53s
