Running: python /home/hrbncv/SCP/run_pipeline.py --tune-dir /home/hrbncv/SCP/cells/PV/tunes/seg_tuned --output-dir /home/hrbncv/SCP/cells/PV/tunes/seg_tuned/output_data/slurm_35079/parts --n-trials 40 --output-stem slurm_35079_0 --trial-offset 0 --force-save
Mechanisms already loaded; skipping duplicate load.
Loaded Allen cell for 'PV' from /home/hrbncv/SCP/cells/PV/tunes/seg_tuned/manifest.json, soma_diam_multiplier=6.0, Vinit=-71.0, loader=allensdk_default
Geometry defined for 'PV': 1 soma segs, 46 proximal dend segs, 41 distal dend segs, 97 total dend segs.
[trial 1/40] input_spikes: pn_exc=2793 bg_exc=811 bg_inh=221 sst_inh=401 pv_inh=742
[trial 1/40] spikes=6  rate=6.00 Hz  time=26.84s
[trial 2/40] input_spikes: pn_exc=2629 bg_exc=797 bg_inh=166 sst_inh=361 pv_inh=740
[trial 2/40] spikes=8  rate=8.00 Hz  time=26.62s
[trial 3/40] input_spikes: pn_exc=2745 bg_exc=860 bg_inh=209 sst_inh=348 pv_inh=757
[trial 3/40] spikes=6  rate=6.00 Hz  time=26.68s
[trial 4/40] input_spikes: pn_exc=2776 bg_exc=815 bg_inh=203 sst_inh=363 pv_inh=748
[trial 4/40] spikes=8  rate=8.00 Hz  time=26.75s
[trial 5/40] input_spikes: pn_exc=2800 bg_exc=810 bg_inh=205 sst_inh=399 pv_inh=732
[trial 5/40] spikes=5  rate=5.00 Hz  time=26.64s
[trial 6/40] input_spikes: pn_exc=2637 bg_exc=710 bg_inh=181 sst_inh=399 pv_inh=758
[trial 6/40] spikes=6  rate=6.00 Hz  time=26.65s
[trial 7/40] input_spikes: pn_exc=2745 bg_exc=829 bg_inh=212 sst_inh=375 pv_inh=752
[trial 7/40] spikes=7  rate=7.00 Hz  time=26.72s
[trial 8/40] input_spikes: pn_exc=2751 bg_exc=770 bg_inh=212 sst_inh=387 pv_inh=757
[trial 8/40] spikes=8  rate=8.00 Hz  time=26.75s
[trial 9/40] input_spikes: pn_exc=2826 bg_exc=908 bg_inh=221 sst_inh=387 pv_inh=739
[trial 9/40] spikes=7  rate=7.00 Hz  time=26.73s
[trial 10/40] input_spikes: pn_exc=2640 bg_exc=671 bg_inh=166 sst_inh=375 pv_inh=748
[trial 10/40] spikes=7  rate=7.00 Hz  time=26.78s
[trial 11/40] input_spikes: pn_exc=2597 bg_exc=728 bg_inh=171 sst_inh=369 pv_inh=744
[trial 11/40] spikes=6  rate=6.00 Hz  time=26.68s
[trial 12/40] input_spikes: pn_exc=2819 bg_exc=911 bg_inh=212 sst_inh=380 pv_inh=747
[trial 12/40] spikes=7  rate=7.00 Hz  time=26.78s
[trial 13/40] input_spikes: pn_exc=2704 bg_exc=852 bg_inh=203 sst_inh=395 pv_inh=748
[trial 13/40] spikes=6  rate=6.00 Hz  time=26.82s
[trial 14/40] input_spikes: pn_exc=2803 bg_exc=834 bg_inh=191 sst_inh=366 pv_inh=755
[trial 14/40] spikes=7  rate=7.00 Hz  time=26.78s
[trial 15/40] input_spikes: pn_exc=2776 bg_exc=834 bg_inh=196 sst_inh=360 pv_inh=751
[trial 15/40] spikes=7  rate=7.00 Hz  time=26.70s
[trial 16/40] input_spikes: pn_exc=2767 bg_exc=799 bg_inh=197 sst_inh=395 pv_inh=737
[trial 16/40] spikes=5  rate=5.00 Hz  time=26.68s
[trial 17/40] input_spikes: pn_exc=2709 bg_exc=721 bg_inh=167 sst_inh=374 pv_inh=757
[trial 17/40] spikes=7  rate=7.00 Hz  time=26.61s
[trial 18/40] input_spikes: pn_exc=2578 bg_exc=755 bg_inh=154 sst_inh=353 pv_inh=768
[trial 18/40] spikes=7  rate=7.00 Hz  time=26.81s
[trial 19/40] input_spikes: pn_exc=2858 bg_exc=917 bg_inh=220 sst_inh=378 pv_inh=734
[trial 19/40] spikes=7  rate=7.00 Hz  time=26.77s
[trial 20/40] input_spikes: pn_exc=2888 bg_exc=893 bg_inh=233 sst_inh=381 pv_inh=754
[trial 20/40] spikes=7  rate=7.00 Hz  time=26.77s
[trial 21/40] input_spikes: pn_exc=2814 bg_exc=900 bg_inh=186 sst_inh=378 pv_inh=758
[trial 21/40] spikes=7  rate=7.00 Hz  time=26.70s
[trial 22/40] input_spikes: pn_exc=2678 bg_exc=823 bg_inh=168 sst_inh=364 pv_inh=739
[trial 22/40] spikes=7  rate=7.00 Hz  time=26.70s
[trial 23/40] input_spikes: pn_exc=2665 bg_exc=851 bg_inh=189 sst_inh=382 pv_inh=740
[trial 23/40] spikes=7  rate=7.00 Hz  time=26.72s
[trial 24/40] input_spikes: pn_exc=2856 bg_exc=863 bg_inh=215 sst_inh=366 pv_inh=747
[trial 24/40] spikes=8  rate=8.00 Hz  time=26.69s
[trial 25/40] input_spikes: pn_exc=2816 bg_exc=827 bg_inh=225 sst_inh=376 pv_inh=740
[trial 25/40] spikes=6  rate=6.00 Hz  time=26.76s
[trial 26/40] input_spikes: pn_exc=2799 bg_exc=805 bg_inh=196 sst_inh=370 pv_inh=755
[trial 26/40] spikes=8  rate=8.00 Hz  time=26.85s
[trial 27/40] input_spikes: pn_exc=2745 bg_exc=853 bg_inh=202 sst_inh=388 pv_inh=759
[trial 27/40] spikes=6  rate=6.00 Hz  time=26.73s
[trial 28/40] input_spikes: pn_exc=2398 bg_exc=656 bg_inh=152 sst_inh=365 pv_inh=747
[trial 28/40] spikes=5  rate=5.00 Hz  time=26.69s
[trial 29/40] input_spikes: pn_exc=2777 bg_exc=894 bg_inh=190 sst_inh=380 pv_inh=731
[trial 29/40] spikes=6  rate=6.00 Hz  time=26.71s
[trial 30/40] input_spikes: pn_exc=2637 bg_exc=752 bg_inh=187 sst_inh=338 pv_inh=760
[trial 30/40] spikes=6  rate=6.00 Hz  time=26.73s
[trial 31/40] input_spikes: pn_exc=2677 bg_exc=825 bg_inh=181 sst_inh=363 pv_inh=752
[trial 31/40] spikes=7  rate=7.00 Hz  time=26.76s
[trial 32/40] input_spikes: pn_exc=2816 bg_exc=822 bg_inh=189 sst_inh=377 pv_inh=753
[trial 32/40] spikes=5  rate=5.00 Hz  time=26.75s
[trial 33/40] input_spikes: pn_exc=2721 bg_exc=860 bg_inh=204 sst_inh=364 pv_inh=758
[trial 33/40] spikes=6  rate=6.00 Hz  time=26.65s
[trial 34/40] input_spikes: pn_exc=2535 bg_exc=733 bg_inh=150 sst_inh=371 pv_inh=757
[trial 34/40] spikes=5  rate=5.00 Hz  time=26.66s
[trial 35/40] input_spikes: pn_exc=2817 bg_exc=844 bg_inh=214 sst_inh=361 pv_inh=752
[trial 35/40] spikes=8  rate=8.00 Hz  time=26.89s
[trial 36/40] input_spikes: pn_exc=2772 bg_exc=838 bg_inh=193 sst_inh=364 pv_inh=735
[trial 36/40] spikes=7  rate=7.00 Hz  time=26.71s
[trial 37/40] input_spikes: pn_exc=2705 bg_exc=812 bg_inh=178 sst_inh=380 pv_inh=750
[trial 37/40] spikes=9  rate=9.00 Hz  time=26.69s
[trial 38/40] input_spikes: pn_exc=2783 bg_exc=833 bg_inh=201 sst_inh=371 pv_inh=751
[trial 38/40] spikes=6  rate=6.00 Hz  time=26.59s
[trial 39/40] input_spikes: pn_exc=2593 bg_exc=774 bg_inh=182 sst_inh=355 pv_inh=734
[trial 39/40] spikes=6  rate=6.00 Hz  time=26.75s
[trial 40/40] input_spikes: pn_exc=2850 bg_exc=844 bg_inh=170 sst_inh=378 pv_inh=753
[trial 40/40] spikes=6  rate=6.00 Hz  time=26.74s
save_plots single_plot warning: Top input panel: group list empty, auto-using all groups (5).
Results saved to /home/hrbncv/SCP/cells/PV/tunes/seg_tuned/output_data/slurm_35079/parts/slurm_35079_0/run_manifest.json
Total runtime: 1070.63s
Submitting merge job: /home/hrbncv/SCP/scripts/merge_array_results_with_status.sh --input-dir /home/hrbncv/SCP/cells/PV/tunes/seg_tuned/output_data/slurm_35079/parts --output-dir /home/hrbncv/SCP/cells/PV/tunes/seg_tuned/output_data/slurm_35079 --job-id 35079 --output-stem results
Submitted batch job 35104
