Running: /home/hrbncv/miniconda3/envs/BMTK-py311/bin/python /home/hrbncv/SCP/run_pipeline.py --tune-dir /home/hrbncv/SCP/cells/SST/tunes/seg_tuned_all --output-dir /home/hrbncv/SCP/cells/SST/tunes/seg_tuned_all/output_data/slurm_42203/parts --n-trials 100 --output-stem slurm_42203_47 --trial-offset 4700 --force-save
Loaded mechanisms from /home/hrbncv/SCP/cells/SST/tunes/seg_tuned_all/modfiles/x86_64/.libs/libnrnmech.so
Loaded Allen cell for 'SST' from /home/hrbncv/SCP/cells/SST/tunes/seg_tuned_all/manifest.json, soma_diam_multiplier=10.0, Vinit=-65.0, loader=genome_fallback
Geometry defined for 'SST': 1 soma segs, 54 proximal dend segs, 52 distal dend segs, 115 total dend segs.
[trial 1/100] input_spikes: pn_exc=1452 vip_inh_bio=300 bg_exc=1814 bg_inh=565
[trial 1/100] spikes=5  rate=5.00 Hz  time=21.76s
[trial 2/100] input_spikes: pn_exc=1749 vip_inh_bio=355 bg_exc=2434 bg_inh=752
[trial 2/100] spikes=5  rate=5.00 Hz  time=22.66s
[trial 3/100] input_spikes: pn_exc=1426 vip_inh_bio=324 bg_exc=1950 bg_inh=666
[trial 3/100] spikes=1  rate=1.00 Hz  time=21.74s
[trial 4/100] input_spikes: pn_exc=1534 vip_inh_bio=336 bg_exc=2045 bg_inh=616
[trial 4/100] spikes=5  rate=5.00 Hz  time=22.01s
[trial 5/100] input_spikes: pn_exc=1651 vip_inh_bio=363 bg_exc=2197 bg_inh=697
[trial 5/100] spikes=7  rate=7.00 Hz  time=22.18s
[trial 6/100] input_spikes: pn_exc=1643 vip_inh_bio=345 bg_exc=2133 bg_inh=702
[trial 6/100] spikes=6  rate=6.00 Hz  time=22.13s
[trial 7/100] input_spikes: pn_exc=1707 vip_inh_bio=384 bg_exc=2267 bg_inh=726
[trial 7/100] spikes=3  rate=3.00 Hz  time=22.28s
[trial 8/100] input_spikes: pn_exc=1755 vip_inh_bio=360 bg_exc=2488 bg_inh=762
[trial 8/100] spikes=0  rate=0.00 Hz  time=22.41s
[trial 9/100] input_spikes: pn_exc=1701 vip_inh_bio=376 bg_exc=2381 bg_inh=760
[trial 9/100] spikes=2  rate=2.00 Hz  time=22.43s
[trial 10/100] input_spikes: pn_exc=1646 vip_inh_bio=358 bg_exc=2303 bg_inh=760
[trial 10/100] spikes=3  rate=3.00 Hz  time=22.25s
[trial 11/100] input_spikes: pn_exc=1731 vip_inh_bio=380 bg_exc=2507 bg_inh=782
[trial 11/100] spikes=3  rate=3.00 Hz  time=22.57s
[trial 12/100] input_spikes: pn_exc=1591 vip_inh_bio=345 bg_exc=2113 bg_inh=650
[trial 12/100] spikes=3  rate=3.00 Hz  time=22.10s
[trial 13/100] input_spikes: pn_exc=1729 vip_inh_bio=382 bg_exc=2506 bg_inh=792
[trial 13/100] spikes=4  rate=4.00 Hz  time=22.44s
[trial 14/100] input_spikes: pn_exc=1767 vip_inh_bio=395 bg_exc=2390 bg_inh=767
[trial 14/100] spikes=5  rate=5.00 Hz  time=22.46s
[trial 15/100] input_spikes: pn_exc=1613 vip_inh_bio=355 bg_exc=2241 bg_inh=668
[trial 15/100] spikes=4  rate=4.00 Hz  time=22.05s
[trial 16/100] input_spikes: pn_exc=1629 vip_inh_bio=331 bg_exc=2133 bg_inh=660
[trial 16/100] spikes=8  rate=8.00 Hz  time=22.06s
[trial 17/100] input_spikes: pn_exc=1823 vip_inh_bio=374 bg_exc=2414 bg_inh=779
[trial 17/100] spikes=6  rate=6.00 Hz  time=22.54s
[trial 18/100] input_spikes: pn_exc=1723 vip_inh_bio=367 bg_exc=2302 bg_inh=735
[trial 18/100] spikes=5  rate=5.00 Hz  time=22.39s
[trial 19/100] input_spikes: pn_exc=1795 vip_inh_bio=415 bg_exc=2499 bg_inh=818
[trial 19/100] spikes=4  rate=4.00 Hz  time=22.46s
[trial 20/100] input_spikes: pn_exc=1765 vip_inh_bio=393 bg_exc=2464 bg_inh=755
[trial 20/100] spikes=7  rate=7.00 Hz  time=22.47s
[trial 21/100] input_spikes: pn_exc=1660 vip_inh_bio=373 bg_exc=2256 bg_inh=688
[trial 21/100] spikes=6  rate=6.00 Hz  time=22.20s
[trial 22/100] input_spikes: pn_exc=1516 vip_inh_bio=331 bg_exc=1957 bg_inh=613
[trial 22/100] spikes=3  rate=3.00 Hz  time=22.04s
[trial 23/100] input_spikes: pn_exc=1619 vip_inh_bio=358 bg_exc=2336 bg_inh=701
[trial 23/100] spikes=6  rate=6.00 Hz  time=22.33s
[trial 24/100] input_spikes: pn_exc=1662 vip_inh_bio=347 bg_exc=2425 bg_inh=745
[trial 24/100] spikes=1  rate=1.00 Hz  time=22.39s
[trial 25/100] input_spikes: pn_exc=1550 vip_inh_bio=350 bg_exc=2107 bg_inh=625
[trial 25/100] spikes=1  rate=1.00 Hz  time=21.96s
[trial 26/100] input_spikes: pn_exc=1620 vip_inh_bio=418 bg_exc=2277 bg_inh=738
[trial 26/100] spikes=3  rate=3.00 Hz  time=22.29s
[trial 27/100] input_spikes: pn_exc=1619 vip_inh_bio=345 bg_exc=2072 bg_inh=697
[trial 27/100] spikes=6  rate=6.00 Hz  time=22.11s
[trial 28/100] input_spikes: pn_exc=1587 vip_inh_bio=373 bg_exc=2167 bg_inh=627
[trial 28/100] spikes=2  rate=2.00 Hz  time=22.14s
[trial 29/100] input_spikes: pn_exc=1550 vip_inh_bio=354 bg_exc=2191 bg_inh=728
[trial 29/100] spikes=1  rate=1.00 Hz  time=22.29s
[trial 30/100] input_spikes: pn_exc=1614 vip_inh_bio=361 bg_exc=2292 bg_inh=726
[trial 30/100] spikes=3  rate=3.00 Hz  time=22.22s
[trial 31/100] input_spikes: pn_exc=1715 vip_inh_bio=379 bg_exc=2362 bg_inh=756
[trial 31/100] spikes=3  rate=3.00 Hz  time=22.38s
[trial 32/100] input_spikes: pn_exc=1558 vip_inh_bio=339 bg_exc=2092 bg_inh=682
[trial 32/100] spikes=5  rate=5.00 Hz  time=22.10s
[trial 33/100] input_spikes: pn_exc=1523 vip_inh_bio=295 bg_exc=1318 bg_inh=478
[trial 33/100] spikes=7  rate=7.00 Hz  time=21.42s
[trial 34/100] input_spikes: pn_exc=1723 vip_inh_bio=405 bg_exc=2389 bg_inh=775
[trial 34/100] spikes=3  rate=3.00 Hz  time=22.44s
[trial 35/100] input_spikes: pn_exc=1623 vip_inh_bio=392 bg_exc=2186 bg_inh=672
[trial 35/100] spikes=1  rate=1.00 Hz  time=22.11s
[trial 36/100] input_spikes: pn_exc=1762 vip_inh_bio=390 bg_exc=2425 bg_inh=785
[trial 36/100] spikes=1  rate=1.00 Hz  time=22.42s
[trial 37/100] input_spikes: pn_exc=1513 vip_inh_bio=306 bg_exc=1767 bg_inh=567
[trial 37/100] spikes=3  rate=3.00 Hz  time=21.83s
[trial 38/100] input_spikes: pn_exc=1728 vip_inh_bio=360 bg_exc=2457 bg_inh=772
[trial 38/100] spikes=3  rate=3.00 Hz  time=22.49s
[trial 39/100] input_spikes: pn_exc=1725 vip_inh_bio=420 bg_exc=2478 bg_inh=756
[trial 39/100] spikes=3  rate=3.00 Hz  time=22.52s
[trial 40/100] input_spikes: pn_exc=1648 vip_inh_bio=367 bg_exc=2278 bg_inh=733
[trial 40/100] spikes=2  rate=2.00 Hz  time=22.26s
[trial 41/100] input_spikes: pn_exc=1717 vip_inh_bio=365 bg_exc=2539 bg_inh=760
[trial 41/100] spikes=3  rate=3.00 Hz  time=22.54s
[trial 42/100] input_spikes: pn_exc=1716 vip_inh_bio=358 bg_exc=2423 bg_inh=768
[trial 42/100] spikes=4  rate=4.00 Hz  time=22.47s
[trial 43/100] input_spikes: pn_exc=1508 vip_inh_bio=318 bg_exc=1569 bg_inh=480
[trial 43/100] spikes=3  rate=3.00 Hz  time=21.60s
[trial 44/100] input_spikes: pn_exc=1694 vip_inh_bio=353 bg_exc=2559 bg_inh=802
[trial 44/100] spikes=6  rate=6.00 Hz  time=22.57s
[trial 45/100] input_spikes: pn_exc=1725 vip_inh_bio=407 bg_exc=2390 bg_inh=767
[trial 45/100] spikes=4  rate=4.00 Hz  time=22.35s
[trial 46/100] input_spikes: pn_exc=1545 vip_inh_bio=350 bg_exc=1921 bg_inh=635
[trial 46/100] spikes=1  rate=1.00 Hz  time=21.91s
[trial 47/100] input_spikes: pn_exc=1642 vip_inh_bio=338 bg_exc=2280 bg_inh=733
[trial 47/100] spikes=6  rate=6.00 Hz  time=22.27s
[trial 48/100] input_spikes: pn_exc=1644 vip_inh_bio=347 bg_exc=2108 bg_inh=650
[trial 48/100] spikes=4  rate=4.00 Hz  time=22.06s
[trial 49/100] input_spikes: pn_exc=1709 vip_inh_bio=359 bg_exc=2319 bg_inh=766
[trial 49/100] spikes=4  rate=4.00 Hz  time=22.29s
[trial 50/100] input_spikes: pn_exc=1548 vip_inh_bio=317 bg_exc=1872 bg_inh=516
[trial 50/100] spikes=7  rate=7.00 Hz  time=21.73s
[trial 51/100] input_spikes: pn_exc=1697 vip_inh_bio=352 bg_exc=2373 bg_inh=755
[trial 51/100] spikes=3  rate=3.00 Hz  time=22.41s
[trial 52/100] input_spikes: pn_exc=1573 vip_inh_bio=320 bg_exc=1997 bg_inh=640
[trial 52/100] spikes=1  rate=1.00 Hz  time=21.96s
[trial 53/100] input_spikes: pn_exc=1757 vip_inh_bio=381 bg_exc=2491 bg_inh=782
[trial 53/100] spikes=4  rate=4.00 Hz  time=22.56s
[trial 54/100] input_spikes: pn_exc=1747 vip_inh_bio=369 bg_exc=2537 bg_inh=815
[trial 54/100] spikes=3  rate=3.00 Hz  time=22.59s
[trial 55/100] input_spikes: pn_exc=1656 vip_inh_bio=363 bg_exc=2315 bg_inh=712
[trial 55/100] spikes=3  rate=3.00 Hz  time=22.10s
[trial 56/100] input_spikes: pn_exc=1734 vip_inh_bio=355 bg_exc=2249 bg_inh=690
[trial 56/100] spikes=3  rate=3.00 Hz  time=22.12s
[trial 57/100] input_spikes: pn_exc=1701 vip_inh_bio=395 bg_exc=2466 bg_inh=824
[trial 57/100] spikes=3  rate=3.00 Hz  time=22.59s
[trial 58/100] input_spikes: pn_exc=1755 vip_inh_bio=386 bg_exc=2533 bg_inh=778
[trial 58/100] spikes=5  rate=5.00 Hz  time=22.49s
[trial 59/100] input_spikes: pn_exc=1764 vip_inh_bio=346 bg_exc=2469 bg_inh=728
[trial 59/100] spikes=8  rate=8.00 Hz  time=22.41s
[trial 60/100] input_spikes: pn_exc=1575 vip_inh_bio=358 bg_exc=1968 bg_inh=631
[trial 60/100] spikes=5  rate=5.00 Hz  time=21.89s
[trial 61/100] input_spikes: pn_exc=1722 vip_inh_bio=394 bg_exc=2354 bg_inh=749
[trial 61/100] spikes=7  rate=7.00 Hz  time=22.33s
[trial 62/100] input_spikes: pn_exc=1678 vip_inh_bio=413 bg_exc=2427 bg_inh=760
[trial 62/100] spikes=2  rate=2.00 Hz  time=22.47s
[trial 63/100] input_spikes: pn_exc=1806 vip_inh_bio=394 bg_exc=2334 bg_inh=709
[trial 63/100] spikes=7  rate=7.00 Hz  time=23.08s
[trial 64/100] input_spikes: pn_exc=1808 vip_inh_bio=396 bg_exc=2595 bg_inh=759
[trial 64/100] spikes=3  rate=3.00 Hz  time=23.43s
[trial 65/100] input_spikes: pn_exc=1789 vip_inh_bio=362 bg_exc=2410 bg_inh=711
[trial 65/100] spikes=7  rate=7.00 Hz  time=22.93s
[trial 66/100] input_spikes: pn_exc=1735 vip_inh_bio=351 bg_exc=2332 bg_inh=732
[trial 66/100] spikes=4  rate=4.00 Hz  time=22.21s
[trial 67/100] input_spikes: pn_exc=1723 vip_inh_bio=395 bg_exc=2447 bg_inh=789
[trial 67/100] spikes=4  rate=4.00 Hz  time=22.45s
[trial 68/100] input_spikes: pn_exc=1687 vip_inh_bio=356 bg_exc=2265 bg_inh=686
[trial 68/100] spikes=5  rate=5.00 Hz  time=22.09s
[trial 69/100] input_spikes: pn_exc=1623 vip_inh_bio=383 bg_exc=2256 bg_inh=719
[trial 69/100] spikes=1  rate=1.00 Hz  time=22.15s
[trial 70/100] input_spikes: pn_exc=1519 vip_inh_bio=335 bg_exc=1975 bg_inh=586
[trial 70/100] spikes=3  rate=3.00 Hz  time=21.79s
[trial 71/100] input_spikes: pn_exc=1768 vip_inh_bio=358 bg_exc=2386 bg_inh=752
[trial 71/100] spikes=7  rate=7.00 Hz  time=22.33s
[trial 72/100] input_spikes: pn_exc=1673 vip_inh_bio=367 bg_exc=2414 bg_inh=722
[trial 72/100] spikes=3  rate=3.00 Hz  time=22.39s
[trial 73/100] input_spikes: pn_exc=1683 vip_inh_bio=359 bg_exc=2381 bg_inh=726
[trial 73/100] spikes=7  rate=7.00 Hz  time=22.29s
[trial 74/100] input_spikes: pn_exc=1564 vip_inh_bio=350 bg_exc=2186 bg_inh=669
[trial 74/100] spikes=2  rate=2.00 Hz  time=22.16s
[trial 75/100] input_spikes: pn_exc=1785 vip_inh_bio=346 bg_exc=2531 bg_inh=757
[trial 75/100] spikes=8  rate=8.00 Hz  time=22.44s
[trial 76/100] input_spikes: pn_exc=1699 vip_inh_bio=367 bg_exc=2485 bg_inh=804
[trial 76/100] spikes=2  rate=2.00 Hz  time=22.45s
[trial 77/100] input_spikes: pn_exc=1795 vip_inh_bio=370 bg_exc=2433 bg_inh=760
[trial 77/100] spikes=3  rate=3.00 Hz  time=22.36s
[trial 78/100] input_spikes: pn_exc=1687 vip_inh_bio=355 bg_exc=2302 bg_inh=712
[trial 78/100] spikes=6  rate=6.00 Hz  time=22.18s
[trial 79/100] input_spikes: pn_exc=1699 vip_inh_bio=346 bg_exc=2362 bg_inh=752
[trial 79/100] spikes=4  rate=4.00 Hz  time=22.26s
[trial 80/100] input_spikes: pn_exc=1763 vip_inh_bio=362 bg_exc=2361 bg_inh=777
[trial 80/100] spikes=5  rate=5.00 Hz  time=22.26s
[trial 81/100] input_spikes: pn_exc=1700 vip_inh_bio=385 bg_exc=2557 bg_inh=785
[trial 81/100] spikes=0  rate=0.00 Hz  time=22.54s
[trial 82/100] input_spikes: pn_exc=1674 vip_inh_bio=402 bg_exc=2399 bg_inh=740
[trial 82/100] spikes=4  rate=4.00 Hz  time=22.30s
[trial 83/100] input_spikes: pn_exc=1675 vip_inh_bio=334 bg_exc=2320 bg_inh=719
[trial 83/100] spikes=3  rate=3.00 Hz  time=22.29s
[trial 84/100] input_spikes: pn_exc=1414 vip_inh_bio=350 bg_exc=1790 bg_inh=563
[trial 84/100] spikes=5  rate=5.00 Hz  time=21.71s
[trial 85/100] input_spikes: pn_exc=1716 vip_inh_bio=388 bg_exc=2372 bg_inh=771
[trial 85/100] spikes=3  rate=3.00 Hz  time=22.26s
[trial 86/100] input_spikes: pn_exc=1689 vip_inh_bio=335 bg_exc=2205 bg_inh=705
[trial 86/100] spikes=4  rate=4.00 Hz  time=22.15s
[trial 87/100] input_spikes: pn_exc=1578 vip_inh_bio=371 bg_exc=2240 bg_inh=712
[trial 87/100] spikes=7  rate=7.00 Hz  time=22.16s
[trial 88/100] input_spikes: pn_exc=1639 vip_inh_bio=337 bg_exc=2246 bg_inh=750
[trial 88/100] spikes=7  rate=7.00 Hz  time=22.05s
[trial 89/100] input_spikes: pn_exc=1706 vip_inh_bio=386 bg_exc=2300 bg_inh=709
[trial 89/100] spikes=1  rate=1.00 Hz  time=22.24s
[trial 90/100] input_spikes: pn_exc=1662 vip_inh_bio=363 bg_exc=2291 bg_inh=697
[trial 90/100] spikes=7  rate=7.00 Hz  time=22.10s
[trial 91/100] input_spikes: pn_exc=1712 vip_inh_bio=385 bg_exc=2378 bg_inh=800
[trial 91/100] spikes=1  rate=1.00 Hz  time=22.35s
[trial 92/100] input_spikes: pn_exc=1650 vip_inh_bio=367 bg_exc=2210 bg_inh=678
[trial 92/100] spikes=6  rate=6.00 Hz  time=22.07s
[trial 93/100] input_spikes: pn_exc=1749 vip_inh_bio=376 bg_exc=2353 bg_inh=710
[trial 93/100] spikes=5  rate=5.00 Hz  time=22.39s
[trial 94/100] input_spikes: pn_exc=1721 vip_inh_bio=333 bg_exc=2286 bg_inh=689
[trial 94/100] spikes=4  rate=4.00 Hz  time=22.31s
[trial 95/100] input_spikes: pn_exc=1665 vip_inh_bio=399 bg_exc=2371 bg_inh=713
[trial 95/100] spikes=4  rate=4.00 Hz  time=22.24s
[trial 96/100] input_spikes: pn_exc=1589 vip_inh_bio=333 bg_exc=2170 bg_inh=671
[trial 96/100] spikes=4  rate=4.00 Hz  time=22.04s
[trial 97/100] input_spikes: pn_exc=1718 vip_inh_bio=355 bg_exc=2336 bg_inh=755
[trial 97/100] spikes=5  rate=5.00 Hz  time=22.24s
[trial 98/100] input_spikes: pn_exc=1704 vip_inh_bio=338 bg_exc=2342 bg_inh=730
[trial 98/100] spikes=4  rate=4.00 Hz  time=22.12s
[trial 99/100] input_spikes: pn_exc=1790 vip_inh_bio=396 bg_exc=2463 bg_inh=763
[trial 99/100] spikes=4  rate=4.00 Hz  time=21.70s
[trial 100/100] input_spikes: pn_exc=1716 vip_inh_bio=365 bg_exc=2434 bg_inh=725
[trial 100/100] spikes=8  rate=8.00 Hz  time=21.17s
save_plots single_plot warning: Top input panel: group list empty, auto-using all groups (4).
Results saved to /home/hrbncv/SCP/cells/SST/tunes/seg_tuned_all/output_data/slurm_42203/parts/slurm_42203_47/run_manifest.json
Total runtime: 2227.05s
