Running: python /home/hrbncv/SCP/run_pipeline.py --tune-dir /home/hrbncv/SCP/cells/SST/tunes/seg_tuned_all --output-dir /home/hrbncv/SCP/cells/SST/tunes/seg_tuned_all/output_data/slurm_35973/parts --n-trials 20 --output-stem slurm_35973_47 --trial-offset 940 --force-save
Loaded mechanisms from /home/hrbncv/SCP/cells/SST/tunes/seg_tuned_all/modfiles/x86_64/.libs/libnrnmech.so
Loaded Allen cell for 'SST' from /home/hrbncv/SCP/cells/SST/tunes/seg_tuned_all/manifest.json, soma_diam_multiplier=10.0, Vinit=-65.0, loader=genome_fallback
Geometry defined for 'SST': 1 soma segs, 54 proximal dend segs, 52 distal dend segs, 115 total dend segs.
[trial 1/20] input_spikes: pn_exc=1732 bg_exc=2411 bg_inh=767
[trial 1/20] spikes=3  rate=3.00 Hz  time=22.63s
[trial 2/20] input_spikes: pn_exc=1768 bg_exc=2479 bg_inh=778
[trial 2/20] spikes=4  rate=4.00 Hz  time=22.72s
[trial 3/20] input_spikes: pn_exc=1466 bg_exc=1933 bg_inh=632
[trial 3/20] spikes=3  rate=3.00 Hz  time=22.02s
[trial 4/20] input_spikes: pn_exc=1603 bg_exc=2246 bg_inh=748
[trial 4/20] spikes=5  rate=5.00 Hz  time=22.26s
[trial 5/20] input_spikes: pn_exc=1552 bg_exc=1984 bg_inh=593
[trial 5/20] spikes=6  rate=6.00 Hz  time=22.09s
[trial 6/20] input_spikes: pn_exc=1769 bg_exc=2471 bg_inh=770
[trial 6/20] spikes=6  rate=6.00 Hz  time=22.58s
[trial 7/20] input_spikes: pn_exc=1702 bg_exc=2495 bg_inh=781
[trial 7/20] spikes=3  rate=3.00 Hz  time=22.66s
[trial 8/20] input_spikes: pn_exc=1721 bg_exc=2383 bg_inh=804
[trial 8/20] spikes=4  rate=4.00 Hz  time=22.33s
[trial 9/20] input_spikes: pn_exc=1640 bg_exc=2508 bg_inh=819
[trial 9/20] spikes=2  rate=2.00 Hz  time=22.59s
[trial 10/20] input_spikes: pn_exc=1717 bg_exc=2273 bg_inh=733
[trial 10/20] spikes=4  rate=4.00 Hz  time=22.36s
[trial 11/20] input_spikes: pn_exc=1502 bg_exc=0 bg_inh=0
[trial 11/20] spikes=0  rate=0.00 Hz  time=21.41s
[trial 12/20] input_spikes: pn_exc=1787 bg_exc=2360 bg_inh=769
[trial 12/20] spikes=3  rate=3.00 Hz  time=22.64s
[trial 13/20] input_spikes: pn_exc=1611 bg_exc=2212 bg_inh=718
[trial 13/20] spikes=8  rate=8.00 Hz  time=22.41s
[trial 14/20] input_spikes: pn_exc=1784 bg_exc=2468 bg_inh=805
[trial 14/20] spikes=7  rate=7.00 Hz  time=22.81s
[trial 15/20] input_spikes: pn_exc=1634 bg_exc=2370 bg_inh=721
[trial 15/20] spikes=3  rate=3.00 Hz  time=22.68s
[trial 16/20] input_spikes: pn_exc=1588 bg_exc=2058 bg_inh=675
[trial 16/20] spikes=3  rate=3.00 Hz  time=22.31s
[trial 17/20] input_spikes: pn_exc=1721 bg_exc=2366 bg_inh=766
[trial 17/20] spikes=3  rate=3.00 Hz  time=22.73s
[trial 18/20] input_spikes: pn_exc=1475 bg_exc=1582 bg_inh=518
[trial 18/20] spikes=5  rate=5.00 Hz  time=21.79s
[trial 19/20] input_spikes: pn_exc=1691 bg_exc=2279 bg_inh=705
[trial 19/20] spikes=3  rate=3.00 Hz  time=22.61s
[trial 20/20] input_spikes: pn_exc=1684 bg_exc=2364 bg_inh=694
[trial 20/20] spikes=6  rate=6.00 Hz  time=21.44s
Results saved to /home/hrbncv/SCP/cells/SST/tunes/seg_tuned_all/output_data/slurm_35973/parts/slurm_35973_47/run_manifest.json
Total runtime: 447.40s
