Running: python /home/hrbncv/SCP/run_pipeline.py --tune-dir /home/hrbncv/SCP/cells/SST/tunes/seg_tuned_all --output-dir /home/hrbncv/SCP/cells/SST/tunes/seg_tuned_all/output_data/slurm_35973/parts --n-trials 20 --output-stem slurm_35973_23 --trial-offset 460 --force-save
Loaded mechanisms from /home/hrbncv/SCP/cells/SST/tunes/seg_tuned_all/modfiles/x86_64/.libs/libnrnmech.so
Loaded Allen cell for 'SST' from /home/hrbncv/SCP/cells/SST/tunes/seg_tuned_all/manifest.json, soma_diam_multiplier=10.0, Vinit=-65.0, loader=genome_fallback
Geometry defined for 'SST': 1 soma segs, 54 proximal dend segs, 52 distal dend segs, 115 total dend segs.
[trial 1/20] input_spikes: pn_exc=1681 bg_exc=2425 bg_inh=747
[trial 1/20] spikes=4  rate=4.00 Hz  time=23.06s
[trial 2/20] input_spikes: pn_exc=1721 bg_exc=2420 bg_inh=771
[trial 2/20] spikes=6  rate=6.00 Hz  time=23.40s
[trial 3/20] input_spikes: pn_exc=1658 bg_exc=2355 bg_inh=768
[trial 3/20] spikes=0  rate=0.00 Hz  time=23.33s
[trial 4/20] input_spikes: pn_exc=1773 bg_exc=2474 bg_inh=708
[trial 4/20] spikes=5  rate=5.00 Hz  time=23.38s
[trial 5/20] input_spikes: pn_exc=1571 bg_exc=2141 bg_inh=666
[trial 5/20] spikes=7  rate=7.00 Hz  time=22.66s
[trial 6/20] input_spikes: pn_exc=1667 bg_exc=2075 bg_inh=657
[trial 6/20] spikes=3  rate=3.00 Hz  time=22.42s
[trial 7/20] input_spikes: pn_exc=1781 bg_exc=2410 bg_inh=745
[trial 7/20] spikes=5  rate=5.00 Hz  time=22.97s
[trial 8/20] input_spikes: pn_exc=1606 bg_exc=2195 bg_inh=676
[trial 8/20] spikes=5  rate=5.00 Hz  time=22.76s
[trial 9/20] input_spikes: pn_exc=1659 bg_exc=2309 bg_inh=741
[trial 9/20] spikes=1  rate=1.00 Hz  time=22.60s
[trial 10/20] input_spikes: pn_exc=1680 bg_exc=2297 bg_inh=761
[trial 10/20] spikes=4  rate=4.00 Hz  time=22.68s
[trial 11/20] input_spikes: pn_exc=1693 bg_exc=2381 bg_inh=776
[trial 11/20] spikes=3  rate=3.00 Hz  time=23.04s
[trial 12/20] input_spikes: pn_exc=1704 bg_exc=2493 bg_inh=775
[trial 12/20] spikes=4  rate=4.00 Hz  time=23.25s
[trial 13/20] input_spikes: pn_exc=1498 bg_exc=1912 bg_inh=609
[trial 13/20] spikes=4  rate=4.00 Hz  time=22.31s
[trial 14/20] input_spikes: pn_exc=1781 bg_exc=2458 bg_inh=779
[trial 14/20] spikes=3  rate=3.00 Hz  time=23.03s
[trial 15/20] input_spikes: pn_exc=1725 bg_exc=2419 bg_inh=779
[trial 15/20] spikes=7  rate=7.00 Hz  time=22.75s
[trial 16/20] input_spikes: pn_exc=1704 bg_exc=2557 bg_inh=773
[trial 16/20] spikes=4  rate=4.00 Hz  time=22.99s
[trial 17/20] input_spikes: pn_exc=1771 bg_exc=2400 bg_inh=802
[trial 17/20] spikes=0  rate=0.00 Hz  time=23.02s
[trial 18/20] input_spikes: pn_exc=1751 bg_exc=2536 bg_inh=794
[trial 18/20] spikes=2  rate=2.00 Hz  time=22.82s
[trial 19/20] input_spikes: pn_exc=1734 bg_exc=2461 bg_inh=745
[trial 19/20] spikes=3  rate=3.00 Hz  time=22.86s
[trial 20/20] input_spikes: pn_exc=1579 bg_exc=2106 bg_inh=665
[trial 20/20] spikes=3  rate=3.00 Hz  time=20.60s
Results saved to /home/hrbncv/SCP/cells/SST/tunes/seg_tuned_all/output_data/slurm_35973/parts/slurm_35973_23/run_manifest.json
Total runtime: 456.26s
