Running: /home/hrbncv/miniconda3/envs/BMTK-py311/bin/python /home/hrbncv/SCP/run_pipeline.py --tune-dir /home/hrbncv/SCP/cells/SST/tunes/seg_tuned_all --output-dir /home/hrbncv/SCP/cells/SST/tunes/seg_tuned_all/output_data/slurm_42203/parts --n-trials 100 --output-stem slurm_42203_6 --trial-offset 600 --force-save
Loaded mechanisms from /home/hrbncv/SCP/cells/SST/tunes/seg_tuned_all/modfiles/x86_64/.libs/libnrnmech.so
Loaded Allen cell for 'SST' from /home/hrbncv/SCP/cells/SST/tunes/seg_tuned_all/manifest.json, soma_diam_multiplier=10.0, Vinit=-65.0, loader=genome_fallback
Geometry defined for 'SST': 1 soma segs, 54 proximal dend segs, 52 distal dend segs, 115 total dend segs.
[trial 1/100] input_spikes: pn_exc=1710 vip_inh_bio=365 bg_exc=2465 bg_inh=739
[trial 1/100] spikes=1  rate=1.00 Hz  time=22.45s
[trial 2/100] input_spikes: pn_exc=1617 vip_inh_bio=362 bg_exc=2026 bg_inh=616
[trial 2/100] spikes=6  rate=6.00 Hz  time=22.48s
[trial 3/100] input_spikes: pn_exc=1445 vip_inh_bio=318 bg_exc=1798 bg_inh=579
[trial 3/100] spikes=7  rate=7.00 Hz  time=21.76s
[trial 4/100] input_spikes: pn_exc=1696 vip_inh_bio=395 bg_exc=2456 bg_inh=709
[trial 4/100] spikes=6  rate=6.00 Hz  time=22.25s
[trial 5/100] input_spikes: pn_exc=1571 vip_inh_bio=358 bg_exc=2048 bg_inh=654
[trial 5/100] spikes=3  rate=3.00 Hz  time=21.90s
[trial 6/100] input_spikes: pn_exc=1732 vip_inh_bio=372 bg_exc=2304 bg_inh=784
[trial 6/100] spikes=4  rate=4.00 Hz  time=22.18s
[trial 7/100] input_spikes: pn_exc=1724 vip_inh_bio=342 bg_exc=2421 bg_inh=753
[trial 7/100] spikes=6  rate=6.00 Hz  time=22.34s
[trial 8/100] input_spikes: pn_exc=1726 vip_inh_bio=384 bg_exc=2454 bg_inh=716
[trial 8/100] spikes=5  rate=5.00 Hz  time=22.29s
[trial 9/100] input_spikes: pn_exc=1628 vip_inh_bio=335 bg_exc=2257 bg_inh=666
[trial 9/100] spikes=7  rate=7.00 Hz  time=22.16s
[trial 10/100] input_spikes: pn_exc=1451 vip_inh_bio=320 bg_exc=1065 bg_inh=307
[trial 10/100] spikes=3  rate=3.00 Hz  time=21.05s
[trial 11/100] input_spikes: pn_exc=1719 vip_inh_bio=347 bg_exc=2293 bg_inh=757
[trial 11/100] spikes=6  rate=6.00 Hz  time=22.29s
[trial 12/100] input_spikes: pn_exc=1705 vip_inh_bio=356 bg_exc=2409 bg_inh=746
[trial 12/100] spikes=4  rate=4.00 Hz  time=22.28s
[trial 13/100] input_spikes: pn_exc=1759 vip_inh_bio=402 bg_exc=2384 bg_inh=812
[trial 13/100] spikes=3  rate=3.00 Hz  time=22.35s
[trial 14/100] input_spikes: pn_exc=1563 vip_inh_bio=334 bg_exc=2069 bg_inh=640
[trial 14/100] spikes=3  rate=3.00 Hz  time=21.85s
[trial 15/100] input_spikes: pn_exc=1743 vip_inh_bio=368 bg_exc=2382 bg_inh=770
[trial 15/100] spikes=3  rate=3.00 Hz  time=22.31s
[trial 16/100] input_spikes: pn_exc=1647 vip_inh_bio=346 bg_exc=2283 bg_inh=714
[trial 16/100] spikes=7  rate=7.00 Hz  time=21.96s
[trial 17/100] input_spikes: pn_exc=1763 vip_inh_bio=372 bg_exc=2400 bg_inh=735
[trial 17/100] spikes=2  rate=2.00 Hz  time=22.36s
[trial 18/100] input_spikes: pn_exc=1571 vip_inh_bio=339 bg_exc=2048 bg_inh=666
[trial 18/100] spikes=1  rate=1.00 Hz  time=21.81s
[trial 19/100] input_spikes: pn_exc=1766 vip_inh_bio=353 bg_exc=2469 bg_inh=820
[trial 19/100] spikes=6  rate=6.00 Hz  time=22.41s
[trial 20/100] input_spikes: pn_exc=1786 vip_inh_bio=383 bg_exc=2438 bg_inh=751
[trial 20/100] spikes=7  rate=7.00 Hz  time=22.25s
[trial 21/100] input_spikes: pn_exc=1638 vip_inh_bio=369 bg_exc=2325 bg_inh=733
[trial 21/100] spikes=3  rate=3.00 Hz  time=22.25s
[trial 22/100] input_spikes: pn_exc=1620 vip_inh_bio=370 bg_exc=2344 bg_inh=726
[trial 22/100] spikes=5  rate=5.00 Hz  time=22.28s
[trial 23/100] input_spikes: pn_exc=1770 vip_inh_bio=391 bg_exc=2410 bg_inh=777
[trial 23/100] spikes=3  rate=3.00 Hz  time=22.43s
[trial 24/100] input_spikes: pn_exc=1579 vip_inh_bio=396 bg_exc=2026 bg_inh=690
[trial 24/100] spikes=4  rate=4.00 Hz  time=21.84s
[trial 25/100] input_spikes: pn_exc=1534 vip_inh_bio=397 bg_exc=2370 bg_inh=733
[trial 25/100] spikes=1  rate=1.00 Hz  time=22.33s
[trial 26/100] input_spikes: pn_exc=1498 vip_inh_bio=280 bg_exc=1542 bg_inh=497
[trial 26/100] spikes=4  rate=4.00 Hz  time=21.39s
[trial 27/100] input_spikes: pn_exc=1472 vip_inh_bio=330 bg_exc=1231 bg_inh=389
[trial 27/100] spikes=3  rate=3.00 Hz  time=21.29s
[trial 28/100] input_spikes: pn_exc=1654 vip_inh_bio=388 bg_exc=2421 bg_inh=762
[trial 28/100] spikes=5  rate=5.00 Hz  time=22.83s
[trial 29/100] input_spikes: pn_exc=1730 vip_inh_bio=413 bg_exc=2492 bg_inh=813
[trial 29/100] spikes=4  rate=4.00 Hz  time=22.35s
[trial 30/100] input_spikes: pn_exc=1657 vip_inh_bio=348 bg_exc=2225 bg_inh=726
[trial 30/100] spikes=6  rate=6.00 Hz  time=21.87s
[trial 31/100] input_spikes: pn_exc=1713 vip_inh_bio=366 bg_exc=2290 bg_inh=700
[trial 31/100] spikes=3  rate=3.00 Hz  time=22.20s
[trial 32/100] input_spikes: pn_exc=1715 vip_inh_bio=363 bg_exc=2445 bg_inh=800
[trial 32/100] spikes=8  rate=8.00 Hz  time=22.35s
[trial 33/100] input_spikes: pn_exc=1719 vip_inh_bio=365 bg_exc=2429 bg_inh=766
[trial 33/100] spikes=3  rate=3.00 Hz  time=22.50s
[trial 34/100] input_spikes: pn_exc=1726 vip_inh_bio=373 bg_exc=2493 bg_inh=767
[trial 34/100] spikes=4  rate=4.00 Hz  time=22.27s
[trial 35/100] input_spikes: pn_exc=1660 vip_inh_bio=383 bg_exc=2357 bg_inh=777
[trial 35/100] spikes=4  rate=4.00 Hz  time=22.27s
[trial 36/100] input_spikes: pn_exc=1499 vip_inh_bio=330 bg_exc=2078 bg_inh=601
[trial 36/100] spikes=5  rate=5.00 Hz  time=21.47s
[trial 37/100] input_spikes: pn_exc=1674 vip_inh_bio=408 bg_exc=2441 bg_inh=802
[trial 37/100] spikes=4  rate=4.00 Hz  time=22.24s
[trial 38/100] input_spikes: pn_exc=1640 vip_inh_bio=365 bg_exc=2379 bg_inh=747
[trial 38/100] spikes=6  rate=6.00 Hz  time=21.98s
[trial 39/100] input_spikes: pn_exc=1776 vip_inh_bio=395 bg_exc=2499 bg_inh=802
[trial 39/100] spikes=5  rate=5.00 Hz  time=22.13s
[trial 40/100] input_spikes: pn_exc=1514 vip_inh_bio=332 bg_exc=1975 bg_inh=653
[trial 40/100] spikes=1  rate=1.00 Hz  time=21.45s
[trial 41/100] input_spikes: pn_exc=1569 vip_inh_bio=342 bg_exc=2015 bg_inh=671
[trial 41/100] spikes=4  rate=4.00 Hz  time=21.64s
[trial 42/100] input_spikes: pn_exc=1594 vip_inh_bio=316 bg_exc=2183 bg_inh=733
[trial 42/100] spikes=5  rate=5.00 Hz  time=21.59s
[trial 43/100] input_spikes: pn_exc=1724 vip_inh_bio=373 bg_exc=2407 bg_inh=744
[trial 43/100] spikes=3  rate=3.00 Hz  time=21.96s
[trial 44/100] input_spikes: pn_exc=1741 vip_inh_bio=362 bg_exc=2319 bg_inh=707
[trial 44/100] spikes=4  rate=4.00 Hz  time=21.78s
[trial 45/100] input_spikes: pn_exc=1477 vip_inh_bio=305 bg_exc=1949 bg_inh=599
[trial 45/100] spikes=4  rate=4.00 Hz  time=21.63s
[trial 46/100] input_spikes: pn_exc=1651 vip_inh_bio=368 bg_exc=2411 bg_inh=764
[trial 46/100] spikes=5  rate=5.00 Hz  time=21.88s
[trial 47/100] input_spikes: pn_exc=1611 vip_inh_bio=296 bg_exc=2008 bg_inh=649
[trial 47/100] spikes=7  rate=7.00 Hz  time=21.61s
[trial 48/100] input_spikes: pn_exc=1717 vip_inh_bio=385 bg_exc=2412 bg_inh=743
[trial 48/100] spikes=6  rate=6.00 Hz  time=21.96s
[trial 49/100] input_spikes: pn_exc=1777 vip_inh_bio=404 bg_exc=2505 bg_inh=782
[trial 49/100] spikes=5  rate=5.00 Hz  time=22.18s
[trial 50/100] input_spikes: pn_exc=1583 vip_inh_bio=342 bg_exc=2033 bg_inh=688
[trial 50/100] spikes=3  rate=3.00 Hz  time=21.51s
[trial 51/100] input_spikes: pn_exc=1662 vip_inh_bio=388 bg_exc=2323 bg_inh=715
[trial 51/100] spikes=3  rate=3.00 Hz  time=21.92s
[trial 52/100] input_spikes: pn_exc=1722 vip_inh_bio=366 bg_exc=2524 bg_inh=795
[trial 52/100] spikes=4  rate=4.00 Hz  time=22.11s
[trial 53/100] input_spikes: pn_exc=1484 vip_inh_bio=321 bg_exc=1964 bg_inh=656
[trial 53/100] spikes=3  rate=3.00 Hz  time=21.81s
[trial 54/100] input_spikes: pn_exc=1735 vip_inh_bio=380 bg_exc=2484 bg_inh=732
[trial 54/100] spikes=3  rate=3.00 Hz  time=21.97s
[trial 55/100] input_spikes: pn_exc=1695 vip_inh_bio=397 bg_exc=2320 bg_inh=744
[trial 55/100] spikes=3  rate=3.00 Hz  time=21.99s
[trial 56/100] input_spikes: pn_exc=1735 vip_inh_bio=351 bg_exc=2341 bg_inh=725
[trial 56/100] spikes=4  rate=4.00 Hz  time=21.82s
[trial 57/100] input_spikes: pn_exc=1795 vip_inh_bio=363 bg_exc=2599 bg_inh=771
[trial 57/100] spikes=3  rate=3.00 Hz  time=22.19s
[trial 58/100] input_spikes: pn_exc=1495 vip_inh_bio=307 bg_exc=1849 bg_inh=593
[trial 58/100] spikes=3  rate=3.00 Hz  time=21.29s
[trial 59/100] input_spikes: pn_exc=1514 vip_inh_bio=322 bg_exc=2114 bg_inh=662
[trial 59/100] spikes=3  rate=3.00 Hz  time=21.77s
[trial 60/100] input_spikes: pn_exc=1672 vip_inh_bio=376 bg_exc=2470 bg_inh=738
[trial 60/100] spikes=3  rate=3.00 Hz  time=21.89s
[trial 61/100] input_spikes: pn_exc=1703 vip_inh_bio=370 bg_exc=2445 bg_inh=780
[trial 61/100] spikes=4  rate=4.00 Hz  time=22.20s
[trial 62/100] input_spikes: pn_exc=1797 vip_inh_bio=352 bg_exc=2449 bg_inh=761
[trial 62/100] spikes=7  rate=7.00 Hz  time=22.07s
[trial 63/100] input_spikes: pn_exc=1628 vip_inh_bio=354 bg_exc=2183 bg_inh=681
[trial 63/100] spikes=2  rate=2.00 Hz  time=22.99s
[trial 64/100] input_spikes: pn_exc=1716 vip_inh_bio=388 bg_exc=2457 bg_inh=756
[trial 64/100] spikes=6  rate=6.00 Hz  time=23.83s
[trial 65/100] input_spikes: pn_exc=1647 vip_inh_bio=398 bg_exc=2223 bg_inh=713
[trial 65/100] spikes=4  rate=4.00 Hz  time=22.28s
[trial 66/100] input_spikes: pn_exc=1639 vip_inh_bio=399 bg_exc=2256 bg_inh=663
[trial 66/100] spikes=2  rate=2.00 Hz  time=22.73s
[trial 67/100] input_spikes: pn_exc=1721 vip_inh_bio=369 bg_exc=2427 bg_inh=767
[trial 67/100] spikes=4  rate=4.00 Hz  time=22.53s
[trial 68/100] input_spikes: pn_exc=1673 vip_inh_bio=345 bg_exc=2385 bg_inh=820
[trial 68/100] spikes=3  rate=3.00 Hz  time=22.13s
[trial 69/100] input_spikes: pn_exc=1743 vip_inh_bio=362 bg_exc=2364 bg_inh=747
[trial 69/100] spikes=6  rate=6.00 Hz  time=22.32s
[trial 70/100] input_spikes: pn_exc=1490 vip_inh_bio=315 bg_exc=1876 bg_inh=586
[trial 70/100] spikes=4  rate=4.00 Hz  time=21.55s
[trial 71/100] input_spikes: pn_exc=1763 vip_inh_bio=388 bg_exc=2367 bg_inh=742
[trial 71/100] spikes=2  rate=2.00 Hz  time=22.56s
[trial 72/100] input_spikes: pn_exc=1725 vip_inh_bio=367 bg_exc=2354 bg_inh=733
[trial 72/100] spikes=4  rate=4.00 Hz  time=22.07s
[trial 73/100] input_spikes: pn_exc=1784 vip_inh_bio=387 bg_exc=2477 bg_inh=767
[trial 73/100] spikes=6  rate=6.00 Hz  time=22.35s
[trial 74/100] input_spikes: pn_exc=1774 vip_inh_bio=396 bg_exc=2520 bg_inh=765
[trial 74/100] spikes=5  rate=5.00 Hz  time=22.42s
[trial 75/100] input_spikes: pn_exc=1640 vip_inh_bio=392 bg_exc=2253 bg_inh=704
[trial 75/100] spikes=4  rate=4.00 Hz  time=22.31s
[trial 76/100] input_spikes: pn_exc=1748 vip_inh_bio=367 bg_exc=2456 bg_inh=737
[trial 76/100] spikes=3  rate=3.00 Hz  time=22.22s
[trial 77/100] input_spikes: pn_exc=1614 vip_inh_bio=363 bg_exc=1951 bg_inh=601
[trial 77/100] spikes=4  rate=4.00 Hz  time=21.93s
[trial 78/100] input_spikes: pn_exc=1816 vip_inh_bio=401 bg_exc=2500 bg_inh=813
[trial 78/100] spikes=6  rate=6.00 Hz  time=22.49s
[trial 79/100] input_spikes: pn_exc=1714 vip_inh_bio=392 bg_exc=2487 bg_inh=779
[trial 79/100] spikes=1  rate=1.00 Hz  time=22.57s
[trial 80/100] input_spikes: pn_exc=1678 vip_inh_bio=345 bg_exc=2319 bg_inh=749
[trial 80/100] spikes=4  rate=4.00 Hz  time=22.14s
[trial 81/100] input_spikes: pn_exc=1696 vip_inh_bio=399 bg_exc=2328 bg_inh=708
[trial 81/100] spikes=2  rate=2.00 Hz  time=22.47s
[trial 82/100] input_spikes: pn_exc=1691 vip_inh_bio=359 bg_exc=2403 bg_inh=739
[trial 82/100] spikes=5  rate=5.00 Hz  time=22.33s
[trial 83/100] input_spikes: pn_exc=1675 vip_inh_bio=374 bg_exc=2301 bg_inh=704
[trial 83/100] spikes=9  rate=9.00 Hz  time=22.43s
[trial 84/100] input_spikes: pn_exc=1635 vip_inh_bio=356 bg_exc=2175 bg_inh=691
[trial 84/100] spikes=7  rate=7.00 Hz  time=22.19s
[trial 85/100] input_spikes: pn_exc=1741 vip_inh_bio=372 bg_exc=2361 bg_inh=763
[trial 85/100] spikes=6  rate=6.00 Hz  time=23.01s
[trial 86/100] input_spikes: pn_exc=1610 vip_inh_bio=345 bg_exc=2341 bg_inh=762
[trial 86/100] spikes=4  rate=4.00 Hz  time=22.33s
[trial 87/100] input_spikes: pn_exc=1459 vip_inh_bio=332 bg_exc=1887 bg_inh=572
[trial 87/100] spikes=0  rate=0.00 Hz  time=21.94s
[trial 88/100] input_spikes: pn_exc=1731 vip_inh_bio=364 bg_exc=2257 bg_inh=761
[trial 88/100] spikes=6  rate=6.00 Hz  time=22.28s
[trial 89/100] input_spikes: pn_exc=1768 vip_inh_bio=362 bg_exc=2388 bg_inh=724
[trial 89/100] spikes=2  rate=2.00 Hz  time=22.54s
[trial 90/100] input_spikes: pn_exc=1610 vip_inh_bio=346 bg_exc=2099 bg_inh=662
[trial 90/100] spikes=4  rate=4.00 Hz  time=21.96s
[trial 91/100] input_spikes: pn_exc=1770 vip_inh_bio=407 bg_exc=2509 bg_inh=745
[trial 91/100] spikes=2  rate=2.00 Hz  time=22.50s
[trial 92/100] input_spikes: pn_exc=1629 vip_inh_bio=352 bg_exc=2064 bg_inh=629
[trial 92/100] spikes=1  rate=1.00 Hz  time=21.94s
[trial 93/100] input_spikes: pn_exc=1685 vip_inh_bio=347 bg_exc=2434 bg_inh=830
[trial 93/100] spikes=5  rate=5.00 Hz  time=22.48s
[trial 94/100] input_spikes: pn_exc=1651 vip_inh_bio=332 bg_exc=2126 bg_inh=689
[trial 94/100] spikes=3  rate=3.00 Hz  time=22.13s
[trial 95/100] input_spikes: pn_exc=1653 vip_inh_bio=401 bg_exc=2218 bg_inh=745
[trial 95/100] spikes=5  rate=5.00 Hz  time=22.44s
[trial 96/100] input_spikes: pn_exc=1587 vip_inh_bio=333 bg_exc=1982 bg_inh=554
[trial 96/100] spikes=6  rate=6.00 Hz  time=21.75s
[trial 97/100] input_spikes: pn_exc=1659 vip_inh_bio=379 bg_exc=2167 bg_inh=714
[trial 97/100] spikes=7  rate=7.00 Hz  time=22.12s
[trial 98/100] input_spikes: pn_exc=1703 vip_inh_bio=361 bg_exc=2381 bg_inh=715
[trial 98/100] spikes=5  rate=5.00 Hz  time=22.20s
[trial 99/100] input_spikes: pn_exc=1477 vip_inh_bio=342 bg_exc=1521 bg_inh=485
[trial 99/100] spikes=5  rate=5.00 Hz  time=21.78s
[trial 100/100] input_spikes: pn_exc=1473 vip_inh_bio=336 bg_exc=204 bg_inh=58
[trial 100/100] spikes=1  rate=1.00 Hz  time=20.46s
save_plots single_plot warning: Top input panel: group list empty, auto-using all groups (4).
Results saved to /home/hrbncv/SCP/cells/SST/tunes/seg_tuned_all/output_data/slurm_42203/parts/slurm_42203_6/run_manifest.json
Total runtime: 2214.28s
