Running: python /home/hrbncv/SCP/run_pipeline.py --tune-dir /home/hrbncv/SCP/cells/SST/tunes/seg_tuned_all --output-dir /home/hrbncv/SCP/cells/SST/tunes/seg_tuned_all/output_data/slurm_39858/parts --n-trials 20 --output-stem slurm_39858_5 --trial-offset 100 --force-save
Loaded mechanisms from /home/hrbncv/SCP/cells/SST/tunes/seg_tuned_all/modfiles/x86_64/.libs/libnrnmech.so
Loaded Allen cell for 'SST' from /home/hrbncv/SCP/cells/SST/tunes/seg_tuned_all/manifest.json, soma_diam_multiplier=10.0, Vinit=-65.0, loader=genome_fallback
Geometry defined for 'SST': 1 soma segs, 54 proximal dend segs, 52 distal dend segs, 115 total dend segs.
[trial 1/20] input_spikes: pn_exc=1648 vip_inh_bio=67 bg_exc=2442 bg_inh=805
[trial 1/20] spikes=6  rate=6.00 Hz  time=22.43s
[trial 2/20] input_spikes: pn_exc=1559 vip_inh_bio=57 bg_exc=2033 bg_inh=595
[trial 2/20] spikes=2  rate=2.00 Hz  time=21.74s
[trial 3/20] input_spikes: pn_exc=1681 vip_inh_bio=64 bg_exc=2155 bg_inh=691
[trial 3/20] spikes=5  rate=5.00 Hz  time=21.83s
[trial 4/20] input_spikes: pn_exc=1631 vip_inh_bio=74 bg_exc=2335 bg_inh=677
[trial 4/20] spikes=4  rate=4.00 Hz  time=21.80s
[trial 5/20] input_spikes: pn_exc=1484 vip_inh_bio=62 bg_exc=1182 bg_inh=382
[trial 5/20] spikes=1  rate=1.00 Hz  time=20.97s
[trial 6/20] input_spikes: pn_exc=1816 vip_inh_bio=56 bg_exc=2474 bg_inh=726
[trial 6/20] spikes=8  rate=8.00 Hz  time=22.03s
[trial 7/20] input_spikes: pn_exc=1670 vip_inh_bio=58 bg_exc=2329 bg_inh=698
[trial 7/20] spikes=4  rate=4.00 Hz  time=21.90s
[trial 8/20] input_spikes: pn_exc=1739 vip_inh_bio=72 bg_exc=2438 bg_inh=740
[trial 8/20] spikes=6  rate=6.00 Hz  time=21.86s
[trial 9/20] input_spikes: pn_exc=1678 vip_inh_bio=57 bg_exc=2233 bg_inh=731
[trial 9/20] spikes=4  rate=4.00 Hz  time=21.74s
[trial 10/20] input_spikes: pn_exc=1772 vip_inh_bio=73 bg_exc=2411 bg_inh=762
[trial 10/20] spikes=1  rate=1.00 Hz  time=21.94s
[trial 11/20] input_spikes: pn_exc=1643 vip_inh_bio=70 bg_exc=2280 bg_inh=722
[trial 11/20] spikes=4  rate=4.00 Hz  time=21.92s
[trial 12/20] input_spikes: pn_exc=1655 vip_inh_bio=72 bg_exc=2381 bg_inh=699
[trial 12/20] spikes=2  rate=2.00 Hz  time=22.05s
[trial 13/20] input_spikes: pn_exc=1466 vip_inh_bio=53 bg_exc=1955 bg_inh=601
[trial 13/20] spikes=5  rate=5.00 Hz  time=21.46s
[trial 14/20] input_spikes: pn_exc=1802 vip_inh_bio=62 bg_exc=2543 bg_inh=810
[trial 14/20] spikes=3  rate=3.00 Hz  time=21.93s
[trial 15/20] input_spikes: pn_exc=1594 vip_inh_bio=61 bg_exc=2151 bg_inh=698
[trial 15/20] spikes=4  rate=4.00 Hz  time=21.67s
[trial 16/20] input_spikes: pn_exc=1699 vip_inh_bio=67 bg_exc=2324 bg_inh=716
[trial 16/20] spikes=1  rate=1.00 Hz  time=22.09s
[trial 17/20] input_spikes: pn_exc=1700 vip_inh_bio=66 bg_exc=2477 bg_inh=741
[trial 17/20] spikes=4  rate=4.00 Hz  time=22.27s
[trial 18/20] input_spikes: pn_exc=1694 vip_inh_bio=66 bg_exc=2210 bg_inh=654
[trial 18/20] spikes=5  rate=5.00 Hz  time=21.76s
[trial 19/20] input_spikes: pn_exc=1720 vip_inh_bio=67 bg_exc=2441 bg_inh=701
[trial 19/20] spikes=2  rate=2.00 Hz  time=22.45s
[trial 20/20] input_spikes: pn_exc=1711 vip_inh_bio=58 bg_exc=2370 bg_inh=675
[trial 20/20] spikes=6  rate=6.00 Hz  time=22.00s
save_plots single_plot warning: Top input panel: group list empty, auto-using all groups (4).
Results saved to /home/hrbncv/SCP/cells/SST/tunes/seg_tuned_all/output_data/slurm_39858/parts/slurm_39858_5/run_manifest.json
Total runtime: 439.36s
