Running: python /home/hrbncv/SCP/run_pipeline.py --tune-dir /home/hrbncv/SCP/cells/SST/tunes/seg_tuned_all --output-dir /home/hrbncv/SCP/cells/SST/tunes/seg_tuned_all/output_data/slurm_29750/parts --n-trials 40 --output-stem slurm_29750_8 --trial-offset 320 --force-save
Loaded mechanisms from /home/hrbncv/SCP/cells/SST/tunes/seg_tuned_all/modfiles/x86_64/.libs/libnrnmech.so
Loaded Allen cell for 'SST' from /home/hrbncv/SCP/cells/SST/tunes/seg_tuned_all/manifest.json, soma_diam_multiplier=10.0, Vinit=-65.0, loader=genome_fallback
Geometry defined for 'SST': 1 soma segs, 54 proximal dend segs, 52 distal dend segs, 115 total dend segs.
[trial 1/40] input_spikes: pn_exc=1670 bg_exc=3042 bg_inh=497
[trial 1/40] spikes=4  rate=3.33 Hz  time=23.97s
[trial 2/40] input_spikes: pn_exc=1644 bg_exc=2951 bg_inh=469
[trial 2/40] spikes=3  rate=2.50 Hz  time=23.66s
[trial 3/40] input_spikes: pn_exc=1566 bg_exc=2878 bg_inh=426
[trial 3/40] spikes=4  rate=3.33 Hz  time=23.68s
[trial 4/40] input_spikes: pn_exc=1606 bg_exc=3020 bg_inh=467
[trial 4/40] spikes=4  rate=3.33 Hz  time=23.91s
[trial 5/40] input_spikes: pn_exc=1519 bg_exc=2917 bg_inh=442
[trial 5/40] spikes=5  rate=4.17 Hz  time=23.88s
[trial 6/40] input_spikes: pn_exc=1578 bg_exc=3114 bg_inh=457
[trial 6/40] spikes=4  rate=3.33 Hz  time=24.20s
[trial 7/40] input_spikes: pn_exc=1555 bg_exc=2666 bg_inh=450
[trial 7/40] spikes=4  rate=3.33 Hz  time=23.83s
[trial 8/40] input_spikes: pn_exc=1596 bg_exc=3004 bg_inh=439
[trial 8/40] spikes=3  rate=2.50 Hz  time=24.05s
[trial 9/40] input_spikes: pn_exc=1545 bg_exc=2774 bg_inh=447
[trial 9/40] spikes=3  rate=2.50 Hz  time=24.15s
[trial 10/40] input_spikes: pn_exc=1689 bg_exc=3003 bg_inh=483
[trial 10/40] spikes=4  rate=3.33 Hz  time=24.36s
[trial 11/40] input_spikes: pn_exc=1478 bg_exc=2567 bg_inh=404
[trial 11/40] spikes=4  rate=3.33 Hz  time=23.97s
[trial 12/40] input_spikes: pn_exc=1595 bg_exc=3057 bg_inh=490
[trial 12/40] spikes=1  rate=0.83 Hz  time=24.05s
[trial 13/40] input_spikes: pn_exc=1580 bg_exc=3040 bg_inh=466
[trial 13/40] spikes=5  rate=4.17 Hz  time=24.69s
[trial 14/40] input_spikes: pn_exc=1643 bg_exc=2778 bg_inh=443
[trial 14/40] spikes=5  rate=4.17 Hz  time=24.50s
[trial 15/40] input_spikes: pn_exc=1559 bg_exc=2825 bg_inh=458
[trial 15/40] spikes=4  rate=3.33 Hz  time=24.35s
[trial 16/40] input_spikes: pn_exc=1535 bg_exc=2709 bg_inh=463
[trial 16/40] spikes=3  rate=2.50 Hz  time=24.29s
[trial 17/40] input_spikes: pn_exc=1470 bg_exc=2826 bg_inh=404
[trial 17/40] spikes=5  rate=4.17 Hz  time=24.09s
[trial 18/40] input_spikes: pn_exc=1665 bg_exc=2893 bg_inh=489
[trial 18/40] spikes=4  rate=3.33 Hz  time=24.45s
[trial 19/40] input_spikes: pn_exc=1569 bg_exc=2931 bg_inh=456
[trial 19/40] spikes=4  rate=3.33 Hz  time=24.36s
[trial 20/40] input_spikes: pn_exc=1568 bg_exc=2887 bg_inh=446
[trial 20/40] spikes=3  rate=2.50 Hz  time=24.43s
[trial 21/40] input_spikes: pn_exc=1481 bg_exc=2686 bg_inh=461
[trial 21/40] spikes=4  rate=3.33 Hz  time=24.25s
[trial 22/40] input_spikes: pn_exc=1521 bg_exc=2884 bg_inh=446
[trial 22/40] spikes=5  rate=4.17 Hz  time=24.29s
[trial 23/40] input_spikes: pn_exc=1701 bg_exc=3057 bg_inh=465
[trial 23/40] spikes=5  rate=4.17 Hz  time=24.32s
[trial 24/40] input_spikes: pn_exc=1579 bg_exc=2891 bg_inh=433
[trial 24/40] spikes=3  rate=2.50 Hz  time=24.78s
[trial 25/40] input_spikes: pn_exc=1567 bg_exc=2948 bg_inh=463
[trial 25/40] spikes=3  rate=2.50 Hz  time=24.02s
[trial 26/40] input_spikes: pn_exc=1496 bg_exc=2864 bg_inh=445
[trial 26/40] spikes=4  rate=3.33 Hz  time=24.40s
[trial 27/40] input_spikes: pn_exc=1617 bg_exc=2978 bg_inh=503
[trial 27/40] spikes=3  rate=2.50 Hz  time=24.49s
[trial 28/40] input_spikes: pn_exc=1565 bg_exc=2766 bg_inh=401
[trial 28/40] spikes=6  rate=5.00 Hz  time=24.09s
[trial 29/40] input_spikes: pn_exc=1375 bg_exc=2222 bg_inh=372
[trial 29/40] spikes=4  rate=3.33 Hz  time=23.99s
[trial 30/40] input_spikes: pn_exc=1505 bg_exc=2686 bg_inh=420
[trial 30/40] spikes=3  rate=2.50 Hz  time=24.15s
[trial 31/40] input_spikes: pn_exc=1638 bg_exc=2970 bg_inh=485
[trial 31/40] spikes=6  rate=5.00 Hz  time=23.98s
[trial 32/40] input_spikes: pn_exc=1529 bg_exc=2630 bg_inh=405
[trial 32/40] spikes=3  rate=2.50 Hz  time=23.98s
[trial 33/40] input_spikes: pn_exc=1455 bg_exc=2555 bg_inh=363
[trial 33/40] spikes=3  rate=2.50 Hz  time=23.90s
[trial 34/40] input_spikes: pn_exc=1619 bg_exc=2878 bg_inh=472
[trial 34/40] spikes=1  rate=0.83 Hz  time=24.02s
[trial 35/40] input_spikes: pn_exc=1451 bg_exc=2635 bg_inh=422
[trial 35/40] spikes=4  rate=3.33 Hz  time=24.03s
[trial 36/40] input_spikes: pn_exc=1629 bg_exc=3093 bg_inh=453
[trial 36/40] spikes=5  rate=4.17 Hz  time=24.31s
[trial 37/40] input_spikes: pn_exc=1623 bg_exc=3050 bg_inh=476
[trial 37/40] spikes=2  rate=1.67 Hz  time=23.91s
[trial 38/40] input_spikes: pn_exc=1542 bg_exc=2552 bg_inh=402
[trial 38/40] spikes=4  rate=3.33 Hz  time=23.84s
[trial 39/40] input_spikes: pn_exc=1637 bg_exc=3036 bg_inh=489
[trial 39/40] spikes=3  rate=2.50 Hz  time=24.11s
[trial 40/40] input_spikes: pn_exc=1594 bg_exc=3041 bg_inh=483
[trial 40/40] spikes=3  rate=2.50 Hz  time=23.36s
Results saved to /home/hrbncv/SCP/cells/SST/tunes/seg_tuned_all/output_data/slurm_29750/parts/slurm_29750_8/run_manifest.json
Total runtime: 965.38s
