Running: python /home/hrbncv/SCP/run_pipeline.py --tune-dir /home/hrbncv/SCP/cells/PV/tunes/seg_tuned --output-dir /home/hrbncv/SCP/cells/PV/tunes/seg_tuned/output_data/slurm_34963/parts --n-trials 40 --output-stem slurm_34963_15 --trial-offset 600 --force-save
Mechanisms already loaded; skipping duplicate load.
Loaded Allen cell for 'PV' from /home/hrbncv/SCP/cells/PV/tunes/seg_tuned/manifest.json, soma_diam_multiplier=6.0, Vinit=-71.0, loader=allensdk_default
Geometry defined for 'PV': 1 soma segs, 46 proximal dend segs, 41 distal dend segs, 97 total dend segs.
[trial 1/40] input_spikes: pn_exc=2684 bg_exc=769 bg_inh=165 sst_inh=356 pv_inh=1208
[trial 1/40] spikes=7  rate=7.00 Hz  time=27.97s
[trial 2/40] input_spikes: pn_exc=2789 bg_exc=831 bg_inh=210 sst_inh=376 pv_inh=1219
[trial 2/40] spikes=7  rate=7.00 Hz  time=27.39s
[trial 3/40] input_spikes: pn_exc=2752 bg_exc=830 bg_inh=177 sst_inh=364 pv_inh=1170
[trial 3/40] spikes=6  rate=6.00 Hz  time=26.68s
[trial 4/40] input_spikes: pn_exc=2810 bg_exc=842 bg_inh=209 sst_inh=386 pv_inh=1190
[trial 4/40] spikes=5  rate=5.00 Hz  time=27.18s
[trial 5/40] input_spikes: pn_exc=2708 bg_exc=809 bg_inh=193 sst_inh=370 pv_inh=1150
[trial 5/40] spikes=6  rate=6.00 Hz  time=27.92s
[trial 6/40] input_spikes: pn_exc=2450 bg_exc=515 bg_inh=129 sst_inh=383 pv_inh=1195
[trial 6/40] spikes=7  rate=7.00 Hz  time=26.75s
[trial 7/40] input_spikes: pn_exc=2563 bg_exc=794 bg_inh=174 sst_inh=369 pv_inh=1191
[trial 7/40] spikes=6  rate=6.00 Hz  time=27.23s
[trial 8/40] input_spikes: pn_exc=2786 bg_exc=850 bg_inh=189 sst_inh=349 pv_inh=1196
[trial 8/40] spikes=7  rate=7.00 Hz  time=27.72s
[trial 9/40] input_spikes: pn_exc=2598 bg_exc=730 bg_inh=195 sst_inh=372 pv_inh=1192
[trial 9/40] spikes=5  rate=5.00 Hz  time=26.91s
[trial 10/40] input_spikes: pn_exc=2305 bg_exc=582 bg_inh=159 sst_inh=354 pv_inh=1218
[trial 10/40] spikes=6  rate=6.00 Hz  time=26.91s
[trial 11/40] input_spikes: pn_exc=2776 bg_exc=761 bg_inh=194 sst_inh=366 pv_inh=1199
[trial 11/40] spikes=7  rate=7.00 Hz  time=26.61s
[trial 12/40] input_spikes: pn_exc=2774 bg_exc=782 bg_inh=178 sst_inh=372 pv_inh=1208
[trial 12/40] spikes=6  rate=6.00 Hz  time=26.20s
[trial 13/40] input_spikes: pn_exc=2818 bg_exc=891 bg_inh=247 sst_inh=365 pv_inh=1198
[trial 13/40] spikes=5  rate=5.00 Hz  time=46.45s
[trial 14/40] input_spikes: pn_exc=2888 bg_exc=864 bg_inh=238 sst_inh=378 pv_inh=1184
[trial 14/40] spikes=6  rate=6.00 Hz  time=65.26s
[trial 15/40] input_spikes: pn_exc=2875 bg_exc=915 bg_inh=247 sst_inh=362 pv_inh=1159
[trial 15/40] spikes=7  rate=7.00 Hz  time=64.50s
[trial 16/40] input_spikes: pn_exc=2738 bg_exc=840 bg_inh=192 sst_inh=360 pv_inh=1224
[trial 16/40] spikes=7  rate=7.00 Hz  time=64.30s
[trial 17/40] input_spikes: pn_exc=2879 bg_exc=883 bg_inh=204 sst_inh=365 pv_inh=1195
[trial 17/40] spikes=7  rate=7.00 Hz  time=64.73s
[trial 18/40] input_spikes: pn_exc=2577 bg_exc=708 bg_inh=171 sst_inh=366 pv_inh=1213
[trial 18/40] spikes=7  rate=7.00 Hz  time=53.97s
[trial 19/40] input_spikes: pn_exc=2584 bg_exc=731 bg_inh=156 sst_inh=387 pv_inh=1204
[trial 19/40] spikes=7  rate=7.00 Hz  time=28.78s
[trial 20/40] input_spikes: pn_exc=2749 bg_exc=814 bg_inh=213 sst_inh=368 pv_inh=1201
[trial 20/40] spikes=8  rate=8.00 Hz  time=27.50s
[trial 21/40] input_spikes: pn_exc=2845 bg_exc=866 bg_inh=200 sst_inh=374 pv_inh=1223
[trial 21/40] spikes=9  rate=9.00 Hz  time=27.20s
[trial 22/40] input_spikes: pn_exc=2745 bg_exc=865 bg_inh=216 sst_inh=372 pv_inh=1194
[trial 22/40] spikes=6  rate=6.00 Hz  time=27.58s
[trial 23/40] input_spikes: pn_exc=2816 bg_exc=815 bg_inh=235 sst_inh=390 pv_inh=1190
[trial 23/40] spikes=7  rate=7.00 Hz  time=27.57s
[trial 24/40] input_spikes: pn_exc=2833 bg_exc=882 bg_inh=207 sst_inh=380 pv_inh=1197
[trial 24/40] spikes=7  rate=7.00 Hz  time=26.80s
[trial 25/40] input_spikes: pn_exc=2888 bg_exc=872 bg_inh=200 sst_inh=401 pv_inh=1202
[trial 25/40] spikes=7  rate=7.00 Hz  time=27.79s
[trial 26/40] input_spikes: pn_exc=2705 bg_exc=776 bg_inh=197 sst_inh=378 pv_inh=1202
[trial 26/40] spikes=7  rate=7.00 Hz  time=27.56s
[trial 27/40] input_spikes: pn_exc=2759 bg_exc=826 bg_inh=185 sst_inh=375 pv_inh=1184
[trial 27/40] spikes=8  rate=8.00 Hz  time=27.06s
[trial 28/40] input_spikes: pn_exc=2896 bg_exc=864 bg_inh=210 sst_inh=376 pv_inh=1183
[trial 28/40] spikes=8  rate=8.00 Hz  time=27.65s
[trial 29/40] input_spikes: pn_exc=2610 bg_exc=792 bg_inh=200 sst_inh=342 pv_inh=1197
[trial 29/40] spikes=5  rate=5.00 Hz  time=27.62s
[trial 30/40] input_spikes: pn_exc=2781 bg_exc=779 bg_inh=203 sst_inh=386 pv_inh=1188
[trial 30/40] spikes=5  rate=5.00 Hz  time=27.30s
[trial 31/40] input_spikes: pn_exc=2614 bg_exc=660 bg_inh=161 sst_inh=358 pv_inh=1209
[trial 31/40] spikes=6  rate=6.00 Hz  time=27.54s
[trial 32/40] input_spikes: pn_exc=2375 bg_exc=122 bg_inh=39 sst_inh=362 pv_inh=1183
[trial 32/40] spikes=2  rate=2.00 Hz  time=27.29s
[trial 33/40] input_spikes: pn_exc=2605 bg_exc=751 bg_inh=179 sst_inh=387 pv_inh=1215
[trial 33/40] spikes=5  rate=5.00 Hz  time=26.96s
[trial 34/40] input_spikes: pn_exc=2906 bg_exc=796 bg_inh=211 sst_inh=370 pv_inh=1184
[trial 34/40] spikes=7  rate=7.00 Hz  time=27.63s
[trial 35/40] input_spikes: pn_exc=2643 bg_exc=718 bg_inh=168 sst_inh=373 pv_inh=1202
[trial 35/40] spikes=6  rate=6.00 Hz  time=27.56s
[trial 36/40] input_spikes: pn_exc=2811 bg_exc=818 bg_inh=216 sst_inh=391 pv_inh=1208
[trial 36/40] spikes=7  rate=7.00 Hz  time=26.42s
[trial 37/40] input_spikes: pn_exc=2672 bg_exc=832 bg_inh=186 sst_inh=383 pv_inh=1182
[trial 37/40] spikes=7  rate=7.00 Hz  time=26.34s
[trial 38/40] input_spikes: pn_exc=2919 bg_exc=846 bg_inh=216 sst_inh=373 pv_inh=1203
[trial 38/40] spikes=6  rate=6.00 Hz  time=26.05s
[trial 39/40] input_spikes: pn_exc=2751 bg_exc=839 bg_inh=212 sst_inh=388 pv_inh=1212
[trial 39/40] spikes=5  rate=5.00 Hz  time=25.67s
[trial 40/40] input_spikes: pn_exc=2855 bg_exc=891 bg_inh=196 sst_inh=374 pv_inh=1192
[trial 40/40] spikes=6  rate=6.00 Hz  time=26.12s
save_plots single_plot warning: Top input panel: group list empty, auto-using all groups (5).
Results saved to /home/hrbncv/SCP/cells/PV/tunes/seg_tuned/output_data/slurm_34963/parts/slurm_34963_15/run_manifest.json
Total runtime: 1284.16s
