Running: python /home/hrbncv/SCP/run_pipeline.py --tune-dir /home/hrbncv/SCP/cells/PV/tunes/seg_tuned --output-dir /home/hrbncv/SCP/cells/PV/tunes/seg_tuned/output_data/slurm_32387/parts --n-trials 20 --output-stem slurm_32387_47 --trial-offset 940 --force-save
Mechanisms already loaded; skipping duplicate load.
Loaded Allen cell for 'PV' from /home/hrbncv/SCP/cells/PV/tunes/seg_tuned/manifest.json, soma_diam_multiplier=6.0, Vinit=-71.0, loader=allensdk_default
Geometry defined for 'PV': 1 soma segs, 46 proximal dend segs, 41 distal dend segs, 97 total dend segs.
[trial 1/20] input_spikes: pn_exc=2685 bg_exc=779 bg_inh=186
[trial 1/20] spikes=11  rate=11.00 Hz  time=29.41s
[trial 2/20] input_spikes: pn_exc=2918 bg_exc=885 bg_inh=203
[trial 2/20] spikes=13  rate=13.00 Hz  time=29.19s
[trial 3/20] input_spikes: pn_exc=2360 bg_exc=493 bg_inh=125
[trial 3/20] spikes=10  rate=10.00 Hz  time=29.13s
[trial 4/20] input_spikes: pn_exc=2804 bg_exc=852 bg_inh=203
[trial 4/20] spikes=13  rate=13.00 Hz  time=29.23s
[trial 5/20] input_spikes: pn_exc=2693 bg_exc=768 bg_inh=193
[trial 5/20] spikes=11  rate=11.00 Hz  time=29.00s
[trial 6/20] input_spikes: pn_exc=2549 bg_exc=707 bg_inh=178
[trial 6/20] spikes=11  rate=11.00 Hz  time=29.23s
[trial 7/20] input_spikes: pn_exc=2709 bg_exc=812 bg_inh=198
[trial 7/20] spikes=12  rate=12.00 Hz  time=29.15s
[trial 8/20] input_spikes: pn_exc=2815 bg_exc=849 bg_inh=196
[trial 8/20] spikes=11  rate=11.00 Hz  time=29.17s
[trial 9/20] input_spikes: pn_exc=2809 bg_exc=911 bg_inh=222
[trial 9/20] spikes=12  rate=12.00 Hz  time=29.25s
[trial 10/20] input_spikes: pn_exc=2731 bg_exc=764 bg_inh=217
[trial 10/20] spikes=11  rate=11.00 Hz  time=29.20s
[trial 11/20] input_spikes: pn_exc=2461 bg_exc=602 bg_inh=135
[trial 11/20] spikes=11  rate=11.00 Hz  time=29.09s
[trial 12/20] input_spikes: pn_exc=2369 bg_exc=556 bg_inh=143
[trial 12/20] spikes=10  rate=10.00 Hz  time=29.14s
[trial 13/20] input_spikes: pn_exc=2754 bg_exc=883 bg_inh=207
[trial 13/20] spikes=12  rate=12.00 Hz  time=29.18s
[trial 14/20] input_spikes: pn_exc=2801 bg_exc=850 bg_inh=206
[trial 14/20] spikes=12  rate=12.00 Hz  time=29.14s
[trial 15/20] input_spikes: pn_exc=2686 bg_exc=845 bg_inh=204
[trial 15/20] spikes=12  rate=12.00 Hz  time=29.00s
[trial 16/20] input_spikes: pn_exc=2578 bg_exc=714 bg_inh=180
[trial 16/20] spikes=11  rate=11.00 Hz  time=29.01s
[trial 17/20] input_spikes: pn_exc=2796 bg_exc=824 bg_inh=198
[trial 17/20] spikes=13  rate=13.00 Hz  time=29.41s
[trial 18/20] input_spikes: pn_exc=2837 bg_exc=880 bg_inh=212
[trial 18/20] spikes=11  rate=11.00 Hz  time=29.06s
[trial 19/20] input_spikes: pn_exc=2818 bg_exc=850 bg_inh=223
[trial 19/20] spikes=13  rate=13.00 Hz  time=29.29s
[trial 20/20] input_spikes: pn_exc=2857 bg_exc=870 bg_inh=223
[trial 20/20] spikes=13  rate=13.00 Hz  time=28.56s
save_plots single_plot warning: Top input panel: group list empty, auto-using all groups (3).
save_plots single_plot warning: Input raster panel: group list empty, auto-using all groups (3).
Results saved to /home/hrbncv/SCP/cells/PV/tunes/seg_tuned/output_data/slurm_32387/parts/slurm_32387_47/run_manifest.json
Total runtime: 690.27s
