Running: /home/hrbncv/miniconda3/envs/BMTK-py311/bin/python /home/hrbncv/SCP/run_pipeline.py --tune-dir /home/hrbncv/SCP/cells/SST/tunes/seg_tuned_all --output-dir /home/hrbncv/SCP/cells/SST/tunes/seg_tuned_all/output_data/slurm_45349/parts --n-trials 20 --output-stem slurm_45349_39 --trial-offset 780 --force-save
Loaded mechanisms from /home/hrbncv/SCP/cells/SST/tunes/seg_tuned_all/modfiles/x86_64/.libs/libnrnmech.so
Loaded Allen cell for 'SST' from /home/hrbncv/SCP/cells/SST/tunes/seg_tuned_all/manifest.json, soma_diam_multiplier=10.0, Vinit=-65.0, loader=genome_fallback
Geometry defined for 'SST': 1 soma segs, 54 proximal dend segs, 52 distal dend segs, 115 total dend segs.
[trial 1/20] input_spikes: pn_exc=1589 bg_exc=2342 bg_inh=807
[trial 1/20] spikes=10  rate=10.00 Hz  time=22.73s
[trial 2/20] input_spikes: pn_exc=1612 bg_exc=2118 bg_inh=729
[trial 2/20] spikes=13  rate=13.00 Hz  time=22.40s
[trial 3/20] input_spikes: pn_exc=1678 bg_exc=2509 bg_inh=693
[trial 3/20] spikes=14  rate=14.00 Hz  time=22.48s
[trial 4/20] input_spikes: pn_exc=1740 bg_exc=2537 bg_inh=721
[trial 4/20] spikes=14  rate=14.00 Hz  time=22.70s
[trial 5/20] input_spikes: pn_exc=1687 bg_exc=2384 bg_inh=740
[trial 5/20] spikes=16  rate=16.00 Hz  time=22.60s
[trial 6/20] input_spikes: pn_exc=1729 bg_exc=2415 bg_inh=734
[trial 6/20] spikes=14  rate=14.00 Hz  time=22.42s
[trial 7/20] input_spikes: pn_exc=1677 bg_exc=2188 bg_inh=747
[trial 7/20] spikes=10  rate=10.00 Hz  time=22.49s
[trial 8/20] input_spikes: pn_exc=1635 bg_exc=2278 bg_inh=638
[trial 8/20] spikes=14  rate=14.00 Hz  time=22.28s
[trial 9/20] input_spikes: pn_exc=1634 bg_exc=2404 bg_inh=765
[trial 9/20] spikes=10  rate=10.00 Hz  time=22.80s
[trial 10/20] input_spikes: pn_exc=1641 bg_exc=2407 bg_inh=775
[trial 10/20] spikes=12  rate=12.00 Hz  time=22.43s
[trial 11/20] input_spikes: pn_exc=1551 bg_exc=2318 bg_inh=716
[trial 11/20] spikes=10  rate=10.00 Hz  time=22.60s
[trial 12/20] input_spikes: pn_exc=1677 bg_exc=2366 bg_inh=715
[trial 12/20] spikes=16  rate=16.00 Hz  time=22.73s
[trial 13/20] input_spikes: pn_exc=1685 bg_exc=2325 bg_inh=772
[trial 13/20] spikes=13  rate=13.00 Hz  time=22.63s
[trial 14/20] input_spikes: pn_exc=1577 bg_exc=2333 bg_inh=724
[trial 14/20] spikes=14  rate=14.00 Hz  time=22.33s
[trial 15/20] input_spikes: pn_exc=1574 bg_exc=2144 bg_inh=719
[trial 15/20] spikes=6  rate=6.00 Hz  time=22.40s
[trial 16/20] input_spikes: pn_exc=1713 bg_exc=2395 bg_inh=781
[trial 16/20] spikes=12  rate=12.00 Hz  time=22.56s
[trial 17/20] input_spikes: pn_exc=1754 bg_exc=2431 bg_inh=784
[trial 17/20] spikes=15  rate=15.00 Hz  time=22.84s
[trial 18/20] input_spikes: pn_exc=1810 bg_exc=2507 bg_inh=765
[trial 18/20] spikes=15  rate=15.00 Hz  time=22.51s
[trial 19/20] input_spikes: pn_exc=1663 bg_exc=2417 bg_inh=736
[trial 19/20] spikes=12  rate=12.00 Hz  time=22.57s
[trial 20/20] input_spikes: pn_exc=1674 bg_exc=2272 bg_inh=707
[trial 20/20] spikes=11  rate=11.00 Hz  time=21.55s
save_plots single_plot warning: Top input panel: group list empty, auto-using all groups (3).
Results saved to /home/hrbncv/SCP/cells/SST/tunes/seg_tuned_all/output_data/slurm_45349/parts/slurm_45349_39/run_manifest.json
Total runtime: 451.39s
