Running: python /home/hrbncv/SCP/run_pipeline.py --tune-dir /home/hrbncv/SCP/cells/SST/tunes/seg_tuned_all --output-dir /home/hrbncv/SCP/cells/SST/tunes/seg_tuned_all/output_data/slurm_35973/parts --n-trials 20 --output-stem slurm_35973_0 --trial-offset 0 --force-save
Loaded mechanisms from /home/hrbncv/SCP/cells/SST/tunes/seg_tuned_all/modfiles/x86_64/.libs/libnrnmech.so
Loaded Allen cell for 'SST' from /home/hrbncv/SCP/cells/SST/tunes/seg_tuned_all/manifest.json, soma_diam_multiplier=10.0, Vinit=-65.0, loader=genome_fallback
Geometry defined for 'SST': 1 soma segs, 54 proximal dend segs, 52 distal dend segs, 115 total dend segs.
[trial 1/20] input_spikes: pn_exc=1659 bg_exc=2419 bg_inh=761
[trial 1/20] spikes=3  rate=3.00 Hz  time=22.13s
[trial 2/20] input_spikes: pn_exc=1601 bg_exc=2312 bg_inh=659
[trial 2/20] spikes=7  rate=7.00 Hz  time=21.61s
[trial 3/20] input_spikes: pn_exc=1702 bg_exc=2468 bg_inh=764
[trial 3/20] spikes=4  rate=4.00 Hz  time=22.01s
[trial 4/20] input_spikes: pn_exc=1634 bg_exc=2134 bg_inh=608
[trial 4/20] spikes=6  rate=6.00 Hz  time=21.35s
[trial 5/20] input_spikes: pn_exc=1770 bg_exc=2445 bg_inh=742
[trial 5/20] spikes=3  rate=3.00 Hz  time=21.90s
[trial 6/20] input_spikes: pn_exc=1521 bg_exc=2144 bg_inh=630
[trial 6/20] spikes=2  rate=2.00 Hz  time=21.44s
[trial 7/20] input_spikes: pn_exc=1630 bg_exc=2364 bg_inh=692
[trial 7/20] spikes=6  rate=6.00 Hz  time=21.72s
[trial 8/20] input_spikes: pn_exc=1706 bg_exc=2399 bg_inh=783
[trial 8/20] spikes=2  rate=2.00 Hz  time=21.79s
[trial 9/20] input_spikes: pn_exc=1604 bg_exc=2046 bg_inh=640
[trial 9/20] spikes=7  rate=7.00 Hz  time=21.49s
[trial 10/20] input_spikes: pn_exc=1744 bg_exc=2486 bg_inh=776
[trial 10/20] spikes=1  rate=1.00 Hz  time=21.92s
[trial 11/20] input_spikes: pn_exc=1618 bg_exc=2127 bg_inh=646
[trial 11/20] spikes=5  rate=5.00 Hz  time=21.52s
[trial 12/20] input_spikes: pn_exc=1657 bg_exc=2182 bg_inh=694
[trial 12/20] spikes=2  rate=2.00 Hz  time=21.57s
[trial 13/20] input_spikes: pn_exc=1801 bg_exc=2351 bg_inh=772
[trial 13/20] spikes=3  rate=3.00 Hz  time=21.91s
[trial 14/20] input_spikes: pn_exc=1703 bg_exc=2480 bg_inh=755
[trial 14/20] spikes=5  rate=5.00 Hz  time=21.91s
[trial 15/20] input_spikes: pn_exc=1635 bg_exc=2151 bg_inh=646
[trial 15/20] spikes=8  rate=8.00 Hz  time=21.66s
[trial 16/20] input_spikes: pn_exc=1753 bg_exc=2452 bg_inh=780
[trial 16/20] spikes=4  rate=4.00 Hz  time=21.91s
[trial 17/20] input_spikes: pn_exc=1742 bg_exc=2531 bg_inh=774
[trial 17/20] spikes=4  rate=4.00 Hz  time=22.01s
[trial 18/20] input_spikes: pn_exc=1580 bg_exc=1906 bg_inh=647
[trial 18/20] spikes=5  rate=5.00 Hz  time=21.26s
[trial 19/20] input_spikes: pn_exc=1549 bg_exc=2212 bg_inh=650
[trial 19/20] spikes=3  rate=3.00 Hz  time=21.65s
[trial 20/20] input_spikes: pn_exc=1757 bg_exc=2456 bg_inh=808
[trial 20/20] spikes=4  rate=4.00 Hz  time=21.89s
Results saved to /home/hrbncv/SCP/cells/SST/tunes/seg_tuned_all/output_data/slurm_35973/parts/slurm_35973_0/run_manifest.json
Total runtime: 435.13s
Submitting merge job: /home/hrbncv/SCP/scripts/merge_array_results_with_status.sh --input-dir /home/hrbncv/SCP/cells/SST/tunes/seg_tuned_all/output_data/slurm_35973/parts --output-dir /home/hrbncv/SCP/cells/SST/tunes/seg_tuned_all/output_data/slurm_35973 --job-id 35973 --output-stem results
Submitted batch job 36023
