Running: python /home/hrbncv/SCP/run_pipeline.py --tune-dir /home/hrbncv/SCP/cells/SST/tunes/seg_tuned_all --output-dir /home/hrbncv/SCP/cells/SST/tunes/seg_tuned_all/output_data/slurm_39858/parts --n-trials 20 --output-stem slurm_39858_14 --trial-offset 280 --force-save
Loaded mechanisms from /home/hrbncv/SCP/cells/SST/tunes/seg_tuned_all/modfiles/x86_64/.libs/libnrnmech.so
Loaded Allen cell for 'SST' from /home/hrbncv/SCP/cells/SST/tunes/seg_tuned_all/manifest.json, soma_diam_multiplier=10.0, Vinit=-65.0, loader=genome_fallback
Geometry defined for 'SST': 1 soma segs, 54 proximal dend segs, 52 distal dend segs, 115 total dend segs.
[trial 1/20] input_spikes: pn_exc=1726 vip_inh_bio=82 bg_exc=2399 bg_inh=783
[trial 1/20] spikes=1  rate=1.00 Hz  time=21.98s
[trial 2/20] input_spikes: pn_exc=1743 vip_inh_bio=59 bg_exc=2377 bg_inh=745
[trial 2/20] spikes=3  rate=3.00 Hz  time=22.03s
[trial 3/20] input_spikes: pn_exc=1743 vip_inh_bio=76 bg_exc=2423 bg_inh=742
[trial 3/20] spikes=0  rate=0.00 Hz  time=22.05s
[trial 4/20] input_spikes: pn_exc=1664 vip_inh_bio=74 bg_exc=2345 bg_inh=701
[trial 4/20] spikes=1  rate=1.00 Hz  time=21.79s
[trial 5/20] input_spikes: pn_exc=1670 vip_inh_bio=67 bg_exc=2230 bg_inh=771
[trial 5/20] spikes=3  rate=3.00 Hz  time=21.85s
[trial 6/20] input_spikes: pn_exc=1623 vip_inh_bio=63 bg_exc=2196 bg_inh=701
[trial 6/20] spikes=3  rate=3.00 Hz  time=21.76s
[trial 7/20] input_spikes: pn_exc=1764 vip_inh_bio=65 bg_exc=2391 bg_inh=759
[trial 7/20] spikes=5  rate=5.00 Hz  time=21.92s
[trial 8/20] input_spikes: pn_exc=1740 vip_inh_bio=70 bg_exc=2467 bg_inh=783
[trial 8/20] spikes=3  rate=3.00 Hz  time=22.09s
[trial 9/20] input_spikes: pn_exc=1642 vip_inh_bio=68 bg_exc=2437 bg_inh=781
[trial 9/20] spikes=1  rate=1.00 Hz  time=22.04s
[trial 10/20] input_spikes: pn_exc=1682 vip_inh_bio=77 bg_exc=2251 bg_inh=735
[trial 10/20] spikes=4  rate=4.00 Hz  time=21.82s
[trial 11/20] input_spikes: pn_exc=1760 vip_inh_bio=68 bg_exc=2458 bg_inh=774
[trial 11/20] spikes=1  rate=1.00 Hz  time=22.20s
[trial 12/20] input_spikes: pn_exc=1766 vip_inh_bio=59 bg_exc=2468 bg_inh=721
[trial 12/20] spikes=2  rate=2.00 Hz  time=22.21s
[trial 13/20] input_spikes: pn_exc=1680 vip_inh_bio=64 bg_exc=2329 bg_inh=748
[trial 13/20] spikes=4  rate=4.00 Hz  time=21.97s
[trial 14/20] input_spikes: pn_exc=1582 vip_inh_bio=46 bg_exc=2026 bg_inh=660
[trial 14/20] spikes=5  rate=5.00 Hz  time=21.57s
[trial 15/20] input_spikes: pn_exc=1632 vip_inh_bio=69 bg_exc=2276 bg_inh=718
[trial 15/20] spikes=3  rate=3.00 Hz  time=22.02s
[trial 16/20] input_spikes: pn_exc=1621 vip_inh_bio=74 bg_exc=2299 bg_inh=707
[trial 16/20] spikes=4  rate=4.00 Hz  time=22.46s
[trial 17/20] input_spikes: pn_exc=1743 vip_inh_bio=83 bg_exc=2425 bg_inh=790
[trial 17/20] spikes=4  rate=4.00 Hz  time=22.29s
[trial 18/20] input_spikes: pn_exc=1676 vip_inh_bio=58 bg_exc=2241 bg_inh=675
[trial 18/20] spikes=2  rate=2.00 Hz  time=21.58s
[trial 19/20] input_spikes: pn_exc=1444 vip_inh_bio=49 bg_exc=1863 bg_inh=588
[trial 19/20] spikes=3  rate=3.00 Hz  time=21.25s
[trial 20/20] input_spikes: pn_exc=1669 vip_inh_bio=66 bg_exc=2232 bg_inh=716
[trial 20/20] spikes=4  rate=4.00 Hz  time=21.75s
save_plots single_plot warning: Top input panel: group list empty, auto-using all groups (4).
Results saved to /home/hrbncv/SCP/cells/SST/tunes/seg_tuned_all/output_data/slurm_39858/parts/slurm_39858_14/run_manifest.json
Total runtime: 440.07s
