Running: python /home/hrbncv/SCP/run_pipeline.py --tune-dir /home/hrbncv/SCP/cells/SST/tunes/seg_tuned_all --output-dir /home/hrbncv/SCP/cells/SST/tunes/seg_tuned_all/output_data/slurm_39858/parts --n-trials 20 --output-stem slurm_39858_38 --trial-offset 760 --force-save
Loaded mechanisms from /home/hrbncv/SCP/cells/SST/tunes/seg_tuned_all/modfiles/x86_64/.libs/libnrnmech.so
Loaded Allen cell for 'SST' from /home/hrbncv/SCP/cells/SST/tunes/seg_tuned_all/manifest.json, soma_diam_multiplier=10.0, Vinit=-65.0, loader=genome_fallback
Geometry defined for 'SST': 1 soma segs, 54 proximal dend segs, 52 distal dend segs, 115 total dend segs.
[trial 1/20] input_spikes: pn_exc=1737 vip_inh_bio=56 bg_exc=2390 bg_inh=727
[trial 1/20] spikes=1  rate=1.00 Hz  time=22.98s
[trial 2/20] input_spikes: pn_exc=1682 vip_inh_bio=66 bg_exc=2298 bg_inh=706
[trial 2/20] spikes=1  rate=1.00 Hz  time=22.87s
[trial 3/20] input_spikes: pn_exc=1790 vip_inh_bio=62 bg_exc=2502 bg_inh=785
[trial 3/20] spikes=5  rate=5.00 Hz  time=22.96s
[trial 4/20] input_spikes: pn_exc=1711 vip_inh_bio=79 bg_exc=2494 bg_inh=788
[trial 4/20] spikes=3  rate=3.00 Hz  time=22.88s
[trial 5/20] input_spikes: pn_exc=1635 vip_inh_bio=96 bg_exc=2245 bg_inh=739
[trial 5/20] spikes=2  rate=2.00 Hz  time=22.99s
[trial 6/20] input_spikes: pn_exc=1674 vip_inh_bio=70 bg_exc=2467 bg_inh=792
[trial 6/20] spikes=4  rate=4.00 Hz  time=22.83s
[trial 7/20] input_spikes: pn_exc=1751 vip_inh_bio=59 bg_exc=2484 bg_inh=756
[trial 7/20] spikes=6  rate=6.00 Hz  time=22.79s
[trial 8/20] input_spikes: pn_exc=1722 vip_inh_bio=82 bg_exc=2436 bg_inh=774
[trial 8/20] spikes=1  rate=1.00 Hz  time=22.95s
[trial 9/20] input_spikes: pn_exc=1766 vip_inh_bio=73 bg_exc=2477 bg_inh=734
[trial 9/20] spikes=3  rate=3.00 Hz  time=23.01s
[trial 10/20] input_spikes: pn_exc=1528 vip_inh_bio=62 bg_exc=1944 bg_inh=591
[trial 10/20] spikes=7  rate=7.00 Hz  time=22.24s
[trial 11/20] input_spikes: pn_exc=1776 vip_inh_bio=62 bg_exc=2541 bg_inh=724
[trial 11/20] spikes=4  rate=4.00 Hz  time=23.21s
[trial 12/20] input_spikes: pn_exc=1802 vip_inh_bio=72 bg_exc=2535 bg_inh=759
[trial 12/20] spikes=3  rate=3.00 Hz  time=23.20s
[trial 13/20] input_spikes: pn_exc=1650 vip_inh_bio=47 bg_exc=2261 bg_inh=705
[trial 13/20] spikes=3  rate=3.00 Hz  time=22.88s
[trial 14/20] input_spikes: pn_exc=1731 vip_inh_bio=73 bg_exc=2318 bg_inh=756
[trial 14/20] spikes=3  rate=3.00 Hz  time=23.10s
[trial 15/20] input_spikes: pn_exc=1708 vip_inh_bio=61 bg_exc=2464 bg_inh=805
[trial 15/20] spikes=2  rate=2.00 Hz  time=23.40s
[trial 16/20] input_spikes: pn_exc=1704 vip_inh_bio=53 bg_exc=2321 bg_inh=687
[trial 16/20] spikes=3  rate=3.00 Hz  time=22.90s
[trial 17/20] input_spikes: pn_exc=1499 vip_inh_bio=47 bg_exc=1996 bg_inh=601
[trial 17/20] spikes=4  rate=4.00 Hz  time=22.38s
[trial 18/20] input_spikes: pn_exc=1609 vip_inh_bio=70 bg_exc=2078 bg_inh=703
[trial 18/20] spikes=2  rate=2.00 Hz  time=22.50s
[trial 19/20] input_spikes: pn_exc=1731 vip_inh_bio=64 bg_exc=2418 bg_inh=755
[trial 19/20] spikes=4  rate=4.00 Hz  time=22.87s
[trial 20/20] input_spikes: pn_exc=1702 vip_inh_bio=73 bg_exc=2500 bg_inh=813
[trial 20/20] spikes=3  rate=3.00 Hz  time=21.71s
save_plots single_plot warning: Top input panel: group list empty, auto-using all groups (4).
Results saved to /home/hrbncv/SCP/cells/SST/tunes/seg_tuned_all/output_data/slurm_39858/parts/slurm_39858_38/run_manifest.json
Total runtime: 457.88s
