Running: python /home/hrbncv/SCP/run_pipeline.py --tune-dir /home/hrbncv/SCP/cells/PV/tunes/seg_tuned --output-dir /home/hrbncv/SCP/cells/PV/tunes/seg_tuned/output_data/slurm_34963/parts --n-trials 40 --output-stem slurm_34963_20 --trial-offset 800 --force-save
Mechanisms already loaded; skipping duplicate load.
Loaded Allen cell for 'PV' from /home/hrbncv/SCP/cells/PV/tunes/seg_tuned/manifest.json, soma_diam_multiplier=6.0, Vinit=-71.0, loader=allensdk_default
Geometry defined for 'PV': 1 soma segs, 46 proximal dend segs, 41 distal dend segs, 97 total dend segs.
[trial 1/40] input_spikes: pn_exc=2773 bg_exc=807 bg_inh=208 sst_inh=406 pv_inh=1215
[trial 1/40] spikes=4  rate=4.00 Hz  time=27.70s
[trial 2/40] input_spikes: pn_exc=2856 bg_exc=839 bg_inh=202 sst_inh=372 pv_inh=1179
[trial 2/40] spikes=6  rate=6.00 Hz  time=27.78s
[trial 3/40] input_spikes: pn_exc=2547 bg_exc=731 bg_inh=201 sst_inh=382 pv_inh=1208
[trial 3/40] spikes=8  rate=8.00 Hz  time=27.72s
[trial 4/40] input_spikes: pn_exc=2634 bg_exc=730 bg_inh=195 sst_inh=380 pv_inh=1225
[trial 4/40] spikes=7  rate=7.00 Hz  time=27.59s
[trial 5/40] input_spikes: pn_exc=2842 bg_exc=869 bg_inh=203 sst_inh=394 pv_inh=1196
[trial 5/40] spikes=6  rate=6.00 Hz  time=27.86s
[trial 6/40] input_spikes: pn_exc=2793 bg_exc=822 bg_inh=218 sst_inh=378 pv_inh=1190
[trial 6/40] spikes=7  rate=7.00 Hz  time=27.70s
[trial 7/40] input_spikes: pn_exc=2739 bg_exc=864 bg_inh=219 sst_inh=381 pv_inh=1203
[trial 7/40] spikes=6  rate=6.00 Hz  time=27.62s
[trial 8/40] input_spikes: pn_exc=2784 bg_exc=857 bg_inh=183 sst_inh=397 pv_inh=1201
[trial 8/40] spikes=6  rate=6.00 Hz  time=27.84s
[trial 9/40] input_spikes: pn_exc=2770 bg_exc=849 bg_inh=228 sst_inh=361 pv_inh=1197
[trial 9/40] spikes=5  rate=5.00 Hz  time=27.76s
[trial 10/40] input_spikes: pn_exc=2590 bg_exc=716 bg_inh=167 sst_inh=371 pv_inh=1198
[trial 10/40] spikes=8  rate=8.00 Hz  time=27.79s
[trial 11/40] input_spikes: pn_exc=2783 bg_exc=795 bg_inh=196 sst_inh=392 pv_inh=1171
[trial 11/40] spikes=5  rate=5.00 Hz  time=27.82s
[trial 12/40] input_spikes: pn_exc=2417 bg_exc=420 bg_inh=97 sst_inh=386 pv_inh=1215
[trial 12/40] spikes=4  rate=4.00 Hz  time=27.63s
[trial 13/40] input_spikes: pn_exc=2858 bg_exc=905 bg_inh=231 sst_inh=387 pv_inh=1186
[trial 13/40] spikes=8  rate=8.00 Hz  time=34.61s
[trial 14/40] input_spikes: pn_exc=2756 bg_exc=864 bg_inh=190 sst_inh=381 pv_inh=1172
[trial 14/40] spikes=6  rate=6.00 Hz  time=35.89s
[trial 15/40] input_spikes: pn_exc=2820 bg_exc=818 bg_inh=195 sst_inh=368 pv_inh=1179
[trial 15/40] spikes=6  rate=6.00 Hz  time=35.54s
[trial 16/40] input_spikes: pn_exc=2815 bg_exc=809 bg_inh=216 sst_inh=372 pv_inh=1219
[trial 16/40] spikes=6  rate=6.00 Hz  time=35.48s
[trial 17/40] input_spikes: pn_exc=2802 bg_exc=911 bg_inh=240 sst_inh=381 pv_inh=1204
[trial 17/40] spikes=4  rate=4.00 Hz  time=35.57s
[trial 18/40] input_spikes: pn_exc=2706 bg_exc=802 bg_inh=212 sst_inh=371 pv_inh=1199
[trial 18/40] spikes=6  rate=6.00 Hz  time=35.36s
[trial 19/40] input_spikes: pn_exc=2701 bg_exc=739 bg_inh=151 sst_inh=363 pv_inh=1217
[trial 19/40] spikes=6  rate=6.00 Hz  time=35.83s
[trial 20/40] input_spikes: pn_exc=2594 bg_exc=716 bg_inh=193 sst_inh=400 pv_inh=1211
[trial 20/40] spikes=6  rate=6.00 Hz  time=35.64s
[trial 21/40] input_spikes: pn_exc=2887 bg_exc=867 bg_inh=179 sst_inh=377 pv_inh=1206
[trial 21/40] spikes=5  rate=5.00 Hz  time=56.16s
[trial 22/40] input_spikes: pn_exc=2853 bg_exc=854 bg_inh=205 sst_inh=384 pv_inh=1189
[trial 22/40] spikes=7  rate=7.00 Hz  time=31.44s
[trial 23/40] input_spikes: pn_exc=2624 bg_exc=739 bg_inh=209 sst_inh=375 pv_inh=1206
[trial 23/40] spikes=6  rate=6.00 Hz  time=27.64s
[trial 24/40] input_spikes: pn_exc=2771 bg_exc=802 bg_inh=175 sst_inh=379 pv_inh=1167
[trial 24/40] spikes=7  rate=7.00 Hz  time=27.64s
[trial 25/40] input_spikes: pn_exc=2876 bg_exc=892 bg_inh=223 sst_inh=358 pv_inh=1212
[trial 25/40] spikes=7  rate=7.00 Hz  time=27.67s
[trial 26/40] input_spikes: pn_exc=2782 bg_exc=834 bg_inh=210 sst_inh=370 pv_inh=1213
[trial 26/40] spikes=6  rate=6.00 Hz  time=27.66s
[trial 27/40] input_spikes: pn_exc=2605 bg_exc=743 bg_inh=177 sst_inh=380 pv_inh=1200
[trial 27/40] spikes=5  rate=5.00 Hz  time=27.84s
[trial 28/40] input_spikes: pn_exc=2815 bg_exc=834 bg_inh=192 sst_inh=366 pv_inh=1195
[trial 28/40] spikes=7  rate=7.00 Hz  time=27.76s
[trial 29/40] input_spikes: pn_exc=2799 bg_exc=868 bg_inh=227 sst_inh=395 pv_inh=1189
[trial 29/40] spikes=5  rate=5.00 Hz  time=27.62s
[trial 30/40] input_spikes: pn_exc=2882 bg_exc=822 bg_inh=169 sst_inh=354 pv_inh=1209
[trial 30/40] spikes=8  rate=8.00 Hz  time=27.64s
[trial 31/40] input_spikes: pn_exc=2763 bg_exc=791 bg_inh=196 sst_inh=381 pv_inh=1173
[trial 31/40] spikes=7  rate=7.00 Hz  time=27.64s
[trial 32/40] input_spikes: pn_exc=2833 bg_exc=858 bg_inh=188 sst_inh=381 pv_inh=1200
[trial 32/40] spikes=7  rate=7.00 Hz  time=27.75s
[trial 33/40] input_spikes: pn_exc=2693 bg_exc=781 bg_inh=183 sst_inh=382 pv_inh=1187
[trial 33/40] spikes=8  rate=8.00 Hz  time=27.87s
[trial 34/40] input_spikes: pn_exc=2793 bg_exc=848 bg_inh=206 sst_inh=372 pv_inh=1210
[trial 34/40] spikes=6  rate=6.00 Hz  time=27.74s
[trial 35/40] input_spikes: pn_exc=2756 bg_exc=847 bg_inh=225 sst_inh=351 pv_inh=1166
[trial 35/40] spikes=7  rate=7.00 Hz  time=27.41s
[trial 36/40] input_spikes: pn_exc=2745 bg_exc=852 bg_inh=238 sst_inh=405 pv_inh=1183
[trial 36/40] spikes=5  rate=5.00 Hz  time=27.41s
[trial 37/40] input_spikes: pn_exc=2858 bg_exc=894 bg_inh=234 sst_inh=384 pv_inh=1195
[trial 37/40] spikes=7  rate=7.00 Hz  time=27.52s
[trial 38/40] input_spikes: pn_exc=2855 bg_exc=863 bg_inh=220 sst_inh=369 pv_inh=1182
[trial 38/40] spikes=9  rate=9.00 Hz  time=27.65s
[trial 39/40] input_spikes: pn_exc=2481 bg_exc=705 bg_inh=173 sst_inh=370 pv_inh=1207
[trial 39/40] spikes=6  rate=6.00 Hz  time=26.13s
[trial 40/40] input_spikes: pn_exc=2750 bg_exc=812 bg_inh=204 sst_inh=364 pv_inh=1188
[trial 40/40] spikes=6  rate=6.00 Hz  time=26.97s
save_plots single_plot warning: Top input panel: group list empty, auto-using all groups (5).
Results saved to /home/hrbncv/SCP/cells/PV/tunes/seg_tuned/output_data/slurm_34963/parts/slurm_34963_20/run_manifest.json
Total runtime: 1201.47s
