Running: /home/hrbncv/miniconda3/envs/BMTK-py311/bin/python /home/hrbncv/SCP/run_pipeline.py --tune-dir /home/hrbncv/SCP/cells/SST/tunes/seg_tuned_all --output-dir /home/hrbncv/SCP/cells/SST/tunes/seg_tuned_all/output_data/slurm_45349/parts --n-trials 20 --output-stem slurm_45349_37 --trial-offset 740 --force-save
Loaded mechanisms from /home/hrbncv/SCP/cells/SST/tunes/seg_tuned_all/modfiles/x86_64/.libs/libnrnmech.so
Loaded Allen cell for 'SST' from /home/hrbncv/SCP/cells/SST/tunes/seg_tuned_all/manifest.json, soma_diam_multiplier=10.0, Vinit=-65.0, loader=genome_fallback
Geometry defined for 'SST': 1 soma segs, 54 proximal dend segs, 52 distal dend segs, 115 total dend segs.
[trial 1/20] input_spikes: pn_exc=1430 bg_exc=1745 bg_inh=543
[trial 1/20] spikes=13  rate=13.00 Hz  time=21.15s
[trial 2/20] input_spikes: pn_exc=1794 bg_exc=2440 bg_inh=744
[trial 2/20] spikes=15  rate=15.00 Hz  time=22.05s
[trial 3/20] input_spikes: pn_exc=1650 bg_exc=2237 bg_inh=702
[trial 3/20] spikes=10  rate=10.00 Hz  time=21.88s
[trial 4/20] input_spikes: pn_exc=1709 bg_exc=2381 bg_inh=747
[trial 4/20] spikes=16  rate=16.00 Hz  time=21.73s
[trial 5/20] input_spikes: pn_exc=1753 bg_exc=2435 bg_inh=837
[trial 5/20] spikes=15  rate=15.00 Hz  time=22.02s
[trial 6/20] input_spikes: pn_exc=1568 bg_exc=2183 bg_inh=667
[trial 6/20] spikes=12  rate=12.00 Hz  time=21.51s
[trial 7/20] input_spikes: pn_exc=1592 bg_exc=2072 bg_inh=681
[trial 7/20] spikes=13  rate=13.00 Hz  time=21.57s
[trial 8/20] input_spikes: pn_exc=1732 bg_exc=2498 bg_inh=754
[trial 8/20] spikes=16  rate=16.00 Hz  time=21.90s
[trial 9/20] input_spikes: pn_exc=1738 bg_exc=2498 bg_inh=815
[trial 9/20] spikes=10  rate=10.00 Hz  time=22.02s
[trial 10/20] input_spikes: pn_exc=1465 bg_exc=1773 bg_inh=505
[trial 10/20] spikes=14  rate=14.00 Hz  time=21.10s
[trial 11/20] input_spikes: pn_exc=1748 bg_exc=2433 bg_inh=810
[trial 11/20] spikes=15  rate=15.00 Hz  time=22.03s
[trial 12/20] input_spikes: pn_exc=1692 bg_exc=2381 bg_inh=749
[trial 12/20] spikes=15  rate=15.00 Hz  time=21.91s
[trial 13/20] input_spikes: pn_exc=1556 bg_exc=2099 bg_inh=653
[trial 13/20] spikes=14  rate=14.00 Hz  time=21.55s
[trial 14/20] input_spikes: pn_exc=1735 bg_exc=2506 bg_inh=732
[trial 14/20] spikes=13  rate=13.00 Hz  time=22.04s
[trial 15/20] input_spikes: pn_exc=1765 bg_exc=2460 bg_inh=738
[trial 15/20] spikes=17  rate=17.00 Hz  time=22.04s
[trial 16/20] input_spikes: pn_exc=1675 bg_exc=2389 bg_inh=759
[trial 16/20] spikes=9  rate=9.00 Hz  time=21.79s
[trial 17/20] input_spikes: pn_exc=1493 bg_exc=1994 bg_inh=661
[trial 17/20] spikes=10  rate=10.00 Hz  time=21.53s
[trial 18/20] input_spikes: pn_exc=1617 bg_exc=2084 bg_inh=637
[trial 18/20] spikes=13  rate=13.00 Hz  time=21.49s
[trial 19/20] input_spikes: pn_exc=1746 bg_exc=2450 bg_inh=777
[trial 19/20] spikes=17  rate=17.00 Hz  time=22.08s
[trial 20/20] input_spikes: pn_exc=1677 bg_exc=2470 bg_inh=724
[trial 20/20] spikes=12  rate=12.00 Hz  time=21.83s
save_plots single_plot warning: Top input panel: group list empty, auto-using all groups (3).
Results saved to /home/hrbncv/SCP/cells/SST/tunes/seg_tuned_all/output_data/slurm_45349/parts/slurm_45349_37/run_manifest.json
Total runtime: 436.47s
