Running: python /home/hrbncv/SCP/run_pipeline.py --tune-dir /home/hrbncv/SCP/cells/SST/tunes/seg_tuned_all --output-dir /home/hrbncv/SCP/cells/SST/tunes/seg_tuned_all/output_data/slurm_39858/parts --n-trials 20 --output-stem slurm_39858_16 --trial-offset 320 --force-save
Loaded mechanisms from /home/hrbncv/SCP/cells/SST/tunes/seg_tuned_all/modfiles/x86_64/.libs/libnrnmech.so
Loaded Allen cell for 'SST' from /home/hrbncv/SCP/cells/SST/tunes/seg_tuned_all/manifest.json, soma_diam_multiplier=10.0, Vinit=-65.0, loader=genome_fallback
Geometry defined for 'SST': 1 soma segs, 54 proximal dend segs, 52 distal dend segs, 115 total dend segs.
[trial 1/20] input_spikes: pn_exc=1695 vip_inh_bio=57 bg_exc=2423 bg_inh=745
[trial 1/20] spikes=1  rate=1.00 Hz  time=22.98s
[trial 2/20] input_spikes: pn_exc=1790 vip_inh_bio=72 bg_exc=2459 bg_inh=770
[trial 2/20] spikes=5  rate=5.00 Hz  time=23.26s
[trial 3/20] input_spikes: pn_exc=1649 vip_inh_bio=70 bg_exc=2245 bg_inh=753
[trial 3/20] spikes=3  rate=3.00 Hz  time=22.72s
[trial 4/20] input_spikes: pn_exc=1639 vip_inh_bio=60 bg_exc=2280 bg_inh=705
[trial 4/20] spikes=1  rate=1.00 Hz  time=22.89s
[trial 5/20] input_spikes: pn_exc=1701 vip_inh_bio=50 bg_exc=2411 bg_inh=771
[trial 5/20] spikes=3  rate=3.00 Hz  time=22.63s
[trial 6/20] input_spikes: pn_exc=1591 vip_inh_bio=80 bg_exc=1981 bg_inh=627
[trial 6/20] spikes=5  rate=5.00 Hz  time=21.90s
[trial 7/20] input_spikes: pn_exc=1629 vip_inh_bio=70 bg_exc=2195 bg_inh=674
[trial 7/20] spikes=3  rate=3.00 Hz  time=21.96s
[trial 8/20] input_spikes: pn_exc=1670 vip_inh_bio=68 bg_exc=2260 bg_inh=736
[trial 8/20] spikes=3  rate=3.00 Hz  time=22.47s
[trial 9/20] input_spikes: pn_exc=1650 vip_inh_bio=66 bg_exc=2287 bg_inh=671
[trial 9/20] spikes=2  rate=2.00 Hz  time=22.22s
[trial 10/20] input_spikes: pn_exc=1661 vip_inh_bio=73 bg_exc=2146 bg_inh=711
[trial 10/20] spikes=1  rate=1.00 Hz  time=22.15s
[trial 11/20] input_spikes: pn_exc=1752 vip_inh_bio=72 bg_exc=2444 bg_inh=738
[trial 11/20] spikes=1  rate=1.00 Hz  time=22.53s
[trial 12/20] input_spikes: pn_exc=1492 vip_inh_bio=49 bg_exc=1832 bg_inh=608
[trial 12/20] spikes=2  rate=2.00 Hz  time=22.08s
[trial 13/20] input_spikes: pn_exc=1677 vip_inh_bio=77 bg_exc=2438 bg_inh=740
[trial 13/20] spikes=4  rate=4.00 Hz  time=22.66s
[trial 14/20] input_spikes: pn_exc=1485 vip_inh_bio=55 bg_exc=1780 bg_inh=563
[trial 14/20] spikes=4  rate=4.00 Hz  time=21.81s
[trial 15/20] input_spikes: pn_exc=1465 vip_inh_bio=51 bg_exc=1502 bg_inh=476
[trial 15/20] spikes=4  rate=4.00 Hz  time=21.63s
[trial 16/20] input_spikes: pn_exc=1687 vip_inh_bio=79 bg_exc=2255 bg_inh=774
[trial 16/20] spikes=3  rate=3.00 Hz  time=22.95s
[trial 17/20] input_spikes: pn_exc=1761 vip_inh_bio=71 bg_exc=2411 bg_inh=755
[trial 17/20] spikes=1  rate=1.00 Hz  time=22.23s
[trial 18/20] input_spikes: pn_exc=1676 vip_inh_bio=58 bg_exc=2306 bg_inh=714
[trial 18/20] spikes=2  rate=2.00 Hz  time=22.59s
[trial 19/20] input_spikes: pn_exc=1538 vip_inh_bio=68 bg_exc=1953 bg_inh=602
[trial 19/20] spikes=2  rate=2.00 Hz  time=21.61s
[trial 20/20] input_spikes: pn_exc=1634 vip_inh_bio=78 bg_exc=2234 bg_inh=713
[trial 20/20] spikes=2  rate=2.00 Hz  time=22.43s
save_plots single_plot warning: Top input panel: group list empty, auto-using all groups (4).
Results saved to /home/hrbncv/SCP/cells/SST/tunes/seg_tuned_all/output_data/slurm_39858/parts/slurm_39858_16/run_manifest.json
Total runtime: 448.97s
