Running: python /home/hrbncv/SCP/run_pipeline.py --tune-dir /home/hrbncv/SCP/cells/PV/tunes/seg_tuned --output-dir /home/hrbncv/SCP/cells/PV/tunes/seg_tuned/output_data/slurm_35079/parts --n-trials 40 --output-stem slurm_35079_13 --trial-offset 520 --force-save
Mechanisms already loaded; skipping duplicate load.
Loaded Allen cell for 'PV' from /home/hrbncv/SCP/cells/PV/tunes/seg_tuned/manifest.json, soma_diam_multiplier=6.0, Vinit=-71.0, loader=allensdk_default
Geometry defined for 'PV': 1 soma segs, 46 proximal dend segs, 41 distal dend segs, 97 total dend segs.
[trial 1/40] input_spikes: pn_exc=2932 bg_exc=921 bg_inh=203 sst_inh=386 pv_inh=754
[trial 1/40] spikes=8  rate=8.00 Hz  time=27.64s
[trial 2/40] input_spikes: pn_exc=2472 bg_exc=690 bg_inh=168 sst_inh=370 pv_inh=755
[trial 2/40] spikes=6  rate=6.00 Hz  time=27.36s
[trial 3/40] input_spikes: pn_exc=2443 bg_exc=695 bg_inh=166 sst_inh=358 pv_inh=743
[trial 3/40] spikes=5  rate=5.00 Hz  time=26.99s
[trial 4/40] input_spikes: pn_exc=2744 bg_exc=845 bg_inh=203 sst_inh=359 pv_inh=748
[trial 4/40] spikes=7  rate=7.00 Hz  time=27.59s
[trial 5/40] input_spikes: pn_exc=2719 bg_exc=844 bg_inh=208 sst_inh=390 pv_inh=759
[trial 5/40] spikes=7  rate=7.00 Hz  time=27.35s
[trial 6/40] input_spikes: pn_exc=2680 bg_exc=799 bg_inh=183 sst_inh=364 pv_inh=751
[trial 6/40] spikes=7  rate=7.00 Hz  time=27.09s
[trial 7/40] input_spikes: pn_exc=2778 bg_exc=922 bg_inh=201 sst_inh=385 pv_inh=750
[trial 7/40] spikes=8  rate=8.00 Hz  time=27.52s
[trial 8/40] input_spikes: pn_exc=2673 bg_exc=800 bg_inh=181 sst_inh=377 pv_inh=754
[trial 8/40] spikes=6  rate=6.00 Hz  time=27.44s
[trial 9/40] input_spikes: pn_exc=2624 bg_exc=806 bg_inh=165 sst_inh=355 pv_inh=754
[trial 9/40] spikes=6  rate=6.00 Hz  time=27.06s
[trial 10/40] input_spikes: pn_exc=2566 bg_exc=787 bg_inh=202 sst_inh=368 pv_inh=751
[trial 10/40] spikes=6  rate=6.00 Hz  time=27.46s
[trial 11/40] input_spikes: pn_exc=2564 bg_exc=678 bg_inh=167 sst_inh=379 pv_inh=747
[trial 11/40] spikes=6  rate=6.00 Hz  time=27.30s
[trial 12/40] input_spikes: pn_exc=2712 bg_exc=780 bg_inh=207 sst_inh=407 pv_inh=748
[trial 12/40] spikes=7  rate=7.00 Hz  time=27.15s
[trial 13/40] input_spikes: pn_exc=2617 bg_exc=794 bg_inh=187 sst_inh=380 pv_inh=748
[trial 13/40] spikes=6  rate=6.00 Hz  time=27.50s
[trial 14/40] input_spikes: pn_exc=2482 bg_exc=716 bg_inh=184 sst_inh=383 pv_inh=743
[trial 14/40] spikes=6  rate=6.00 Hz  time=27.27s
[trial 15/40] input_spikes: pn_exc=2787 bg_exc=897 bg_inh=197 sst_inh=377 pv_inh=748
[trial 15/40] spikes=5  rate=5.00 Hz  time=27.27s
[trial 16/40] input_spikes: pn_exc=2673 bg_exc=762 bg_inh=156 sst_inh=374 pv_inh=735
[trial 16/40] spikes=7  rate=7.00 Hz  time=27.60s
[trial 17/40] input_spikes: pn_exc=2549 bg_exc=730 bg_inh=164 sst_inh=353 pv_inh=743
[trial 17/40] spikes=8  rate=8.00 Hz  time=27.28s
[trial 18/40] input_spikes: pn_exc=2830 bg_exc=808 bg_inh=199 sst_inh=365 pv_inh=741
[trial 18/40] spikes=8  rate=8.00 Hz  time=27.14s
[trial 19/40] input_spikes: pn_exc=2624 bg_exc=788 bg_inh=180 sst_inh=369 pv_inh=754
[trial 19/40] spikes=7  rate=7.00 Hz  time=27.61s
[trial 20/40] input_spikes: pn_exc=2673 bg_exc=794 bg_inh=185 sst_inh=384 pv_inh=731
[trial 20/40] spikes=5  rate=5.00 Hz  time=27.32s
[trial 21/40] input_spikes: pn_exc=2776 bg_exc=834 bg_inh=212 sst_inh=366 pv_inh=738
[trial 21/40] spikes=6  rate=6.00 Hz  time=27.17s
[trial 22/40] input_spikes: pn_exc=2798 bg_exc=806 bg_inh=190 sst_inh=365 pv_inh=748
[trial 22/40] spikes=7  rate=7.00 Hz  time=27.58s
[trial 23/40] input_spikes: pn_exc=2789 bg_exc=896 bg_inh=212 sst_inh=369 pv_inh=741
[trial 23/40] spikes=7  rate=7.00 Hz  time=27.43s
[trial 24/40] input_spikes: pn_exc=2771 bg_exc=801 bg_inh=196 sst_inh=389 pv_inh=750
[trial 24/40] spikes=6  rate=6.00 Hz  time=27.03s
[trial 25/40] input_spikes: pn_exc=2769 bg_exc=871 bg_inh=219 sst_inh=382 pv_inh=749
[trial 25/40] spikes=6  rate=6.00 Hz  time=27.61s
[trial 26/40] input_spikes: pn_exc=2824 bg_exc=929 bg_inh=202 sst_inh=379 pv_inh=743
[trial 26/40] spikes=8  rate=8.00 Hz  time=27.35s
[trial 27/40] input_spikes: pn_exc=2779 bg_exc=779 bg_inh=188 sst_inh=374 pv_inh=759
[trial 27/40] spikes=6  rate=6.00 Hz  time=27.06s
[trial 28/40] input_spikes: pn_exc=2819 bg_exc=820 bg_inh=221 sst_inh=399 pv_inh=737
[trial 28/40] spikes=7  rate=7.00 Hz  time=27.62s
[trial 29/40] input_spikes: pn_exc=2728 bg_exc=864 bg_inh=199 sst_inh=377 pv_inh=752
[trial 29/40] spikes=8  rate=8.00 Hz  time=27.41s
[trial 30/40] input_spikes: pn_exc=2874 bg_exc=846 bg_inh=201 sst_inh=364 pv_inh=736
[trial 30/40] spikes=6  rate=6.00 Hz  time=27.23s
[trial 31/40] input_spikes: pn_exc=2754 bg_exc=847 bg_inh=247 sst_inh=352 pv_inh=758
[trial 31/40] spikes=5  rate=5.00 Hz  time=27.54s
[trial 32/40] input_spikes: pn_exc=2676 bg_exc=760 bg_inh=188 sst_inh=367 pv_inh=759
[trial 32/40] spikes=5  rate=5.00 Hz  time=27.35s
[trial 33/40] input_spikes: pn_exc=2894 bg_exc=909 bg_inh=229 sst_inh=367 pv_inh=761
[trial 33/40] spikes=7  rate=7.00 Hz  time=27.23s
[trial 34/40] input_spikes: pn_exc=2842 bg_exc=831 bg_inh=210 sst_inh=381 pv_inh=730
[trial 34/40] spikes=7  rate=7.00 Hz  time=27.52s
[trial 35/40] input_spikes: pn_exc=2767 bg_exc=819 bg_inh=204 sst_inh=384 pv_inh=757
[trial 35/40] spikes=6  rate=6.00 Hz  time=27.49s
[trial 36/40] input_spikes: pn_exc=2658 bg_exc=724 bg_inh=205 sst_inh=394 pv_inh=743
[trial 36/40] spikes=6  rate=6.00 Hz  time=27.24s
[trial 37/40] input_spikes: pn_exc=2844 bg_exc=855 bg_inh=207 sst_inh=364 pv_inh=761
[trial 37/40] spikes=6  rate=6.00 Hz  time=27.63s
[trial 38/40] input_spikes: pn_exc=2799 bg_exc=835 bg_inh=200 sst_inh=383 pv_inh=748
[trial 38/40] spikes=8  rate=8.00 Hz  time=27.30s
[trial 39/40] input_spikes: pn_exc=2616 bg_exc=745 bg_inh=186 sst_inh=365 pv_inh=748
[trial 39/40] spikes=6  rate=6.00 Hz  time=27.12s
[trial 40/40] input_spikes: pn_exc=2605 bg_exc=777 bg_inh=200 sst_inh=374 pv_inh=747
[trial 40/40] spikes=7  rate=7.00 Hz  time=27.43s
save_plots single_plot warning: Top input panel: group list empty, auto-using all groups (5).
Results saved to /home/hrbncv/SCP/cells/PV/tunes/seg_tuned/output_data/slurm_35079/parts/slurm_35079_13/run_manifest.json
Total runtime: 1095.79s
