Running: python /home/hrbncv/SCP/run_pipeline.py --tune-dir /home/hrbncv/SCP/cells/SST/tunes/seg_tuned_all --output-dir /home/hrbncv/SCP/cells/SST/tunes/seg_tuned_all/output_data/slurm_35973/parts --n-trials 20 --output-stem slurm_35973_20 --trial-offset 400 --force-save
Loaded mechanisms from /home/hrbncv/SCP/cells/SST/tunes/seg_tuned_all/modfiles/x86_64/.libs/libnrnmech.so
Loaded Allen cell for 'SST' from /home/hrbncv/SCP/cells/SST/tunes/seg_tuned_all/manifest.json, soma_diam_multiplier=10.0, Vinit=-65.0, loader=genome_fallback
Geometry defined for 'SST': 1 soma segs, 54 proximal dend segs, 52 distal dend segs, 115 total dend segs.
[trial 1/20] input_spikes: pn_exc=1790 bg_exc=2385 bg_inh=727
[trial 1/20] spikes=4  rate=4.00 Hz  time=22.33s
[trial 2/20] input_spikes: pn_exc=1788 bg_exc=2552 bg_inh=809
[trial 2/20] spikes=4  rate=4.00 Hz  time=22.29s
[trial 3/20] input_spikes: pn_exc=1690 bg_exc=2443 bg_inh=763
[trial 3/20] spikes=5  rate=5.00 Hz  time=22.27s
[trial 4/20] input_spikes: pn_exc=1740 bg_exc=2414 bg_inh=772
[trial 4/20] spikes=6  rate=6.00 Hz  time=22.13s
[trial 5/20] input_spikes: pn_exc=1486 bg_exc=832 bg_inh=286
[trial 5/20] spikes=2  rate=2.00 Hz  time=21.02s
[trial 6/20] input_spikes: pn_exc=1709 bg_exc=2418 bg_inh=759
[trial 6/20] spikes=9  rate=9.00 Hz  time=22.07s
[trial 7/20] input_spikes: pn_exc=1473 bg_exc=1710 bg_inh=573
[trial 7/20] spikes=4  rate=4.00 Hz  time=21.61s
[trial 8/20] input_spikes: pn_exc=1731 bg_exc=2338 bg_inh=752
[trial 8/20] spikes=9  rate=9.00 Hz  time=21.95s
[trial 9/20] input_spikes: pn_exc=1687 bg_exc=2307 bg_inh=682
[trial 9/20] spikes=3  rate=3.00 Hz  time=21.90s
[trial 10/20] input_spikes: pn_exc=1837 bg_exc=2469 bg_inh=797
[trial 10/20] spikes=6  rate=6.00 Hz  time=22.21s
[trial 11/20] input_spikes: pn_exc=1464 bg_exc=1700 bg_inh=553
[trial 11/20] spikes=7  rate=7.00 Hz  time=21.49s
[trial 12/20] input_spikes: pn_exc=1500 bg_exc=1953 bg_inh=628
[trial 12/20] spikes=6  rate=6.00 Hz  time=21.66s
[trial 13/20] input_spikes: pn_exc=1492 bg_exc=1882 bg_inh=574
[trial 13/20] spikes=1  rate=1.00 Hz  time=21.67s
[trial 14/20] input_spikes: pn_exc=1654 bg_exc=2305 bg_inh=730
[trial 14/20] spikes=6  rate=6.00 Hz  time=22.08s
[trial 15/20] input_spikes: pn_exc=1422 bg_exc=1725 bg_inh=499
[trial 15/20] spikes=3  rate=3.00 Hz  time=21.57s
[trial 16/20] input_spikes: pn_exc=1565 bg_exc=2090 bg_inh=671
[trial 16/20] spikes=1  rate=1.00 Hz  time=21.75s
[trial 17/20] input_spikes: pn_exc=1707 bg_exc=2451 bg_inh=774
[trial 17/20] spikes=6  rate=6.00 Hz  time=22.45s
[trial 18/20] input_spikes: pn_exc=1671 bg_exc=2372 bg_inh=668
[trial 18/20] spikes=4  rate=4.00 Hz  time=22.09s
[trial 19/20] input_spikes: pn_exc=1846 bg_exc=2442 bg_inh=760
[trial 19/20] spikes=7  rate=7.00 Hz  time=22.35s
[trial 20/20] input_spikes: pn_exc=1739 bg_exc=2462 bg_inh=753
[trial 20/20] spikes=0  rate=0.00 Hz  time=22.07s
Results saved to /home/hrbncv/SCP/cells/SST/tunes/seg_tuned_all/output_data/slurm_35973/parts/slurm_35973_20/run_manifest.json
Total runtime: 439.27s
