Running: python /home/hrbncv/SCP/run_pipeline.py --tune-dir /home/hrbncv/SCP/cells/SST/tunes/seg_tuned_all --output-dir /home/hrbncv/SCP/cells/SST/tunes/seg_tuned_all/output_data/slurm_35973/parts --n-trials 20 --output-stem slurm_35973_9 --trial-offset 180 --force-save
Loaded mechanisms from /home/hrbncv/SCP/cells/SST/tunes/seg_tuned_all/modfiles/x86_64/.libs/libnrnmech.so
Loaded Allen cell for 'SST' from /home/hrbncv/SCP/cells/SST/tunes/seg_tuned_all/manifest.json, soma_diam_multiplier=10.0, Vinit=-65.0, loader=genome_fallback
Geometry defined for 'SST': 1 soma segs, 54 proximal dend segs, 52 distal dend segs, 115 total dend segs.
[trial 1/20] input_spikes: pn_exc=1438 bg_exc=1811 bg_inh=591
[trial 1/20] spikes=7  rate=7.00 Hz  time=21.83s
[trial 2/20] input_spikes: pn_exc=1454 bg_exc=1769 bg_inh=530
[trial 2/20] spikes=2  rate=2.00 Hz  time=21.64s
[trial 3/20] input_spikes: pn_exc=1716 bg_exc=2304 bg_inh=697
[trial 3/20] spikes=6  rate=6.00 Hz  time=22.39s
[trial 4/20] input_spikes: pn_exc=1478 bg_exc=1578 bg_inh=557
[trial 4/20] spikes=6  rate=6.00 Hz  time=21.38s
[trial 5/20] input_spikes: pn_exc=1755 bg_exc=2407 bg_inh=771
[trial 5/20] spikes=3  rate=3.00 Hz  time=22.37s
[trial 6/20] input_spikes: pn_exc=1719 bg_exc=2445 bg_inh=773
[trial 6/20] spikes=5  rate=5.00 Hz  time=23.31s
[trial 7/20] input_spikes: pn_exc=1660 bg_exc=2339 bg_inh=725
[trial 7/20] spikes=5  rate=5.00 Hz  time=23.20s
[trial 8/20] input_spikes: pn_exc=1727 bg_exc=2444 bg_inh=802
[trial 8/20] spikes=2  rate=2.00 Hz  time=22.39s
[trial 9/20] input_spikes: pn_exc=1692 bg_exc=2386 bg_inh=784
[trial 9/20] spikes=4  rate=4.00 Hz  time=21.89s
[trial 10/20] input_spikes: pn_exc=1745 bg_exc=2451 bg_inh=777
[trial 10/20] spikes=6  rate=6.00 Hz  time=21.63s
[trial 11/20] input_spikes: pn_exc=1607 bg_exc=2040 bg_inh=664
[trial 11/20] spikes=7  rate=7.00 Hz  time=21.31s
[trial 12/20] input_spikes: pn_exc=1802 bg_exc=2420 bg_inh=746
[trial 12/20] spikes=6  rate=6.00 Hz  time=21.66s
[trial 13/20] input_spikes: pn_exc=1780 bg_exc=2370 bg_inh=717
[trial 13/20] spikes=2  rate=2.00 Hz  time=21.70s
[trial 14/20] input_spikes: pn_exc=1667 bg_exc=2497 bg_inh=787
[trial 14/20] spikes=1  rate=1.00 Hz  time=22.05s
[trial 15/20] input_spikes: pn_exc=1677 bg_exc=2237 bg_inh=712
[trial 15/20] spikes=2  rate=2.00 Hz  time=21.59s
[trial 16/20] input_spikes: pn_exc=1740 bg_exc=2477 bg_inh=767
[trial 16/20] spikes=2  rate=2.00 Hz  time=21.74s
[trial 17/20] input_spikes: pn_exc=1686 bg_exc=2334 bg_inh=748
[trial 17/20] spikes=5  rate=5.00 Hz  time=21.67s
[trial 18/20] input_spikes: pn_exc=1726 bg_exc=2405 bg_inh=745
[trial 18/20] spikes=5  rate=5.00 Hz  time=21.61s
[trial 19/20] input_spikes: pn_exc=1595 bg_exc=2274 bg_inh=715
[trial 19/20] spikes=6  rate=6.00 Hz  time=21.58s
[trial 20/20] input_spikes: pn_exc=1661 bg_exc=2416 bg_inh=750
[trial 20/20] spikes=9  rate=9.00 Hz  time=21.41s
Results saved to /home/hrbncv/SCP/cells/SST/tunes/seg_tuned_all/output_data/slurm_35973/parts/slurm_35973_9/run_manifest.json
Total runtime: 438.65s
