Running: python /home/hrbncv/SCP/run_pipeline.py --tune-dir /home/hrbncv/SCP/cells/PV/tunes/seg_tuned --output-dir /home/hrbncv/SCP/cells/PV/tunes/seg_tuned/output_data/slurm_35079/parts --n-trials 40 --output-stem slurm_35079_16 --trial-offset 640 --force-save
Mechanisms already loaded; skipping duplicate load.
Loaded Allen cell for 'PV' from /home/hrbncv/SCP/cells/PV/tunes/seg_tuned/manifest.json, soma_diam_multiplier=6.0, Vinit=-71.0, loader=allensdk_default
Geometry defined for 'PV': 1 soma segs, 46 proximal dend segs, 41 distal dend segs, 97 total dend segs.
[trial 1/40] input_spikes: pn_exc=2857 bg_exc=884 bg_inh=215 sst_inh=393 pv_inh=742
[trial 1/40] spikes=5  rate=5.00 Hz  time=26.94s
[trial 2/40] input_spikes: pn_exc=2696 bg_exc=818 bg_inh=207 sst_inh=381 pv_inh=753
[trial 2/40] spikes=5  rate=5.00 Hz  time=26.80s
[trial 3/40] input_spikes: pn_exc=2765 bg_exc=860 bg_inh=208 sst_inh=407 pv_inh=752
[trial 3/40] spikes=6  rate=6.00 Hz  time=26.71s
[trial 4/40] input_spikes: pn_exc=2826 bg_exc=872 bg_inh=197 sst_inh=373 pv_inh=733
[trial 4/40] spikes=6  rate=6.00 Hz  time=26.88s
[trial 5/40] input_spikes: pn_exc=2635 bg_exc=810 bg_inh=206 sst_inh=381 pv_inh=742
[trial 5/40] spikes=7  rate=7.00 Hz  time=26.78s
[trial 6/40] input_spikes: pn_exc=2482 bg_exc=559 bg_inh=138 sst_inh=370 pv_inh=742
[trial 6/40] spikes=7  rate=7.00 Hz  time=26.73s
[trial 7/40] input_spikes: pn_exc=2774 bg_exc=840 bg_inh=204 sst_inh=384 pv_inh=750
[trial 7/40] spikes=8  rate=8.00 Hz  time=26.95s
[trial 8/40] input_spikes: pn_exc=2857 bg_exc=841 bg_inh=231 sst_inh=372 pv_inh=746
[trial 8/40] spikes=6  rate=6.00 Hz  time=26.96s
[trial 9/40] input_spikes: pn_exc=2807 bg_exc=914 bg_inh=182 sst_inh=365 pv_inh=735
[trial 9/40] spikes=9  rate=9.00 Hz  time=26.76s
[trial 10/40] input_spikes: pn_exc=2303 bg_exc=632 bg_inh=170 sst_inh=367 pv_inh=752
[trial 10/40] spikes=6  rate=6.00 Hz  time=26.86s
[trial 11/40] input_spikes: pn_exc=2693 bg_exc=835 bg_inh=233 sst_inh=373 pv_inh=747
[trial 11/40] spikes=6  rate=6.00 Hz  time=26.89s
[trial 12/40] input_spikes: pn_exc=2872 bg_exc=816 bg_inh=215 sst_inh=363 pv_inh=762
[trial 12/40] spikes=6  rate=6.00 Hz  time=26.79s
[trial 13/40] input_spikes: pn_exc=2829 bg_exc=838 bg_inh=223 sst_inh=378 pv_inh=741
[trial 13/40] spikes=9  rate=9.00 Hz  time=26.90s
[trial 14/40] input_spikes: pn_exc=2914 bg_exc=847 bg_inh=186 sst_inh=361 pv_inh=759
[trial 14/40] spikes=7  rate=7.00 Hz  time=26.77s
[trial 15/40] input_spikes: pn_exc=2921 bg_exc=862 bg_inh=200 sst_inh=367 pv_inh=742
[trial 15/40] spikes=6  rate=6.00 Hz  time=26.96s
[trial 16/40] input_spikes: pn_exc=2803 bg_exc=932 bg_inh=199 sst_inh=358 pv_inh=745
[trial 16/40] spikes=7  rate=7.00 Hz  time=26.84s
[trial 17/40] input_spikes: pn_exc=2880 bg_exc=872 bg_inh=177 sst_inh=354 pv_inh=748
[trial 17/40] spikes=12  rate=12.00 Hz  time=26.78s
[trial 18/40] input_spikes: pn_exc=2746 bg_exc=837 bg_inh=210 sst_inh=363 pv_inh=750
[trial 18/40] spikes=7  rate=7.00 Hz  time=26.80s
[trial 19/40] input_spikes: pn_exc=2813 bg_exc=860 bg_inh=200 sst_inh=373 pv_inh=758
[trial 19/40] spikes=5  rate=5.00 Hz  time=26.94s
[trial 20/40] input_spikes: pn_exc=2763 bg_exc=844 bg_inh=200 sst_inh=376 pv_inh=742
[trial 20/40] spikes=5  rate=5.00 Hz  time=26.86s
[trial 21/40] input_spikes: pn_exc=2791 bg_exc=803 bg_inh=202 sst_inh=359 pv_inh=751
[trial 21/40] spikes=6  rate=6.00 Hz  time=26.87s
[trial 22/40] input_spikes: pn_exc=2703 bg_exc=815 bg_inh=206 sst_inh=395 pv_inh=749
[trial 22/40] spikes=5  rate=5.00 Hz  time=26.86s
[trial 23/40] input_spikes: pn_exc=2967 bg_exc=830 bg_inh=230 sst_inh=395 pv_inh=755
[trial 23/40] spikes=7  rate=7.00 Hz  time=26.78s
[trial 24/40] input_spikes: pn_exc=2739 bg_exc=759 bg_inh=187 sst_inh=378 pv_inh=763
[trial 24/40] spikes=7  rate=7.00 Hz  time=26.71s
[trial 25/40] input_spikes: pn_exc=2761 bg_exc=816 bg_inh=211 sst_inh=377 pv_inh=740
[trial 25/40] spikes=8  rate=8.00 Hz  time=26.89s
[trial 26/40] input_spikes: pn_exc=2678 bg_exc=865 bg_inh=211 sst_inh=375 pv_inh=741
[trial 26/40] spikes=6  rate=6.00 Hz  time=26.80s
[trial 27/40] input_spikes: pn_exc=2784 bg_exc=808 bg_inh=183 sst_inh=388 pv_inh=747
[trial 27/40] spikes=7  rate=7.00 Hz  time=26.83s
[trial 28/40] input_spikes: pn_exc=2842 bg_exc=843 bg_inh=234 sst_inh=350 pv_inh=747
[trial 28/40] spikes=7  rate=7.00 Hz  time=26.99s
[trial 29/40] input_spikes: pn_exc=2795 bg_exc=832 bg_inh=208 sst_inh=354 pv_inh=749
[trial 29/40] spikes=6  rate=6.00 Hz  time=26.82s
[trial 30/40] input_spikes: pn_exc=2369 bg_exc=427 bg_inh=114 sst_inh=374 pv_inh=758
[trial 30/40] spikes=6  rate=6.00 Hz  time=26.77s
[trial 31/40] input_spikes: pn_exc=2885 bg_exc=841 bg_inh=210 sst_inh=388 pv_inh=744
[trial 31/40] spikes=7  rate=7.00 Hz  time=26.88s
[trial 32/40] input_spikes: pn_exc=2457 bg_exc=680 bg_inh=132 sst_inh=365 pv_inh=760
[trial 32/40] spikes=6  rate=6.00 Hz  time=26.80s
[trial 33/40] input_spikes: pn_exc=2856 bg_exc=884 bg_inh=199 sst_inh=364 pv_inh=741
[trial 33/40] spikes=7  rate=7.00 Hz  time=26.79s
[trial 34/40] input_spikes: pn_exc=2837 bg_exc=893 bg_inh=202 sst_inh=379 pv_inh=747
[trial 34/40] spikes=7  rate=7.00 Hz  time=26.87s
[trial 35/40] input_spikes: pn_exc=2735 bg_exc=754 bg_inh=204 sst_inh=363 pv_inh=753
[trial 35/40] spikes=8  rate=8.00 Hz  time=26.91s
[trial 36/40] input_spikes: pn_exc=2635 bg_exc=735 bg_inh=163 sst_inh=377 pv_inh=748
[trial 36/40] spikes=7  rate=7.00 Hz  time=26.83s
[trial 37/40] input_spikes: pn_exc=2923 bg_exc=916 bg_inh=198 sst_inh=355 pv_inh=732
[trial 37/40] spikes=9  rate=9.00 Hz  time=26.92s
[trial 38/40] input_spikes: pn_exc=2659 bg_exc=810 bg_inh=196 sst_inh=394 pv_inh=760
[trial 38/40] spikes=7  rate=7.00 Hz  time=26.79s
[trial 39/40] input_spikes: pn_exc=2839 bg_exc=884 bg_inh=206 sst_inh=362 pv_inh=748
[trial 39/40] spikes=8  rate=8.00 Hz  time=26.80s
[trial 40/40] input_spikes: pn_exc=2521 bg_exc=674 bg_inh=164 sst_inh=374 pv_inh=751
[trial 40/40] spikes=5  rate=5.00 Hz  time=26.76s
save_plots single_plot warning: Top input panel: group list empty, auto-using all groups (5).
Results saved to /home/hrbncv/SCP/cells/PV/tunes/seg_tuned/output_data/slurm_35079/parts/slurm_35079_16/run_manifest.json
Total runtime: 1075.16s
