Running: /home/hrbncv/miniconda3/envs/BMTK-py311/bin/python /home/hrbncv/SCP/run_pipeline.py --tune-dir /home/hrbncv/SCP/cells/SST/tunes/seg_tuned_all --output-dir /home/hrbncv/SCP/cells/SST/tunes/seg_tuned_all/output_data/slurm_42203/parts --n-trials 100 --output-stem slurm_42203_40 --trial-offset 4000 --force-save
Loaded mechanisms from /home/hrbncv/SCP/cells/SST/tunes/seg_tuned_all/modfiles/x86_64/.libs/libnrnmech.so
Loaded Allen cell for 'SST' from /home/hrbncv/SCP/cells/SST/tunes/seg_tuned_all/manifest.json, soma_diam_multiplier=10.0, Vinit=-65.0, loader=genome_fallback
Geometry defined for 'SST': 1 soma segs, 54 proximal dend segs, 52 distal dend segs, 115 total dend segs.
[trial 1/100] input_spikes: pn_exc=1730 vip_inh_bio=361 bg_exc=2319 bg_inh=748
[trial 1/100] spikes=6  rate=6.00 Hz  time=22.13s
[trial 2/100] input_spikes: pn_exc=1803 vip_inh_bio=365 bg_exc=2564 bg_inh=808
[trial 2/100] spikes=8  rate=8.00 Hz  time=22.42s
[trial 3/100] input_spikes: pn_exc=1704 vip_inh_bio=388 bg_exc=2352 bg_inh=739
[trial 3/100] spikes=4  rate=4.00 Hz  time=22.23s
[trial 4/100] input_spikes: pn_exc=1635 vip_inh_bio=349 bg_exc=2078 bg_inh=611
[trial 4/100] spikes=5  rate=5.00 Hz  time=21.80s
[trial 5/100] input_spikes: pn_exc=1691 vip_inh_bio=369 bg_exc=2465 bg_inh=817
[trial 5/100] spikes=1  rate=1.00 Hz  time=22.19s
[trial 6/100] input_spikes: pn_exc=1681 vip_inh_bio=342 bg_exc=2449 bg_inh=770
[trial 6/100] spikes=4  rate=4.00 Hz  time=22.26s
[trial 7/100] input_spikes: pn_exc=1664 vip_inh_bio=368 bg_exc=2225 bg_inh=658
[trial 7/100] spikes=9  rate=9.00 Hz  time=21.93s
[trial 8/100] input_spikes: pn_exc=1663 vip_inh_bio=352 bg_exc=2352 bg_inh=773
[trial 8/100] spikes=2  rate=2.00 Hz  time=22.12s
[trial 9/100] input_spikes: pn_exc=1731 vip_inh_bio=354 bg_exc=2420 bg_inh=808
[trial 9/100] spikes=5  rate=5.00 Hz  time=22.25s
[trial 10/100] input_spikes: pn_exc=1720 vip_inh_bio=392 bg_exc=2343 bg_inh=727
[trial 10/100] spikes=5  rate=5.00 Hz  time=22.09s
[trial 11/100] input_spikes: pn_exc=1611 vip_inh_bio=375 bg_exc=2254 bg_inh=696
[trial 11/100] spikes=6  rate=6.00 Hz  time=21.95s
[trial 12/100] input_spikes: pn_exc=1746 vip_inh_bio=358 bg_exc=2402 bg_inh=753
[trial 12/100] spikes=3  rate=3.00 Hz  time=22.25s
[trial 13/100] input_spikes: pn_exc=1769 vip_inh_bio=393 bg_exc=2363 bg_inh=702
[trial 13/100] spikes=2  rate=2.00 Hz  time=22.17s
[trial 14/100] input_spikes: pn_exc=1663 vip_inh_bio=383 bg_exc=2261 bg_inh=736
[trial 14/100] spikes=3  rate=3.00 Hz  time=21.99s
[trial 15/100] input_spikes: pn_exc=1559 vip_inh_bio=368 bg_exc=2030 bg_inh=685
[trial 15/100] spikes=5  rate=5.00 Hz  time=21.67s
[trial 16/100] input_spikes: pn_exc=1731 vip_inh_bio=363 bg_exc=2373 bg_inh=816
[trial 16/100] spikes=3  rate=3.00 Hz  time=22.14s
[trial 17/100] input_spikes: pn_exc=1440 vip_inh_bio=340 bg_exc=2053 bg_inh=633
[trial 17/100] spikes=3  rate=3.00 Hz  time=21.74s
[trial 18/100] input_spikes: pn_exc=1603 vip_inh_bio=383 bg_exc=2057 bg_inh=650
[trial 18/100] spikes=4  rate=4.00 Hz  time=21.76s
[trial 19/100] input_spikes: pn_exc=1715 vip_inh_bio=338 bg_exc=2234 bg_inh=691
[trial 19/100] spikes=2  rate=2.00 Hz  time=21.97s
[trial 20/100] input_spikes: pn_exc=1643 vip_inh_bio=378 bg_exc=2193 bg_inh=692
[trial 20/100] spikes=1  rate=1.00 Hz  time=21.81s
[trial 21/100] input_spikes: pn_exc=1751 vip_inh_bio=412 bg_exc=2460 bg_inh=787
[trial 21/100] spikes=3  rate=3.00 Hz  time=22.37s
[trial 22/100] input_spikes: pn_exc=1742 vip_inh_bio=415 bg_exc=2462 bg_inh=793
[trial 22/100] spikes=4  rate=4.00 Hz  time=22.26s
[trial 23/100] input_spikes: pn_exc=1516 vip_inh_bio=319 bg_exc=1739 bg_inh=626
[trial 23/100] spikes=5  rate=5.00 Hz  time=21.60s
[trial 24/100] input_spikes: pn_exc=1771 vip_inh_bio=386 bg_exc=2450 bg_inh=756
[trial 24/100] spikes=4  rate=4.00 Hz  time=22.24s
[trial 25/100] input_spikes: pn_exc=1746 vip_inh_bio=321 bg_exc=2285 bg_inh=751
[trial 25/100] spikes=8  rate=8.00 Hz  time=21.99s
[trial 26/100] input_spikes: pn_exc=1720 vip_inh_bio=359 bg_exc=2459 bg_inh=748
[trial 26/100] spikes=5  rate=5.00 Hz  time=22.24s
[trial 27/100] input_spikes: pn_exc=1551 vip_inh_bio=319 bg_exc=2028 bg_inh=635
[trial 27/100] spikes=4  rate=4.00 Hz  time=21.75s
[trial 28/100] input_spikes: pn_exc=1663 vip_inh_bio=343 bg_exc=2276 bg_inh=664
[trial 28/100] spikes=5  rate=5.00 Hz  time=21.94s
[trial 29/100] input_spikes: pn_exc=1675 vip_inh_bio=379 bg_exc=2440 bg_inh=745
[trial 29/100] spikes=5  rate=5.00 Hz  time=22.08s
[trial 30/100] input_spikes: pn_exc=1792 vip_inh_bio=386 bg_exc=2471 bg_inh=842
[trial 30/100] spikes=2  rate=2.00 Hz  time=21.93s
[trial 31/100] input_spikes: pn_exc=1618 vip_inh_bio=355 bg_exc=2325 bg_inh=716
[trial 31/100] spikes=3  rate=3.00 Hz  time=21.99s
[trial 32/100] input_spikes: pn_exc=1738 vip_inh_bio=370 bg_exc=2358 bg_inh=733
[trial 32/100] spikes=4  rate=4.00 Hz  time=22.13s
[trial 33/100] input_spikes: pn_exc=1583 vip_inh_bio=373 bg_exc=2055 bg_inh=655
[trial 33/100] spikes=4  rate=4.00 Hz  time=21.91s
[trial 34/100] input_spikes: pn_exc=1765 vip_inh_bio=362 bg_exc=2446 bg_inh=795
[trial 34/100] spikes=5  rate=5.00 Hz  time=22.15s
[trial 35/100] input_spikes: pn_exc=1543 vip_inh_bio=339 bg_exc=1981 bg_inh=635
[trial 35/100] spikes=3  rate=3.00 Hz  time=21.59s
[trial 36/100] input_spikes: pn_exc=1739 vip_inh_bio=377 bg_exc=2407 bg_inh=850
[trial 36/100] spikes=2  rate=2.00 Hz  time=22.08s
[trial 37/100] input_spikes: pn_exc=1792 vip_inh_bio=377 bg_exc=2455 bg_inh=785
[trial 37/100] spikes=3  rate=3.00 Hz  time=21.96s
[trial 38/100] input_spikes: pn_exc=1585 vip_inh_bio=395 bg_exc=2177 bg_inh=660
[trial 38/100] spikes=4  rate=4.00 Hz  time=21.56s
[trial 39/100] input_spikes: pn_exc=1648 vip_inh_bio=378 bg_exc=2492 bg_inh=803
[trial 39/100] spikes=6  rate=6.00 Hz  time=21.97s
[trial 40/100] input_spikes: pn_exc=1711 vip_inh_bio=371 bg_exc=2428 bg_inh=756
[trial 40/100] spikes=5  rate=5.00 Hz  time=21.86s
[trial 41/100] input_spikes: pn_exc=1791 vip_inh_bio=361 bg_exc=2496 bg_inh=758
[trial 41/100] spikes=4  rate=4.00 Hz  time=21.96s
[trial 42/100] input_spikes: pn_exc=1716 vip_inh_bio=366 bg_exc=2186 bg_inh=698
[trial 42/100] spikes=0  rate=0.00 Hz  time=21.51s
[trial 43/100] input_spikes: pn_exc=1713 vip_inh_bio=338 bg_exc=2253 bg_inh=696
[trial 43/100] spikes=4  rate=4.00 Hz  time=21.74s
[trial 44/100] input_spikes: pn_exc=1623 vip_inh_bio=311 bg_exc=2204 bg_inh=675
[trial 44/100] spikes=9  rate=9.00 Hz  time=21.45s
[trial 45/100] input_spikes: pn_exc=1734 vip_inh_bio=377 bg_exc=2397 bg_inh=781
[trial 45/100] spikes=7  rate=7.00 Hz  time=21.87s
[trial 46/100] input_spikes: pn_exc=1703 vip_inh_bio=362 bg_exc=2337 bg_inh=747
[trial 46/100] spikes=6  rate=6.00 Hz  time=21.82s
[trial 47/100] input_spikes: pn_exc=1743 vip_inh_bio=351 bg_exc=2377 bg_inh=740
[trial 47/100] spikes=4  rate=4.00 Hz  time=21.84s
[trial 48/100] input_spikes: pn_exc=1611 vip_inh_bio=325 bg_exc=2066 bg_inh=606
[trial 48/100] spikes=7  rate=7.00 Hz  time=21.39s
[trial 49/100] input_spikes: pn_exc=1670 vip_inh_bio=371 bg_exc=2297 bg_inh=769
[trial 49/100] spikes=2  rate=2.00 Hz  time=21.82s
[trial 50/100] input_spikes: pn_exc=1625 vip_inh_bio=340 bg_exc=2328 bg_inh=813
[trial 50/100] spikes=4  rate=4.00 Hz  time=21.69s
[trial 51/100] input_spikes: pn_exc=1595 vip_inh_bio=340 bg_exc=2199 bg_inh=646
[trial 51/100] spikes=7  rate=7.00 Hz  time=21.62s
[trial 52/100] input_spikes: pn_exc=1709 vip_inh_bio=386 bg_exc=2337 bg_inh=792
[trial 52/100] spikes=4  rate=4.00 Hz  time=21.80s
[trial 53/100] input_spikes: pn_exc=1683 vip_inh_bio=386 bg_exc=2428 bg_inh=794
[trial 53/100] spikes=2  rate=2.00 Hz  time=22.17s
[trial 54/100] input_spikes: pn_exc=1706 vip_inh_bio=371 bg_exc=2154 bg_inh=723
[trial 54/100] spikes=8  rate=8.00 Hz  time=21.56s
[trial 55/100] input_spikes: pn_exc=1677 vip_inh_bio=376 bg_exc=2264 bg_inh=677
[trial 55/100] spikes=1  rate=1.00 Hz  time=21.61s
[trial 56/100] input_spikes: pn_exc=1701 vip_inh_bio=384 bg_exc=2384 bg_inh=726
[trial 56/100] spikes=6  rate=6.00 Hz  time=21.78s
[trial 57/100] input_spikes: pn_exc=1688 vip_inh_bio=381 bg_exc=2333 bg_inh=789
[trial 57/100] spikes=3  rate=3.00 Hz  time=21.87s
[trial 58/100] input_spikes: pn_exc=1666 vip_inh_bio=353 bg_exc=2474 bg_inh=730
[trial 58/100] spikes=3  rate=3.00 Hz  time=21.84s
[trial 59/100] input_spikes: pn_exc=1606 vip_inh_bio=362 bg_exc=2431 bg_inh=726
[trial 59/100] spikes=7  rate=7.00 Hz  time=21.98s
[trial 60/100] input_spikes: pn_exc=1743 vip_inh_bio=370 bg_exc=2318 bg_inh=754
[trial 60/100] spikes=3  rate=3.00 Hz  time=21.73s
[trial 61/100] input_spikes: pn_exc=1577 vip_inh_bio=372 bg_exc=2105 bg_inh=657
[trial 61/100] spikes=2  rate=2.00 Hz  time=21.65s
[trial 62/100] input_spikes: pn_exc=1678 vip_inh_bio=389 bg_exc=2314 bg_inh=759
[trial 62/100] spikes=3  rate=3.00 Hz  time=21.73s
[trial 63/100] input_spikes: pn_exc=1671 vip_inh_bio=364 bg_exc=2187 bg_inh=733
[trial 63/100] spikes=5  rate=5.00 Hz  time=22.47s
[trial 64/100] input_spikes: pn_exc=1726 vip_inh_bio=369 bg_exc=2344 bg_inh=748
[trial 64/100] spikes=3  rate=3.00 Hz  time=23.62s
[trial 65/100] input_spikes: pn_exc=1577 vip_inh_bio=371 bg_exc=2070 bg_inh=685
[trial 65/100] spikes=4  rate=4.00 Hz  time=22.22s
[trial 66/100] input_spikes: pn_exc=1586 vip_inh_bio=343 bg_exc=1970 bg_inh=618
[trial 66/100] spikes=7  rate=7.00 Hz  time=22.65s
[trial 67/100] input_spikes: pn_exc=1607 vip_inh_bio=365 bg_exc=2113 bg_inh=673
[trial 67/100] spikes=4  rate=4.00 Hz  time=21.74s
[trial 68/100] input_spikes: pn_exc=1611 vip_inh_bio=357 bg_exc=2213 bg_inh=709
[trial 68/100] spikes=7  rate=7.00 Hz  time=21.52s
[trial 69/100] input_spikes: pn_exc=1746 vip_inh_bio=359 bg_exc=2291 bg_inh=792
[trial 69/100] spikes=3  rate=3.00 Hz  time=21.89s
[trial 70/100] input_spikes: pn_exc=1766 vip_inh_bio=383 bg_exc=2331 bg_inh=778
[trial 70/100] spikes=1  rate=1.00 Hz  time=21.81s
[trial 71/100] input_spikes: pn_exc=1794 vip_inh_bio=401 bg_exc=2475 bg_inh=725
[trial 71/100] spikes=4  rate=4.00 Hz  time=22.17s
[trial 72/100] input_spikes: pn_exc=1637 vip_inh_bio=371 bg_exc=2275 bg_inh=674
[trial 72/100] spikes=6  rate=6.00 Hz  time=21.58s
[trial 73/100] input_spikes: pn_exc=1671 vip_inh_bio=362 bg_exc=2218 bg_inh=698
[trial 73/100] spikes=5  rate=5.00 Hz  time=21.66s
[trial 74/100] input_spikes: pn_exc=1630 vip_inh_bio=356 bg_exc=2321 bg_inh=730
[trial 74/100] spikes=5  rate=5.00 Hz  time=21.86s
[trial 75/100] input_spikes: pn_exc=1836 vip_inh_bio=371 bg_exc=2468 bg_inh=803
[trial 75/100] spikes=7  rate=7.00 Hz  time=22.04s
[trial 76/100] input_spikes: pn_exc=1697 vip_inh_bio=360 bg_exc=2352 bg_inh=804
[trial 76/100] spikes=1  rate=1.00 Hz  time=21.88s
[trial 77/100] input_spikes: pn_exc=1673 vip_inh_bio=383 bg_exc=2262 bg_inh=741
[trial 77/100] spikes=2  rate=2.00 Hz  time=21.71s
[trial 78/100] input_spikes: pn_exc=1619 vip_inh_bio=350 bg_exc=2206 bg_inh=648
[trial 78/100] spikes=4  rate=4.00 Hz  time=21.72s
[trial 79/100] input_spikes: pn_exc=1444 vip_inh_bio=286 bg_exc=1597 bg_inh=494
[trial 79/100] spikes=4  rate=4.00 Hz  time=21.28s
[trial 80/100] input_spikes: pn_exc=1666 vip_inh_bio=364 bg_exc=2451 bg_inh=719
[trial 80/100] spikes=2  rate=2.00 Hz  time=21.86s
[trial 81/100] input_spikes: pn_exc=1703 vip_inh_bio=370 bg_exc=2405 bg_inh=775
[trial 81/100] spikes=3  rate=3.00 Hz  time=21.99s
[trial 82/100] input_spikes: pn_exc=1610 vip_inh_bio=322 bg_exc=2122 bg_inh=680
[trial 82/100] spikes=7  rate=7.00 Hz  time=21.56s
[trial 83/100] input_spikes: pn_exc=1801 vip_inh_bio=362 bg_exc=2425 bg_inh=746
[trial 83/100] spikes=3  rate=3.00 Hz  time=22.02s
[trial 84/100] input_spikes: pn_exc=1675 vip_inh_bio=358 bg_exc=2361 bg_inh=766
[trial 84/100] spikes=5  rate=5.00 Hz  time=22.02s
[trial 85/100] input_spikes: pn_exc=1532 vip_inh_bio=328 bg_exc=1970 bg_inh=643
[trial 85/100] spikes=6  rate=6.00 Hz  time=21.45s
[trial 86/100] input_spikes: pn_exc=1687 vip_inh_bio=358 bg_exc=2451 bg_inh=718
[trial 86/100] spikes=4  rate=4.00 Hz  time=22.04s
[trial 87/100] input_spikes: pn_exc=1675 vip_inh_bio=375 bg_exc=2474 bg_inh=752
[trial 87/100] spikes=5  rate=5.00 Hz  time=22.11s
[trial 88/100] input_spikes: pn_exc=1729 vip_inh_bio=372 bg_exc=2418 bg_inh=724
[trial 88/100] spikes=5  rate=5.00 Hz  time=22.01s
[trial 89/100] input_spikes: pn_exc=1646 vip_inh_bio=373 bg_exc=2416 bg_inh=714
[trial 89/100] spikes=4  rate=4.00 Hz  time=22.12s
[trial 90/100] input_spikes: pn_exc=1627 vip_inh_bio=340 bg_exc=2245 bg_inh=668
[trial 90/100] spikes=5  rate=5.00 Hz  time=21.74s
[trial 91/100] input_spikes: pn_exc=1721 vip_inh_bio=379 bg_exc=2455 bg_inh=764
[trial 91/100] spikes=3  rate=3.00 Hz  time=22.09s
[trial 92/100] input_spikes: pn_exc=1560 vip_inh_bio=380 bg_exc=2102 bg_inh=653
[trial 92/100] spikes=7  rate=7.00 Hz  time=21.51s
[trial 93/100] input_spikes: pn_exc=1801 vip_inh_bio=369 bg_exc=2431 bg_inh=756
[trial 93/100] spikes=7  rate=7.00 Hz  time=22.07s
[trial 94/100] input_spikes: pn_exc=1658 vip_inh_bio=366 bg_exc=2397 bg_inh=779
[trial 94/100] spikes=2  rate=2.00 Hz  time=22.06s
[trial 95/100] input_spikes: pn_exc=1710 vip_inh_bio=357 bg_exc=2495 bg_inh=788
[trial 95/100] spikes=7  rate=7.00 Hz  time=22.07s
[trial 96/100] input_spikes: pn_exc=1748 vip_inh_bio=375 bg_exc=2324 bg_inh=776
[trial 96/100] spikes=3  rate=3.00 Hz  time=22.04s
[trial 97/100] input_spikes: pn_exc=1740 vip_inh_bio=391 bg_exc=2328 bg_inh=709
[trial 97/100] spikes=5  rate=5.00 Hz  time=21.90s
[trial 98/100] input_spikes: pn_exc=1724 vip_inh_bio=363 bg_exc=2411 bg_inh=775
[trial 98/100] spikes=1  rate=1.00 Hz  time=22.05s
[trial 99/100] input_spikes: pn_exc=1677 vip_inh_bio=391 bg_exc=2379 bg_inh=711
[trial 99/100] spikes=5  rate=5.00 Hz  time=21.99s
[trial 100/100] input_spikes: pn_exc=1666 vip_inh_bio=330 bg_exc=2253 bg_inh=703
[trial 100/100] spikes=7  rate=7.00 Hz  time=21.30s
save_plots single_plot warning: Top input panel: group list empty, auto-using all groups (4).
Results saved to /home/hrbncv/SCP/cells/SST/tunes/seg_tuned_all/output_data/slurm_42203/parts/slurm_42203_40/run_manifest.json
Total runtime: 2195.22s
