Running: /home/hrbncv/miniconda3/envs/BMTK-py311/bin/python /home/hrbncv/SCP/run_pipeline.py --tune-dir /home/hrbncv/SCP/cells/SST/tunes/seg_tuned --output-dir /home/hrbncv/SCP/cells/SST/tunes/seg_tuned/output_data/slurm_45349/parts --n-trials 20 --output-stem slurm_45349_40 --trial-offset 800 --force-save
Loaded mechanisms from /home/hrbncv/SCP/cells/SST/tunes/seg_tuned/modfiles/x86_64/.libs/libnrnmech.so
Loaded Allen cell for 'SST' from /home/hrbncv/SCP/cells/SST/tunes/seg_tuned/manifest.json, soma_diam_multiplier=10.0, Vinit=-65.0, loader=genome_fallback
Geometry defined for 'SST': 1 soma segs, 54 proximal dend segs, 52 distal dend segs, 115 total dend segs.
[trial 1/20] input_spikes: pn_exc=1717 bg_exc=2440 bg_inh=741
[trial 1/20] spikes=17  rate=17.00 Hz  time=22.46s
[trial 2/20] input_spikes: pn_exc=1742 bg_exc=2380 bg_inh=739
[trial 2/20] spikes=12  rate=12.00 Hz  time=22.32s
[trial 3/20] input_spikes: pn_exc=1717 bg_exc=2300 bg_inh=781
[trial 3/20] spikes=13  rate=13.00 Hz  time=22.36s
[trial 4/20] input_spikes: pn_exc=1655 bg_exc=2208 bg_inh=706
[trial 4/20] spikes=13  rate=13.00 Hz  time=22.08s
[trial 5/20] input_spikes: pn_exc=1580 bg_exc=2059 bg_inh=635
[trial 5/20] spikes=16  rate=16.00 Hz  time=22.18s
[trial 6/20] input_spikes: pn_exc=1662 bg_exc=2118 bg_inh=587
[trial 6/20] spikes=12  rate=12.00 Hz  time=22.08s
[trial 7/20] input_spikes: pn_exc=1655 bg_exc=2328 bg_inh=741
[trial 7/20] spikes=11  rate=11.00 Hz  time=22.38s
[trial 8/20] input_spikes: pn_exc=1642 bg_exc=2306 bg_inh=750
[trial 8/20] spikes=13  rate=13.00 Hz  time=22.14s
[trial 9/20] input_spikes: pn_exc=1737 bg_exc=2275 bg_inh=738
[trial 9/20] spikes=13  rate=13.00 Hz  time=22.25s
[trial 10/20] input_spikes: pn_exc=1606 bg_exc=2243 bg_inh=744
[trial 10/20] spikes=13  rate=13.00 Hz  time=22.00s
[trial 11/20] input_spikes: pn_exc=1577 bg_exc=2007 bg_inh=667
[trial 11/20] spikes=13  rate=13.00 Hz  time=22.01s
[trial 12/20] input_spikes: pn_exc=1639 bg_exc=2152 bg_inh=682
[trial 12/20] spikes=14  rate=14.00 Hz  time=22.13s
[trial 13/20] input_spikes: pn_exc=1645 bg_exc=2232 bg_inh=738
[trial 13/20] spikes=15  rate=15.00 Hz  time=22.11s
[trial 14/20] input_spikes: pn_exc=1594 bg_exc=2280 bg_inh=697
[trial 14/20] spikes=7  rate=7.00 Hz  time=22.13s
[trial 15/20] input_spikes: pn_exc=1703 bg_exc=2447 bg_inh=719
[trial 15/20] spikes=15  rate=15.00 Hz  time=22.29s
[trial 16/20] input_spikes: pn_exc=1693 bg_exc=2387 bg_inh=780
[trial 16/20] spikes=12  rate=12.00 Hz  time=22.23s
[trial 17/20] input_spikes: pn_exc=1839 bg_exc=2286 bg_inh=766
[trial 17/20] spikes=13  rate=13.00 Hz  time=22.33s
[trial 18/20] input_spikes: pn_exc=1635 bg_exc=2206 bg_inh=705
[trial 18/20] spikes=12  rate=12.00 Hz  time=22.06s
[trial 19/20] input_spikes: pn_exc=1676 bg_exc=2312 bg_inh=766
[trial 19/20] spikes=13  rate=13.00 Hz  time=22.19s
[trial 20/20] input_spikes: pn_exc=1707 bg_exc=2412 bg_inh=787
[trial 20/20] spikes=16  rate=16.00 Hz  time=21.83s
save_plots single_plot warning: Top input panel: group list empty, auto-using all groups (3).
Results saved to /home/hrbncv/SCP/cells/SST/tunes/seg_tuned/output_data/slurm_45349/parts/slurm_45349_40/run_manifest.json
Total runtime: 444.81s
