Running: /home/hrbncv/miniconda3/envs/BMTK-py311/bin/python /home/hrbncv/SCP/run_pipeline.py --tune-dir /home/hrbncv/SCP/cells/SST/tunes/seg_tuned --output-dir /home/hrbncv/SCP/cells/SST/tunes/seg_tuned/output_data/slurm_45349/parts --n-trials 20 --output-stem slurm_45349_43 --trial-offset 860 --force-save
Loaded mechanisms from /home/hrbncv/SCP/cells/SST/tunes/seg_tuned/modfiles/x86_64/.libs/libnrnmech.so
Loaded Allen cell for 'SST' from /home/hrbncv/SCP/cells/SST/tunes/seg_tuned/manifest.json, soma_diam_multiplier=10.0, Vinit=-65.0, loader=genome_fallback
Geometry defined for 'SST': 1 soma segs, 54 proximal dend segs, 52 distal dend segs, 115 total dend segs.
[trial 1/20] input_spikes: pn_exc=1632 bg_exc=2308 bg_inh=678
[trial 1/20] spikes=13  rate=13.00 Hz  time=22.01s
[trial 2/20] input_spikes: pn_exc=1679 bg_exc=2334 bg_inh=724
[trial 2/20] spikes=11  rate=11.00 Hz  time=22.15s
[trial 3/20] input_spikes: pn_exc=1551 bg_exc=1981 bg_inh=646
[trial 3/20] spikes=11  rate=11.00 Hz  time=21.65s
[trial 4/20] input_spikes: pn_exc=1416 bg_exc=1678 bg_inh=563
[trial 4/20] spikes=9  rate=9.00 Hz  time=21.44s
[trial 5/20] input_spikes: pn_exc=1672 bg_exc=2557 bg_inh=798
[trial 5/20] spikes=14  rate=14.00 Hz  time=22.42s
[trial 6/20] input_spikes: pn_exc=1700 bg_exc=2562 bg_inh=804
[trial 6/20] spikes=14  rate=14.00 Hz  time=22.36s
[trial 7/20] input_spikes: pn_exc=1675 bg_exc=2249 bg_inh=738
[trial 7/20] spikes=14  rate=14.00 Hz  time=21.93s
[trial 8/20] input_spikes: pn_exc=1710 bg_exc=2509 bg_inh=765
[trial 8/20] spikes=10  rate=10.00 Hz  time=22.22s
[trial 9/20] input_spikes: pn_exc=1605 bg_exc=2142 bg_inh=646
[trial 9/20] spikes=15  rate=15.00 Hz  time=21.85s
[trial 10/20] input_spikes: pn_exc=1704 bg_exc=2382 bg_inh=727
[trial 10/20] spikes=11  rate=11.00 Hz  time=22.05s
[trial 11/20] input_spikes: pn_exc=1436 bg_exc=1872 bg_inh=540
[trial 11/20] spikes=13  rate=13.00 Hz  time=21.30s
[trial 12/20] input_spikes: pn_exc=1670 bg_exc=2278 bg_inh=727
[trial 12/20] spikes=19  rate=19.00 Hz  time=21.91s
[trial 13/20] input_spikes: pn_exc=1651 bg_exc=2276 bg_inh=695
[trial 13/20] spikes=14  rate=14.00 Hz  time=22.05s
[trial 14/20] input_spikes: pn_exc=1701 bg_exc=2301 bg_inh=723
[trial 14/20] spikes=14  rate=14.00 Hz  time=21.96s
[trial 15/20] input_spikes: pn_exc=1747 bg_exc=2436 bg_inh=721
[trial 15/20] spikes=10  rate=10.00 Hz  time=22.09s
[trial 16/20] input_spikes: pn_exc=1745 bg_exc=2471 bg_inh=744
[trial 16/20] spikes=15  rate=15.00 Hz  time=22.05s
[trial 17/20] input_spikes: pn_exc=1663 bg_exc=2479 bg_inh=739
[trial 17/20] spikes=12  rate=12.00 Hz  time=22.03s
[trial 18/20] input_spikes: pn_exc=1566 bg_exc=1978 bg_inh=614
[trial 18/20] spikes=17  rate=17.00 Hz  time=21.52s
[trial 19/20] input_spikes: pn_exc=1573 bg_exc=2133 bg_inh=662
[trial 19/20] spikes=11  rate=11.00 Hz  time=21.75s
[trial 20/20] input_spikes: pn_exc=1757 bg_exc=2364 bg_inh=760
[trial 20/20] spikes=14  rate=14.00 Hz  time=21.89s
save_plots single_plot warning: Top input panel: group list empty, auto-using all groups (3).
Results saved to /home/hrbncv/SCP/cells/SST/tunes/seg_tuned/output_data/slurm_45349/parts/slurm_45349_43/run_manifest.json
Total runtime: 440.00s
