Running: python /home/hrbncv/SCP/run_pipeline.py --tune-dir /home/hrbncv/SCP/cells/SST/tunes/seg_tuned_all --output-dir /home/hrbncv/SCP/cells/SST/tunes/seg_tuned_all/output_data/slurm_35973/parts --n-trials 20 --output-stem slurm_35973_12 --trial-offset 240 --force-save
Loaded mechanisms from /home/hrbncv/SCP/cells/SST/tunes/seg_tuned_all/modfiles/x86_64/.libs/libnrnmech.so
Loaded Allen cell for 'SST' from /home/hrbncv/SCP/cells/SST/tunes/seg_tuned_all/manifest.json, soma_diam_multiplier=10.0, Vinit=-65.0, loader=genome_fallback
Geometry defined for 'SST': 1 soma segs, 54 proximal dend segs, 52 distal dend segs, 115 total dend segs.
[trial 1/20] input_spikes: pn_exc=1786 bg_exc=2443 bg_inh=770
[trial 1/20] spikes=5  rate=5.00 Hz  time=22.02s
[trial 2/20] input_spikes: pn_exc=1742 bg_exc=2474 bg_inh=772
[trial 2/20] spikes=3  rate=3.00 Hz  time=21.77s
[trial 3/20] input_spikes: pn_exc=1561 bg_exc=1992 bg_inh=633
[trial 3/20] spikes=6  rate=6.00 Hz  time=21.30s
[trial 4/20] input_spikes: pn_exc=1586 bg_exc=2297 bg_inh=729
[trial 4/20] spikes=3  rate=3.00 Hz  time=21.73s
[trial 5/20] input_spikes: pn_exc=1735 bg_exc=2531 bg_inh=804
[trial 5/20] spikes=4  rate=4.00 Hz  time=22.02s
[trial 6/20] input_spikes: pn_exc=1705 bg_exc=2301 bg_inh=733
[trial 6/20] spikes=3  rate=3.00 Hz  time=21.79s
[trial 7/20] input_spikes: pn_exc=1690 bg_exc=2465 bg_inh=800
[trial 7/20] spikes=4  rate=4.00 Hz  time=22.05s
[trial 8/20] input_spikes: pn_exc=1710 bg_exc=2243 bg_inh=739
[trial 8/20] spikes=2  rate=2.00 Hz  time=21.62s
[trial 9/20] input_spikes: pn_exc=1667 bg_exc=2271 bg_inh=715
[trial 9/20] spikes=2  rate=2.00 Hz  time=21.79s
[trial 10/20] input_spikes: pn_exc=1724 bg_exc=2399 bg_inh=711
[trial 10/20] spikes=6  rate=6.00 Hz  time=22.45s
[trial 11/20] input_spikes: pn_exc=1735 bg_exc=2389 bg_inh=760
[trial 11/20] spikes=5  rate=5.00 Hz  time=21.93s
[trial 12/20] input_spikes: pn_exc=1486 bg_exc=2009 bg_inh=649
[trial 12/20] spikes=3  rate=3.00 Hz  time=21.58s
[trial 13/20] input_spikes: pn_exc=1718 bg_exc=2332 bg_inh=726
[trial 13/20] spikes=1  rate=1.00 Hz  time=21.94s
[trial 14/20] input_spikes: pn_exc=1676 bg_exc=2220 bg_inh=720
[trial 14/20] spikes=3  rate=3.00 Hz  time=21.60s
[trial 15/20] input_spikes: pn_exc=1728 bg_exc=2273 bg_inh=740
[trial 15/20] spikes=4  rate=4.00 Hz  time=21.78s
[trial 16/20] input_spikes: pn_exc=1599 bg_exc=2237 bg_inh=635
[trial 16/20] spikes=5  rate=5.00 Hz  time=21.42s
[trial 17/20] input_spikes: pn_exc=1576 bg_exc=1765 bg_inh=574
[trial 17/20] spikes=9  rate=9.00 Hz  time=21.21s
[trial 18/20] input_spikes: pn_exc=1668 bg_exc=2224 bg_inh=732
[trial 18/20] spikes=3  rate=3.00 Hz  time=21.54s
[trial 19/20] input_spikes: pn_exc=1724 bg_exc=2478 bg_inh=762
[trial 19/20] spikes=1  rate=1.00 Hz  time=21.78s
[trial 20/20] input_spikes: pn_exc=1693 bg_exc=2325 bg_inh=743
[trial 20/20] spikes=7  rate=7.00 Hz  time=21.40s
Results saved to /home/hrbncv/SCP/cells/SST/tunes/seg_tuned_all/output_data/slurm_35973/parts/slurm_35973_12/run_manifest.json
Total runtime: 435.03s
