Running: python /home/hrbncv/SCP/run_pipeline.py --tune-dir /home/hrbncv/SCP/cells/SST/tunes/seg_tuned_all --output-dir /home/hrbncv/SCP/cells/SST/tunes/seg_tuned_all/output_data/slurm_35973/parts --n-trials 20 --output-stem slurm_35973_11 --trial-offset 220 --force-save
Loaded mechanisms from /home/hrbncv/SCP/cells/SST/tunes/seg_tuned_all/modfiles/x86_64/.libs/libnrnmech.so
Loaded Allen cell for 'SST' from /home/hrbncv/SCP/cells/SST/tunes/seg_tuned_all/manifest.json, soma_diam_multiplier=10.0, Vinit=-65.0, loader=genome_fallback
Geometry defined for 'SST': 1 soma segs, 54 proximal dend segs, 52 distal dend segs, 115 total dend segs.
[trial 1/20] input_spikes: pn_exc=1747 bg_exc=2472 bg_inh=765
[trial 1/20] spikes=3  rate=3.00 Hz  time=21.97s
[trial 2/20] input_spikes: pn_exc=1797 bg_exc=2372 bg_inh=792
[trial 2/20] spikes=5  rate=5.00 Hz  time=21.94s
[trial 3/20] input_spikes: pn_exc=1761 bg_exc=2472 bg_inh=769
[trial 3/20] spikes=2  rate=2.00 Hz  time=21.96s
[trial 4/20] input_spikes: pn_exc=1624 bg_exc=2223 bg_inh=735
[trial 4/20] spikes=5  rate=5.00 Hz  time=21.62s
[trial 5/20] input_spikes: pn_exc=1778 bg_exc=2520 bg_inh=765
[trial 5/20] spikes=6  rate=6.00 Hz  time=21.91s
[trial 6/20] input_spikes: pn_exc=1762 bg_exc=2253 bg_inh=680
[trial 6/20] spikes=2  rate=2.00 Hz  time=21.74s
[trial 7/20] input_spikes: pn_exc=1746 bg_exc=2402 bg_inh=727
[trial 7/20] spikes=4  rate=4.00 Hz  time=21.81s
[trial 8/20] input_spikes: pn_exc=1730 bg_exc=2262 bg_inh=712
[trial 8/20] spikes=3  rate=3.00 Hz  time=21.68s
[trial 9/20] input_spikes: pn_exc=1562 bg_exc=2031 bg_inh=689
[trial 9/20] spikes=5  rate=5.00 Hz  time=21.41s
[trial 10/20] input_spikes: pn_exc=1840 bg_exc=2580 bg_inh=821
[trial 10/20] spikes=9  rate=9.00 Hz  time=21.95s
[trial 11/20] input_spikes: pn_exc=1683 bg_exc=2241 bg_inh=739
[trial 11/20] spikes=6  rate=6.00 Hz  time=21.78s
[trial 12/20] input_spikes: pn_exc=1783 bg_exc=2365 bg_inh=772
[trial 12/20] spikes=3  rate=3.00 Hz  time=21.92s
[trial 13/20] input_spikes: pn_exc=1695 bg_exc=2402 bg_inh=811
[trial 13/20] spikes=2  rate=2.00 Hz  time=22.01s
[trial 14/20] input_spikes: pn_exc=1700 bg_exc=2385 bg_inh=782
[trial 14/20] spikes=3  rate=3.00 Hz  time=22.07s
[trial 15/20] input_spikes: pn_exc=1768 bg_exc=2577 bg_inh=794
[trial 15/20] spikes=3  rate=3.00 Hz  time=22.24s
[trial 16/20] input_spikes: pn_exc=1476 bg_exc=1634 bg_inh=548
[trial 16/20] spikes=8  rate=8.00 Hz  time=21.22s
[trial 17/20] input_spikes: pn_exc=1722 bg_exc=2416 bg_inh=765
[trial 17/20] spikes=4  rate=4.00 Hz  time=22.13s
[trial 18/20] input_spikes: pn_exc=1509 bg_exc=2019 bg_inh=609
[trial 18/20] spikes=6  rate=6.00 Hz  time=21.55s
[trial 19/20] input_spikes: pn_exc=1653 bg_exc=2261 bg_inh=711
[trial 19/20] spikes=3  rate=3.00 Hz  time=21.92s
[trial 20/20] input_spikes: pn_exc=1658 bg_exc=2253 bg_inh=717
[trial 20/20] spikes=5  rate=5.00 Hz  time=21.71s
Results saved to /home/hrbncv/SCP/cells/SST/tunes/seg_tuned_all/output_data/slurm_35973/parts/slurm_35973_11/run_manifest.json
Total runtime: 436.84s
