Running: python /home/hrbncv/SCP/run_pipeline.py --tune-dir /home/hrbncv/SCP/cells/PV/tunes/seg_tuned --output-dir /home/hrbncv/SCP/cells/PV/tunes/seg_tuned/output_data/slurm_34963/parts --n-trials 40 --output-stem slurm_34963_6 --trial-offset 240 --force-save
Mechanisms already loaded; skipping duplicate load.
Loaded Allen cell for 'PV' from /home/hrbncv/SCP/cells/PV/tunes/seg_tuned/manifest.json, soma_diam_multiplier=6.0, Vinit=-71.0, loader=allensdk_default
Geometry defined for 'PV': 1 soma segs, 46 proximal dend segs, 41 distal dend segs, 97 total dend segs.
[trial 1/40] input_spikes: pn_exc=2714 bg_exc=814 bg_inh=186 sst_inh=362 pv_inh=1198
[trial 1/40] spikes=7  rate=7.00 Hz  time=26.42s
[trial 2/40] input_spikes: pn_exc=2793 bg_exc=882 bg_inh=217 sst_inh=377 pv_inh=1188
[trial 2/40] spikes=6  rate=6.00 Hz  time=26.26s
[trial 3/40] input_spikes: pn_exc=2627 bg_exc=755 bg_inh=168 sst_inh=386 pv_inh=1172
[trial 3/40] spikes=5  rate=5.00 Hz  time=25.96s
[trial 4/40] input_spikes: pn_exc=2717 bg_exc=752 bg_inh=192 sst_inh=385 pv_inh=1224
[trial 4/40] spikes=5  rate=5.00 Hz  time=26.46s
[trial 5/40] input_spikes: pn_exc=2845 bg_exc=882 bg_inh=207 sst_inh=368 pv_inh=1181
[trial 5/40] spikes=8  rate=8.00 Hz  time=26.21s
[trial 6/40] input_spikes: pn_exc=2796 bg_exc=848 bg_inh=229 sst_inh=362 pv_inh=1208
[trial 6/40] spikes=5  rate=5.00 Hz  time=25.89s
[trial 7/40] input_spikes: pn_exc=2580 bg_exc=701 bg_inh=144 sst_inh=354 pv_inh=1213
[trial 7/40] spikes=6  rate=6.00 Hz  time=26.46s
[trial 8/40] input_spikes: pn_exc=2688 bg_exc=791 bg_inh=206 sst_inh=356 pv_inh=1199
[trial 8/40] spikes=6  rate=6.00 Hz  time=26.31s
[trial 9/40] input_spikes: pn_exc=2757 bg_exc=801 bg_inh=181 sst_inh=377 pv_inh=1197
[trial 9/40] spikes=7  rate=7.00 Hz  time=25.95s
[trial 10/40] input_spikes: pn_exc=2898 bg_exc=812 bg_inh=225 sst_inh=360 pv_inh=1205
[trial 10/40] spikes=6  rate=6.00 Hz  time=26.42s
[trial 11/40] input_spikes: pn_exc=2764 bg_exc=813 bg_inh=190 sst_inh=367 pv_inh=1186
[trial 11/40] spikes=6  rate=6.00 Hz  time=26.47s
[trial 12/40] input_spikes: pn_exc=2382 bg_exc=641 bg_inh=129 sst_inh=367 pv_inh=1193
[trial 12/40] spikes=5  rate=5.00 Hz  time=26.06s
[trial 13/40] input_spikes: pn_exc=2809 bg_exc=842 bg_inh=199 sst_inh=360 pv_inh=1199
[trial 13/40] spikes=6  rate=6.00 Hz  time=29.37s
[trial 14/40] input_spikes: pn_exc=2469 bg_exc=696 bg_inh=166 sst_inh=367 pv_inh=1213
[trial 14/40] spikes=6  rate=6.00 Hz  time=32.08s
[trial 15/40] input_spikes: pn_exc=2814 bg_exc=880 bg_inh=209 sst_inh=389 pv_inh=1205
[trial 15/40] spikes=7  rate=7.00 Hz  time=33.02s
[trial 16/40] input_spikes: pn_exc=2783 bg_exc=868 bg_inh=231 sst_inh=388 pv_inh=1205
[trial 16/40] spikes=4  rate=4.00 Hz  time=33.27s
[trial 17/40] input_spikes: pn_exc=2425 bg_exc=726 bg_inh=177 sst_inh=402 pv_inh=1177
[trial 17/40] spikes=5  rate=5.00 Hz  time=32.57s
[trial 18/40] input_spikes: pn_exc=2780 bg_exc=879 bg_inh=200 sst_inh=364 pv_inh=1211
[trial 18/40] spikes=7  rate=7.00 Hz  time=32.33s
[trial 19/40] input_spikes: pn_exc=2755 bg_exc=818 bg_inh=209 sst_inh=381 pv_inh=1230
[trial 19/40] spikes=7  rate=7.00 Hz  time=33.55s
[trial 20/40] input_spikes: pn_exc=2654 bg_exc=746 bg_inh=187 sst_inh=366 pv_inh=1199
[trial 20/40] spikes=7  rate=7.00 Hz  time=32.95s
[trial 21/40] input_spikes: pn_exc=2799 bg_exc=771 bg_inh=193 sst_inh=352 pv_inh=1188
[trial 21/40] spikes=5  rate=5.00 Hz  time=32.47s
[trial 22/40] input_spikes: pn_exc=2822 bg_exc=848 bg_inh=201 sst_inh=370 pv_inh=1205
[trial 22/40] spikes=5  rate=5.00 Hz  time=33.73s
[trial 23/40] input_spikes: pn_exc=2737 bg_exc=809 bg_inh=193 sst_inh=375 pv_inh=1207
[trial 23/40] spikes=7  rate=7.00 Hz  time=32.54s
[trial 24/40] input_spikes: pn_exc=2880 bg_exc=908 bg_inh=185 sst_inh=382 pv_inh=1185
[trial 24/40] spikes=8  rate=8.00 Hz  time=28.89s
[trial 25/40] input_spikes: pn_exc=2697 bg_exc=874 bg_inh=215 sst_inh=406 pv_inh=1209
[trial 25/40] spikes=6  rate=6.00 Hz  time=26.40s
[trial 26/40] input_spikes: pn_exc=2752 bg_exc=706 bg_inh=149 sst_inh=378 pv_inh=1179
[trial 26/40] spikes=7  rate=7.00 Hz  time=26.20s
[trial 27/40] input_spikes: pn_exc=2476 bg_exc=704 bg_inh=155 sst_inh=376 pv_inh=1220
[trial 27/40] spikes=8  rate=8.00 Hz  time=25.77s
[trial 28/40] input_spikes: pn_exc=2802 bg_exc=852 bg_inh=209 sst_inh=380 pv_inh=1212
[trial 28/40] spikes=7  rate=7.00 Hz  time=26.43s
[trial 29/40] input_spikes: pn_exc=2854 bg_exc=834 bg_inh=190 sst_inh=375 pv_inh=1208
[trial 29/40] spikes=7  rate=7.00 Hz  time=26.75s
[trial 30/40] input_spikes: pn_exc=2699 bg_exc=887 bg_inh=190 sst_inh=357 pv_inh=1220
[trial 30/40] spikes=6  rate=6.00 Hz  time=26.07s
[trial 31/40] input_spikes: pn_exc=2593 bg_exc=770 bg_inh=173 sst_inh=394 pv_inh=1205
[trial 31/40] spikes=6  rate=6.00 Hz  time=26.38s
[trial 32/40] input_spikes: pn_exc=2537 bg_exc=699 bg_inh=178 sst_inh=355 pv_inh=1183
[trial 32/40] spikes=6  rate=6.00 Hz  time=26.22s
[trial 33/40] input_spikes: pn_exc=2854 bg_exc=851 bg_inh=222 sst_inh=357 pv_inh=1238
[trial 33/40] spikes=8  rate=8.00 Hz  time=25.95s
[trial 34/40] input_spikes: pn_exc=2777 bg_exc=840 bg_inh=225 sst_inh=411 pv_inh=1214
[trial 34/40] spikes=5  rate=5.00 Hz  time=26.58s
[trial 35/40] input_spikes: pn_exc=2798 bg_exc=823 bg_inh=186 sst_inh=373 pv_inh=1200
[trial 35/40] spikes=7  rate=7.00 Hz  time=26.49s
[trial 36/40] input_spikes: pn_exc=2701 bg_exc=831 bg_inh=184 sst_inh=386 pv_inh=1189
[trial 36/40] spikes=8  rate=8.00 Hz  time=25.93s
[trial 37/40] input_spikes: pn_exc=2737 bg_exc=833 bg_inh=217 sst_inh=358 pv_inh=1204
[trial 37/40] spikes=6  rate=6.00 Hz  time=26.47s
[trial 38/40] input_spikes: pn_exc=2896 bg_exc=859 bg_inh=185 sst_inh=366 pv_inh=1205
[trial 38/40] spikes=8  rate=8.00 Hz  time=26.17s
[trial 39/40] input_spikes: pn_exc=2848 bg_exc=850 bg_inh=183 sst_inh=377 pv_inh=1188
[trial 39/40] spikes=6  rate=6.00 Hz  time=25.87s
[trial 40/40] input_spikes: pn_exc=2946 bg_exc=870 bg_inh=223 sst_inh=378 pv_inh=1210
[trial 40/40] spikes=7  rate=7.00 Hz  time=26.46s
save_plots single_plot warning: Top input panel: group list empty, auto-using all groups (5).
Results saved to /home/hrbncv/SCP/cells/PV/tunes/seg_tuned/output_data/slurm_34963/parts/slurm_34963_6/run_manifest.json
Total runtime: 1123.39s
