Running: /home/hrbncv/miniconda3/envs/BMTK-py311/bin/python /home/hrbncv/SCP/run_pipeline.py --tune-dir /home/hrbncv/SCP/cells/SST/tunes/seg_tuned_all --output-dir /home/hrbncv/SCP/cells/SST/tunes/seg_tuned_all/output_data/slurm_45349/parts --n-trials 20 --output-stem slurm_45349_42 --trial-offset 840 --force-save
Loaded mechanisms from /home/hrbncv/SCP/cells/SST/tunes/seg_tuned_all/modfiles/x86_64/.libs/libnrnmech.so
Loaded Allen cell for 'SST' from /home/hrbncv/SCP/cells/SST/tunes/seg_tuned_all/manifest.json, soma_diam_multiplier=10.0, Vinit=-65.0, loader=genome_fallback
Geometry defined for 'SST': 1 soma segs, 54 proximal dend segs, 52 distal dend segs, 115 total dend segs.
[trial 1/20] input_spikes: pn_exc=1770 bg_exc=2385 bg_inh=757
[trial 1/20] spikes=16  rate=16.00 Hz  time=22.18s
[trial 2/20] input_spikes: pn_exc=1638 bg_exc=2383 bg_inh=709
[trial 2/20] spikes=12  rate=12.00 Hz  time=22.07s
[trial 3/20] input_spikes: pn_exc=1767 bg_exc=2326 bg_inh=773
[trial 3/20] spikes=19  rate=19.00 Hz  time=22.05s
[trial 4/20] input_spikes: pn_exc=1709 bg_exc=2316 bg_inh=733
[trial 4/20] spikes=14  rate=14.00 Hz  time=22.54s
[trial 5/20] input_spikes: pn_exc=1684 bg_exc=2251 bg_inh=722
[trial 5/20] spikes=13  rate=13.00 Hz  time=21.94s
[trial 6/20] input_spikes: pn_exc=1554 bg_exc=2138 bg_inh=742
[trial 6/20] spikes=13  rate=13.00 Hz  time=21.73s
[trial 7/20] input_spikes: pn_exc=1658 bg_exc=2155 bg_inh=750
[trial 7/20] spikes=15  rate=15.00 Hz  time=21.77s
[trial 8/20] input_spikes: pn_exc=1738 bg_exc=2316 bg_inh=706
[trial 8/20] spikes=16  rate=16.00 Hz  time=21.93s
[trial 9/20] input_spikes: pn_exc=1695 bg_exc=2447 bg_inh=762
[trial 9/20] spikes=14  rate=14.00 Hz  time=22.04s
[trial 10/20] input_spikes: pn_exc=1499 bg_exc=1682 bg_inh=539
[trial 10/20] spikes=10  rate=10.00 Hz  time=21.22s
[trial 11/20] input_spikes: pn_exc=1637 bg_exc=2424 bg_inh=747
[trial 11/20] spikes=14  rate=14.00 Hz  time=22.18s
[trial 12/20] input_spikes: pn_exc=1674 bg_exc=2469 bg_inh=741
[trial 12/20] spikes=14  rate=14.00 Hz  time=22.16s
[trial 13/20] input_spikes: pn_exc=1662 bg_exc=2503 bg_inh=765
[trial 13/20] spikes=11  rate=11.00 Hz  time=22.22s
[trial 14/20] input_spikes: pn_exc=1723 bg_exc=2432 bg_inh=775
[trial 14/20] spikes=10  rate=10.00 Hz  time=22.11s
[trial 15/20] input_spikes: pn_exc=1688 bg_exc=2415 bg_inh=783
[trial 15/20] spikes=14  rate=14.00 Hz  time=22.00s
[trial 16/20] input_spikes: pn_exc=1674 bg_exc=2301 bg_inh=747
[trial 16/20] spikes=11  rate=11.00 Hz  time=22.07s
[trial 17/20] input_spikes: pn_exc=1639 bg_exc=2121 bg_inh=693
[trial 17/20] spikes=17  rate=17.00 Hz  time=21.74s
[trial 18/20] input_spikes: pn_exc=1679 bg_exc=2389 bg_inh=798
[trial 18/20] spikes=13  rate=13.00 Hz  time=22.10s
[trial 19/20] input_spikes: pn_exc=1672 bg_exc=2345 bg_inh=769
[trial 19/20] spikes=12  rate=12.00 Hz  time=21.98s
[trial 20/20] input_spikes: pn_exc=1502 bg_exc=1204 bg_inh=364
[trial 20/20] spikes=10  rate=10.00 Hz  time=20.66s
save_plots single_plot warning: Top input panel: group list empty, auto-using all groups (3).
Results saved to /home/hrbncv/SCP/cells/SST/tunes/seg_tuned_all/output_data/slurm_45349/parts/slurm_45349_42/run_manifest.json
Total runtime: 439.98s
