Running: python /home/hrbncv/SCP/run_pipeline.py --tune-dir /home/hrbncv/SCP/cells/PV/tunes/seg_tuned --output-dir /home/hrbncv/SCP/cells/PV/tunes/seg_tuned/output_data/slurm_35079/parts --n-trials 40 --output-stem slurm_35079_22 --trial-offset 880 --force-save
Mechanisms already loaded; skipping duplicate load.
Loaded Allen cell for 'PV' from /home/hrbncv/SCP/cells/PV/tunes/seg_tuned/manifest.json, soma_diam_multiplier=6.0, Vinit=-71.0, loader=allensdk_default
Geometry defined for 'PV': 1 soma segs, 46 proximal dend segs, 41 distal dend segs, 97 total dend segs.
[trial 1/40] input_spikes: pn_exc=2499 bg_exc=374 bg_inh=95 sst_inh=380 pv_inh=760
[trial 1/40] spikes=5  rate=5.00 Hz  time=26.99s
[trial 2/40] input_spikes: pn_exc=2828 bg_exc=872 bg_inh=207 sst_inh=362 pv_inh=762
[trial 2/40] spikes=8  rate=8.00 Hz  time=26.85s
[trial 3/40] input_spikes: pn_exc=2759 bg_exc=893 bg_inh=201 sst_inh=357 pv_inh=747
[trial 3/40] spikes=9  rate=9.00 Hz  time=26.49s
[trial 4/40] input_spikes: pn_exc=2361 bg_exc=615 bg_inh=153 sst_inh=367 pv_inh=755
[trial 4/40] spikes=6  rate=6.00 Hz  time=27.03s
[trial 5/40] input_spikes: pn_exc=2590 bg_exc=735 bg_inh=150 sst_inh=405 pv_inh=750
[trial 5/40] spikes=7  rate=7.00 Hz  time=26.85s
[trial 6/40] input_spikes: pn_exc=2688 bg_exc=837 bg_inh=186 sst_inh=385 pv_inh=749
[trial 6/40] spikes=7  rate=7.00 Hz  time=26.39s
[trial 7/40] input_spikes: pn_exc=2769 bg_exc=849 bg_inh=206 sst_inh=377 pv_inh=742
[trial 7/40] spikes=6  rate=6.00 Hz  time=26.94s
[trial 8/40] input_spikes: pn_exc=2823 bg_exc=876 bg_inh=194 sst_inh=398 pv_inh=746
[trial 8/40] spikes=6  rate=6.00 Hz  time=26.92s
[trial 9/40] input_spikes: pn_exc=2776 bg_exc=838 bg_inh=212 sst_inh=399 pv_inh=743
[trial 9/40] spikes=7  rate=7.00 Hz  time=26.52s
[trial 10/40] input_spikes: pn_exc=2765 bg_exc=872 bg_inh=205 sst_inh=343 pv_inh=736
[trial 10/40] spikes=6  rate=6.00 Hz  time=26.97s
[trial 11/40] input_spikes: pn_exc=2441 bg_exc=668 bg_inh=164 sst_inh=373 pv_inh=764
[trial 11/40] spikes=7  rate=7.00 Hz  time=26.82s
[trial 12/40] input_spikes: pn_exc=2811 bg_exc=825 bg_inh=193 sst_inh=394 pv_inh=747
[trial 12/40] spikes=6  rate=6.00 Hz  time=26.47s
[trial 13/40] input_spikes: pn_exc=2702 bg_exc=809 bg_inh=184 sst_inh=370 pv_inh=757
[trial 13/40] spikes=6  rate=6.00 Hz  time=27.02s
[trial 14/40] input_spikes: pn_exc=2514 bg_exc=722 bg_inh=178 sst_inh=372 pv_inh=758
[trial 14/40] spikes=7  rate=7.00 Hz  time=26.69s
[trial 15/40] input_spikes: pn_exc=2874 bg_exc=858 bg_inh=200 sst_inh=388 pv_inh=740
[trial 15/40] spikes=7  rate=7.00 Hz  time=26.58s
[trial 16/40] input_spikes: pn_exc=2660 bg_exc=786 bg_inh=209 sst_inh=378 pv_inh=749
[trial 16/40] spikes=5  rate=5.00 Hz  time=27.03s
[trial 17/40] input_spikes: pn_exc=2836 bg_exc=906 bg_inh=215 sst_inh=367 pv_inh=748
[trial 17/40] spikes=8  rate=8.00 Hz  time=26.87s
[trial 18/40] input_spikes: pn_exc=2792 bg_exc=838 bg_inh=222 sst_inh=371 pv_inh=749
[trial 18/40] spikes=5  rate=5.00 Hz  time=26.45s
[trial 19/40] input_spikes: pn_exc=2875 bg_exc=859 bg_inh=201 sst_inh=381 pv_inh=748
[trial 19/40] spikes=6  rate=6.00 Hz  time=27.06s
[trial 20/40] input_spikes: pn_exc=2636 bg_exc=747 bg_inh=205 sst_inh=366 pv_inh=750
[trial 20/40] spikes=6  rate=6.00 Hz  time=26.83s
[trial 21/40] input_spikes: pn_exc=2760 bg_exc=877 bg_inh=228 sst_inh=369 pv_inh=742
[trial 21/40] spikes=8  rate=8.00 Hz  time=26.53s
[trial 22/40] input_spikes: pn_exc=2850 bg_exc=840 bg_inh=221 sst_inh=375 pv_inh=746
[trial 22/40] spikes=6  rate=6.00 Hz  time=27.13s
[trial 23/40] input_spikes: pn_exc=2826 bg_exc=786 bg_inh=190 sst_inh=370 pv_inh=747
[trial 23/40] spikes=8  rate=8.00 Hz  time=26.90s
[trial 24/40] input_spikes: pn_exc=2693 bg_exc=809 bg_inh=213 sst_inh=376 pv_inh=759
[trial 24/40] spikes=5  rate=5.00 Hz  time=26.42s
[trial 25/40] input_spikes: pn_exc=2830 bg_exc=809 bg_inh=199 sst_inh=362 pv_inh=731
[trial 25/40] spikes=7  rate=7.00 Hz  time=26.95s
[trial 26/40] input_spikes: pn_exc=2783 bg_exc=821 bg_inh=206 sst_inh=374 pv_inh=750
[trial 26/40] spikes=6  rate=6.00 Hz  time=26.86s
[trial 27/40] input_spikes: pn_exc=2646 bg_exc=769 bg_inh=171 sst_inh=380 pv_inh=745
[trial 27/40] spikes=5  rate=5.00 Hz  time=26.40s
[trial 28/40] input_spikes: pn_exc=2739 bg_exc=847 bg_inh=203 sst_inh=379 pv_inh=743
[trial 28/40] spikes=7  rate=7.00 Hz  time=26.96s
[trial 29/40] input_spikes: pn_exc=2841 bg_exc=862 bg_inh=207 sst_inh=384 pv_inh=757
[trial 29/40] spikes=6  rate=6.00 Hz  time=26.89s
[trial 30/40] input_spikes: pn_exc=2752 bg_exc=891 bg_inh=224 sst_inh=353 pv_inh=771
[trial 30/40] spikes=5  rate=5.00 Hz  time=26.54s
[trial 31/40] input_spikes: pn_exc=2788 bg_exc=841 bg_inh=175 sst_inh=368 pv_inh=748
[trial 31/40] spikes=6  rate=6.00 Hz  time=26.88s
[trial 32/40] input_spikes: pn_exc=2855 bg_exc=898 bg_inh=224 sst_inh=374 pv_inh=739
[trial 32/40] spikes=6  rate=6.00 Hz  time=26.86s
[trial 33/40] input_spikes: pn_exc=2845 bg_exc=857 bg_inh=209 sst_inh=388 pv_inh=749
[trial 33/40] spikes=6  rate=6.00 Hz  time=26.51s
[trial 34/40] input_spikes: pn_exc=2840 bg_exc=907 bg_inh=228 sst_inh=363 pv_inh=754
[trial 34/40] spikes=6  rate=6.00 Hz  time=26.93s
[trial 35/40] input_spikes: pn_exc=2839 bg_exc=820 bg_inh=217 sst_inh=365 pv_inh=750
[trial 35/40] spikes=8  rate=8.00 Hz  time=26.88s
[trial 36/40] input_spikes: pn_exc=2714 bg_exc=857 bg_inh=201 sst_inh=384 pv_inh=748
[trial 36/40] spikes=7  rate=7.00 Hz  time=26.51s
[trial 37/40] input_spikes: pn_exc=2830 bg_exc=850 bg_inh=197 sst_inh=399 pv_inh=740
[trial 37/40] spikes=8  rate=8.00 Hz  time=27.04s
[trial 38/40] input_spikes: pn_exc=2773 bg_exc=814 bg_inh=181 sst_inh=377 pv_inh=748
[trial 38/40] spikes=7  rate=7.00 Hz  time=26.75s
[trial 39/40] input_spikes: pn_exc=2886 bg_exc=829 bg_inh=209 sst_inh=398 pv_inh=735
[trial 39/40] spikes=6  rate=6.00 Hz  time=26.50s
[trial 40/40] input_spikes: pn_exc=2656 bg_exc=739 bg_inh=208 sst_inh=377 pv_inh=757
[trial 40/40] spikes=5  rate=5.00 Hz  time=27.05s
save_plots single_plot warning: Top input panel: group list empty, auto-using all groups (5).
Results saved to /home/hrbncv/SCP/cells/PV/tunes/seg_tuned/output_data/slurm_35079/parts/slurm_35079_22/run_manifest.json
Total runtime: 1072.89s
