Running: /home/hrbncv/miniconda3/envs/BMTK-py311/bin/python /home/hrbncv/SCP/run_pipeline.py --tune-dir /home/hrbncv/SCP/cells/SST/tunes/seg_tuned_all --output-dir /home/hrbncv/SCP/cells/SST/tunes/seg_tuned_all/output_data/slurm_42203/parts --n-trials 100 --output-stem slurm_42203_4 --trial-offset 400 --force-save
Loaded mechanisms from /home/hrbncv/SCP/cells/SST/tunes/seg_tuned_all/modfiles/x86_64/.libs/libnrnmech.so
Loaded Allen cell for 'SST' from /home/hrbncv/SCP/cells/SST/tunes/seg_tuned_all/manifest.json, soma_diam_multiplier=10.0, Vinit=-65.0, loader=genome_fallback
Geometry defined for 'SST': 1 soma segs, 54 proximal dend segs, 52 distal dend segs, 115 total dend segs.
[trial 1/100] input_spikes: pn_exc=1716 vip_inh_bio=327 bg_exc=2469 bg_inh=797
[trial 1/100] spikes=9  rate=9.00 Hz  time=22.40s
[trial 2/100] input_spikes: pn_exc=1612 vip_inh_bio=362 bg_exc=2179 bg_inh=687
[trial 2/100] spikes=6  rate=6.00 Hz  time=22.30s
[trial 3/100] input_spikes: pn_exc=1707 vip_inh_bio=390 bg_exc=2460 bg_inh=778
[trial 3/100] spikes=7  rate=7.00 Hz  time=22.49s
[trial 4/100] input_spikes: pn_exc=1472 vip_inh_bio=326 bg_exc=1676 bg_inh=526
[trial 4/100] spikes=2  rate=2.00 Hz  time=21.58s
[trial 5/100] input_spikes: pn_exc=1656 vip_inh_bio=354 bg_exc=2364 bg_inh=734
[trial 5/100] spikes=3  rate=3.00 Hz  time=22.09s
[trial 6/100] input_spikes: pn_exc=1693 vip_inh_bio=352 bg_exc=2339 bg_inh=701
[trial 6/100] spikes=6  rate=6.00 Hz  time=22.24s
[trial 7/100] input_spikes: pn_exc=1534 vip_inh_bio=361 bg_exc=2042 bg_inh=693
[trial 7/100] spikes=5  rate=5.00 Hz  time=21.84s
[trial 8/100] input_spikes: pn_exc=1638 vip_inh_bio=370 bg_exc=2226 bg_inh=740
[trial 8/100] spikes=6  rate=6.00 Hz  time=22.20s
[trial 9/100] input_spikes: pn_exc=1641 vip_inh_bio=390 bg_exc=2368 bg_inh=778
[trial 9/100] spikes=3  rate=3.00 Hz  time=22.25s
[trial 10/100] input_spikes: pn_exc=1605 vip_inh_bio=325 bg_exc=2026 bg_inh=648
[trial 10/100] spikes=4  rate=4.00 Hz  time=21.96s
[trial 11/100] input_spikes: pn_exc=1704 vip_inh_bio=386 bg_exc=2498 bg_inh=772
[trial 11/100] spikes=2  rate=2.00 Hz  time=22.40s
[trial 12/100] input_spikes: pn_exc=1801 vip_inh_bio=407 bg_exc=2464 bg_inh=734
[trial 12/100] spikes=7  rate=7.00 Hz  time=22.55s
[trial 13/100] input_spikes: pn_exc=1612 vip_inh_bio=366 bg_exc=2261 bg_inh=692
[trial 13/100] spikes=3  rate=3.00 Hz  time=22.09s
[trial 14/100] input_spikes: pn_exc=1679 vip_inh_bio=365 bg_exc=2493 bg_inh=788
[trial 14/100] spikes=5  rate=5.00 Hz  time=22.49s
[trial 15/100] input_spikes: pn_exc=1725 vip_inh_bio=396 bg_exc=2461 bg_inh=818
[trial 15/100] spikes=1  rate=1.00 Hz  time=22.32s
[trial 16/100] input_spikes: pn_exc=1723 vip_inh_bio=392 bg_exc=2490 bg_inh=801
[trial 16/100] spikes=4  rate=4.00 Hz  time=22.39s
[trial 17/100] input_spikes: pn_exc=1761 vip_inh_bio=347 bg_exc=2506 bg_inh=764
[trial 17/100] spikes=5  rate=5.00 Hz  time=22.35s
[trial 18/100] input_spikes: pn_exc=1726 vip_inh_bio=367 bg_exc=2289 bg_inh=750
[trial 18/100] spikes=6  rate=6.00 Hz  time=22.34s
[trial 19/100] input_spikes: pn_exc=1723 vip_inh_bio=364 bg_exc=2521 bg_inh=773
[trial 19/100] spikes=8  rate=8.00 Hz  time=22.39s
[trial 20/100] input_spikes: pn_exc=1738 vip_inh_bio=350 bg_exc=2500 bg_inh=776
[trial 20/100] spikes=4  rate=4.00 Hz  time=22.38s
[trial 21/100] input_spikes: pn_exc=1464 vip_inh_bio=339 bg_exc=1664 bg_inh=511
[trial 21/100] spikes=5  rate=5.00 Hz  time=21.57s
[trial 22/100] input_spikes: pn_exc=1747 vip_inh_bio=368 bg_exc=2446 bg_inh=735
[trial 22/100] spikes=3  rate=3.00 Hz  time=22.54s
[trial 23/100] input_spikes: pn_exc=1721 vip_inh_bio=366 bg_exc=2365 bg_inh=761
[trial 23/100] spikes=5  rate=5.00 Hz  time=22.28s
[trial 24/100] input_spikes: pn_exc=1738 vip_inh_bio=365 bg_exc=2409 bg_inh=756
[trial 24/100] spikes=1  rate=1.00 Hz  time=22.34s
[trial 25/100] input_spikes: pn_exc=1576 vip_inh_bio=322 bg_exc=2056 bg_inh=625
[trial 25/100] spikes=5  rate=5.00 Hz  time=21.95s
[trial 26/100] input_spikes: pn_exc=1743 vip_inh_bio=351 bg_exc=2303 bg_inh=743
[trial 26/100] spikes=6  rate=6.00 Hz  time=22.22s
[trial 27/100] input_spikes: pn_exc=1677 vip_inh_bio=371 bg_exc=2349 bg_inh=679
[trial 27/100] spikes=5  rate=5.00 Hz  time=21.97s
[trial 28/100] input_spikes: pn_exc=1685 vip_inh_bio=357 bg_exc=2288 bg_inh=722
[trial 28/100] spikes=5  rate=5.00 Hz  time=22.26s
[trial 29/100] input_spikes: pn_exc=1795 vip_inh_bio=409 bg_exc=2397 bg_inh=775
[trial 29/100] spikes=5  rate=5.00 Hz  time=22.38s
[trial 30/100] input_spikes: pn_exc=1666 vip_inh_bio=374 bg_exc=2296 bg_inh=729
[trial 30/100] spikes=2  rate=2.00 Hz  time=22.34s
[trial 31/100] input_spikes: pn_exc=1739 vip_inh_bio=363 bg_exc=2435 bg_inh=747
[trial 31/100] spikes=4  rate=4.00 Hz  time=22.38s
[trial 32/100] input_spikes: pn_exc=1654 vip_inh_bio=369 bg_exc=2437 bg_inh=771
[trial 32/100] spikes=5  rate=5.00 Hz  time=22.47s
[trial 33/100] input_spikes: pn_exc=1496 vip_inh_bio=320 bg_exc=841 bg_inh=244
[trial 33/100] spikes=1  rate=1.00 Hz  time=21.14s
[trial 34/100] input_spikes: pn_exc=1696 vip_inh_bio=376 bg_exc=2458 bg_inh=817
[trial 34/100] spikes=6  rate=6.00 Hz  time=22.40s
[trial 35/100] input_spikes: pn_exc=1710 vip_inh_bio=388 bg_exc=2374 bg_inh=740
[trial 35/100] spikes=4  rate=4.00 Hz  time=22.26s
[trial 36/100] input_spikes: pn_exc=1736 vip_inh_bio=385 bg_exc=2269 bg_inh=731
[trial 36/100] spikes=6  rate=6.00 Hz  time=22.32s
[trial 37/100] input_spikes: pn_exc=1662 vip_inh_bio=352 bg_exc=2103 bg_inh=679
[trial 37/100] spikes=3  rate=3.00 Hz  time=22.00s
[trial 38/100] input_spikes: pn_exc=1643 vip_inh_bio=363 bg_exc=2227 bg_inh=742
[trial 38/100] spikes=5  rate=5.00 Hz  time=22.24s
[trial 39/100] input_spikes: pn_exc=1685 vip_inh_bio=370 bg_exc=2392 bg_inh=739
[trial 39/100] spikes=2  rate=2.00 Hz  time=22.41s
[trial 40/100] input_spikes: pn_exc=1635 vip_inh_bio=369 bg_exc=2183 bg_inh=675
[trial 40/100] spikes=3  rate=3.00 Hz  time=22.15s
[trial 41/100] input_spikes: pn_exc=1795 vip_inh_bio=379 bg_exc=2306 bg_inh=769
[trial 41/100] spikes=4  rate=4.00 Hz  time=21.89s
[trial 42/100] input_spikes: pn_exc=1722 vip_inh_bio=358 bg_exc=2349 bg_inh=782
[trial 42/100] spikes=5  rate=5.00 Hz  time=21.89s
[trial 43/100] input_spikes: pn_exc=1689 vip_inh_bio=409 bg_exc=2524 bg_inh=790
[trial 43/100] spikes=4  rate=4.00 Hz  time=22.19s
[trial 44/100] input_spikes: pn_exc=1626 vip_inh_bio=339 bg_exc=2271 bg_inh=713
[trial 44/100] spikes=4  rate=4.00 Hz  time=21.79s
[trial 45/100] input_spikes: pn_exc=1633 vip_inh_bio=355 bg_exc=2440 bg_inh=790
[trial 45/100] spikes=2  rate=2.00 Hz  time=21.91s
[trial 46/100] input_spikes: pn_exc=1478 vip_inh_bio=324 bg_exc=1922 bg_inh=632
[trial 46/100] spikes=3  rate=3.00 Hz  time=21.41s
[trial 47/100] input_spikes: pn_exc=1737 vip_inh_bio=370 bg_exc=2387 bg_inh=772
[trial 47/100] spikes=1  rate=1.00 Hz  time=21.79s
[trial 48/100] input_spikes: pn_exc=1694 vip_inh_bio=380 bg_exc=2355 bg_inh=758
[trial 48/100] spikes=2  rate=2.00 Hz  time=21.99s
[trial 49/100] input_spikes: pn_exc=1421 vip_inh_bio=329 bg_exc=1730 bg_inh=547
[trial 49/100] spikes=3  rate=3.00 Hz  time=21.12s
[trial 50/100] input_spikes: pn_exc=1680 vip_inh_bio=370 bg_exc=2180 bg_inh=709
[trial 50/100] spikes=2  rate=2.00 Hz  time=21.63s
[trial 51/100] input_spikes: pn_exc=1745 vip_inh_bio=354 bg_exc=2332 bg_inh=746
[trial 51/100] spikes=2  rate=2.00 Hz  time=21.90s
[trial 52/100] input_spikes: pn_exc=1697 vip_inh_bio=388 bg_exc=2334 bg_inh=760
[trial 52/100] spikes=5  rate=5.00 Hz  time=21.91s
[trial 53/100] input_spikes: pn_exc=1669 vip_inh_bio=367 bg_exc=2323 bg_inh=736
[trial 53/100] spikes=5  rate=5.00 Hz  time=21.89s
[trial 54/100] input_spikes: pn_exc=1561 vip_inh_bio=348 bg_exc=2133 bg_inh=644
[trial 54/100] spikes=1  rate=1.00 Hz  time=21.64s
[trial 55/100] input_spikes: pn_exc=1416 vip_inh_bio=314 bg_exc=1903 bg_inh=606
[trial 55/100] spikes=2  rate=2.00 Hz  time=21.26s
[trial 56/100] input_spikes: pn_exc=1710 vip_inh_bio=351 bg_exc=2348 bg_inh=764
[trial 56/100] spikes=7  rate=7.00 Hz  time=21.83s
[trial 57/100] input_spikes: pn_exc=1476 vip_inh_bio=319 bg_exc=1175 bg_inh=360
[trial 57/100] spikes=4  rate=4.00 Hz  time=20.72s
[trial 58/100] input_spikes: pn_exc=1634 vip_inh_bio=339 bg_exc=2192 bg_inh=740
[trial 58/100] spikes=1  rate=1.00 Hz  time=21.73s
[trial 59/100] input_spikes: pn_exc=1595 vip_inh_bio=362 bg_exc=2253 bg_inh=657
[trial 59/100] spikes=5  rate=5.00 Hz  time=21.58s
[trial 60/100] input_spikes: pn_exc=1468 vip_inh_bio=314 bg_exc=1738 bg_inh=492
[trial 60/100] spikes=10  rate=10.00 Hz  time=21.17s
[trial 61/100] input_spikes: pn_exc=1669 vip_inh_bio=357 bg_exc=2123 bg_inh=660
[trial 61/100] spikes=4  rate=4.00 Hz  time=21.56s
[trial 62/100] input_spikes: pn_exc=1703 vip_inh_bio=365 bg_exc=2307 bg_inh=729
[trial 62/100] spikes=7  rate=7.00 Hz  time=21.84s
[trial 63/100] input_spikes: pn_exc=1549 vip_inh_bio=313 bg_exc=1140 bg_inh=346
[trial 63/100] spikes=3  rate=3.00 Hz  time=20.94s
[trial 64/100] input_spikes: pn_exc=1689 vip_inh_bio=364 bg_exc=2301 bg_inh=735
[trial 64/100] spikes=4  rate=4.00 Hz  time=22.54s
[trial 65/100] input_spikes: pn_exc=1733 vip_inh_bio=386 bg_exc=2451 bg_inh=810
[trial 65/100] spikes=3  rate=3.00 Hz  time=23.04s
[trial 66/100] input_spikes: pn_exc=1709 vip_inh_bio=361 bg_exc=2497 bg_inh=765
[trial 66/100] spikes=7  rate=7.00 Hz  time=22.26s
[trial 67/100] input_spikes: pn_exc=1576 vip_inh_bio=350 bg_exc=2172 bg_inh=700
[trial 67/100] spikes=3  rate=3.00 Hz  time=21.61s
[trial 68/100] input_spikes: pn_exc=1706 vip_inh_bio=412 bg_exc=2547 bg_inh=764
[trial 68/100] spikes=6  rate=6.00 Hz  time=22.02s
[trial 69/100] input_spikes: pn_exc=1733 vip_inh_bio=342 bg_exc=2378 bg_inh=776
[trial 69/100] spikes=6  rate=6.00 Hz  time=21.84s
[trial 70/100] input_spikes: pn_exc=1675 vip_inh_bio=348 bg_exc=2221 bg_inh=718
[trial 70/100] spikes=6  rate=6.00 Hz  time=21.72s
[trial 71/100] input_spikes: pn_exc=1715 vip_inh_bio=346 bg_exc=2423 bg_inh=752
[trial 71/100] spikes=3  rate=3.00 Hz  time=21.89s
[trial 72/100] input_spikes: pn_exc=1668 vip_inh_bio=386 bg_exc=2454 bg_inh=742
[trial 72/100] spikes=2  rate=2.00 Hz  time=22.05s
[trial 73/100] input_spikes: pn_exc=1736 vip_inh_bio=378 bg_exc=2402 bg_inh=794
[trial 73/100] spikes=5  rate=5.00 Hz  time=21.98s
[trial 74/100] input_spikes: pn_exc=1603 vip_inh_bio=360 bg_exc=2184 bg_inh=631
[trial 74/100] spikes=7  rate=7.00 Hz  time=21.75s
[trial 75/100] input_spikes: pn_exc=1730 vip_inh_bio=380 bg_exc=2332 bg_inh=772
[trial 75/100] spikes=5  rate=5.00 Hz  time=21.85s
[trial 76/100] input_spikes: pn_exc=1632 vip_inh_bio=359 bg_exc=2199 bg_inh=728
[trial 76/100] spikes=0  rate=0.00 Hz  time=21.67s
[trial 77/100] input_spikes: pn_exc=1682 vip_inh_bio=361 bg_exc=2497 bg_inh=767
[trial 77/100] spikes=6  rate=6.00 Hz  time=21.86s
[trial 78/100] input_spikes: pn_exc=1691 vip_inh_bio=334 bg_exc=2305 bg_inh=679
[trial 78/100] spikes=5  rate=5.00 Hz  time=21.80s
[trial 79/100] input_spikes: pn_exc=1565 vip_inh_bio=393 bg_exc=2138 bg_inh=686
[trial 79/100] spikes=2  rate=2.00 Hz  time=21.52s
[trial 80/100] input_spikes: pn_exc=1692 vip_inh_bio=394 bg_exc=2261 bg_inh=694
[trial 80/100] spikes=4  rate=4.00 Hz  time=21.82s
[trial 81/100] input_spikes: pn_exc=1632 vip_inh_bio=359 bg_exc=2075 bg_inh=665
[trial 81/100] spikes=2  rate=2.00 Hz  time=21.53s
[trial 82/100] input_spikes: pn_exc=1772 vip_inh_bio=341 bg_exc=2392 bg_inh=764
[trial 82/100] spikes=3  rate=3.00 Hz  time=21.96s
[trial 83/100] input_spikes: pn_exc=1662 vip_inh_bio=363 bg_exc=2207 bg_inh=676
[trial 83/100] spikes=5  rate=5.00 Hz  time=21.72s
[trial 84/100] input_spikes: pn_exc=1684 vip_inh_bio=340 bg_exc=2339 bg_inh=751
[trial 84/100] spikes=4  rate=4.00 Hz  time=21.98s
[trial 85/100] input_spikes: pn_exc=1687 vip_inh_bio=374 bg_exc=2299 bg_inh=715
[trial 85/100] spikes=6  rate=6.00 Hz  time=21.80s
[trial 86/100] input_spikes: pn_exc=1730 vip_inh_bio=364 bg_exc=2340 bg_inh=758
[trial 86/100] spikes=5  rate=5.00 Hz  time=21.85s
[trial 87/100] input_spikes: pn_exc=1463 vip_inh_bio=331 bg_exc=1850 bg_inh=595
[trial 87/100] spikes=5  rate=5.00 Hz  time=21.14s
[trial 88/100] input_spikes: pn_exc=1551 vip_inh_bio=346 bg_exc=1836 bg_inh=579
[trial 88/100] spikes=3  rate=3.00 Hz  time=21.28s
[trial 89/100] input_spikes: pn_exc=1805 vip_inh_bio=377 bg_exc=2363 bg_inh=738
[trial 89/100] spikes=2  rate=2.00 Hz  time=21.82s
[trial 90/100] input_spikes: pn_exc=1657 vip_inh_bio=363 bg_exc=2314 bg_inh=730
[trial 90/100] spikes=3  rate=3.00 Hz  time=21.79s
[trial 91/100] input_spikes: pn_exc=1672 vip_inh_bio=370 bg_exc=2254 bg_inh=736
[trial 91/100] spikes=6  rate=6.00 Hz  time=21.73s
[trial 92/100] input_spikes: pn_exc=1591 vip_inh_bio=350 bg_exc=2036 bg_inh=651
[trial 92/100] spikes=4  rate=4.00 Hz  time=21.45s
[trial 93/100] input_spikes: pn_exc=1769 vip_inh_bio=384 bg_exc=2397 bg_inh=758
[trial 93/100] spikes=5  rate=5.00 Hz  time=21.87s
[trial 94/100] input_spikes: pn_exc=1733 vip_inh_bio=386 bg_exc=2587 bg_inh=788
[trial 94/100] spikes=3  rate=3.00 Hz  time=22.22s
[trial 95/100] input_spikes: pn_exc=1669 vip_inh_bio=372 bg_exc=2262 bg_inh=707
[trial 95/100] spikes=3  rate=3.00 Hz  time=21.65s
[trial 96/100] input_spikes: pn_exc=1673 vip_inh_bio=367 bg_exc=2190 bg_inh=715
[trial 96/100] spikes=4  rate=4.00 Hz  time=21.72s
[trial 97/100] input_spikes: pn_exc=1699 vip_inh_bio=382 bg_exc=2325 bg_inh=765
[trial 97/100] spikes=5  rate=5.00 Hz  time=21.91s
[trial 98/100] input_spikes: pn_exc=1757 vip_inh_bio=360 bg_exc=2440 bg_inh=815
[trial 98/100] spikes=6  rate=6.00 Hz  time=22.00s
[trial 99/100] input_spikes: pn_exc=1691 vip_inh_bio=434 bg_exc=2500 bg_inh=734
[trial 99/100] spikes=4  rate=4.00 Hz  time=22.02s
[trial 100/100] input_spikes: pn_exc=1684 vip_inh_bio=377 bg_exc=2565 bg_inh=789
[trial 100/100] spikes=2  rate=2.00 Hz  time=21.66s
save_plots single_plot warning: Top input panel: group list empty, auto-using all groups (4).
Results saved to /home/hrbncv/SCP/cells/SST/tunes/seg_tuned_all/output_data/slurm_42203/parts/slurm_42203_4/run_manifest.json
Total runtime: 2197.26s
