Running: python /home/hrbncv/SCP/run_pipeline.py --tune-dir /home/hrbncv/SCP/cells/SST/tunes/seg_tuned_all --output-dir /home/hrbncv/SCP/cells/SST/tunes/seg_tuned_all/output_data/slurm_39858/parts --n-trials 20 --output-stem slurm_39858_21 --trial-offset 420 --force-save
Loaded mechanisms from /home/hrbncv/SCP/cells/SST/tunes/seg_tuned_all/modfiles/x86_64/.libs/libnrnmech.so
Loaded Allen cell for 'SST' from /home/hrbncv/SCP/cells/SST/tunes/seg_tuned_all/manifest.json, soma_diam_multiplier=10.0, Vinit=-65.0, loader=genome_fallback
Geometry defined for 'SST': 1 soma segs, 54 proximal dend segs, 52 distal dend segs, 115 total dend segs.
[trial 1/20] input_spikes: pn_exc=1715 vip_inh_bio=73 bg_exc=2473 bg_inh=747
[trial 1/20] spikes=5  rate=5.00 Hz  time=22.53s
[trial 2/20] input_spikes: pn_exc=1644 vip_inh_bio=66 bg_exc=2381 bg_inh=710
[trial 2/20] spikes=3  rate=3.00 Hz  time=22.46s
[trial 3/20] input_spikes: pn_exc=1692 vip_inh_bio=67 bg_exc=2451 bg_inh=762
[trial 3/20] spikes=4  rate=4.00 Hz  time=22.51s
[trial 4/20] input_spikes: pn_exc=1717 vip_inh_bio=55 bg_exc=2358 bg_inh=784
[trial 4/20] spikes=2  rate=2.00 Hz  time=22.36s
[trial 5/20] input_spikes: pn_exc=1516 vip_inh_bio=48 bg_exc=1614 bg_inh=553
[trial 5/20] spikes=4  rate=4.00 Hz  time=21.69s
[trial 6/20] input_spikes: pn_exc=1836 vip_inh_bio=76 bg_exc=2450 bg_inh=796
[trial 6/20] spikes=3  rate=3.00 Hz  time=22.38s
[trial 7/20] input_spikes: pn_exc=1712 vip_inh_bio=66 bg_exc=2237 bg_inh=745
[trial 7/20] spikes=6  rate=6.00 Hz  time=21.85s
[trial 8/20] input_spikes: pn_exc=1819 vip_inh_bio=78 bg_exc=2379 bg_inh=742
[trial 8/20] spikes=4  rate=4.00 Hz  time=22.15s
[trial 9/20] input_spikes: pn_exc=1832 vip_inh_bio=71 bg_exc=2453 bg_inh=783
[trial 9/20] spikes=3  rate=3.00 Hz  time=22.44s
[trial 10/20] input_spikes: pn_exc=1639 vip_inh_bio=50 bg_exc=2497 bg_inh=780
[trial 10/20] spikes=3  rate=3.00 Hz  time=22.23s
[trial 11/20] input_spikes: pn_exc=1779 vip_inh_bio=62 bg_exc=2467 bg_inh=835
[trial 11/20] spikes=6  rate=6.00 Hz  time=22.56s
[trial 12/20] input_spikes: pn_exc=1797 vip_inh_bio=76 bg_exc=2439 bg_inh=814
[trial 12/20] spikes=2  rate=2.00 Hz  time=22.65s
[trial 13/20] input_spikes: pn_exc=1663 vip_inh_bio=72 bg_exc=2204 bg_inh=758
[trial 13/20] spikes=0  rate=0.00 Hz  time=22.26s
[trial 14/20] input_spikes: pn_exc=1698 vip_inh_bio=61 bg_exc=2202 bg_inh=742
[trial 14/20] spikes=3  rate=3.00 Hz  time=22.08s
[trial 15/20] input_spikes: pn_exc=1691 vip_inh_bio=61 bg_exc=2422 bg_inh=772
[trial 15/20] spikes=1  rate=1.00 Hz  time=22.54s
[trial 16/20] input_spikes: pn_exc=1752 vip_inh_bio=78 bg_exc=2435 bg_inh=776
[trial 16/20] spikes=3  rate=3.00 Hz  time=22.95s
[trial 17/20] input_spikes: pn_exc=1697 vip_inh_bio=56 bg_exc=2437 bg_inh=778
[trial 17/20] spikes=2  rate=2.00 Hz  time=22.28s
[trial 18/20] input_spikes: pn_exc=1678 vip_inh_bio=75 bg_exc=2506 bg_inh=731
[trial 18/20] spikes=2  rate=2.00 Hz  time=22.30s
[trial 19/20] input_spikes: pn_exc=1645 vip_inh_bio=64 bg_exc=2430 bg_inh=745
[trial 19/20] spikes=5  rate=5.00 Hz  time=22.10s
[trial 20/20] input_spikes: pn_exc=1670 vip_inh_bio=55 bg_exc=2260 bg_inh=688
[trial 20/20] spikes=4  rate=4.00 Hz  time=21.58s
save_plots single_plot warning: Top input panel: group list empty, auto-using all groups (4).
Results saved to /home/hrbncv/SCP/cells/SST/tunes/seg_tuned_all/output_data/slurm_39858/parts/slurm_39858_21/run_manifest.json
Total runtime: 447.21s
