Running: /home/hrbncv/miniconda3/envs/BMTK-py311/bin/python /home/hrbncv/SCP/run_pipeline.py --tune-dir /home/hrbncv/SCP/cells/SST/tunes/seg_tuned_all --output-dir /home/hrbncv/SCP/cells/SST/tunes/seg_tuned_all/output_data/slurm_42203/parts --n-trials 100 --output-stem slurm_42203_49 --trial-offset 4900 --force-save
Loaded mechanisms from /home/hrbncv/SCP/cells/SST/tunes/seg_tuned_all/modfiles/x86_64/.libs/libnrnmech.so
Loaded Allen cell for 'SST' from /home/hrbncv/SCP/cells/SST/tunes/seg_tuned_all/manifest.json, soma_diam_multiplier=10.0, Vinit=-65.0, loader=genome_fallback
Geometry defined for 'SST': 1 soma segs, 54 proximal dend segs, 52 distal dend segs, 115 total dend segs.
[trial 1/100] input_spikes: pn_exc=1729 vip_inh_bio=405 bg_exc=2499 bg_inh=769
[trial 1/100] spikes=6  rate=6.00 Hz  time=22.96s
[trial 2/100] input_spikes: pn_exc=1650 vip_inh_bio=321 bg_exc=2075 bg_inh=697
[trial 2/100] spikes=3  rate=3.00 Hz  time=22.57s
[trial 3/100] input_spikes: pn_exc=1703 vip_inh_bio=387 bg_exc=2334 bg_inh=736
[trial 3/100] spikes=4  rate=4.00 Hz  time=23.00s
[trial 4/100] input_spikes: pn_exc=1676 vip_inh_bio=395 bg_exc=2423 bg_inh=834
[trial 4/100] spikes=8  rate=8.00 Hz  time=22.99s
[trial 5/100] input_spikes: pn_exc=1622 vip_inh_bio=336 bg_exc=2125 bg_inh=677
[trial 5/100] spikes=3  rate=3.00 Hz  time=22.71s
[trial 6/100] input_spikes: pn_exc=1726 vip_inh_bio=397 bg_exc=2336 bg_inh=750
[trial 6/100] spikes=6  rate=6.00 Hz  time=22.96s
[trial 7/100] input_spikes: pn_exc=1650 vip_inh_bio=353 bg_exc=2201 bg_inh=738
[trial 7/100] spikes=7  rate=7.00 Hz  time=22.74s
[trial 8/100] input_spikes: pn_exc=1562 vip_inh_bio=363 bg_exc=2207 bg_inh=664
[trial 8/100] spikes=3  rate=3.00 Hz  time=22.42s
[trial 9/100] input_spikes: pn_exc=1547 vip_inh_bio=385 bg_exc=2112 bg_inh=661
[trial 9/100] spikes=4  rate=4.00 Hz  time=22.83s
[trial 10/100] input_spikes: pn_exc=1670 vip_inh_bio=373 bg_exc=2283 bg_inh=711
[trial 10/100] spikes=4  rate=4.00 Hz  time=22.68s
[trial 11/100] input_spikes: pn_exc=1720 vip_inh_bio=348 bg_exc=2360 bg_inh=670
[trial 11/100] spikes=4  rate=4.00 Hz  time=22.92s
[trial 12/100] input_spikes: pn_exc=1685 vip_inh_bio=405 bg_exc=2445 bg_inh=733
[trial 12/100] spikes=5  rate=5.00 Hz  time=22.86s
[trial 13/100] input_spikes: pn_exc=1577 vip_inh_bio=363 bg_exc=2238 bg_inh=712
[trial 13/100] spikes=4  rate=4.00 Hz  time=22.90s
[trial 14/100] input_spikes: pn_exc=1644 vip_inh_bio=387 bg_exc=2166 bg_inh=684
[trial 14/100] spikes=6  rate=6.00 Hz  time=22.50s
[trial 15/100] input_spikes: pn_exc=1740 vip_inh_bio=368 bg_exc=2389 bg_inh=761
[trial 15/100] spikes=4  rate=4.00 Hz  time=22.97s
[trial 16/100] input_spikes: pn_exc=1701 vip_inh_bio=415 bg_exc=2433 bg_inh=749
[trial 16/100] spikes=8  rate=8.00 Hz  time=23.15s
[trial 17/100] input_spikes: pn_exc=1627 vip_inh_bio=371 bg_exc=2143 bg_inh=688
[trial 17/100] spikes=4  rate=4.00 Hz  time=22.74s
[trial 18/100] input_spikes: pn_exc=1661 vip_inh_bio=350 bg_exc=2160 bg_inh=664
[trial 18/100] spikes=6  rate=6.00 Hz  time=22.61s
[trial 19/100] input_spikes: pn_exc=1461 vip_inh_bio=336 bg_exc=1827 bg_inh=586
[trial 19/100] spikes=6  rate=6.00 Hz  time=22.26s
[trial 20/100] input_spikes: pn_exc=1493 vip_inh_bio=335 bg_exc=2064 bg_inh=616
[trial 20/100] spikes=5  rate=5.00 Hz  time=22.72s
[trial 21/100] input_spikes: pn_exc=1768 vip_inh_bio=358 bg_exc=2422 bg_inh=743
[trial 21/100] spikes=5  rate=5.00 Hz  time=23.21s
[trial 22/100] input_spikes: pn_exc=1486 vip_inh_bio=319 bg_exc=2095 bg_inh=641
[trial 22/100] spikes=8  rate=8.00 Hz  time=22.73s
[trial 23/100] input_spikes: pn_exc=1699 vip_inh_bio=358 bg_exc=2370 bg_inh=717
[trial 23/100] spikes=3  rate=3.00 Hz  time=22.98s
[trial 24/100] input_spikes: pn_exc=1673 vip_inh_bio=343 bg_exc=2327 bg_inh=768
[trial 24/100] spikes=6  rate=6.00 Hz  time=23.03s
[trial 25/100] input_spikes: pn_exc=1652 vip_inh_bio=367 bg_exc=2240 bg_inh=698
[trial 25/100] spikes=3  rate=3.00 Hz  time=23.13s
[trial 26/100] input_spikes: pn_exc=1752 vip_inh_bio=371 bg_exc=2420 bg_inh=793
[trial 26/100] spikes=6  rate=6.00 Hz  time=23.03s
[trial 27/100] input_spikes: pn_exc=1754 vip_inh_bio=340 bg_exc=2471 bg_inh=745
[trial 27/100] spikes=2  rate=2.00 Hz  time=23.18s
[trial 28/100] input_spikes: pn_exc=1712 vip_inh_bio=376 bg_exc=2524 bg_inh=811
[trial 28/100] spikes=8  rate=8.00 Hz  time=23.12s
[trial 29/100] input_spikes: pn_exc=1656 vip_inh_bio=355 bg_exc=2407 bg_inh=764
[trial 29/100] spikes=5  rate=5.00 Hz  time=23.12s
[trial 30/100] input_spikes: pn_exc=1721 vip_inh_bio=394 bg_exc=2375 bg_inh=744
[trial 30/100] spikes=6  rate=6.00 Hz  time=22.95s
[trial 31/100] input_spikes: pn_exc=1728 vip_inh_bio=351 bg_exc=2328 bg_inh=772
[trial 31/100] spikes=5  rate=5.00 Hz  time=22.95s
[trial 32/100] input_spikes: pn_exc=1515 vip_inh_bio=334 bg_exc=1318 bg_inh=448
[trial 32/100] spikes=5  rate=5.00 Hz  time=21.86s
[trial 33/100] input_spikes: pn_exc=1514 vip_inh_bio=339 bg_exc=1984 bg_inh=585
[trial 33/100] spikes=7  rate=7.00 Hz  time=22.72s
[trial 34/100] input_spikes: pn_exc=1747 vip_inh_bio=385 bg_exc=2354 bg_inh=764
[trial 34/100] spikes=4  rate=4.00 Hz  time=23.29s
[trial 35/100] input_spikes: pn_exc=1588 vip_inh_bio=357 bg_exc=2070 bg_inh=669
[trial 35/100] spikes=6  rate=6.00 Hz  time=23.09s
[trial 36/100] input_spikes: pn_exc=1632 vip_inh_bio=386 bg_exc=2272 bg_inh=651
[trial 36/100] spikes=3  rate=3.00 Hz  time=23.27s
[trial 37/100] input_spikes: pn_exc=1688 vip_inh_bio=409 bg_exc=2373 bg_inh=769
[trial 37/100] spikes=3  rate=3.00 Hz  time=23.27s
[trial 38/100] input_spikes: pn_exc=1739 vip_inh_bio=370 bg_exc=2442 bg_inh=772
[trial 38/100] spikes=4  rate=4.00 Hz  time=23.24s
[trial 39/100] input_spikes: pn_exc=1583 vip_inh_bio=323 bg_exc=2033 bg_inh=617
[trial 39/100] spikes=5  rate=5.00 Hz  time=22.83s
[trial 40/100] input_spikes: pn_exc=1759 vip_inh_bio=385 bg_exc=2401 bg_inh=772
[trial 40/100] spikes=7  rate=7.00 Hz  time=23.02s
[trial 41/100] input_spikes: pn_exc=1789 vip_inh_bio=381 bg_exc=2470 bg_inh=747
[trial 41/100] spikes=8  rate=8.00 Hz  time=23.42s
[trial 42/100] input_spikes: pn_exc=1657 vip_inh_bio=316 bg_exc=2203 bg_inh=686
[trial 42/100] spikes=4  rate=4.00 Hz  time=23.02s
[trial 43/100] input_spikes: pn_exc=1725 vip_inh_bio=407 bg_exc=2548 bg_inh=791
[trial 43/100] spikes=3  rate=3.00 Hz  time=23.52s
[trial 44/100] input_spikes: pn_exc=1540 vip_inh_bio=326 bg_exc=2062 bg_inh=680
[trial 44/100] spikes=6  rate=6.00 Hz  time=22.79s
[trial 45/100] input_spikes: pn_exc=1674 vip_inh_bio=360 bg_exc=2388 bg_inh=743
[trial 45/100] spikes=3  rate=3.00 Hz  time=23.34s
[trial 46/100] input_spikes: pn_exc=1690 vip_inh_bio=359 bg_exc=2408 bg_inh=764
[trial 46/100] spikes=2  rate=2.00 Hz  time=23.16s
[trial 47/100] input_spikes: pn_exc=1675 vip_inh_bio=382 bg_exc=2471 bg_inh=758
[trial 47/100] spikes=2  rate=2.00 Hz  time=23.41s
[trial 48/100] input_spikes: pn_exc=1669 vip_inh_bio=419 bg_exc=2406 bg_inh=722
[trial 48/100] spikes=5  rate=5.00 Hz  time=22.98s
[trial 49/100] input_spikes: pn_exc=1692 vip_inh_bio=407 bg_exc=2523 bg_inh=762
[trial 49/100] spikes=4  rate=4.00 Hz  time=23.43s
[trial 50/100] input_spikes: pn_exc=1819 vip_inh_bio=374 bg_exc=2401 bg_inh=744
[trial 50/100] spikes=8  rate=8.00 Hz  time=23.17s
[trial 51/100] input_spikes: pn_exc=1703 vip_inh_bio=365 bg_exc=2265 bg_inh=743
[trial 51/100] spikes=4  rate=4.00 Hz  time=23.17s
[trial 52/100] input_spikes: pn_exc=1710 vip_inh_bio=393 bg_exc=2361 bg_inh=726
[trial 52/100] spikes=1  rate=1.00 Hz  time=23.11s
[trial 53/100] input_spikes: pn_exc=1763 vip_inh_bio=379 bg_exc=2442 bg_inh=810
[trial 53/100] spikes=9  rate=9.00 Hz  time=23.46s
[trial 54/100] input_spikes: pn_exc=1789 vip_inh_bio=358 bg_exc=2470 bg_inh=784
[trial 54/100] spikes=5  rate=5.00 Hz  time=23.32s
[trial 55/100] input_spikes: pn_exc=1699 vip_inh_bio=370 bg_exc=2462 bg_inh=781
[trial 55/100] spikes=4  rate=4.00 Hz  time=23.25s
[trial 56/100] input_spikes: pn_exc=1664 vip_inh_bio=362 bg_exc=2279 bg_inh=743
[trial 56/100] spikes=5  rate=5.00 Hz  time=23.16s
[trial 57/100] input_spikes: pn_exc=1633 vip_inh_bio=398 bg_exc=2342 bg_inh=731
[trial 57/100] spikes=4  rate=4.00 Hz  time=23.17s
[trial 58/100] input_spikes: pn_exc=1842 vip_inh_bio=414 bg_exc=2604 bg_inh=828
[trial 58/100] spikes=6  rate=6.00 Hz  time=23.47s
[trial 59/100] input_spikes: pn_exc=1756 vip_inh_bio=389 bg_exc=2439 bg_inh=812
[trial 59/100] spikes=2  rate=2.00 Hz  time=23.33s
[trial 60/100] input_spikes: pn_exc=1742 vip_inh_bio=375 bg_exc=2433 bg_inh=807
[trial 60/100] spikes=1  rate=1.00 Hz  time=23.11s
[trial 61/100] input_spikes: pn_exc=1691 vip_inh_bio=357 bg_exc=2301 bg_inh=745
[trial 61/100] spikes=4  rate=4.00 Hz  time=23.30s
[trial 62/100] input_spikes: pn_exc=1642 vip_inh_bio=366 bg_exc=2211 bg_inh=678
[trial 62/100] spikes=3  rate=3.00 Hz  time=23.31s
[trial 63/100] input_spikes: pn_exc=1778 vip_inh_bio=357 bg_exc=2416 bg_inh=769
[trial 63/100] spikes=6  rate=6.00 Hz  time=23.55s
[trial 64/100] input_spikes: pn_exc=1716 vip_inh_bio=348 bg_exc=2493 bg_inh=857
[trial 64/100] spikes=7  rate=7.00 Hz  time=23.47s
[trial 65/100] input_spikes: pn_exc=1609 vip_inh_bio=362 bg_exc=2145 bg_inh=693
[trial 65/100] spikes=6  rate=6.00 Hz  time=22.99s
[trial 66/100] input_spikes: pn_exc=1573 vip_inh_bio=326 bg_exc=2139 bg_inh=630
[trial 66/100] spikes=6  rate=6.00 Hz  time=22.93s
[trial 67/100] input_spikes: pn_exc=1588 vip_inh_bio=380 bg_exc=2175 bg_inh=663
[trial 67/100] spikes=6  rate=6.00 Hz  time=23.12s
[trial 68/100] input_spikes: pn_exc=1792 vip_inh_bio=325 bg_exc=2550 bg_inh=748
[trial 68/100] spikes=8  rate=8.00 Hz  time=23.49s
[trial 69/100] input_spikes: pn_exc=1698 vip_inh_bio=406 bg_exc=2507 bg_inh=763
[trial 69/100] spikes=1  rate=1.00 Hz  time=23.45s
[trial 70/100] input_spikes: pn_exc=1605 vip_inh_bio=360 bg_exc=2063 bg_inh=643
[trial 70/100] spikes=3  rate=3.00 Hz  time=22.79s
[trial 71/100] input_spikes: pn_exc=1708 vip_inh_bio=389 bg_exc=2381 bg_inh=762
[trial 71/100] spikes=6  rate=6.00 Hz  time=23.40s
[trial 72/100] input_spikes: pn_exc=1702 vip_inh_bio=371 bg_exc=2355 bg_inh=771
[trial 72/100] spikes=2  rate=2.00 Hz  time=23.10s
[trial 73/100] input_spikes: pn_exc=1633 vip_inh_bio=382 bg_exc=2276 bg_inh=702
[trial 73/100] spikes=2  rate=2.00 Hz  time=23.04s
[trial 74/100] input_spikes: pn_exc=1575 vip_inh_bio=403 bg_exc=2266 bg_inh=749
[trial 74/100] spikes=1  rate=1.00 Hz  time=23.12s
[trial 75/100] input_spikes: pn_exc=1777 vip_inh_bio=372 bg_exc=2475 bg_inh=776
[trial 75/100] spikes=4  rate=4.00 Hz  time=23.39s
[trial 76/100] input_spikes: pn_exc=1517 vip_inh_bio=331 bg_exc=1880 bg_inh=586
[trial 76/100] spikes=4  rate=4.00 Hz  time=22.70s
[trial 77/100] input_spikes: pn_exc=1462 vip_inh_bio=284 bg_exc=1529 bg_inh=468
[trial 77/100] spikes=5  rate=5.00 Hz  time=22.33s
[trial 78/100] input_spikes: pn_exc=1660 vip_inh_bio=369 bg_exc=2385 bg_inh=758
[trial 78/100] spikes=3  rate=3.00 Hz  time=23.18s
[trial 79/100] input_spikes: pn_exc=1601 vip_inh_bio=314 bg_exc=2110 bg_inh=664
[trial 79/100] spikes=4  rate=4.00 Hz  time=22.77s
[trial 80/100] input_spikes: pn_exc=1745 vip_inh_bio=354 bg_exc=2309 bg_inh=774
[trial 80/100] spikes=3  rate=3.00 Hz  time=23.03s
[trial 81/100] input_spikes: pn_exc=1653 vip_inh_bio=341 bg_exc=2386 bg_inh=723
[trial 81/100] spikes=5  rate=5.00 Hz  time=23.31s
[trial 82/100] input_spikes: pn_exc=1722 vip_inh_bio=357 bg_exc=2444 bg_inh=777
[trial 82/100] spikes=3  rate=3.00 Hz  time=23.33s
[trial 83/100] input_spikes: pn_exc=1725 vip_inh_bio=350 bg_exc=2404 bg_inh=724
[trial 83/100] spikes=1  rate=1.00 Hz  time=23.28s
[trial 84/100] input_spikes: pn_exc=1650 vip_inh_bio=378 bg_exc=2367 bg_inh=742
[trial 84/100] spikes=6  rate=6.00 Hz  time=23.37s
[trial 85/100] input_spikes: pn_exc=1716 vip_inh_bio=376 bg_exc=2450 bg_inh=749
[trial 85/100] spikes=5  rate=5.00 Hz  time=23.22s
[trial 86/100] input_spikes: pn_exc=1570 vip_inh_bio=381 bg_exc=2028 bg_inh=594
[trial 86/100] spikes=4  rate=4.00 Hz  time=22.70s
[trial 87/100] input_spikes: pn_exc=1731 vip_inh_bio=352 bg_exc=2131 bg_inh=667
[trial 87/100] spikes=5  rate=5.00 Hz  time=23.03s
[trial 88/100] input_spikes: pn_exc=1486 vip_inh_bio=361 bg_exc=1795 bg_inh=588
[trial 88/100] spikes=2  rate=2.00 Hz  time=22.67s
[trial 89/100] input_spikes: pn_exc=1568 vip_inh_bio=307 bg_exc=2029 bg_inh=705
[trial 89/100] spikes=3  rate=3.00 Hz  time=22.98s
[trial 90/100] input_spikes: pn_exc=1675 vip_inh_bio=366 bg_exc=2303 bg_inh=798
[trial 90/100] spikes=3  rate=3.00 Hz  time=22.90s
[trial 91/100] input_spikes: pn_exc=1674 vip_inh_bio=342 bg_exc=2179 bg_inh=703
[trial 91/100] spikes=4  rate=4.00 Hz  time=23.26s
[trial 92/100] input_spikes: pn_exc=1753 vip_inh_bio=387 bg_exc=2482 bg_inh=762
[trial 92/100] spikes=4  rate=4.00 Hz  time=23.32s
[trial 93/100] input_spikes: pn_exc=1579 vip_inh_bio=339 bg_exc=2079 bg_inh=674
[trial 93/100] spikes=4  rate=4.00 Hz  time=22.99s
[trial 94/100] input_spikes: pn_exc=1733 vip_inh_bio=385 bg_exc=2432 bg_inh=748
[trial 94/100] spikes=5  rate=5.00 Hz  time=23.32s
[trial 95/100] input_spikes: pn_exc=1683 vip_inh_bio=374 bg_exc=2292 bg_inh=746
[trial 95/100] spikes=2  rate=2.00 Hz  time=22.82s
[trial 96/100] input_spikes: pn_exc=1514 vip_inh_bio=398 bg_exc=2168 bg_inh=693
[trial 96/100] spikes=3  rate=3.00 Hz  time=21.88s
[trial 97/100] input_spikes: pn_exc=1710 vip_inh_bio=375 bg_exc=2267 bg_inh=733
[trial 97/100] spikes=2  rate=2.00 Hz  time=21.19s
[trial 98/100] input_spikes: pn_exc=1511 vip_inh_bio=320 bg_exc=1024 bg_inh=328
[trial 98/100] spikes=3  rate=3.00 Hz  time=19.69s
[trial 99/100] input_spikes: pn_exc=1584 vip_inh_bio=383 bg_exc=2405 bg_inh=765
[trial 99/100] spikes=5  rate=5.00 Hz  time=20.36s
[trial 100/100] input_spikes: pn_exc=1720 vip_inh_bio=386 bg_exc=2409 bg_inh=737
[trial 100/100] spikes=2  rate=2.00 Hz  time=20.32s
save_plots single_plot warning: Top input panel: group list empty, auto-using all groups (4).
Results saved to /home/hrbncv/SCP/cells/SST/tunes/seg_tuned_all/output_data/slurm_42203/parts/slurm_42203_49/run_manifest.json
Total runtime: 2295.15s
