Running: /home/hrbncv/miniconda3/envs/BMTK-py311/bin/python /home/hrbncv/SCP/run_pipeline.py --tune-dir /home/hrbncv/SCP/cells/SST/tunes/seg_tuned_all --output-dir /home/hrbncv/SCP/cells/SST/tunes/seg_tuned_all/output_data/slurm_42203/parts --n-trials 100 --output-stem slurm_42203_35 --trial-offset 3500 --force-save
Loaded mechanisms from /home/hrbncv/SCP/cells/SST/tunes/seg_tuned_all/modfiles/x86_64/.libs/libnrnmech.so
Loaded Allen cell for 'SST' from /home/hrbncv/SCP/cells/SST/tunes/seg_tuned_all/manifest.json, soma_diam_multiplier=10.0, Vinit=-65.0, loader=genome_fallback
Geometry defined for 'SST': 1 soma segs, 54 proximal dend segs, 52 distal dend segs, 115 total dend segs.
[trial 1/100] input_spikes: pn_exc=1591 vip_inh_bio=360 bg_exc=2071 bg_inh=678
[trial 1/100] spikes=3  rate=3.00 Hz  time=21.58s
[trial 2/100] input_spikes: pn_exc=1711 vip_inh_bio=391 bg_exc=2376 bg_inh=749
[trial 2/100] spikes=2  rate=2.00 Hz  time=21.66s
[trial 3/100] input_spikes: pn_exc=1575 vip_inh_bio=376 bg_exc=2077 bg_inh=671
[trial 3/100] spikes=4  rate=4.00 Hz  time=21.57s
[trial 4/100] input_spikes: pn_exc=1678 vip_inh_bio=402 bg_exc=2325 bg_inh=690
[trial 4/100] spikes=4  rate=4.00 Hz  time=21.86s
[trial 5/100] input_spikes: pn_exc=1791 vip_inh_bio=374 bg_exc=2343 bg_inh=755
[trial 5/100] spikes=5  rate=5.00 Hz  time=21.96s
[trial 6/100] input_spikes: pn_exc=1721 vip_inh_bio=396 bg_exc=2417 bg_inh=742
[trial 6/100] spikes=8  rate=8.00 Hz  time=22.01s
[trial 7/100] input_spikes: pn_exc=1485 vip_inh_bio=303 bg_exc=1735 bg_inh=581
[trial 7/100] spikes=3  rate=3.00 Hz  time=21.28s
[trial 8/100] input_spikes: pn_exc=1678 vip_inh_bio=363 bg_exc=2488 bg_inh=749
[trial 8/100] spikes=7  rate=7.00 Hz  time=22.01s
[trial 9/100] input_spikes: pn_exc=1676 vip_inh_bio=395 bg_exc=2520 bg_inh=744
[trial 9/100] spikes=4  rate=4.00 Hz  time=22.24s
[trial 10/100] input_spikes: pn_exc=1615 vip_inh_bio=370 bg_exc=2308 bg_inh=763
[trial 10/100] spikes=1  rate=1.00 Hz  time=21.97s
[trial 11/100] input_spikes: pn_exc=1728 vip_inh_bio=372 bg_exc=2337 bg_inh=742
[trial 11/100] spikes=4  rate=4.00 Hz  time=22.03s
[trial 12/100] input_spikes: pn_exc=1674 vip_inh_bio=372 bg_exc=2339 bg_inh=761
[trial 12/100] spikes=5  rate=5.00 Hz  time=22.22s
[trial 13/100] input_spikes: pn_exc=1698 vip_inh_bio=348 bg_exc=2285 bg_inh=736
[trial 13/100] spikes=5  rate=5.00 Hz  time=21.99s
[trial 14/100] input_spikes: pn_exc=1642 vip_inh_bio=384 bg_exc=2215 bg_inh=757
[trial 14/100] spikes=5  rate=5.00 Hz  time=21.88s
[trial 15/100] input_spikes: pn_exc=1784 vip_inh_bio=348 bg_exc=2369 bg_inh=716
[trial 15/100] spikes=3  rate=3.00 Hz  time=22.03s
[trial 16/100] input_spikes: pn_exc=1631 vip_inh_bio=362 bg_exc=2339 bg_inh=734
[trial 16/100] spikes=4  rate=4.00 Hz  time=22.01s
[trial 17/100] input_spikes: pn_exc=1753 vip_inh_bio=359 bg_exc=2414 bg_inh=782
[trial 17/100] spikes=7  rate=7.00 Hz  time=22.18s
[trial 18/100] input_spikes: pn_exc=1740 vip_inh_bio=384 bg_exc=2506 bg_inh=828
[trial 18/100] spikes=7  rate=7.00 Hz  time=22.29s
[trial 19/100] input_spikes: pn_exc=1612 vip_inh_bio=348 bg_exc=2090 bg_inh=679
[trial 19/100] spikes=5  rate=5.00 Hz  time=21.71s
[trial 20/100] input_spikes: pn_exc=1729 vip_inh_bio=358 bg_exc=2367 bg_inh=740
[trial 20/100] spikes=5  rate=5.00 Hz  time=22.04s
[trial 21/100] input_spikes: pn_exc=1699 vip_inh_bio=368 bg_exc=2355 bg_inh=711
[trial 21/100] spikes=1  rate=1.00 Hz  time=22.15s
[trial 22/100] input_spikes: pn_exc=1714 vip_inh_bio=340 bg_exc=2352 bg_inh=713
[trial 22/100] spikes=7  rate=7.00 Hz  time=22.23s
[trial 23/100] input_spikes: pn_exc=1529 vip_inh_bio=336 bg_exc=2046 bg_inh=626
[trial 23/100] spikes=4  rate=4.00 Hz  time=21.88s
[trial 24/100] input_spikes: pn_exc=1675 vip_inh_bio=344 bg_exc=2184 bg_inh=691
[trial 24/100] spikes=2  rate=2.00 Hz  time=21.90s
[trial 25/100] input_spikes: pn_exc=1716 vip_inh_bio=385 bg_exc=2450 bg_inh=767
[trial 25/100] spikes=6  rate=6.00 Hz  time=22.38s
[trial 26/100] input_spikes: pn_exc=1790 vip_inh_bio=403 bg_exc=2434 bg_inh=793
[trial 26/100] spikes=6  rate=6.00 Hz  time=22.25s
[trial 27/100] input_spikes: pn_exc=1651 vip_inh_bio=382 bg_exc=2339 bg_inh=784
[trial 27/100] spikes=3  rate=3.00 Hz  time=22.19s
[trial 28/100] input_spikes: pn_exc=1728 vip_inh_bio=359 bg_exc=2349 bg_inh=764
[trial 28/100] spikes=4  rate=4.00 Hz  time=22.24s
[trial 29/100] input_spikes: pn_exc=1643 vip_inh_bio=371 bg_exc=2175 bg_inh=654
[trial 29/100] spikes=3  rate=3.00 Hz  time=21.95s
[trial 30/100] input_spikes: pn_exc=1574 vip_inh_bio=353 bg_exc=1973 bg_inh=611
[trial 30/100] spikes=7  rate=7.00 Hz  time=21.59s
[trial 31/100] input_spikes: pn_exc=1612 vip_inh_bio=337 bg_exc=2114 bg_inh=669
[trial 31/100] spikes=5  rate=5.00 Hz  time=21.82s
[trial 32/100] input_spikes: pn_exc=1663 vip_inh_bio=375 bg_exc=2268 bg_inh=676
[trial 32/100] spikes=1  rate=1.00 Hz  time=21.90s
[trial 33/100] input_spikes: pn_exc=1560 vip_inh_bio=364 bg_exc=2120 bg_inh=641
[trial 33/100] spikes=2  rate=2.00 Hz  time=21.90s
[trial 34/100] input_spikes: pn_exc=1696 vip_inh_bio=371 bg_exc=2466 bg_inh=771
[trial 34/100] spikes=4  rate=4.00 Hz  time=22.23s
[trial 35/100] input_spikes: pn_exc=1753 vip_inh_bio=373 bg_exc=2269 bg_inh=739
[trial 35/100] spikes=7  rate=7.00 Hz  time=21.93s
[trial 36/100] input_spikes: pn_exc=1642 vip_inh_bio=326 bg_exc=2142 bg_inh=706
[trial 36/100] spikes=5  rate=5.00 Hz  time=21.76s
[trial 37/100] input_spikes: pn_exc=1613 vip_inh_bio=381 bg_exc=2255 bg_inh=732
[trial 37/100] spikes=5  rate=5.00 Hz  time=22.72s
[trial 38/100] input_spikes: pn_exc=1751 vip_inh_bio=360 bg_exc=2328 bg_inh=728
[trial 38/100] spikes=4  rate=4.00 Hz  time=22.18s
[trial 39/100] input_spikes: pn_exc=1516 vip_inh_bio=343 bg_exc=1981 bg_inh=628
[trial 39/100] spikes=6  rate=6.00 Hz  time=21.66s
[trial 40/100] input_spikes: pn_exc=1829 vip_inh_bio=369 bg_exc=2444 bg_inh=808
[trial 40/100] spikes=2  rate=2.00 Hz  time=22.13s
[trial 41/100] input_spikes: pn_exc=1703 vip_inh_bio=365 bg_exc=2213 bg_inh=705
[trial 41/100] spikes=3  rate=3.00 Hz  time=21.92s
[trial 42/100] input_spikes: pn_exc=1623 vip_inh_bio=366 bg_exc=2356 bg_inh=725
[trial 42/100] spikes=2  rate=2.00 Hz  time=21.96s
[trial 43/100] input_spikes: pn_exc=1769 vip_inh_bio=342 bg_exc=2552 bg_inh=709
[trial 43/100] spikes=6  rate=6.00 Hz  time=22.32s
[trial 44/100] input_spikes: pn_exc=1634 vip_inh_bio=373 bg_exc=2137 bg_inh=630
[trial 44/100] spikes=3  rate=3.00 Hz  time=21.83s
[trial 45/100] input_spikes: pn_exc=1671 vip_inh_bio=373 bg_exc=2282 bg_inh=691
[trial 45/100] spikes=7  rate=7.00 Hz  time=21.97s
[trial 46/100] input_spikes: pn_exc=1664 vip_inh_bio=344 bg_exc=2389 bg_inh=741
[trial 46/100] spikes=5  rate=5.00 Hz  time=22.08s
[trial 47/100] input_spikes: pn_exc=1607 vip_inh_bio=347 bg_exc=2056 bg_inh=614
[trial 47/100] spikes=4  rate=4.00 Hz  time=22.36s
[trial 48/100] input_spikes: pn_exc=1627 vip_inh_bio=357 bg_exc=2277 bg_inh=731
[trial 48/100] spikes=3  rate=3.00 Hz  time=22.11s
[trial 49/100] input_spikes: pn_exc=1749 vip_inh_bio=369 bg_exc=2317 bg_inh=759
[trial 49/100] spikes=3  rate=3.00 Hz  time=22.11s
[trial 50/100] input_spikes: pn_exc=1667 vip_inh_bio=363 bg_exc=2317 bg_inh=687
[trial 50/100] spikes=7  rate=7.00 Hz  time=22.00s
[trial 51/100] input_spikes: pn_exc=1730 vip_inh_bio=376 bg_exc=2346 bg_inh=712
[trial 51/100] spikes=4  rate=4.00 Hz  time=22.07s
[trial 52/100] input_spikes: pn_exc=1672 vip_inh_bio=343 bg_exc=2184 bg_inh=696
[trial 52/100] spikes=5  rate=5.00 Hz  time=21.80s
[trial 53/100] input_spikes: pn_exc=1693 vip_inh_bio=384 bg_exc=2446 bg_inh=844
[trial 53/100] spikes=4  rate=4.00 Hz  time=22.33s
[trial 54/100] input_spikes: pn_exc=1591 vip_inh_bio=344 bg_exc=2250 bg_inh=681
[trial 54/100] spikes=6  rate=6.00 Hz  time=21.81s
[trial 55/100] input_spikes: pn_exc=1609 vip_inh_bio=352 bg_exc=2311 bg_inh=702
[trial 55/100] spikes=3  rate=3.00 Hz  time=21.94s
[trial 56/100] input_spikes: pn_exc=1764 vip_inh_bio=393 bg_exc=2368 bg_inh=766
[trial 56/100] spikes=6  rate=6.00 Hz  time=22.26s
[trial 57/100] input_spikes: pn_exc=1680 vip_inh_bio=391 bg_exc=2168 bg_inh=682
[trial 57/100] spikes=1  rate=1.00 Hz  time=21.96s
[trial 58/100] input_spikes: pn_exc=1705 vip_inh_bio=348 bg_exc=2315 bg_inh=664
[trial 58/100] spikes=2  rate=2.00 Hz  time=22.14s
[trial 59/100] input_spikes: pn_exc=1624 vip_inh_bio=365 bg_exc=2329 bg_inh=698
[trial 59/100] spikes=6  rate=6.00 Hz  time=21.96s
[trial 60/100] input_spikes: pn_exc=1520 vip_inh_bio=327 bg_exc=0 bg_inh=0
[trial 60/100] spikes=0  rate=0.00 Hz  time=20.88s
[trial 61/100] input_spikes: pn_exc=1727 vip_inh_bio=350 bg_exc=2397 bg_inh=727
[trial 61/100] spikes=8  rate=8.00 Hz  time=22.21s
[trial 62/100] input_spikes: pn_exc=1666 vip_inh_bio=352 bg_exc=2089 bg_inh=691
[trial 62/100] spikes=1  rate=1.00 Hz  time=21.87s
[trial 63/100] input_spikes: pn_exc=1737 vip_inh_bio=387 bg_exc=2421 bg_inh=736
[trial 63/100] spikes=6  rate=6.00 Hz  time=23.06s
[trial 64/100] input_spikes: pn_exc=1682 vip_inh_bio=367 bg_exc=2236 bg_inh=681
[trial 64/100] spikes=5  rate=5.00 Hz  time=22.93s
[trial 65/100] input_spikes: pn_exc=1692 vip_inh_bio=358 bg_exc=2355 bg_inh=687
[trial 65/100] spikes=7  rate=7.00 Hz  time=24.46s
[trial 66/100] input_spikes: pn_exc=1758 vip_inh_bio=371 bg_exc=2337 bg_inh=728
[trial 66/100] spikes=8  rate=8.00 Hz  time=23.71s
[trial 67/100] input_spikes: pn_exc=1689 vip_inh_bio=333 bg_exc=2181 bg_inh=711
[trial 67/100] spikes=3  rate=3.00 Hz  time=23.38s
[trial 68/100] input_spikes: pn_exc=1624 vip_inh_bio=353 bg_exc=2163 bg_inh=690
[trial 68/100] spikes=4  rate=4.00 Hz  time=22.05s
[trial 69/100] input_spikes: pn_exc=1608 vip_inh_bio=344 bg_exc=1885 bg_inh=598
[trial 69/100] spikes=3  rate=3.00 Hz  time=21.76s
[trial 70/100] input_spikes: pn_exc=1779 vip_inh_bio=368 bg_exc=2505 bg_inh=776
[trial 70/100] spikes=8  rate=8.00 Hz  time=22.32s
[trial 71/100] input_spikes: pn_exc=1533 vip_inh_bio=318 bg_exc=1990 bg_inh=611
[trial 71/100] spikes=3  rate=3.00 Hz  time=21.83s
[trial 72/100] input_spikes: pn_exc=1716 vip_inh_bio=329 bg_exc=2478 bg_inh=815
[trial 72/100] spikes=6  rate=6.00 Hz  time=22.41s
[trial 73/100] input_spikes: pn_exc=1735 vip_inh_bio=412 bg_exc=2490 bg_inh=760
[trial 73/100] spikes=3  rate=3.00 Hz  time=22.40s
[trial 74/100] input_spikes: pn_exc=1686 vip_inh_bio=360 bg_exc=2269 bg_inh=795
[trial 74/100] spikes=4  rate=4.00 Hz  time=23.32s
[trial 75/100] input_spikes: pn_exc=1679 vip_inh_bio=369 bg_exc=2367 bg_inh=680
[trial 75/100] spikes=3  rate=3.00 Hz  time=23.71s
[trial 76/100] input_spikes: pn_exc=1619 vip_inh_bio=413 bg_exc=2418 bg_inh=821
[trial 76/100] spikes=3  rate=3.00 Hz  time=22.85s
[trial 77/100] input_spikes: pn_exc=1476 vip_inh_bio=314 bg_exc=1569 bg_inh=470
[trial 77/100] spikes=5  rate=5.00 Hz  time=22.47s
[trial 78/100] input_spikes: pn_exc=1763 vip_inh_bio=393 bg_exc=2445 bg_inh=774
[trial 78/100] spikes=2  rate=2.00 Hz  time=23.62s
[trial 79/100] input_spikes: pn_exc=1816 vip_inh_bio=396 bg_exc=2476 bg_inh=738
[trial 79/100] spikes=7  rate=7.00 Hz  time=23.52s
[trial 80/100] input_spikes: pn_exc=1640 vip_inh_bio=338 bg_exc=2299 bg_inh=711
[trial 80/100] spikes=5  rate=5.00 Hz  time=22.71s
[trial 81/100] input_spikes: pn_exc=1632 vip_inh_bio=354 bg_exc=2371 bg_inh=686
[trial 81/100] spikes=3  rate=3.00 Hz  time=22.72s
[trial 82/100] input_spikes: pn_exc=1755 vip_inh_bio=356 bg_exc=2419 bg_inh=791
[trial 82/100] spikes=4  rate=4.00 Hz  time=23.92s
[trial 83/100] input_spikes: pn_exc=1710 vip_inh_bio=385 bg_exc=2441 bg_inh=735
[trial 83/100] spikes=4  rate=4.00 Hz  time=23.95s
[trial 84/100] input_spikes: pn_exc=1574 vip_inh_bio=322 bg_exc=2127 bg_inh=658
[trial 84/100] spikes=0  rate=0.00 Hz  time=22.75s
[trial 85/100] input_spikes: pn_exc=1500 vip_inh_bio=335 bg_exc=1880 bg_inh=562
[trial 85/100] spikes=6  rate=6.00 Hz  time=22.29s
[trial 86/100] input_spikes: pn_exc=1546 vip_inh_bio=350 bg_exc=2145 bg_inh=690
[trial 86/100] spikes=2  rate=2.00 Hz  time=22.95s
[trial 87/100] input_spikes: pn_exc=1614 vip_inh_bio=371 bg_exc=2461 bg_inh=742
[trial 87/100] spikes=6  rate=6.00 Hz  time=23.32s
[trial 88/100] input_spikes: pn_exc=1760 vip_inh_bio=360 bg_exc=2356 bg_inh=768
[trial 88/100] spikes=7  rate=7.00 Hz  time=22.88s
[trial 89/100] input_spikes: pn_exc=1602 vip_inh_bio=353 bg_exc=2183 bg_inh=667
[trial 89/100] spikes=5  rate=5.00 Hz  time=22.76s
[trial 90/100] input_spikes: pn_exc=1707 vip_inh_bio=369 bg_exc=2380 bg_inh=761
[trial 90/100] spikes=5  rate=5.00 Hz  time=22.81s
[trial 91/100] input_spikes: pn_exc=1629 vip_inh_bio=357 bg_exc=2248 bg_inh=699
[trial 91/100] spikes=2  rate=2.00 Hz  time=23.10s
[trial 92/100] input_spikes: pn_exc=1617 vip_inh_bio=329 bg_exc=2035 bg_inh=690
[trial 92/100] spikes=8  rate=8.00 Hz  time=22.93s
[trial 93/100] input_spikes: pn_exc=1746 vip_inh_bio=384 bg_exc=2490 bg_inh=831
[trial 93/100] spikes=5  rate=5.00 Hz  time=23.17s
[trial 94/100] input_spikes: pn_exc=1654 vip_inh_bio=376 bg_exc=2382 bg_inh=739
[trial 94/100] spikes=4  rate=4.00 Hz  time=23.36s
[trial 95/100] input_spikes: pn_exc=1752 vip_inh_bio=360 bg_exc=2424 bg_inh=820
[trial 95/100] spikes=2  rate=2.00 Hz  time=23.20s
[trial 96/100] input_spikes: pn_exc=1683 vip_inh_bio=379 bg_exc=2452 bg_inh=788
[trial 96/100] spikes=4  rate=4.00 Hz  time=23.00s
[trial 97/100] input_spikes: pn_exc=1807 vip_inh_bio=418 bg_exc=2458 bg_inh=789
[trial 97/100] spikes=3  rate=3.00 Hz  time=23.93s
[trial 98/100] input_spikes: pn_exc=1513 vip_inh_bio=314 bg_exc=1818 bg_inh=578
[trial 98/100] spikes=3  rate=3.00 Hz  time=22.18s
[trial 99/100] input_spikes: pn_exc=1455 vip_inh_bio=328 bg_exc=1956 bg_inh=640
[trial 99/100] spikes=3  rate=3.00 Hz  time=22.17s
[trial 100/100] input_spikes: pn_exc=1532 vip_inh_bio=324 bg_exc=1941 bg_inh=633
[trial 100/100] spikes=3  rate=3.00 Hz  time=21.02s
save_plots single_plot warning: Top input panel: group list empty, auto-using all groups (4).
Results saved to /home/hrbncv/SCP/cells/SST/tunes/seg_tuned_all/output_data/slurm_42203/parts/slurm_42203_35/run_manifest.json
Total runtime: 2236.79s
