Running: python /home/hrbncv/SCP/run_pipeline.py --tune-dir /home/hrbncv/SCP/cells/SST/tunes/seg_tuned_all --output-dir /home/hrbncv/SCP/cells/SST/tunes/seg_tuned_all/output_data/slurm_29750/parts --n-trials 40 --output-stem slurm_29750_2 --trial-offset 80 --force-save
Loaded mechanisms from /home/hrbncv/SCP/cells/SST/tunes/seg_tuned_all/modfiles/x86_64/.libs/libnrnmech.so
Loaded Allen cell for 'SST' from /home/hrbncv/SCP/cells/SST/tunes/seg_tuned_all/manifest.json, soma_diam_multiplier=10.0, Vinit=-65.0, loader=genome_fallback
Geometry defined for 'SST': 1 soma segs, 54 proximal dend segs, 52 distal dend segs, 115 total dend segs.
[trial 1/40] input_spikes: pn_exc=1317 bg_exc=2004 bg_inh=297
[trial 1/40] spikes=4  rate=3.33 Hz  time=25.49s
[trial 2/40] input_spikes: pn_exc=1503 bg_exc=2860 bg_inh=461
[trial 2/40] spikes=3  rate=2.50 Hz  time=25.85s
[trial 3/40] input_spikes: pn_exc=1482 bg_exc=2623 bg_inh=406
[trial 3/40] spikes=6  rate=5.00 Hz  time=25.48s
[trial 4/40] input_spikes: pn_exc=1559 bg_exc=2999 bg_inh=451
[trial 4/40] spikes=2  rate=1.67 Hz  time=25.57s
[trial 5/40] input_spikes: pn_exc=1536 bg_exc=2730 bg_inh=388
[trial 5/40] spikes=5  rate=4.17 Hz  time=25.48s
[trial 6/40] input_spikes: pn_exc=1257 bg_exc=1993 bg_inh=302
[trial 6/40] spikes=3  rate=2.50 Hz  time=25.47s
[trial 7/40] input_spikes: pn_exc=1521 bg_exc=2774 bg_inh=437
[trial 7/40] spikes=4  rate=3.33 Hz  time=25.61s
[trial 8/40] input_spikes: pn_exc=1604 bg_exc=3016 bg_inh=406
[trial 8/40] spikes=5  rate=4.17 Hz  time=25.99s
[trial 9/40] input_spikes: pn_exc=1597 bg_exc=2770 bg_inh=421
[trial 9/40] spikes=4  rate=3.33 Hz  time=25.55s
[trial 10/40] input_spikes: pn_exc=1534 bg_exc=2880 bg_inh=389
[trial 10/40] spikes=7  rate=5.83 Hz  time=25.42s
[trial 11/40] input_spikes: pn_exc=1584 bg_exc=3020 bg_inh=438
[trial 11/40] spikes=5  rate=4.17 Hz  time=25.41s
[trial 12/40] input_spikes: pn_exc=1644 bg_exc=2974 bg_inh=459
[trial 12/40] spikes=3  rate=2.50 Hz  time=25.43s
[trial 13/40] input_spikes: pn_exc=1572 bg_exc=2636 bg_inh=412
[trial 13/40] spikes=6  rate=5.00 Hz  time=25.46s
[trial 14/40] input_spikes: pn_exc=1609 bg_exc=2827 bg_inh=457
[trial 14/40] spikes=6  rate=5.00 Hz  time=25.48s
[trial 15/40] input_spikes: pn_exc=1430 bg_exc=2494 bg_inh=389
[trial 15/40] spikes=5  rate=4.17 Hz  time=25.23s
[trial 16/40] input_spikes: pn_exc=1647 bg_exc=2926 bg_inh=447
[trial 16/40] spikes=4  rate=3.33 Hz  time=25.46s
[trial 17/40] input_spikes: pn_exc=1586 bg_exc=2954 bg_inh=453
[trial 17/40] spikes=2  rate=1.67 Hz  time=25.45s
[trial 18/40] input_spikes: pn_exc=1605 bg_exc=2884 bg_inh=423
[trial 18/40] spikes=4  rate=3.33 Hz  time=25.35s
[trial 19/40] input_spikes: pn_exc=1525 bg_exc=2963 bg_inh=445
[trial 19/40] spikes=4  rate=3.33 Hz  time=25.49s
[trial 20/40] input_spikes: pn_exc=1620 bg_exc=2899 bg_inh=450
[trial 20/40] spikes=5  rate=4.17 Hz  time=25.49s
[trial 21/40] input_spikes: pn_exc=1588 bg_exc=3039 bg_inh=462
[trial 21/40] spikes=5  rate=4.17 Hz  time=25.47s
[trial 22/40] input_spikes: pn_exc=1639 bg_exc=3010 bg_inh=498
[trial 22/40] spikes=4  rate=3.33 Hz  time=25.46s
[trial 23/40] input_spikes: pn_exc=1587 bg_exc=2816 bg_inh=432
[trial 23/40] spikes=5  rate=4.17 Hz  time=25.26s
[trial 24/40] input_spikes: pn_exc=1527 bg_exc=2717 bg_inh=450
[trial 24/40] spikes=4  rate=3.33 Hz  time=25.53s
[trial 25/40] input_spikes: pn_exc=1611 bg_exc=2900 bg_inh=469
[trial 25/40] spikes=3  rate=2.50 Hz  time=25.36s
[trial 26/40] input_spikes: pn_exc=1598 bg_exc=3001 bg_inh=458
[trial 26/40] spikes=4  rate=3.33 Hz  time=25.38s
[trial 27/40] input_spikes: pn_exc=1609 bg_exc=2960 bg_inh=416
[trial 27/40] spikes=5  rate=4.17 Hz  time=25.46s
[trial 28/40] input_spikes: pn_exc=1516 bg_exc=2775 bg_inh=422
[trial 28/40] spikes=3  rate=2.50 Hz  time=25.52s
[trial 29/40] input_spikes: pn_exc=1613 bg_exc=3013 bg_inh=447
[trial 29/40] spikes=4  rate=3.33 Hz  time=25.32s
[trial 30/40] input_spikes: pn_exc=1329 bg_exc=2060 bg_inh=356
[trial 30/40] spikes=3  rate=2.50 Hz  time=25.39s
[trial 31/40] input_spikes: pn_exc=1559 bg_exc=2903 bg_inh=459
[trial 31/40] spikes=4  rate=3.33 Hz  time=25.56s
[trial 32/40] input_spikes: pn_exc=1468 bg_exc=2613 bg_inh=394
[trial 32/40] spikes=3  rate=2.50 Hz  time=25.55s
[trial 33/40] input_spikes: pn_exc=1535 bg_exc=2735 bg_inh=442
[trial 33/40] spikes=3  rate=2.50 Hz  time=25.42s
[trial 34/40] input_spikes: pn_exc=1630 bg_exc=3018 bg_inh=465
[trial 34/40] spikes=2  rate=1.67 Hz  time=25.38s
[trial 35/40] input_spikes: pn_exc=1555 bg_exc=2971 bg_inh=476
[trial 35/40] spikes=3  rate=2.50 Hz  time=25.46s
[trial 36/40] input_spikes: pn_exc=1641 bg_exc=2871 bg_inh=466
[trial 36/40] spikes=4  rate=3.33 Hz  time=25.42s
[trial 37/40] input_spikes: pn_exc=1563 bg_exc=2850 bg_inh=485
[trial 37/40] spikes=3  rate=2.50 Hz  time=25.59s
[trial 38/40] input_spikes: pn_exc=1515 bg_exc=2783 bg_inh=415
[trial 38/40] spikes=4  rate=3.33 Hz  time=24.62s
[trial 39/40] input_spikes: pn_exc=1599 bg_exc=2717 bg_inh=452
[trial 39/40] spikes=6  rate=5.00 Hz  time=23.88s
[trial 40/40] input_spikes: pn_exc=1584 bg_exc=2596 bg_inh=445
[trial 40/40] spikes=3  rate=2.50 Hz  time=23.75s
Results saved to /home/hrbncv/SCP/cells/SST/tunes/seg_tuned_all/output_data/slurm_29750/parts/slurm_29750_2/run_manifest.json
Total runtime: 1015.21s
