Running: python /home/hrbncv/SCP/run_pipeline.py --tune-dir /home/hrbncv/SCP/cells/SST/tunes/seg_tuned_all --output-dir /home/hrbncv/SCP/cells/SST/tunes/seg_tuned_all/output_data/slurm_35973/parts --n-trials 20 --output-stem slurm_35973_42 --trial-offset 840 --force-save
Loaded mechanisms from /home/hrbncv/SCP/cells/SST/tunes/seg_tuned_all/modfiles/x86_64/.libs/libnrnmech.so
Loaded Allen cell for 'SST' from /home/hrbncv/SCP/cells/SST/tunes/seg_tuned_all/manifest.json, soma_diam_multiplier=10.0, Vinit=-65.0, loader=genome_fallback
Geometry defined for 'SST': 1 soma segs, 54 proximal dend segs, 52 distal dend segs, 115 total dend segs.
[trial 1/20] input_spikes: pn_exc=1645 bg_exc=2327 bg_inh=684
[trial 1/20] spikes=2  rate=2.00 Hz  time=21.98s
[trial 2/20] input_spikes: pn_exc=1720 bg_exc=2374 bg_inh=769
[trial 2/20] spikes=4  rate=4.00 Hz  time=22.22s
[trial 3/20] input_spikes: pn_exc=1475 bg_exc=1596 bg_inh=495
[trial 3/20] spikes=2  rate=2.00 Hz  time=21.40s
[trial 4/20] input_spikes: pn_exc=1689 bg_exc=2367 bg_inh=765
[trial 4/20] spikes=3  rate=3.00 Hz  time=22.01s
[trial 5/20] input_spikes: pn_exc=1512 bg_exc=1775 bg_inh=536
[trial 5/20] spikes=3  rate=3.00 Hz  time=21.38s
[trial 6/20] input_spikes: pn_exc=1705 bg_exc=2341 bg_inh=692
[trial 6/20] spikes=3  rate=3.00 Hz  time=21.91s
[trial 7/20] input_spikes: pn_exc=1687 bg_exc=2345 bg_inh=782
[trial 7/20] spikes=6  rate=6.00 Hz  time=22.11s
[trial 8/20] input_spikes: pn_exc=1632 bg_exc=2175 bg_inh=747
[trial 8/20] spikes=6  rate=6.00 Hz  time=21.80s
[trial 9/20] input_spikes: pn_exc=1747 bg_exc=2459 bg_inh=747
[trial 9/20] spikes=4  rate=4.00 Hz  time=22.24s
[trial 10/20] input_spikes: pn_exc=1685 bg_exc=2400 bg_inh=755
[trial 10/20] spikes=4  rate=4.00 Hz  time=22.05s
[trial 11/20] input_spikes: pn_exc=1681 bg_exc=2510 bg_inh=781
[trial 11/20] spikes=4  rate=4.00 Hz  time=22.27s
[trial 12/20] input_spikes: pn_exc=1585 bg_exc=2247 bg_inh=739
[trial 12/20] spikes=4  rate=4.00 Hz  time=21.89s
[trial 13/20] input_spikes: pn_exc=1778 bg_exc=2470 bg_inh=825
[trial 13/20] spikes=2  rate=2.00 Hz  time=22.31s
[trial 14/20] input_spikes: pn_exc=1652 bg_exc=2270 bg_inh=700
[trial 14/20] spikes=4  rate=4.00 Hz  time=22.17s
[trial 15/20] input_spikes: pn_exc=1453 bg_exc=1362 bg_inh=433
[trial 15/20] spikes=1  rate=1.00 Hz  time=21.25s
[trial 16/20] input_spikes: pn_exc=1615 bg_exc=2156 bg_inh=704
[trial 16/20] spikes=6  rate=6.00 Hz  time=21.88s
[trial 17/20] input_spikes: pn_exc=1751 bg_exc=2461 bg_inh=800
[trial 17/20] spikes=4  rate=4.00 Hz  time=22.38s
[trial 18/20] input_spikes: pn_exc=1458 bg_exc=1435 bg_inh=475
[trial 18/20] spikes=6  rate=6.00 Hz  time=21.13s
[trial 19/20] input_spikes: pn_exc=1827 bg_exc=2533 bg_inh=768
[trial 19/20] spikes=4  rate=4.00 Hz  time=22.41s
[trial 20/20] input_spikes: pn_exc=1719 bg_exc=2464 bg_inh=769
[trial 20/20] spikes=2  rate=2.00 Hz  time=21.91s
Results saved to /home/hrbncv/SCP/cells/SST/tunes/seg_tuned_all/output_data/slurm_35973/parts/slurm_35973_42/run_manifest.json
Total runtime: 438.99s
