Running: python /home/hrbncv/SCP/run_pipeline.py --tune-dir /home/hrbncv/SCP/cells/PV/tunes/seg_tuned --output-dir /home/hrbncv/SCP/cells/PV/tunes/seg_tuned/output_data/slurm_32387/parts --n-trials 20 --output-stem slurm_32387_28 --trial-offset 560 --force-save
Mechanisms already loaded; skipping duplicate load.
Loaded Allen cell for 'PV' from /home/hrbncv/SCP/cells/PV/tunes/seg_tuned/manifest.json, soma_diam_multiplier=6.0, Vinit=-71.0, loader=allensdk_default
Geometry defined for 'PV': 1 soma segs, 46 proximal dend segs, 41 distal dend segs, 97 total dend segs.
[trial 1/20] input_spikes: pn_exc=2873 bg_exc=820 bg_inh=203
[trial 1/20] spikes=12  rate=12.00 Hz  time=28.64s
[trial 2/20] input_spikes: pn_exc=2705 bg_exc=751 bg_inh=222
[trial 2/20] spikes=11  rate=11.00 Hz  time=28.70s
[trial 3/20] input_spikes: pn_exc=2583 bg_exc=736 bg_inh=221
[trial 3/20] spikes=11  rate=11.00 Hz  time=27.53s
[trial 4/20] input_spikes: pn_exc=2877 bg_exc=903 bg_inh=231
[trial 4/20] spikes=12  rate=12.00 Hz  time=27.96s
[trial 5/20] input_spikes: pn_exc=2712 bg_exc=811 bg_inh=180
[trial 5/20] spikes=12  rate=12.00 Hz  time=28.62s
[trial 6/20] input_spikes: pn_exc=2820 bg_exc=782 bg_inh=187
[trial 6/20] spikes=13  rate=13.00 Hz  time=28.49s
[trial 7/20] input_spikes: pn_exc=2579 bg_exc=721 bg_inh=179
[trial 7/20] spikes=13  rate=13.00 Hz  time=28.88s
[trial 8/20] input_spikes: pn_exc=2731 bg_exc=892 bg_inh=212
[trial 8/20] spikes=12  rate=12.00 Hz  time=28.66s
[trial 9/20] input_spikes: pn_exc=2752 bg_exc=832 bg_inh=226
[trial 9/20] spikes=13  rate=13.00 Hz  time=28.32s
[trial 10/20] input_spikes: pn_exc=2729 bg_exc=816 bg_inh=216
[trial 10/20] spikes=10  rate=10.00 Hz  time=28.92s
[trial 11/20] input_spikes: pn_exc=2794 bg_exc=786 bg_inh=199
[trial 11/20] spikes=12  rate=12.00 Hz  time=28.67s
[trial 12/20] input_spikes: pn_exc=2934 bg_exc=859 bg_inh=211
[trial 12/20] spikes=13  rate=13.00 Hz  time=28.49s
[trial 13/20] input_spikes: pn_exc=2683 bg_exc=794 bg_inh=195
[trial 13/20] spikes=11  rate=11.00 Hz  time=29.21s
[trial 14/20] input_spikes: pn_exc=2859 bg_exc=881 bg_inh=214
[trial 14/20] spikes=13  rate=13.00 Hz  time=29.25s
[trial 15/20] input_spikes: pn_exc=2619 bg_exc=825 bg_inh=184
[trial 15/20] spikes=13  rate=13.00 Hz  time=28.60s
[trial 16/20] input_spikes: pn_exc=2895 bg_exc=899 bg_inh=179
[trial 16/20] spikes=12  rate=12.00 Hz  time=29.51s
[trial 17/20] input_spikes: pn_exc=2667 bg_exc=818 bg_inh=180
[trial 17/20] spikes=12  rate=12.00 Hz  time=29.03s
[trial 18/20] input_spikes: pn_exc=2404 bg_exc=526 bg_inh=120
[trial 18/20] spikes=10  rate=10.00 Hz  time=28.80s
[trial 19/20] input_spikes: pn_exc=2658 bg_exc=800 bg_inh=192
[trial 19/20] spikes=11  rate=11.00 Hz  time=29.38s
[trial 20/20] input_spikes: pn_exc=2680 bg_exc=824 bg_inh=214
[trial 20/20] spikes=12  rate=12.00 Hz  time=28.78s
save_plots single_plot warning: Top input panel: group list empty, auto-using all groups (3).
save_plots single_plot warning: Input raster panel: group list empty, auto-using all groups (3).
Results saved to /home/hrbncv/SCP/cells/PV/tunes/seg_tuned/output_data/slurm_32387/parts/slurm_32387_28/run_manifest.json
Total runtime: 690.64s
