Running: python /home/hrbncv/SCP/run_pipeline.py --tune-dir /home/hrbncv/SCP/cells/SST/tunes/seg_tuned_all --output-dir /home/hrbncv/SCP/cells/SST/tunes/seg_tuned_all/output_data/slurm_39858/parts --n-trials 20 --output-stem slurm_39858_31 --trial-offset 620 --force-save
Loaded mechanisms from /home/hrbncv/SCP/cells/SST/tunes/seg_tuned_all/modfiles/x86_64/.libs/libnrnmech.so
Loaded Allen cell for 'SST' from /home/hrbncv/SCP/cells/SST/tunes/seg_tuned_all/manifest.json, soma_diam_multiplier=10.0, Vinit=-65.0, loader=genome_fallback
Geometry defined for 'SST': 1 soma segs, 54 proximal dend segs, 52 distal dend segs, 115 total dend segs.
[trial 1/20] input_spikes: pn_exc=1641 vip_inh_bio=50 bg_exc=2266 bg_inh=694
[trial 1/20] spikes=3  rate=3.00 Hz  time=22.34s
[trial 2/20] input_spikes: pn_exc=1628 vip_inh_bio=72 bg_exc=2309 bg_inh=747
[trial 2/20] spikes=6  rate=6.00 Hz  time=22.41s
[trial 3/20] input_spikes: pn_exc=1502 vip_inh_bio=63 bg_exc=1587 bg_inh=467
[trial 3/20] spikes=5  rate=5.00 Hz  time=21.53s
[trial 4/20] input_spikes: pn_exc=1756 vip_inh_bio=76 bg_exc=2454 bg_inh=819
[trial 4/20] spikes=3  rate=3.00 Hz  time=22.42s
[trial 5/20] input_spikes: pn_exc=1662 vip_inh_bio=56 bg_exc=2371 bg_inh=768
[trial 5/20] spikes=4  rate=4.00 Hz  time=22.46s
[trial 6/20] input_spikes: pn_exc=1668 vip_inh_bio=75 bg_exc=2271 bg_inh=694
[trial 6/20] spikes=2  rate=2.00 Hz  time=22.28s
[trial 7/20] input_spikes: pn_exc=1621 vip_inh_bio=49 bg_exc=2213 bg_inh=688
[trial 7/20] spikes=5  rate=5.00 Hz  time=22.16s
[trial 8/20] input_spikes: pn_exc=1716 vip_inh_bio=69 bg_exc=2344 bg_inh=693
[trial 8/20] spikes=1  rate=1.00 Hz  time=22.20s
[trial 9/20] input_spikes: pn_exc=1655 vip_inh_bio=74 bg_exc=2449 bg_inh=761
[trial 9/20] spikes=3  rate=3.00 Hz  time=22.28s
[trial 10/20] input_spikes: pn_exc=1655 vip_inh_bio=77 bg_exc=2342 bg_inh=732
[trial 10/20] spikes=1  rate=1.00 Hz  time=22.25s
[trial 11/20] input_spikes: pn_exc=1705 vip_inh_bio=70 bg_exc=2461 bg_inh=767
[trial 11/20] spikes=2  rate=2.00 Hz  time=22.46s
[trial 12/20] input_spikes: pn_exc=1562 vip_inh_bio=60 bg_exc=2041 bg_inh=656
[trial 12/20] spikes=2  rate=2.00 Hz  time=21.88s
[trial 13/20] input_spikes: pn_exc=1650 vip_inh_bio=57 bg_exc=2115 bg_inh=696
[trial 13/20] spikes=2  rate=2.00 Hz  time=21.98s
[trial 14/20] input_spikes: pn_exc=1794 vip_inh_bio=70 bg_exc=2394 bg_inh=802
[trial 14/20] spikes=2  rate=2.00 Hz  time=22.48s
[trial 15/20] input_spikes: pn_exc=1621 vip_inh_bio=60 bg_exc=2265 bg_inh=708
[trial 15/20] spikes=2  rate=2.00 Hz  time=22.32s
[trial 16/20] input_spikes: pn_exc=1741 vip_inh_bio=72 bg_exc=2354 bg_inh=734
[trial 16/20] spikes=4  rate=4.00 Hz  time=23.06s
[trial 17/20] input_spikes: pn_exc=1731 vip_inh_bio=66 bg_exc=2416 bg_inh=808
[trial 17/20] spikes=2  rate=2.00 Hz  time=23.36s
[trial 18/20] input_spikes: pn_exc=1457 vip_inh_bio=67 bg_exc=1813 bg_inh=573
[trial 18/20] spikes=1  rate=1.00 Hz  time=22.07s
[trial 19/20] input_spikes: pn_exc=1666 vip_inh_bio=64 bg_exc=2390 bg_inh=759
[trial 19/20] spikes=2  rate=2.00 Hz  time=22.33s
[trial 20/20] input_spikes: pn_exc=1748 vip_inh_bio=71 bg_exc=2466 bg_inh=786
[trial 20/20] spikes=2  rate=2.00 Hz  time=22.07s
save_plots single_plot warning: Top input panel: group list empty, auto-using all groups (4).
Results saved to /home/hrbncv/SCP/cells/SST/tunes/seg_tuned_all/output_data/slurm_39858/parts/slurm_39858_31/run_manifest.json
Total runtime: 447.64s
