Running: python /home/hrbncv/SCP/run_pipeline.py --tune-dir /home/hrbncv/SCP/cells/SST/tunes/seg_tuned_all --output-dir /home/hrbncv/SCP/cells/SST/tunes/seg_tuned_all/output_data/slurm_35973/parts --n-trials 20 --output-stem slurm_35973_48 --trial-offset 960 --force-save
Loaded mechanisms from /home/hrbncv/SCP/cells/SST/tunes/seg_tuned_all/modfiles/x86_64/.libs/libnrnmech.so
Loaded Allen cell for 'SST' from /home/hrbncv/SCP/cells/SST/tunes/seg_tuned_all/manifest.json, soma_diam_multiplier=10.0, Vinit=-65.0, loader=genome_fallback
Geometry defined for 'SST': 1 soma segs, 54 proximal dend segs, 52 distal dend segs, 115 total dend segs.
[trial 1/20] input_spikes: pn_exc=1603 bg_exc=2202 bg_inh=667
[trial 1/20] spikes=3  rate=3.00 Hz  time=22.23s
[trial 2/20] input_spikes: pn_exc=1721 bg_exc=2419 bg_inh=774
[trial 2/20] spikes=7  rate=7.00 Hz  time=22.61s
[trial 3/20] input_spikes: pn_exc=1715 bg_exc=2361 bg_inh=804
[trial 3/20] spikes=6  rate=6.00 Hz  time=22.44s
[trial 4/20] input_spikes: pn_exc=1681 bg_exc=2475 bg_inh=728
[trial 4/20] spikes=6  rate=6.00 Hz  time=22.42s
[trial 5/20] input_spikes: pn_exc=1733 bg_exc=2467 bg_inh=766
[trial 5/20] spikes=6  rate=6.00 Hz  time=22.56s
[trial 6/20] input_spikes: pn_exc=1603 bg_exc=2278 bg_inh=698
[trial 6/20] spikes=7  rate=7.00 Hz  time=22.34s
[trial 7/20] input_spikes: pn_exc=1760 bg_exc=2441 bg_inh=741
[trial 7/20] spikes=5  rate=5.00 Hz  time=22.44s
[trial 8/20] input_spikes: pn_exc=1716 bg_exc=2272 bg_inh=772
[trial 8/20] spikes=5  rate=5.00 Hz  time=22.34s
[trial 9/20] input_spikes: pn_exc=1420 bg_exc=1747 bg_inh=550
[trial 9/20] spikes=6  rate=6.00 Hz  time=21.75s
[trial 10/20] input_spikes: pn_exc=1787 bg_exc=2452 bg_inh=796
[trial 10/20] spikes=5  rate=5.00 Hz  time=22.45s
[trial 11/20] input_spikes: pn_exc=1584 bg_exc=2114 bg_inh=676
[trial 11/20] spikes=2  rate=2.00 Hz  time=22.24s
[trial 12/20] input_spikes: pn_exc=1653 bg_exc=2360 bg_inh=735
[trial 12/20] spikes=2  rate=2.00 Hz  time=22.51s
[trial 13/20] input_spikes: pn_exc=1782 bg_exc=2521 bg_inh=760
[trial 13/20] spikes=5  rate=5.00 Hz  time=22.71s
[trial 14/20] input_spikes: pn_exc=1727 bg_exc=2479 bg_inh=781
[trial 14/20] spikes=2  rate=2.00 Hz  time=22.78s
[trial 15/20] input_spikes: pn_exc=1688 bg_exc=2435 bg_inh=729
[trial 15/20] spikes=2  rate=2.00 Hz  time=22.63s
[trial 16/20] input_spikes: pn_exc=1551 bg_exc=1928 bg_inh=598
[trial 16/20] spikes=5  rate=5.00 Hz  time=21.79s
[trial 17/20] input_spikes: pn_exc=1716 bg_exc=2517 bg_inh=788
[trial 17/20] spikes=3  rate=3.00 Hz  time=22.46s
[trial 18/20] input_spikes: pn_exc=1655 bg_exc=2205 bg_inh=729
[trial 18/20] spikes=4  rate=4.00 Hz  time=22.23s
[trial 19/20] input_spikes: pn_exc=1675 bg_exc=2415 bg_inh=778
[trial 19/20] spikes=4  rate=4.00 Hz  time=22.44s
[trial 20/20] input_spikes: pn_exc=1729 bg_exc=2472 bg_inh=775
[trial 20/20] spikes=3  rate=3.00 Hz  time=21.64s
Results saved to /home/hrbncv/SCP/cells/SST/tunes/seg_tuned_all/output_data/slurm_35973/parts/slurm_35973_48/run_manifest.json
Total runtime: 447.30s
