Running: /home/hrbncv/miniconda3/envs/BMTK-py311/bin/python /home/hrbncv/SCP/run_pipeline.py --tune-dir /home/hrbncv/SCP/cells/SST/tunes/seg_tuned_all --output-dir /home/hrbncv/SCP/cells/SST/tunes/seg_tuned_all/output_data/slurm_42203/parts --n-trials 100 --output-stem slurm_42203_26 --trial-offset 2600 --force-save
Loaded mechanisms from /home/hrbncv/SCP/cells/SST/tunes/seg_tuned_all/modfiles/x86_64/.libs/libnrnmech.so
Loaded Allen cell for 'SST' from /home/hrbncv/SCP/cells/SST/tunes/seg_tuned_all/manifest.json, soma_diam_multiplier=10.0, Vinit=-65.0, loader=genome_fallback
Geometry defined for 'SST': 1 soma segs, 54 proximal dend segs, 52 distal dend segs, 115 total dend segs.
[trial 1/100] input_spikes: pn_exc=1581 vip_inh_bio=336 bg_exc=2025 bg_inh=648
[trial 1/100] spikes=7  rate=7.00 Hz  time=22.01s
[trial 2/100] input_spikes: pn_exc=1719 vip_inh_bio=385 bg_exc=2295 bg_inh=722
[trial 2/100] spikes=4  rate=4.00 Hz  time=22.29s
[trial 3/100] input_spikes: pn_exc=1691 vip_inh_bio=378 bg_exc=2464 bg_inh=778
[trial 3/100] spikes=4  rate=4.00 Hz  time=23.26s
[trial 4/100] input_spikes: pn_exc=1789 vip_inh_bio=388 bg_exc=2355 bg_inh=770
[trial 4/100] spikes=7  rate=7.00 Hz  time=22.93s
[trial 5/100] input_spikes: pn_exc=1657 vip_inh_bio=381 bg_exc=2376 bg_inh=705
[trial 5/100] spikes=6  rate=6.00 Hz  time=22.54s
[trial 6/100] input_spikes: pn_exc=1741 vip_inh_bio=344 bg_exc=2382 bg_inh=699
[trial 6/100] spikes=7  rate=7.00 Hz  time=22.37s
[trial 7/100] input_spikes: pn_exc=1709 vip_inh_bio=324 bg_exc=2350 bg_inh=716
[trial 7/100] spikes=5  rate=5.00 Hz  time=22.27s
[trial 8/100] input_spikes: pn_exc=1778 vip_inh_bio=356 bg_exc=2493 bg_inh=727
[trial 8/100] spikes=5  rate=5.00 Hz  time=22.38s
[trial 9/100] input_spikes: pn_exc=1437 vip_inh_bio=339 bg_exc=1671 bg_inh=557
[trial 9/100] spikes=2  rate=2.00 Hz  time=21.91s
[trial 10/100] input_spikes: pn_exc=1639 vip_inh_bio=397 bg_exc=2465 bg_inh=714
[trial 10/100] spikes=7  rate=7.00 Hz  time=22.30s
[trial 11/100] input_spikes: pn_exc=1723 vip_inh_bio=343 bg_exc=2466 bg_inh=718
[trial 11/100] spikes=3  rate=3.00 Hz  time=22.48s
[trial 12/100] input_spikes: pn_exc=1670 vip_inh_bio=381 bg_exc=2229 bg_inh=700
[trial 12/100] spikes=1  rate=1.00 Hz  time=22.18s
[trial 13/100] input_spikes: pn_exc=1734 vip_inh_bio=394 bg_exc=2575 bg_inh=807
[trial 13/100] spikes=7  rate=7.00 Hz  time=22.60s
[trial 14/100] input_spikes: pn_exc=1632 vip_inh_bio=337 bg_exc=2239 bg_inh=710
[trial 14/100] spikes=6  rate=6.00 Hz  time=22.11s
[trial 15/100] input_spikes: pn_exc=1650 vip_inh_bio=363 bg_exc=2351 bg_inh=686
[trial 15/100] spikes=2  rate=2.00 Hz  time=22.28s
[trial 16/100] input_spikes: pn_exc=1735 vip_inh_bio=352 bg_exc=2481 bg_inh=805
[trial 16/100] spikes=1  rate=1.00 Hz  time=22.67s
[trial 17/100] input_spikes: pn_exc=1620 vip_inh_bio=350 bg_exc=2178 bg_inh=708
[trial 17/100] spikes=3  rate=3.00 Hz  time=22.16s
[trial 18/100] input_spikes: pn_exc=1683 vip_inh_bio=361 bg_exc=2477 bg_inh=827
[trial 18/100] spikes=4  rate=4.00 Hz  time=22.52s
[trial 19/100] input_spikes: pn_exc=1686 vip_inh_bio=365 bg_exc=2411 bg_inh=757
[trial 19/100] spikes=4  rate=4.00 Hz  time=22.34s
[trial 20/100] input_spikes: pn_exc=1719 vip_inh_bio=354 bg_exc=2266 bg_inh=747
[trial 20/100] spikes=5  rate=5.00 Hz  time=22.23s
[trial 21/100] input_spikes: pn_exc=1552 vip_inh_bio=336 bg_exc=2067 bg_inh=660
[trial 21/100] spikes=8  rate=8.00 Hz  time=22.23s
[trial 22/100] input_spikes: pn_exc=1719 vip_inh_bio=319 bg_exc=2483 bg_inh=794
[trial 22/100] spikes=5  rate=5.00 Hz  time=22.75s
[trial 23/100] input_spikes: pn_exc=1670 vip_inh_bio=351 bg_exc=2287 bg_inh=730
[trial 23/100] spikes=7  rate=7.00 Hz  time=22.42s
[trial 24/100] input_spikes: pn_exc=1489 vip_inh_bio=311 bg_exc=1925 bg_inh=616
[trial 24/100] spikes=3  rate=3.00 Hz  time=21.70s
[trial 25/100] input_spikes: pn_exc=1749 vip_inh_bio=373 bg_exc=2417 bg_inh=746
[trial 25/100] spikes=7  rate=7.00 Hz  time=22.75s
[trial 26/100] input_spikes: pn_exc=1751 vip_inh_bio=380 bg_exc=2448 bg_inh=765
[trial 26/100] spikes=7  rate=7.00 Hz  time=22.47s
[trial 27/100] input_spikes: pn_exc=1761 vip_inh_bio=384 bg_exc=2577 bg_inh=753
[trial 27/100] spikes=6  rate=6.00 Hz  time=23.39s
[trial 28/100] input_spikes: pn_exc=1574 vip_inh_bio=334 bg_exc=1811 bg_inh=571
[trial 28/100] spikes=3  rate=3.00 Hz  time=21.65s
[trial 29/100] input_spikes: pn_exc=1581 vip_inh_bio=376 bg_exc=2117 bg_inh=682
[trial 29/100] spikes=6  rate=6.00 Hz  time=22.36s
[trial 30/100] input_spikes: pn_exc=1666 vip_inh_bio=383 bg_exc=2402 bg_inh=753
[trial 30/100] spikes=3  rate=3.00 Hz  time=22.53s
[trial 31/100] input_spikes: pn_exc=1769 vip_inh_bio=388 bg_exc=2415 bg_inh=787
[trial 31/100] spikes=6  rate=6.00 Hz  time=22.69s
[trial 32/100] input_spikes: pn_exc=1624 vip_inh_bio=342 bg_exc=2076 bg_inh=672
[trial 32/100] spikes=5  rate=5.00 Hz  time=22.12s
[trial 33/100] input_spikes: pn_exc=1684 vip_inh_bio=350 bg_exc=2385 bg_inh=761
[trial 33/100] spikes=6  rate=6.00 Hz  time=22.67s
[trial 34/100] input_spikes: pn_exc=1808 vip_inh_bio=397 bg_exc=2468 bg_inh=744
[trial 34/100] spikes=3  rate=3.00 Hz  time=22.70s
[trial 35/100] input_spikes: pn_exc=1751 vip_inh_bio=389 bg_exc=2459 bg_inh=845
[trial 35/100] spikes=4  rate=4.00 Hz  time=23.08s
[trial 36/100] input_spikes: pn_exc=1695 vip_inh_bio=415 bg_exc=2376 bg_inh=800
[trial 36/100] spikes=2  rate=2.00 Hz  time=22.90s
[trial 37/100] input_spikes: pn_exc=1726 vip_inh_bio=397 bg_exc=2535 bg_inh=803
[trial 37/100] spikes=2  rate=2.00 Hz  time=23.20s
[trial 38/100] input_spikes: pn_exc=1568 vip_inh_bio=338 bg_exc=2013 bg_inh=606
[trial 38/100] spikes=1  rate=1.00 Hz  time=22.16s
[trial 39/100] input_spikes: pn_exc=1613 vip_inh_bio=352 bg_exc=2248 bg_inh=631
[trial 39/100] spikes=2  rate=2.00 Hz  time=22.60s
[trial 40/100] input_spikes: pn_exc=1518 vip_inh_bio=320 bg_exc=1958 bg_inh=620
[trial 40/100] spikes=2  rate=2.00 Hz  time=22.16s
[trial 41/100] input_spikes: pn_exc=1766 vip_inh_bio=406 bg_exc=2304 bg_inh=759
[trial 41/100] spikes=4  rate=4.00 Hz  time=22.61s
[trial 42/100] input_spikes: pn_exc=1727 vip_inh_bio=371 bg_exc=2518 bg_inh=759
[trial 42/100] spikes=4  rate=4.00 Hz  time=23.49s
[trial 43/100] input_spikes: pn_exc=1533 vip_inh_bio=330 bg_exc=1805 bg_inh=599
[trial 43/100] spikes=4  rate=4.00 Hz  time=22.23s
[trial 44/100] input_spikes: pn_exc=1668 vip_inh_bio=370 bg_exc=2361 bg_inh=761
[trial 44/100] spikes=5  rate=5.00 Hz  time=22.70s
[trial 45/100] input_spikes: pn_exc=1809 vip_inh_bio=401 bg_exc=2446 bg_inh=823
[trial 45/100] spikes=3  rate=3.00 Hz  time=22.86s
[trial 46/100] input_spikes: pn_exc=1734 vip_inh_bio=383 bg_exc=2408 bg_inh=779
[trial 46/100] spikes=3  rate=3.00 Hz  time=22.92s
[trial 47/100] input_spikes: pn_exc=1634 vip_inh_bio=362 bg_exc=2319 bg_inh=703
[trial 47/100] spikes=7  rate=7.00 Hz  time=22.63s
[trial 48/100] input_spikes: pn_exc=1643 vip_inh_bio=381 bg_exc=2199 bg_inh=667
[trial 48/100] spikes=4  rate=4.00 Hz  time=22.41s
[trial 49/100] input_spikes: pn_exc=1657 vip_inh_bio=337 bg_exc=2192 bg_inh=605
[trial 49/100] spikes=5  rate=5.00 Hz  time=22.46s
[trial 50/100] input_spikes: pn_exc=1656 vip_inh_bio=331 bg_exc=2472 bg_inh=725
[trial 50/100] spikes=4  rate=4.00 Hz  time=23.32s
[trial 51/100] input_spikes: pn_exc=1621 vip_inh_bio=333 bg_exc=2410 bg_inh=710
[trial 51/100] spikes=4  rate=4.00 Hz  time=22.66s
[trial 52/100] input_spikes: pn_exc=1664 vip_inh_bio=367 bg_exc=2338 bg_inh=707
[trial 52/100] spikes=7  rate=7.00 Hz  time=22.61s
[trial 53/100] input_spikes: pn_exc=1718 vip_inh_bio=357 bg_exc=2428 bg_inh=713
[trial 53/100] spikes=6  rate=6.00 Hz  time=23.03s
[trial 54/100] input_spikes: pn_exc=1683 vip_inh_bio=351 bg_exc=2350 bg_inh=742
[trial 54/100] spikes=5  rate=5.00 Hz  time=22.65s
[trial 55/100] input_spikes: pn_exc=1612 vip_inh_bio=347 bg_exc=2102 bg_inh=614
[trial 55/100] spikes=5  rate=5.00 Hz  time=22.32s
[trial 56/100] input_spikes: pn_exc=1644 vip_inh_bio=322 bg_exc=2386 bg_inh=737
[trial 56/100] spikes=5  rate=5.00 Hz  time=22.63s
[trial 57/100] input_spikes: pn_exc=1519 vip_inh_bio=388 bg_exc=2197 bg_inh=625
[trial 57/100] spikes=5  rate=5.00 Hz  time=22.46s
[trial 58/100] input_spikes: pn_exc=1678 vip_inh_bio=385 bg_exc=2425 bg_inh=731
[trial 58/100] spikes=3  rate=3.00 Hz  time=22.71s
[trial 59/100] input_spikes: pn_exc=1547 vip_inh_bio=327 bg_exc=2199 bg_inh=687
[trial 59/100] spikes=3  rate=3.00 Hz  time=22.46s
[trial 60/100] input_spikes: pn_exc=1691 vip_inh_bio=369 bg_exc=2210 bg_inh=688
[trial 60/100] spikes=6  rate=6.00 Hz  time=22.39s
[trial 61/100] input_spikes: pn_exc=1659 vip_inh_bio=319 bg_exc=2158 bg_inh=707
[trial 61/100] spikes=5  rate=5.00 Hz  time=22.68s
[trial 62/100] input_spikes: pn_exc=1343 vip_inh_bio=337 bg_exc=1541 bg_inh=424
[trial 62/100] spikes=4  rate=4.00 Hz  time=21.86s
[trial 63/100] input_spikes: pn_exc=1632 vip_inh_bio=323 bg_exc=2408 bg_inh=774
[trial 63/100] spikes=7  rate=7.00 Hz  time=23.28s
[trial 64/100] input_spikes: pn_exc=1472 vip_inh_bio=342 bg_exc=1961 bg_inh=644
[trial 64/100] spikes=5  rate=5.00 Hz  time=22.32s
[trial 65/100] input_spikes: pn_exc=1702 vip_inh_bio=416 bg_exc=2454 bg_inh=754
[trial 65/100] spikes=2  rate=2.00 Hz  time=22.99s
[trial 66/100] input_spikes: pn_exc=1712 vip_inh_bio=404 bg_exc=2593 bg_inh=754
[trial 66/100] spikes=2  rate=2.00 Hz  time=22.98s
[trial 67/100] input_spikes: pn_exc=1688 vip_inh_bio=352 bg_exc=2239 bg_inh=740
[trial 67/100] spikes=8  rate=8.00 Hz  time=22.70s
[trial 68/100] input_spikes: pn_exc=1595 vip_inh_bio=337 bg_exc=2153 bg_inh=679
[trial 68/100] spikes=5  rate=5.00 Hz  time=22.54s
[trial 69/100] input_spikes: pn_exc=1607 vip_inh_bio=398 bg_exc=2204 bg_inh=686
[trial 69/100] spikes=4  rate=4.00 Hz  time=22.74s
[trial 70/100] input_spikes: pn_exc=1589 vip_inh_bio=386 bg_exc=2072 bg_inh=596
[trial 70/100] spikes=6  rate=6.00 Hz  time=22.26s
[trial 71/100] input_spikes: pn_exc=1762 vip_inh_bio=402 bg_exc=2414 bg_inh=706
[trial 71/100] spikes=4  rate=4.00 Hz  time=22.84s
[trial 72/100] input_spikes: pn_exc=1706 vip_inh_bio=419 bg_exc=2331 bg_inh=825
[trial 72/100] spikes=6  rate=6.00 Hz  time=22.75s
[trial 73/100] input_spikes: pn_exc=1506 vip_inh_bio=347 bg_exc=1894 bg_inh=623
[trial 73/100] spikes=2  rate=2.00 Hz  time=22.18s
[trial 74/100] input_spikes: pn_exc=1711 vip_inh_bio=416 bg_exc=2437 bg_inh=775
[trial 74/100] spikes=6  rate=6.00 Hz  time=22.73s
[trial 75/100] input_spikes: pn_exc=1668 vip_inh_bio=356 bg_exc=2270 bg_inh=741
[trial 75/100] spikes=3  rate=3.00 Hz  time=22.55s
[trial 76/100] input_spikes: pn_exc=1670 vip_inh_bio=382 bg_exc=2410 bg_inh=768
[trial 76/100] spikes=4  rate=4.00 Hz  time=22.67s
[trial 77/100] input_spikes: pn_exc=1774 vip_inh_bio=366 bg_exc=2416 bg_inh=769
[trial 77/100] spikes=5  rate=5.00 Hz  time=22.75s
[trial 78/100] input_spikes: pn_exc=1525 vip_inh_bio=353 bg_exc=1799 bg_inh=557
[trial 78/100] spikes=4  rate=4.00 Hz  time=22.34s
[trial 79/100] input_spikes: pn_exc=1646 vip_inh_bio=320 bg_exc=2291 bg_inh=717
[trial 79/100] spikes=4  rate=4.00 Hz  time=22.68s
[trial 80/100] input_spikes: pn_exc=1653 vip_inh_bio=384 bg_exc=2328 bg_inh=773
[trial 80/100] spikes=4  rate=4.00 Hz  time=22.65s
[trial 81/100] input_spikes: pn_exc=1706 vip_inh_bio=361 bg_exc=2474 bg_inh=745
[trial 81/100] spikes=7  rate=7.00 Hz  time=22.77s
[trial 82/100] input_spikes: pn_exc=1708 vip_inh_bio=390 bg_exc=2448 bg_inh=778
[trial 82/100] spikes=1  rate=1.00 Hz  time=22.75s
[trial 83/100] input_spikes: pn_exc=1763 vip_inh_bio=387 bg_exc=2471 bg_inh=723
[trial 83/100] spikes=3  rate=3.00 Hz  time=22.86s
[trial 84/100] input_spikes: pn_exc=1754 vip_inh_bio=388 bg_exc=2514 bg_inh=820
[trial 84/100] spikes=4  rate=4.00 Hz  time=22.83s
[trial 85/100] input_spikes: pn_exc=1725 vip_inh_bio=369 bg_exc=2508 bg_inh=732
[trial 85/100] spikes=7  rate=7.00 Hz  time=22.95s
[trial 86/100] input_spikes: pn_exc=1682 vip_inh_bio=363 bg_exc=2372 bg_inh=702
[trial 86/100] spikes=4  rate=4.00 Hz  time=22.73s
[trial 87/100] input_spikes: pn_exc=1669 vip_inh_bio=350 bg_exc=2274 bg_inh=680
[trial 87/100] spikes=5  rate=5.00 Hz  time=22.56s
[trial 88/100] input_spikes: pn_exc=1687 vip_inh_bio=355 bg_exc=2377 bg_inh=716
[trial 88/100] spikes=2  rate=2.00 Hz  time=22.63s
[trial 89/100] input_spikes: pn_exc=1705 vip_inh_bio=365 bg_exc=2332 bg_inh=712
[trial 89/100] spikes=4  rate=4.00 Hz  time=22.70s
[trial 90/100] input_spikes: pn_exc=1718 vip_inh_bio=382 bg_exc=2454 bg_inh=761
[trial 90/100] spikes=6  rate=6.00 Hz  time=22.83s
[trial 91/100] input_spikes: pn_exc=1721 vip_inh_bio=369 bg_exc=2439 bg_inh=772
[trial 91/100] spikes=7  rate=7.00 Hz  time=22.86s
[trial 92/100] input_spikes: pn_exc=1683 vip_inh_bio=352 bg_exc=2341 bg_inh=728
[trial 92/100] spikes=6  rate=6.00 Hz  time=22.48s
[trial 93/100] input_spikes: pn_exc=1685 vip_inh_bio=400 bg_exc=2510 bg_inh=736
[trial 93/100] spikes=3  rate=3.00 Hz  time=23.10s
[trial 94/100] input_spikes: pn_exc=1630 vip_inh_bio=397 bg_exc=2356 bg_inh=684
[trial 94/100] spikes=5  rate=5.00 Hz  time=22.85s
[trial 95/100] input_spikes: pn_exc=1713 vip_inh_bio=392 bg_exc=2408 bg_inh=760
[trial 95/100] spikes=5  rate=5.00 Hz  time=22.84s
[trial 96/100] input_spikes: pn_exc=1656 vip_inh_bio=347 bg_exc=2278 bg_inh=726
[trial 96/100] spikes=4  rate=4.00 Hz  time=22.48s
[trial 97/100] input_spikes: pn_exc=1681 vip_inh_bio=362 bg_exc=2492 bg_inh=805
[trial 97/100] spikes=9  rate=9.00 Hz  time=22.36s
[trial 98/100] input_spikes: pn_exc=1737 vip_inh_bio=360 bg_exc=2552 bg_inh=819
[trial 98/100] spikes=8  rate=8.00 Hz  time=21.71s
[trial 99/100] input_spikes: pn_exc=1691 vip_inh_bio=409 bg_exc=2364 bg_inh=755
[trial 99/100] spikes=3  rate=3.00 Hz  time=20.99s
[trial 100/100] input_spikes: pn_exc=1602 vip_inh_bio=371 bg_exc=2246 bg_inh=702
[trial 100/100] spikes=3  rate=3.00 Hz  time=20.49s
save_plots single_plot warning: Top input panel: group list empty, auto-using all groups (4).
Results saved to /home/hrbncv/SCP/cells/SST/tunes/seg_tuned_all/output_data/slurm_42203/parts/slurm_42203_26/run_manifest.json
Total runtime: 2256.53s
