Running: python /home/hrbncv/SCP/run_pipeline.py --tune-dir /home/hrbncv/SCP/cells/SST/tunes/seg_tuned_all --output-dir /home/hrbncv/SCP/cells/SST/tunes/seg_tuned_all/output_data/slurm_39858/parts --n-trials 20 --output-stem slurm_39858_36 --trial-offset 720 --force-save
Loaded mechanisms from /home/hrbncv/SCP/cells/SST/tunes/seg_tuned_all/modfiles/x86_64/.libs/libnrnmech.so
Loaded Allen cell for 'SST' from /home/hrbncv/SCP/cells/SST/tunes/seg_tuned_all/manifest.json, soma_diam_multiplier=10.0, Vinit=-65.0, loader=genome_fallback
Geometry defined for 'SST': 1 soma segs, 54 proximal dend segs, 52 distal dend segs, 115 total dend segs.
[trial 1/20] input_spikes: pn_exc=1630 vip_inh_bio=63 bg_exc=2151 bg_inh=726
[trial 1/20] spikes=1  rate=1.00 Hz  time=22.27s
[trial 2/20] input_spikes: pn_exc=1499 vip_inh_bio=53 bg_exc=2086 bg_inh=613
[trial 2/20] spikes=5  rate=5.00 Hz  time=22.02s
[trial 3/20] input_spikes: pn_exc=1716 vip_inh_bio=62 bg_exc=2381 bg_inh=758
[trial 3/20] spikes=7  rate=7.00 Hz  time=22.19s
[trial 4/20] input_spikes: pn_exc=1511 vip_inh_bio=45 bg_exc=1567 bg_inh=485
[trial 4/20] spikes=8  rate=8.00 Hz  time=21.20s
[trial 5/20] input_spikes: pn_exc=1701 vip_inh_bio=53 bg_exc=2356 bg_inh=727
[trial 5/20] spikes=1  rate=1.00 Hz  time=22.15s
[trial 6/20] input_spikes: pn_exc=1748 vip_inh_bio=62 bg_exc=2395 bg_inh=701
[trial 6/20] spikes=9  rate=9.00 Hz  time=22.12s
[trial 7/20] input_spikes: pn_exc=1569 vip_inh_bio=71 bg_exc=2148 bg_inh=634
[trial 7/20] spikes=4  rate=4.00 Hz  time=21.66s
[trial 8/20] input_spikes: pn_exc=1694 vip_inh_bio=57 bg_exc=2376 bg_inh=734
[trial 8/20] spikes=2  rate=2.00 Hz  time=21.91s
[trial 9/20] input_spikes: pn_exc=1682 vip_inh_bio=74 bg_exc=2456 bg_inh=768
[trial 9/20] spikes=3  rate=3.00 Hz  time=21.96s
[trial 10/20] input_spikes: pn_exc=1606 vip_inh_bio=72 bg_exc=2349 bg_inh=698
[trial 10/20] spikes=3  rate=3.00 Hz  time=22.01s
[trial 11/20] input_spikes: pn_exc=1719 vip_inh_bio=71 bg_exc=2365 bg_inh=761
[trial 11/20] spikes=3  rate=3.00 Hz  time=22.28s
[trial 12/20] input_spikes: pn_exc=1712 vip_inh_bio=64 bg_exc=2440 bg_inh=744
[trial 12/20] spikes=4  rate=4.00 Hz  time=22.36s
[trial 13/20] input_spikes: pn_exc=1657 vip_inh_bio=71 bg_exc=2564 bg_inh=799
[trial 13/20] spikes=6  rate=6.00 Hz  time=22.29s
[trial 14/20] input_spikes: pn_exc=1744 vip_inh_bio=65 bg_exc=2434 bg_inh=724
[trial 14/20] spikes=5  rate=5.00 Hz  time=22.01s
[trial 15/20] input_spikes: pn_exc=1735 vip_inh_bio=74 bg_exc=2343 bg_inh=793
[trial 15/20] spikes=2  rate=2.00 Hz  time=22.31s
[trial 16/20] input_spikes: pn_exc=1684 vip_inh_bio=63 bg_exc=2352 bg_inh=714
[trial 16/20] spikes=2  rate=2.00 Hz  time=22.14s
[trial 17/20] input_spikes: pn_exc=1554 vip_inh_bio=65 bg_exc=2161 bg_inh=692
[trial 17/20] spikes=5  rate=5.00 Hz  time=22.13s
[trial 18/20] input_spikes: pn_exc=1722 vip_inh_bio=75 bg_exc=2426 bg_inh=776
[trial 18/20] spikes=1  rate=1.00 Hz  time=22.27s
[trial 19/20] input_spikes: pn_exc=1688 vip_inh_bio=81 bg_exc=2326 bg_inh=762
[trial 19/20] spikes=4  rate=4.00 Hz  time=22.44s
[trial 20/20] input_spikes: pn_exc=1522 vip_inh_bio=69 bg_exc=1925 bg_inh=622
[trial 20/20] spikes=6  rate=6.00 Hz  time=21.67s
save_plots single_plot warning: Top input panel: group list empty, auto-using all groups (4).
Results saved to /home/hrbncv/SCP/cells/SST/tunes/seg_tuned_all/output_data/slurm_39858/parts/slurm_39858_36/run_manifest.json
Total runtime: 442.77s
