Running: /home/hrbncv/miniconda3/envs/BMTK-py311/bin/python /home/hrbncv/SCP/run_pipeline.py --tune-dir /home/hrbncv/SCP/cells/SST/tunes/seg_tuned_all --output-dir /home/hrbncv/SCP/cells/SST/tunes/seg_tuned_all/output_data/slurm_42203/parts --n-trials 100 --output-stem slurm_42203_27 --trial-offset 2700 --force-save
Loaded mechanisms from /home/hrbncv/SCP/cells/SST/tunes/seg_tuned_all/modfiles/x86_64/.libs/libnrnmech.so
Loaded Allen cell for 'SST' from /home/hrbncv/SCP/cells/SST/tunes/seg_tuned_all/manifest.json, soma_diam_multiplier=10.0, Vinit=-65.0, loader=genome_fallback
Geometry defined for 'SST': 1 soma segs, 54 proximal dend segs, 52 distal dend segs, 115 total dend segs.
[trial 1/100] input_spikes: pn_exc=1645 vip_inh_bio=369 bg_exc=2378 bg_inh=727
[trial 1/100] spikes=6  rate=6.00 Hz  time=22.12s
[trial 2/100] input_spikes: pn_exc=1746 vip_inh_bio=372 bg_exc=2398 bg_inh=764
[trial 2/100] spikes=8  rate=8.00 Hz  time=22.01s
[trial 3/100] input_spikes: pn_exc=1584 vip_inh_bio=333 bg_exc=2098 bg_inh=751
[trial 3/100] spikes=5  rate=5.00 Hz  time=22.19s
[trial 4/100] input_spikes: pn_exc=1665 vip_inh_bio=326 bg_exc=2368 bg_inh=736
[trial 4/100] spikes=7  rate=7.00 Hz  time=22.35s
[trial 5/100] input_spikes: pn_exc=1718 vip_inh_bio=378 bg_exc=2476 bg_inh=771
[trial 5/100] spikes=6  rate=6.00 Hz  time=22.41s
[trial 6/100] input_spikes: pn_exc=1691 vip_inh_bio=414 bg_exc=2443 bg_inh=768
[trial 6/100] spikes=6  rate=6.00 Hz  time=22.40s
[trial 7/100] input_spikes: pn_exc=1810 vip_inh_bio=399 bg_exc=2443 bg_inh=743
[trial 7/100] spikes=4  rate=4.00 Hz  time=22.53s
[trial 8/100] input_spikes: pn_exc=1675 vip_inh_bio=397 bg_exc=2285 bg_inh=688
[trial 8/100] spikes=6  rate=6.00 Hz  time=22.25s
[trial 9/100] input_spikes: pn_exc=1726 vip_inh_bio=378 bg_exc=2416 bg_inh=783
[trial 9/100] spikes=3  rate=3.00 Hz  time=22.34s
[trial 10/100] input_spikes: pn_exc=1700 vip_inh_bio=396 bg_exc=2219 bg_inh=757
[trial 10/100] spikes=2  rate=2.00 Hz  time=22.38s
[trial 11/100] input_spikes: pn_exc=1799 vip_inh_bio=402 bg_exc=2453 bg_inh=746
[trial 11/100] spikes=4  rate=4.00 Hz  time=22.60s
[trial 12/100] input_spikes: pn_exc=1668 vip_inh_bio=377 bg_exc=2280 bg_inh=650
[trial 12/100] spikes=5  rate=5.00 Hz  time=22.27s
[trial 13/100] input_spikes: pn_exc=1600 vip_inh_bio=359 bg_exc=2090 bg_inh=696
[trial 13/100] spikes=1  rate=1.00 Hz  time=22.26s
[trial 14/100] input_spikes: pn_exc=1676 vip_inh_bio=340 bg_exc=2467 bg_inh=791
[trial 14/100] spikes=6  rate=6.00 Hz  time=22.56s
[trial 15/100] input_spikes: pn_exc=1775 vip_inh_bio=371 bg_exc=2350 bg_inh=739
[trial 15/100] spikes=3  rate=3.00 Hz  time=22.51s
[trial 16/100] input_spikes: pn_exc=1511 vip_inh_bio=316 bg_exc=1794 bg_inh=591
[trial 16/100] spikes=8  rate=8.00 Hz  time=21.94s
[trial 17/100] input_spikes: pn_exc=1674 vip_inh_bio=379 bg_exc=2380 bg_inh=723
[trial 17/100] spikes=5  rate=5.00 Hz  time=22.46s
[trial 18/100] input_spikes: pn_exc=1685 vip_inh_bio=321 bg_exc=2297 bg_inh=673
[trial 18/100] spikes=9  rate=9.00 Hz  time=22.37s
[trial 19/100] input_spikes: pn_exc=1698 vip_inh_bio=363 bg_exc=2350 bg_inh=760
[trial 19/100] spikes=8  rate=8.00 Hz  time=22.52s
[trial 20/100] input_spikes: pn_exc=1558 vip_inh_bio=340 bg_exc=2100 bg_inh=686
[trial 20/100] spikes=3  rate=3.00 Hz  time=22.24s
[trial 21/100] input_spikes: pn_exc=1669 vip_inh_bio=377 bg_exc=2425 bg_inh=793
[trial 21/100] spikes=3  rate=3.00 Hz  time=22.77s
[trial 22/100] input_spikes: pn_exc=1728 vip_inh_bio=380 bg_exc=2453 bg_inh=804
[trial 22/100] spikes=5  rate=5.00 Hz  time=22.91s
[trial 23/100] input_spikes: pn_exc=1577 vip_inh_bio=343 bg_exc=2161 bg_inh=656
[trial 23/100] spikes=5  rate=5.00 Hz  time=22.43s
[trial 24/100] input_spikes: pn_exc=1749 vip_inh_bio=391 bg_exc=2546 bg_inh=795
[trial 24/100] spikes=5  rate=5.00 Hz  time=22.62s
[trial 25/100] input_spikes: pn_exc=1736 vip_inh_bio=354 bg_exc=2408 bg_inh=747
[trial 25/100] spikes=2  rate=2.00 Hz  time=22.54s
[trial 26/100] input_spikes: pn_exc=1807 vip_inh_bio=392 bg_exc=2449 bg_inh=723
[trial 26/100] spikes=5  rate=5.00 Hz  time=22.53s
[trial 27/100] input_spikes: pn_exc=1654 vip_inh_bio=366 bg_exc=2234 bg_inh=702
[trial 27/100] spikes=7  rate=7.00 Hz  time=22.38s
[trial 28/100] input_spikes: pn_exc=1737 vip_inh_bio=382 bg_exc=2359 bg_inh=723
[trial 28/100] spikes=3  rate=3.00 Hz  time=22.63s
[trial 29/100] input_spikes: pn_exc=1610 vip_inh_bio=341 bg_exc=2104 bg_inh=625
[trial 29/100] spikes=5  rate=5.00 Hz  time=22.12s
[trial 30/100] input_spikes: pn_exc=1682 vip_inh_bio=392 bg_exc=2563 bg_inh=720
[trial 30/100] spikes=3  rate=3.00 Hz  time=22.63s
[trial 31/100] input_spikes: pn_exc=1689 vip_inh_bio=383 bg_exc=2192 bg_inh=740
[trial 31/100] spikes=6  rate=6.00 Hz  time=22.24s
[trial 32/100] input_spikes: pn_exc=1698 vip_inh_bio=360 bg_exc=2369 bg_inh=752
[trial 32/100] spikes=5  rate=5.00 Hz  time=22.49s
[trial 33/100] input_spikes: pn_exc=1797 vip_inh_bio=351 bg_exc=2422 bg_inh=778
[trial 33/100] spikes=6  rate=6.00 Hz  time=22.69s
[trial 34/100] input_spikes: pn_exc=1721 vip_inh_bio=364 bg_exc=2508 bg_inh=804
[trial 34/100] spikes=3  rate=3.00 Hz  time=22.71s
[trial 35/100] input_spikes: pn_exc=1716 vip_inh_bio=386 bg_exc=2333 bg_inh=712
[trial 35/100] spikes=6  rate=6.00 Hz  time=22.43s
[trial 36/100] input_spikes: pn_exc=1604 vip_inh_bio=366 bg_exc=2247 bg_inh=678
[trial 36/100] spikes=4  rate=4.00 Hz  time=22.43s
[trial 37/100] input_spikes: pn_exc=1778 vip_inh_bio=359 bg_exc=2412 bg_inh=755
[trial 37/100] spikes=6  rate=6.00 Hz  time=22.66s
[trial 38/100] input_spikes: pn_exc=1745 vip_inh_bio=398 bg_exc=2458 bg_inh=790
[trial 38/100] spikes=5  rate=5.00 Hz  time=22.82s
[trial 39/100] input_spikes: pn_exc=1699 vip_inh_bio=390 bg_exc=2489 bg_inh=801
[trial 39/100] spikes=4  rate=4.00 Hz  time=22.65s
[trial 40/100] input_spikes: pn_exc=1771 vip_inh_bio=376 bg_exc=2441 bg_inh=777
[trial 40/100] spikes=8  rate=8.00 Hz  time=22.53s
[trial 41/100] input_spikes: pn_exc=1727 vip_inh_bio=364 bg_exc=2427 bg_inh=777
[trial 41/100] spikes=6  rate=6.00 Hz  time=22.42s
[trial 42/100] input_spikes: pn_exc=1517 vip_inh_bio=343 bg_exc=2056 bg_inh=638
[trial 42/100] spikes=3  rate=3.00 Hz  time=22.08s
[trial 43/100] input_spikes: pn_exc=1768 vip_inh_bio=369 bg_exc=2354 bg_inh=758
[trial 43/100] spikes=7  rate=7.00 Hz  time=22.70s
[trial 44/100] input_spikes: pn_exc=1712 vip_inh_bio=407 bg_exc=2536 bg_inh=785
[trial 44/100] spikes=2  rate=2.00 Hz  time=22.76s
[trial 45/100] input_spikes: pn_exc=1621 vip_inh_bio=353 bg_exc=2121 bg_inh=683
[trial 45/100] spikes=5  rate=5.00 Hz  time=22.28s
[trial 46/100] input_spikes: pn_exc=1728 vip_inh_bio=363 bg_exc=2448 bg_inh=710
[trial 46/100] spikes=3  rate=3.00 Hz  time=22.61s
[trial 47/100] input_spikes: pn_exc=1715 vip_inh_bio=348 bg_exc=2403 bg_inh=792
[trial 47/100] spikes=2  rate=2.00 Hz  time=22.81s
[trial 48/100] input_spikes: pn_exc=1700 vip_inh_bio=392 bg_exc=2473 bg_inh=754
[trial 48/100] spikes=6  rate=6.00 Hz  time=22.70s
[trial 49/100] input_spikes: pn_exc=1626 vip_inh_bio=395 bg_exc=2174 bg_inh=648
[trial 49/100] spikes=4  rate=4.00 Hz  time=22.39s
[trial 50/100] input_spikes: pn_exc=1583 vip_inh_bio=362 bg_exc=2138 bg_inh=676
[trial 50/100] spikes=5  rate=5.00 Hz  time=22.20s
[trial 51/100] input_spikes: pn_exc=1704 vip_inh_bio=366 bg_exc=2424 bg_inh=773
[trial 51/100] spikes=4  rate=4.00 Hz  time=22.60s
[trial 52/100] input_spikes: pn_exc=1759 vip_inh_bio=365 bg_exc=2378 bg_inh=701
[trial 52/100] spikes=5  rate=5.00 Hz  time=22.45s
[trial 53/100] input_spikes: pn_exc=1424 vip_inh_bio=300 bg_exc=1830 bg_inh=551
[trial 53/100] spikes=3  rate=3.00 Hz  time=21.92s
[trial 54/100] input_spikes: pn_exc=1681 vip_inh_bio=361 bg_exc=2233 bg_inh=706
[trial 54/100] spikes=3  rate=3.00 Hz  time=22.26s
[trial 55/100] input_spikes: pn_exc=1734 vip_inh_bio=355 bg_exc=2146 bg_inh=650
[trial 55/100] spikes=2  rate=2.00 Hz  time=22.27s
[trial 56/100] input_spikes: pn_exc=1530 vip_inh_bio=331 bg_exc=2117 bg_inh=642
[trial 56/100] spikes=5  rate=5.00 Hz  time=22.17s
[trial 57/100] input_spikes: pn_exc=1529 vip_inh_bio=347 bg_exc=2122 bg_inh=631
[trial 57/100] spikes=1  rate=1.00 Hz  time=22.16s
[trial 58/100] input_spikes: pn_exc=1554 vip_inh_bio=316 bg_exc=1872 bg_inh=593
[trial 58/100] spikes=6  rate=6.00 Hz  time=21.96s
[trial 59/100] input_spikes: pn_exc=1591 vip_inh_bio=349 bg_exc=2205 bg_inh=662
[trial 59/100] spikes=6  rate=6.00 Hz  time=22.28s
[trial 60/100] input_spikes: pn_exc=1643 vip_inh_bio=352 bg_exc=2053 bg_inh=711
[trial 60/100] spikes=3  rate=3.00 Hz  time=22.22s
[trial 61/100] input_spikes: pn_exc=1520 vip_inh_bio=343 bg_exc=1858 bg_inh=628
[trial 61/100] spikes=2  rate=2.00 Hz  time=22.15s
[trial 62/100] input_spikes: pn_exc=1453 vip_inh_bio=331 bg_exc=723 bg_inh=243
[trial 62/100] spikes=1  rate=1.00 Hz  time=22.22s
[trial 63/100] input_spikes: pn_exc=1714 vip_inh_bio=383 bg_exc=2426 bg_inh=751
[trial 63/100] spikes=2  rate=2.00 Hz  time=23.73s
[trial 64/100] input_spikes: pn_exc=1680 vip_inh_bio=344 bg_exc=2274 bg_inh=762
[trial 64/100] spikes=4  rate=4.00 Hz  time=23.72s
[trial 65/100] input_spikes: pn_exc=1744 vip_inh_bio=383 bg_exc=2475 bg_inh=742
[trial 65/100] spikes=4  rate=4.00 Hz  time=23.20s
[trial 66/100] input_spikes: pn_exc=1775 vip_inh_bio=399 bg_exc=2536 bg_inh=750
[trial 66/100] spikes=6  rate=6.00 Hz  time=22.66s
[trial 67/100] input_spikes: pn_exc=1659 vip_inh_bio=397 bg_exc=2365 bg_inh=734
[trial 67/100] spikes=5  rate=5.00 Hz  time=22.71s
[trial 68/100] input_spikes: pn_exc=1679 vip_inh_bio=373 bg_exc=2389 bg_inh=741
[trial 68/100] spikes=3  rate=3.00 Hz  time=22.65s
[trial 69/100] input_spikes: pn_exc=1700 vip_inh_bio=329 bg_exc=2328 bg_inh=762
[trial 69/100] spikes=5  rate=5.00 Hz  time=22.63s
[trial 70/100] input_spikes: pn_exc=1755 vip_inh_bio=382 bg_exc=2402 bg_inh=779
[trial 70/100] spikes=6  rate=6.00 Hz  time=22.76s
[trial 71/100] input_spikes: pn_exc=1641 vip_inh_bio=380 bg_exc=2379 bg_inh=750
[trial 71/100] spikes=2  rate=2.00 Hz  time=22.80s
[trial 72/100] input_spikes: pn_exc=1598 vip_inh_bio=315 bg_exc=1995 bg_inh=618
[trial 72/100] spikes=9  rate=9.00 Hz  time=22.10s
[trial 73/100] input_spikes: pn_exc=1733 vip_inh_bio=371 bg_exc=2336 bg_inh=716
[trial 73/100] spikes=5  rate=5.00 Hz  time=22.63s
[trial 74/100] input_spikes: pn_exc=1564 vip_inh_bio=359 bg_exc=2108 bg_inh=644
[trial 74/100] spikes=4  rate=4.00 Hz  time=22.38s
[trial 75/100] input_spikes: pn_exc=1566 vip_inh_bio=318 bg_exc=2091 bg_inh=698
[trial 75/100] spikes=6  rate=6.00 Hz  time=22.27s
[trial 76/100] input_spikes: pn_exc=1703 vip_inh_bio=347 bg_exc=2333 bg_inh=800
[trial 76/100] spikes=3  rate=3.00 Hz  time=22.65s
[trial 77/100] input_spikes: pn_exc=1588 vip_inh_bio=363 bg_exc=2325 bg_inh=695
[trial 77/100] spikes=5  rate=5.00 Hz  time=22.41s
[trial 78/100] input_spikes: pn_exc=1642 vip_inh_bio=358 bg_exc=2330 bg_inh=732
[trial 78/100] spikes=8  rate=8.00 Hz  time=22.46s
[trial 79/100] input_spikes: pn_exc=1657 vip_inh_bio=366 bg_exc=2065 bg_inh=671
[trial 79/100] spikes=2  rate=2.00 Hz  time=22.27s
[trial 80/100] input_spikes: pn_exc=1684 vip_inh_bio=380 bg_exc=2463 bg_inh=736
[trial 80/100] spikes=4  rate=4.00 Hz  time=22.60s
[trial 81/100] input_spikes: pn_exc=1752 vip_inh_bio=350 bg_exc=2526 bg_inh=791
[trial 81/100] spikes=3  rate=3.00 Hz  time=22.74s
[trial 82/100] input_spikes: pn_exc=1686 vip_inh_bio=379 bg_exc=2342 bg_inh=774
[trial 82/100] spikes=3  rate=3.00 Hz  time=22.65s
[trial 83/100] input_spikes: pn_exc=1732 vip_inh_bio=389 bg_exc=2491 bg_inh=788
[trial 83/100] spikes=6  rate=6.00 Hz  time=22.95s
[trial 84/100] input_spikes: pn_exc=1725 vip_inh_bio=391 bg_exc=2441 bg_inh=793
[trial 84/100] spikes=8  rate=8.00 Hz  time=22.77s
[trial 85/100] input_spikes: pn_exc=1678 vip_inh_bio=339 bg_exc=2334 bg_inh=745
[trial 85/100] spikes=5  rate=5.00 Hz  time=22.66s
[trial 86/100] input_spikes: pn_exc=1738 vip_inh_bio=359 bg_exc=2507 bg_inh=754
[trial 86/100] spikes=5  rate=5.00 Hz  time=22.82s
[trial 87/100] input_spikes: pn_exc=1771 vip_inh_bio=408 bg_exc=2438 bg_inh=811
[trial 87/100] spikes=6  rate=6.00 Hz  time=22.81s
[trial 88/100] input_spikes: pn_exc=1688 vip_inh_bio=369 bg_exc=2407 bg_inh=792
[trial 88/100] spikes=4  rate=4.00 Hz  time=22.79s
[trial 89/100] input_spikes: pn_exc=1693 vip_inh_bio=334 bg_exc=2415 bg_inh=781
[trial 89/100] spikes=2  rate=2.00 Hz  time=22.61s
[trial 90/100] input_spikes: pn_exc=1726 vip_inh_bio=359 bg_exc=2286 bg_inh=740
[trial 90/100] spikes=2  rate=2.00 Hz  time=22.55s
[trial 91/100] input_spikes: pn_exc=1591 vip_inh_bio=377 bg_exc=2116 bg_inh=668
[trial 91/100] spikes=6  rate=6.00 Hz  time=22.42s
[trial 92/100] input_spikes: pn_exc=1805 vip_inh_bio=333 bg_exc=2497 bg_inh=782
[trial 92/100] spikes=5  rate=5.00 Hz  time=22.82s
[trial 93/100] input_spikes: pn_exc=1705 vip_inh_bio=375 bg_exc=2377 bg_inh=718
[trial 93/100] spikes=5  rate=5.00 Hz  time=22.84s
[trial 94/100] input_spikes: pn_exc=1712 vip_inh_bio=366 bg_exc=2291 bg_inh=720
[trial 94/100] spikes=6  rate=6.00 Hz  time=22.76s
[trial 95/100] input_spikes: pn_exc=1661 vip_inh_bio=387 bg_exc=2489 bg_inh=724
[trial 95/100] spikes=3  rate=3.00 Hz  time=22.81s
[trial 96/100] input_spikes: pn_exc=1666 vip_inh_bio=433 bg_exc=2378 bg_inh=727
[trial 96/100] spikes=5  rate=5.00 Hz  time=22.58s
[trial 97/100] input_spikes: pn_exc=1599 vip_inh_bio=324 bg_exc=2191 bg_inh=649
[trial 97/100] spikes=5  rate=5.00 Hz  time=22.37s
[trial 98/100] input_spikes: pn_exc=1640 vip_inh_bio=366 bg_exc=2175 bg_inh=652
[trial 98/100] spikes=5  rate=5.00 Hz  time=21.98s
[trial 99/100] input_spikes: pn_exc=1618 vip_inh_bio=330 bg_exc=2048 bg_inh=570
[trial 99/100] spikes=5  rate=5.00 Hz  time=21.03s
[trial 100/100] input_spikes: pn_exc=1569 vip_inh_bio=343 bg_exc=2109 bg_inh=709
[trial 100/100] spikes=5  rate=5.00 Hz  time=20.95s
save_plots single_plot warning: Top input panel: group list empty, auto-using all groups (4).
Results saved to /home/hrbncv/SCP/cells/SST/tunes/seg_tuned_all/output_data/slurm_42203/parts/slurm_42203_27/run_manifest.json
Total runtime: 2250.50s
