Running: /home/hrbncv/miniconda3/envs/BMTK-py311/bin/python /home/hrbncv/SCP/run_pipeline.py --tune-dir /home/hrbncv/SCP/cells/SST/tunes/seg_tuned_all --output-dir /home/hrbncv/SCP/cells/SST/tunes/seg_tuned_all/output_data/slurm_42203/parts --n-trials 100 --output-stem slurm_42203_8 --trial-offset 800 --force-save
Loaded mechanisms from /home/hrbncv/SCP/cells/SST/tunes/seg_tuned_all/modfiles/x86_64/.libs/libnrnmech.so
Loaded Allen cell for 'SST' from /home/hrbncv/SCP/cells/SST/tunes/seg_tuned_all/manifest.json, soma_diam_multiplier=10.0, Vinit=-65.0, loader=genome_fallback
Geometry defined for 'SST': 1 soma segs, 54 proximal dend segs, 52 distal dend segs, 115 total dend segs.
[trial 1/100] input_spikes: pn_exc=1700 vip_inh_bio=363 bg_exc=2352 bg_inh=707
[trial 1/100] spikes=3  rate=3.00 Hz  time=22.18s
[trial 2/100] input_spikes: pn_exc=1637 vip_inh_bio=363 bg_exc=2274 bg_inh=706
[trial 2/100] spikes=2  rate=2.00 Hz  time=21.96s
[trial 3/100] input_spikes: pn_exc=1637 vip_inh_bio=340 bg_exc=2232 bg_inh=725
[trial 3/100] spikes=5  rate=5.00 Hz  time=21.92s
[trial 4/100] input_spikes: pn_exc=1773 vip_inh_bio=409 bg_exc=2531 bg_inh=791
[trial 4/100] spikes=3  rate=3.00 Hz  time=22.14s
[trial 5/100] input_spikes: pn_exc=1752 vip_inh_bio=364 bg_exc=2383 bg_inh=734
[trial 5/100] spikes=4  rate=4.00 Hz  time=22.06s
[trial 6/100] input_spikes: pn_exc=1678 vip_inh_bio=311 bg_exc=2243 bg_inh=712
[trial 6/100] spikes=10  rate=10.00 Hz  time=21.82s
[trial 7/100] input_spikes: pn_exc=1580 vip_inh_bio=389 bg_exc=2131 bg_inh=644
[trial 7/100] spikes=2  rate=2.00 Hz  time=21.75s
[trial 8/100] input_spikes: pn_exc=1717 vip_inh_bio=373 bg_exc=2402 bg_inh=795
[trial 8/100] spikes=3  rate=3.00 Hz  time=22.04s
[trial 9/100] input_spikes: pn_exc=1775 vip_inh_bio=364 bg_exc=2455 bg_inh=771
[trial 9/100] spikes=3  rate=3.00 Hz  time=22.22s
[trial 10/100] input_spikes: pn_exc=1464 vip_inh_bio=332 bg_exc=1748 bg_inh=554
[trial 10/100] spikes=4  rate=4.00 Hz  time=21.26s
[trial 11/100] input_spikes: pn_exc=1706 vip_inh_bio=372 bg_exc=2323 bg_inh=799
[trial 11/100] spikes=4  rate=4.00 Hz  time=22.79s
[trial 12/100] input_spikes: pn_exc=1737 vip_inh_bio=330 bg_exc=2387 bg_inh=713
[trial 12/100] spikes=3  rate=3.00 Hz  time=22.06s
[trial 13/100] input_spikes: pn_exc=1742 vip_inh_bio=407 bg_exc=2506 bg_inh=771
[trial 13/100] spikes=4  rate=4.00 Hz  time=22.25s
[trial 14/100] input_spikes: pn_exc=1577 vip_inh_bio=360 bg_exc=2471 bg_inh=734
[trial 14/100] spikes=4  rate=4.00 Hz  time=22.10s
[trial 15/100] input_spikes: pn_exc=1650 vip_inh_bio=369 bg_exc=2332 bg_inh=777
[trial 15/100] spikes=3  rate=3.00 Hz  time=22.04s
[trial 16/100] input_spikes: pn_exc=1720 vip_inh_bio=392 bg_exc=2515 bg_inh=736
[trial 16/100] spikes=7  rate=7.00 Hz  time=22.15s
[trial 17/100] input_spikes: pn_exc=1686 vip_inh_bio=361 bg_exc=2360 bg_inh=768
[trial 17/100] spikes=7  rate=7.00 Hz  time=22.07s
[trial 18/100] input_spikes: pn_exc=1724 vip_inh_bio=381 bg_exc=2422 bg_inh=805
[trial 18/100] spikes=2  rate=2.00 Hz  time=21.96s
[trial 19/100] input_spikes: pn_exc=1629 vip_inh_bio=387 bg_exc=2286 bg_inh=695
[trial 19/100] spikes=4  rate=4.00 Hz  time=21.95s
[trial 20/100] input_spikes: pn_exc=1616 vip_inh_bio=335 bg_exc=2165 bg_inh=670
[trial 20/100] spikes=6  rate=6.00 Hz  time=21.65s
[trial 21/100] input_spikes: pn_exc=1731 vip_inh_bio=396 bg_exc=2451 bg_inh=758
[trial 21/100] spikes=5  rate=5.00 Hz  time=22.20s
[trial 22/100] input_spikes: pn_exc=1651 vip_inh_bio=350 bg_exc=2349 bg_inh=775
[trial 22/100] spikes=5  rate=5.00 Hz  time=22.13s
[trial 23/100] input_spikes: pn_exc=1734 vip_inh_bio=348 bg_exc=2373 bg_inh=776
[trial 23/100] spikes=5  rate=5.00 Hz  time=22.17s
[trial 24/100] input_spikes: pn_exc=1667 vip_inh_bio=387 bg_exc=2269 bg_inh=684
[trial 24/100] spikes=3  rate=3.00 Hz  time=21.78s
[trial 25/100] input_spikes: pn_exc=1559 vip_inh_bio=320 bg_exc=1932 bg_inh=633
[trial 25/100] spikes=4  rate=4.00 Hz  time=21.54s
[trial 26/100] input_spikes: pn_exc=1622 vip_inh_bio=328 bg_exc=2187 bg_inh=730
[trial 26/100] spikes=4  rate=4.00 Hz  time=21.77s
[trial 27/100] input_spikes: pn_exc=1551 vip_inh_bio=345 bg_exc=2102 bg_inh=683
[trial 27/100] spikes=2  rate=2.00 Hz  time=21.95s
[trial 28/100] input_spikes: pn_exc=1660 vip_inh_bio=421 bg_exc=2470 bg_inh=755
[trial 28/100] spikes=6  rate=6.00 Hz  time=22.07s
[trial 29/100] input_spikes: pn_exc=1477 vip_inh_bio=338 bg_exc=1899 bg_inh=584
[trial 29/100] spikes=5  rate=5.00 Hz  time=21.58s
[trial 30/100] input_spikes: pn_exc=1545 vip_inh_bio=342 bg_exc=1983 bg_inh=657
[trial 30/100] spikes=3  rate=3.00 Hz  time=21.25s
[trial 31/100] input_spikes: pn_exc=1639 vip_inh_bio=359 bg_exc=2225 bg_inh=696
[trial 31/100] spikes=6  rate=6.00 Hz  time=21.92s
[trial 32/100] input_spikes: pn_exc=1651 vip_inh_bio=387 bg_exc=2301 bg_inh=690
[trial 32/100] spikes=3  rate=3.00 Hz  time=21.82s
[trial 33/100] input_spikes: pn_exc=1841 vip_inh_bio=371 bg_exc=2451 bg_inh=835
[trial 33/100] spikes=2  rate=2.00 Hz  time=22.28s
[trial 34/100] input_spikes: pn_exc=1694 vip_inh_bio=354 bg_exc=2344 bg_inh=751
[trial 34/100] spikes=4  rate=4.00 Hz  time=22.01s
[trial 35/100] input_spikes: pn_exc=1724 vip_inh_bio=393 bg_exc=2437 bg_inh=813
[trial 35/100] spikes=3  rate=3.00 Hz  time=22.08s
[trial 36/100] input_spikes: pn_exc=1743 vip_inh_bio=403 bg_exc=2390 bg_inh=701
[trial 36/100] spikes=6  rate=6.00 Hz  time=21.78s
[trial 37/100] input_spikes: pn_exc=1799 vip_inh_bio=379 bg_exc=2449 bg_inh=719
[trial 37/100] spikes=4  rate=4.00 Hz  time=21.89s
[trial 38/100] input_spikes: pn_exc=1769 vip_inh_bio=414 bg_exc=2559 bg_inh=811
[trial 38/100] spikes=7  rate=7.00 Hz  time=21.95s
[trial 39/100] input_spikes: pn_exc=1520 vip_inh_bio=330 bg_exc=1989 bg_inh=675
[trial 39/100] spikes=1  rate=1.00 Hz  time=21.36s
[trial 40/100] input_spikes: pn_exc=1727 vip_inh_bio=369 bg_exc=2596 bg_inh=809
[trial 40/100] spikes=2  rate=2.00 Hz  time=21.91s
[trial 41/100] input_spikes: pn_exc=1658 vip_inh_bio=391 bg_exc=2448 bg_inh=752
[trial 41/100] spikes=2  rate=2.00 Hz  time=21.85s
[trial 42/100] input_spikes: pn_exc=1729 vip_inh_bio=397 bg_exc=2450 bg_inh=789
[trial 42/100] spikes=3  rate=3.00 Hz  time=21.75s
[trial 43/100] input_spikes: pn_exc=1636 vip_inh_bio=313 bg_exc=2212 bg_inh=733
[trial 43/100] spikes=3  rate=3.00 Hz  time=21.65s
[trial 44/100] input_spikes: pn_exc=1705 vip_inh_bio=405 bg_exc=2243 bg_inh=705
[trial 44/100] spikes=3  rate=3.00 Hz  time=21.34s
[trial 45/100] input_spikes: pn_exc=1689 vip_inh_bio=370 bg_exc=2351 bg_inh=757
[trial 45/100] spikes=6  rate=6.00 Hz  time=21.79s
[trial 46/100] input_spikes: pn_exc=1753 vip_inh_bio=356 bg_exc=2430 bg_inh=789
[trial 46/100] spikes=5  rate=5.00 Hz  time=21.76s
[trial 47/100] input_spikes: pn_exc=1753 vip_inh_bio=378 bg_exc=2343 bg_inh=788
[trial 47/100] spikes=3  rate=3.00 Hz  time=21.77s
[trial 48/100] input_spikes: pn_exc=1610 vip_inh_bio=361 bg_exc=2135 bg_inh=645
[trial 48/100] spikes=4  rate=4.00 Hz  time=21.44s
[trial 49/100] input_spikes: pn_exc=1727 vip_inh_bio=370 bg_exc=2423 bg_inh=790
[trial 49/100] spikes=2  rate=2.00 Hz  time=21.81s
[trial 50/100] input_spikes: pn_exc=1458 vip_inh_bio=338 bg_exc=1734 bg_inh=498
[trial 50/100] spikes=4  rate=4.00 Hz  time=20.86s
[trial 51/100] input_spikes: pn_exc=1697 vip_inh_bio=357 bg_exc=2213 bg_inh=664
[trial 51/100] spikes=4  rate=4.00 Hz  time=21.62s
[trial 52/100] input_spikes: pn_exc=1711 vip_inh_bio=388 bg_exc=2318 bg_inh=703
[trial 52/100] spikes=4  rate=4.00 Hz  time=21.62s
[trial 53/100] input_spikes: pn_exc=1756 vip_inh_bio=380 bg_exc=2467 bg_inh=813
[trial 53/100] spikes=2  rate=2.00 Hz  time=22.19s
[trial 54/100] input_spikes: pn_exc=1742 vip_inh_bio=382 bg_exc=2591 bg_inh=804
[trial 54/100] spikes=3  rate=3.00 Hz  time=21.82s
[trial 55/100] input_spikes: pn_exc=1741 vip_inh_bio=373 bg_exc=2488 bg_inh=781
[trial 55/100] spikes=4  rate=4.00 Hz  time=21.90s
[trial 56/100] input_spikes: pn_exc=1683 vip_inh_bio=369 bg_exc=2478 bg_inh=784
[trial 56/100] spikes=5  rate=5.00 Hz  time=21.68s
[trial 57/100] input_spikes: pn_exc=1594 vip_inh_bio=386 bg_exc=2177 bg_inh=687
[trial 57/100] spikes=3  rate=3.00 Hz  time=22.23s
[trial 58/100] input_spikes: pn_exc=1617 vip_inh_bio=340 bg_exc=1995 bg_inh=614
[trial 58/100] spikes=3  rate=3.00 Hz  time=21.13s
[trial 59/100] input_spikes: pn_exc=1707 vip_inh_bio=378 bg_exc=2500 bg_inh=783
[trial 59/100] spikes=3  rate=3.00 Hz  time=21.97s
[trial 60/100] input_spikes: pn_exc=1630 vip_inh_bio=374 bg_exc=2368 bg_inh=751
[trial 60/100] spikes=2  rate=2.00 Hz  time=21.54s
[trial 61/100] input_spikes: pn_exc=1758 vip_inh_bio=338 bg_exc=2411 bg_inh=808
[trial 61/100] spikes=6  rate=6.00 Hz  time=21.92s
[trial 62/100] input_spikes: pn_exc=1762 vip_inh_bio=372 bg_exc=2436 bg_inh=790
[trial 62/100] spikes=6  rate=6.00 Hz  time=21.75s
[trial 63/100] input_spikes: pn_exc=1785 vip_inh_bio=387 bg_exc=2477 bg_inh=763
[trial 63/100] spikes=6  rate=6.00 Hz  time=22.26s
[trial 64/100] input_spikes: pn_exc=1423 vip_inh_bio=334 bg_exc=1876 bg_inh=598
[trial 64/100] spikes=5  rate=5.00 Hz  time=23.33s
[trial 65/100] input_spikes: pn_exc=1801 vip_inh_bio=384 bg_exc=2314 bg_inh=718
[trial 65/100] spikes=6  rate=6.00 Hz  time=23.28s
[trial 66/100] input_spikes: pn_exc=1651 vip_inh_bio=345 bg_exc=2200 bg_inh=727
[trial 66/100] spikes=2  rate=2.00 Hz  time=23.31s
[trial 67/100] input_spikes: pn_exc=1611 vip_inh_bio=315 bg_exc=2144 bg_inh=690
[trial 67/100] spikes=6  rate=6.00 Hz  time=22.16s
[trial 68/100] input_spikes: pn_exc=1682 vip_inh_bio=343 bg_exc=2308 bg_inh=770
[trial 68/100] spikes=3  rate=3.00 Hz  time=22.13s
[trial 69/100] input_spikes: pn_exc=1674 vip_inh_bio=364 bg_exc=2223 bg_inh=724
[trial 69/100] spikes=3  rate=3.00 Hz  time=22.17s
[trial 70/100] input_spikes: pn_exc=1737 vip_inh_bio=351 bg_exc=2330 bg_inh=742
[trial 70/100] spikes=5  rate=5.00 Hz  time=22.20s
[trial 71/100] input_spikes: pn_exc=1725 vip_inh_bio=357 bg_exc=2416 bg_inh=788
[trial 71/100] spikes=6  rate=6.00 Hz  time=22.47s
[trial 72/100] input_spikes: pn_exc=1462 vip_inh_bio=302 bg_exc=1754 bg_inh=517
[trial 72/100] spikes=5  rate=5.00 Hz  time=21.53s
[trial 73/100] input_spikes: pn_exc=1654 vip_inh_bio=371 bg_exc=2325 bg_inh=688
[trial 73/100] spikes=4  rate=4.00 Hz  time=22.18s
[trial 74/100] input_spikes: pn_exc=1694 vip_inh_bio=353 bg_exc=2161 bg_inh=736
[trial 74/100] spikes=4  rate=4.00 Hz  time=22.20s
[trial 75/100] input_spikes: pn_exc=1619 vip_inh_bio=354 bg_exc=2290 bg_inh=701
[trial 75/100] spikes=3  rate=3.00 Hz  time=22.23s
[trial 76/100] input_spikes: pn_exc=1714 vip_inh_bio=379 bg_exc=2440 bg_inh=771
[trial 76/100] spikes=4  rate=4.00 Hz  time=22.32s
[trial 77/100] input_spikes: pn_exc=1640 vip_inh_bio=355 bg_exc=2252 bg_inh=718
[trial 77/100] spikes=2  rate=2.00 Hz  time=22.18s
[trial 78/100] input_spikes: pn_exc=1647 vip_inh_bio=360 bg_exc=2265 bg_inh=677
[trial 78/100] spikes=7  rate=7.00 Hz  time=22.14s
[trial 79/100] input_spikes: pn_exc=1473 vip_inh_bio=319 bg_exc=1157 bg_inh=367
[trial 79/100] spikes=1  rate=1.00 Hz  time=21.46s
[trial 80/100] input_spikes: pn_exc=1783 vip_inh_bio=372 bg_exc=2492 bg_inh=763
[trial 80/100] spikes=6  rate=6.00 Hz  time=22.36s
[trial 81/100] input_spikes: pn_exc=1540 vip_inh_bio=341 bg_exc=2077 bg_inh=657
[trial 81/100] spikes=0  rate=0.00 Hz  time=22.18s
[trial 82/100] input_spikes: pn_exc=1796 vip_inh_bio=367 bg_exc=2434 bg_inh=730
[trial 82/100] spikes=7  rate=7.00 Hz  time=22.36s
[trial 83/100] input_spikes: pn_exc=1744 vip_inh_bio=320 bg_exc=2396 bg_inh=714
[trial 83/100] spikes=5  rate=5.00 Hz  time=22.44s
[trial 84/100] input_spikes: pn_exc=1630 vip_inh_bio=344 bg_exc=2256 bg_inh=721
[trial 84/100] spikes=4  rate=4.00 Hz  time=22.78s
[trial 85/100] input_spikes: pn_exc=1610 vip_inh_bio=363 bg_exc=2342 bg_inh=672
[trial 85/100] spikes=9  rate=9.00 Hz  time=22.25s
[trial 86/100] input_spikes: pn_exc=1776 vip_inh_bio=368 bg_exc=2423 bg_inh=790
[trial 86/100] spikes=6  rate=6.00 Hz  time=22.56s
[trial 87/100] input_spikes: pn_exc=1673 vip_inh_bio=399 bg_exc=2286 bg_inh=742
[trial 87/100] spikes=5  rate=5.00 Hz  time=22.42s
[trial 88/100] input_spikes: pn_exc=1491 vip_inh_bio=326 bg_exc=1746 bg_inh=559
[trial 88/100] spikes=4  rate=4.00 Hz  time=21.67s
[trial 89/100] input_spikes: pn_exc=1611 vip_inh_bio=369 bg_exc=2281 bg_inh=718
[trial 89/100] spikes=3  rate=3.00 Hz  time=22.46s
[trial 90/100] input_spikes: pn_exc=1621 vip_inh_bio=364 bg_exc=2262 bg_inh=739
[trial 90/100] spikes=6  rate=6.00 Hz  time=22.13s
[trial 91/100] input_spikes: pn_exc=1685 vip_inh_bio=409 bg_exc=2295 bg_inh=721
[trial 91/100] spikes=6  rate=6.00 Hz  time=22.42s
[trial 92/100] input_spikes: pn_exc=1490 vip_inh_bio=312 bg_exc=1907 bg_inh=608
[trial 92/100] spikes=2  rate=2.00 Hz  time=21.65s
[trial 93/100] input_spikes: pn_exc=1589 vip_inh_bio=376 bg_exc=2325 bg_inh=690
[trial 93/100] spikes=6  rate=6.00 Hz  time=22.41s
[trial 94/100] input_spikes: pn_exc=1679 vip_inh_bio=354 bg_exc=2213 bg_inh=684
[trial 94/100] spikes=3  rate=3.00 Hz  time=22.20s
[trial 95/100] input_spikes: pn_exc=1536 vip_inh_bio=353 bg_exc=2062 bg_inh=699
[trial 95/100] spikes=4  rate=4.00 Hz  time=22.11s
[trial 96/100] input_spikes: pn_exc=1742 vip_inh_bio=390 bg_exc=2386 bg_inh=716
[trial 96/100] spikes=5  rate=5.00 Hz  time=22.38s
[trial 97/100] input_spikes: pn_exc=1677 vip_inh_bio=369 bg_exc=2378 bg_inh=734
[trial 97/100] spikes=4  rate=4.00 Hz  time=22.36s
[trial 98/100] input_spikes: pn_exc=1639 vip_inh_bio=420 bg_exc=2213 bg_inh=746
[trial 98/100] spikes=2  rate=2.00 Hz  time=22.22s
[trial 99/100] input_spikes: pn_exc=1651 vip_inh_bio=369 bg_exc=2370 bg_inh=791
[trial 99/100] spikes=7  rate=7.00 Hz  time=22.26s
[trial 100/100] input_spikes: pn_exc=1589 vip_inh_bio=364 bg_exc=2260 bg_inh=706
[trial 100/100] spikes=3  rate=3.00 Hz  time=21.65s
save_plots single_plot warning: Top input panel: group list empty, auto-using all groups (4).
Results saved to /home/hrbncv/SCP/cells/SST/tunes/seg_tuned_all/output_data/slurm_42203/parts/slurm_42203_8/run_manifest.json
Total runtime: 2204.61s
