Running: /home/hrbncv/miniconda3/envs/BMTK-py311/bin/python /home/hrbncv/SCP/run_pipeline.py --tune-dir /home/hrbncv/SCP/cells/SST/tunes/seg_tuned_all --output-dir /home/hrbncv/SCP/cells/SST/tunes/seg_tuned_all/output_data/slurm_42203/parts --n-trials 100 --output-stem slurm_42203_45 --trial-offset 4500 --force-save
Loaded mechanisms from /home/hrbncv/SCP/cells/SST/tunes/seg_tuned_all/modfiles/x86_64/.libs/libnrnmech.so
Loaded Allen cell for 'SST' from /home/hrbncv/SCP/cells/SST/tunes/seg_tuned_all/manifest.json, soma_diam_multiplier=10.0, Vinit=-65.0, loader=genome_fallback
Geometry defined for 'SST': 1 soma segs, 54 proximal dend segs, 52 distal dend segs, 115 total dend segs.
[trial 1/100] input_spikes: pn_exc=1713 vip_inh_bio=358 bg_exc=2369 bg_inh=772
[trial 1/100] spikes=4  rate=4.00 Hz  time=22.64s
[trial 2/100] input_spikes: pn_exc=1721 vip_inh_bio=363 bg_exc=2401 bg_inh=761
[trial 2/100] spikes=7  rate=7.00 Hz  time=22.69s
[trial 3/100] input_spikes: pn_exc=1672 vip_inh_bio=350 bg_exc=2247 bg_inh=701
[trial 3/100] spikes=10  rate=10.00 Hz  time=22.35s
[trial 4/100] input_spikes: pn_exc=1738 vip_inh_bio=366 bg_exc=2300 bg_inh=734
[trial 4/100] spikes=6  rate=6.00 Hz  time=22.45s
[trial 5/100] input_spikes: pn_exc=1740 vip_inh_bio=351 bg_exc=2256 bg_inh=779
[trial 5/100] spikes=5  rate=5.00 Hz  time=22.50s
[trial 6/100] input_spikes: pn_exc=1555 vip_inh_bio=313 bg_exc=1966 bg_inh=588
[trial 6/100] spikes=5  rate=5.00 Hz  time=22.18s
[trial 7/100] input_spikes: pn_exc=1770 vip_inh_bio=387 bg_exc=2442 bg_inh=728
[trial 7/100] spikes=4  rate=4.00 Hz  time=22.52s
[trial 8/100] input_spikes: pn_exc=1702 vip_inh_bio=355 bg_exc=2371 bg_inh=766
[trial 8/100] spikes=4  rate=4.00 Hz  time=22.50s
[trial 9/100] input_spikes: pn_exc=1481 vip_inh_bio=355 bg_exc=1843 bg_inh=572
[trial 9/100] spikes=3  rate=3.00 Hz  time=22.17s
[trial 10/100] input_spikes: pn_exc=1680 vip_inh_bio=375 bg_exc=2526 bg_inh=843
[trial 10/100] spikes=4  rate=4.00 Hz  time=22.80s
[trial 11/100] input_spikes: pn_exc=1733 vip_inh_bio=384 bg_exc=2529 bg_inh=777
[trial 11/100] spikes=5  rate=5.00 Hz  time=22.59s
[trial 12/100] input_spikes: pn_exc=1657 vip_inh_bio=356 bg_exc=2188 bg_inh=672
[trial 12/100] spikes=4  rate=4.00 Hz  time=22.31s
[trial 13/100] input_spikes: pn_exc=1582 vip_inh_bio=350 bg_exc=2120 bg_inh=663
[trial 13/100] spikes=3  rate=3.00 Hz  time=22.19s
[trial 14/100] input_spikes: pn_exc=1811 vip_inh_bio=390 bg_exc=2483 bg_inh=789
[trial 14/100] spikes=4  rate=4.00 Hz  time=22.79s
[trial 15/100] input_spikes: pn_exc=1744 vip_inh_bio=376 bg_exc=2486 bg_inh=770
[trial 15/100] spikes=4  rate=4.00 Hz  time=22.63s
[trial 16/100] input_spikes: pn_exc=1678 vip_inh_bio=364 bg_exc=2448 bg_inh=795
[trial 16/100] spikes=3  rate=3.00 Hz  time=22.97s
[trial 17/100] input_spikes: pn_exc=1726 vip_inh_bio=340 bg_exc=2354 bg_inh=760
[trial 17/100] spikes=3  rate=3.00 Hz  time=22.63s
[trial 18/100] input_spikes: pn_exc=1625 vip_inh_bio=373 bg_exc=2551 bg_inh=734
[trial 18/100] spikes=5  rate=5.00 Hz  time=22.74s
[trial 19/100] input_spikes: pn_exc=1703 vip_inh_bio=418 bg_exc=2456 bg_inh=728
[trial 19/100] spikes=8  rate=8.00 Hz  time=22.50s
[trial 20/100] input_spikes: pn_exc=1733 vip_inh_bio=337 bg_exc=2360 bg_inh=770
[trial 20/100] spikes=1  rate=1.00 Hz  time=22.73s
[trial 21/100] input_spikes: pn_exc=1594 vip_inh_bio=369 bg_exc=2064 bg_inh=706
[trial 21/100] spikes=2  rate=2.00 Hz  time=22.30s
[trial 22/100] input_spikes: pn_exc=1381 vip_inh_bio=321 bg_exc=1788 bg_inh=616
[trial 22/100] spikes=3  rate=3.00 Hz  time=22.24s
[trial 23/100] input_spikes: pn_exc=1490 vip_inh_bio=343 bg_exc=0 bg_inh=0
[trial 23/100] spikes=1  rate=1.00 Hz  time=21.35s
[trial 24/100] input_spikes: pn_exc=1772 vip_inh_bio=369 bg_exc=2455 bg_inh=762
[trial 24/100] spikes=3  rate=3.00 Hz  time=22.70s
[trial 25/100] input_spikes: pn_exc=1454 vip_inh_bio=335 bg_exc=1456 bg_inh=459
[trial 25/100] spikes=0  rate=0.00 Hz  time=21.80s
[trial 26/100] input_spikes: pn_exc=1598 vip_inh_bio=370 bg_exc=2096 bg_inh=680
[trial 26/100] spikes=3  rate=3.00 Hz  time=22.37s
[trial 27/100] input_spikes: pn_exc=1704 vip_inh_bio=387 bg_exc=2376 bg_inh=769
[trial 27/100] spikes=8  rate=8.00 Hz  time=22.80s
[trial 28/100] input_spikes: pn_exc=1646 vip_inh_bio=389 bg_exc=2334 bg_inh=720
[trial 28/100] spikes=4  rate=4.00 Hz  time=22.57s
[trial 29/100] input_spikes: pn_exc=1793 vip_inh_bio=362 bg_exc=2479 bg_inh=764
[trial 29/100] spikes=1  rate=1.00 Hz  time=22.93s
[trial 30/100] input_spikes: pn_exc=1620 vip_inh_bio=369 bg_exc=2286 bg_inh=712
[trial 30/100] spikes=5  rate=5.00 Hz  time=22.34s
[trial 31/100] input_spikes: pn_exc=1696 vip_inh_bio=377 bg_exc=2354 bg_inh=732
[trial 31/100] spikes=3  rate=3.00 Hz  time=22.54s
[trial 32/100] input_spikes: pn_exc=1773 vip_inh_bio=382 bg_exc=2513 bg_inh=772
[trial 32/100] spikes=8  rate=8.00 Hz  time=22.87s
[trial 33/100] input_spikes: pn_exc=1537 vip_inh_bio=358 bg_exc=2088 bg_inh=610
[trial 33/100] spikes=5  rate=5.00 Hz  time=22.22s
[trial 34/100] input_spikes: pn_exc=1818 vip_inh_bio=371 bg_exc=2520 bg_inh=779
[trial 34/100] spikes=4  rate=4.00 Hz  time=23.05s
[trial 35/100] input_spikes: pn_exc=1760 vip_inh_bio=387 bg_exc=2482 bg_inh=781
[trial 35/100] spikes=3  rate=3.00 Hz  time=23.12s
[trial 36/100] input_spikes: pn_exc=1703 vip_inh_bio=410 bg_exc=2424 bg_inh=797
[trial 36/100] spikes=5  rate=5.00 Hz  time=23.09s
[trial 37/100] input_spikes: pn_exc=1537 vip_inh_bio=325 bg_exc=2063 bg_inh=587
[trial 37/100] spikes=5  rate=5.00 Hz  time=22.59s
[trial 38/100] input_spikes: pn_exc=1727 vip_inh_bio=367 bg_exc=2356 bg_inh=758
[trial 38/100] spikes=3  rate=3.00 Hz  time=22.86s
[trial 39/100] input_spikes: pn_exc=1554 vip_inh_bio=316 bg_exc=2206 bg_inh=686
[trial 39/100] spikes=6  rate=6.00 Hz  time=22.54s
[trial 40/100] input_spikes: pn_exc=1565 vip_inh_bio=346 bg_exc=2126 bg_inh=657
[trial 40/100] spikes=5  rate=5.00 Hz  time=22.57s
[trial 41/100] input_spikes: pn_exc=1625 vip_inh_bio=366 bg_exc=2267 bg_inh=704
[trial 41/100] spikes=5  rate=5.00 Hz  time=22.52s
[trial 42/100] input_spikes: pn_exc=1530 vip_inh_bio=324 bg_exc=1911 bg_inh=568
[trial 42/100] spikes=5  rate=5.00 Hz  time=22.42s
[trial 43/100] input_spikes: pn_exc=1704 vip_inh_bio=373 bg_exc=2350 bg_inh=722
[trial 43/100] spikes=3  rate=3.00 Hz  time=22.93s
[trial 44/100] input_spikes: pn_exc=1515 vip_inh_bio=316 bg_exc=1351 bg_inh=425
[trial 44/100] spikes=9  rate=9.00 Hz  time=21.88s
[trial 45/100] input_spikes: pn_exc=1700 vip_inh_bio=344 bg_exc=2477 bg_inh=777
[trial 45/100] spikes=11  rate=11.00 Hz  time=22.83s
[trial 46/100] input_spikes: pn_exc=1734 vip_inh_bio=351 bg_exc=2504 bg_inh=732
[trial 46/100] spikes=6  rate=6.00 Hz  time=23.02s
[trial 47/100] input_spikes: pn_exc=1759 vip_inh_bio=365 bg_exc=2429 bg_inh=747
[trial 47/100] spikes=4  rate=4.00 Hz  time=22.87s
[trial 48/100] input_spikes: pn_exc=1782 vip_inh_bio=401 bg_exc=2507 bg_inh=832
[trial 48/100] spikes=4  rate=4.00 Hz  time=23.13s
[trial 49/100] input_spikes: pn_exc=1615 vip_inh_bio=324 bg_exc=2054 bg_inh=633
[trial 49/100] spikes=4  rate=4.00 Hz  time=22.40s
[trial 50/100] input_spikes: pn_exc=1665 vip_inh_bio=398 bg_exc=2542 bg_inh=778
[trial 50/100] spikes=4  rate=4.00 Hz  time=23.11s
[trial 51/100] input_spikes: pn_exc=1785 vip_inh_bio=355 bg_exc=2487 bg_inh=723
[trial 51/100] spikes=9  rate=9.00 Hz  time=22.89s
[trial 52/100] input_spikes: pn_exc=1478 vip_inh_bio=334 bg_exc=1696 bg_inh=580
[trial 52/100] spikes=2  rate=2.00 Hz  time=22.25s
[trial 53/100] input_spikes: pn_exc=1793 vip_inh_bio=363 bg_exc=2425 bg_inh=792
[trial 53/100] spikes=1  rate=1.00 Hz  time=23.06s
[trial 54/100] input_spikes: pn_exc=1748 vip_inh_bio=354 bg_exc=2533 bg_inh=782
[trial 54/100] spikes=5  rate=5.00 Hz  time=23.13s
[trial 55/100] input_spikes: pn_exc=1751 vip_inh_bio=365 bg_exc=2406 bg_inh=787
[trial 55/100] spikes=7  rate=7.00 Hz  time=22.81s
[trial 56/100] input_spikes: pn_exc=1573 vip_inh_bio=373 bg_exc=2186 bg_inh=696
[trial 56/100] spikes=8  rate=8.00 Hz  time=22.61s
[trial 57/100] input_spikes: pn_exc=1709 vip_inh_bio=378 bg_exc=2444 bg_inh=755
[trial 57/100] spikes=6  rate=6.00 Hz  time=22.89s
[trial 58/100] input_spikes: pn_exc=1468 vip_inh_bio=321 bg_exc=1770 bg_inh=573
[trial 58/100] spikes=2  rate=2.00 Hz  time=22.16s
[trial 59/100] input_spikes: pn_exc=1690 vip_inh_bio=347 bg_exc=2305 bg_inh=761
[trial 59/100] spikes=5  rate=5.00 Hz  time=22.85s
[trial 60/100] input_spikes: pn_exc=1688 vip_inh_bio=374 bg_exc=2335 bg_inh=723
[trial 60/100] spikes=6  rate=6.00 Hz  time=22.75s
[trial 61/100] input_spikes: pn_exc=1665 vip_inh_bio=374 bg_exc=2430 bg_inh=757
[trial 61/100] spikes=5  rate=5.00 Hz  time=22.94s
[trial 62/100] input_spikes: pn_exc=1664 vip_inh_bio=394 bg_exc=2347 bg_inh=719
[trial 62/100] spikes=5  rate=5.00 Hz  time=23.15s
[trial 63/100] input_spikes: pn_exc=1687 vip_inh_bio=333 bg_exc=2143 bg_inh=661
[trial 63/100] spikes=8  rate=8.00 Hz  time=23.03s
[trial 64/100] input_spikes: pn_exc=1651 vip_inh_bio=335 bg_exc=2167 bg_inh=683
[trial 64/100] spikes=10  rate=10.00 Hz  time=22.79s
[trial 65/100] input_spikes: pn_exc=1731 vip_inh_bio=384 bg_exc=2407 bg_inh=771
[trial 65/100] spikes=4  rate=4.00 Hz  time=23.06s
[trial 66/100] input_spikes: pn_exc=1746 vip_inh_bio=345 bg_exc=2317 bg_inh=734
[trial 66/100] spikes=4  rate=4.00 Hz  time=22.77s
[trial 67/100] input_spikes: pn_exc=1743 vip_inh_bio=330 bg_exc=2353 bg_inh=737
[trial 67/100] spikes=3  rate=3.00 Hz  time=23.05s
[trial 68/100] input_spikes: pn_exc=1738 vip_inh_bio=373 bg_exc=2410 bg_inh=781
[trial 68/100] spikes=4  rate=4.00 Hz  time=23.24s
[trial 69/100] input_spikes: pn_exc=1703 vip_inh_bio=396 bg_exc=2436 bg_inh=718
[trial 69/100] spikes=2  rate=2.00 Hz  time=22.99s
[trial 70/100] input_spikes: pn_exc=1758 vip_inh_bio=376 bg_exc=2437 bg_inh=763
[trial 70/100] spikes=3  rate=3.00 Hz  time=23.16s
[trial 71/100] input_spikes: pn_exc=1627 vip_inh_bio=309 bg_exc=2265 bg_inh=695
[trial 71/100] spikes=7  rate=7.00 Hz  time=22.64s
[trial 72/100] input_spikes: pn_exc=1804 vip_inh_bio=368 bg_exc=2429 bg_inh=753
[trial 72/100] spikes=5  rate=5.00 Hz  time=23.16s
[trial 73/100] input_spikes: pn_exc=1722 vip_inh_bio=358 bg_exc=2336 bg_inh=750
[trial 73/100] spikes=7  rate=7.00 Hz  time=22.71s
[trial 74/100] input_spikes: pn_exc=1737 vip_inh_bio=362 bg_exc=2379 bg_inh=743
[trial 74/100] spikes=5  rate=5.00 Hz  time=22.97s
[trial 75/100] input_spikes: pn_exc=1627 vip_inh_bio=397 bg_exc=2075 bg_inh=643
[trial 75/100] spikes=6  rate=6.00 Hz  time=22.45s
[trial 76/100] input_spikes: pn_exc=1571 vip_inh_bio=340 bg_exc=1957 bg_inh=629
[trial 76/100] spikes=2  rate=2.00 Hz  time=22.39s
[trial 77/100] input_spikes: pn_exc=1725 vip_inh_bio=374 bg_exc=2439 bg_inh=791
[trial 77/100] spikes=5  rate=5.00 Hz  time=23.00s
[trial 78/100] input_spikes: pn_exc=1798 vip_inh_bio=397 bg_exc=2503 bg_inh=756
[trial 78/100] spikes=3  rate=3.00 Hz  time=23.10s
[trial 79/100] input_spikes: pn_exc=1784 vip_inh_bio=367 bg_exc=2434 bg_inh=770
[trial 79/100] spikes=4  rate=4.00 Hz  time=22.90s
[trial 80/100] input_spikes: pn_exc=1645 vip_inh_bio=377 bg_exc=2406 bg_inh=753
[trial 80/100] spikes=2  rate=2.00 Hz  time=22.91s
[trial 81/100] input_spikes: pn_exc=1675 vip_inh_bio=348 bg_exc=2232 bg_inh=707
[trial 81/100] spikes=6  rate=6.00 Hz  time=22.56s
[trial 82/100] input_spikes: pn_exc=1597 vip_inh_bio=369 bg_exc=2142 bg_inh=691
[trial 82/100] spikes=7  rate=7.00 Hz  time=22.63s
[trial 83/100] input_spikes: pn_exc=1647 vip_inh_bio=384 bg_exc=2366 bg_inh=725
[trial 83/100] spikes=5  rate=5.00 Hz  time=22.90s
[trial 84/100] input_spikes: pn_exc=1648 vip_inh_bio=348 bg_exc=2300 bg_inh=730
[trial 84/100] spikes=8  rate=8.00 Hz  time=22.85s
[trial 85/100] input_spikes: pn_exc=1569 vip_inh_bio=333 bg_exc=2087 bg_inh=652
[trial 85/100] spikes=2  rate=2.00 Hz  time=22.65s
[trial 86/100] input_spikes: pn_exc=1726 vip_inh_bio=375 bg_exc=2393 bg_inh=707
[trial 86/100] spikes=6  rate=6.00 Hz  time=22.88s
[trial 87/100] input_spikes: pn_exc=1632 vip_inh_bio=335 bg_exc=2273 bg_inh=641
[trial 87/100] spikes=5  rate=5.00 Hz  time=22.49s
[trial 88/100] input_spikes: pn_exc=1548 vip_inh_bio=371 bg_exc=2112 bg_inh=686
[trial 88/100] spikes=3  rate=3.00 Hz  time=22.75s
[trial 89/100] input_spikes: pn_exc=1437 vip_inh_bio=330 bg_exc=1737 bg_inh=564
[trial 89/100] spikes=2  rate=2.00 Hz  time=22.16s
[trial 90/100] input_spikes: pn_exc=1541 vip_inh_bio=325 bg_exc=1984 bg_inh=584
[trial 90/100] spikes=5  rate=5.00 Hz  time=22.48s
[trial 91/100] input_spikes: pn_exc=1742 vip_inh_bio=382 bg_exc=2533 bg_inh=803
[trial 91/100] spikes=4  rate=4.00 Hz  time=23.02s
[trial 92/100] input_spikes: pn_exc=1805 vip_inh_bio=383 bg_exc=2418 bg_inh=789
[trial 92/100] spikes=3  rate=3.00 Hz  time=23.17s
[trial 93/100] input_spikes: pn_exc=1696 vip_inh_bio=397 bg_exc=2403 bg_inh=717
[trial 93/100] spikes=7  rate=7.00 Hz  time=22.89s
[trial 94/100] input_spikes: pn_exc=1781 vip_inh_bio=362 bg_exc=2497 bg_inh=743
[trial 94/100] spikes=4  rate=4.00 Hz  time=23.27s
[trial 95/100] input_spikes: pn_exc=1672 vip_inh_bio=380 bg_exc=2459 bg_inh=836
[trial 95/100] spikes=4  rate=4.00 Hz  time=22.92s
[trial 96/100] input_spikes: pn_exc=1567 vip_inh_bio=398 bg_exc=2165 bg_inh=670
[trial 96/100] spikes=2  rate=2.00 Hz  time=22.39s
[trial 97/100] input_spikes: pn_exc=1633 vip_inh_bio=336 bg_exc=2359 bg_inh=748
[trial 97/100] spikes=3  rate=3.00 Hz  time=22.17s
[trial 98/100] input_spikes: pn_exc=1651 vip_inh_bio=357 bg_exc=2266 bg_inh=686
[trial 98/100] spikes=4  rate=4.00 Hz  time=21.20s
[trial 99/100] input_spikes: pn_exc=1649 vip_inh_bio=384 bg_exc=2226 bg_inh=696
[trial 99/100] spikes=2  rate=2.00 Hz  time=20.79s
[trial 100/100] input_spikes: pn_exc=1576 vip_inh_bio=381 bg_exc=2147 bg_inh=678
[trial 100/100] spikes=3  rate=3.00 Hz  time=21.00s
save_plots single_plot warning: Top input panel: group list empty, auto-using all groups (4).
Results saved to /home/hrbncv/SCP/cells/SST/tunes/seg_tuned_all/output_data/slurm_42203/parts/slurm_42203_45/run_manifest.json
Total runtime: 2266.38s
