Running: python /home/hrbncv/SCP/run_pipeline.py --tune-dir /home/hrbncv/SCP/cells/SST/tunes/seg_tuned_all --output-dir /home/hrbncv/SCP/cells/SST/tunes/seg_tuned_all/output_data/slurm_29750/parts --n-trials 40 --output-stem slurm_29750_21 --trial-offset 840 --force-save
Loaded mechanisms from /home/hrbncv/SCP/cells/SST/tunes/seg_tuned_all/modfiles/x86_64/.libs/libnrnmech.so
Loaded Allen cell for 'SST' from /home/hrbncv/SCP/cells/SST/tunes/seg_tuned_all/manifest.json, soma_diam_multiplier=10.0, Vinit=-65.0, loader=genome_fallback
Geometry defined for 'SST': 1 soma segs, 54 proximal dend segs, 52 distal dend segs, 115 total dend segs.
[trial 1/40] input_spikes: pn_exc=1515 bg_exc=2767 bg_inh=472
[trial 1/40] spikes=4  rate=3.33 Hz  time=24.30s
[trial 2/40] input_spikes: pn_exc=1522 bg_exc=2649 bg_inh=461
[trial 2/40] spikes=2  rate=1.67 Hz  time=24.05s
[trial 3/40] input_spikes: pn_exc=1658 bg_exc=2867 bg_inh=458
[trial 3/40] spikes=3  rate=2.50 Hz  time=24.12s
[trial 4/40] input_spikes: pn_exc=1686 bg_exc=2973 bg_inh=475
[trial 4/40] spikes=4  rate=3.33 Hz  time=24.18s
[trial 5/40] input_spikes: pn_exc=1589 bg_exc=2764 bg_inh=446
[trial 5/40] spikes=8  rate=6.67 Hz  time=24.56s
[trial 6/40] input_spikes: pn_exc=1624 bg_exc=2919 bg_inh=446
[trial 6/40] spikes=8  rate=6.67 Hz  time=24.52s
[trial 7/40] input_spikes: pn_exc=1657 bg_exc=2844 bg_inh=454
[trial 7/40] spikes=4  rate=3.33 Hz  time=24.52s
[trial 8/40] input_spikes: pn_exc=1567 bg_exc=2844 bg_inh=451
[trial 8/40] spikes=5  rate=4.17 Hz  time=24.69s
[trial 9/40] input_spikes: pn_exc=1573 bg_exc=3015 bg_inh=460
[trial 9/40] spikes=5  rate=4.17 Hz  time=24.83s
[trial 10/40] input_spikes: pn_exc=1555 bg_exc=2830 bg_inh=438
[trial 10/40] spikes=4  rate=3.33 Hz  time=25.11s
[trial 11/40] input_spikes: pn_exc=1633 bg_exc=2905 bg_inh=485
[trial 11/40] spikes=4  rate=3.33 Hz  time=24.80s
[trial 12/40] input_spikes: pn_exc=1594 bg_exc=2953 bg_inh=490
[trial 12/40] spikes=2  rate=1.67 Hz  time=24.66s
[trial 13/40] input_spikes: pn_exc=1585 bg_exc=2910 bg_inh=464
[trial 13/40] spikes=4  rate=3.33 Hz  time=25.14s
[trial 14/40] input_spikes: pn_exc=1647 bg_exc=2944 bg_inh=467
[trial 14/40] spikes=4  rate=3.33 Hz  time=24.97s
[trial 15/40] input_spikes: pn_exc=1613 bg_exc=2939 bg_inh=479
[trial 15/40] spikes=4  rate=3.33 Hz  time=24.90s
[trial 16/40] input_spikes: pn_exc=1207 bg_exc=1762 bg_inh=252
[trial 16/40] spikes=5  rate=4.17 Hz  time=24.55s
[trial 17/40] input_spikes: pn_exc=1564 bg_exc=3011 bg_inh=447
[trial 17/40] spikes=4  rate=3.33 Hz  time=24.79s
[trial 18/40] input_spikes: pn_exc=1475 bg_exc=2584 bg_inh=389
[trial 18/40] spikes=6  rate=5.00 Hz  time=24.88s
[trial 19/40] input_spikes: pn_exc=1594 bg_exc=2838 bg_inh=472
[trial 19/40] spikes=3  rate=2.50 Hz  time=25.05s
[trial 20/40] input_spikes: pn_exc=1610 bg_exc=2975 bg_inh=479
[trial 20/40] spikes=4  rate=3.33 Hz  time=24.77s
[trial 21/40] input_spikes: pn_exc=1523 bg_exc=2614 bg_inh=415
[trial 21/40] spikes=4  rate=3.33 Hz  time=24.83s
[trial 22/40] input_spikes: pn_exc=1555 bg_exc=2850 bg_inh=460
[trial 22/40] spikes=1  rate=0.83 Hz  time=24.56s
[trial 23/40] input_spikes: pn_exc=1573 bg_exc=2980 bg_inh=480
[trial 23/40] spikes=2  rate=1.67 Hz  time=25.05s
[trial 24/40] input_spikes: pn_exc=1378 bg_exc=2572 bg_inh=384
[trial 24/40] spikes=3  rate=2.50 Hz  time=24.66s
[trial 25/40] input_spikes: pn_exc=1539 bg_exc=2739 bg_inh=445
[trial 25/40] spikes=3  rate=2.50 Hz  time=24.95s
[trial 26/40] input_spikes: pn_exc=1144 bg_exc=1624 bg_inh=251
[trial 26/40] spikes=3  rate=2.50 Hz  time=24.75s
[trial 27/40] input_spikes: pn_exc=1558 bg_exc=2660 bg_inh=400
[trial 27/40] spikes=3  rate=2.50 Hz  time=24.29s
[trial 28/40] input_spikes: pn_exc=1341 bg_exc=2004 bg_inh=317
[trial 28/40] spikes=5  rate=4.17 Hz  time=23.40s
[trial 29/40] input_spikes: pn_exc=1551 bg_exc=2831 bg_inh=480
[trial 29/40] spikes=4  rate=3.33 Hz  time=23.71s
[trial 30/40] input_spikes: pn_exc=1261 bg_exc=1868 bg_inh=272
[trial 30/40] spikes=6  rate=5.00 Hz  time=23.43s
[trial 31/40] input_spikes: pn_exc=1557 bg_exc=2960 bg_inh=452
[trial 31/40] spikes=5  rate=4.17 Hz  time=23.59s
[trial 32/40] input_spikes: pn_exc=1195 bg_exc=1212 bg_inh=164
[trial 32/40] spikes=6  rate=5.00 Hz  time=23.28s
[trial 33/40] input_spikes: pn_exc=1559 bg_exc=2617 bg_inh=411
[trial 33/40] spikes=5  rate=4.17 Hz  time=23.57s
[trial 34/40] input_spikes: pn_exc=1640 bg_exc=2948 bg_inh=449
[trial 34/40] spikes=5  rate=4.17 Hz  time=23.46s
[trial 35/40] input_spikes: pn_exc=1538 bg_exc=2647 bg_inh=410
[trial 35/40] spikes=6  rate=5.00 Hz  time=23.71s
[trial 36/40] input_spikes: pn_exc=1546 bg_exc=2907 bg_inh=451
[trial 36/40] spikes=5  rate=4.17 Hz  time=23.73s
[trial 37/40] input_spikes: pn_exc=1570 bg_exc=2787 bg_inh=477
[trial 37/40] spikes=2  rate=1.67 Hz  time=23.54s
[trial 38/40] input_spikes: pn_exc=1461 bg_exc=2692 bg_inh=397
[trial 38/40] spikes=5  rate=4.17 Hz  time=23.42s
[trial 39/40] input_spikes: pn_exc=1510 bg_exc=2960 bg_inh=419
[trial 39/40] spikes=5  rate=4.17 Hz  time=23.62s
[trial 40/40] input_spikes: pn_exc=1530 bg_exc=2739 bg_inh=474
[trial 40/40] spikes=1  rate=0.83 Hz  time=22.83s
Results saved to /home/hrbncv/SCP/cells/SST/tunes/seg_tuned_all/output_data/slurm_29750/parts/slurm_29750_21/run_manifest.json
Total runtime: 972.06s
