Running: python /home/hrbncv/SCP/run_pipeline.py --tune-dir /home/hrbncv/SCP/cells/SST/tunes/seg_tuned_all --output-dir /home/hrbncv/SCP/cells/SST/tunes/seg_tuned_all/output_data/slurm_39858/parts --n-trials 20 --output-stem slurm_39858_28 --trial-offset 560 --force-save
Loaded mechanisms from /home/hrbncv/SCP/cells/SST/tunes/seg_tuned_all/modfiles/x86_64/.libs/libnrnmech.so
Loaded Allen cell for 'SST' from /home/hrbncv/SCP/cells/SST/tunes/seg_tuned_all/manifest.json, soma_diam_multiplier=10.0, Vinit=-65.0, loader=genome_fallback
Geometry defined for 'SST': 1 soma segs, 54 proximal dend segs, 52 distal dend segs, 115 total dend segs.
[trial 1/20] input_spikes: pn_exc=1694 vip_inh_bio=77 bg_exc=2428 bg_inh=723
[trial 1/20] spikes=3  rate=3.00 Hz  time=22.39s
[trial 2/20] input_spikes: pn_exc=1675 vip_inh_bio=75 bg_exc=2243 bg_inh=769
[trial 2/20] spikes=3  rate=3.00 Hz  time=22.36s
[trial 3/20] input_spikes: pn_exc=1713 vip_inh_bio=55 bg_exc=2605 bg_inh=797
[trial 3/20] spikes=3  rate=3.00 Hz  time=22.78s
[trial 4/20] input_spikes: pn_exc=1705 vip_inh_bio=70 bg_exc=2526 bg_inh=817
[trial 4/20] spikes=4  rate=4.00 Hz  time=23.02s
[trial 5/20] input_spikes: pn_exc=1690 vip_inh_bio=72 bg_exc=2264 bg_inh=735
[trial 5/20] spikes=3  rate=3.00 Hz  time=22.27s
[trial 6/20] input_spikes: pn_exc=1684 vip_inh_bio=58 bg_exc=2262 bg_inh=739
[trial 6/20] spikes=1  rate=1.00 Hz  time=22.13s
[trial 7/20] input_spikes: pn_exc=1415 vip_inh_bio=39 bg_exc=1626 bg_inh=521
[trial 7/20] spikes=2  rate=2.00 Hz  time=21.78s
[trial 8/20] input_spikes: pn_exc=1682 vip_inh_bio=68 bg_exc=2431 bg_inh=749
[trial 8/20] spikes=4  rate=4.00 Hz  time=22.46s
[trial 9/20] input_spikes: pn_exc=1625 vip_inh_bio=60 bg_exc=2186 bg_inh=701
[trial 9/20] spikes=1  rate=1.00 Hz  time=22.30s
[trial 10/20] input_spikes: pn_exc=1756 vip_inh_bio=54 bg_exc=2474 bg_inh=758
[trial 10/20] spikes=0  rate=0.00 Hz  time=22.30s
[trial 11/20] input_spikes: pn_exc=1695 vip_inh_bio=81 bg_exc=2281 bg_inh=726
[trial 11/20] spikes=7  rate=7.00 Hz  time=22.29s
[trial 12/20] input_spikes: pn_exc=1739 vip_inh_bio=58 bg_exc=2374 bg_inh=749
[trial 12/20] spikes=5  rate=5.00 Hz  time=22.32s
[trial 13/20] input_spikes: pn_exc=1736 vip_inh_bio=71 bg_exc=2453 bg_inh=770
[trial 13/20] spikes=2  rate=2.00 Hz  time=22.52s
[trial 14/20] input_spikes: pn_exc=1808 vip_inh_bio=63 bg_exc=2509 bg_inh=817
[trial 14/20] spikes=3  rate=3.00 Hz  time=22.63s
[trial 15/20] input_spikes: pn_exc=1718 vip_inh_bio=68 bg_exc=2412 bg_inh=714
[trial 15/20] spikes=3  rate=3.00 Hz  time=22.48s
[trial 16/20] input_spikes: pn_exc=1649 vip_inh_bio=61 bg_exc=2390 bg_inh=789
[trial 16/20] spikes=2  rate=2.00 Hz  time=22.93s
[trial 17/20] input_spikes: pn_exc=1659 vip_inh_bio=68 bg_exc=2444 bg_inh=730
[trial 17/20] spikes=3  rate=3.00 Hz  time=22.06s
[trial 18/20] input_spikes: pn_exc=1635 vip_inh_bio=53 bg_exc=2271 bg_inh=681
[trial 18/20] spikes=2  rate=2.00 Hz  time=21.74s
[trial 19/20] input_spikes: pn_exc=1768 vip_inh_bio=56 bg_exc=2454 bg_inh=750
[trial 19/20] spikes=8  rate=8.00 Hz  time=21.90s
[trial 20/20] input_spikes: pn_exc=1608 vip_inh_bio=47 bg_exc=2149 bg_inh=664
[trial 20/20] spikes=3  rate=3.00 Hz  time=21.16s
save_plots single_plot warning: Top input panel: group list empty, auto-using all groups (4).
Results saved to /home/hrbncv/SCP/cells/SST/tunes/seg_tuned_all/output_data/slurm_39858/parts/slurm_39858_28/run_manifest.json
Total runtime: 447.09s
