Running: python /home/hrbncv/SCP/run_pipeline.py --tune-dir /home/hrbncv/SCP/cells/SST/tunes/seg_tuned_all --output-dir /home/hrbncv/SCP/cells/SST/tunes/seg_tuned_all/output_data/slurm_29750/parts --n-trials 40 --output-stem slurm_29750_23 --trial-offset 920 --force-save
Loaded mechanisms from /home/hrbncv/SCP/cells/SST/tunes/seg_tuned_all/modfiles/x86_64/.libs/libnrnmech.so
Loaded Allen cell for 'SST' from /home/hrbncv/SCP/cells/SST/tunes/seg_tuned_all/manifest.json, soma_diam_multiplier=10.0, Vinit=-65.0, loader=genome_fallback
Geometry defined for 'SST': 1 soma segs, 54 proximal dend segs, 52 distal dend segs, 115 total dend segs.
[trial 1/40] input_spikes: pn_exc=1685 bg_exc=2909 bg_inh=521
[trial 1/40] spikes=4  rate=3.33 Hz  time=25.02s
[trial 2/40] input_spikes: pn_exc=1590 bg_exc=2813 bg_inh=445
[trial 2/40] spikes=4  rate=3.33 Hz  time=25.43s
[trial 3/40] input_spikes: pn_exc=1584 bg_exc=2923 bg_inh=420
[trial 3/40] spikes=6  rate=5.00 Hz  time=25.15s
[trial 4/40] input_spikes: pn_exc=1374 bg_exc=2366 bg_inh=348
[trial 4/40] spikes=5  rate=4.17 Hz  time=25.21s
[trial 5/40] input_spikes: pn_exc=1647 bg_exc=3001 bg_inh=416
[trial 5/40] spikes=5  rate=4.17 Hz  time=25.15s
[trial 6/40] input_spikes: pn_exc=1517 bg_exc=2869 bg_inh=463
[trial 6/40] spikes=2  rate=1.67 Hz  time=25.11s
[trial 7/40] input_spikes: pn_exc=1376 bg_exc=2246 bg_inh=352
[trial 7/40] spikes=5  rate=4.17 Hz  time=24.94s
[trial 8/40] input_spikes: pn_exc=1545 bg_exc=2683 bg_inh=405
[trial 8/40] spikes=4  rate=3.33 Hz  time=25.61s
[trial 9/40] input_spikes: pn_exc=1586 bg_exc=3024 bg_inh=496
[trial 9/40] spikes=3  rate=2.50 Hz  time=25.03s
[trial 10/40] input_spikes: pn_exc=1520 bg_exc=2781 bg_inh=431
[trial 10/40] spikes=6  rate=5.00 Hz  time=25.07s
[trial 11/40] input_spikes: pn_exc=1653 bg_exc=2699 bg_inh=461
[trial 11/40] spikes=3  rate=2.50 Hz  time=24.92s
[trial 12/40] input_spikes: pn_exc=1554 bg_exc=2817 bg_inh=444
[trial 12/40] spikes=1  rate=0.83 Hz  time=24.97s
[trial 13/40] input_spikes: pn_exc=1626 bg_exc=2839 bg_inh=481
[trial 13/40] spikes=2  rate=1.67 Hz  time=25.02s
[trial 14/40] input_spikes: pn_exc=1600 bg_exc=2863 bg_inh=495
[trial 14/40] spikes=1  rate=0.83 Hz  time=25.06s
[trial 15/40] input_spikes: pn_exc=1426 bg_exc=2336 bg_inh=382
[trial 15/40] spikes=4  rate=3.33 Hz  time=24.83s
[trial 16/40] input_spikes: pn_exc=1423 bg_exc=2492 bg_inh=391
[trial 16/40] spikes=3  rate=2.50 Hz  time=24.85s
[trial 17/40] input_spikes: pn_exc=1361 bg_exc=2345 bg_inh=361
[trial 17/40] spikes=3  rate=2.50 Hz  time=24.99s
[trial 18/40] input_spikes: pn_exc=1554 bg_exc=2762 bg_inh=439
[trial 18/40] spikes=6  rate=5.00 Hz  time=25.01s
[trial 19/40] input_spikes: pn_exc=1380 bg_exc=2336 bg_inh=402
[trial 19/40] spikes=5  rate=4.17 Hz  time=24.74s
[trial 20/40] input_spikes: pn_exc=1595 bg_exc=2929 bg_inh=491
[trial 20/40] spikes=4  rate=3.33 Hz  time=25.11s
[trial 21/40] input_spikes: pn_exc=1494 bg_exc=2618 bg_inh=396
[trial 21/40] spikes=4  rate=3.33 Hz  time=24.93s
[trial 22/40] input_spikes: pn_exc=1529 bg_exc=2779 bg_inh=443
[trial 22/40] spikes=5  rate=4.17 Hz  time=25.05s
[trial 23/40] input_spikes: pn_exc=1525 bg_exc=2813 bg_inh=444
[trial 23/40] spikes=2  rate=1.67 Hz  time=25.10s
[trial 24/40] input_spikes: pn_exc=1552 bg_exc=2664 bg_inh=396
[trial 24/40] spikes=6  rate=5.00 Hz  time=24.97s
[trial 25/40] input_spikes: pn_exc=1608 bg_exc=3008 bg_inh=480
[trial 25/40] spikes=5  rate=4.17 Hz  time=25.06s
[trial 26/40] input_spikes: pn_exc=1628 bg_exc=2888 bg_inh=481
[trial 26/40] spikes=2  rate=1.67 Hz  time=24.98s
[trial 27/40] input_spikes: pn_exc=1440 bg_exc=2552 bg_inh=403
[trial 27/40] spikes=5  rate=4.17 Hz  time=24.84s
[trial 28/40] input_spikes: pn_exc=1527 bg_exc=2723 bg_inh=424
[trial 28/40] spikes=5  rate=4.17 Hz  time=25.00s
[trial 29/40] input_spikes: pn_exc=1255 bg_exc=1779 bg_inh=268
[trial 29/40] spikes=5  rate=4.17 Hz  time=24.88s
[trial 30/40] input_spikes: pn_exc=1590 bg_exc=2882 bg_inh=439
[trial 30/40] spikes=3  rate=2.50 Hz  time=25.09s
[trial 31/40] input_spikes: pn_exc=1603 bg_exc=2772 bg_inh=439
[trial 31/40] spikes=4  rate=3.33 Hz  time=24.91s
[trial 32/40] input_spikes: pn_exc=1644 bg_exc=2877 bg_inh=454
[trial 32/40] spikes=5  rate=4.17 Hz  time=25.32s
[trial 33/40] input_spikes: pn_exc=1527 bg_exc=2679 bg_inh=448
[trial 33/40] spikes=4  rate=3.33 Hz  time=25.02s
[trial 34/40] input_spikes: pn_exc=1595 bg_exc=2756 bg_inh=429
[trial 34/40] spikes=5  rate=4.17 Hz  time=24.91s
[trial 35/40] input_spikes: pn_exc=1587 bg_exc=2902 bg_inh=428
[trial 35/40] spikes=5  rate=4.17 Hz  time=25.05s
[trial 36/40] input_spikes: pn_exc=1518 bg_exc=2716 bg_inh=437
[trial 36/40] spikes=6  rate=5.00 Hz  time=24.72s
[trial 37/40] input_spikes: pn_exc=1548 bg_exc=2986 bg_inh=464
[trial 37/40] spikes=3  rate=2.50 Hz  time=24.89s
[trial 38/40] input_spikes: pn_exc=1684 bg_exc=2971 bg_inh=449
[trial 38/40] spikes=4  rate=3.33 Hz  time=25.00s
[trial 39/40] input_spikes: pn_exc=1524 bg_exc=2664 bg_inh=398
[trial 39/40] spikes=4  rate=3.33 Hz  time=23.81s
[trial 40/40] input_spikes: pn_exc=1522 bg_exc=2762 bg_inh=416
[trial 40/40] spikes=6  rate=5.00 Hz  time=23.32s
Results saved to /home/hrbncv/SCP/cells/SST/tunes/seg_tuned_all/output_data/slurm_29750/parts/slurm_29750_23/run_manifest.json
Total runtime: 998.35s
