Running: /home/hrbncv/miniconda3/envs/BMTK-py311/bin/python /home/hrbncv/SCP/run_pipeline.py --tune-dir /home/hrbncv/SCP/cells/SST/tunes/seg_tuned_all --output-dir /home/hrbncv/SCP/cells/SST/tunes/seg_tuned_all/output_data/slurm_42203/parts --n-trials 100 --output-stem slurm_42203_0 --trial-offset 0 --force-save
Loaded mechanisms from /home/hrbncv/SCP/cells/SST/tunes/seg_tuned_all/modfiles/x86_64/.libs/libnrnmech.so
Loaded Allen cell for 'SST' from /home/hrbncv/SCP/cells/SST/tunes/seg_tuned_all/manifest.json, soma_diam_multiplier=10.0, Vinit=-65.0, loader=genome_fallback
Geometry defined for 'SST': 1 soma segs, 54 proximal dend segs, 52 distal dend segs, 115 total dend segs.
[trial 1/100] input_spikes: pn_exc=1713 vip_inh_bio=388 bg_exc=2273 bg_inh=769
[trial 1/100] spikes=3  rate=3.00 Hz  time=21.84s
[trial 2/100] input_spikes: pn_exc=1717 vip_inh_bio=405 bg_exc=2330 bg_inh=760
[trial 2/100] spikes=4  rate=4.00 Hz  time=21.86s
[trial 3/100] input_spikes: pn_exc=1511 vip_inh_bio=311 bg_exc=1850 bg_inh=614
[trial 3/100] spikes=6  rate=6.00 Hz  time=21.26s
[trial 4/100] input_spikes: pn_exc=1746 vip_inh_bio=395 bg_exc=2375 bg_inh=785
[trial 4/100] spikes=7  rate=7.00 Hz  time=21.81s
[trial 5/100] input_spikes: pn_exc=1651 vip_inh_bio=340 bg_exc=2195 bg_inh=713
[trial 5/100] spikes=8  rate=8.00 Hz  time=21.65s
[trial 6/100] input_spikes: pn_exc=1527 vip_inh_bio=346 bg_exc=1810 bg_inh=591
[trial 6/100] spikes=3  rate=3.00 Hz  time=21.21s
[trial 7/100] input_spikes: pn_exc=1461 vip_inh_bio=319 bg_exc=680 bg_inh=208
[trial 7/100] spikes=2  rate=2.00 Hz  time=20.62s
[trial 8/100] input_spikes: pn_exc=1607 vip_inh_bio=363 bg_exc=2228 bg_inh=656
[trial 8/100] spikes=3  rate=3.00 Hz  time=21.51s
[trial 9/100] input_spikes: pn_exc=1656 vip_inh_bio=367 bg_exc=2297 bg_inh=760
[trial 9/100] spikes=7  rate=7.00 Hz  time=21.65s
[trial 10/100] input_spikes: pn_exc=1598 vip_inh_bio=345 bg_exc=2060 bg_inh=651
[trial 10/100] spikes=3  rate=3.00 Hz  time=21.42s
[trial 11/100] input_spikes: pn_exc=1579 vip_inh_bio=340 bg_exc=1967 bg_inh=599
[trial 11/100] spikes=3  rate=3.00 Hz  time=21.33s
[trial 12/100] input_spikes: pn_exc=1797 vip_inh_bio=371 bg_exc=2391 bg_inh=708
[trial 12/100] spikes=0  rate=0.00 Hz  time=21.89s
[trial 13/100] input_spikes: pn_exc=1786 vip_inh_bio=395 bg_exc=2400 bg_inh=793
[trial 13/100] spikes=6  rate=6.00 Hz  time=22.04s
[trial 14/100] input_spikes: pn_exc=1616 vip_inh_bio=348 bg_exc=2053 bg_inh=633
[trial 14/100] spikes=6  rate=6.00 Hz  time=21.33s
[trial 15/100] input_spikes: pn_exc=1641 vip_inh_bio=362 bg_exc=2370 bg_inh=752
[trial 15/100] spikes=5  rate=5.00 Hz  time=21.68s
[trial 16/100] input_spikes: pn_exc=1561 vip_inh_bio=375 bg_exc=1960 bg_inh=643
[trial 16/100] spikes=2  rate=2.00 Hz  time=21.26s
[trial 17/100] input_spikes: pn_exc=1640 vip_inh_bio=328 bg_exc=2392 bg_inh=750
[trial 17/100] spikes=4  rate=4.00 Hz  time=21.77s
[trial 18/100] input_spikes: pn_exc=1649 vip_inh_bio=350 bg_exc=2335 bg_inh=757
[trial 18/100] spikes=5  rate=5.00 Hz  time=21.64s
[trial 19/100] input_spikes: pn_exc=1747 vip_inh_bio=370 bg_exc=2409 bg_inh=767
[trial 19/100] spikes=5  rate=5.00 Hz  time=21.84s
[trial 20/100] input_spikes: pn_exc=1746 vip_inh_bio=366 bg_exc=2360 bg_inh=737
[trial 20/100] spikes=4  rate=4.00 Hz  time=21.83s
[trial 21/100] input_spikes: pn_exc=1634 vip_inh_bio=371 bg_exc=2184 bg_inh=735
[trial 21/100] spikes=3  rate=3.00 Hz  time=21.60s
[trial 22/100] input_spikes: pn_exc=1583 vip_inh_bio=319 bg_exc=2077 bg_inh=616
[trial 22/100] spikes=4  rate=4.00 Hz  time=21.52s
[trial 23/100] input_spikes: pn_exc=1710 vip_inh_bio=370 bg_exc=2397 bg_inh=801
[trial 23/100] spikes=4  rate=4.00 Hz  time=21.81s
[trial 24/100] input_spikes: pn_exc=1736 vip_inh_bio=378 bg_exc=2466 bg_inh=771
[trial 24/100] spikes=3  rate=3.00 Hz  time=21.85s
[trial 25/100] input_spikes: pn_exc=1773 vip_inh_bio=391 bg_exc=2425 bg_inh=824
[trial 25/100] spikes=5  rate=5.00 Hz  time=22.00s
[trial 26/100] input_spikes: pn_exc=1625 vip_inh_bio=360 bg_exc=2374 bg_inh=774
[trial 26/100] spikes=5  rate=5.00 Hz  time=21.71s
[trial 27/100] input_spikes: pn_exc=1631 vip_inh_bio=356 bg_exc=2290 bg_inh=731
[trial 27/100] spikes=4  rate=4.00 Hz  time=21.74s
[trial 28/100] input_spikes: pn_exc=1600 vip_inh_bio=356 bg_exc=2247 bg_inh=694
[trial 28/100] spikes=4  rate=4.00 Hz  time=21.57s
[trial 29/100] input_spikes: pn_exc=1744 vip_inh_bio=369 bg_exc=2381 bg_inh=732
[trial 29/100] spikes=6  rate=6.00 Hz  time=21.90s
[trial 30/100] input_spikes: pn_exc=1655 vip_inh_bio=345 bg_exc=2221 bg_inh=746
[trial 30/100] spikes=8  rate=8.00 Hz  time=21.57s
[trial 31/100] input_spikes: pn_exc=1734 vip_inh_bio=381 bg_exc=2449 bg_inh=730
[trial 31/100] spikes=4  rate=4.00 Hz  time=21.87s
[trial 32/100] input_spikes: pn_exc=1603 vip_inh_bio=355 bg_exc=2200 bg_inh=668
[trial 32/100] spikes=7  rate=7.00 Hz  time=21.62s
[trial 33/100] input_spikes: pn_exc=1695 vip_inh_bio=384 bg_exc=2376 bg_inh=700
[trial 33/100] spikes=2  rate=2.00 Hz  time=21.87s
[trial 34/100] input_spikes: pn_exc=1794 vip_inh_bio=405 bg_exc=2395 bg_inh=785
[trial 34/100] spikes=2  rate=2.00 Hz  time=21.80s
[trial 35/100] input_spikes: pn_exc=1648 vip_inh_bio=397 bg_exc=2385 bg_inh=739
[trial 35/100] spikes=4  rate=4.00 Hz  time=21.76s
[trial 36/100] input_spikes: pn_exc=1618 vip_inh_bio=329 bg_exc=2394 bg_inh=723
[trial 36/100] spikes=5  rate=5.00 Hz  time=21.75s
[trial 37/100] input_spikes: pn_exc=1671 vip_inh_bio=372 bg_exc=2280 bg_inh=684
[trial 37/100] spikes=3  rate=3.00 Hz  time=21.77s
[trial 38/100] input_spikes: pn_exc=1653 vip_inh_bio=377 bg_exc=2322 bg_inh=765
[trial 38/100] spikes=2  rate=2.00 Hz  time=21.69s
[trial 39/100] input_spikes: pn_exc=1708 vip_inh_bio=312 bg_exc=2392 bg_inh=750
[trial 39/100] spikes=7  rate=7.00 Hz  time=21.86s
[trial 40/100] input_spikes: pn_exc=1694 vip_inh_bio=388 bg_exc=2470 bg_inh=691
[trial 40/100] spikes=5  rate=5.00 Hz  time=21.74s
[trial 41/100] input_spikes: pn_exc=1570 vip_inh_bio=384 bg_exc=2125 bg_inh=658
[trial 41/100] spikes=3  rate=3.00 Hz  time=21.44s
[trial 42/100] input_spikes: pn_exc=1572 vip_inh_bio=339 bg_exc=2107 bg_inh=578
[trial 42/100] spikes=9  rate=9.00 Hz  time=21.42s
[trial 43/100] input_spikes: pn_exc=1603 vip_inh_bio=336 bg_exc=2173 bg_inh=675
[trial 43/100] spikes=5  rate=5.00 Hz  time=21.64s
[trial 44/100] input_spikes: pn_exc=1647 vip_inh_bio=382 bg_exc=2173 bg_inh=758
[trial 44/100] spikes=4  rate=4.00 Hz  time=21.56s
[trial 45/100] input_spikes: pn_exc=1777 vip_inh_bio=387 bg_exc=2477 bg_inh=742
[trial 45/100] spikes=6  rate=6.00 Hz  time=21.81s
[trial 46/100] input_spikes: pn_exc=1759 vip_inh_bio=371 bg_exc=2455 bg_inh=758
[trial 46/100] spikes=4  rate=4.00 Hz  time=21.77s
[trial 47/100] input_spikes: pn_exc=1687 vip_inh_bio=396 bg_exc=2431 bg_inh=769
[trial 47/100] spikes=5  rate=5.00 Hz  time=21.88s
[trial 48/100] input_spikes: pn_exc=1618 vip_inh_bio=401 bg_exc=2313 bg_inh=754
[trial 48/100] spikes=2  rate=2.00 Hz  time=21.65s
[trial 49/100] input_spikes: pn_exc=1699 vip_inh_bio=362 bg_exc=2184 bg_inh=665
[trial 49/100] spikes=8  rate=8.00 Hz  time=21.49s
[trial 50/100] input_spikes: pn_exc=1689 vip_inh_bio=363 bg_exc=2545 bg_inh=793
[trial 50/100] spikes=5  rate=5.00 Hz  time=21.88s
[trial 51/100] input_spikes: pn_exc=1672 vip_inh_bio=371 bg_exc=2229 bg_inh=695
[trial 51/100] spikes=5  rate=5.00 Hz  time=21.58s
[trial 52/100] input_spikes: pn_exc=1521 vip_inh_bio=287 bg_exc=1952 bg_inh=610
[trial 52/100] spikes=7  rate=7.00 Hz  time=21.25s
[trial 53/100] input_spikes: pn_exc=1705 vip_inh_bio=379 bg_exc=2396 bg_inh=767
[trial 53/100] spikes=4  rate=4.00 Hz  time=22.00s
[trial 54/100] input_spikes: pn_exc=1631 vip_inh_bio=367 bg_exc=2269 bg_inh=759
[trial 54/100] spikes=3  rate=3.00 Hz  time=21.67s
[trial 55/100] input_spikes: pn_exc=1558 vip_inh_bio=354 bg_exc=2052 bg_inh=646
[trial 55/100] spikes=2  rate=2.00 Hz  time=21.37s
[trial 56/100] input_spikes: pn_exc=1736 vip_inh_bio=398 bg_exc=2465 bg_inh=794
[trial 56/100] spikes=2  rate=2.00 Hz  time=21.80s
[trial 57/100] input_spikes: pn_exc=1739 vip_inh_bio=386 bg_exc=2450 bg_inh=752
[trial 57/100] spikes=2  rate=2.00 Hz  time=21.78s
[trial 58/100] input_spikes: pn_exc=1661 vip_inh_bio=393 bg_exc=2406 bg_inh=738
[trial 58/100] spikes=5  rate=5.00 Hz  time=21.76s
[trial 59/100] input_spikes: pn_exc=1730 vip_inh_bio=377 bg_exc=2362 bg_inh=743
[trial 59/100] spikes=6  rate=6.00 Hz  time=21.71s
[trial 60/100] input_spikes: pn_exc=1467 vip_inh_bio=275 bg_exc=741 bg_inh=246
[trial 60/100] spikes=1  rate=1.00 Hz  time=20.51s
[trial 61/100] input_spikes: pn_exc=1674 vip_inh_bio=354 bg_exc=2342 bg_inh=719
[trial 61/100] spikes=4  rate=4.00 Hz  time=21.70s
[trial 62/100] input_spikes: pn_exc=1708 vip_inh_bio=350 bg_exc=2299 bg_inh=692
[trial 62/100] spikes=3  rate=3.00 Hz  time=21.55s
[trial 63/100] input_spikes: pn_exc=1762 vip_inh_bio=373 bg_exc=2434 bg_inh=741
[trial 63/100] spikes=3  rate=3.00 Hz  time=21.98s
[trial 64/100] input_spikes: pn_exc=1657 vip_inh_bio=354 bg_exc=2249 bg_inh=714
[trial 64/100] spikes=7  rate=7.00 Hz  time=21.66s
[trial 65/100] input_spikes: pn_exc=1724 vip_inh_bio=363 bg_exc=2339 bg_inh=763
[trial 65/100] spikes=4  rate=4.00 Hz  time=22.54s
[trial 66/100] input_spikes: pn_exc=1770 vip_inh_bio=367 bg_exc=2409 bg_inh=763
[trial 66/100] spikes=3  rate=3.00 Hz  time=22.89s
[trial 67/100] input_spikes: pn_exc=1669 vip_inh_bio=377 bg_exc=2284 bg_inh=773
[trial 67/100] spikes=2  rate=2.00 Hz  time=22.19s
[trial 68/100] input_spikes: pn_exc=1808 vip_inh_bio=376 bg_exc=2444 bg_inh=752
[trial 68/100] spikes=6  rate=6.00 Hz  time=21.95s
[trial 69/100] input_spikes: pn_exc=1796 vip_inh_bio=377 bg_exc=2563 bg_inh=739
[trial 69/100] spikes=7  rate=7.00 Hz  time=21.93s
[trial 70/100] input_spikes: pn_exc=1725 vip_inh_bio=376 bg_exc=2480 bg_inh=769
[trial 70/100] spikes=5  rate=5.00 Hz  time=21.92s
[trial 71/100] input_spikes: pn_exc=1762 vip_inh_bio=328 bg_exc=2358 bg_inh=701
[trial 71/100] spikes=4  rate=4.00 Hz  time=21.81s
[trial 72/100] input_spikes: pn_exc=1493 vip_inh_bio=350 bg_exc=1848 bg_inh=578
[trial 72/100] spikes=5  rate=5.00 Hz  time=21.11s
[trial 73/100] input_spikes: pn_exc=1552 vip_inh_bio=309 bg_exc=1973 bg_inh=598
[trial 73/100] spikes=7  rate=7.00 Hz  time=21.36s
[trial 74/100] input_spikes: pn_exc=1796 vip_inh_bio=370 bg_exc=2417 bg_inh=740
[trial 74/100] spikes=3  rate=3.00 Hz  time=21.84s
[trial 75/100] input_spikes: pn_exc=1732 vip_inh_bio=341 bg_exc=2571 bg_inh=751
[trial 75/100] spikes=6  rate=6.00 Hz  time=21.96s
[trial 76/100] input_spikes: pn_exc=1694 vip_inh_bio=390 bg_exc=2283 bg_inh=748
[trial 76/100] spikes=4  rate=4.00 Hz  time=21.70s
[trial 77/100] input_spikes: pn_exc=1708 vip_inh_bio=352 bg_exc=2434 bg_inh=706
[trial 77/100] spikes=4  rate=4.00 Hz  time=21.87s
[trial 78/100] input_spikes: pn_exc=1720 vip_inh_bio=386 bg_exc=2417 bg_inh=780
[trial 78/100] spikes=5  rate=5.00 Hz  time=21.79s
[trial 79/100] input_spikes: pn_exc=1672 vip_inh_bio=349 bg_exc=2259 bg_inh=742
[trial 79/100] spikes=5  rate=5.00 Hz  time=21.59s
[trial 80/100] input_spikes: pn_exc=1719 vip_inh_bio=369 bg_exc=2444 bg_inh=776
[trial 80/100] spikes=7  rate=7.00 Hz  time=21.79s
[trial 81/100] input_spikes: pn_exc=1756 vip_inh_bio=416 bg_exc=2464 bg_inh=724
[trial 81/100] spikes=3  rate=3.00 Hz  time=21.87s
[trial 82/100] input_spikes: pn_exc=1699 vip_inh_bio=404 bg_exc=2369 bg_inh=718
[trial 82/100] spikes=4  rate=4.00 Hz  time=21.80s
[trial 83/100] input_spikes: pn_exc=1792 vip_inh_bio=365 bg_exc=2410 bg_inh=792
[trial 83/100] spikes=6  rate=6.00 Hz  time=21.97s
[trial 84/100] input_spikes: pn_exc=1656 vip_inh_bio=367 bg_exc=2070 bg_inh=673
[trial 84/100] spikes=3  rate=3.00 Hz  time=21.51s
[trial 85/100] input_spikes: pn_exc=1700 vip_inh_bio=371 bg_exc=2422 bg_inh=746
[trial 85/100] spikes=5  rate=5.00 Hz  time=21.95s
[trial 86/100] input_spikes: pn_exc=1536 vip_inh_bio=357 bg_exc=1950 bg_inh=643
[trial 86/100] spikes=4  rate=4.00 Hz  time=21.30s
[trial 87/100] input_spikes: pn_exc=1743 vip_inh_bio=366 bg_exc=2321 bg_inh=704
[trial 87/100] spikes=0  rate=0.00 Hz  time=21.78s
[trial 88/100] input_spikes: pn_exc=1557 vip_inh_bio=335 bg_exc=2039 bg_inh=612
[trial 88/100] spikes=5  rate=5.00 Hz  time=21.42s
[trial 89/100] input_spikes: pn_exc=1780 vip_inh_bio=375 bg_exc=2481 bg_inh=808
[trial 89/100] spikes=6  rate=6.00 Hz  time=21.90s
[trial 90/100] input_spikes: pn_exc=1547 vip_inh_bio=340 bg_exc=1908 bg_inh=585
[trial 90/100] spikes=4  rate=4.00 Hz  time=21.14s
[trial 91/100] input_spikes: pn_exc=1771 vip_inh_bio=344 bg_exc=2378 bg_inh=761
[trial 91/100] spikes=3  rate=3.00 Hz  time=21.84s
[trial 92/100] input_spikes: pn_exc=1679 vip_inh_bio=367 bg_exc=2463 bg_inh=809
[trial 92/100] spikes=5  rate=5.00 Hz  time=21.87s
[trial 93/100] input_spikes: pn_exc=1759 vip_inh_bio=403 bg_exc=2450 bg_inh=773
[trial 93/100] spikes=5  rate=5.00 Hz  time=21.99s
[trial 94/100] input_spikes: pn_exc=1658 vip_inh_bio=323 bg_exc=2262 bg_inh=726
[trial 94/100] spikes=6  rate=6.00 Hz  time=21.75s
[trial 95/100] input_spikes: pn_exc=1772 vip_inh_bio=375 bg_exc=2434 bg_inh=767
[trial 95/100] spikes=3  rate=3.00 Hz  time=21.91s
[trial 96/100] input_spikes: pn_exc=1564 vip_inh_bio=348 bg_exc=2066 bg_inh=627
[trial 96/100] spikes=4  rate=4.00 Hz  time=21.40s
[trial 97/100] input_spikes: pn_exc=1769 vip_inh_bio=354 bg_exc=2378 bg_inh=760
[trial 97/100] spikes=2  rate=2.00 Hz  time=21.93s
[trial 98/100] input_spikes: pn_exc=1600 vip_inh_bio=342 bg_exc=2268 bg_inh=671
[trial 98/100] spikes=2  rate=2.00 Hz  time=21.42s
[trial 99/100] input_spikes: pn_exc=1708 vip_inh_bio=382 bg_exc=2404 bg_inh=750
[trial 99/100] spikes=4  rate=4.00 Hz  time=21.84s
[trial 100/100] input_spikes: pn_exc=1714 vip_inh_bio=362 bg_exc=2406 bg_inh=757
[trial 100/100] spikes=7  rate=7.00 Hz  time=21.87s
save_plots single_plot warning: Top input panel: group list empty, auto-using all groups (4).
Results saved to /home/hrbncv/SCP/cells/SST/tunes/seg_tuned_all/output_data/slurm_42203/parts/slurm_42203_0/run_manifest.json
Total runtime: 2172.91s
Submitting merge job: /home/hrbncv/SCP/scripts/merge_array_results_with_status.sh --input-dir /home/hrbncv/SCP/cells/SST/tunes/seg_tuned_all/output_data/slurm_42203/parts --output-dir /home/hrbncv/SCP/cells/SST/tunes/seg_tuned_all/output_data/slurm_42203 --job-id 42203 --output-stem results
Submitted batch job 42253
