Running: /home/hrbncv/miniconda3/envs/BMTK-py311/bin/python /home/hrbncv/SCP/run_pipeline.py --tune-dir /home/hrbncv/SCP/cells/SST/tunes/seg_tuned_all --output-dir /home/hrbncv/SCP/cells/SST/tunes/seg_tuned_all/output_data/slurm_42203/parts --n-trials 100 --output-stem slurm_42203_2 --trial-offset 200 --force-save
Loaded mechanisms from /home/hrbncv/SCP/cells/SST/tunes/seg_tuned_all/modfiles/x86_64/.libs/libnrnmech.so
Loaded Allen cell for 'SST' from /home/hrbncv/SCP/cells/SST/tunes/seg_tuned_all/manifest.json, soma_diam_multiplier=10.0, Vinit=-65.0, loader=genome_fallback
Geometry defined for 'SST': 1 soma segs, 54 proximal dend segs, 52 distal dend segs, 115 total dend segs.
[trial 1/100] input_spikes: pn_exc=1650 vip_inh_bio=352 bg_exc=2299 bg_inh=723
[trial 1/100] spikes=3  rate=3.00 Hz  time=22.23s
[trial 2/100] input_spikes: pn_exc=1716 vip_inh_bio=357 bg_exc=2293 bg_inh=709
[trial 2/100] spikes=3  rate=3.00 Hz  time=22.33s
[trial 3/100] input_spikes: pn_exc=1699 vip_inh_bio=389 bg_exc=2374 bg_inh=727
[trial 3/100] spikes=5  rate=5.00 Hz  time=22.36s
[trial 4/100] input_spikes: pn_exc=1530 vip_inh_bio=331 bg_exc=1924 bg_inh=601
[trial 4/100] spikes=6  rate=6.00 Hz  time=21.90s
[trial 5/100] input_spikes: pn_exc=1688 vip_inh_bio=407 bg_exc=2238 bg_inh=737
[trial 5/100] spikes=6  rate=6.00 Hz  time=22.29s
[trial 6/100] input_spikes: pn_exc=1674 vip_inh_bio=394 bg_exc=2234 bg_inh=742
[trial 6/100] spikes=4  rate=4.00 Hz  time=22.22s
[trial 7/100] input_spikes: pn_exc=1554 vip_inh_bio=337 bg_exc=1899 bg_inh=596
[trial 7/100] spikes=2  rate=2.00 Hz  time=21.83s
[trial 8/100] input_spikes: pn_exc=1734 vip_inh_bio=401 bg_exc=2441 bg_inh=771
[trial 8/100] spikes=5  rate=5.00 Hz  time=22.46s
[trial 9/100] input_spikes: pn_exc=1699 vip_inh_bio=381 bg_exc=2265 bg_inh=750
[trial 9/100] spikes=5  rate=5.00 Hz  time=22.20s
[trial 10/100] input_spikes: pn_exc=1774 vip_inh_bio=374 bg_exc=2395 bg_inh=674
[trial 10/100] spikes=3  rate=3.00 Hz  time=22.44s
[trial 11/100] input_spikes: pn_exc=1498 vip_inh_bio=304 bg_exc=1572 bg_inh=527
[trial 11/100] spikes=4  rate=4.00 Hz  time=21.47s
[trial 12/100] input_spikes: pn_exc=1789 vip_inh_bio=381 bg_exc=2378 bg_inh=762
[trial 12/100] spikes=3  rate=3.00 Hz  time=22.44s
[trial 13/100] input_spikes: pn_exc=1615 vip_inh_bio=364 bg_exc=2334 bg_inh=768
[trial 13/100] spikes=4  rate=4.00 Hz  time=22.33s
[trial 14/100] input_spikes: pn_exc=1689 vip_inh_bio=372 bg_exc=2410 bg_inh=774
[trial 14/100] spikes=6  rate=6.00 Hz  time=22.45s
[trial 15/100] input_spikes: pn_exc=1514 vip_inh_bio=311 bg_exc=1979 bg_inh=572
[trial 15/100] spikes=4  rate=4.00 Hz  time=21.79s
[trial 16/100] input_spikes: pn_exc=1664 vip_inh_bio=376 bg_exc=2233 bg_inh=702
[trial 16/100] spikes=6  rate=6.00 Hz  time=22.17s
[trial 17/100] input_spikes: pn_exc=1605 vip_inh_bio=378 bg_exc=2233 bg_inh=701
[trial 17/100] spikes=0  rate=0.00 Hz  time=22.14s
[trial 18/100] input_spikes: pn_exc=1667 vip_inh_bio=329 bg_exc=2360 bg_inh=751
[trial 18/100] spikes=6  rate=6.00 Hz  time=22.37s
[trial 19/100] input_spikes: pn_exc=1725 vip_inh_bio=397 bg_exc=2412 bg_inh=805
[trial 19/100] spikes=5  rate=5.00 Hz  time=22.29s
[trial 20/100] input_spikes: pn_exc=1671 vip_inh_bio=369 bg_exc=2368 bg_inh=734
[trial 20/100] spikes=4  rate=4.00 Hz  time=22.34s
[trial 21/100] input_spikes: pn_exc=1610 vip_inh_bio=336 bg_exc=2126 bg_inh=649
[trial 21/100] spikes=2  rate=2.00 Hz  time=21.94s
[trial 22/100] input_spikes: pn_exc=1750 vip_inh_bio=360 bg_exc=2458 bg_inh=781
[trial 22/100] spikes=7  rate=7.00 Hz  time=22.52s
[trial 23/100] input_spikes: pn_exc=1662 vip_inh_bio=357 bg_exc=2235 bg_inh=702
[trial 23/100] spikes=3  rate=3.00 Hz  time=22.12s
[trial 24/100] input_spikes: pn_exc=1631 vip_inh_bio=411 bg_exc=2198 bg_inh=647
[trial 24/100] spikes=3  rate=3.00 Hz  time=22.09s
[trial 25/100] input_spikes: pn_exc=1598 vip_inh_bio=346 bg_exc=2232 bg_inh=722
[trial 25/100] spikes=5  rate=5.00 Hz  time=22.24s
[trial 26/100] input_spikes: pn_exc=1713 vip_inh_bio=398 bg_exc=2511 bg_inh=762
[trial 26/100] spikes=4  rate=4.00 Hz  time=22.51s
[trial 27/100] input_spikes: pn_exc=1671 vip_inh_bio=376 bg_exc=2389 bg_inh=824
[trial 27/100] spikes=3  rate=3.00 Hz  time=22.44s
[trial 28/100] input_spikes: pn_exc=1717 vip_inh_bio=395 bg_exc=2378 bg_inh=767
[trial 28/100] spikes=5  rate=5.00 Hz  time=22.37s
[trial 29/100] input_spikes: pn_exc=1535 vip_inh_bio=335 bg_exc=1443 bg_inh=444
[trial 29/100] spikes=4  rate=4.00 Hz  time=21.42s
[trial 30/100] input_spikes: pn_exc=1529 vip_inh_bio=337 bg_exc=2027 bg_inh=642
[trial 30/100] spikes=3  rate=3.00 Hz  time=21.95s
[trial 31/100] input_spikes: pn_exc=1584 vip_inh_bio=334 bg_exc=2079 bg_inh=636
[trial 31/100] spikes=5  rate=5.00 Hz  time=21.90s
[trial 32/100] input_spikes: pn_exc=1608 vip_inh_bio=358 bg_exc=2238 bg_inh=703
[trial 32/100] spikes=4  rate=4.00 Hz  time=22.18s
[trial 33/100] input_spikes: pn_exc=1403 vip_inh_bio=333 bg_exc=1527 bg_inh=473
[trial 33/100] spikes=4  rate=4.00 Hz  time=21.56s
[trial 34/100] input_spikes: pn_exc=1667 vip_inh_bio=379 bg_exc=2383 bg_inh=719
[trial 34/100] spikes=1  rate=1.00 Hz  time=22.48s
[trial 35/100] input_spikes: pn_exc=1716 vip_inh_bio=375 bg_exc=2416 bg_inh=735
[trial 35/100] spikes=5  rate=5.00 Hz  time=22.46s
[trial 36/100] input_spikes: pn_exc=1635 vip_inh_bio=357 bg_exc=2553 bg_inh=795
[trial 36/100] spikes=2  rate=2.00 Hz  time=22.53s
[trial 37/100] input_spikes: pn_exc=1489 vip_inh_bio=342 bg_exc=1896 bg_inh=637
[trial 37/100] spikes=1  rate=1.00 Hz  time=21.79s
[trial 38/100] input_spikes: pn_exc=1697 vip_inh_bio=334 bg_exc=2371 bg_inh=673
[trial 38/100] spikes=4  rate=4.00 Hz  time=22.37s
[trial 39/100] input_spikes: pn_exc=1601 vip_inh_bio=348 bg_exc=2148 bg_inh=646
[trial 39/100] spikes=6  rate=6.00 Hz  time=22.06s
[trial 40/100] input_spikes: pn_exc=1726 vip_inh_bio=374 bg_exc=2413 bg_inh=739
[trial 40/100] spikes=5  rate=5.00 Hz  time=22.49s
[trial 41/100] input_spikes: pn_exc=1674 vip_inh_bio=343 bg_exc=2133 bg_inh=641
[trial 41/100] spikes=6  rate=6.00 Hz  time=22.07s
[trial 42/100] input_spikes: pn_exc=1509 vip_inh_bio=308 bg_exc=2021 bg_inh=578
[trial 42/100] spikes=2  rate=2.00 Hz  time=21.83s
[trial 43/100] input_spikes: pn_exc=1674 vip_inh_bio=379 bg_exc=2519 bg_inh=752
[trial 43/100] spikes=4  rate=4.00 Hz  time=22.48s
[trial 44/100] input_spikes: pn_exc=1730 vip_inh_bio=346 bg_exc=2515 bg_inh=790
[trial 44/100] spikes=4  rate=4.00 Hz  time=22.45s
[trial 45/100] input_spikes: pn_exc=1591 vip_inh_bio=347 bg_exc=2023 bg_inh=632
[trial 45/100] spikes=5  rate=5.00 Hz  time=21.80s
[trial 46/100] input_spikes: pn_exc=1642 vip_inh_bio=374 bg_exc=2492 bg_inh=777
[trial 46/100] spikes=2  rate=2.00 Hz  time=22.47s
[trial 47/100] input_spikes: pn_exc=1732 vip_inh_bio=382 bg_exc=2469 bg_inh=780
[trial 47/100] spikes=3  rate=3.00 Hz  time=22.36s
[trial 48/100] input_spikes: pn_exc=1654 vip_inh_bio=360 bg_exc=2222 bg_inh=704
[trial 48/100] spikes=4  rate=4.00 Hz  time=22.17s
[trial 49/100] input_spikes: pn_exc=1769 vip_inh_bio=375 bg_exc=2493 bg_inh=791
[trial 49/100] spikes=5  rate=5.00 Hz  time=22.34s
[trial 50/100] input_spikes: pn_exc=1735 vip_inh_bio=412 bg_exc=2526 bg_inh=802
[trial 50/100] spikes=8  rate=8.00 Hz  time=22.53s
[trial 51/100] input_spikes: pn_exc=1678 vip_inh_bio=315 bg_exc=2233 bg_inh=728
[trial 51/100] spikes=5  rate=5.00 Hz  time=22.16s
[trial 52/100] input_spikes: pn_exc=1682 vip_inh_bio=331 bg_exc=2393 bg_inh=720
[trial 52/100] spikes=5  rate=5.00 Hz  time=22.23s
[trial 53/100] input_spikes: pn_exc=1691 vip_inh_bio=369 bg_exc=2125 bg_inh=671
[trial 53/100] spikes=2  rate=2.00 Hz  time=22.06s
[trial 54/100] input_spikes: pn_exc=1598 vip_inh_bio=374 bg_exc=2291 bg_inh=707
[trial 54/100] spikes=6  rate=6.00 Hz  time=22.23s
[trial 55/100] input_spikes: pn_exc=1735 vip_inh_bio=399 bg_exc=2513 bg_inh=744
[trial 55/100] spikes=1  rate=1.00 Hz  time=22.47s
[trial 56/100] input_spikes: pn_exc=1701 vip_inh_bio=368 bg_exc=2493 bg_inh=730
[trial 56/100] spikes=6  rate=6.00 Hz  time=22.42s
[trial 57/100] input_spikes: pn_exc=1628 vip_inh_bio=362 bg_exc=2238 bg_inh=669
[trial 57/100] spikes=6  rate=6.00 Hz  time=22.10s
[trial 58/100] input_spikes: pn_exc=1690 vip_inh_bio=387 bg_exc=2397 bg_inh=783
[trial 58/100] spikes=5  rate=5.00 Hz  time=22.44s
[trial 59/100] input_spikes: pn_exc=1675 vip_inh_bio=374 bg_exc=2363 bg_inh=778
[trial 59/100] spikes=3  rate=3.00 Hz  time=22.33s
[trial 60/100] input_spikes: pn_exc=1573 vip_inh_bio=345 bg_exc=1923 bg_inh=615
[trial 60/100] spikes=7  rate=7.00 Hz  time=21.81s
[trial 61/100] input_spikes: pn_exc=1653 vip_inh_bio=358 bg_exc=2359 bg_inh=743
[trial 61/100] spikes=5  rate=5.00 Hz  time=22.46s
[trial 62/100] input_spikes: pn_exc=1744 vip_inh_bio=395 bg_exc=2457 bg_inh=796
[trial 62/100] spikes=1  rate=1.00 Hz  time=22.37s
[trial 63/100] input_spikes: pn_exc=1590 vip_inh_bio=379 bg_exc=2152 bg_inh=652
[trial 63/100] spikes=5  rate=5.00 Hz  time=22.66s
[trial 64/100] input_spikes: pn_exc=1785 vip_inh_bio=371 bg_exc=2441 bg_inh=771
[trial 64/100] spikes=2  rate=2.00 Hz  time=22.90s
[trial 65/100] input_spikes: pn_exc=1699 vip_inh_bio=358 bg_exc=2316 bg_inh=744
[trial 65/100] spikes=5  rate=5.00 Hz  time=23.22s
[trial 66/100] input_spikes: pn_exc=1576 vip_inh_bio=330 bg_exc=2063 bg_inh=679
[trial 66/100] spikes=5  rate=5.00 Hz  time=21.97s
[trial 67/100] input_spikes: pn_exc=1475 vip_inh_bio=345 bg_exc=1952 bg_inh=614
[trial 67/100] spikes=5  rate=5.00 Hz  time=21.85s
[trial 68/100] input_spikes: pn_exc=1668 vip_inh_bio=367 bg_exc=2298 bg_inh=758
[trial 68/100] spikes=2  rate=2.00 Hz  time=22.47s
[trial 69/100] input_spikes: pn_exc=1785 vip_inh_bio=374 bg_exc=2552 bg_inh=768
[trial 69/100] spikes=6  rate=6.00 Hz  time=22.41s
[trial 70/100] input_spikes: pn_exc=1764 vip_inh_bio=376 bg_exc=2438 bg_inh=762
[trial 70/100] spikes=4  rate=4.00 Hz  time=22.34s
[trial 71/100] input_spikes: pn_exc=1727 vip_inh_bio=375 bg_exc=2393 bg_inh=733
[trial 71/100] spikes=0  rate=0.00 Hz  time=22.30s
[trial 72/100] input_spikes: pn_exc=1662 vip_inh_bio=389 bg_exc=2306 bg_inh=747
[trial 72/100] spikes=6  rate=6.00 Hz  time=22.20s
[trial 73/100] input_spikes: pn_exc=1449 vip_inh_bio=312 bg_exc=949 bg_inh=281
[trial 73/100] spikes=1  rate=1.00 Hz  time=21.08s
[trial 74/100] input_spikes: pn_exc=1671 vip_inh_bio=379 bg_exc=2327 bg_inh=776
[trial 74/100] spikes=6  rate=6.00 Hz  time=22.39s
[trial 75/100] input_spikes: pn_exc=1637 vip_inh_bio=327 bg_exc=2179 bg_inh=647
[trial 75/100] spikes=3  rate=3.00 Hz  time=22.04s
[trial 76/100] input_spikes: pn_exc=1811 vip_inh_bio=425 bg_exc=2306 bg_inh=775
[trial 76/100] spikes=6  rate=6.00 Hz  time=22.34s
[trial 77/100] input_spikes: pn_exc=1524 vip_inh_bio=342 bg_exc=2060 bg_inh=671
[trial 77/100] spikes=3  rate=3.00 Hz  time=22.03s
[trial 78/100] input_spikes: pn_exc=1678 vip_inh_bio=381 bg_exc=2423 bg_inh=778
[trial 78/100] spikes=4  rate=4.00 Hz  time=22.48s
[trial 79/100] input_spikes: pn_exc=1666 vip_inh_bio=366 bg_exc=2475 bg_inh=725
[trial 79/100] spikes=4  rate=4.00 Hz  time=22.31s
[trial 80/100] input_spikes: pn_exc=1686 vip_inh_bio=376 bg_exc=2322 bg_inh=777
[trial 80/100] spikes=7  rate=7.00 Hz  time=22.31s
[trial 81/100] input_spikes: pn_exc=1772 vip_inh_bio=401 bg_exc=2471 bg_inh=799
[trial 81/100] spikes=5  rate=5.00 Hz  time=22.29s
[trial 82/100] input_spikes: pn_exc=1641 vip_inh_bio=354 bg_exc=2253 bg_inh=708
[trial 82/100] spikes=5  rate=5.00 Hz  time=22.19s
[trial 83/100] input_spikes: pn_exc=1743 vip_inh_bio=380 bg_exc=2370 bg_inh=745
[trial 83/100] spikes=8  rate=8.00 Hz  time=22.58s
[trial 84/100] input_spikes: pn_exc=1639 vip_inh_bio=393 bg_exc=2196 bg_inh=683
[trial 84/100] spikes=5  rate=5.00 Hz  time=22.21s
[trial 85/100] input_spikes: pn_exc=1641 vip_inh_bio=374 bg_exc=2180 bg_inh=714
[trial 85/100] spikes=3  rate=3.00 Hz  time=22.11s
[trial 86/100] input_spikes: pn_exc=1634 vip_inh_bio=360 bg_exc=2307 bg_inh=698
[trial 86/100] spikes=4  rate=4.00 Hz  time=22.25s
[trial 87/100] input_spikes: pn_exc=1678 vip_inh_bio=339 bg_exc=2128 bg_inh=680
[trial 87/100] spikes=5  rate=5.00 Hz  time=22.13s
[trial 88/100] input_spikes: pn_exc=1686 vip_inh_bio=385 bg_exc=2401 bg_inh=688
[trial 88/100] spikes=3  rate=3.00 Hz  time=22.36s
[trial 89/100] input_spikes: pn_exc=1732 vip_inh_bio=363 bg_exc=2455 bg_inh=781
[trial 89/100] spikes=3  rate=3.00 Hz  time=22.40s
[trial 90/100] input_spikes: pn_exc=1743 vip_inh_bio=377 bg_exc=2231 bg_inh=673
[trial 90/100] spikes=5  rate=5.00 Hz  time=22.21s
[trial 91/100] input_spikes: pn_exc=1673 vip_inh_bio=351 bg_exc=2343 bg_inh=745
[trial 91/100] spikes=6  rate=6.00 Hz  time=22.27s
[trial 92/100] input_spikes: pn_exc=1726 vip_inh_bio=398 bg_exc=2613 bg_inh=781
[trial 92/100] spikes=0  rate=0.00 Hz  time=22.57s
[trial 93/100] input_spikes: pn_exc=1739 vip_inh_bio=380 bg_exc=2350 bg_inh=820
[trial 93/100] spikes=8  rate=8.00 Hz  time=22.31s
[trial 94/100] input_spikes: pn_exc=1709 vip_inh_bio=373 bg_exc=2506 bg_inh=747
[trial 94/100] spikes=7  rate=7.00 Hz  time=22.52s
[trial 95/100] input_spikes: pn_exc=1721 vip_inh_bio=415 bg_exc=2408 bg_inh=778
[trial 95/100] spikes=1  rate=1.00 Hz  time=22.45s
[trial 96/100] input_spikes: pn_exc=1766 vip_inh_bio=395 bg_exc=2377 bg_inh=765
[trial 96/100] spikes=6  rate=6.00 Hz  time=22.43s
[trial 97/100] input_spikes: pn_exc=1686 vip_inh_bio=396 bg_exc=2393 bg_inh=756
[trial 97/100] spikes=3  rate=3.00 Hz  time=22.39s
[trial 98/100] input_spikes: pn_exc=1670 vip_inh_bio=422 bg_exc=2243 bg_inh=693
[trial 98/100] spikes=3  rate=3.00 Hz  time=22.17s
[trial 99/100] input_spikes: pn_exc=1759 vip_inh_bio=361 bg_exc=2440 bg_inh=722
[trial 99/100] spikes=6  rate=6.00 Hz  time=21.68s
[trial 100/100] input_spikes: pn_exc=1447 vip_inh_bio=330 bg_exc=1762 bg_inh=618
[trial 100/100] spikes=1  rate=1.00 Hz  time=20.74s
save_plots single_plot warning: Top input panel: group list empty, auto-using all groups (4).
Results saved to /home/hrbncv/SCP/cells/SST/tunes/seg_tuned_all/output_data/slurm_42203/parts/slurm_42203_2/run_manifest.json
Total runtime: 2225.24s
