Running: python /home/hrbncv/SCP/run_pipeline.py --tune-dir /home/hrbncv/SCP/cells/PV/tunes/seg_tuned --output-dir /home/hrbncv/SCP/cells/PV/tunes/seg_tuned/output_data/slurm_34963/parts --n-trials 40 --output-stem slurm_34963_19 --trial-offset 760 --force-save
Mechanisms already loaded; skipping duplicate load.
Loaded Allen cell for 'PV' from /home/hrbncv/SCP/cells/PV/tunes/seg_tuned/manifest.json, soma_diam_multiplier=6.0, Vinit=-71.0, loader=allensdk_default
Geometry defined for 'PV': 1 soma segs, 46 proximal dend segs, 41 distal dend segs, 97 total dend segs.
[trial 1/40] input_spikes: pn_exc=2775 bg_exc=877 bg_inh=227 sst_inh=409 pv_inh=1191
[trial 1/40] spikes=7  rate=7.00 Hz  time=27.29s
[trial 2/40] input_spikes: pn_exc=2618 bg_exc=752 bg_inh=187 sst_inh=367 pv_inh=1195
[trial 2/40] spikes=6  rate=6.00 Hz  time=27.17s
[trial 3/40] input_spikes: pn_exc=2622 bg_exc=735 bg_inh=178 sst_inh=368 pv_inh=1202
[trial 3/40] spikes=6  rate=6.00 Hz  time=27.13s
[trial 4/40] input_spikes: pn_exc=2871 bg_exc=901 bg_inh=211 sst_inh=356 pv_inh=1198
[trial 4/40] spikes=5  rate=5.00 Hz  time=27.18s
[trial 5/40] input_spikes: pn_exc=2817 bg_exc=844 bg_inh=198 sst_inh=385 pv_inh=1171
[trial 5/40] spikes=8  rate=8.00 Hz  time=27.07s
[trial 6/40] input_spikes: pn_exc=2819 bg_exc=823 bg_inh=227 sst_inh=376 pv_inh=1189
[trial 6/40] spikes=7  rate=7.00 Hz  time=27.09s
[trial 7/40] input_spikes: pn_exc=2691 bg_exc=748 bg_inh=177 sst_inh=353 pv_inh=1197
[trial 7/40] spikes=7  rate=7.00 Hz  time=27.18s
[trial 8/40] input_spikes: pn_exc=2788 bg_exc=881 bg_inh=245 sst_inh=380 pv_inh=1196
[trial 8/40] spikes=6  rate=6.00 Hz  time=27.33s
[trial 9/40] input_spikes: pn_exc=2823 bg_exc=832 bg_inh=208 sst_inh=378 pv_inh=1207
[trial 9/40] spikes=7  rate=7.00 Hz  time=27.19s
[trial 10/40] input_spikes: pn_exc=2615 bg_exc=808 bg_inh=197 sst_inh=379 pv_inh=1214
[trial 10/40] spikes=6  rate=6.00 Hz  time=27.21s
[trial 11/40] input_spikes: pn_exc=2666 bg_exc=807 bg_inh=214 sst_inh=384 pv_inh=1216
[trial 11/40] spikes=5  rate=5.00 Hz  time=27.16s
[trial 12/40] input_spikes: pn_exc=2840 bg_exc=800 bg_inh=212 sst_inh=359 pv_inh=1193
[trial 12/40] spikes=6  rate=6.00 Hz  time=27.10s
[trial 13/40] input_spikes: pn_exc=2834 bg_exc=836 bg_inh=213 sst_inh=366 pv_inh=1208
[trial 13/40] spikes=6  rate=6.00 Hz  time=31.68s
[trial 14/40] input_spikes: pn_exc=2509 bg_exc=698 bg_inh=184 sst_inh=387 pv_inh=1200
[trial 14/40] spikes=7  rate=7.00 Hz  time=32.81s
[trial 15/40] input_spikes: pn_exc=2691 bg_exc=755 bg_inh=193 sst_inh=402 pv_inh=1211
[trial 15/40] spikes=6  rate=6.00 Hz  time=32.37s
[trial 16/40] input_spikes: pn_exc=2737 bg_exc=842 bg_inh=210 sst_inh=370 pv_inh=1216
[trial 16/40] spikes=5  rate=5.00 Hz  time=32.33s
[trial 17/40] input_spikes: pn_exc=2638 bg_exc=780 bg_inh=210 sst_inh=386 pv_inh=1199
[trial 17/40] spikes=6  rate=6.00 Hz  time=32.55s
[trial 18/40] input_spikes: pn_exc=2652 bg_exc=801 bg_inh=206 sst_inh=382 pv_inh=1206
[trial 18/40] spikes=7  rate=7.00 Hz  time=32.20s
[trial 19/40] input_spikes: pn_exc=2912 bg_exc=846 bg_inh=219 sst_inh=381 pv_inh=1201
[trial 19/40] spikes=8  rate=8.00 Hz  time=32.47s
[trial 20/40] input_spikes: pn_exc=2781 bg_exc=826 bg_inh=192 sst_inh=370 pv_inh=1219
[trial 20/40] spikes=7  rate=7.00 Hz  time=32.39s
[trial 21/40] input_spikes: pn_exc=2725 bg_exc=843 bg_inh=181 sst_inh=363 pv_inh=1203
[trial 21/40] spikes=5  rate=5.00 Hz  time=32.13s
[trial 22/40] input_spikes: pn_exc=2697 bg_exc=818 bg_inh=198 sst_inh=384 pv_inh=1219
[trial 22/40] spikes=6  rate=6.00 Hz  time=32.37s
[trial 23/40] input_spikes: pn_exc=2771 bg_exc=877 bg_inh=210 sst_inh=373 pv_inh=1186
[trial 23/40] spikes=6  rate=6.00 Hz  time=31.73s
[trial 24/40] input_spikes: pn_exc=2700 bg_exc=754 bg_inh=204 sst_inh=379 pv_inh=1172
[trial 24/40] spikes=7  rate=7.00 Hz  time=28.41s
[trial 25/40] input_spikes: pn_exc=2782 bg_exc=873 bg_inh=182 sst_inh=391 pv_inh=1196
[trial 25/40] spikes=7  rate=7.00 Hz  time=27.25s
[trial 26/40] input_spikes: pn_exc=2399 bg_exc=494 bg_inh=127 sst_inh=367 pv_inh=1225
[trial 26/40] spikes=5  rate=5.00 Hz  time=27.17s
[trial 27/40] input_spikes: pn_exc=2344 bg_exc=575 bg_inh=135 sst_inh=377 pv_inh=1208
[trial 27/40] spikes=7  rate=7.00 Hz  time=27.13s
[trial 28/40] input_spikes: pn_exc=2741 bg_exc=801 bg_inh=207 sst_inh=372 pv_inh=1183
[trial 28/40] spikes=7  rate=7.00 Hz  time=27.29s
[trial 29/40] input_spikes: pn_exc=2680 bg_exc=731 bg_inh=205 sst_inh=382 pv_inh=1224
[trial 29/40] spikes=6  rate=6.00 Hz  time=27.41s
[trial 30/40] input_spikes: pn_exc=2811 bg_exc=909 bg_inh=214 sst_inh=374 pv_inh=1205
[trial 30/40] spikes=7  rate=7.00 Hz  time=27.19s
[trial 31/40] input_spikes: pn_exc=2753 bg_exc=921 bg_inh=213 sst_inh=393 pv_inh=1194
[trial 31/40] spikes=7  rate=7.00 Hz  time=27.27s
[trial 32/40] input_spikes: pn_exc=2782 bg_exc=888 bg_inh=217 sst_inh=385 pv_inh=1200
[trial 32/40] spikes=8  rate=8.00 Hz  time=27.18s
[trial 33/40] input_spikes: pn_exc=2888 bg_exc=877 bg_inh=195 sst_inh=364 pv_inh=1200
[trial 33/40] spikes=8  rate=8.00 Hz  time=27.07s
[trial 34/40] input_spikes: pn_exc=2769 bg_exc=871 bg_inh=205 sst_inh=356 pv_inh=1205
[trial 34/40] spikes=9  rate=9.00 Hz  time=26.64s
[trial 35/40] input_spikes: pn_exc=2888 bg_exc=839 bg_inh=194 sst_inh=364 pv_inh=1192
[trial 35/40] spikes=7  rate=7.00 Hz  time=26.97s
[trial 36/40] input_spikes: pn_exc=2591 bg_exc=726 bg_inh=185 sst_inh=382 pv_inh=1216
[trial 36/40] spikes=6  rate=6.00 Hz  time=26.65s
[trial 37/40] input_spikes: pn_exc=2811 bg_exc=896 bg_inh=231 sst_inh=369 pv_inh=1239
[trial 37/40] spikes=8  rate=8.00 Hz  time=26.63s
[trial 38/40] input_spikes: pn_exc=2697 bg_exc=833 bg_inh=197 sst_inh=358 pv_inh=1230
[trial 38/40] spikes=8  rate=8.00 Hz  time=26.55s
[trial 39/40] input_spikes: pn_exc=2887 bg_exc=863 bg_inh=200 sst_inh=392 pv_inh=1173
[trial 39/40] spikes=5  rate=5.00 Hz  time=26.61s
[trial 40/40] input_spikes: pn_exc=2739 bg_exc=827 bg_inh=224 sst_inh=363 pv_inh=1191
[trial 40/40] spikes=7  rate=7.00 Hz  time=26.55s
save_plots single_plot warning: Top input panel: group list empty, auto-using all groups (5).
Results saved to /home/hrbncv/SCP/cells/PV/tunes/seg_tuned/output_data/slurm_34963/parts/slurm_34963_19/run_manifest.json
Total runtime: 1142.76s
