Running: python /home/hrbncv/SCP/run_pipeline.py --tune-dir /home/hrbncv/SCP/cells/SST/tunes/seg_tuned_all --output-dir /home/hrbncv/SCP/cells/SST/tunes/seg_tuned_all/output_data/slurm_39858/parts --n-trials 20 --output-stem slurm_39858_45 --trial-offset 900 --force-save
Loaded mechanisms from /home/hrbncv/SCP/cells/SST/tunes/seg_tuned_all/modfiles/x86_64/.libs/libnrnmech.so
Loaded Allen cell for 'SST' from /home/hrbncv/SCP/cells/SST/tunes/seg_tuned_all/manifest.json, soma_diam_multiplier=10.0, Vinit=-65.0, loader=genome_fallback
Geometry defined for 'SST': 1 soma segs, 54 proximal dend segs, 52 distal dend segs, 115 total dend segs.
[trial 1/20] input_spikes: pn_exc=1632 vip_inh_bio=73 bg_exc=2283 bg_inh=676
[trial 1/20] spikes=7  rate=7.00 Hz  time=22.07s
[trial 2/20] input_spikes: pn_exc=1505 vip_inh_bio=60 bg_exc=1890 bg_inh=572
[trial 2/20] spikes=4  rate=4.00 Hz  time=21.58s
[trial 3/20] input_spikes: pn_exc=1705 vip_inh_bio=54 bg_exc=2359 bg_inh=709
[trial 3/20] spikes=4  rate=4.00 Hz  time=21.92s
[trial 4/20] input_spikes: pn_exc=1696 vip_inh_bio=57 bg_exc=2428 bg_inh=768
[trial 4/20] spikes=3  rate=3.00 Hz  time=21.96s
[trial 5/20] input_spikes: pn_exc=1540 vip_inh_bio=71 bg_exc=2003 bg_inh=590
[trial 5/20] spikes=2  rate=2.00 Hz  time=21.46s
[trial 6/20] input_spikes: pn_exc=1676 vip_inh_bio=63 bg_exc=2322 bg_inh=725
[trial 6/20] spikes=2  rate=2.00 Hz  time=21.88s
[trial 7/20] input_spikes: pn_exc=1735 vip_inh_bio=72 bg_exc=2442 bg_inh=771
[trial 7/20] spikes=6  rate=6.00 Hz  time=22.00s
[trial 8/20] input_spikes: pn_exc=1578 vip_inh_bio=77 bg_exc=1936 bg_inh=621
[trial 8/20] spikes=3  rate=3.00 Hz  time=21.28s
[trial 9/20] input_spikes: pn_exc=1637 vip_inh_bio=53 bg_exc=2363 bg_inh=736
[trial 9/20] spikes=4  rate=4.00 Hz  time=22.02s
[trial 10/20] input_spikes: pn_exc=1676 vip_inh_bio=57 bg_exc=2395 bg_inh=769
[trial 10/20] spikes=9  rate=9.00 Hz  time=21.91s
[trial 11/20] input_spikes: pn_exc=1601 vip_inh_bio=71 bg_exc=2209 bg_inh=704
[trial 11/20] spikes=3  rate=3.00 Hz  time=21.77s
[trial 12/20] input_spikes: pn_exc=1754 vip_inh_bio=69 bg_exc=2539 bg_inh=756
[trial 12/20] spikes=3  rate=3.00 Hz  time=22.23s
[trial 13/20] input_spikes: pn_exc=1769 vip_inh_bio=82 bg_exc=2350 bg_inh=714
[trial 13/20] spikes=2  rate=2.00 Hz  time=21.84s
[trial 14/20] input_spikes: pn_exc=1471 vip_inh_bio=53 bg_exc=1716 bg_inh=519
[trial 14/20] spikes=4  rate=4.00 Hz  time=21.01s
[trial 15/20] input_spikes: pn_exc=1614 vip_inh_bio=70 bg_exc=2120 bg_inh=659
[trial 15/20] spikes=3  rate=3.00 Hz  time=21.70s
[trial 16/20] input_spikes: pn_exc=1459 vip_inh_bio=60 bg_exc=774 bg_inh=247
[trial 16/20] spikes=2  rate=2.00 Hz  time=20.93s
[trial 17/20] input_spikes: pn_exc=1748 vip_inh_bio=56 bg_exc=2458 bg_inh=759
[trial 17/20] spikes=4  rate=4.00 Hz  time=22.35s
[trial 18/20] input_spikes: pn_exc=1613 vip_inh_bio=74 bg_exc=2161 bg_inh=650
[trial 18/20] spikes=1  rate=1.00 Hz  time=21.59s
[trial 19/20] input_spikes: pn_exc=1705 vip_inh_bio=70 bg_exc=2415 bg_inh=806
[trial 19/20] spikes=5  rate=5.00 Hz  time=22.38s
[trial 20/20] input_spikes: pn_exc=1648 vip_inh_bio=64 bg_exc=2310 bg_inh=719
[trial 20/20] spikes=3  rate=3.00 Hz  time=21.91s
save_plots single_plot warning: Top input panel: group list empty, auto-using all groups (4).
Results saved to /home/hrbncv/SCP/cells/SST/tunes/seg_tuned_all/output_data/slurm_39858/parts/slurm_39858_45/run_manifest.json
Total runtime: 437.61s
