Running: python /home/hrbncv/SCP/run_pipeline.py --tune-dir /home/hrbncv/SCP/cells/PV/tunes/seg_tuned --output-dir /home/hrbncv/SCP/cells/PV/tunes/seg_tuned/output_data/slurm_32387/parts --n-trials 20 --output-stem slurm_32387_42 --trial-offset 840 --force-save
Mechanisms already loaded; skipping duplicate load.
Loaded Allen cell for 'PV' from /home/hrbncv/SCP/cells/PV/tunes/seg_tuned/manifest.json, soma_diam_multiplier=6.0, Vinit=-71.0, loader=allensdk_default
Geometry defined for 'PV': 1 soma segs, 46 proximal dend segs, 41 distal dend segs, 97 total dend segs.
[trial 1/20] input_spikes: pn_exc=2862 bg_exc=840 bg_inh=211
[trial 1/20] spikes=13  rate=13.00 Hz  time=29.19s
[trial 2/20] input_spikes: pn_exc=2842 bg_exc=853 bg_inh=198
[trial 2/20] spikes=12  rate=12.00 Hz  time=29.51s
[trial 3/20] input_spikes: pn_exc=2755 bg_exc=855 bg_inh=201
[trial 3/20] spikes=12  rate=12.00 Hz  time=28.28s
[trial 4/20] input_spikes: pn_exc=2798 bg_exc=813 bg_inh=209
[trial 4/20] spikes=13  rate=13.00 Hz  time=28.51s
[trial 5/20] input_spikes: pn_exc=2764 bg_exc=832 bg_inh=199
[trial 5/20] spikes=12  rate=12.00 Hz  time=28.54s
[trial 6/20] input_spikes: pn_exc=2679 bg_exc=817 bg_inh=171
[trial 6/20] spikes=14  rate=14.00 Hz  time=28.22s
[trial 7/20] input_spikes: pn_exc=2593 bg_exc=740 bg_inh=182
[trial 7/20] spikes=10  rate=10.00 Hz  time=28.43s
[trial 8/20] input_spikes: pn_exc=2654 bg_exc=781 bg_inh=178
[trial 8/20] spikes=12  rate=12.00 Hz  time=28.49s
[trial 9/20] input_spikes: pn_exc=2739 bg_exc=804 bg_inh=195
[trial 9/20] spikes=11  rate=11.00 Hz  time=28.00s
[trial 10/20] input_spikes: pn_exc=2850 bg_exc=827 bg_inh=195
[trial 10/20] spikes=14  rate=14.00 Hz  time=28.64s
[trial 11/20] input_spikes: pn_exc=2803 bg_exc=847 bg_inh=213
[trial 11/20] spikes=11  rate=11.00 Hz  time=28.59s
[trial 12/20] input_spikes: pn_exc=2863 bg_exc=844 bg_inh=211
[trial 12/20] spikes=13  rate=13.00 Hz  time=28.17s
[trial 13/20] input_spikes: pn_exc=2829 bg_exc=827 bg_inh=204
[trial 13/20] spikes=13  rate=13.00 Hz  time=28.85s
[trial 14/20] input_spikes: pn_exc=2698 bg_exc=781 bg_inh=209
[trial 14/20] spikes=12  rate=12.00 Hz  time=28.89s
[trial 15/20] input_spikes: pn_exc=2641 bg_exc=789 bg_inh=208
[trial 15/20] spikes=12  rate=12.00 Hz  time=28.45s
[trial 16/20] input_spikes: pn_exc=2637 bg_exc=758 bg_inh=168
[trial 16/20] spikes=11  rate=11.00 Hz  time=29.39s
[trial 17/20] input_spikes: pn_exc=2827 bg_exc=839 bg_inh=219
[trial 17/20] spikes=12  rate=12.00 Hz  time=28.96s
[trial 18/20] input_spikes: pn_exc=2532 bg_exc=716 bg_inh=159
[trial 18/20] spikes=12  rate=12.00 Hz  time=28.65s
[trial 19/20] input_spikes: pn_exc=2826 bg_exc=868 bg_inh=180
[trial 19/20] spikes=12  rate=12.00 Hz  time=29.25s
[trial 20/20] input_spikes: pn_exc=2590 bg_exc=767 bg_inh=194
[trial 20/20] spikes=11  rate=11.00 Hz  time=28.76s
save_plots single_plot warning: Top input panel: group list empty, auto-using all groups (3).
save_plots single_plot warning: Input raster panel: group list empty, auto-using all groups (3).
Results saved to /home/hrbncv/SCP/cells/PV/tunes/seg_tuned/output_data/slurm_32387/parts/slurm_32387_42/run_manifest.json
Total runtime: 694.02s
