Running: python /home/hrbncv/SCP/run_pipeline.py --tune-dir /home/hrbncv/SCP/cells/PV/tunes/seg_tuned --output-dir /home/hrbncv/SCP/cells/PV/tunes/seg_tuned/output_data/slurm_32387/parts --n-trials 20 --output-stem slurm_32387_43 --trial-offset 860 --force-save
Mechanisms already loaded; skipping duplicate load.
Loaded Allen cell for 'PV' from /home/hrbncv/SCP/cells/PV/tunes/seg_tuned/manifest.json, soma_diam_multiplier=6.0, Vinit=-71.0, loader=allensdk_default
Geometry defined for 'PV': 1 soma segs, 46 proximal dend segs, 41 distal dend segs, 97 total dend segs.
[trial 1/20] input_spikes: pn_exc=2832 bg_exc=886 bg_inh=205
[trial 1/20] spikes=13  rate=13.00 Hz  time=28.75s
[trial 2/20] input_spikes: pn_exc=2798 bg_exc=869 bg_inh=200
[trial 2/20] spikes=11  rate=11.00 Hz  time=28.51s
[trial 3/20] input_spikes: pn_exc=2785 bg_exc=832 bg_inh=187
[trial 3/20] spikes=12  rate=12.00 Hz  time=28.36s
[trial 4/20] input_spikes: pn_exc=2649 bg_exc=832 bg_inh=179
[trial 4/20] spikes=12  rate=12.00 Hz  time=28.44s
[trial 5/20] input_spikes: pn_exc=2264 bg_exc=636 bg_inh=155
[trial 5/20] spikes=11  rate=11.00 Hz  time=28.26s
[trial 6/20] input_spikes: pn_exc=2614 bg_exc=780 bg_inh=172
[trial 6/20] spikes=12  rate=12.00 Hz  time=28.46s
[trial 7/20] input_spikes: pn_exc=2528 bg_exc=701 bg_inh=159
[trial 7/20] spikes=13  rate=13.00 Hz  time=28.49s
[trial 8/20] input_spikes: pn_exc=2905 bg_exc=883 bg_inh=204
[trial 8/20] spikes=13  rate=13.00 Hz  time=28.42s
[trial 9/20] input_spikes: pn_exc=2716 bg_exc=903 bg_inh=205
[trial 9/20] spikes=13  rate=13.00 Hz  time=28.57s
[trial 10/20] input_spikes: pn_exc=2705 bg_exc=778 bg_inh=205
[trial 10/20] spikes=12  rate=12.00 Hz  time=28.32s
[trial 11/20] input_spikes: pn_exc=2713 bg_exc=825 bg_inh=189
[trial 11/20] spikes=13  rate=13.00 Hz  time=28.43s
[trial 12/20] input_spikes: pn_exc=2759 bg_exc=847 bg_inh=223
[trial 12/20] spikes=11  rate=11.00 Hz  time=28.46s
[trial 13/20] input_spikes: pn_exc=2882 bg_exc=813 bg_inh=207
[trial 13/20] spikes=11  rate=11.00 Hz  time=28.36s
[trial 14/20] input_spikes: pn_exc=2675 bg_exc=867 bg_inh=200
[trial 14/20] spikes=11  rate=11.00 Hz  time=28.51s
[trial 15/20] input_spikes: pn_exc=2704 bg_exc=779 bg_inh=184
[trial 15/20] spikes=13  rate=13.00 Hz  time=28.19s
[trial 16/20] input_spikes: pn_exc=2825 bg_exc=844 bg_inh=196
[trial 16/20] spikes=13  rate=13.00 Hz  time=28.38s
[trial 17/20] input_spikes: pn_exc=2698 bg_exc=808 bg_inh=207
[trial 17/20] spikes=12  rate=12.00 Hz  time=28.29s
[trial 18/20] input_spikes: pn_exc=2629 bg_exc=811 bg_inh=199
[trial 18/20] spikes=10  rate=10.00 Hz  time=28.40s
[trial 19/20] input_spikes: pn_exc=2746 bg_exc=831 bg_inh=174
[trial 19/20] spikes=12  rate=12.00 Hz  time=28.50s
[trial 20/20] input_spikes: pn_exc=2771 bg_exc=843 bg_inh=169
[trial 20/20] spikes=12  rate=12.00 Hz  time=28.25s
save_plots single_plot warning: Top input panel: group list empty, auto-using all groups (3).
save_plots single_plot warning: Input raster panel: group list empty, auto-using all groups (3).
Results saved to /home/hrbncv/SCP/cells/PV/tunes/seg_tuned/output_data/slurm_32387/parts/slurm_32387_43/run_manifest.json
Total runtime: 684.23s
