Running: python /home/hrbncv/SCP/run_pipeline.py --tune-dir /home/hrbncv/SCP/cells/SST/tunes/seg_tuned_all --output-dir /home/hrbncv/SCP/cells/SST/tunes/seg_tuned_all/output_data/slurm_35973/parts --n-trials 20 --output-stem slurm_35973_41 --trial-offset 820 --force-save
Loaded mechanisms from /home/hrbncv/SCP/cells/SST/tunes/seg_tuned_all/modfiles/x86_64/.libs/libnrnmech.so
Loaded Allen cell for 'SST' from /home/hrbncv/SCP/cells/SST/tunes/seg_tuned_all/manifest.json, soma_diam_multiplier=10.0, Vinit=-65.0, loader=genome_fallback
Geometry defined for 'SST': 1 soma segs, 54 proximal dend segs, 52 distal dend segs, 115 total dend segs.
[trial 1/20] input_spikes: pn_exc=1666 bg_exc=2474 bg_inh=784
[trial 1/20] spikes=2  rate=2.00 Hz  time=21.94s
[trial 2/20] input_spikes: pn_exc=1747 bg_exc=2453 bg_inh=807
[trial 2/20] spikes=2  rate=2.00 Hz  time=21.87s
[trial 3/20] input_spikes: pn_exc=1747 bg_exc=2335 bg_inh=776
[trial 3/20] spikes=3  rate=3.00 Hz  time=21.63s
[trial 4/20] input_spikes: pn_exc=1810 bg_exc=2462 bg_inh=790
[trial 4/20] spikes=5  rate=5.00 Hz  time=21.78s
[trial 5/20] input_spikes: pn_exc=1760 bg_exc=2493 bg_inh=804
[trial 5/20] spikes=3  rate=3.00 Hz  time=21.82s
[trial 6/20] input_spikes: pn_exc=1669 bg_exc=2242 bg_inh=707
[trial 6/20] spikes=2  rate=2.00 Hz  time=21.45s
[trial 7/20] input_spikes: pn_exc=1708 bg_exc=2454 bg_inh=746
[trial 7/20] spikes=3  rate=3.00 Hz  time=22.42s
[trial 8/20] input_spikes: pn_exc=1692 bg_exc=2321 bg_inh=731
[trial 8/20] spikes=6  rate=6.00 Hz  time=21.47s
[trial 9/20] input_spikes: pn_exc=1723 bg_exc=2347 bg_inh=674
[trial 9/20] spikes=7  rate=7.00 Hz  time=21.69s
[trial 10/20] input_spikes: pn_exc=1683 bg_exc=2301 bg_inh=722
[trial 10/20] spikes=5  rate=5.00 Hz  time=21.65s
[trial 11/20] input_spikes: pn_exc=1808 bg_exc=2502 bg_inh=793
[trial 11/20] spikes=5  rate=5.00 Hz  time=21.86s
[trial 12/20] input_spikes: pn_exc=1460 bg_exc=1633 bg_inh=535
[trial 12/20] spikes=3  rate=3.00 Hz  time=21.01s
[trial 13/20] input_spikes: pn_exc=1723 bg_exc=2386 bg_inh=747
[trial 13/20] spikes=9  rate=9.00 Hz  time=21.73s
[trial 14/20] input_spikes: pn_exc=1740 bg_exc=2431 bg_inh=728
[trial 14/20] spikes=5  rate=5.00 Hz  time=21.77s
[trial 15/20] input_spikes: pn_exc=1707 bg_exc=2289 bg_inh=752
[trial 15/20] spikes=7  rate=7.00 Hz  time=21.68s
[trial 16/20] input_spikes: pn_exc=1721 bg_exc=2439 bg_inh=801
[trial 16/20] spikes=3  rate=3.00 Hz  time=21.77s
[trial 17/20] input_spikes: pn_exc=1525 bg_exc=1870 bg_inh=609
[trial 17/20] spikes=4  rate=4.00 Hz  time=21.24s
[trial 18/20] input_spikes: pn_exc=1529 bg_exc=2093 bg_inh=644
[trial 18/20] spikes=5  rate=5.00 Hz  time=21.33s
[trial 19/20] input_spikes: pn_exc=1741 bg_exc=2369 bg_inh=767
[trial 19/20] spikes=7  rate=7.00 Hz  time=21.83s
[trial 20/20] input_spikes: pn_exc=1625 bg_exc=2318 bg_inh=736
[trial 20/20] spikes=4  rate=4.00 Hz  time=21.52s
Results saved to /home/hrbncv/SCP/cells/SST/tunes/seg_tuned_all/output_data/slurm_35973/parts/slurm_35973_41/run_manifest.json
Total runtime: 433.75s
