Running: /home/hrbncv/miniconda3/envs/BMTK-py311/bin/python /home/hrbncv/SCP/run_pipeline.py --tune-dir /home/hrbncv/SCP/cells/SST/tunes/seg_tuned_all --output-dir /home/hrbncv/SCP/cells/SST/tunes/seg_tuned_all/output_data/slurm_42203/parts --n-trials 100 --output-stem slurm_42203_17 --trial-offset 1700 --force-save
Loaded mechanisms from /home/hrbncv/SCP/cells/SST/tunes/seg_tuned_all/modfiles/x86_64/.libs/libnrnmech.so
Loaded Allen cell for 'SST' from /home/hrbncv/SCP/cells/SST/tunes/seg_tuned_all/manifest.json, soma_diam_multiplier=10.0, Vinit=-65.0, loader=genome_fallback
Geometry defined for 'SST': 1 soma segs, 54 proximal dend segs, 52 distal dend segs, 115 total dend segs.
[trial 1/100] input_spikes: pn_exc=1697 vip_inh_bio=381 bg_exc=2398 bg_inh=753
[trial 1/100] spikes=2  rate=2.00 Hz  time=22.58s
[trial 2/100] input_spikes: pn_exc=1478 vip_inh_bio=332 bg_exc=1798 bg_inh=563
[trial 2/100] spikes=3  rate=3.00 Hz  time=21.74s
[trial 3/100] input_spikes: pn_exc=1744 vip_inh_bio=369 bg_exc=2422 bg_inh=721
[trial 3/100] spikes=4  rate=4.00 Hz  time=22.33s
[trial 4/100] input_spikes: pn_exc=1742 vip_inh_bio=390 bg_exc=2478 bg_inh=813
[trial 4/100] spikes=6  rate=6.00 Hz  time=22.51s
[trial 5/100] input_spikes: pn_exc=1662 vip_inh_bio=383 bg_exc=2268 bg_inh=734
[trial 5/100] spikes=7  rate=7.00 Hz  time=22.28s
[trial 6/100] input_spikes: pn_exc=1669 vip_inh_bio=353 bg_exc=2302 bg_inh=727
[trial 6/100] spikes=4  rate=4.00 Hz  time=22.37s
[trial 7/100] input_spikes: pn_exc=1704 vip_inh_bio=389 bg_exc=2288 bg_inh=704
[trial 7/100] spikes=4  rate=4.00 Hz  time=22.22s
[trial 8/100] input_spikes: pn_exc=1550 vip_inh_bio=340 bg_exc=1883 bg_inh=578
[trial 8/100] spikes=3  rate=3.00 Hz  time=21.71s
[trial 9/100] input_spikes: pn_exc=1628 vip_inh_bio=317 bg_exc=2210 bg_inh=707
[trial 9/100] spikes=3  rate=3.00 Hz  time=22.36s
[trial 10/100] input_spikes: pn_exc=1693 vip_inh_bio=373 bg_exc=2424 bg_inh=749
[trial 10/100] spikes=3  rate=3.00 Hz  time=22.40s
[trial 11/100] input_spikes: pn_exc=1772 vip_inh_bio=349 bg_exc=2428 bg_inh=769
[trial 11/100] spikes=4  rate=4.00 Hz  time=22.29s
[trial 12/100] input_spikes: pn_exc=1654 vip_inh_bio=383 bg_exc=2309 bg_inh=715
[trial 12/100] spikes=4  rate=4.00 Hz  time=22.29s
[trial 13/100] input_spikes: pn_exc=1696 vip_inh_bio=386 bg_exc=2420 bg_inh=741
[trial 13/100] spikes=5  rate=5.00 Hz  time=22.28s
[trial 14/100] input_spikes: pn_exc=1694 vip_inh_bio=381 bg_exc=2499 bg_inh=786
[trial 14/100] spikes=6  rate=6.00 Hz  time=22.67s
[trial 15/100] input_spikes: pn_exc=1622 vip_inh_bio=385 bg_exc=2178 bg_inh=695
[trial 15/100] spikes=4  rate=4.00 Hz  time=22.14s
[trial 16/100] input_spikes: pn_exc=1699 vip_inh_bio=373 bg_exc=2360 bg_inh=751
[trial 16/100] spikes=4  rate=4.00 Hz  time=22.71s
[trial 17/100] input_spikes: pn_exc=1689 vip_inh_bio=372 bg_exc=2287 bg_inh=722
[trial 17/100] spikes=2  rate=2.00 Hz  time=22.33s
[trial 18/100] input_spikes: pn_exc=1545 vip_inh_bio=326 bg_exc=2185 bg_inh=705
[trial 18/100] spikes=5  rate=5.00 Hz  time=22.14s
[trial 19/100] input_spikes: pn_exc=1561 vip_inh_bio=338 bg_exc=2004 bg_inh=580
[trial 19/100] spikes=6  rate=6.00 Hz  time=21.90s
[trial 20/100] input_spikes: pn_exc=1749 vip_inh_bio=371 bg_exc=2522 bg_inh=790
[trial 20/100] spikes=4  rate=4.00 Hz  time=22.51s
[trial 21/100] input_spikes: pn_exc=1809 vip_inh_bio=382 bg_exc=2415 bg_inh=737
[trial 21/100] spikes=0  rate=0.00 Hz  time=22.73s
[trial 22/100] input_spikes: pn_exc=1689 vip_inh_bio=342 bg_exc=2215 bg_inh=698
[trial 22/100] spikes=2  rate=2.00 Hz  time=22.45s
[trial 23/100] input_spikes: pn_exc=1717 vip_inh_bio=392 bg_exc=2428 bg_inh=713
[trial 23/100] spikes=7  rate=7.00 Hz  time=22.57s
[trial 24/100] input_spikes: pn_exc=1651 vip_inh_bio=344 bg_exc=2176 bg_inh=722
[trial 24/100] spikes=3  rate=3.00 Hz  time=22.18s
[trial 25/100] input_spikes: pn_exc=1688 vip_inh_bio=414 bg_exc=2361 bg_inh=735
[trial 25/100] spikes=1  rate=1.00 Hz  time=22.52s
[trial 26/100] input_spikes: pn_exc=1586 vip_inh_bio=407 bg_exc=2313 bg_inh=713
[trial 26/100] spikes=2  rate=2.00 Hz  time=22.43s
[trial 27/100] input_spikes: pn_exc=1687 vip_inh_bio=366 bg_exc=2439 bg_inh=822
[trial 27/100] spikes=5  rate=5.00 Hz  time=22.58s
[trial 28/100] input_spikes: pn_exc=1715 vip_inh_bio=382 bg_exc=2473 bg_inh=837
[trial 28/100] spikes=7  rate=7.00 Hz  time=22.67s
[trial 29/100] input_spikes: pn_exc=1618 vip_inh_bio=339 bg_exc=2268 bg_inh=727
[trial 29/100] spikes=2  rate=2.00 Hz  time=22.29s
[trial 30/100] input_spikes: pn_exc=1791 vip_inh_bio=380 bg_exc=2426 bg_inh=759
[trial 30/100] spikes=5  rate=5.00 Hz  time=22.51s
[trial 31/100] input_spikes: pn_exc=1667 vip_inh_bio=364 bg_exc=2385 bg_inh=725
[trial 31/100] spikes=5  rate=5.00 Hz  time=22.40s
[trial 32/100] input_spikes: pn_exc=1722 vip_inh_bio=398 bg_exc=2410 bg_inh=742
[trial 32/100] spikes=6  rate=6.00 Hz  time=22.47s
[trial 33/100] input_spikes: pn_exc=1699 vip_inh_bio=359 bg_exc=2306 bg_inh=758
[trial 33/100] spikes=5  rate=5.00 Hz  time=22.46s
[trial 34/100] input_spikes: pn_exc=1696 vip_inh_bio=389 bg_exc=2416 bg_inh=723
[trial 34/100] spikes=2  rate=2.00 Hz  time=22.56s
[trial 35/100] input_spikes: pn_exc=1798 vip_inh_bio=361 bg_exc=2403 bg_inh=790
[trial 35/100] spikes=2  rate=2.00 Hz  time=22.96s
[trial 36/100] input_spikes: pn_exc=1741 vip_inh_bio=335 bg_exc=2334 bg_inh=732
[trial 36/100] spikes=2  rate=2.00 Hz  time=22.79s
[trial 37/100] input_spikes: pn_exc=1717 vip_inh_bio=403 bg_exc=2496 bg_inh=768
[trial 37/100] spikes=5  rate=5.00 Hz  time=22.95s
[trial 38/100] input_spikes: pn_exc=1677 vip_inh_bio=363 bg_exc=2385 bg_inh=778
[trial 38/100] spikes=4  rate=4.00 Hz  time=22.73s
[trial 39/100] input_spikes: pn_exc=1709 vip_inh_bio=388 bg_exc=2482 bg_inh=811
[trial 39/100] spikes=6  rate=6.00 Hz  time=22.87s
[trial 40/100] input_spikes: pn_exc=1510 vip_inh_bio=354 bg_exc=2021 bg_inh=629
[trial 40/100] spikes=1  rate=1.00 Hz  time=22.38s
[trial 41/100] input_spikes: pn_exc=1587 vip_inh_bio=358 bg_exc=1938 bg_inh=681
[trial 41/100] spikes=2  rate=2.00 Hz  time=22.13s
[trial 42/100] input_spikes: pn_exc=1525 vip_inh_bio=321 bg_exc=1964 bg_inh=576
[trial 42/100] spikes=4  rate=4.00 Hz  time=22.22s
[trial 43/100] input_spikes: pn_exc=1698 vip_inh_bio=353 bg_exc=2310 bg_inh=726
[trial 43/100] spikes=7  rate=7.00 Hz  time=22.60s
[trial 44/100] input_spikes: pn_exc=1595 vip_inh_bio=370 bg_exc=2053 bg_inh=705
[trial 44/100] spikes=3  rate=3.00 Hz  time=22.28s
[trial 45/100] input_spikes: pn_exc=1569 vip_inh_bio=341 bg_exc=1858 bg_inh=651
[trial 45/100] spikes=5  rate=5.00 Hz  time=22.08s
[trial 46/100] input_spikes: pn_exc=1719 vip_inh_bio=401 bg_exc=2488 bg_inh=744
[trial 46/100] spikes=2  rate=2.00 Hz  time=22.86s
[trial 47/100] input_spikes: pn_exc=1759 vip_inh_bio=378 bg_exc=2490 bg_inh=770
[trial 47/100] spikes=5  rate=5.00 Hz  time=22.64s
[trial 48/100] input_spikes: pn_exc=1792 vip_inh_bio=375 bg_exc=2336 bg_inh=717
[trial 48/100] spikes=4  rate=4.00 Hz  time=22.72s
[trial 49/100] input_spikes: pn_exc=1714 vip_inh_bio=395 bg_exc=2479 bg_inh=755
[trial 49/100] spikes=6  rate=6.00 Hz  time=22.60s
[trial 50/100] input_spikes: pn_exc=1643 vip_inh_bio=343 bg_exc=2417 bg_inh=756
[trial 50/100] spikes=7  rate=7.00 Hz  time=22.69s
[trial 51/100] input_spikes: pn_exc=1672 vip_inh_bio=396 bg_exc=2462 bg_inh=777
[trial 51/100] spikes=3  rate=3.00 Hz  time=22.64s
[trial 52/100] input_spikes: pn_exc=1715 vip_inh_bio=376 bg_exc=2332 bg_inh=718
[trial 52/100] spikes=3  rate=3.00 Hz  time=22.69s
[trial 53/100] input_spikes: pn_exc=1751 vip_inh_bio=380 bg_exc=2487 bg_inh=809
[trial 53/100] spikes=5  rate=5.00 Hz  time=22.97s
[trial 54/100] input_spikes: pn_exc=1580 vip_inh_bio=407 bg_exc=2476 bg_inh=734
[trial 54/100] spikes=7  rate=7.00 Hz  time=22.93s
[trial 55/100] input_spikes: pn_exc=1792 vip_inh_bio=404 bg_exc=2607 bg_inh=759
[trial 55/100] spikes=3  rate=3.00 Hz  time=22.81s
[trial 56/100] input_spikes: pn_exc=1574 vip_inh_bio=368 bg_exc=2113 bg_inh=639
[trial 56/100] spikes=2  rate=2.00 Hz  time=22.34s
[trial 57/100] input_spikes: pn_exc=1683 vip_inh_bio=349 bg_exc=2178 bg_inh=677
[trial 57/100] spikes=3  rate=3.00 Hz  time=22.50s
[trial 58/100] input_spikes: pn_exc=1713 vip_inh_bio=390 bg_exc=2470 bg_inh=787
[trial 58/100] spikes=7  rate=7.00 Hz  time=22.77s
[trial 59/100] input_spikes: pn_exc=1431 vip_inh_bio=285 bg_exc=1553 bg_inh=499
[trial 59/100] spikes=5  rate=5.00 Hz  time=21.67s
[trial 60/100] input_spikes: pn_exc=1698 vip_inh_bio=399 bg_exc=2362 bg_inh=786
[trial 60/100] spikes=3  rate=3.00 Hz  time=22.72s
[trial 61/100] input_spikes: pn_exc=1710 vip_inh_bio=392 bg_exc=2409 bg_inh=734
[trial 61/100] spikes=0  rate=0.00 Hz  time=22.62s
[trial 62/100] input_spikes: pn_exc=1637 vip_inh_bio=370 bg_exc=2116 bg_inh=640
[trial 62/100] spikes=3  rate=3.00 Hz  time=22.42s
[trial 63/100] input_spikes: pn_exc=1727 vip_inh_bio=370 bg_exc=2394 bg_inh=735
[trial 63/100] spikes=3  rate=3.00 Hz  time=23.14s
[trial 64/100] input_spikes: pn_exc=1659 vip_inh_bio=332 bg_exc=2294 bg_inh=798
[trial 64/100] spikes=4  rate=4.00 Hz  time=22.85s
[trial 65/100] input_spikes: pn_exc=1589 vip_inh_bio=389 bg_exc=2335 bg_inh=736
[trial 65/100] spikes=4  rate=4.00 Hz  time=22.75s
[trial 66/100] input_spikes: pn_exc=1676 vip_inh_bio=318 bg_exc=2170 bg_inh=678
[trial 66/100] spikes=6  rate=6.00 Hz  time=22.54s
[trial 67/100] input_spikes: pn_exc=1800 vip_inh_bio=373 bg_exc=2576 bg_inh=806
[trial 67/100] spikes=2  rate=2.00 Hz  time=22.81s
[trial 68/100] input_spikes: pn_exc=1699 vip_inh_bio=393 bg_exc=2475 bg_inh=740
[trial 68/100] spikes=8  rate=8.00 Hz  time=22.97s
[trial 69/100] input_spikes: pn_exc=1715 vip_inh_bio=391 bg_exc=2403 bg_inh=766
[trial 69/100] spikes=2  rate=2.00 Hz  time=22.88s
[trial 70/100] input_spikes: pn_exc=1757 vip_inh_bio=357 bg_exc=2550 bg_inh=767
[trial 70/100] spikes=7  rate=7.00 Hz  time=22.89s
[trial 71/100] input_spikes: pn_exc=1720 vip_inh_bio=388 bg_exc=2473 bg_inh=800
[trial 71/100] spikes=8  rate=8.00 Hz  time=22.80s
[trial 72/100] input_spikes: pn_exc=1728 vip_inh_bio=389 bg_exc=2361 bg_inh=787
[trial 72/100] spikes=6  rate=6.00 Hz  time=22.83s
[trial 73/100] input_spikes: pn_exc=1696 vip_inh_bio=413 bg_exc=2407 bg_inh=759
[trial 73/100] spikes=5  rate=5.00 Hz  time=22.54s
[trial 74/100] input_spikes: pn_exc=1761 vip_inh_bio=403 bg_exc=2385 bg_inh=750
[trial 74/100] spikes=5  rate=5.00 Hz  time=22.83s
[trial 75/100] input_spikes: pn_exc=1469 vip_inh_bio=326 bg_exc=1351 bg_inh=383
[trial 75/100] spikes=6  rate=6.00 Hz  time=21.60s
[trial 76/100] input_spikes: pn_exc=1512 vip_inh_bio=349 bg_exc=1802 bg_inh=577
[trial 76/100] spikes=1  rate=1.00 Hz  time=21.83s
[trial 77/100] input_spikes: pn_exc=1659 vip_inh_bio=386 bg_exc=2284 bg_inh=676
[trial 77/100] spikes=4  rate=4.00 Hz  time=22.48s
[trial 78/100] input_spikes: pn_exc=1590 vip_inh_bio=389 bg_exc=2375 bg_inh=737
[trial 78/100] spikes=5  rate=5.00 Hz  time=22.75s
[trial 79/100] input_spikes: pn_exc=1771 vip_inh_bio=384 bg_exc=2316 bg_inh=705
[trial 79/100] spikes=7  rate=7.00 Hz  time=22.61s
[trial 80/100] input_spikes: pn_exc=1765 vip_inh_bio=395 bg_exc=2430 bg_inh=792
[trial 80/100] spikes=6  rate=6.00 Hz  time=22.92s
[trial 81/100] input_spikes: pn_exc=1526 vip_inh_bio=364 bg_exc=1953 bg_inh=593
[trial 81/100] spikes=4  rate=4.00 Hz  time=22.09s
[trial 82/100] input_spikes: pn_exc=1649 vip_inh_bio=359 bg_exc=2308 bg_inh=704
[trial 82/100] spikes=2  rate=2.00 Hz  time=22.58s
[trial 83/100] input_spikes: pn_exc=1687 vip_inh_bio=413 bg_exc=2470 bg_inh=713
[trial 83/100] spikes=5  rate=5.00 Hz  time=22.70s
[trial 84/100] input_spikes: pn_exc=1505 vip_inh_bio=293 bg_exc=1594 bg_inh=490
[trial 84/100] spikes=6  rate=6.00 Hz  time=21.92s
[trial 85/100] input_spikes: pn_exc=1601 vip_inh_bio=370 bg_exc=2104 bg_inh=643
[trial 85/100] spikes=6  rate=6.00 Hz  time=22.38s
[trial 86/100] input_spikes: pn_exc=1584 vip_inh_bio=332 bg_exc=2155 bg_inh=674
[trial 86/100] spikes=4  rate=4.00 Hz  time=22.46s
[trial 87/100] input_spikes: pn_exc=1670 vip_inh_bio=375 bg_exc=2425 bg_inh=730
[trial 87/100] spikes=5  rate=5.00 Hz  time=22.70s
[trial 88/100] input_spikes: pn_exc=1621 vip_inh_bio=380 bg_exc=2230 bg_inh=688
[trial 88/100] spikes=3  rate=3.00 Hz  time=22.44s
[trial 89/100] input_spikes: pn_exc=1718 vip_inh_bio=365 bg_exc=2432 bg_inh=829
[trial 89/100] spikes=4  rate=4.00 Hz  time=22.84s
[trial 90/100] input_spikes: pn_exc=1630 vip_inh_bio=356 bg_exc=2204 bg_inh=645
[trial 90/100] spikes=4  rate=4.00 Hz  time=22.47s
[trial 91/100] input_spikes: pn_exc=1710 vip_inh_bio=349 bg_exc=2443 bg_inh=733
[trial 91/100] spikes=7  rate=7.00 Hz  time=22.67s
[trial 92/100] input_spikes: pn_exc=1592 vip_inh_bio=360 bg_exc=2215 bg_inh=685
[trial 92/100] spikes=5  rate=5.00 Hz  time=22.33s
[trial 93/100] input_spikes: pn_exc=1591 vip_inh_bio=340 bg_exc=2026 bg_inh=580
[trial 93/100] spikes=3  rate=3.00 Hz  time=22.52s
[trial 94/100] input_spikes: pn_exc=1660 vip_inh_bio=350 bg_exc=2157 bg_inh=630
[trial 94/100] spikes=3  rate=3.00 Hz  time=22.42s
[trial 95/100] input_spikes: pn_exc=1744 vip_inh_bio=371 bg_exc=2456 bg_inh=755
[trial 95/100] spikes=4  rate=4.00 Hz  time=22.84s
[trial 96/100] input_spikes: pn_exc=1747 vip_inh_bio=344 bg_exc=2450 bg_inh=812
[trial 96/100] spikes=2  rate=2.00 Hz  time=22.58s
[trial 97/100] input_spikes: pn_exc=1454 vip_inh_bio=306 bg_exc=1295 bg_inh=385
[trial 97/100] spikes=5  rate=5.00 Hz  time=21.33s
[trial 98/100] input_spikes: pn_exc=1684 vip_inh_bio=376 bg_exc=2260 bg_inh=735
[trial 98/100] spikes=7  rate=7.00 Hz  time=21.96s
[trial 99/100] input_spikes: pn_exc=1722 vip_inh_bio=350 bg_exc=2484 bg_inh=750
[trial 99/100] spikes=4  rate=4.00 Hz  time=21.41s
[trial 100/100] input_spikes: pn_exc=1696 vip_inh_bio=366 bg_exc=2448 bg_inh=734
[trial 100/100] spikes=5  rate=5.00 Hz  time=20.90s
save_plots single_plot warning: Top input panel: group list empty, auto-using all groups (4).
Results saved to /home/hrbncv/SCP/cells/SST/tunes/seg_tuned_all/output_data/slurm_42203/parts/slurm_42203_17/run_manifest.json
Total runtime: 2249.12s
