Running: /home/hrbncv/miniconda3/envs/BMTK-py311/bin/python /home/hrbncv/SCP/run_pipeline.py --tune-dir /home/hrbncv/SCP/cells/SST/tunes/seg_tuned_all --output-dir /home/hrbncv/SCP/cells/SST/tunes/seg_tuned_all/output_data/slurm_45349/parts --n-trials 20 --output-stem slurm_45349_29 --trial-offset 580 --force-save
Loaded mechanisms from /home/hrbncv/SCP/cells/SST/tunes/seg_tuned_all/modfiles/x86_64/.libs/libnrnmech.so
Loaded Allen cell for 'SST' from /home/hrbncv/SCP/cells/SST/tunes/seg_tuned_all/manifest.json, soma_diam_multiplier=10.0, Vinit=-65.0, loader=genome_fallback
Geometry defined for 'SST': 1 soma segs, 54 proximal dend segs, 52 distal dend segs, 115 total dend segs.
[trial 1/20] input_spikes: pn_exc=1692 bg_exc=2416 bg_inh=791
[trial 1/20] spikes=14  rate=14.00 Hz  time=23.12s
[trial 2/20] input_spikes: pn_exc=1641 bg_exc=2454 bg_inh=758
[trial 2/20] spikes=13  rate=13.00 Hz  time=23.78s
[trial 3/20] input_spikes: pn_exc=1696 bg_exc=2428 bg_inh=696
[trial 3/20] spikes=13  rate=13.00 Hz  time=22.98s
[trial 4/20] input_spikes: pn_exc=1670 bg_exc=2225 bg_inh=713
[trial 4/20] spikes=13  rate=13.00 Hz  time=23.42s
[trial 5/20] input_spikes: pn_exc=1768 bg_exc=2403 bg_inh=787
[trial 5/20] spikes=14  rate=14.00 Hz  time=23.40s
[trial 6/20] input_spikes: pn_exc=1546 bg_exc=1990 bg_inh=652
[trial 6/20] spikes=14  rate=14.00 Hz  time=22.87s
[trial 7/20] input_spikes: pn_exc=1746 bg_exc=2491 bg_inh=780
[trial 7/20] spikes=10  rate=10.00 Hz  time=23.59s
[trial 8/20] input_spikes: pn_exc=1731 bg_exc=2420 bg_inh=815
[trial 8/20] spikes=14  rate=14.00 Hz  time=23.83s
[trial 9/20] input_spikes: pn_exc=1720 bg_exc=2370 bg_inh=786
[trial 9/20] spikes=17  rate=17.00 Hz  time=23.36s
[trial 10/20] input_spikes: pn_exc=1705 bg_exc=2390 bg_inh=703
[trial 10/20] spikes=14  rate=14.00 Hz  time=23.45s
[trial 11/20] input_spikes: pn_exc=1732 bg_exc=2442 bg_inh=742
[trial 11/20] spikes=14  rate=14.00 Hz  time=23.48s
[trial 12/20] input_spikes: pn_exc=1739 bg_exc=2362 bg_inh=774
[trial 12/20] spikes=10  rate=10.00 Hz  time=23.78s
[trial 13/20] input_spikes: pn_exc=1574 bg_exc=1933 bg_inh=608
[trial 13/20] spikes=15  rate=15.00 Hz  time=22.95s
[trial 14/20] input_spikes: pn_exc=1745 bg_exc=2483 bg_inh=760
[trial 14/20] spikes=14  rate=14.00 Hz  time=23.72s
[trial 15/20] input_spikes: pn_exc=1752 bg_exc=2409 bg_inh=765
[trial 15/20] spikes=12  rate=12.00 Hz  time=23.53s
[trial 16/20] input_spikes: pn_exc=1722 bg_exc=2440 bg_inh=750
[trial 16/20] spikes=15  rate=15.00 Hz  time=23.92s
[trial 17/20] input_spikes: pn_exc=1688 bg_exc=2261 bg_inh=706
[trial 17/20] spikes=12  rate=12.00 Hz  time=23.18s
[trial 18/20] input_spikes: pn_exc=1686 bg_exc=2342 bg_inh=714
[trial 18/20] spikes=11  rate=11.00 Hz  time=23.65s
[trial 19/20] input_spikes: pn_exc=1740 bg_exc=2313 bg_inh=726
[trial 19/20] spikes=12  rate=12.00 Hz  time=22.36s
[trial 20/20] input_spikes: pn_exc=1697 bg_exc=2320 bg_inh=801
[trial 20/20] spikes=11  rate=11.00 Hz  time=20.56s
save_plots single_plot warning: Top input panel: group list empty, auto-using all groups (3).
Results saved to /home/hrbncv/SCP/cells/SST/tunes/seg_tuned_all/output_data/slurm_45349/parts/slurm_45349_29/run_manifest.json
Total runtime: 466.16s
