Running: /home/hrbncv/miniconda3/envs/BMTK-py311/bin/python /home/hrbncv/SCP/run_pipeline.py --tune-dir /home/hrbncv/SCP/cells/SST/tunes/seg_tuned --output-dir /home/hrbncv/SCP/cells/SST/tunes/seg_tuned/output_data/slurm_45349/parts --n-trials 20 --output-stem slurm_45349_38 --trial-offset 760 --force-save
Loaded mechanisms from /home/hrbncv/SCP/cells/SST/tunes/seg_tuned/modfiles/x86_64/.libs/libnrnmech.so
Loaded Allen cell for 'SST' from /home/hrbncv/SCP/cells/SST/tunes/seg_tuned/manifest.json, soma_diam_multiplier=10.0, Vinit=-65.0, loader=genome_fallback
Geometry defined for 'SST': 1 soma segs, 54 proximal dend segs, 52 distal dend segs, 115 total dend segs.
[trial 1/20] input_spikes: pn_exc=1612 bg_exc=2261 bg_inh=707
[trial 1/20] spikes=15  rate=15.00 Hz  time=21.59s
[trial 2/20] input_spikes: pn_exc=1666 bg_exc=2350 bg_inh=684
[trial 2/20] spikes=13  rate=13.00 Hz  time=21.61s
[trial 3/20] input_spikes: pn_exc=1735 bg_exc=2407 bg_inh=795
[trial 3/20] spikes=12  rate=12.00 Hz  time=21.68s
[trial 4/20] input_spikes: pn_exc=1758 bg_exc=2605 bg_inh=747
[trial 4/20] spikes=12  rate=12.00 Hz  time=21.73s
[trial 5/20] input_spikes: pn_exc=1701 bg_exc=2429 bg_inh=790
[trial 5/20] spikes=15  rate=15.00 Hz  time=21.66s
[trial 6/20] input_spikes: pn_exc=1700 bg_exc=2409 bg_inh=813
[trial 6/20] spikes=14  rate=14.00 Hz  time=21.65s
[trial 7/20] input_spikes: pn_exc=1654 bg_exc=2300 bg_inh=706
[trial 7/20] spikes=12  rate=12.00 Hz  time=21.58s
[trial 8/20] input_spikes: pn_exc=1588 bg_exc=1994 bg_inh=675
[trial 8/20] spikes=14  rate=14.00 Hz  time=21.23s
[trial 9/20] input_spikes: pn_exc=1451 bg_exc=1137 bg_inh=349
[trial 9/20] spikes=13  rate=13.00 Hz  time=20.59s
[trial 10/20] input_spikes: pn_exc=1639 bg_exc=2289 bg_inh=744
[trial 10/20] spikes=14  rate=14.00 Hz  time=21.43s
[trial 11/20] input_spikes: pn_exc=1699 bg_exc=2336 bg_inh=750
[trial 11/20] spikes=11  rate=11.00 Hz  time=21.64s
[trial 12/20] input_spikes: pn_exc=1523 bg_exc=2112 bg_inh=590
[trial 12/20] spikes=12  rate=12.00 Hz  time=21.15s
[trial 13/20] input_spikes: pn_exc=1695 bg_exc=2479 bg_inh=776
[trial 13/20] spikes=14  rate=14.00 Hz  time=21.78s
[trial 14/20] input_spikes: pn_exc=1702 bg_exc=2478 bg_inh=730
[trial 14/20] spikes=18  rate=18.00 Hz  time=21.63s
[trial 15/20] input_spikes: pn_exc=1763 bg_exc=2615 bg_inh=797
[trial 15/20] spikes=11  rate=11.00 Hz  time=21.80s
[trial 16/20] input_spikes: pn_exc=1505 bg_exc=1878 bg_inh=583
[trial 16/20] spikes=13  rate=13.00 Hz  time=21.01s
[trial 17/20] input_spikes: pn_exc=1717 bg_exc=2273 bg_inh=722
[trial 17/20] spikes=16  rate=16.00 Hz  time=21.58s
[trial 18/20] input_spikes: pn_exc=1585 bg_exc=2229 bg_inh=646
[trial 18/20] spikes=13  rate=13.00 Hz  time=21.41s
[trial 19/20] input_spikes: pn_exc=1473 bg_exc=1506 bg_inh=478
[trial 19/20] spikes=11  rate=11.00 Hz  time=20.79s
[trial 20/20] input_spikes: pn_exc=1724 bg_exc=2540 bg_inh=817
[trial 20/20] spikes=13  rate=13.00 Hz  time=21.82s
save_plots single_plot warning: Top input panel: group list empty, auto-using all groups (3).
Results saved to /home/hrbncv/SCP/cells/SST/tunes/seg_tuned/output_data/slurm_45349/parts/slurm_45349_38/run_manifest.json
Total runtime: 430.69s
