Running: python /home/hrbncv/SCP/run_pipeline.py --tune-dir /home/hrbncv/SCP/cells/PV/tunes/seg_tuned --output-dir /home/hrbncv/SCP/cells/PV/tunes/seg_tuned/output_data/slurm_34963/parts --n-trials 40 --output-stem slurm_34963_16 --trial-offset 640 --force-save
Mechanisms already loaded; skipping duplicate load.
Loaded Allen cell for 'PV' from /home/hrbncv/SCP/cells/PV/tunes/seg_tuned/manifest.json, soma_diam_multiplier=6.0, Vinit=-71.0, loader=allensdk_default
Geometry defined for 'PV': 1 soma segs, 46 proximal dend segs, 41 distal dend segs, 97 total dend segs.
[trial 1/40] input_spikes: pn_exc=2659 bg_exc=804 bg_inh=190 sst_inh=377 pv_inh=1195
[trial 1/40] spikes=5  rate=5.00 Hz  time=26.65s
[trial 2/40] input_spikes: pn_exc=2653 bg_exc=796 bg_inh=214 sst_inh=356 pv_inh=1192
[trial 2/40] spikes=6  rate=6.00 Hz  time=26.34s
[trial 3/40] input_spikes: pn_exc=2772 bg_exc=816 bg_inh=170 sst_inh=380 pv_inh=1203
[trial 3/40] spikes=5  rate=5.00 Hz  time=25.97s
[trial 4/40] input_spikes: pn_exc=2798 bg_exc=891 bg_inh=194 sst_inh=379 pv_inh=1205
[trial 4/40] spikes=6  rate=6.00 Hz  time=26.68s
[trial 5/40] input_spikes: pn_exc=2852 bg_exc=915 bg_inh=235 sst_inh=375 pv_inh=1183
[trial 5/40] spikes=7  rate=7.00 Hz  time=26.42s
[trial 6/40] input_spikes: pn_exc=2830 bg_exc=861 bg_inh=194 sst_inh=379 pv_inh=1198
[trial 6/40] spikes=7  rate=7.00 Hz  time=26.23s
[trial 7/40] input_spikes: pn_exc=2799 bg_exc=833 bg_inh=220 sst_inh=387 pv_inh=1188
[trial 7/40] spikes=7  rate=7.00 Hz  time=26.64s
[trial 8/40] input_spikes: pn_exc=2906 bg_exc=901 bg_inh=190 sst_inh=377 pv_inh=1186
[trial 8/40] spikes=8  rate=8.00 Hz  time=26.49s
[trial 9/40] input_spikes: pn_exc=2705 bg_exc=818 bg_inh=222 sst_inh=375 pv_inh=1195
[trial 9/40] spikes=7  rate=7.00 Hz  time=26.13s
[trial 10/40] input_spikes: pn_exc=2883 bg_exc=906 bg_inh=210 sst_inh=367 pv_inh=1206
[trial 10/40] spikes=7  rate=7.00 Hz  time=26.57s
[trial 11/40] input_spikes: pn_exc=2899 bg_exc=888 bg_inh=195 sst_inh=367 pv_inh=1191
[trial 11/40] spikes=8  rate=8.00 Hz  time=26.42s
[trial 12/40] input_spikes: pn_exc=2668 bg_exc=865 bg_inh=204 sst_inh=356 pv_inh=1199
[trial 12/40] spikes=7  rate=7.00 Hz  time=26.12s
[trial 13/40] input_spikes: pn_exc=2816 bg_exc=843 bg_inh=206 sst_inh=404 pv_inh=1190
[trial 13/40] spikes=8  rate=8.00 Hz  time=29.21s
[trial 14/40] input_spikes: pn_exc=2759 bg_exc=779 bg_inh=198 sst_inh=349 pv_inh=1190
[trial 14/40] spikes=6  rate=6.00 Hz  time=32.53s
[trial 15/40] input_spikes: pn_exc=2787 bg_exc=850 bg_inh=218 sst_inh=383 pv_inh=1184
[trial 15/40] spikes=8  rate=8.00 Hz  time=32.73s
[trial 16/40] input_spikes: pn_exc=2737 bg_exc=809 bg_inh=199 sst_inh=374 pv_inh=1228
[trial 16/40] spikes=8  rate=8.00 Hz  time=33.52s
[trial 17/40] input_spikes: pn_exc=2811 bg_exc=850 bg_inh=204 sst_inh=379 pv_inh=1184
[trial 17/40] spikes=6  rate=6.00 Hz  time=32.84s
[trial 18/40] input_spikes: pn_exc=2786 bg_exc=777 bg_inh=209 sst_inh=405 pv_inh=1203
[trial 18/40] spikes=6  rate=6.00 Hz  time=32.41s
[trial 19/40] input_spikes: pn_exc=2839 bg_exc=808 bg_inh=194 sst_inh=351 pv_inh=1198
[trial 19/40] spikes=7  rate=7.00 Hz  time=33.51s
[trial 20/40] input_spikes: pn_exc=2757 bg_exc=847 bg_inh=217 sst_inh=370 pv_inh=1211
[trial 20/40] spikes=4  rate=4.00 Hz  time=33.12s
[trial 21/40] input_spikes: pn_exc=2754 bg_exc=764 bg_inh=193 sst_inh=372 pv_inh=1198
[trial 21/40] spikes=5  rate=5.00 Hz  time=32.44s
[trial 22/40] input_spikes: pn_exc=2630 bg_exc=699 bg_inh=219 sst_inh=374 pv_inh=1202
[trial 22/40] spikes=5  rate=5.00 Hz  time=33.65s
[trial 23/40] input_spikes: pn_exc=2841 bg_exc=873 bg_inh=235 sst_inh=365 pv_inh=1190
[trial 23/40] spikes=8  rate=8.00 Hz  time=32.74s
[trial 24/40] input_spikes: pn_exc=2856 bg_exc=764 bg_inh=181 sst_inh=385 pv_inh=1184
[trial 24/40] spikes=7  rate=7.00 Hz  time=28.43s
[trial 25/40] input_spikes: pn_exc=2855 bg_exc=894 bg_inh=191 sst_inh=369 pv_inh=1191
[trial 25/40] spikes=7  rate=7.00 Hz  time=26.71s
[trial 26/40] input_spikes: pn_exc=2829 bg_exc=866 bg_inh=207 sst_inh=376 pv_inh=1211
[trial 26/40] spikes=6  rate=6.00 Hz  time=26.33s
[trial 27/40] input_spikes: pn_exc=2851 bg_exc=802 bg_inh=188 sst_inh=398 pv_inh=1180
[trial 27/40] spikes=7  rate=7.00 Hz  time=26.02s
[trial 28/40] input_spikes: pn_exc=2819 bg_exc=886 bg_inh=214 sst_inh=367 pv_inh=1216
[trial 28/40] spikes=7  rate=7.00 Hz  time=26.63s
[trial 29/40] input_spikes: pn_exc=2793 bg_exc=835 bg_inh=192 sst_inh=375 pv_inh=1198
[trial 29/40] spikes=6  rate=6.00 Hz  time=26.42s
[trial 30/40] input_spikes: pn_exc=2730 bg_exc=762 bg_inh=200 sst_inh=364 pv_inh=1198
[trial 30/40] spikes=6  rate=6.00 Hz  time=26.22s
[trial 31/40] input_spikes: pn_exc=2601 bg_exc=663 bg_inh=172 sst_inh=373 pv_inh=1173
[trial 31/40] spikes=4  rate=4.00 Hz  time=26.52s
[trial 32/40] input_spikes: pn_exc=2666 bg_exc=801 bg_inh=190 sst_inh=380 pv_inh=1192
[trial 32/40] spikes=6  rate=6.00 Hz  time=26.37s
[trial 33/40] input_spikes: pn_exc=2704 bg_exc=798 bg_inh=202 sst_inh=364 pv_inh=1191
[trial 33/40] spikes=6  rate=6.00 Hz  time=26.06s
[trial 34/40] input_spikes: pn_exc=2824 bg_exc=847 bg_inh=199 sst_inh=362 pv_inh=1183
[trial 34/40] spikes=7  rate=7.00 Hz  time=26.67s
[trial 35/40] input_spikes: pn_exc=2892 bg_exc=884 bg_inh=208 sst_inh=382 pv_inh=1195
[trial 35/40] spikes=7  rate=7.00 Hz  time=26.74s
[trial 36/40] input_spikes: pn_exc=2923 bg_exc=822 bg_inh=206 sst_inh=362 pv_inh=1192
[trial 36/40] spikes=8  rate=8.00 Hz  time=26.14s
[trial 37/40] input_spikes: pn_exc=2469 bg_exc=669 bg_inh=169 sst_inh=370 pv_inh=1200
[trial 37/40] spikes=6  rate=6.00 Hz  time=26.75s
[trial 38/40] input_spikes: pn_exc=2458 bg_exc=495 bg_inh=119 sst_inh=395 pv_inh=1216
[trial 38/40] spikes=5  rate=5.00 Hz  time=26.21s
[trial 39/40] input_spikes: pn_exc=2816 bg_exc=873 bg_inh=213 sst_inh=363 pv_inh=1185
[trial 39/40] spikes=6  rate=6.00 Hz  time=26.13s
[trial 40/40] input_spikes: pn_exc=2875 bg_exc=864 bg_inh=207 sst_inh=370 pv_inh=1183
[trial 40/40] spikes=8  rate=8.00 Hz  time=26.71s
save_plots single_plot warning: Top input panel: group list empty, auto-using all groups (5).
Results saved to /home/hrbncv/SCP/cells/PV/tunes/seg_tuned/output_data/slurm_34963/parts/slurm_34963_16/run_manifest.json
Total runtime: 1128.05s
