Running: python /home/hrbncv/SCP/run_pipeline.py --tune-dir /home/hrbncv/SCP/cells/PV/tunes/seg_tuned --output-dir /home/hrbncv/SCP/cells/PV/tunes/seg_tuned/output_data/slurm_34963/parts --n-trials 40 --output-stem slurm_34963_21 --trial-offset 840 --force-save
Mechanisms already loaded; skipping duplicate load.
Loaded Allen cell for 'PV' from /home/hrbncv/SCP/cells/PV/tunes/seg_tuned/manifest.json, soma_diam_multiplier=6.0, Vinit=-71.0, loader=allensdk_default
Geometry defined for 'PV': 1 soma segs, 46 proximal dend segs, 41 distal dend segs, 97 total dend segs.
[trial 1/40] input_spikes: pn_exc=2887 bg_exc=808 bg_inh=199 sst_inh=382 pv_inh=1174
[trial 1/40] spikes=6  rate=6.00 Hz  time=26.67s
[trial 2/40] input_spikes: pn_exc=2922 bg_exc=892 bg_inh=220 sst_inh=376 pv_inh=1231
[trial 2/40] spikes=6  rate=6.00 Hz  time=26.86s
[trial 3/40] input_spikes: pn_exc=2797 bg_exc=863 bg_inh=230 sst_inh=380 pv_inh=1215
[trial 3/40] spikes=7  rate=7.00 Hz  time=26.69s
[trial 4/40] input_spikes: pn_exc=2624 bg_exc=778 bg_inh=154 sst_inh=359 pv_inh=1203
[trial 4/40] spikes=7  rate=7.00 Hz  time=26.81s
[trial 5/40] input_spikes: pn_exc=2679 bg_exc=831 bg_inh=201 sst_inh=381 pv_inh=1195
[trial 5/40] spikes=7  rate=7.00 Hz  time=26.62s
[trial 6/40] input_spikes: pn_exc=2813 bg_exc=865 bg_inh=227 sst_inh=360 pv_inh=1200
[trial 6/40] spikes=6  rate=6.00 Hz  time=26.69s
[trial 7/40] input_spikes: pn_exc=2659 bg_exc=755 bg_inh=193 sst_inh=373 pv_inh=1203
[trial 7/40] spikes=7  rate=7.00 Hz  time=26.75s
[trial 8/40] input_spikes: pn_exc=2721 bg_exc=809 bg_inh=190 sst_inh=367 pv_inh=1221
[trial 8/40] spikes=6  rate=6.00 Hz  time=26.66s
[trial 9/40] input_spikes: pn_exc=2657 bg_exc=775 bg_inh=188 sst_inh=350 pv_inh=1195
[trial 9/40] spikes=6  rate=6.00 Hz  time=26.74s
[trial 10/40] input_spikes: pn_exc=2933 bg_exc=877 bg_inh=193 sst_inh=372 pv_inh=1203
[trial 10/40] spikes=7  rate=7.00 Hz  time=27.00s
[trial 11/40] input_spikes: pn_exc=2698 bg_exc=822 bg_inh=199 sst_inh=370 pv_inh=1210
[trial 11/40] spikes=6  rate=6.00 Hz  time=26.68s
[trial 12/40] input_spikes: pn_exc=2726 bg_exc=886 bg_inh=195 sst_inh=371 pv_inh=1207
[trial 12/40] spikes=6  rate=6.00 Hz  time=26.72s
[trial 13/40] input_spikes: pn_exc=2662 bg_exc=769 bg_inh=181 sst_inh=364 pv_inh=1202
[trial 13/40] spikes=6  rate=6.00 Hz  time=30.19s
[trial 14/40] input_spikes: pn_exc=2631 bg_exc=726 bg_inh=169 sst_inh=377 pv_inh=1244
[trial 14/40] spikes=7  rate=7.00 Hz  time=32.73s
[trial 15/40] input_spikes: pn_exc=2772 bg_exc=864 bg_inh=228 sst_inh=386 pv_inh=1220
[trial 15/40] spikes=6  rate=6.00 Hz  time=33.49s
[trial 16/40] input_spikes: pn_exc=2885 bg_exc=854 bg_inh=197 sst_inh=363 pv_inh=1205
[trial 16/40] spikes=7  rate=7.00 Hz  time=32.79s
[trial 17/40] input_spikes: pn_exc=2901 bg_exc=867 bg_inh=200 sst_inh=363 pv_inh=1172
[trial 17/40] spikes=7  rate=7.00 Hz  time=33.09s
[trial 18/40] input_spikes: pn_exc=2814 bg_exc=791 bg_inh=197 sst_inh=369 pv_inh=1183
[trial 18/40] spikes=8  rate=8.00 Hz  time=32.53s
[trial 19/40] input_spikes: pn_exc=2840 bg_exc=857 bg_inh=228 sst_inh=369 pv_inh=1199
[trial 19/40] spikes=6  rate=6.00 Hz  time=32.72s
[trial 20/40] input_spikes: pn_exc=2553 bg_exc=769 bg_inh=191 sst_inh=371 pv_inh=1208
[trial 20/40] spikes=5  rate=5.00 Hz  time=32.68s
[trial 21/40] input_spikes: pn_exc=2676 bg_exc=891 bg_inh=193 sst_inh=373 pv_inh=1205
[trial 21/40] spikes=6  rate=6.00 Hz  time=33.13s
[trial 22/40] input_spikes: pn_exc=2748 bg_exc=781 bg_inh=199 sst_inh=370 pv_inh=1207
[trial 22/40] spikes=5  rate=5.00 Hz  time=32.66s
[trial 23/40] input_spikes: pn_exc=2692 bg_exc=751 bg_inh=200 sst_inh=381 pv_inh=1182
[trial 23/40] spikes=7  rate=7.00 Hz  time=32.41s
[trial 24/40] input_spikes: pn_exc=2437 bg_exc=582 bg_inh=166 sst_inh=376 pv_inh=1186
[trial 24/40] spikes=5  rate=5.00 Hz  time=28.59s
[trial 25/40] input_spikes: pn_exc=2783 bg_exc=845 bg_inh=213 sst_inh=349 pv_inh=1211
[trial 25/40] spikes=8  rate=8.00 Hz  time=26.56s
[trial 26/40] input_spikes: pn_exc=2373 bg_exc=672 bg_inh=152 sst_inh=362 pv_inh=1202
[trial 26/40] spikes=7  rate=7.00 Hz  time=26.61s
[trial 27/40] input_spikes: pn_exc=2736 bg_exc=804 bg_inh=222 sst_inh=365 pv_inh=1184
[trial 27/40] spikes=5  rate=5.00 Hz  time=26.61s
[trial 28/40] input_spikes: pn_exc=2558 bg_exc=845 bg_inh=206 sst_inh=354 pv_inh=1201
[trial 28/40] spikes=6  rate=6.00 Hz  time=26.72s
[trial 29/40] input_spikes: pn_exc=2896 bg_exc=876 bg_inh=234 sst_inh=382 pv_inh=1202
[trial 29/40] spikes=4  rate=4.00 Hz  time=27.02s
[trial 30/40] input_spikes: pn_exc=2791 bg_exc=864 bg_inh=210 sst_inh=372 pv_inh=1199
[trial 30/40] spikes=7  rate=7.00 Hz  time=26.90s
[trial 31/40] input_spikes: pn_exc=2627 bg_exc=702 bg_inh=184 sst_inh=354 pv_inh=1185
[trial 31/40] spikes=6  rate=6.00 Hz  time=26.84s
[trial 32/40] input_spikes: pn_exc=2778 bg_exc=876 bg_inh=208 sst_inh=376 pv_inh=1215
[trial 32/40] spikes=6  rate=6.00 Hz  time=26.75s
[trial 33/40] input_spikes: pn_exc=2745 bg_exc=830 bg_inh=213 sst_inh=374 pv_inh=1203
[trial 33/40] spikes=7  rate=7.00 Hz  time=26.66s
[trial 34/40] input_spikes: pn_exc=2772 bg_exc=910 bg_inh=210 sst_inh=377 pv_inh=1201
[trial 34/40] spikes=6  rate=6.00 Hz  time=26.89s
[trial 35/40] input_spikes: pn_exc=2880 bg_exc=847 bg_inh=227 sst_inh=394 pv_inh=1204
[trial 35/40] spikes=7  rate=7.00 Hz  time=27.15s
[trial 36/40] input_spikes: pn_exc=2673 bg_exc=802 bg_inh=201 sst_inh=366 pv_inh=1197
[trial 36/40] spikes=7  rate=7.00 Hz  time=26.75s
[trial 37/40] input_spikes: pn_exc=2793 bg_exc=811 bg_inh=181 sst_inh=349 pv_inh=1203
[trial 37/40] spikes=7  rate=7.00 Hz  time=26.67s
[trial 38/40] input_spikes: pn_exc=2835 bg_exc=920 bg_inh=211 sst_inh=378 pv_inh=1228
[trial 38/40] spikes=9  rate=9.00 Hz  time=26.58s
[trial 39/40] input_spikes: pn_exc=2565 bg_exc=743 bg_inh=174 sst_inh=397 pv_inh=1179
[trial 39/40] spikes=7  rate=7.00 Hz  time=26.53s
[trial 40/40] input_spikes: pn_exc=2649 bg_exc=850 bg_inh=195 sst_inh=372 pv_inh=1212
[trial 40/40] spikes=6  rate=6.00 Hz  time=26.67s
save_plots single_plot warning: Top input panel: group list empty, auto-using all groups (5).
Results saved to /home/hrbncv/SCP/cells/PV/tunes/seg_tuned/output_data/slurm_34963/parts/slurm_34963_21/run_manifest.json
Total runtime: 1137.46s
