Running: python /home/hrbncv/SCP/run_pipeline.py --tune-dir /home/hrbncv/SCP/cells/SST/tunes/seg_tuned_all --output-dir /home/hrbncv/SCP/cells/SST/tunes/seg_tuned_all/output_data/slurm_39858/parts --n-trials 20 --output-stem slurm_39858_42 --trial-offset 840 --force-save
Loaded mechanisms from /home/hrbncv/SCP/cells/SST/tunes/seg_tuned_all/modfiles/x86_64/.libs/libnrnmech.so
Loaded Allen cell for 'SST' from /home/hrbncv/SCP/cells/SST/tunes/seg_tuned_all/manifest.json, soma_diam_multiplier=10.0, Vinit=-65.0, loader=genome_fallback
Geometry defined for 'SST': 1 soma segs, 54 proximal dend segs, 52 distal dend segs, 115 total dend segs.
[trial 1/20] input_spikes: pn_exc=1704 vip_inh_bio=60 bg_exc=2496 bg_inh=766
[trial 1/20] spikes=6  rate=6.00 Hz  time=22.97s
[trial 2/20] input_spikes: pn_exc=1606 vip_inh_bio=79 bg_exc=2326 bg_inh=718
[trial 2/20] spikes=1  rate=1.00 Hz  time=22.68s
[trial 3/20] input_spikes: pn_exc=1693 vip_inh_bio=65 bg_exc=2395 bg_inh=773
[trial 3/20] spikes=2  rate=2.00 Hz  time=22.82s
[trial 4/20] input_spikes: pn_exc=1738 vip_inh_bio=61 bg_exc=2371 bg_inh=780
[trial 4/20] spikes=6  rate=6.00 Hz  time=22.62s
[trial 5/20] input_spikes: pn_exc=1699 vip_inh_bio=61 bg_exc=2450 bg_inh=802
[trial 5/20] spikes=5  rate=5.00 Hz  time=22.91s
[trial 6/20] input_spikes: pn_exc=1572 vip_inh_bio=60 bg_exc=2074 bg_inh=714
[trial 6/20] spikes=2  rate=2.00 Hz  time=22.06s
[trial 7/20] input_spikes: pn_exc=1631 vip_inh_bio=75 bg_exc=2220 bg_inh=715
[trial 7/20] spikes=2  rate=2.00 Hz  time=22.16s
[trial 8/20] input_spikes: pn_exc=1489 vip_inh_bio=73 bg_exc=1587 bg_inh=529
[trial 8/20] spikes=4  rate=4.00 Hz  time=21.64s
[trial 9/20] input_spikes: pn_exc=1629 vip_inh_bio=71 bg_exc=2357 bg_inh=761
[trial 9/20] spikes=2  rate=2.00 Hz  time=22.64s
[trial 10/20] input_spikes: pn_exc=1691 vip_inh_bio=71 bg_exc=2473 bg_inh=738
[trial 10/20] spikes=3  rate=3.00 Hz  time=22.57s
[trial 11/20] input_spikes: pn_exc=1640 vip_inh_bio=62 bg_exc=2483 bg_inh=726
[trial 11/20] spikes=3  rate=3.00 Hz  time=22.73s
[trial 12/20] input_spikes: pn_exc=1449 vip_inh_bio=56 bg_exc=1574 bg_inh=499
[trial 12/20] spikes=2  rate=2.00 Hz  time=21.96s
[trial 13/20] input_spikes: pn_exc=1743 vip_inh_bio=77 bg_exc=2360 bg_inh=751
[trial 13/20] spikes=4  rate=4.00 Hz  time=22.83s
[trial 14/20] input_spikes: pn_exc=1720 vip_inh_bio=69 bg_exc=2504 bg_inh=803
[trial 14/20] spikes=5  rate=5.00 Hz  time=22.85s
[trial 15/20] input_spikes: pn_exc=1692 vip_inh_bio=56 bg_exc=2304 bg_inh=789
[trial 15/20] spikes=3  rate=3.00 Hz  time=22.89s
[trial 16/20] input_spikes: pn_exc=1673 vip_inh_bio=65 bg_exc=2481 bg_inh=699
[trial 16/20] spikes=3  rate=3.00 Hz  time=23.12s
[trial 17/20] input_spikes: pn_exc=1560 vip_inh_bio=61 bg_exc=2224 bg_inh=684
[trial 17/20] spikes=1  rate=1.00 Hz  time=22.14s
[trial 18/20] input_spikes: pn_exc=1676 vip_inh_bio=63 bg_exc=2448 bg_inh=728
[trial 18/20] spikes=6  rate=6.00 Hz  time=22.65s
[trial 19/20] input_spikes: pn_exc=1702 vip_inh_bio=65 bg_exc=2142 bg_inh=728
[trial 19/20] spikes=1  rate=1.00 Hz  time=22.08s
[trial 20/20] input_spikes: pn_exc=1476 vip_inh_bio=50 bg_exc=1293 bg_inh=418
[trial 20/20] spikes=4  rate=4.00 Hz  time=21.06s
save_plots single_plot warning: Top input panel: group list empty, auto-using all groups (4).
Results saved to /home/hrbncv/SCP/cells/SST/tunes/seg_tuned_all/output_data/slurm_39858/parts/slurm_39858_42/run_manifest.json
Total runtime: 450.68s
