Running: /home/hrbncv/miniconda3/envs/BMTK-py311/bin/python /home/hrbncv/SCP/run_pipeline.py --tune-dir /home/hrbncv/SCP/cells/SST/tunes/seg_tuned_all --output-dir /home/hrbncv/SCP/cells/SST/tunes/seg_tuned_all/output_data/slurm_42203/parts --n-trials 100 --output-stem slurm_42203_23 --trial-offset 2300 --force-save
Loaded mechanisms from /home/hrbncv/SCP/cells/SST/tunes/seg_tuned_all/modfiles/x86_64/.libs/libnrnmech.so
Loaded Allen cell for 'SST' from /home/hrbncv/SCP/cells/SST/tunes/seg_tuned_all/manifest.json, soma_diam_multiplier=10.0, Vinit=-65.0, loader=genome_fallback
Geometry defined for 'SST': 1 soma segs, 54 proximal dend segs, 52 distal dend segs, 115 total dend segs.
[trial 1/100] input_spikes: pn_exc=1718 vip_inh_bio=398 bg_exc=2479 bg_inh=816
[trial 1/100] spikes=3  rate=3.00 Hz  time=21.77s
[trial 2/100] input_spikes: pn_exc=1750 vip_inh_bio=354 bg_exc=2544 bg_inh=757
[trial 2/100] spikes=8  rate=8.00 Hz  time=21.65s
[trial 3/100] input_spikes: pn_exc=1589 vip_inh_bio=371 bg_exc=2357 bg_inh=728
[trial 3/100] spikes=1  rate=1.00 Hz  time=21.67s
[trial 4/100] input_spikes: pn_exc=1653 vip_inh_bio=368 bg_exc=2379 bg_inh=717
[trial 4/100] spikes=4  rate=4.00 Hz  time=21.74s
[trial 5/100] input_spikes: pn_exc=1742 vip_inh_bio=359 bg_exc=2458 bg_inh=775
[trial 5/100] spikes=5  rate=5.00 Hz  time=21.97s
[trial 6/100] input_spikes: pn_exc=1706 vip_inh_bio=361 bg_exc=2333 bg_inh=737
[trial 6/100] spikes=3  rate=3.00 Hz  time=21.78s
[trial 7/100] input_spikes: pn_exc=1733 vip_inh_bio=400 bg_exc=2450 bg_inh=749
[trial 7/100] spikes=7  rate=7.00 Hz  time=22.01s
[trial 8/100] input_spikes: pn_exc=1711 vip_inh_bio=354 bg_exc=2284 bg_inh=723
[trial 8/100] spikes=6  rate=6.00 Hz  time=21.87s
[trial 9/100] input_spikes: pn_exc=1528 vip_inh_bio=313 bg_exc=2123 bg_inh=676
[trial 9/100] spikes=5  rate=5.00 Hz  time=21.55s
[trial 10/100] input_spikes: pn_exc=1694 vip_inh_bio=358 bg_exc=2301 bg_inh=709
[trial 10/100] spikes=5  rate=5.00 Hz  time=21.72s
[trial 11/100] input_spikes: pn_exc=1682 vip_inh_bio=337 bg_exc=2348 bg_inh=741
[trial 11/100] spikes=6  rate=6.00 Hz  time=21.77s
[trial 12/100] input_spikes: pn_exc=1680 vip_inh_bio=348 bg_exc=2226 bg_inh=698
[trial 12/100] spikes=5  rate=5.00 Hz  time=21.78s
[trial 13/100] input_spikes: pn_exc=1675 vip_inh_bio=367 bg_exc=2070 bg_inh=707
[trial 13/100] spikes=5  rate=5.00 Hz  time=21.65s
[trial 14/100] input_spikes: pn_exc=1773 vip_inh_bio=332 bg_exc=2361 bg_inh=750
[trial 14/100] spikes=4  rate=4.00 Hz  time=21.90s
[trial 15/100] input_spikes: pn_exc=1684 vip_inh_bio=367 bg_exc=2304 bg_inh=749
[trial 15/100] spikes=3  rate=3.00 Hz  time=21.92s
[trial 16/100] input_spikes: pn_exc=1660 vip_inh_bio=358 bg_exc=2425 bg_inh=732
[trial 16/100] spikes=4  rate=4.00 Hz  time=21.92s
[trial 17/100] input_spikes: pn_exc=1709 vip_inh_bio=362 bg_exc=2261 bg_inh=778
[trial 17/100] spikes=1  rate=1.00 Hz  time=21.95s
[trial 18/100] input_spikes: pn_exc=1699 vip_inh_bio=322 bg_exc=2409 bg_inh=713
[trial 18/100] spikes=5  rate=5.00 Hz  time=21.99s
[trial 19/100] input_spikes: pn_exc=1704 vip_inh_bio=356 bg_exc=2424 bg_inh=814
[trial 19/100] spikes=2  rate=2.00 Hz  time=22.11s
[trial 20/100] input_spikes: pn_exc=1645 vip_inh_bio=344 bg_exc=2115 bg_inh=650
[trial 20/100] spikes=3  rate=3.00 Hz  time=21.61s
[trial 21/100] input_spikes: pn_exc=1646 vip_inh_bio=387 bg_exc=2268 bg_inh=727
[trial 21/100] spikes=3  rate=3.00 Hz  time=21.97s
[trial 22/100] input_spikes: pn_exc=1632 vip_inh_bio=325 bg_exc=2167 bg_inh=681
[trial 22/100] spikes=1  rate=1.00 Hz  time=21.89s
[trial 23/100] input_spikes: pn_exc=1839 vip_inh_bio=369 bg_exc=2449 bg_inh=762
[trial 23/100] spikes=6  rate=6.00 Hz  time=22.32s
[trial 24/100] input_spikes: pn_exc=1723 vip_inh_bio=373 bg_exc=2505 bg_inh=807
[trial 24/100] spikes=2  rate=2.00 Hz  time=22.22s
[trial 25/100] input_spikes: pn_exc=1727 vip_inh_bio=365 bg_exc=2509 bg_inh=779
[trial 25/100] spikes=5  rate=5.00 Hz  time=22.06s
[trial 26/100] input_spikes: pn_exc=1744 vip_inh_bio=375 bg_exc=2473 bg_inh=752
[trial 26/100] spikes=3  rate=3.00 Hz  time=22.08s
[trial 27/100] input_spikes: pn_exc=1682 vip_inh_bio=376 bg_exc=2288 bg_inh=726
[trial 27/100] spikes=3  rate=3.00 Hz  time=21.95s
[trial 28/100] input_spikes: pn_exc=1647 vip_inh_bio=390 bg_exc=2520 bg_inh=748
[trial 28/100] spikes=2  rate=2.00 Hz  time=22.14s
[trial 29/100] input_spikes: pn_exc=1738 vip_inh_bio=391 bg_exc=2536 bg_inh=777
[trial 29/100] spikes=6  rate=6.00 Hz  time=22.33s
[trial 30/100] input_spikes: pn_exc=1760 vip_inh_bio=405 bg_exc=2605 bg_inh=811
[trial 30/100] spikes=2  rate=2.00 Hz  time=22.21s
[trial 31/100] input_spikes: pn_exc=1722 vip_inh_bio=379 bg_exc=2419 bg_inh=732
[trial 31/100] spikes=6  rate=6.00 Hz  time=22.12s
[trial 32/100] input_spikes: pn_exc=1743 vip_inh_bio=384 bg_exc=2427 bg_inh=728
[trial 32/100] spikes=6  rate=6.00 Hz  time=22.04s
[trial 33/100] input_spikes: pn_exc=1736 vip_inh_bio=372 bg_exc=2402 bg_inh=738
[trial 33/100] spikes=3  rate=3.00 Hz  time=22.21s
[trial 34/100] input_spikes: pn_exc=1480 vip_inh_bio=338 bg_exc=1992 bg_inh=654
[trial 34/100] spikes=3  rate=3.00 Hz  time=21.62s
[trial 35/100] input_spikes: pn_exc=1536 vip_inh_bio=361 bg_exc=2073 bg_inh=675
[trial 35/100] spikes=3  rate=3.00 Hz  time=21.62s
[trial 36/100] input_spikes: pn_exc=1693 vip_inh_bio=379 bg_exc=2275 bg_inh=727
[trial 36/100] spikes=6  rate=6.00 Hz  time=22.39s
[trial 37/100] input_spikes: pn_exc=1767 vip_inh_bio=374 bg_exc=2438 bg_inh=782
[trial 37/100] spikes=5  rate=5.00 Hz  time=22.81s
[trial 38/100] input_spikes: pn_exc=1695 vip_inh_bio=377 bg_exc=2343 bg_inh=775
[trial 38/100] spikes=2  rate=2.00 Hz  time=22.79s
[trial 39/100] input_spikes: pn_exc=1529 vip_inh_bio=353 bg_exc=1968 bg_inh=623
[trial 39/100] spikes=8  rate=8.00 Hz  time=22.13s
[trial 40/100] input_spikes: pn_exc=1694 vip_inh_bio=397 bg_exc=2492 bg_inh=822
[trial 40/100] spikes=6  rate=6.00 Hz  time=22.61s
[trial 41/100] input_spikes: pn_exc=1718 vip_inh_bio=360 bg_exc=2554 bg_inh=753
[trial 41/100] spikes=3  rate=3.00 Hz  time=22.64s
[trial 42/100] input_spikes: pn_exc=1717 vip_inh_bio=391 bg_exc=2430 bg_inh=720
[trial 42/100] spikes=4  rate=4.00 Hz  time=22.46s
[trial 43/100] input_spikes: pn_exc=1700 vip_inh_bio=387 bg_exc=2343 bg_inh=725
[trial 43/100] spikes=6  rate=6.00 Hz  time=22.63s
[trial 44/100] input_spikes: pn_exc=1606 vip_inh_bio=307 bg_exc=2083 bg_inh=667
[trial 44/100] spikes=1  rate=1.00 Hz  time=22.25s
[trial 45/100] input_spikes: pn_exc=1729 vip_inh_bio=380 bg_exc=2217 bg_inh=702
[trial 45/100] spikes=6  rate=6.00 Hz  time=22.38s
[trial 46/100] input_spikes: pn_exc=1672 vip_inh_bio=355 bg_exc=2289 bg_inh=739
[trial 46/100] spikes=6  rate=6.00 Hz  time=22.38s
[trial 47/100] input_spikes: pn_exc=1630 vip_inh_bio=362 bg_exc=2198 bg_inh=688
[trial 47/100] spikes=6  rate=6.00 Hz  time=22.49s
[trial 48/100] input_spikes: pn_exc=1609 vip_inh_bio=371 bg_exc=2245 bg_inh=712
[trial 48/100] spikes=4  rate=4.00 Hz  time=22.43s
[trial 49/100] input_spikes: pn_exc=1667 vip_inh_bio=385 bg_exc=2331 bg_inh=708
[trial 49/100] spikes=5  rate=5.00 Hz  time=22.56s
[trial 50/100] input_spikes: pn_exc=1650 vip_inh_bio=328 bg_exc=2026 bg_inh=606
[trial 50/100] spikes=7  rate=7.00 Hz  time=22.14s
[trial 51/100] input_spikes: pn_exc=1618 vip_inh_bio=347 bg_exc=2350 bg_inh=746
[trial 51/100] spikes=4  rate=4.00 Hz  time=22.54s
[trial 52/100] input_spikes: pn_exc=1445 vip_inh_bio=367 bg_exc=1774 bg_inh=567
[trial 52/100] spikes=3  rate=3.00 Hz  time=21.82s
[trial 53/100] input_spikes: pn_exc=1763 vip_inh_bio=360 bg_exc=2586 bg_inh=835
[trial 53/100] spikes=2  rate=2.00 Hz  time=22.79s
[trial 54/100] input_spikes: pn_exc=1708 vip_inh_bio=416 bg_exc=2331 bg_inh=735
[trial 54/100] spikes=4  rate=4.00 Hz  time=22.50s
[trial 55/100] input_spikes: pn_exc=1660 vip_inh_bio=371 bg_exc=2347 bg_inh=696
[trial 55/100] spikes=3  rate=3.00 Hz  time=22.44s
[trial 56/100] input_spikes: pn_exc=1702 vip_inh_bio=330 bg_exc=2447 bg_inh=753
[trial 56/100] spikes=5  rate=5.00 Hz  time=22.68s
[trial 57/100] input_spikes: pn_exc=1736 vip_inh_bio=361 bg_exc=2381 bg_inh=776
[trial 57/100] spikes=3  rate=3.00 Hz  time=22.74s
[trial 58/100] input_spikes: pn_exc=1454 vip_inh_bio=313 bg_exc=1534 bg_inh=458
[trial 58/100] spikes=2  rate=2.00 Hz  time=21.69s
[trial 59/100] input_spikes: pn_exc=1644 vip_inh_bio=340 bg_exc=2088 bg_inh=648
[trial 59/100] spikes=2  rate=2.00 Hz  time=22.22s
[trial 60/100] input_spikes: pn_exc=1626 vip_inh_bio=330 bg_exc=2049 bg_inh=657
[trial 60/100] spikes=2  rate=2.00 Hz  time=22.26s
[trial 61/100] input_spikes: pn_exc=1692 vip_inh_bio=352 bg_exc=2466 bg_inh=808
[trial 61/100] spikes=4  rate=4.00 Hz  time=22.78s
[trial 62/100] input_spikes: pn_exc=1704 vip_inh_bio=372 bg_exc=2453 bg_inh=743
[trial 62/100] spikes=5  rate=5.00 Hz  time=22.69s
[trial 63/100] input_spikes: pn_exc=1683 vip_inh_bio=382 bg_exc=2496 bg_inh=732
[trial 63/100] spikes=4  rate=4.00 Hz  time=24.01s
[trial 64/100] input_spikes: pn_exc=1666 vip_inh_bio=355 bg_exc=2269 bg_inh=739
[trial 64/100] spikes=3  rate=3.00 Hz  time=23.73s
[trial 65/100] input_spikes: pn_exc=1790 vip_inh_bio=368 bg_exc=2485 bg_inh=823
[trial 65/100] spikes=5  rate=5.00 Hz  time=23.80s
[trial 66/100] input_spikes: pn_exc=1722 vip_inh_bio=397 bg_exc=2460 bg_inh=774
[trial 66/100] spikes=3  rate=3.00 Hz  time=22.86s
[trial 67/100] input_spikes: pn_exc=1728 vip_inh_bio=397 bg_exc=2440 bg_inh=788
[trial 67/100] spikes=7  rate=7.00 Hz  time=22.78s
[trial 68/100] input_spikes: pn_exc=1672 vip_inh_bio=377 bg_exc=2336 bg_inh=710
[trial 68/100] spikes=5  rate=5.00 Hz  time=22.75s
[trial 69/100] input_spikes: pn_exc=1677 vip_inh_bio=340 bg_exc=2312 bg_inh=692
[trial 69/100] spikes=1  rate=1.00 Hz  time=22.57s
[trial 70/100] input_spikes: pn_exc=1747 vip_inh_bio=351 bg_exc=2381 bg_inh=821
[trial 70/100] spikes=4  rate=4.00 Hz  time=22.73s
[trial 71/100] input_spikes: pn_exc=1650 vip_inh_bio=369 bg_exc=2205 bg_inh=682
[trial 71/100] spikes=4  rate=4.00 Hz  time=22.43s
[trial 72/100] input_spikes: pn_exc=1734 vip_inh_bio=389 bg_exc=2298 bg_inh=803
[trial 72/100] spikes=5  rate=5.00 Hz  time=22.72s
[trial 73/100] input_spikes: pn_exc=1694 vip_inh_bio=365 bg_exc=2333 bg_inh=716
[trial 73/100] spikes=3  rate=3.00 Hz  time=22.53s
[trial 74/100] input_spikes: pn_exc=1694 vip_inh_bio=365 bg_exc=2431 bg_inh=786
[trial 74/100] spikes=5  rate=5.00 Hz  time=22.66s
[trial 75/100] input_spikes: pn_exc=1715 vip_inh_bio=359 bg_exc=2300 bg_inh=755
[trial 75/100] spikes=2  rate=2.00 Hz  time=22.67s
[trial 76/100] input_spikes: pn_exc=1636 vip_inh_bio=371 bg_exc=2215 bg_inh=731
[trial 76/100] spikes=3  rate=3.00 Hz  time=22.55s
[trial 77/100] input_spikes: pn_exc=1717 vip_inh_bio=401 bg_exc=2297 bg_inh=733
[trial 77/100] spikes=0  rate=0.00 Hz  time=22.56s
[trial 78/100] input_spikes: pn_exc=1485 vip_inh_bio=304 bg_exc=1649 bg_inh=550
[trial 78/100] spikes=4  rate=4.00 Hz  time=21.76s
[trial 79/100] input_spikes: pn_exc=1649 vip_inh_bio=405 bg_exc=2281 bg_inh=707
[trial 79/100] spikes=4  rate=4.00 Hz  time=22.50s
[trial 80/100] input_spikes: pn_exc=1730 vip_inh_bio=355 bg_exc=2256 bg_inh=700
[trial 80/100] spikes=6  rate=6.00 Hz  time=22.51s
[trial 81/100] input_spikes: pn_exc=1661 vip_inh_bio=368 bg_exc=2357 bg_inh=694
[trial 81/100] spikes=4  rate=4.00 Hz  time=22.47s
[trial 82/100] input_spikes: pn_exc=1749 vip_inh_bio=352 bg_exc=2409 bg_inh=758
[trial 82/100] spikes=4  rate=4.00 Hz  time=22.64s
[trial 83/100] input_spikes: pn_exc=1737 vip_inh_bio=397 bg_exc=2296 bg_inh=684
[trial 83/100] spikes=4  rate=4.00 Hz  time=22.66s
[trial 84/100] input_spikes: pn_exc=1729 vip_inh_bio=367 bg_exc=2419 bg_inh=754
[trial 84/100] spikes=5  rate=5.00 Hz  time=22.95s
[trial 85/100] input_spikes: pn_exc=1797 vip_inh_bio=381 bg_exc=2473 bg_inh=737
[trial 85/100] spikes=9  rate=9.00 Hz  time=22.76s
[trial 86/100] input_spikes: pn_exc=1451 vip_inh_bio=323 bg_exc=1565 bg_inh=498
[trial 86/100] spikes=5  rate=5.00 Hz  time=21.75s
[trial 87/100] input_spikes: pn_exc=1711 vip_inh_bio=367 bg_exc=2264 bg_inh=713
[trial 87/100] spikes=5  rate=5.00 Hz  time=22.55s
[trial 88/100] input_spikes: pn_exc=1687 vip_inh_bio=378 bg_exc=2173 bg_inh=713
[trial 88/100] spikes=3  rate=3.00 Hz  time=22.57s
[trial 89/100] input_spikes: pn_exc=1722 vip_inh_bio=355 bg_exc=2408 bg_inh=723
[trial 89/100] spikes=1  rate=1.00 Hz  time=22.68s
[trial 90/100] input_spikes: pn_exc=1766 vip_inh_bio=381 bg_exc=2414 bg_inh=724
[trial 90/100] spikes=0  rate=0.00 Hz  time=22.69s
[trial 91/100] input_spikes: pn_exc=1817 vip_inh_bio=354 bg_exc=2346 bg_inh=743
[trial 91/100] spikes=3  rate=3.00 Hz  time=22.73s
[trial 92/100] input_spikes: pn_exc=1769 vip_inh_bio=390 bg_exc=2542 bg_inh=740
[trial 92/100] spikes=3  rate=3.00 Hz  time=22.84s
[trial 93/100] input_spikes: pn_exc=1742 vip_inh_bio=354 bg_exc=2308 bg_inh=727
[trial 93/100] spikes=2  rate=2.00 Hz  time=22.79s
[trial 94/100] input_spikes: pn_exc=1736 vip_inh_bio=360 bg_exc=2411 bg_inh=795
[trial 94/100] spikes=5  rate=5.00 Hz  time=22.91s
[trial 95/100] input_spikes: pn_exc=1816 vip_inh_bio=384 bg_exc=2486 bg_inh=716
[trial 95/100] spikes=3  rate=3.00 Hz  time=22.85s
[trial 96/100] input_spikes: pn_exc=1502 vip_inh_bio=363 bg_exc=1939 bg_inh=621
[trial 96/100] spikes=1  rate=1.00 Hz  time=22.18s
[trial 97/100] input_spikes: pn_exc=1750 vip_inh_bio=407 bg_exc=2463 bg_inh=746
[trial 97/100] spikes=7  rate=7.00 Hz  time=22.75s
[trial 98/100] input_spikes: pn_exc=1719 vip_inh_bio=368 bg_exc=2363 bg_inh=789
[trial 98/100] spikes=2  rate=2.00 Hz  time=22.55s
[trial 99/100] input_spikes: pn_exc=1725 vip_inh_bio=388 bg_exc=2486 bg_inh=775
[trial 99/100] spikes=7  rate=7.00 Hz  time=21.73s
[trial 100/100] input_spikes: pn_exc=1403 vip_inh_bio=333 bg_exc=976 bg_inh=367
[trial 100/100] spikes=1  rate=1.00 Hz  time=20.49s
save_plots single_plot warning: Top input panel: group list empty, auto-using all groups (4).
Results saved to /home/hrbncv/SCP/cells/SST/tunes/seg_tuned_all/output_data/slurm_42203/parts/slurm_42203_23/run_manifest.json
Total runtime: 2235.38s
