Running: python /home/hrbncv/SCP/run_pipeline.py --tune-dir /home/hrbncv/SCP/cells/SST/tunes/seg_tuned_all --output-dir /home/hrbncv/SCP/cells/SST/tunes/seg_tuned_all/output_data/slurm_39858/parts --n-trials 20 --output-stem slurm_39858_3 --trial-offset 60 --force-save
Loaded mechanisms from /home/hrbncv/SCP/cells/SST/tunes/seg_tuned_all/modfiles/x86_64/.libs/libnrnmech.so
Loaded Allen cell for 'SST' from /home/hrbncv/SCP/cells/SST/tunes/seg_tuned_all/manifest.json, soma_diam_multiplier=10.0, Vinit=-65.0, loader=genome_fallback
Geometry defined for 'SST': 1 soma segs, 54 proximal dend segs, 52 distal dend segs, 115 total dend segs.
[trial 1/20] input_spikes: pn_exc=1668 vip_inh_bio=79 bg_exc=2274 bg_inh=743
[trial 1/20] spikes=2  rate=2.00 Hz  time=21.96s
[trial 2/20] input_spikes: pn_exc=1739 vip_inh_bio=64 bg_exc=2402 bg_inh=827
[trial 2/20] spikes=3  rate=3.00 Hz  time=22.27s
[trial 3/20] input_spikes: pn_exc=1679 vip_inh_bio=59 bg_exc=2441 bg_inh=765
[trial 3/20] spikes=3  rate=3.00 Hz  time=21.79s
[trial 4/20] input_spikes: pn_exc=1591 vip_inh_bio=74 bg_exc=2099 bg_inh=696
[trial 4/20] spikes=1  rate=1.00 Hz  time=21.60s
[trial 5/20] input_spikes: pn_exc=1736 vip_inh_bio=73 bg_exc=2400 bg_inh=780
[trial 5/20] spikes=1  rate=1.00 Hz  time=21.92s
[trial 6/20] input_spikes: pn_exc=1740 vip_inh_bio=67 bg_exc=2486 bg_inh=800
[trial 6/20] spikes=3  rate=3.00 Hz  time=22.08s
[trial 7/20] input_spikes: pn_exc=1732 vip_inh_bio=64 bg_exc=2504 bg_inh=771
[trial 7/20] spikes=5  rate=5.00 Hz  time=21.90s
[trial 8/20] input_spikes: pn_exc=1760 vip_inh_bio=75 bg_exc=2405 bg_inh=792
[trial 8/20] spikes=4  rate=4.00 Hz  time=22.02s
[trial 9/20] input_spikes: pn_exc=1527 vip_inh_bio=59 bg_exc=2019 bg_inh=576
[trial 9/20] spikes=5  rate=5.00 Hz  time=21.30s
[trial 10/20] input_spikes: pn_exc=1695 vip_inh_bio=69 bg_exc=2465 bg_inh=706
[trial 10/20] spikes=2  rate=2.00 Hz  time=21.93s
[trial 11/20] input_spikes: pn_exc=1526 vip_inh_bio=56 bg_exc=2032 bg_inh=641
[trial 11/20] spikes=4  rate=4.00 Hz  time=21.42s
[trial 12/20] input_spikes: pn_exc=1645 vip_inh_bio=61 bg_exc=2389 bg_inh=738
[trial 12/20] spikes=3  rate=3.00 Hz  time=21.93s
[trial 13/20] input_spikes: pn_exc=1440 vip_inh_bio=55 bg_exc=1765 bg_inh=533
[trial 13/20] spikes=5  rate=5.00 Hz  time=21.07s
[trial 14/20] input_spikes: pn_exc=1674 vip_inh_bio=62 bg_exc=2365 bg_inh=766
[trial 14/20] spikes=4  rate=4.00 Hz  time=21.87s
[trial 15/20] input_spikes: pn_exc=1737 vip_inh_bio=81 bg_exc=2460 bg_inh=716
[trial 15/20] spikes=4  rate=4.00 Hz  time=21.96s
[trial 16/20] input_spikes: pn_exc=1706 vip_inh_bio=61 bg_exc=2361 bg_inh=759
[trial 16/20] spikes=5  rate=5.00 Hz  time=22.21s
[trial 17/20] input_spikes: pn_exc=1737 vip_inh_bio=61 bg_exc=2448 bg_inh=754
[trial 17/20] spikes=2  rate=2.00 Hz  time=22.23s
[trial 18/20] input_spikes: pn_exc=1450 vip_inh_bio=60 bg_exc=1847 bg_inh=590
[trial 18/20] spikes=2  rate=2.00 Hz  time=21.28s
[trial 19/20] input_spikes: pn_exc=1697 vip_inh_bio=75 bg_exc=2454 bg_inh=751
[trial 19/20] spikes=5  rate=5.00 Hz  time=21.93s
[trial 20/20] input_spikes: pn_exc=1694 vip_inh_bio=70 bg_exc=2317 bg_inh=725
[trial 20/20] spikes=3  rate=3.00 Hz  time=21.84s
save_plots single_plot warning: Top input panel: group list empty, auto-using all groups (4).
Results saved to /home/hrbncv/SCP/cells/SST/tunes/seg_tuned_all/output_data/slurm_39858/parts/slurm_39858_3/run_manifest.json
Total runtime: 438.47s
