Running: python /home/hrbncv/SCP/run_pipeline.py --tune-dir /home/hrbncv/SCP/cells/PV/tunes/seg_tuned --output-dir /home/hrbncv/SCP/cells/PV/tunes/seg_tuned/output_data/slurm_32387/parts --n-trials 20 --output-stem slurm_32387_38 --trial-offset 760 --force-save
Mechanisms already loaded; skipping duplicate load.
Loaded Allen cell for 'PV' from /home/hrbncv/SCP/cells/PV/tunes/seg_tuned/manifest.json, soma_diam_multiplier=6.0, Vinit=-71.0, loader=allensdk_default
Geometry defined for 'PV': 1 soma segs, 46 proximal dend segs, 41 distal dend segs, 97 total dend segs.
[trial 1/20] input_spikes: pn_exc=2704 bg_exc=830 bg_inh=195
[trial 1/20] spikes=14  rate=14.00 Hz  time=28.26s
[trial 2/20] input_spikes: pn_exc=2825 bg_exc=817 bg_inh=185
[trial 2/20] spikes=13  rate=13.00 Hz  time=28.65s
[trial 3/20] input_spikes: pn_exc=2709 bg_exc=839 bg_inh=214
[trial 3/20] spikes=10  rate=10.00 Hz  time=27.96s
[trial 4/20] input_spikes: pn_exc=2694 bg_exc=768 bg_inh=174
[trial 4/20] spikes=12  rate=12.00 Hz  time=27.91s
[trial 5/20] input_spikes: pn_exc=2805 bg_exc=883 bg_inh=216
[trial 5/20] spikes=13  rate=13.00 Hz  time=27.98s
[trial 6/20] input_spikes: pn_exc=2898 bg_exc=869 bg_inh=226
[trial 6/20] spikes=13  rate=13.00 Hz  time=28.04s
[trial 7/20] input_spikes: pn_exc=2727 bg_exc=758 bg_inh=167
[trial 7/20] spikes=13  rate=13.00 Hz  time=27.92s
[trial 8/20] input_spikes: pn_exc=2862 bg_exc=846 bg_inh=199
[trial 8/20] spikes=13  rate=13.00 Hz  time=28.14s
[trial 9/20] input_spikes: pn_exc=2809 bg_exc=837 bg_inh=229
[trial 9/20] spikes=12  rate=12.00 Hz  time=27.90s
[trial 10/20] input_spikes: pn_exc=2661 bg_exc=771 bg_inh=220
[trial 10/20] spikes=11  rate=11.00 Hz  time=27.95s
[trial 11/20] input_spikes: pn_exc=2809 bg_exc=842 bg_inh=226
[trial 11/20] spikes=12  rate=12.00 Hz  time=27.93s
[trial 12/20] input_spikes: pn_exc=2846 bg_exc=848 bg_inh=193
[trial 12/20] spikes=14  rate=14.00 Hz  time=28.03s
[trial 13/20] input_spikes: pn_exc=2812 bg_exc=794 bg_inh=195
[trial 13/20] spikes=12  rate=12.00 Hz  time=27.99s
[trial 14/20] input_spikes: pn_exc=2811 bg_exc=825 bg_inh=210
[trial 14/20] spikes=12  rate=12.00 Hz  time=27.99s
[trial 15/20] input_spikes: pn_exc=2856 bg_exc=844 bg_inh=224
[trial 15/20] spikes=13  rate=13.00 Hz  time=28.15s
[trial 16/20] input_spikes: pn_exc=2859 bg_exc=854 bg_inh=205
[trial 16/20] spikes=12  rate=12.00 Hz  time=27.93s
[trial 17/20] input_spikes: pn_exc=2785 bg_exc=894 bg_inh=200
[trial 17/20] spikes=13  rate=13.00 Hz  time=27.94s
[trial 18/20] input_spikes: pn_exc=2808 bg_exc=860 bg_inh=217
[trial 18/20] spikes=14  rate=14.00 Hz  time=27.95s
[trial 19/20] input_spikes: pn_exc=2586 bg_exc=735 bg_inh=182
[trial 19/20] spikes=11  rate=11.00 Hz  time=27.89s
[trial 20/20] input_spikes: pn_exc=2871 bg_exc=845 bg_inh=196
[trial 20/20] spikes=13  rate=13.00 Hz  time=28.09s
save_plots single_plot warning: Top input panel: group list empty, auto-using all groups (3).
save_plots single_plot warning: Input raster panel: group list empty, auto-using all groups (3).
Results saved to /home/hrbncv/SCP/cells/PV/tunes/seg_tuned/output_data/slurm_32387/parts/slurm_32387_38/run_manifest.json
Total runtime: 679.85s
