Running: python /home/hrbncv/SCP/run_pipeline.py --tune-dir /home/hrbncv/SCP/cells/SST/tunes/seg_tuned_all --output-dir /home/hrbncv/SCP/cells/SST/tunes/seg_tuned_all/output_data/slurm_39858/parts --n-trials 20 --output-stem slurm_39858_48 --trial-offset 960 --force-save
Loaded mechanisms from /home/hrbncv/SCP/cells/SST/tunes/seg_tuned_all/modfiles/x86_64/.libs/libnrnmech.so
Loaded Allen cell for 'SST' from /home/hrbncv/SCP/cells/SST/tunes/seg_tuned_all/manifest.json, soma_diam_multiplier=10.0, Vinit=-65.0, loader=genome_fallback
Geometry defined for 'SST': 1 soma segs, 54 proximal dend segs, 52 distal dend segs, 115 total dend segs.
[trial 1/20] input_spikes: pn_exc=1656 vip_inh_bio=65 bg_exc=2468 bg_inh=742
[trial 1/20] spikes=4  rate=4.00 Hz  time=21.82s
[trial 2/20] input_spikes: pn_exc=1585 vip_inh_bio=47 bg_exc=2124 bg_inh=736
[trial 2/20] spikes=6  rate=6.00 Hz  time=21.69s
[trial 3/20] input_spikes: pn_exc=1723 vip_inh_bio=63 bg_exc=2470 bg_inh=749
[trial 3/20] spikes=2  rate=2.00 Hz  time=22.16s
[trial 4/20] input_spikes: pn_exc=1811 vip_inh_bio=68 bg_exc=2530 bg_inh=738
[trial 4/20] spikes=5  rate=5.00 Hz  time=21.87s
[trial 5/20] input_spikes: pn_exc=1547 vip_inh_bio=56 bg_exc=1812 bg_inh=551
[trial 5/20] spikes=3  rate=3.00 Hz  time=21.22s
[trial 6/20] input_spikes: pn_exc=1741 vip_inh_bio=49 bg_exc=2422 bg_inh=787
[trial 6/20] spikes=2  rate=2.00 Hz  time=21.96s
[trial 7/20] input_spikes: pn_exc=1756 vip_inh_bio=74 bg_exc=2334 bg_inh=784
[trial 7/20] spikes=2  rate=2.00 Hz  time=21.75s
[trial 8/20] input_spikes: pn_exc=1431 vip_inh_bio=46 bg_exc=1894 bg_inh=572
[trial 8/20] spikes=5  rate=5.00 Hz  time=21.32s
[trial 9/20] input_spikes: pn_exc=1754 vip_inh_bio=69 bg_exc=2511 bg_inh=726
[trial 9/20] spikes=4  rate=4.00 Hz  time=22.00s
[trial 10/20] input_spikes: pn_exc=1731 vip_inh_bio=70 bg_exc=2437 bg_inh=810
[trial 10/20] spikes=6  rate=6.00 Hz  time=21.93s
[trial 11/20] input_spikes: pn_exc=1570 vip_inh_bio=65 bg_exc=2302 bg_inh=752
[trial 11/20] spikes=1  rate=1.00 Hz  time=21.70s
[trial 12/20] input_spikes: pn_exc=1780 vip_inh_bio=79 bg_exc=2568 bg_inh=795
[trial 12/20] spikes=3  rate=3.00 Hz  time=22.14s
[trial 13/20] input_spikes: pn_exc=1652 vip_inh_bio=64 bg_exc=2522 bg_inh=713
[trial 13/20] spikes=4  rate=4.00 Hz  time=22.02s
[trial 14/20] input_spikes: pn_exc=1702 vip_inh_bio=86 bg_exc=2524 bg_inh=783
[trial 14/20] spikes=2  rate=2.00 Hz  time=22.05s
[trial 15/20] input_spikes: pn_exc=1740 vip_inh_bio=59 bg_exc=2503 bg_inh=761
[trial 15/20] spikes=5  rate=5.00 Hz  time=22.04s
[trial 16/20] input_spikes: pn_exc=1641 vip_inh_bio=85 bg_exc=2460 bg_inh=812
[trial 16/20] spikes=1  rate=1.00 Hz  time=22.41s
[trial 17/20] input_spikes: pn_exc=1676 vip_inh_bio=65 bg_exc=2359 bg_inh=783
[trial 17/20] spikes=2  rate=2.00 Hz  time=22.46s
[trial 18/20] input_spikes: pn_exc=1655 vip_inh_bio=64 bg_exc=2324 bg_inh=741
[trial 18/20] spikes=3  rate=3.00 Hz  time=21.92s
[trial 19/20] input_spikes: pn_exc=1679 vip_inh_bio=61 bg_exc=2389 bg_inh=743
[trial 19/20] spikes=4  rate=4.00 Hz  time=21.98s
[trial 20/20] input_spikes: pn_exc=1470 vip_inh_bio=62 bg_exc=1854 bg_inh=559
[trial 20/20] spikes=5  rate=5.00 Hz  time=21.25s
save_plots single_plot warning: Top input panel: group list empty, auto-using all groups (4).
Results saved to /home/hrbncv/SCP/cells/SST/tunes/seg_tuned_all/output_data/slurm_39858/parts/slurm_39858_48/run_manifest.json
Total runtime: 439.14s
