Running: python /home/hrbncv/SCP/run_pipeline.py --tune-dir /home/hrbncv/SCP/cells/SST/tunes/seg_tuned_all --output-dir /home/hrbncv/SCP/cells/SST/tunes/seg_tuned_all/output_data/slurm_29750/parts --n-trials 40 --output-stem slurm_29750_13 --trial-offset 520 --force-save
Loaded mechanisms from /home/hrbncv/SCP/cells/SST/tunes/seg_tuned_all/modfiles/x86_64/.libs/libnrnmech.so
Loaded Allen cell for 'SST' from /home/hrbncv/SCP/cells/SST/tunes/seg_tuned_all/manifest.json, soma_diam_multiplier=10.0, Vinit=-65.0, loader=genome_fallback
Geometry defined for 'SST': 1 soma segs, 54 proximal dend segs, 52 distal dend segs, 115 total dend segs.
[trial 1/40] input_spikes: pn_exc=1478 bg_exc=2731 bg_inh=413
[trial 1/40] spikes=3  rate=2.50 Hz  time=24.04s
[trial 2/40] input_spikes: pn_exc=1401 bg_exc=2431 bg_inh=388
[trial 2/40] spikes=1  rate=0.83 Hz  time=24.02s
[trial 3/40] input_spikes: pn_exc=1565 bg_exc=2741 bg_inh=424
[trial 3/40] spikes=5  rate=4.17 Hz  time=24.03s
[trial 4/40] input_spikes: pn_exc=1558 bg_exc=2688 bg_inh=442
[trial 4/40] spikes=2  rate=1.67 Hz  time=23.65s
[trial 5/40] input_spikes: pn_exc=1588 bg_exc=2786 bg_inh=441
[trial 5/40] spikes=6  rate=5.00 Hz  time=23.65s
[trial 6/40] input_spikes: pn_exc=1535 bg_exc=2542 bg_inh=418
[trial 6/40] spikes=4  rate=3.33 Hz  time=23.50s
[trial 7/40] input_spikes: pn_exc=1575 bg_exc=2811 bg_inh=433
[trial 7/40] spikes=5  rate=4.17 Hz  time=23.69s
[trial 8/40] input_spikes: pn_exc=1514 bg_exc=2565 bg_inh=393
[trial 8/40] spikes=4  rate=3.33 Hz  time=23.69s
[trial 9/40] input_spikes: pn_exc=1257 bg_exc=1994 bg_inh=318
[trial 9/40] spikes=3  rate=2.50 Hz  time=23.82s
[trial 10/40] input_spikes: pn_exc=1629 bg_exc=2909 bg_inh=460
[trial 10/40] spikes=3  rate=2.50 Hz  time=23.57s
[trial 11/40] input_spikes: pn_exc=1651 bg_exc=3016 bg_inh=462
[trial 11/40] spikes=5  rate=4.17 Hz  time=24.36s
[trial 12/40] input_spikes: pn_exc=1532 bg_exc=2790 bg_inh=426
[trial 12/40] spikes=4  rate=3.33 Hz  time=23.55s
[trial 13/40] input_spikes: pn_exc=1532 bg_exc=2749 bg_inh=471
[trial 13/40] spikes=4  rate=3.33 Hz  time=23.78s
[trial 14/40] input_spikes: pn_exc=1375 bg_exc=2303 bg_inh=358
[trial 14/40] spikes=3  rate=2.50 Hz  time=23.59s
[trial 15/40] input_spikes: pn_exc=1308 bg_exc=1991 bg_inh=298
[trial 15/40] spikes=4  rate=3.33 Hz  time=24.13s
[trial 16/40] input_spikes: pn_exc=1549 bg_exc=2960 bg_inh=409
[trial 16/40] spikes=5  rate=4.17 Hz  time=23.58s
[trial 17/40] input_spikes: pn_exc=1483 bg_exc=2789 bg_inh=438
[trial 17/40] spikes=5  rate=4.17 Hz  time=23.74s
[trial 18/40] input_spikes: pn_exc=1547 bg_exc=2738 bg_inh=469
[trial 18/40] spikes=2  rate=1.67 Hz  time=23.56s
[trial 19/40] input_spikes: pn_exc=1529 bg_exc=2930 bg_inh=457
[trial 19/40] spikes=2  rate=1.67 Hz  time=23.69s
[trial 20/40] input_spikes: pn_exc=1632 bg_exc=2950 bg_inh=441
[trial 20/40] spikes=6  rate=5.00 Hz  time=23.49s
[trial 21/40] input_spikes: pn_exc=1423 bg_exc=2295 bg_inh=394
[trial 21/40] spikes=4  rate=3.33 Hz  time=23.62s
[trial 22/40] input_spikes: pn_exc=1556 bg_exc=2838 bg_inh=487
[trial 22/40] spikes=2  rate=1.67 Hz  time=23.62s
[trial 23/40] input_spikes: pn_exc=1567 bg_exc=2953 bg_inh=442
[trial 23/40] spikes=3  rate=2.50 Hz  time=23.66s
[trial 24/40] input_spikes: pn_exc=1588 bg_exc=2749 bg_inh=410
[trial 24/40] spikes=4  rate=3.33 Hz  time=23.62s
[trial 25/40] input_spikes: pn_exc=1616 bg_exc=2983 bg_inh=476
[trial 25/40] spikes=5  rate=4.17 Hz  time=23.78s
[trial 26/40] input_spikes: pn_exc=1628 bg_exc=2988 bg_inh=452
[trial 26/40] spikes=5  rate=4.17 Hz  time=23.55s
[trial 27/40] input_spikes: pn_exc=1644 bg_exc=2929 bg_inh=455
[trial 27/40] spikes=2  rate=1.67 Hz  time=23.70s
[trial 28/40] input_spikes: pn_exc=1587 bg_exc=2923 bg_inh=486
[trial 28/40] spikes=3  rate=2.50 Hz  time=23.62s
[trial 29/40] input_spikes: pn_exc=1646 bg_exc=2818 bg_inh=470
[trial 29/40] spikes=5  rate=4.17 Hz  time=23.69s
[trial 30/40] input_spikes: pn_exc=1582 bg_exc=3025 bg_inh=478
[trial 30/40] spikes=5  rate=4.17 Hz  time=23.52s
[trial 31/40] input_spikes: pn_exc=1535 bg_exc=2743 bg_inh=444
[trial 31/40] spikes=5  rate=4.17 Hz  time=23.69s
[trial 32/40] input_spikes: pn_exc=1498 bg_exc=3060 bg_inh=481
[trial 32/40] spikes=3  rate=2.50 Hz  time=23.57s
[trial 33/40] input_spikes: pn_exc=1505 bg_exc=2741 bg_inh=432
[trial 33/40] spikes=2  rate=1.67 Hz  time=23.71s
[trial 34/40] input_spikes: pn_exc=1612 bg_exc=2932 bg_inh=462
[trial 34/40] spikes=5  rate=4.17 Hz  time=23.55s
[trial 35/40] input_spikes: pn_exc=1556 bg_exc=2857 bg_inh=402
[trial 35/40] spikes=5  rate=4.17 Hz  time=23.91s
[trial 36/40] input_spikes: pn_exc=1592 bg_exc=2952 bg_inh=467
[trial 36/40] spikes=5  rate=4.17 Hz  time=23.52s
[trial 37/40] input_spikes: pn_exc=1425 bg_exc=2520 bg_inh=400
[trial 37/40] spikes=3  rate=2.50 Hz  time=23.58s
[trial 38/40] input_spikes: pn_exc=1656 bg_exc=2863 bg_inh=438
[trial 38/40] spikes=6  rate=5.00 Hz  time=23.55s
[trial 39/40] input_spikes: pn_exc=1635 bg_exc=2946 bg_inh=481
[trial 39/40] spikes=4  rate=3.33 Hz  time=23.64s
[trial 40/40] input_spikes: pn_exc=1565 bg_exc=2820 bg_inh=435
[trial 40/40] spikes=4  rate=3.33 Hz  time=23.54s
Results saved to /home/hrbncv/SCP/cells/SST/tunes/seg_tuned_all/output_data/slurm_29750/parts/slurm_29750_13/run_manifest.json
Total runtime: 948.05s
