Running: /home/hrbncv/miniconda3/envs/BMTK-py311/bin/python /home/hrbncv/SCP/run_pipeline.py --tune-dir /home/hrbncv/SCP/cells/SST/tunes/seg_tuned_all --output-dir /home/hrbncv/SCP/cells/SST/tunes/seg_tuned_all/output_data/slurm_42203/parts --n-trials 100 --output-stem slurm_42203_10 --trial-offset 1000 --force-save
Loaded mechanisms from /home/hrbncv/SCP/cells/SST/tunes/seg_tuned_all/modfiles/x86_64/.libs/libnrnmech.so
Loaded Allen cell for 'SST' from /home/hrbncv/SCP/cells/SST/tunes/seg_tuned_all/manifest.json, soma_diam_multiplier=10.0, Vinit=-65.0, loader=genome_fallback
Geometry defined for 'SST': 1 soma segs, 54 proximal dend segs, 52 distal dend segs, 115 total dend segs.
[trial 1/100] input_spikes: pn_exc=1666 vip_inh_bio=381 bg_exc=2346 bg_inh=753
[trial 1/100] spikes=3  rate=3.00 Hz  time=21.99s
[trial 2/100] input_spikes: pn_exc=1656 vip_inh_bio=404 bg_exc=2208 bg_inh=701
[trial 2/100] spikes=1  rate=1.00 Hz  time=22.26s
[trial 3/100] input_spikes: pn_exc=1768 vip_inh_bio=371 bg_exc=2472 bg_inh=774
[trial 3/100] spikes=3  rate=3.00 Hz  time=22.38s
[trial 4/100] input_spikes: pn_exc=1747 vip_inh_bio=387 bg_exc=2485 bg_inh=743
[trial 4/100] spikes=5  rate=5.00 Hz  time=22.26s
[trial 5/100] input_spikes: pn_exc=1355 vip_inh_bio=320 bg_exc=1823 bg_inh=549
[trial 5/100] spikes=3  rate=3.00 Hz  time=21.61s
[trial 6/100] input_spikes: pn_exc=1691 vip_inh_bio=391 bg_exc=2420 bg_inh=719
[trial 6/100] spikes=4  rate=4.00 Hz  time=22.26s
[trial 7/100] input_spikes: pn_exc=1511 vip_inh_bio=283 bg_exc=1452 bg_inh=502
[trial 7/100] spikes=6  rate=6.00 Hz  time=21.47s
[trial 8/100] input_spikes: pn_exc=1678 vip_inh_bio=375 bg_exc=2229 bg_inh=712
[trial 8/100] spikes=4  rate=4.00 Hz  time=22.04s
[trial 9/100] input_spikes: pn_exc=1735 vip_inh_bio=382 bg_exc=2291 bg_inh=757
[trial 9/100] spikes=5  rate=5.00 Hz  time=22.30s
[trial 10/100] input_spikes: pn_exc=1602 vip_inh_bio=375 bg_exc=2348 bg_inh=719
[trial 10/100] spikes=5  rate=5.00 Hz  time=22.24s
[trial 11/100] input_spikes: pn_exc=1592 vip_inh_bio=393 bg_exc=2128 bg_inh=671
[trial 11/100] spikes=5  rate=5.00 Hz  time=22.02s
[trial 12/100] input_spikes: pn_exc=1737 vip_inh_bio=371 bg_exc=2388 bg_inh=737
[trial 12/100] spikes=4  rate=4.00 Hz  time=22.46s
[trial 13/100] input_spikes: pn_exc=1676 vip_inh_bio=364 bg_exc=2404 bg_inh=789
[trial 13/100] spikes=7  rate=7.00 Hz  time=22.22s
[trial 14/100] input_spikes: pn_exc=1649 vip_inh_bio=366 bg_exc=2365 bg_inh=707
[trial 14/100] spikes=7  rate=7.00 Hz  time=22.38s
[trial 15/100] input_spikes: pn_exc=1661 vip_inh_bio=375 bg_exc=2464 bg_inh=762
[trial 15/100] spikes=5  rate=5.00 Hz  time=22.41s
[trial 16/100] input_spikes: pn_exc=1532 vip_inh_bio=354 bg_exc=2228 bg_inh=657
[trial 16/100] spikes=4  rate=4.00 Hz  time=21.92s
[trial 17/100] input_spikes: pn_exc=1635 vip_inh_bio=363 bg_exc=2473 bg_inh=759
[trial 17/100] spikes=7  rate=7.00 Hz  time=22.44s
[trial 18/100] input_spikes: pn_exc=1458 vip_inh_bio=341 bg_exc=2037 bg_inh=623
[trial 18/100] spikes=4  rate=4.00 Hz  time=21.78s
[trial 19/100] input_spikes: pn_exc=1451 vip_inh_bio=304 bg_exc=1555 bg_inh=501
[trial 19/100] spikes=7  rate=7.00 Hz  time=21.47s
[trial 20/100] input_spikes: pn_exc=1705 vip_inh_bio=397 bg_exc=2446 bg_inh=772
[trial 20/100] spikes=4  rate=4.00 Hz  time=22.36s
[trial 21/100] input_spikes: pn_exc=1609 vip_inh_bio=358 bg_exc=2192 bg_inh=694
[trial 21/100] spikes=7  rate=7.00 Hz  time=21.93s
[trial 22/100] input_spikes: pn_exc=1682 vip_inh_bio=344 bg_exc=2362 bg_inh=711
[trial 22/100] spikes=6  rate=6.00 Hz  time=22.33s
[trial 23/100] input_spikes: pn_exc=1757 vip_inh_bio=357 bg_exc=2421 bg_inh=716
[trial 23/100] spikes=3  rate=3.00 Hz  time=22.27s
[trial 24/100] input_spikes: pn_exc=1643 vip_inh_bio=387 bg_exc=2269 bg_inh=714
[trial 24/100] spikes=3  rate=3.00 Hz  time=22.21s
[trial 25/100] input_spikes: pn_exc=1456 vip_inh_bio=310 bg_exc=1591 bg_inh=541
[trial 25/100] spikes=3  rate=3.00 Hz  time=21.48s
[trial 26/100] input_spikes: pn_exc=1692 vip_inh_bio=359 bg_exc=2454 bg_inh=774
[trial 26/100] spikes=3  rate=3.00 Hz  time=22.38s
[trial 27/100] input_spikes: pn_exc=1677 vip_inh_bio=356 bg_exc=2381 bg_inh=737
[trial 27/100] spikes=3  rate=3.00 Hz  time=22.22s
[trial 28/100] input_spikes: pn_exc=1586 vip_inh_bio=393 bg_exc=2170 bg_inh=732
[trial 28/100] spikes=3  rate=3.00 Hz  time=22.02s
[trial 29/100] input_spikes: pn_exc=1800 vip_inh_bio=395 bg_exc=2429 bg_inh=814
[trial 29/100] spikes=7  rate=7.00 Hz  time=22.48s
[trial 30/100] input_spikes: pn_exc=1444 vip_inh_bio=337 bg_exc=1232 bg_inh=385
[trial 30/100] spikes=4  rate=4.00 Hz  time=21.36s
[trial 31/100] input_spikes: pn_exc=1731 vip_inh_bio=379 bg_exc=2531 bg_inh=769
[trial 31/100] spikes=4  rate=4.00 Hz  time=22.52s
[trial 32/100] input_spikes: pn_exc=1764 vip_inh_bio=352 bg_exc=2401 bg_inh=734
[trial 32/100] spikes=6  rate=6.00 Hz  time=22.34s
[trial 33/100] input_spikes: pn_exc=1641 vip_inh_bio=355 bg_exc=2207 bg_inh=727
[trial 33/100] spikes=1  rate=1.00 Hz  time=22.13s
[trial 34/100] input_spikes: pn_exc=1715 vip_inh_bio=367 bg_exc=2533 bg_inh=755
[trial 34/100] spikes=0  rate=0.00 Hz  time=22.47s
[trial 35/100] input_spikes: pn_exc=1744 vip_inh_bio=364 bg_exc=2286 bg_inh=658
[trial 35/100] spikes=4  rate=4.00 Hz  time=22.13s
[trial 36/100] input_spikes: pn_exc=1524 vip_inh_bio=323 bg_exc=1805 bg_inh=529
[trial 36/100] spikes=10  rate=10.00 Hz  time=21.51s
[trial 37/100] input_spikes: pn_exc=1691 vip_inh_bio=373 bg_exc=2467 bg_inh=769
[trial 37/100] spikes=5  rate=5.00 Hz  time=22.51s
[trial 38/100] input_spikes: pn_exc=1676 vip_inh_bio=345 bg_exc=2459 bg_inh=762
[trial 38/100] spikes=6  rate=6.00 Hz  time=22.41s
[trial 39/100] input_spikes: pn_exc=1729 vip_inh_bio=384 bg_exc=2319 bg_inh=772
[trial 39/100] spikes=3  rate=3.00 Hz  time=22.36s
[trial 40/100] input_spikes: pn_exc=1712 vip_inh_bio=377 bg_exc=2389 bg_inh=713
[trial 40/100] spikes=4  rate=4.00 Hz  time=22.31s
[trial 41/100] input_spikes: pn_exc=1719 vip_inh_bio=386 bg_exc=2485 bg_inh=764
[trial 41/100] spikes=5  rate=5.00 Hz  time=22.30s
[trial 42/100] input_spikes: pn_exc=1758 vip_inh_bio=355 bg_exc=2385 bg_inh=735
[trial 42/100] spikes=4  rate=4.00 Hz  time=22.37s
[trial 43/100] input_spikes: pn_exc=1568 vip_inh_bio=363 bg_exc=2061 bg_inh=607
[trial 43/100] spikes=4  rate=4.00 Hz  time=21.94s
[trial 44/100] input_spikes: pn_exc=1762 vip_inh_bio=412 bg_exc=2537 bg_inh=805
[trial 44/100] spikes=1  rate=1.00 Hz  time=22.58s
[trial 45/100] input_spikes: pn_exc=1614 vip_inh_bio=388 bg_exc=2299 bg_inh=721
[trial 45/100] spikes=3  rate=3.00 Hz  time=22.18s
[trial 46/100] input_spikes: pn_exc=1419 vip_inh_bio=315 bg_exc=1489 bg_inh=436
[trial 46/100] spikes=3  rate=3.00 Hz  time=21.31s
[trial 47/100] input_spikes: pn_exc=1633 vip_inh_bio=386 bg_exc=2333 bg_inh=752
[trial 47/100] spikes=1  rate=1.00 Hz  time=22.23s
[trial 48/100] input_spikes: pn_exc=1740 vip_inh_bio=380 bg_exc=2480 bg_inh=782
[trial 48/100] spikes=8  rate=8.00 Hz  time=22.36s
[trial 49/100] input_spikes: pn_exc=1741 vip_inh_bio=313 bg_exc=2408 bg_inh=769
[trial 49/100] spikes=8  rate=8.00 Hz  time=22.31s
[trial 50/100] input_spikes: pn_exc=1683 vip_inh_bio=371 bg_exc=2395 bg_inh=753
[trial 50/100] spikes=4  rate=4.00 Hz  time=22.32s
[trial 51/100] input_spikes: pn_exc=1661 vip_inh_bio=318 bg_exc=2298 bg_inh=717
[trial 51/100] spikes=3  rate=3.00 Hz  time=22.10s
[trial 52/100] input_spikes: pn_exc=1629 vip_inh_bio=376 bg_exc=2071 bg_inh=662
[trial 52/100] spikes=2  rate=2.00 Hz  time=22.00s
[trial 53/100] input_spikes: pn_exc=1628 vip_inh_bio=344 bg_exc=2136 bg_inh=658
[trial 53/100] spikes=3  rate=3.00 Hz  time=21.97s
[trial 54/100] input_spikes: pn_exc=1631 vip_inh_bio=380 bg_exc=2041 bg_inh=656
[trial 54/100] spikes=4  rate=4.00 Hz  time=22.00s
[trial 55/100] input_spikes: pn_exc=1730 vip_inh_bio=382 bg_exc=2462 bg_inh=794
[trial 55/100] spikes=1  rate=1.00 Hz  time=22.31s
[trial 56/100] input_spikes: pn_exc=1680 vip_inh_bio=408 bg_exc=2284 bg_inh=711
[trial 56/100] spikes=4  rate=4.00 Hz  time=22.04s
[trial 57/100] input_spikes: pn_exc=1751 vip_inh_bio=369 bg_exc=2436 bg_inh=746
[trial 57/100] spikes=5  rate=5.00 Hz  time=22.40s
[trial 58/100] input_spikes: pn_exc=1694 vip_inh_bio=383 bg_exc=2393 bg_inh=782
[trial 58/100] spikes=4  rate=4.00 Hz  time=22.30s
[trial 59/100] input_spikes: pn_exc=1676 vip_inh_bio=372 bg_exc=2403 bg_inh=727
[trial 59/100] spikes=5  rate=5.00 Hz  time=22.24s
[trial 60/100] input_spikes: pn_exc=1698 vip_inh_bio=364 bg_exc=2312 bg_inh=702
[trial 60/100] spikes=5  rate=5.00 Hz  time=22.14s
[trial 61/100] input_spikes: pn_exc=1482 vip_inh_bio=280 bg_exc=1346 bg_inh=433
[trial 61/100] spikes=3  rate=3.00 Hz  time=21.25s
[trial 62/100] input_spikes: pn_exc=1729 vip_inh_bio=377 bg_exc=2409 bg_inh=777
[trial 62/100] spikes=3  rate=3.00 Hz  time=22.39s
[trial 63/100] input_spikes: pn_exc=1649 vip_inh_bio=344 bg_exc=2208 bg_inh=660
[trial 63/100] spikes=6  rate=6.00 Hz  time=22.34s
[trial 64/100] input_spikes: pn_exc=1651 vip_inh_bio=389 bg_exc=2384 bg_inh=778
[trial 64/100] spikes=6  rate=6.00 Hz  time=23.05s
[trial 65/100] input_spikes: pn_exc=1690 vip_inh_bio=396 bg_exc=2477 bg_inh=799
[trial 65/100] spikes=4  rate=4.00 Hz  time=23.65s
[trial 66/100] input_spikes: pn_exc=1569 vip_inh_bio=303 bg_exc=1883 bg_inh=576
[trial 66/100] spikes=4  rate=4.00 Hz  time=21.82s
[trial 67/100] input_spikes: pn_exc=1828 vip_inh_bio=362 bg_exc=2467 bg_inh=762
[trial 67/100] spikes=4  rate=4.00 Hz  time=22.49s
[trial 68/100] input_spikes: pn_exc=1769 vip_inh_bio=417 bg_exc=2579 bg_inh=799
[trial 68/100] spikes=3  rate=3.00 Hz  time=22.40s
[trial 69/100] input_spikes: pn_exc=1469 vip_inh_bio=294 bg_exc=1439 bg_inh=422
[trial 69/100] spikes=3  rate=3.00 Hz  time=21.39s
[trial 70/100] input_spikes: pn_exc=1706 vip_inh_bio=381 bg_exc=2223 bg_inh=749
[trial 70/100] spikes=6  rate=6.00 Hz  time=22.16s
[trial 71/100] input_spikes: pn_exc=1640 vip_inh_bio=348 bg_exc=2224 bg_inh=696
[trial 71/100] spikes=2  rate=2.00 Hz  time=22.03s
[trial 72/100] input_spikes: pn_exc=1671 vip_inh_bio=342 bg_exc=2365 bg_inh=718
[trial 72/100] spikes=3  rate=3.00 Hz  time=22.25s
[trial 73/100] input_spikes: pn_exc=1696 vip_inh_bio=338 bg_exc=2397 bg_inh=748
[trial 73/100] spikes=5  rate=5.00 Hz  time=22.18s
[trial 74/100] input_spikes: pn_exc=1682 vip_inh_bio=404 bg_exc=2332 bg_inh=754
[trial 74/100] spikes=1  rate=1.00 Hz  time=22.37s
[trial 75/100] input_spikes: pn_exc=1689 vip_inh_bio=385 bg_exc=2502 bg_inh=798
[trial 75/100] spikes=5  rate=5.00 Hz  time=22.44s
[trial 76/100] input_spikes: pn_exc=1700 vip_inh_bio=363 bg_exc=2416 bg_inh=735
[trial 76/100] spikes=5  rate=5.00 Hz  time=22.17s
[trial 77/100] input_spikes: pn_exc=1746 vip_inh_bio=367 bg_exc=2505 bg_inh=801
[trial 77/100] spikes=5  rate=5.00 Hz  time=22.40s
[trial 78/100] input_spikes: pn_exc=1634 vip_inh_bio=359 bg_exc=2149 bg_inh=692
[trial 78/100] spikes=4  rate=4.00 Hz  time=21.93s
[trial 79/100] input_spikes: pn_exc=1565 vip_inh_bio=342 bg_exc=2162 bg_inh=685
[trial 79/100] spikes=6  rate=6.00 Hz  time=21.99s
[trial 80/100] input_spikes: pn_exc=1518 vip_inh_bio=345 bg_exc=1926 bg_inh=609
[trial 80/100] spikes=4  rate=4.00 Hz  time=21.72s
[trial 81/100] input_spikes: pn_exc=1750 vip_inh_bio=379 bg_exc=2485 bg_inh=709
[trial 81/100] spikes=1  rate=1.00 Hz  time=22.27s
[trial 82/100] input_spikes: pn_exc=1654 vip_inh_bio=349 bg_exc=2383 bg_inh=717
[trial 82/100] spikes=6  rate=6.00 Hz  time=22.38s
[trial 83/100] input_spikes: pn_exc=1665 vip_inh_bio=328 bg_exc=2100 bg_inh=694
[trial 83/100] spikes=6  rate=6.00 Hz  time=21.87s
[trial 84/100] input_spikes: pn_exc=1634 vip_inh_bio=371 bg_exc=2240 bg_inh=718
[trial 84/100] spikes=7  rate=7.00 Hz  time=22.26s
[trial 85/100] input_spikes: pn_exc=1557 vip_inh_bio=324 bg_exc=1995 bg_inh=653
[trial 85/100] spikes=6  rate=6.00 Hz  time=21.84s
[trial 86/100] input_spikes: pn_exc=1430 vip_inh_bio=327 bg_exc=1651 bg_inh=503
[trial 86/100] spikes=2  rate=2.00 Hz  time=21.55s
[trial 87/100] input_spikes: pn_exc=1655 vip_inh_bio=345 bg_exc=2387 bg_inh=703
[trial 87/100] spikes=4  rate=4.00 Hz  time=22.29s
[trial 88/100] input_spikes: pn_exc=1502 vip_inh_bio=328 bg_exc=1828 bg_inh=570
[trial 88/100] spikes=2  rate=2.00 Hz  time=21.60s
[trial 89/100] input_spikes: pn_exc=1626 vip_inh_bio=385 bg_exc=2396 bg_inh=737
[trial 89/100] spikes=1  rate=1.00 Hz  time=22.17s
[trial 90/100] input_spikes: pn_exc=1754 vip_inh_bio=385 bg_exc=2524 bg_inh=840
[trial 90/100] spikes=4  rate=4.00 Hz  time=22.46s
[trial 91/100] input_spikes: pn_exc=1703 vip_inh_bio=374 bg_exc=2323 bg_inh=766
[trial 91/100] spikes=2  rate=2.00 Hz  time=22.18s
[trial 92/100] input_spikes: pn_exc=1463 vip_inh_bio=287 bg_exc=0 bg_inh=0
[trial 92/100] spikes=0  rate=0.00 Hz  time=21.13s
[trial 93/100] input_spikes: pn_exc=1631 vip_inh_bio=367 bg_exc=2274 bg_inh=705
[trial 93/100] spikes=3  rate=3.00 Hz  time=22.09s
[trial 94/100] input_spikes: pn_exc=1705 vip_inh_bio=384 bg_exc=2398 bg_inh=814
[trial 94/100] spikes=7  rate=7.00 Hz  time=22.45s
[trial 95/100] input_spikes: pn_exc=1486 vip_inh_bio=341 bg_exc=1907 bg_inh=598
[trial 95/100] spikes=4  rate=4.00 Hz  time=21.73s
[trial 96/100] input_spikes: pn_exc=1736 vip_inh_bio=410 bg_exc=2314 bg_inh=719
[trial 96/100] spikes=2  rate=2.00 Hz  time=22.17s
[trial 97/100] input_spikes: pn_exc=1708 vip_inh_bio=370 bg_exc=2388 bg_inh=738
[trial 97/100] spikes=2  rate=2.00 Hz  time=22.32s
[trial 98/100] input_spikes: pn_exc=1736 vip_inh_bio=412 bg_exc=2345 bg_inh=744
[trial 98/100] spikes=4  rate=4.00 Hz  time=22.25s
[trial 99/100] input_spikes: pn_exc=1665 vip_inh_bio=379 bg_exc=2341 bg_inh=735
[trial 99/100] spikes=4  rate=4.00 Hz  time=22.00s
[trial 100/100] input_spikes: pn_exc=1515 vip_inh_bio=328 bg_exc=2041 bg_inh=665
[trial 100/100] spikes=2  rate=2.00 Hz  time=20.94s
save_plots single_plot warning: Top input panel: group list empty, auto-using all groups (4).
Results saved to /home/hrbncv/SCP/cells/SST/tunes/seg_tuned_all/output_data/slurm_42203/parts/slurm_42203_10/run_manifest.json
Total runtime: 2215.84s
