Running: python /home/hrbncv/SCP/run_pipeline.py --tune-dir /home/hrbncv/SCP/cells/SST/tunes/seg_tuned_all --output-dir /home/hrbncv/SCP/cells/SST/tunes/seg_tuned_all/output_data/slurm_29750/parts --n-trials 40 --output-stem slurm_29750_3 --trial-offset 120 --force-save
Loaded mechanisms from /home/hrbncv/SCP/cells/SST/tunes/seg_tuned_all/modfiles/x86_64/.libs/libnrnmech.so
Loaded Allen cell for 'SST' from /home/hrbncv/SCP/cells/SST/tunes/seg_tuned_all/manifest.json, soma_diam_multiplier=10.0, Vinit=-65.0, loader=genome_fallback
Geometry defined for 'SST': 1 soma segs, 54 proximal dend segs, 52 distal dend segs, 115 total dend segs.
[trial 1/40] input_spikes: pn_exc=1561 bg_exc=2892 bg_inh=463
[trial 1/40] spikes=2  rate=1.67 Hz  time=24.98s
[trial 2/40] input_spikes: pn_exc=1553 bg_exc=2850 bg_inh=440
[trial 2/40] spikes=5  rate=4.17 Hz  time=25.20s
[trial 3/40] input_spikes: pn_exc=1624 bg_exc=2861 bg_inh=468
[trial 3/40] spikes=5  rate=4.17 Hz  time=25.10s
[trial 4/40] input_spikes: pn_exc=1601 bg_exc=2912 bg_inh=454
[trial 4/40] spikes=8  rate=6.67 Hz  time=25.16s
[trial 5/40] input_spikes: pn_exc=1601 bg_exc=2941 bg_inh=475
[trial 5/40] spikes=4  rate=3.33 Hz  time=24.97s
[trial 6/40] input_spikes: pn_exc=1578 bg_exc=3007 bg_inh=455
[trial 6/40] spikes=5  rate=4.17 Hz  time=25.09s
[trial 7/40] input_spikes: pn_exc=1555 bg_exc=2813 bg_inh=417
[trial 7/40] spikes=4  rate=3.33 Hz  time=24.97s
[trial 8/40] input_spikes: pn_exc=1653 bg_exc=3035 bg_inh=469
[trial 8/40] spikes=3  rate=2.50 Hz  time=25.32s
[trial 9/40] input_spikes: pn_exc=1326 bg_exc=2274 bg_inh=334
[trial 9/40] spikes=2  rate=1.67 Hz  time=24.83s
[trial 10/40] input_spikes: pn_exc=1641 bg_exc=2940 bg_inh=465
[trial 10/40] spikes=5  rate=4.17 Hz  time=25.00s
[trial 11/40] input_spikes: pn_exc=1650 bg_exc=2916 bg_inh=452
[trial 11/40] spikes=2  rate=1.67 Hz  time=24.92s
[trial 12/40] input_spikes: pn_exc=1558 bg_exc=2739 bg_inh=474
[trial 12/40] spikes=1  rate=0.83 Hz  time=24.90s
[trial 13/40] input_spikes: pn_exc=1527 bg_exc=2858 bg_inh=439
[trial 13/40] spikes=5  rate=4.17 Hz  time=24.97s
[trial 14/40] input_spikes: pn_exc=1609 bg_exc=2909 bg_inh=461
[trial 14/40] spikes=2  rate=1.67 Hz  time=24.87s
[trial 15/40] input_spikes: pn_exc=1576 bg_exc=2771 bg_inh=435
[trial 15/40] spikes=3  rate=2.50 Hz  time=24.91s
[trial 16/40] input_spikes: pn_exc=1594 bg_exc=2805 bg_inh=455
[trial 16/40] spikes=3  rate=2.50 Hz  time=24.80s
[trial 17/40] input_spikes: pn_exc=1569 bg_exc=2998 bg_inh=452
[trial 17/40] spikes=5  rate=4.17 Hz  time=24.75s
[trial 18/40] input_spikes: pn_exc=1490 bg_exc=2492 bg_inh=377
[trial 18/40] spikes=3  rate=2.50 Hz  time=24.81s
[trial 19/40] input_spikes: pn_exc=1532 bg_exc=2941 bg_inh=402
[trial 19/40] spikes=6  rate=5.00 Hz  time=24.93s
[trial 20/40] input_spikes: pn_exc=1627 bg_exc=2760 bg_inh=421
[trial 20/40] spikes=4  rate=3.33 Hz  time=24.90s
[trial 21/40] input_spikes: pn_exc=1512 bg_exc=2946 bg_inh=458
[trial 21/40] spikes=4  rate=3.33 Hz  time=25.02s
[trial 22/40] input_spikes: pn_exc=1640 bg_exc=2949 bg_inh=482
[trial 22/40] spikes=2  rate=1.67 Hz  time=24.97s
[trial 23/40] input_spikes: pn_exc=1523 bg_exc=2772 bg_inh=429
[trial 23/40] spikes=3  rate=2.50 Hz  time=24.86s
[trial 24/40] input_spikes: pn_exc=1624 bg_exc=2959 bg_inh=434
[trial 24/40] spikes=2  rate=1.67 Hz  time=25.01s
[trial 25/40] input_spikes: pn_exc=1571 bg_exc=2754 bg_inh=434
[trial 25/40] spikes=6  rate=5.00 Hz  time=24.80s
[trial 26/40] input_spikes: pn_exc=1563 bg_exc=2626 bg_inh=409
[trial 26/40] spikes=5  rate=4.17 Hz  time=24.81s
[trial 27/40] input_spikes: pn_exc=1703 bg_exc=2895 bg_inh=474
[trial 27/40] spikes=2  rate=1.67 Hz  time=24.95s
[trial 28/40] input_spikes: pn_exc=1578 bg_exc=2791 bg_inh=496
[trial 28/40] spikes=4  rate=3.33 Hz  time=25.04s
[trial 29/40] input_spikes: pn_exc=1714 bg_exc=3006 bg_inh=485
[trial 29/40] spikes=4  rate=3.33 Hz  time=24.81s
[trial 30/40] input_spikes: pn_exc=1567 bg_exc=2900 bg_inh=404
[trial 30/40] spikes=6  rate=5.00 Hz  time=25.02s
[trial 31/40] input_spikes: pn_exc=1608 bg_exc=2924 bg_inh=474
[trial 31/40] spikes=4  rate=3.33 Hz  time=24.88s
[trial 32/40] input_spikes: pn_exc=1603 bg_exc=2940 bg_inh=463
[trial 32/40] spikes=1  rate=0.83 Hz  time=25.04s
[trial 33/40] input_spikes: pn_exc=1584 bg_exc=2919 bg_inh=431
[trial 33/40] spikes=5  rate=4.17 Hz  time=24.99s
[trial 34/40] input_spikes: pn_exc=1628 bg_exc=2831 bg_inh=477
[trial 34/40] spikes=3  rate=2.50 Hz  time=24.85s
[trial 35/40] input_spikes: pn_exc=1674 bg_exc=2899 bg_inh=496
[trial 35/40] spikes=3  rate=2.50 Hz  time=24.86s
[trial 36/40] input_spikes: pn_exc=1582 bg_exc=2943 bg_inh=484
[trial 36/40] spikes=3  rate=2.50 Hz  time=24.91s
[trial 37/40] input_spikes: pn_exc=1665 bg_exc=2949 bg_inh=475
[trial 37/40] spikes=5  rate=4.17 Hz  time=24.90s
[trial 38/40] input_spikes: pn_exc=1637 bg_exc=3010 bg_inh=467
[trial 38/40] spikes=5  rate=4.17 Hz  time=24.97s
[trial 39/40] input_spikes: pn_exc=1612 bg_exc=2992 bg_inh=415
[trial 39/40] spikes=4  rate=3.33 Hz  time=23.60s
[trial 40/40] input_spikes: pn_exc=1549 bg_exc=2700 bg_inh=415
[trial 40/40] spikes=6  rate=5.00 Hz  time=22.95s
Results saved to /home/hrbncv/SCP/cells/SST/tunes/seg_tuned_all/output_data/slurm_29750/parts/slurm_29750_3/run_manifest.json
Total runtime: 994.89s
