Running: /home/hrbncv/miniconda3/envs/BMTK-py311/bin/python /home/hrbncv/SCP/run_pipeline.py --tune-dir /home/hrbncv/SCP/cells/SST/tunes/seg_tuned_all --output-dir /home/hrbncv/SCP/cells/SST/tunes/seg_tuned_all/output_data/slurm_42203/parts --n-trials 100 --output-stem slurm_42203_41 --trial-offset 4100 --force-save
Loaded mechanisms from /home/hrbncv/SCP/cells/SST/tunes/seg_tuned_all/modfiles/x86_64/.libs/libnrnmech.so
Loaded Allen cell for 'SST' from /home/hrbncv/SCP/cells/SST/tunes/seg_tuned_all/manifest.json, soma_diam_multiplier=10.0, Vinit=-65.0, loader=genome_fallback
Geometry defined for 'SST': 1 soma segs, 54 proximal dend segs, 52 distal dend segs, 115 total dend segs.
[trial 1/100] input_spikes: pn_exc=1704 vip_inh_bio=381 bg_exc=2487 bg_inh=804
[trial 1/100] spikes=3  rate=3.00 Hz  time=21.88s
[trial 2/100] input_spikes: pn_exc=1671 vip_inh_bio=386 bg_exc=2420 bg_inh=767
[trial 2/100] spikes=1  rate=1.00 Hz  time=21.72s
[trial 3/100] input_spikes: pn_exc=1723 vip_inh_bio=377 bg_exc=2430 bg_inh=755
[trial 3/100] spikes=5  rate=5.00 Hz  time=22.07s
[trial 4/100] input_spikes: pn_exc=1748 vip_inh_bio=371 bg_exc=2490 bg_inh=790
[trial 4/100] spikes=4  rate=4.00 Hz  time=21.98s
[trial 5/100] input_spikes: pn_exc=1663 vip_inh_bio=376 bg_exc=2425 bg_inh=773
[trial 5/100] spikes=1  rate=1.00 Hz  time=22.05s
[trial 6/100] input_spikes: pn_exc=1700 vip_inh_bio=356 bg_exc=2442 bg_inh=752
[trial 6/100] spikes=5  rate=5.00 Hz  time=21.97s
[trial 7/100] input_spikes: pn_exc=1638 vip_inh_bio=336 bg_exc=2275 bg_inh=744
[trial 7/100] spikes=5  rate=5.00 Hz  time=21.85s
[trial 8/100] input_spikes: pn_exc=1709 vip_inh_bio=378 bg_exc=2220 bg_inh=747
[trial 8/100] spikes=6  rate=6.00 Hz  time=21.83s
[trial 9/100] input_spikes: pn_exc=1764 vip_inh_bio=346 bg_exc=2429 bg_inh=756
[trial 9/100] spikes=6  rate=6.00 Hz  time=22.14s
[trial 10/100] input_spikes: pn_exc=1448 vip_inh_bio=309 bg_exc=1456 bg_inh=446
[trial 10/100] spikes=2  rate=2.00 Hz  time=21.00s
[trial 11/100] input_spikes: pn_exc=1478 vip_inh_bio=323 bg_exc=1297 bg_inh=398
[trial 11/100] spikes=2  rate=2.00 Hz  time=21.01s
[trial 12/100] input_spikes: pn_exc=1752 vip_inh_bio=354 bg_exc=2404 bg_inh=783
[trial 12/100] spikes=3  rate=3.00 Hz  time=22.04s
[trial 13/100] input_spikes: pn_exc=1674 vip_inh_bio=366 bg_exc=2338 bg_inh=701
[trial 13/100] spikes=3  rate=3.00 Hz  time=22.01s
[trial 14/100] input_spikes: pn_exc=1655 vip_inh_bio=381 bg_exc=2472 bg_inh=757
[trial 14/100] spikes=4  rate=4.00 Hz  time=22.04s
[trial 15/100] input_spikes: pn_exc=1679 vip_inh_bio=335 bg_exc=2187 bg_inh=709
[trial 15/100] spikes=6  rate=6.00 Hz  time=22.01s
[trial 16/100] input_spikes: pn_exc=1525 vip_inh_bio=361 bg_exc=1928 bg_inh=622
[trial 16/100] spikes=4  rate=4.00 Hz  time=21.67s
[trial 17/100] input_spikes: pn_exc=1732 vip_inh_bio=362 bg_exc=2471 bg_inh=793
[trial 17/100] spikes=4  rate=4.00 Hz  time=22.18s
[trial 18/100] input_spikes: pn_exc=1690 vip_inh_bio=368 bg_exc=2457 bg_inh=771
[trial 18/100] spikes=2  rate=2.00 Hz  time=22.25s
[trial 19/100] input_spikes: pn_exc=1603 vip_inh_bio=334 bg_exc=2111 bg_inh=682
[trial 19/100] spikes=5  rate=5.00 Hz  time=21.83s
[trial 20/100] input_spikes: pn_exc=1572 vip_inh_bio=335 bg_exc=2062 bg_inh=647
[trial 20/100] spikes=4  rate=4.00 Hz  time=21.63s
[trial 21/100] input_spikes: pn_exc=1748 vip_inh_bio=420 bg_exc=2390 bg_inh=774
[trial 21/100] spikes=5  rate=5.00 Hz  time=22.26s
[trial 22/100] input_spikes: pn_exc=1601 vip_inh_bio=340 bg_exc=2136 bg_inh=643
[trial 22/100] spikes=7  rate=7.00 Hz  time=21.87s
[trial 23/100] input_spikes: pn_exc=1488 vip_inh_bio=265 bg_exc=1403 bg_inh=459
[trial 23/100] spikes=3  rate=3.00 Hz  time=21.42s
[trial 24/100] input_spikes: pn_exc=1770 vip_inh_bio=391 bg_exc=2458 bg_inh=745
[trial 24/100] spikes=7  rate=7.00 Hz  time=22.27s
[trial 25/100] input_spikes: pn_exc=1716 vip_inh_bio=368 bg_exc=2555 bg_inh=801
[trial 25/100] spikes=4  rate=4.00 Hz  time=22.34s
[trial 26/100] input_spikes: pn_exc=1640 vip_inh_bio=369 bg_exc=2287 bg_inh=701
[trial 26/100] spikes=7  rate=7.00 Hz  time=21.98s
[trial 27/100] input_spikes: pn_exc=1465 vip_inh_bio=316 bg_exc=1509 bg_inh=484
[trial 27/100] spikes=1  rate=1.00 Hz  time=21.31s
[trial 28/100] input_spikes: pn_exc=1648 vip_inh_bio=355 bg_exc=2419 bg_inh=800
[trial 28/100] spikes=3  rate=3.00 Hz  time=22.21s
[trial 29/100] input_spikes: pn_exc=1603 vip_inh_bio=331 bg_exc=2193 bg_inh=678
[trial 29/100] spikes=8  rate=8.00 Hz  time=21.91s
[trial 30/100] input_spikes: pn_exc=1702 vip_inh_bio=400 bg_exc=2409 bg_inh=803
[trial 30/100] spikes=5  rate=5.00 Hz  time=22.11s
[trial 31/100] input_spikes: pn_exc=1724 vip_inh_bio=381 bg_exc=2510 bg_inh=792
[trial 31/100] spikes=2  rate=2.00 Hz  time=22.33s
[trial 32/100] input_spikes: pn_exc=1746 vip_inh_bio=386 bg_exc=2550 bg_inh=773
[trial 32/100] spikes=8  rate=8.00 Hz  time=22.18s
[trial 33/100] input_spikes: pn_exc=1736 vip_inh_bio=410 bg_exc=2393 bg_inh=750
[trial 33/100] spikes=6  rate=6.00 Hz  time=22.18s
[trial 34/100] input_spikes: pn_exc=1729 vip_inh_bio=333 bg_exc=2170 bg_inh=678
[trial 34/100] spikes=4  rate=4.00 Hz  time=21.99s
[trial 35/100] input_spikes: pn_exc=1762 vip_inh_bio=383 bg_exc=2440 bg_inh=685
[trial 35/100] spikes=5  rate=5.00 Hz  time=22.16s
[trial 36/100] input_spikes: pn_exc=1822 vip_inh_bio=368 bg_exc=2514 bg_inh=775
[trial 36/100] spikes=5  rate=5.00 Hz  time=22.21s
[trial 37/100] input_spikes: pn_exc=1663 vip_inh_bio=345 bg_exc=2243 bg_inh=724
[trial 37/100] spikes=4  rate=4.00 Hz  time=22.16s
[trial 38/100] input_spikes: pn_exc=1709 vip_inh_bio=378 bg_exc=2401 bg_inh=769
[trial 38/100] spikes=7  rate=7.00 Hz  time=22.27s
[trial 39/100] input_spikes: pn_exc=1687 vip_inh_bio=360 bg_exc=2247 bg_inh=714
[trial 39/100] spikes=3  rate=3.00 Hz  time=22.12s
[trial 40/100] input_spikes: pn_exc=1710 vip_inh_bio=340 bg_exc=2324 bg_inh=724
[trial 40/100] spikes=3  rate=3.00 Hz  time=21.83s
[trial 41/100] input_spikes: pn_exc=1713 vip_inh_bio=410 bg_exc=2512 bg_inh=795
[trial 41/100] spikes=4  rate=4.00 Hz  time=22.18s
[trial 42/100] input_spikes: pn_exc=1659 vip_inh_bio=397 bg_exc=2388 bg_inh=727
[trial 42/100] spikes=1  rate=1.00 Hz  time=21.96s
[trial 43/100] input_spikes: pn_exc=1851 vip_inh_bio=419 bg_exc=2445 bg_inh=756
[trial 43/100] spikes=7  rate=7.00 Hz  time=22.33s
[trial 44/100] input_spikes: pn_exc=1693 vip_inh_bio=421 bg_exc=2243 bg_inh=723
[trial 44/100] spikes=2  rate=2.00 Hz  time=21.97s
[trial 45/100] input_spikes: pn_exc=1663 vip_inh_bio=396 bg_exc=2351 bg_inh=746
[trial 45/100] spikes=2  rate=2.00 Hz  time=22.19s
[trial 46/100] input_spikes: pn_exc=1815 vip_inh_bio=399 bg_exc=2409 bg_inh=826
[trial 46/100] spikes=4  rate=4.00 Hz  time=22.26s
[trial 47/100] input_spikes: pn_exc=1706 vip_inh_bio=325 bg_exc=2291 bg_inh=716
[trial 47/100] spikes=5  rate=5.00 Hz  time=21.97s
[trial 48/100] input_spikes: pn_exc=1510 vip_inh_bio=322 bg_exc=1909 bg_inh=618
[trial 48/100] spikes=2  rate=2.00 Hz  time=21.71s
[trial 49/100] input_spikes: pn_exc=1663 vip_inh_bio=383 bg_exc=2350 bg_inh=778
[trial 49/100] spikes=7  rate=7.00 Hz  time=22.13s
[trial 50/100] input_spikes: pn_exc=1746 vip_inh_bio=377 bg_exc=2474 bg_inh=766
[trial 50/100] spikes=3  rate=3.00 Hz  time=22.21s
[trial 51/100] input_spikes: pn_exc=1698 vip_inh_bio=375 bg_exc=2138 bg_inh=711
[trial 51/100] spikes=3  rate=3.00 Hz  time=21.86s
[trial 52/100] input_spikes: pn_exc=1600 vip_inh_bio=345 bg_exc=2207 bg_inh=696
[trial 52/100] spikes=4  rate=4.00 Hz  time=21.80s
[trial 53/100] input_spikes: pn_exc=1772 vip_inh_bio=391 bg_exc=2422 bg_inh=803
[trial 53/100] spikes=2  rate=2.00 Hz  time=22.34s
[trial 54/100] input_spikes: pn_exc=1521 vip_inh_bio=333 bg_exc=2246 bg_inh=717
[trial 54/100] spikes=2  rate=2.00 Hz  time=21.78s
[trial 55/100] input_spikes: pn_exc=1712 vip_inh_bio=380 bg_exc=2490 bg_inh=776
[trial 55/100] spikes=6  rate=6.00 Hz  time=22.30s
[trial 56/100] input_spikes: pn_exc=1722 vip_inh_bio=366 bg_exc=2370 bg_inh=730
[trial 56/100] spikes=1  rate=1.00 Hz  time=22.09s
[trial 57/100] input_spikes: pn_exc=1682 vip_inh_bio=376 bg_exc=2147 bg_inh=714
[trial 57/100] spikes=3  rate=3.00 Hz  time=21.83s
[trial 58/100] input_spikes: pn_exc=1645 vip_inh_bio=367 bg_exc=2200 bg_inh=733
[trial 58/100] spikes=2  rate=2.00 Hz  time=21.94s
[trial 59/100] input_spikes: pn_exc=1713 vip_inh_bio=389 bg_exc=2422 bg_inh=780
[trial 59/100] spikes=5  rate=5.00 Hz  time=22.19s
[trial 60/100] input_spikes: pn_exc=1702 vip_inh_bio=387 bg_exc=2419 bg_inh=742
[trial 60/100] spikes=3  rate=3.00 Hz  time=22.10s
[trial 61/100] input_spikes: pn_exc=1725 vip_inh_bio=353 bg_exc=2329 bg_inh=720
[trial 61/100] spikes=4  rate=4.00 Hz  time=22.19s
[trial 62/100] input_spikes: pn_exc=1816 vip_inh_bio=373 bg_exc=2528 bg_inh=803
[trial 62/100] spikes=4  rate=4.00 Hz  time=22.33s
[trial 63/100] input_spikes: pn_exc=1705 vip_inh_bio=353 bg_exc=2222 bg_inh=724
[trial 63/100] spikes=5  rate=5.00 Hz  time=22.97s
[trial 64/100] input_spikes: pn_exc=1556 vip_inh_bio=330 bg_exc=1918 bg_inh=568
[trial 64/100] spikes=5  rate=5.00 Hz  time=22.38s
[trial 65/100] input_spikes: pn_exc=1711 vip_inh_bio=393 bg_exc=2483 bg_inh=744
[trial 65/100] spikes=1  rate=1.00 Hz  time=23.75s
[trial 66/100] input_spikes: pn_exc=1623 vip_inh_bio=368 bg_exc=2138 bg_inh=747
[trial 66/100] spikes=3  rate=3.00 Hz  time=22.60s
[trial 67/100] input_spikes: pn_exc=1705 vip_inh_bio=373 bg_exc=2455 bg_inh=739
[trial 67/100] spikes=4  rate=4.00 Hz  time=22.26s
[trial 68/100] input_spikes: pn_exc=1693 vip_inh_bio=328 bg_exc=2451 bg_inh=744
[trial 68/100] spikes=1  rate=1.00 Hz  time=22.31s
[trial 69/100] input_spikes: pn_exc=1664 vip_inh_bio=374 bg_exc=2279 bg_inh=720
[trial 69/100] spikes=4  rate=4.00 Hz  time=22.06s
[trial 70/100] input_spikes: pn_exc=1722 vip_inh_bio=386 bg_exc=2477 bg_inh=737
[trial 70/100] spikes=6  rate=6.00 Hz  time=22.25s
[trial 71/100] input_spikes: pn_exc=1722 vip_inh_bio=404 bg_exc=2457 bg_inh=751
[trial 71/100] spikes=4  rate=4.00 Hz  time=22.40s
[trial 72/100] input_spikes: pn_exc=1664 vip_inh_bio=365 bg_exc=2177 bg_inh=724
[trial 72/100] spikes=6  rate=6.00 Hz  time=22.04s
[trial 73/100] input_spikes: pn_exc=1717 vip_inh_bio=386 bg_exc=2371 bg_inh=726
[trial 73/100] spikes=5  rate=5.00 Hz  time=22.32s
[trial 74/100] input_spikes: pn_exc=1639 vip_inh_bio=372 bg_exc=2400 bg_inh=796
[trial 74/100] spikes=4  rate=4.00 Hz  time=22.23s
[trial 75/100] input_spikes: pn_exc=1654 vip_inh_bio=350 bg_exc=2333 bg_inh=761
[trial 75/100] spikes=3  rate=3.00 Hz  time=22.16s
[trial 76/100] input_spikes: pn_exc=1705 vip_inh_bio=371 bg_exc=2179 bg_inh=650
[trial 76/100] spikes=6  rate=6.00 Hz  time=21.97s
[trial 77/100] input_spikes: pn_exc=1804 vip_inh_bio=370 bg_exc=2473 bg_inh=788
[trial 77/100] spikes=6  rate=6.00 Hz  time=22.39s
[trial 78/100] input_spikes: pn_exc=1696 vip_inh_bio=351 bg_exc=2402 bg_inh=695
[trial 78/100] spikes=4  rate=4.00 Hz  time=22.09s
[trial 79/100] input_spikes: pn_exc=1745 vip_inh_bio=336 bg_exc=2416 bg_inh=750
[trial 79/100] spikes=3  rate=3.00 Hz  time=22.30s
[trial 80/100] input_spikes: pn_exc=1610 vip_inh_bio=361 bg_exc=2362 bg_inh=765
[trial 80/100] spikes=5  rate=5.00 Hz  time=22.12s
[trial 81/100] input_spikes: pn_exc=1721 vip_inh_bio=385 bg_exc=2445 bg_inh=762
[trial 81/100] spikes=6  rate=6.00 Hz  time=22.21s
[trial 82/100] input_spikes: pn_exc=1633 vip_inh_bio=332 bg_exc=2062 bg_inh=680
[trial 82/100] spikes=5  rate=5.00 Hz  time=21.87s
[trial 83/100] input_spikes: pn_exc=1560 vip_inh_bio=320 bg_exc=2008 bg_inh=663
[trial 83/100] spikes=5  rate=5.00 Hz  time=21.74s
[trial 84/100] input_spikes: pn_exc=1687 vip_inh_bio=374 bg_exc=2422 bg_inh=810
[trial 84/100] spikes=5  rate=5.00 Hz  time=22.38s
[trial 85/100] input_spikes: pn_exc=1709 vip_inh_bio=371 bg_exc=2294 bg_inh=731
[trial 85/100] spikes=5  rate=5.00 Hz  time=22.29s
[trial 86/100] input_spikes: pn_exc=1666 vip_inh_bio=374 bg_exc=2337 bg_inh=722
[trial 86/100] spikes=3  rate=3.00 Hz  time=22.20s
[trial 87/100] input_spikes: pn_exc=1645 vip_inh_bio=349 bg_exc=2130 bg_inh=650
[trial 87/100] spikes=6  rate=6.00 Hz  time=21.98s
[trial 88/100] input_spikes: pn_exc=1634 vip_inh_bio=353 bg_exc=2126 bg_inh=678
[trial 88/100] spikes=1  rate=1.00 Hz  time=21.93s
[trial 89/100] input_spikes: pn_exc=1684 vip_inh_bio=371 bg_exc=2251 bg_inh=689
[trial 89/100] spikes=4  rate=4.00 Hz  time=22.13s
[trial 90/100] input_spikes: pn_exc=1667 vip_inh_bio=367 bg_exc=2323 bg_inh=734
[trial 90/100] spikes=3  rate=3.00 Hz  time=22.06s
[trial 91/100] input_spikes: pn_exc=1689 vip_inh_bio=392 bg_exc=2434 bg_inh=772
[trial 91/100] spikes=2  rate=2.00 Hz  time=22.30s
[trial 92/100] input_spikes: pn_exc=1700 vip_inh_bio=398 bg_exc=2475 bg_inh=797
[trial 92/100] spikes=4  rate=4.00 Hz  time=22.35s
[trial 93/100] input_spikes: pn_exc=1746 vip_inh_bio=361 bg_exc=2329 bg_inh=791
[trial 93/100] spikes=7  rate=7.00 Hz  time=22.33s
[trial 94/100] input_spikes: pn_exc=1658 vip_inh_bio=345 bg_exc=2257 bg_inh=740
[trial 94/100] spikes=7  rate=7.00 Hz  time=22.39s
[trial 95/100] input_spikes: pn_exc=1757 vip_inh_bio=402 bg_exc=2571 bg_inh=772
[trial 95/100] spikes=4  rate=4.00 Hz  time=22.55s
[trial 96/100] input_spikes: pn_exc=1729 vip_inh_bio=377 bg_exc=2498 bg_inh=762
[trial 96/100] spikes=5  rate=5.00 Hz  time=22.34s
[trial 97/100] input_spikes: pn_exc=1512 vip_inh_bio=333 bg_exc=1893 bg_inh=564
[trial 97/100] spikes=2  rate=2.00 Hz  time=21.69s
[trial 98/100] input_spikes: pn_exc=1699 vip_inh_bio=355 bg_exc=2307 bg_inh=722
[trial 98/100] spikes=2  rate=2.00 Hz  time=22.24s
[trial 99/100] input_spikes: pn_exc=1733 vip_inh_bio=381 bg_exc=2401 bg_inh=736
[trial 99/100] spikes=4  rate=4.00 Hz  time=22.24s
[trial 100/100] input_spikes: pn_exc=1727 vip_inh_bio=386 bg_exc=2384 bg_inh=794
[trial 100/100] spikes=3  rate=3.00 Hz  time=21.70s
save_plots single_plot warning: Top input panel: group list empty, auto-using all groups (4).
Results saved to /home/hrbncv/SCP/cells/SST/tunes/seg_tuned_all/output_data/slurm_42203/parts/slurm_42203_41/run_manifest.json
Total runtime: 2212.01s
