Running: python /home/hrbncv/SCP/run_pipeline.py --tune-dir /home/hrbncv/SCP/cells/PV/tunes/seg_tuned --output-dir /home/hrbncv/SCP/cells/PV/tunes/seg_tuned/output_data/slurm_34963/parts --n-trials 40 --output-stem slurm_34963_8 --trial-offset 320 --force-save
Mechanisms already loaded; skipping duplicate load.
Loaded Allen cell for 'PV' from /home/hrbncv/SCP/cells/PV/tunes/seg_tuned/manifest.json, soma_diam_multiplier=6.0, Vinit=-71.0, loader=allensdk_default
Geometry defined for 'PV': 1 soma segs, 46 proximal dend segs, 41 distal dend segs, 97 total dend segs.
[trial 1/40] input_spikes: pn_exc=2848 bg_exc=873 bg_inh=224 sst_inh=387 pv_inh=1208
[trial 1/40] spikes=5  rate=5.00 Hz  time=26.44s
[trial 2/40] input_spikes: pn_exc=2647 bg_exc=759 bg_inh=219 sst_inh=377 pv_inh=1196
[trial 2/40] spikes=6  rate=6.00 Hz  time=26.46s
[trial 3/40] input_spikes: pn_exc=2817 bg_exc=860 bg_inh=223 sst_inh=380 pv_inh=1202
[trial 3/40] spikes=6  rate=6.00 Hz  time=26.64s
[trial 4/40] input_spikes: pn_exc=2628 bg_exc=771 bg_inh=185 sst_inh=370 pv_inh=1191
[trial 4/40] spikes=7  rate=7.00 Hz  time=26.50s
[trial 5/40] input_spikes: pn_exc=2792 bg_exc=913 bg_inh=211 sst_inh=381 pv_inh=1207
[trial 5/40] spikes=7  rate=7.00 Hz  time=26.46s
[trial 6/40] input_spikes: pn_exc=2774 bg_exc=825 bg_inh=195 sst_inh=368 pv_inh=1187
[trial 6/40] spikes=7  rate=7.00 Hz  time=26.42s
[trial 7/40] input_spikes: pn_exc=2775 bg_exc=802 bg_inh=177 sst_inh=383 pv_inh=1216
[trial 7/40] spikes=8  rate=8.00 Hz  time=26.45s
[trial 8/40] input_spikes: pn_exc=2709 bg_exc=806 bg_inh=198 sst_inh=349 pv_inh=1217
[trial 8/40] spikes=5  rate=5.00 Hz  time=26.60s
[trial 9/40] input_spikes: pn_exc=2832 bg_exc=895 bg_inh=213 sst_inh=380 pv_inh=1193
[trial 9/40] spikes=6  rate=6.00 Hz  time=26.67s
[trial 10/40] input_spikes: pn_exc=2692 bg_exc=831 bg_inh=198 sst_inh=357 pv_inh=1186
[trial 10/40] spikes=6  rate=6.00 Hz  time=27.33s
[trial 11/40] input_spikes: pn_exc=2443 bg_exc=692 bg_inh=154 sst_inh=379 pv_inh=1185
[trial 11/40] spikes=6  rate=6.00 Hz  time=27.02s
[trial 12/40] input_spikes: pn_exc=2633 bg_exc=761 bg_inh=193 sst_inh=337 pv_inh=1190
[trial 12/40] spikes=5  rate=5.00 Hz  time=27.02s
[trial 13/40] input_spikes: pn_exc=2618 bg_exc=716 bg_inh=166 sst_inh=381 pv_inh=1184
[trial 13/40] spikes=8  rate=8.00 Hz  time=30.41s
[trial 14/40] input_spikes: pn_exc=2821 bg_exc=852 bg_inh=207 sst_inh=365 pv_inh=1204
[trial 14/40] spikes=7  rate=7.00 Hz  time=33.87s
[trial 15/40] input_spikes: pn_exc=2829 bg_exc=869 bg_inh=211 sst_inh=376 pv_inh=1182
[trial 15/40] spikes=7  rate=7.00 Hz  time=34.19s
[trial 16/40] input_spikes: pn_exc=2681 bg_exc=731 bg_inh=197 sst_inh=368 pv_inh=1218
[trial 16/40] spikes=7  rate=7.00 Hz  time=33.67s
[trial 17/40] input_spikes: pn_exc=2909 bg_exc=895 bg_inh=179 sst_inh=386 pv_inh=1207
[trial 17/40] spikes=7  rate=7.00 Hz  time=33.81s
[trial 18/40] input_spikes: pn_exc=2858 bg_exc=827 bg_inh=201 sst_inh=378 pv_inh=1198
[trial 18/40] spikes=6  rate=6.00 Hz  time=33.59s
[trial 19/40] input_spikes: pn_exc=2416 bg_exc=472 bg_inh=89 sst_inh=383 pv_inh=1212
[trial 19/40] spikes=6  rate=6.00 Hz  time=33.61s
[trial 20/40] input_spikes: pn_exc=2861 bg_exc=927 bg_inh=212 sst_inh=354 pv_inh=1199
[trial 20/40] spikes=7  rate=7.00 Hz  time=34.15s
[trial 21/40] input_spikes: pn_exc=2819 bg_exc=915 bg_inh=221 sst_inh=400 pv_inh=1187
[trial 21/40] spikes=7  rate=7.00 Hz  time=34.82s
[trial 22/40] input_spikes: pn_exc=2961 bg_exc=908 bg_inh=198 sst_inh=381 pv_inh=1208
[trial 22/40] spikes=7  rate=7.00 Hz  time=33.77s
[trial 23/40] input_spikes: pn_exc=2714 bg_exc=812 bg_inh=206 sst_inh=384 pv_inh=1184
[trial 23/40] spikes=4  rate=4.00 Hz  time=32.73s
[trial 24/40] input_spikes: pn_exc=2828 bg_exc=858 bg_inh=209 sst_inh=375 pv_inh=1205
[trial 24/40] spikes=5  rate=5.00 Hz  time=28.62s
[trial 25/40] input_spikes: pn_exc=2840 bg_exc=848 bg_inh=206 sst_inh=352 pv_inh=1215
[trial 25/40] spikes=7  rate=7.00 Hz  time=27.32s
[trial 26/40] input_spikes: pn_exc=2793 bg_exc=822 bg_inh=194 sst_inh=358 pv_inh=1206
[trial 26/40] spikes=6  rate=6.00 Hz  time=27.43s
[trial 27/40] input_spikes: pn_exc=2866 bg_exc=920 bg_inh=236 sst_inh=383 pv_inh=1197
[trial 27/40] spikes=5  rate=5.00 Hz  time=27.49s
[trial 28/40] input_spikes: pn_exc=2833 bg_exc=852 bg_inh=205 sst_inh=378 pv_inh=1206
[trial 28/40] spikes=6  rate=6.00 Hz  time=27.61s
[trial 29/40] input_spikes: pn_exc=2929 bg_exc=896 bg_inh=207 sst_inh=391 pv_inh=1199
[trial 29/40] spikes=6  rate=6.00 Hz  time=27.89s
[trial 30/40] input_spikes: pn_exc=2679 bg_exc=855 bg_inh=202 sst_inh=378 pv_inh=1179
[trial 30/40] spikes=7  rate=7.00 Hz  time=27.41s
[trial 31/40] input_spikes: pn_exc=2612 bg_exc=743 bg_inh=193 sst_inh=386 pv_inh=1200
[trial 31/40] spikes=4  rate=4.00 Hz  time=27.45s
[trial 32/40] input_spikes: pn_exc=2764 bg_exc=888 bg_inh=205 sst_inh=376 pv_inh=1210
[trial 32/40] spikes=8  rate=8.00 Hz  time=27.47s
[trial 33/40] input_spikes: pn_exc=2806 bg_exc=847 bg_inh=208 sst_inh=372 pv_inh=1185
[trial 33/40] spikes=4  rate=4.00 Hz  time=27.48s
[trial 34/40] input_spikes: pn_exc=2817 bg_exc=865 bg_inh=219 sst_inh=385 pv_inh=1215
[trial 34/40] spikes=5  rate=5.00 Hz  time=27.35s
[trial 35/40] input_spikes: pn_exc=2662 bg_exc=811 bg_inh=198 sst_inh=360 pv_inh=1168
[trial 35/40] spikes=7  rate=7.00 Hz  time=27.16s
[trial 36/40] input_spikes: pn_exc=2855 bg_exc=889 bg_inh=195 sst_inh=365 pv_inh=1204
[trial 36/40] spikes=7  rate=7.00 Hz  time=27.01s
[trial 37/40] input_spikes: pn_exc=2794 bg_exc=857 bg_inh=227 sst_inh=370 pv_inh=1184
[trial 37/40] spikes=7  rate=7.00 Hz  time=26.87s
[trial 38/40] input_spikes: pn_exc=2799 bg_exc=859 bg_inh=197 sst_inh=360 pv_inh=1190
[trial 38/40] spikes=5  rate=5.00 Hz  time=26.86s
[trial 39/40] input_spikes: pn_exc=2744 bg_exc=867 bg_inh=194 sst_inh=382 pv_inh=1199
[trial 39/40] spikes=7  rate=7.00 Hz  time=26.88s
[trial 40/40] input_spikes: pn_exc=2762 bg_exc=798 bg_inh=188 sst_inh=370 pv_inh=1187
[trial 40/40] spikes=6  rate=6.00 Hz  time=26.92s
save_plots single_plot warning: Top input panel: group list empty, auto-using all groups (5).
Results saved to /home/hrbncv/SCP/cells/PV/tunes/seg_tuned/output_data/slurm_34963/parts/slurm_34963_8/run_manifest.json
Total runtime: 1155.42s
