Running: python /home/hrbncv/SCP/run_pipeline.py --tune-dir /home/hrbncv/SCP/cells/SST/tunes/seg_tuned_all --output-dir /home/hrbncv/SCP/cells/SST/tunes/seg_tuned_all/output_data/slurm_35973/parts --n-trials 20 --output-stem slurm_35973_4 --trial-offset 80 --force-save
Loaded mechanisms from /home/hrbncv/SCP/cells/SST/tunes/seg_tuned_all/modfiles/x86_64/.libs/libnrnmech.so
Loaded Allen cell for 'SST' from /home/hrbncv/SCP/cells/SST/tunes/seg_tuned_all/manifest.json, soma_diam_multiplier=10.0, Vinit=-65.0, loader=genome_fallback
Geometry defined for 'SST': 1 soma segs, 54 proximal dend segs, 52 distal dend segs, 115 total dend segs.
[trial 1/20] input_spikes: pn_exc=1640 bg_exc=2422 bg_inh=729
[trial 1/20] spikes=4  rate=4.00 Hz  time=22.46s
[trial 2/20] input_spikes: pn_exc=1690 bg_exc=2292 bg_inh=776
[trial 2/20] spikes=4  rate=4.00 Hz  time=22.27s
[trial 3/20] input_spikes: pn_exc=1667 bg_exc=2353 bg_inh=736
[trial 3/20] spikes=4  rate=4.00 Hz  time=22.29s
[trial 4/20] input_spikes: pn_exc=1565 bg_exc=2193 bg_inh=692
[trial 4/20] spikes=4  rate=4.00 Hz  time=21.99s
[trial 5/20] input_spikes: pn_exc=1692 bg_exc=2475 bg_inh=708
[trial 5/20] spikes=6  rate=6.00 Hz  time=22.23s
[trial 6/20] input_spikes: pn_exc=1761 bg_exc=2580 bg_inh=802
[trial 6/20] spikes=3  rate=3.00 Hz  time=22.51s
[trial 7/20] input_spikes: pn_exc=1733 bg_exc=2465 bg_inh=787
[trial 7/20] spikes=3  rate=3.00 Hz  time=22.43s
[trial 8/20] input_spikes: pn_exc=1742 bg_exc=2402 bg_inh=788
[trial 8/20] spikes=3  rate=3.00 Hz  time=22.21s
[trial 9/20] input_spikes: pn_exc=1635 bg_exc=2354 bg_inh=722
[trial 9/20] spikes=1  rate=1.00 Hz  time=22.28s
[trial 10/20] input_spikes: pn_exc=1762 bg_exc=2338 bg_inh=738
[trial 10/20] spikes=4  rate=4.00 Hz  time=22.22s
[trial 11/20] input_spikes: pn_exc=1705 bg_exc=2194 bg_inh=693
[trial 11/20] spikes=2  rate=2.00 Hz  time=22.23s
[trial 12/20] input_spikes: pn_exc=1645 bg_exc=2251 bg_inh=678
[trial 12/20] spikes=4  rate=4.00 Hz  time=22.36s
[trial 13/20] input_spikes: pn_exc=1617 bg_exc=2246 bg_inh=719
[trial 13/20] spikes=5  rate=5.00 Hz  time=22.15s
[trial 14/20] input_spikes: pn_exc=1774 bg_exc=2459 bg_inh=776
[trial 14/20] spikes=8  rate=8.00 Hz  time=22.60s
[trial 15/20] input_spikes: pn_exc=1588 bg_exc=2135 bg_inh=679
[trial 15/20] spikes=3  rate=3.00 Hz  time=22.26s
[trial 16/20] input_spikes: pn_exc=1640 bg_exc=2174 bg_inh=685
[trial 16/20] spikes=4  rate=4.00 Hz  time=22.09s
[trial 17/20] input_spikes: pn_exc=1636 bg_exc=2100 bg_inh=661
[trial 17/20] spikes=7  rate=7.00 Hz  time=22.12s
[trial 18/20] input_spikes: pn_exc=1755 bg_exc=2352 bg_inh=710
[trial 18/20] spikes=4  rate=4.00 Hz  time=22.49s
[trial 19/20] input_spikes: pn_exc=1667 bg_exc=2490 bg_inh=763
[trial 19/20] spikes=8  rate=8.00 Hz  time=22.56s
[trial 20/20] input_spikes: pn_exc=1806 bg_exc=2493 bg_inh=761
[trial 20/20] spikes=3  rate=3.00 Hz  time=22.03s
Results saved to /home/hrbncv/SCP/cells/SST/tunes/seg_tuned_all/output_data/slurm_35973/parts/slurm_35973_4/run_manifest.json
Total runtime: 446.13s
