Running: python /home/hrbncv/SCP/run_pipeline.py --tune-dir /home/hrbncv/SCP/cells/SST/tunes/seg_tuned_all --output-dir /home/hrbncv/SCP/cells/SST/tunes/seg_tuned_all/output_data/slurm_35973/parts --n-trials 20 --output-stem slurm_35973_39 --trial-offset 780 --force-save
Loaded mechanisms from /home/hrbncv/SCP/cells/SST/tunes/seg_tuned_all/modfiles/x86_64/.libs/libnrnmech.so
Loaded Allen cell for 'SST' from /home/hrbncv/SCP/cells/SST/tunes/seg_tuned_all/manifest.json, soma_diam_multiplier=10.0, Vinit=-65.0, loader=genome_fallback
Geometry defined for 'SST': 1 soma segs, 54 proximal dend segs, 52 distal dend segs, 115 total dend segs.
[trial 1/20] input_spikes: pn_exc=1706 bg_exc=2357 bg_inh=759
[trial 1/20] spikes=7  rate=7.00 Hz  time=22.90s
[trial 2/20] input_spikes: pn_exc=1564 bg_exc=2032 bg_inh=630
[trial 2/20] spikes=2  rate=2.00 Hz  time=22.70s
[trial 3/20] input_spikes: pn_exc=1784 bg_exc=2437 bg_inh=781
[trial 3/20] spikes=1  rate=1.00 Hz  time=23.44s
[trial 4/20] input_spikes: pn_exc=1614 bg_exc=2397 bg_inh=733
[trial 4/20] spikes=6  rate=6.00 Hz  time=23.23s
[trial 5/20] input_spikes: pn_exc=1519 bg_exc=1844 bg_inh=593
[trial 5/20] spikes=8  rate=8.00 Hz  time=22.54s
[trial 6/20] input_spikes: pn_exc=1695 bg_exc=2338 bg_inh=662
[trial 6/20] spikes=1  rate=1.00 Hz  time=22.64s
[trial 7/20] input_spikes: pn_exc=1724 bg_exc=2405 bg_inh=698
[trial 7/20] spikes=5  rate=5.00 Hz  time=22.91s
[trial 8/20] input_spikes: pn_exc=1773 bg_exc=2325 bg_inh=739
[trial 8/20] spikes=3  rate=3.00 Hz  time=22.91s
[trial 9/20] input_spikes: pn_exc=1783 bg_exc=2395 bg_inh=764
[trial 9/20] spikes=1  rate=1.00 Hz  time=22.78s
[trial 10/20] input_spikes: pn_exc=1613 bg_exc=2387 bg_inh=727
[trial 10/20] spikes=4  rate=4.00 Hz  time=22.63s
[trial 11/20] input_spikes: pn_exc=1782 bg_exc=2491 bg_inh=763
[trial 11/20] spikes=7  rate=7.00 Hz  time=23.11s
[trial 12/20] input_spikes: pn_exc=1612 bg_exc=2164 bg_inh=605
[trial 12/20] spikes=7  rate=7.00 Hz  time=22.61s
[trial 13/20] input_spikes: pn_exc=1638 bg_exc=2307 bg_inh=744
[trial 13/20] spikes=2  rate=2.00 Hz  time=22.89s
[trial 14/20] input_spikes: pn_exc=1683 bg_exc=2404 bg_inh=795
[trial 14/20] spikes=3  rate=3.00 Hz  time=22.87s
[trial 15/20] input_spikes: pn_exc=1781 bg_exc=2590 bg_inh=796
[trial 15/20] spikes=7  rate=7.00 Hz  time=22.91s
[trial 16/20] input_spikes: pn_exc=1731 bg_exc=2372 bg_inh=800
[trial 16/20] spikes=1  rate=1.00 Hz  time=22.81s
[trial 17/20] input_spikes: pn_exc=1707 bg_exc=2488 bg_inh=764
[trial 17/20] spikes=6  rate=6.00 Hz  time=22.93s
[trial 18/20] input_spikes: pn_exc=1726 bg_exc=2286 bg_inh=697
[trial 18/20] spikes=8  rate=8.00 Hz  time=22.53s
[trial 19/20] input_spikes: pn_exc=1653 bg_exc=2292 bg_inh=683
[trial 19/20] spikes=6  rate=6.00 Hz  time=22.69s
[trial 20/20] input_spikes: pn_exc=1684 bg_exc=2428 bg_inh=759
[trial 20/20] spikes=3  rate=3.00 Hz  time=21.09s
Results saved to /home/hrbncv/SCP/cells/SST/tunes/seg_tuned_all/output_data/slurm_35973/parts/slurm_35973_39/run_manifest.json
Total runtime: 455.50s
