Running: python /home/hrbncv/SCP/run_pipeline.py --tune-dir /home/hrbncv/SCP/cells/SST/tunes/seg_tuned_all --output-dir /home/hrbncv/SCP/cells/SST/tunes/seg_tuned_all/output_data/slurm_35973/parts --n-trials 20 --output-stem slurm_35973_3 --trial-offset 60 --force-save
Loaded mechanisms from /home/hrbncv/SCP/cells/SST/tunes/seg_tuned_all/modfiles/x86_64/.libs/libnrnmech.so
Loaded Allen cell for 'SST' from /home/hrbncv/SCP/cells/SST/tunes/seg_tuned_all/manifest.json, soma_diam_multiplier=10.0, Vinit=-65.0, loader=genome_fallback
Geometry defined for 'SST': 1 soma segs, 54 proximal dend segs, 52 distal dend segs, 115 total dend segs.
[trial 1/20] input_spikes: pn_exc=1657 bg_exc=2440 bg_inh=756
[trial 1/20] spikes=2  rate=2.00 Hz  time=21.73s
[trial 2/20] input_spikes: pn_exc=1704 bg_exc=2434 bg_inh=745
[trial 2/20] spikes=3  rate=3.00 Hz  time=21.83s
[trial 3/20] input_spikes: pn_exc=1634 bg_exc=2275 bg_inh=690
[trial 3/20] spikes=4  rate=4.00 Hz  time=21.40s
[trial 4/20] input_spikes: pn_exc=1758 bg_exc=2413 bg_inh=772
[trial 4/20] spikes=2  rate=2.00 Hz  time=21.64s
[trial 5/20] input_spikes: pn_exc=1763 bg_exc=2311 bg_inh=729
[trial 5/20] spikes=6  rate=6.00 Hz  time=21.52s
[trial 6/20] input_spikes: pn_exc=1692 bg_exc=2303 bg_inh=701
[trial 6/20] spikes=7  rate=7.00 Hz  time=21.36s
[trial 7/20] input_spikes: pn_exc=1644 bg_exc=2347 bg_inh=760
[trial 7/20] spikes=6  rate=6.00 Hz  time=21.52s
[trial 8/20] input_spikes: pn_exc=1716 bg_exc=2446 bg_inh=771
[trial 8/20] spikes=5  rate=5.00 Hz  time=21.59s
[trial 9/20] input_spikes: pn_exc=1725 bg_exc=2512 bg_inh=731
[trial 9/20] spikes=4  rate=4.00 Hz  time=21.85s
[trial 10/20] input_spikes: pn_exc=1695 bg_exc=2448 bg_inh=747
[trial 10/20] spikes=3  rate=3.00 Hz  time=21.84s
[trial 11/20] input_spikes: pn_exc=1593 bg_exc=2047 bg_inh=655
[trial 11/20] spikes=6  rate=6.00 Hz  time=21.22s
[trial 12/20] input_spikes: pn_exc=1752 bg_exc=2443 bg_inh=767
[trial 12/20] spikes=3  rate=3.00 Hz  time=21.86s
[trial 13/20] input_spikes: pn_exc=1605 bg_exc=2418 bg_inh=747
[trial 13/20] spikes=3  rate=3.00 Hz  time=21.56s
[trial 14/20] input_spikes: pn_exc=1714 bg_exc=2412 bg_inh=747
[trial 14/20] spikes=4  rate=4.00 Hz  time=21.66s
[trial 15/20] input_spikes: pn_exc=1652 bg_exc=2040 bg_inh=628
[trial 15/20] spikes=4  rate=4.00 Hz  time=21.27s
[trial 16/20] input_spikes: pn_exc=1712 bg_exc=2473 bg_inh=725
[trial 16/20] spikes=5  rate=5.00 Hz  time=21.64s
[trial 17/20] input_spikes: pn_exc=1779 bg_exc=2455 bg_inh=753
[trial 17/20] spikes=4  rate=4.00 Hz  time=21.73s
[trial 18/20] input_spikes: pn_exc=1620 bg_exc=2325 bg_inh=759
[trial 18/20] spikes=3  rate=3.00 Hz  time=21.44s
[trial 19/20] input_spikes: pn_exc=1612 bg_exc=2116 bg_inh=691
[trial 19/20] spikes=3  rate=3.00 Hz  time=21.37s
[trial 20/20] input_spikes: pn_exc=1633 bg_exc=2229 bg_inh=719
[trial 20/20] spikes=7  rate=7.00 Hz  time=21.62s
Results saved to /home/hrbncv/SCP/cells/SST/tunes/seg_tuned_all/output_data/slurm_35973/parts/slurm_35973_3/run_manifest.json
Total runtime: 432.08s
