Running: python /home/hrbncv/SCP/run_pipeline.py --tune-dir /home/hrbncv/SCP/cells/SST/tunes/seg_tuned_all --output-dir /home/hrbncv/SCP/cells/SST/tunes/seg_tuned_all/output_data/slurm_35973/parts --n-trials 20 --output-stem slurm_35973_31 --trial-offset 620 --force-save
Loaded mechanisms from /home/hrbncv/SCP/cells/SST/tunes/seg_tuned_all/modfiles/x86_64/.libs/libnrnmech.so
Loaded Allen cell for 'SST' from /home/hrbncv/SCP/cells/SST/tunes/seg_tuned_all/manifest.json, soma_diam_multiplier=10.0, Vinit=-65.0, loader=genome_fallback
Geometry defined for 'SST': 1 soma segs, 54 proximal dend segs, 52 distal dend segs, 115 total dend segs.
[trial 1/20] input_spikes: pn_exc=1727 bg_exc=2362 bg_inh=706
[trial 1/20] spikes=3  rate=3.00 Hz  time=21.51s
[trial 2/20] input_spikes: pn_exc=1574 bg_exc=2081 bg_inh=657
[trial 2/20] spikes=2  rate=2.00 Hz  time=20.90s
[trial 3/20] input_spikes: pn_exc=1632 bg_exc=2183 bg_inh=664
[trial 3/20] spikes=3  rate=3.00 Hz  time=21.17s
[trial 4/20] input_spikes: pn_exc=1745 bg_exc=2421 bg_inh=772
[trial 4/20] spikes=4  rate=4.00 Hz  time=21.55s
[trial 5/20] input_spikes: pn_exc=1645 bg_exc=2337 bg_inh=788
[trial 5/20] spikes=2  rate=2.00 Hz  time=21.61s
[trial 6/20] input_spikes: pn_exc=1876 bg_exc=2467 bg_inh=736
[trial 6/20] spikes=9  rate=9.00 Hz  time=21.43s
[trial 7/20] input_spikes: pn_exc=1630 bg_exc=2226 bg_inh=706
[trial 7/20] spikes=4  rate=4.00 Hz  time=21.36s
[trial 8/20] input_spikes: pn_exc=1698 bg_exc=2296 bg_inh=756
[trial 8/20] spikes=1  rate=1.00 Hz  time=21.24s
[trial 9/20] input_spikes: pn_exc=1764 bg_exc=2469 bg_inh=775
[trial 9/20] spikes=5  rate=5.00 Hz  time=21.62s
[trial 10/20] input_spikes: pn_exc=1655 bg_exc=2355 bg_inh=777
[trial 10/20] spikes=4  rate=4.00 Hz  time=21.31s
[trial 11/20] input_spikes: pn_exc=1627 bg_exc=2057 bg_inh=601
[trial 11/20] spikes=6  rate=6.00 Hz  time=21.18s
[trial 12/20] input_spikes: pn_exc=1762 bg_exc=2499 bg_inh=806
[trial 12/20] spikes=3  rate=3.00 Hz  time=21.72s
[trial 13/20] input_spikes: pn_exc=1716 bg_exc=2486 bg_inh=732
[trial 13/20] spikes=6  rate=6.00 Hz  time=21.65s
[trial 14/20] input_spikes: pn_exc=1610 bg_exc=2299 bg_inh=736
[trial 14/20] spikes=4  rate=4.00 Hz  time=21.28s
[trial 15/20] input_spikes: pn_exc=1726 bg_exc=2391 bg_inh=737
[trial 15/20] spikes=5  rate=5.00 Hz  time=21.66s
[trial 16/20] input_spikes: pn_exc=1493 bg_exc=1315 bg_inh=404
[trial 16/20] spikes=4  rate=4.00 Hz  time=20.30s
[trial 17/20] input_spikes: pn_exc=1628 bg_exc=2054 bg_inh=622
[trial 17/20] spikes=4  rate=4.00 Hz  time=21.16s
[trial 18/20] input_spikes: pn_exc=1728 bg_exc=2422 bg_inh=749
[trial 18/20] spikes=7  rate=7.00 Hz  time=21.34s
[trial 19/20] input_spikes: pn_exc=1759 bg_exc=2424 bg_inh=788
[trial 19/20] spikes=6  rate=6.00 Hz  time=21.45s
[trial 20/20] input_spikes: pn_exc=1696 bg_exc=2448 bg_inh=750
[trial 20/20] spikes=5  rate=5.00 Hz  time=21.40s
Results saved to /home/hrbncv/SCP/cells/SST/tunes/seg_tuned_all/output_data/slurm_35973/parts/slurm_35973_31/run_manifest.json
Total runtime: 427.16s
