Running: python /home/hrbncv/SCP/run_pipeline.py --tune-dir /home/hrbncv/SCP/cells/SST/tunes/seg_tuned_all --output-dir /home/hrbncv/SCP/cells/SST/tunes/seg_tuned_all/output_data/slurm_29750/parts --n-trials 40 --output-stem slurm_29750_0 --trial-offset 0 --force-save
Loaded mechanisms from /home/hrbncv/SCP/cells/SST/tunes/seg_tuned_all/modfiles/x86_64/.libs/libnrnmech.so
Loaded Allen cell for 'SST' from /home/hrbncv/SCP/cells/SST/tunes/seg_tuned_all/manifest.json, soma_diam_multiplier=10.0, Vinit=-65.0, loader=genome_fallback
Geometry defined for 'SST': 1 soma segs, 54 proximal dend segs, 52 distal dend segs, 115 total dend segs.
[trial 1/40] input_spikes: pn_exc=1474 bg_exc=2788 bg_inh=415
[trial 1/40] spikes=4  rate=3.33 Hz  time=24.34s
[trial 2/40] input_spikes: pn_exc=1479 bg_exc=2599 bg_inh=410
[trial 2/40] spikes=4  rate=3.33 Hz  time=24.30s
[trial 3/40] input_spikes: pn_exc=1601 bg_exc=3050 bg_inh=438
[trial 3/40] spikes=5  rate=4.17 Hz  time=24.45s
[trial 4/40] input_spikes: pn_exc=1619 bg_exc=2813 bg_inh=431
[trial 4/40] spikes=3  rate=2.50 Hz  time=24.02s
[trial 5/40] input_spikes: pn_exc=1631 bg_exc=3063 bg_inh=457
[trial 5/40] spikes=4  rate=3.33 Hz  time=24.09s
[trial 6/40] input_spikes: pn_exc=1668 bg_exc=3094 bg_inh=464
[trial 6/40] spikes=4  rate=3.33 Hz  time=23.93s
[trial 7/40] input_spikes: pn_exc=1299 bg_exc=2017 bg_inh=297
[trial 7/40] spikes=5  rate=4.17 Hz  time=23.89s
[trial 8/40] input_spikes: pn_exc=1536 bg_exc=2756 bg_inh=420
[trial 8/40] spikes=4  rate=3.33 Hz  time=24.10s
[trial 9/40] input_spikes: pn_exc=1602 bg_exc=2996 bg_inh=463
[trial 9/40] spikes=4  rate=3.33 Hz  time=24.22s
[trial 10/40] input_spikes: pn_exc=1624 bg_exc=2941 bg_inh=492
[trial 10/40] spikes=3  rate=2.50 Hz  time=24.09s
[trial 11/40] input_spikes: pn_exc=1527 bg_exc=2752 bg_inh=469
[trial 11/40] spikes=4  rate=3.33 Hz  time=24.11s
[trial 12/40] input_spikes: pn_exc=1355 bg_exc=2200 bg_inh=350
[trial 12/40] spikes=3  rate=2.50 Hz  time=23.68s
[trial 13/40] input_spikes: pn_exc=1430 bg_exc=2263 bg_inh=401
[trial 13/40] spikes=2  rate=1.67 Hz  time=24.12s
[trial 14/40] input_spikes: pn_exc=1629 bg_exc=2926 bg_inh=474
[trial 14/40] spikes=2  rate=1.67 Hz  time=23.87s
[trial 15/40] input_spikes: pn_exc=1552 bg_exc=2988 bg_inh=502
[trial 15/40] spikes=3  rate=2.50 Hz  time=24.04s
[trial 16/40] input_spikes: pn_exc=1479 bg_exc=2649 bg_inh=408
[trial 16/40] spikes=3  rate=2.50 Hz  time=23.92s
[trial 17/40] input_spikes: pn_exc=1385 bg_exc=2263 bg_inh=360
[trial 17/40] spikes=7  rate=5.83 Hz  time=23.98s
[trial 18/40] input_spikes: pn_exc=1563 bg_exc=2824 bg_inh=430
[trial 18/40] spikes=6  rate=5.00 Hz  time=23.83s
[trial 19/40] input_spikes: pn_exc=1606 bg_exc=2857 bg_inh=453
[trial 19/40] spikes=5  rate=4.17 Hz  time=24.17s
[trial 20/40] input_spikes: pn_exc=1662 bg_exc=3063 bg_inh=492
[trial 20/40] spikes=5  rate=4.17 Hz  time=23.84s
[trial 21/40] input_spikes: pn_exc=1587 bg_exc=2944 bg_inh=460
[trial 21/40] spikes=6  rate=5.00 Hz  time=24.04s
[trial 22/40] input_spikes: pn_exc=1670 bg_exc=2945 bg_inh=447
[trial 22/40] spikes=7  rate=5.83 Hz  time=23.85s
[trial 23/40] input_spikes: pn_exc=1687 bg_exc=3005 bg_inh=488
[trial 23/40] spikes=4  rate=3.33 Hz  time=24.03s
[trial 24/40] input_spikes: pn_exc=1368 bg_exc=2267 bg_inh=350
[trial 24/40] spikes=5  rate=4.17 Hz  time=24.00s
[trial 25/40] input_spikes: pn_exc=1620 bg_exc=2851 bg_inh=463
[trial 25/40] spikes=5  rate=4.17 Hz  time=25.29s
[trial 26/40] input_spikes: pn_exc=1607 bg_exc=2890 bg_inh=461
[trial 26/40] spikes=2  rate=1.67 Hz  time=23.95s
[trial 27/40] input_spikes: pn_exc=1391 bg_exc=2300 bg_inh=343
[trial 27/40] spikes=5  rate=4.17 Hz  time=23.94s
[trial 28/40] input_spikes: pn_exc=1557 bg_exc=2973 bg_inh=449
[trial 28/40] spikes=3  rate=2.50 Hz  time=23.91s
[trial 29/40] input_spikes: pn_exc=1628 bg_exc=2788 bg_inh=413
[trial 29/40] spikes=6  rate=5.00 Hz  time=24.06s
[trial 30/40] input_spikes: pn_exc=1540 bg_exc=2958 bg_inh=423
[trial 30/40] spikes=6  rate=5.00 Hz  time=23.85s
[trial 31/40] input_spikes: pn_exc=1521 bg_exc=2655 bg_inh=434
[trial 31/40] spikes=5  rate=4.17 Hz  time=24.08s
[trial 32/40] input_spikes: pn_exc=1469 bg_exc=2414 bg_inh=368
[trial 32/40] spikes=5  rate=4.17 Hz  time=23.87s
[trial 33/40] input_spikes: pn_exc=1563 bg_exc=2854 bg_inh=474
[trial 33/40] spikes=3  rate=2.50 Hz  time=24.11s
[trial 34/40] input_spikes: pn_exc=1445 bg_exc=2548 bg_inh=425
[trial 34/40] spikes=2  rate=1.67 Hz  time=23.88s
[trial 35/40] input_spikes: pn_exc=1518 bg_exc=2831 bg_inh=448
[trial 35/40] spikes=3  rate=2.50 Hz  time=24.09s
[trial 36/40] input_spikes: pn_exc=1567 bg_exc=2953 bg_inh=507
[trial 36/40] spikes=5  rate=4.17 Hz  time=23.82s
[trial 37/40] input_spikes: pn_exc=1638 bg_exc=3051 bg_inh=438
[trial 37/40] spikes=5  rate=4.17 Hz  time=23.89s
[trial 38/40] input_spikes: pn_exc=1566 bg_exc=2967 bg_inh=467
[trial 38/40] spikes=5  rate=4.17 Hz  time=23.77s
[trial 39/40] input_spikes: pn_exc=1578 bg_exc=2601 bg_inh=421
[trial 39/40] spikes=3  rate=2.50 Hz  time=23.91s
[trial 40/40] input_spikes: pn_exc=1557 bg_exc=2982 bg_inh=482
[trial 40/40] spikes=3  rate=2.50 Hz  time=23.95s
Results saved to /home/hrbncv/SCP/cells/SST/tunes/seg_tuned_all/output_data/slurm_29750/parts/slurm_29750_0/run_manifest.json
Total runtime: 961.58s
Submitting merge job: /home/hrbncv/SCP/scripts/merge_array_results_with_status.sh --input-dir /home/hrbncv/SCP/cells/SST/tunes/seg_tuned_all/output_data/slurm_29750/parts --output-dir /home/hrbncv/SCP/cells/SST/tunes/seg_tuned_all/output_data/slurm_29750 --job-id 29750 --output-stem results
Submitted batch job 29775
