Running: /home/hrbncv/miniconda3/envs/BMTK-py311/bin/python /home/hrbncv/SCP/run_pipeline.py --tune-dir /home/hrbncv/SCP/cells/SST/tunes/seg_tuned_all --output-dir /home/hrbncv/SCP/cells/SST/tunes/seg_tuned_all/output_data/slurm_45349/parts --n-trials 20 --output-stem slurm_45349_24 --trial-offset 480 --force-save
Loaded mechanisms from /home/hrbncv/SCP/cells/SST/tunes/seg_tuned_all/modfiles/x86_64/.libs/libnrnmech.so
Loaded Allen cell for 'SST' from /home/hrbncv/SCP/cells/SST/tunes/seg_tuned_all/manifest.json, soma_diam_multiplier=10.0, Vinit=-65.0, loader=genome_fallback
Geometry defined for 'SST': 1 soma segs, 54 proximal dend segs, 52 distal dend segs, 115 total dend segs.
[trial 1/20] input_spikes: pn_exc=1703 bg_exc=2505 bg_inh=772
[trial 1/20] spikes=15  rate=15.00 Hz  time=21.67s
[trial 2/20] input_spikes: pn_exc=1676 bg_exc=2461 bg_inh=727
[trial 2/20] spikes=13  rate=13.00 Hz  time=21.78s
[trial 3/20] input_spikes: pn_exc=1745 bg_exc=2260 bg_inh=763
[trial 3/20] spikes=13  rate=13.00 Hz  time=21.47s
[trial 4/20] input_spikes: pn_exc=1550 bg_exc=2028 bg_inh=606
[trial 4/20] spikes=14  rate=14.00 Hz  time=21.14s
[trial 5/20] input_spikes: pn_exc=1733 bg_exc=2443 bg_inh=760
[trial 5/20] spikes=16  rate=16.00 Hz  time=21.55s
[trial 6/20] input_spikes: pn_exc=1533 bg_exc=2114 bg_inh=580
[trial 6/20] spikes=9  rate=9.00 Hz  time=21.07s
[trial 7/20] input_spikes: pn_exc=1661 bg_exc=2438 bg_inh=731
[trial 7/20] spikes=14  rate=14.00 Hz  time=21.49s
[trial 8/20] input_spikes: pn_exc=1755 bg_exc=2424 bg_inh=703
[trial 8/20] spikes=14  rate=14.00 Hz  time=21.63s
[trial 9/20] input_spikes: pn_exc=1727 bg_exc=2470 bg_inh=795
[trial 9/20] spikes=15  rate=15.00 Hz  time=21.46s
[trial 10/20] input_spikes: pn_exc=1545 bg_exc=2090 bg_inh=631
[trial 10/20] spikes=10  rate=10.00 Hz  time=21.20s
[trial 11/20] input_spikes: pn_exc=1637 bg_exc=2307 bg_inh=714
[trial 11/20] spikes=12  rate=12.00 Hz  time=21.44s
[trial 12/20] input_spikes: pn_exc=1660 bg_exc=2146 bg_inh=699
[trial 12/20] spikes=13  rate=13.00 Hz  time=21.43s
[trial 13/20] input_spikes: pn_exc=1740 bg_exc=2444 bg_inh=759
[trial 13/20] spikes=11  rate=11.00 Hz  time=21.72s
[trial 14/20] input_spikes: pn_exc=1644 bg_exc=2255 bg_inh=724
[trial 14/20] spikes=13  rate=13.00 Hz  time=21.44s
[trial 15/20] input_spikes: pn_exc=1628 bg_exc=2217 bg_inh=740
[trial 15/20] spikes=17  rate=17.00 Hz  time=21.40s
[trial 16/20] input_spikes: pn_exc=1512 bg_exc=1701 bg_inh=530
[trial 16/20] spikes=13  rate=13.00 Hz  time=20.82s
[trial 17/20] input_spikes: pn_exc=1595 bg_exc=2020 bg_inh=610
[trial 17/20] spikes=13  rate=13.00 Hz  time=21.03s
[trial 18/20] input_spikes: pn_exc=1768 bg_exc=2505 bg_inh=749
[trial 18/20] spikes=15  rate=15.00 Hz  time=21.76s
[trial 19/20] input_spikes: pn_exc=1690 bg_exc=2280 bg_inh=683
[trial 19/20] spikes=14  rate=14.00 Hz  time=21.22s
[trial 20/20] input_spikes: pn_exc=1389 bg_exc=1629 bg_inh=473
[trial 20/20] spikes=12  rate=12.00 Hz  time=20.82s
save_plots single_plot warning: Top input panel: group list empty, auto-using all groups (3).
Results saved to /home/hrbncv/SCP/cells/SST/tunes/seg_tuned_all/output_data/slurm_45349/parts/slurm_45349_24/run_manifest.json
Total runtime: 429.00s
