Running: /home/hrbncv/miniconda3/envs/BMTK-py311/bin/python /home/hrbncv/SCP/run_pipeline.py --tune-dir /home/hrbncv/SCP/cells/SST/tunes/seg_tuned_all --output-dir /home/hrbncv/SCP/cells/SST/tunes/seg_tuned_all/output_data/slurm_42203/parts --n-trials 100 --output-stem slurm_42203_22 --trial-offset 2200 --force-save
Loaded mechanisms from /home/hrbncv/SCP/cells/SST/tunes/seg_tuned_all/modfiles/x86_64/.libs/libnrnmech.so
Loaded Allen cell for 'SST' from /home/hrbncv/SCP/cells/SST/tunes/seg_tuned_all/manifest.json, soma_diam_multiplier=10.0, Vinit=-65.0, loader=genome_fallback
Geometry defined for 'SST': 1 soma segs, 54 proximal dend segs, 52 distal dend segs, 115 total dend segs.
[trial 1/100] input_spikes: pn_exc=1617 vip_inh_bio=348 bg_exc=2420 bg_inh=752
[trial 1/100] spikes=1  rate=1.00 Hz  time=22.05s
[trial 2/100] input_spikes: pn_exc=1425 vip_inh_bio=337 bg_exc=1674 bg_inh=513
[trial 2/100] spikes=3  rate=3.00 Hz  time=21.46s
[trial 3/100] input_spikes: pn_exc=1619 vip_inh_bio=346 bg_exc=2213 bg_inh=697
[trial 3/100] spikes=4  rate=4.00 Hz  time=21.86s
[trial 4/100] input_spikes: pn_exc=1714 vip_inh_bio=375 bg_exc=2472 bg_inh=779
[trial 4/100] spikes=3  rate=3.00 Hz  time=22.01s
[trial 5/100] input_spikes: pn_exc=1776 vip_inh_bio=359 bg_exc=2384 bg_inh=748
[trial 5/100] spikes=2  rate=2.00 Hz  time=22.06s
[trial 6/100] input_spikes: pn_exc=1706 vip_inh_bio=372 bg_exc=2322 bg_inh=753
[trial 6/100] spikes=3  rate=3.00 Hz  time=22.04s
[trial 7/100] input_spikes: pn_exc=1680 vip_inh_bio=399 bg_exc=2316 bg_inh=782
[trial 7/100] spikes=5  rate=5.00 Hz  time=22.09s
[trial 8/100] input_spikes: pn_exc=1742 vip_inh_bio=337 bg_exc=2441 bg_inh=749
[trial 8/100] spikes=3  rate=3.00 Hz  time=22.06s
[trial 9/100] input_spikes: pn_exc=1478 vip_inh_bio=334 bg_exc=1817 bg_inh=562
[trial 9/100] spikes=4  rate=4.00 Hz  time=21.38s
[trial 10/100] input_spikes: pn_exc=1683 vip_inh_bio=380 bg_exc=2387 bg_inh=792
[trial 10/100] spikes=5  rate=5.00 Hz  time=22.02s
[trial 11/100] input_spikes: pn_exc=1668 vip_inh_bio=351 bg_exc=2212 bg_inh=713
[trial 11/100] spikes=5  rate=5.00 Hz  time=21.80s
[trial 12/100] input_spikes: pn_exc=1671 vip_inh_bio=377 bg_exc=2425 bg_inh=804
[trial 12/100] spikes=4  rate=4.00 Hz  time=22.17s
[trial 13/100] input_spikes: pn_exc=1558 vip_inh_bio=349 bg_exc=2119 bg_inh=679
[trial 13/100] spikes=4  rate=4.00 Hz  time=21.74s
[trial 14/100] input_spikes: pn_exc=1722 vip_inh_bio=330 bg_exc=2398 bg_inh=728
[trial 14/100] spikes=5  rate=5.00 Hz  time=22.10s
[trial 15/100] input_spikes: pn_exc=1683 vip_inh_bio=360 bg_exc=2466 bg_inh=792
[trial 15/100] spikes=4  rate=4.00 Hz  time=22.07s
[trial 16/100] input_spikes: pn_exc=1766 vip_inh_bio=377 bg_exc=2482 bg_inh=792
[trial 16/100] spikes=4  rate=4.00 Hz  time=22.13s
[trial 17/100] input_spikes: pn_exc=1693 vip_inh_bio=362 bg_exc=2510 bg_inh=740
[trial 17/100] spikes=3  rate=3.00 Hz  time=22.12s
[trial 18/100] input_spikes: pn_exc=1686 vip_inh_bio=396 bg_exc=2487 bg_inh=752
[trial 18/100] spikes=5  rate=5.00 Hz  time=22.09s
[trial 19/100] input_spikes: pn_exc=1436 vip_inh_bio=360 bg_exc=1485 bg_inh=456
[trial 19/100] spikes=3  rate=3.00 Hz  time=21.00s
[trial 20/100] input_spikes: pn_exc=1641 vip_inh_bio=392 bg_exc=2284 bg_inh=742
[trial 20/100] spikes=5  rate=5.00 Hz  time=21.85s
[trial 21/100] input_spikes: pn_exc=1729 vip_inh_bio=348 bg_exc=2425 bg_inh=733
[trial 21/100] spikes=7  rate=7.00 Hz  time=22.08s
[trial 22/100] input_spikes: pn_exc=1568 vip_inh_bio=341 bg_exc=2141 bg_inh=631
[trial 22/100] spikes=2  rate=2.00 Hz  time=21.76s
[trial 23/100] input_spikes: pn_exc=1503 vip_inh_bio=326 bg_exc=1462 bg_inh=415
[trial 23/100] spikes=4  rate=4.00 Hz  time=21.03s
[trial 24/100] input_spikes: pn_exc=1714 vip_inh_bio=366 bg_exc=2385 bg_inh=779
[trial 24/100] spikes=4  rate=4.00 Hz  time=22.02s
[trial 25/100] input_spikes: pn_exc=1647 vip_inh_bio=378 bg_exc=2287 bg_inh=721
[trial 25/100] spikes=3  rate=3.00 Hz  time=21.90s
[trial 26/100] input_spikes: pn_exc=1736 vip_inh_bio=363 bg_exc=2401 bg_inh=807
[trial 26/100] spikes=4  rate=4.00 Hz  time=22.18s
[trial 27/100] input_spikes: pn_exc=1680 vip_inh_bio=356 bg_exc=2226 bg_inh=714
[trial 27/100] spikes=4  rate=4.00 Hz  time=21.78s
[trial 28/100] input_spikes: pn_exc=1650 vip_inh_bio=360 bg_exc=2454 bg_inh=754
[trial 28/100] spikes=6  rate=6.00 Hz  time=21.96s
[trial 29/100] input_spikes: pn_exc=1666 vip_inh_bio=396 bg_exc=2371 bg_inh=768
[trial 29/100] spikes=6  rate=6.00 Hz  time=21.95s
[trial 30/100] input_spikes: pn_exc=1673 vip_inh_bio=392 bg_exc=2382 bg_inh=728
[trial 30/100] spikes=7  rate=7.00 Hz  time=21.87s
[trial 31/100] input_spikes: pn_exc=1655 vip_inh_bio=361 bg_exc=2337 bg_inh=674
[trial 31/100] spikes=5  rate=5.00 Hz  time=21.95s
[trial 32/100] input_spikes: pn_exc=1605 vip_inh_bio=346 bg_exc=1997 bg_inh=618
[trial 32/100] spikes=2  rate=2.00 Hz  time=21.66s
[trial 33/100] input_spikes: pn_exc=1727 vip_inh_bio=402 bg_exc=2521 bg_inh=794
[trial 33/100] spikes=8  rate=8.00 Hz  time=22.23s
[trial 34/100] input_spikes: pn_exc=1691 vip_inh_bio=384 bg_exc=2393 bg_inh=824
[trial 34/100] spikes=4  rate=4.00 Hz  time=22.15s
[trial 35/100] input_spikes: pn_exc=1746 vip_inh_bio=385 bg_exc=2432 bg_inh=717
[trial 35/100] spikes=4  rate=4.00 Hz  time=22.08s
[trial 36/100] input_spikes: pn_exc=1730 vip_inh_bio=395 bg_exc=2429 bg_inh=799
[trial 36/100] spikes=5  rate=5.00 Hz  time=22.09s
[trial 37/100] input_spikes: pn_exc=1725 vip_inh_bio=392 bg_exc=2424 bg_inh=754
[trial 37/100] spikes=4  rate=4.00 Hz  time=22.12s
[trial 38/100] input_spikes: pn_exc=1636 vip_inh_bio=366 bg_exc=2104 bg_inh=666
[trial 38/100] spikes=8  rate=8.00 Hz  time=21.62s
[trial 39/100] input_spikes: pn_exc=1624 vip_inh_bio=364 bg_exc=2103 bg_inh=705
[trial 39/100] spikes=4  rate=4.00 Hz  time=21.74s
[trial 40/100] input_spikes: pn_exc=1747 vip_inh_bio=372 bg_exc=2381 bg_inh=699
[trial 40/100] spikes=6  rate=6.00 Hz  time=22.02s
[trial 41/100] input_spikes: pn_exc=1462 vip_inh_bio=347 bg_exc=1932 bg_inh=615
[trial 41/100] spikes=4  rate=4.00 Hz  time=21.44s
[trial 42/100] input_spikes: pn_exc=1563 vip_inh_bio=388 bg_exc=2148 bg_inh=692
[trial 42/100] spikes=4  rate=4.00 Hz  time=21.71s
[trial 43/100] input_spikes: pn_exc=1735 vip_inh_bio=379 bg_exc=2489 bg_inh=815
[trial 43/100] spikes=6  rate=6.00 Hz  time=22.25s
[trial 44/100] input_spikes: pn_exc=1647 vip_inh_bio=343 bg_exc=2392 bg_inh=754
[trial 44/100] spikes=3  rate=3.00 Hz  time=22.12s
[trial 45/100] input_spikes: pn_exc=1675 vip_inh_bio=391 bg_exc=2310 bg_inh=735
[trial 45/100] spikes=4  rate=4.00 Hz  time=21.90s
[trial 46/100] input_spikes: pn_exc=1623 vip_inh_bio=365 bg_exc=2403 bg_inh=762
[trial 46/100] spikes=3  rate=3.00 Hz  time=22.05s
[trial 47/100] input_spikes: pn_exc=1712 vip_inh_bio=379 bg_exc=2446 bg_inh=812
[trial 47/100] spikes=3  rate=3.00 Hz  time=22.13s
[trial 48/100] input_spikes: pn_exc=1700 vip_inh_bio=353 bg_exc=2479 bg_inh=781
[trial 48/100] spikes=3  rate=3.00 Hz  time=22.12s
[trial 49/100] input_spikes: pn_exc=1691 vip_inh_bio=337 bg_exc=2090 bg_inh=682
[trial 49/100] spikes=6  rate=6.00 Hz  time=21.65s
[trial 50/100] input_spikes: pn_exc=1672 vip_inh_bio=390 bg_exc=2425 bg_inh=712
[trial 50/100] spikes=5  rate=5.00 Hz  time=21.95s
[trial 51/100] input_spikes: pn_exc=1738 vip_inh_bio=392 bg_exc=2483 bg_inh=728
[trial 51/100] spikes=4  rate=4.00 Hz  time=22.04s
[trial 52/100] input_spikes: pn_exc=1829 vip_inh_bio=359 bg_exc=2482 bg_inh=778
[trial 52/100] spikes=5  rate=5.00 Hz  time=22.14s
[trial 53/100] input_spikes: pn_exc=1474 vip_inh_bio=327 bg_exc=1417 bg_inh=455
[trial 53/100] spikes=5  rate=5.00 Hz  time=21.16s
[trial 54/100] input_spikes: pn_exc=1638 vip_inh_bio=349 bg_exc=2211 bg_inh=742
[trial 54/100] spikes=4  rate=4.00 Hz  time=21.82s
[trial 55/100] input_spikes: pn_exc=1593 vip_inh_bio=316 bg_exc=1941 bg_inh=667
[trial 55/100] spikes=6  rate=6.00 Hz  time=21.52s
[trial 56/100] input_spikes: pn_exc=1784 vip_inh_bio=371 bg_exc=2459 bg_inh=797
[trial 56/100] spikes=6  rate=6.00 Hz  time=22.13s
[trial 57/100] input_spikes: pn_exc=1709 vip_inh_bio=363 bg_exc=2347 bg_inh=752
[trial 57/100] spikes=2  rate=2.00 Hz  time=21.99s
[trial 58/100] input_spikes: pn_exc=1680 vip_inh_bio=393 bg_exc=2351 bg_inh=777
[trial 58/100] spikes=5  rate=5.00 Hz  time=21.93s
[trial 59/100] input_spikes: pn_exc=1657 vip_inh_bio=370 bg_exc=2226 bg_inh=713
[trial 59/100] spikes=5  rate=5.00 Hz  time=21.79s
[trial 60/100] input_spikes: pn_exc=1683 vip_inh_bio=366 bg_exc=2465 bg_inh=783
[trial 60/100] spikes=5  rate=5.00 Hz  time=22.04s
[trial 61/100] input_spikes: pn_exc=1712 vip_inh_bio=393 bg_exc=2373 bg_inh=759
[trial 61/100] spikes=3  rate=3.00 Hz  time=22.05s
[trial 62/100] input_spikes: pn_exc=1694 vip_inh_bio=313 bg_exc=2106 bg_inh=683
[trial 62/100] spikes=3  rate=3.00 Hz  time=21.64s
[trial 63/100] input_spikes: pn_exc=1719 vip_inh_bio=366 bg_exc=2456 bg_inh=803
[trial 63/100] spikes=3  rate=3.00 Hz  time=22.23s
[trial 64/100] input_spikes: pn_exc=1725 vip_inh_bio=356 bg_exc=2395 bg_inh=799
[trial 64/100] spikes=5  rate=5.00 Hz  time=22.74s
[trial 65/100] input_spikes: pn_exc=1704 vip_inh_bio=368 bg_exc=2294 bg_inh=668
[trial 65/100] spikes=5  rate=5.00 Hz  time=22.93s
[trial 66/100] input_spikes: pn_exc=1632 vip_inh_bio=362 bg_exc=2146 bg_inh=691
[trial 66/100] spikes=2  rate=2.00 Hz  time=22.97s
[trial 67/100] input_spikes: pn_exc=1695 vip_inh_bio=397 bg_exc=2313 bg_inh=786
[trial 67/100] spikes=5  rate=5.00 Hz  time=22.54s
[trial 68/100] input_spikes: pn_exc=1762 vip_inh_bio=405 bg_exc=2547 bg_inh=794
[trial 68/100] spikes=6  rate=6.00 Hz  time=22.51s
[trial 69/100] input_spikes: pn_exc=1642 vip_inh_bio=356 bg_exc=2317 bg_inh=739
[trial 69/100] spikes=2  rate=2.00 Hz  time=22.35s
[trial 70/100] input_spikes: pn_exc=1588 vip_inh_bio=337 bg_exc=1924 bg_inh=622
[trial 70/100] spikes=5  rate=5.00 Hz  time=21.97s
[trial 71/100] input_spikes: pn_exc=1632 vip_inh_bio=341 bg_exc=2193 bg_inh=702
[trial 71/100] spikes=2  rate=2.00 Hz  time=22.20s
[trial 72/100] input_spikes: pn_exc=1608 vip_inh_bio=344 bg_exc=2350 bg_inh=753
[trial 72/100] spikes=5  rate=5.00 Hz  time=22.48s
[trial 73/100] input_spikes: pn_exc=1666 vip_inh_bio=363 bg_exc=2353 bg_inh=716
[trial 73/100] spikes=2  rate=2.00 Hz  time=22.30s
[trial 74/100] input_spikes: pn_exc=1665 vip_inh_bio=368 bg_exc=2419 bg_inh=727
[trial 74/100] spikes=3  rate=3.00 Hz  time=22.58s
[trial 75/100] input_spikes: pn_exc=1674 vip_inh_bio=372 bg_exc=2443 bg_inh=788
[trial 75/100] spikes=1  rate=1.00 Hz  time=22.44s
[trial 76/100] input_spikes: pn_exc=1649 vip_inh_bio=345 bg_exc=2213 bg_inh=749
[trial 76/100] spikes=3  rate=3.00 Hz  time=22.30s
[trial 77/100] input_spikes: pn_exc=1662 vip_inh_bio=375 bg_exc=2422 bg_inh=774
[trial 77/100] spikes=4  rate=4.00 Hz  time=22.41s
[trial 78/100] input_spikes: pn_exc=1745 vip_inh_bio=353 bg_exc=2525 bg_inh=769
[trial 78/100] spikes=8  rate=8.00 Hz  time=22.47s
[trial 79/100] input_spikes: pn_exc=1628 vip_inh_bio=375 bg_exc=2356 bg_inh=707
[trial 79/100] spikes=1  rate=1.00 Hz  time=22.30s
[trial 80/100] input_spikes: pn_exc=1825 vip_inh_bio=400 bg_exc=2569 bg_inh=782
[trial 80/100] spikes=5  rate=5.00 Hz  time=22.64s
[trial 81/100] input_spikes: pn_exc=1688 vip_inh_bio=371 bg_exc=2140 bg_inh=711
[trial 81/100] spikes=4  rate=4.00 Hz  time=22.17s
[trial 82/100] input_spikes: pn_exc=1611 vip_inh_bio=354 bg_exc=2191 bg_inh=696
[trial 82/100] spikes=3  rate=3.00 Hz  time=22.15s
[trial 83/100] input_spikes: pn_exc=1759 vip_inh_bio=363 bg_exc=2420 bg_inh=755
[trial 83/100] spikes=1  rate=1.00 Hz  time=22.51s
[trial 84/100] input_spikes: pn_exc=1685 vip_inh_bio=352 bg_exc=2379 bg_inh=748
[trial 84/100] spikes=3  rate=3.00 Hz  time=22.57s
[trial 85/100] input_spikes: pn_exc=1712 vip_inh_bio=380 bg_exc=2443 bg_inh=753
[trial 85/100] spikes=4  rate=4.00 Hz  time=22.52s
[trial 86/100] input_spikes: pn_exc=1688 vip_inh_bio=369 bg_exc=2383 bg_inh=758
[trial 86/100] spikes=7  rate=7.00 Hz  time=22.41s
[trial 87/100] input_spikes: pn_exc=1645 vip_inh_bio=388 bg_exc=2357 bg_inh=779
[trial 87/100] spikes=5  rate=5.00 Hz  time=22.47s
[trial 88/100] input_spikes: pn_exc=1717 vip_inh_bio=331 bg_exc=2297 bg_inh=767
[trial 88/100] spikes=3  rate=3.00 Hz  time=22.34s
[trial 89/100] input_spikes: pn_exc=1664 vip_inh_bio=372 bg_exc=2389 bg_inh=763
[trial 89/100] spikes=4  rate=4.00 Hz  time=22.42s
[trial 90/100] input_spikes: pn_exc=1803 vip_inh_bio=374 bg_exc=2518 bg_inh=746
[trial 90/100] spikes=5  rate=5.00 Hz  time=22.54s
[trial 91/100] input_spikes: pn_exc=1693 vip_inh_bio=350 bg_exc=2266 bg_inh=740
[trial 91/100] spikes=6  rate=6.00 Hz  time=22.32s
[trial 92/100] input_spikes: pn_exc=1734 vip_inh_bio=351 bg_exc=2182 bg_inh=708
[trial 92/100] spikes=6  rate=6.00 Hz  time=22.18s
[trial 93/100] input_spikes: pn_exc=1621 vip_inh_bio=366 bg_exc=2141 bg_inh=680
[trial 93/100] spikes=7  rate=7.00 Hz  time=22.15s
[trial 94/100] input_spikes: pn_exc=1638 vip_inh_bio=389 bg_exc=2308 bg_inh=668
[trial 94/100] spikes=6  rate=6.00 Hz  time=22.29s
[trial 95/100] input_spikes: pn_exc=1517 vip_inh_bio=328 bg_exc=1829 bg_inh=586
[trial 95/100] spikes=4  rate=4.00 Hz  time=21.76s
[trial 96/100] input_spikes: pn_exc=1698 vip_inh_bio=390 bg_exc=2334 bg_inh=743
[trial 96/100] spikes=7  rate=7.00 Hz  time=22.35s
[trial 97/100] input_spikes: pn_exc=1631 vip_inh_bio=398 bg_exc=2248 bg_inh=781
[trial 97/100] spikes=3  rate=3.00 Hz  time=22.32s
[trial 98/100] input_spikes: pn_exc=1497 vip_inh_bio=342 bg_exc=1811 bg_inh=570
[trial 98/100] spikes=5  rate=5.00 Hz  time=21.90s
[trial 99/100] input_spikes: pn_exc=1763 vip_inh_bio=383 bg_exc=2397 bg_inh=777
[trial 99/100] spikes=7  rate=7.00 Hz  time=21.93s
[trial 100/100] input_spikes: pn_exc=1643 vip_inh_bio=391 bg_exc=2437 bg_inh=739
[trial 100/100] spikes=2  rate=2.00 Hz  time=21.04s
save_plots single_plot warning: Top input panel: group list empty, auto-using all groups (4).
Results saved to /home/hrbncv/SCP/cells/SST/tunes/seg_tuned_all/output_data/slurm_42203/parts/slurm_42203_22/run_manifest.json
Total runtime: 2209.00s
