Running: python /home/hrbncv/SCP/run_pipeline.py --tune-dir /home/hrbncv/SCP/cells/SST/tunes/seg_tuned_all --output-dir /home/hrbncv/SCP/cells/SST/tunes/seg_tuned_all/output_data/slurm_35973/parts --n-trials 20 --output-stem slurm_35973_6 --trial-offset 120 --force-save
Loaded mechanisms from /home/hrbncv/SCP/cells/SST/tunes/seg_tuned_all/modfiles/x86_64/.libs/libnrnmech.so
Loaded Allen cell for 'SST' from /home/hrbncv/SCP/cells/SST/tunes/seg_tuned_all/manifest.json, soma_diam_multiplier=10.0, Vinit=-65.0, loader=genome_fallback
Geometry defined for 'SST': 1 soma segs, 54 proximal dend segs, 52 distal dend segs, 115 total dend segs.
[trial 1/20] input_spikes: pn_exc=1825 bg_exc=2392 bg_inh=762
[trial 1/20] spikes=6  rate=6.00 Hz  time=22.13s
[trial 2/20] input_spikes: pn_exc=1743 bg_exc=2383 bg_inh=720
[trial 2/20] spikes=4  rate=4.00 Hz  time=22.11s
[trial 3/20] input_spikes: pn_exc=1656 bg_exc=2083 bg_inh=658
[trial 3/20] spikes=7  rate=7.00 Hz  time=21.81s
[trial 4/20] input_spikes: pn_exc=1741 bg_exc=2467 bg_inh=761
[trial 4/20] spikes=4  rate=4.00 Hz  time=22.06s
[trial 5/20] input_spikes: pn_exc=1555 bg_exc=1929 bg_inh=611
[trial 5/20] spikes=4  rate=4.00 Hz  time=21.61s
[trial 6/20] input_spikes: pn_exc=1441 bg_exc=1163 bg_inh=334
[trial 6/20] spikes=5  rate=5.00 Hz  time=20.91s
[trial 7/20] input_spikes: pn_exc=1497 bg_exc=1954 bg_inh=619
[trial 7/20] spikes=2  rate=2.00 Hz  time=21.67s
[trial 8/20] input_spikes: pn_exc=1756 bg_exc=2462 bg_inh=715
[trial 8/20] spikes=4  rate=4.00 Hz  time=22.11s
[trial 9/20] input_spikes: pn_exc=1734 bg_exc=2325 bg_inh=739
[trial 9/20] spikes=4  rate=4.00 Hz  time=22.02s
[trial 10/20] input_spikes: pn_exc=1784 bg_exc=2436 bg_inh=766
[trial 10/20] spikes=4  rate=4.00 Hz  time=22.16s
[trial 11/20] input_spikes: pn_exc=1668 bg_exc=2474 bg_inh=756
[trial 11/20] spikes=4  rate=4.00 Hz  time=22.23s
[trial 12/20] input_spikes: pn_exc=1696 bg_exc=2291 bg_inh=687
[trial 12/20] spikes=5  rate=5.00 Hz  time=21.96s
[trial 13/20] input_spikes: pn_exc=1666 bg_exc=2308 bg_inh=809
[trial 13/20] spikes=2  rate=2.00 Hz  time=22.14s
[trial 14/20] input_spikes: pn_exc=1688 bg_exc=2398 bg_inh=733
[trial 14/20] spikes=5  rate=5.00 Hz  time=22.07s
[trial 15/20] input_spikes: pn_exc=1629 bg_exc=2198 bg_inh=692
[trial 15/20] spikes=3  rate=3.00 Hz  time=21.82s
[trial 16/20] input_spikes: pn_exc=1747 bg_exc=2298 bg_inh=698
[trial 16/20] spikes=5  rate=5.00 Hz  time=21.99s
[trial 17/20] input_spikes: pn_exc=1614 bg_exc=2048 bg_inh=603
[trial 17/20] spikes=5  rate=5.00 Hz  time=21.90s
[trial 18/20] input_spikes: pn_exc=1715 bg_exc=2267 bg_inh=723
[trial 18/20] spikes=6  rate=6.00 Hz  time=22.00s
[trial 19/20] input_spikes: pn_exc=1715 bg_exc=2369 bg_inh=743
[trial 19/20] spikes=3  rate=3.00 Hz  time=22.20s
[trial 20/20] input_spikes: pn_exc=1674 bg_exc=2263 bg_inh=726
[trial 20/20] spikes=6  rate=6.00 Hz  time=21.93s
Results saved to /home/hrbncv/SCP/cells/SST/tunes/seg_tuned_all/output_data/slurm_35973/parts/slurm_35973_6/run_manifest.json
Total runtime: 439.17s
