Running: /home/hrbncv/miniconda3/envs/BMTK-py311/bin/python /home/hrbncv/SCP/run_pipeline.py --tune-dir /home/hrbncv/SCP/cells/SST/tunes/seg_tuned --output-dir /home/hrbncv/SCP/cells/SST/tunes/seg_tuned/output_data/slurm_45349/parts --n-trials 20 --output-stem slurm_45349_12 --trial-offset 240 --force-save
Loaded mechanisms from /home/hrbncv/SCP/cells/SST/tunes/seg_tuned/modfiles/x86_64/.libs/libnrnmech.so
Loaded Allen cell for 'SST' from /home/hrbncv/SCP/cells/SST/tunes/seg_tuned/manifest.json, soma_diam_multiplier=10.0, Vinit=-65.0, loader=genome_fallback
Geometry defined for 'SST': 1 soma segs, 54 proximal dend segs, 52 distal dend segs, 115 total dend segs.
[trial 1/20] input_spikes: pn_exc=1707 bg_exc=2476 bg_inh=761
[trial 1/20] spikes=12  rate=12.00 Hz  time=21.63s
[trial 2/20] input_spikes: pn_exc=1728 bg_exc=2451 bg_inh=739
[trial 2/20] spikes=13  rate=13.00 Hz  time=21.78s
[trial 3/20] input_spikes: pn_exc=1678 bg_exc=2185 bg_inh=682
[trial 3/20] spikes=14  rate=14.00 Hz  time=21.40s
[trial 4/20] input_spikes: pn_exc=1698 bg_exc=2240 bg_inh=697
[trial 4/20] spikes=13  rate=13.00 Hz  time=21.44s
[trial 5/20] input_spikes: pn_exc=1465 bg_exc=1114 bg_inh=370
[trial 5/20] spikes=12  rate=12.00 Hz  time=20.42s
[trial 6/20] input_spikes: pn_exc=1775 bg_exc=2432 bg_inh=768
[trial 6/20] spikes=13  rate=13.00 Hz  time=21.68s
[trial 7/20] input_spikes: pn_exc=1664 bg_exc=2168 bg_inh=722
[trial 7/20] spikes=13  rate=13.00 Hz  time=21.42s
[trial 8/20] input_spikes: pn_exc=1709 bg_exc=2398 bg_inh=737
[trial 8/20] spikes=14  rate=14.00 Hz  time=21.51s
[trial 9/20] input_spikes: pn_exc=1725 bg_exc=2507 bg_inh=805
[trial 9/20] spikes=12  rate=12.00 Hz  time=21.76s
[trial 10/20] input_spikes: pn_exc=1734 bg_exc=2493 bg_inh=823
[trial 10/20] spikes=13  rate=13.00 Hz  time=21.71s
[trial 11/20] input_spikes: pn_exc=1788 bg_exc=2413 bg_inh=802
[trial 11/20] spikes=16  rate=16.00 Hz  time=21.64s
[trial 12/20] input_spikes: pn_exc=1718 bg_exc=2562 bg_inh=785
[trial 12/20] spikes=15  rate=15.00 Hz  time=21.80s
[trial 13/20] input_spikes: pn_exc=1590 bg_exc=2159 bg_inh=622
[trial 13/20] spikes=13  rate=13.00 Hz  time=21.38s
[trial 14/20] input_spikes: pn_exc=1705 bg_exc=2451 bg_inh=739
[trial 14/20] spikes=11  rate=11.00 Hz  time=21.46s
[trial 15/20] input_spikes: pn_exc=1661 bg_exc=2392 bg_inh=808
[trial 15/20] spikes=12  rate=12.00 Hz  time=21.61s
[trial 16/20] input_spikes: pn_exc=1692 bg_exc=2372 bg_inh=744
[trial 16/20] spikes=12  rate=12.00 Hz  time=21.45s
[trial 17/20] input_spikes: pn_exc=1686 bg_exc=2326 bg_inh=697
[trial 17/20] spikes=16  rate=16.00 Hz  time=21.57s
[trial 18/20] input_spikes: pn_exc=1714 bg_exc=2345 bg_inh=768
[trial 18/20] spikes=14  rate=14.00 Hz  time=21.60s
[trial 19/20] input_spikes: pn_exc=1749 bg_exc=2449 bg_inh=737
[trial 19/20] spikes=9  rate=9.00 Hz  time=21.60s
[trial 20/20] input_spikes: pn_exc=1651 bg_exc=2249 bg_inh=723
[trial 20/20] spikes=12  rate=12.00 Hz  time=21.41s
save_plots single_plot warning: Top input panel: group list empty, auto-using all groups (3).
Results saved to /home/hrbncv/SCP/cells/SST/tunes/seg_tuned/output_data/slurm_45349/parts/slurm_45349_12/run_manifest.json
Total runtime: 431.62s
