Running: python /home/hrbncv/SCP/run_pipeline.py --tune-dir /home/hrbncv/SCP/cells/PV/tunes/seg_tuned --output-dir /home/hrbncv/SCP/cells/PV/tunes/seg_tuned/output_data/slurm_35079/parts --n-trials 40 --output-stem slurm_35079_14 --trial-offset 560 --force-save
Mechanisms already loaded; skipping duplicate load.
Loaded Allen cell for 'PV' from /home/hrbncv/SCP/cells/PV/tunes/seg_tuned/manifest.json, soma_diam_multiplier=6.0, Vinit=-71.0, loader=allensdk_default
Geometry defined for 'PV': 1 soma segs, 46 proximal dend segs, 41 distal dend segs, 97 total dend segs.
[trial 1/40] input_spikes: pn_exc=2939 bg_exc=852 bg_inh=190 sst_inh=376 pv_inh=741
[trial 1/40] spikes=6  rate=6.00 Hz  time=26.83s
[trial 2/40] input_spikes: pn_exc=2414 bg_exc=660 bg_inh=132 sst_inh=368 pv_inh=749
[trial 2/40] spikes=7  rate=7.00 Hz  time=26.70s
[trial 3/40] input_spikes: pn_exc=2744 bg_exc=847 bg_inh=221 sst_inh=362 pv_inh=749
[trial 3/40] spikes=7  rate=7.00 Hz  time=26.71s
[trial 4/40] input_spikes: pn_exc=2594 bg_exc=725 bg_inh=176 sst_inh=363 pv_inh=762
[trial 4/40] spikes=7  rate=7.00 Hz  time=26.78s
[trial 5/40] input_spikes: pn_exc=2891 bg_exc=901 bg_inh=211 sst_inh=378 pv_inh=740
[trial 5/40] spikes=9  rate=9.00 Hz  time=26.67s
[trial 6/40] input_spikes: pn_exc=2840 bg_exc=868 bg_inh=234 sst_inh=381 pv_inh=756
[trial 6/40] spikes=6  rate=6.00 Hz  time=26.72s
[trial 7/40] input_spikes: pn_exc=2809 bg_exc=860 bg_inh=226 sst_inh=386 pv_inh=753
[trial 7/40] spikes=6  rate=6.00 Hz  time=26.88s
[trial 8/40] input_spikes: pn_exc=2918 bg_exc=848 bg_inh=240 sst_inh=361 pv_inh=748
[trial 8/40] spikes=7  rate=7.00 Hz  time=26.89s
[trial 9/40] input_spikes: pn_exc=2852 bg_exc=876 bg_inh=181 sst_inh=358 pv_inh=752
[trial 9/40] spikes=7  rate=7.00 Hz  time=26.81s
[trial 10/40] input_spikes: pn_exc=2840 bg_exc=886 bg_inh=182 sst_inh=381 pv_inh=748
[trial 10/40] spikes=8  rate=8.00 Hz  time=26.82s
[trial 11/40] input_spikes: pn_exc=2761 bg_exc=856 bg_inh=192 sst_inh=369 pv_inh=749
[trial 11/40] spikes=6  rate=6.00 Hz  time=26.88s
[trial 12/40] input_spikes: pn_exc=2608 bg_exc=779 bg_inh=176 sst_inh=379 pv_inh=743
[trial 12/40] spikes=8  rate=8.00 Hz  time=26.67s
[trial 13/40] input_spikes: pn_exc=2826 bg_exc=816 bg_inh=189 sst_inh=377 pv_inh=748
[trial 13/40] spikes=5  rate=5.00 Hz  time=26.76s
[trial 14/40] input_spikes: pn_exc=2867 bg_exc=871 bg_inh=187 sst_inh=361 pv_inh=741
[trial 14/40] spikes=7  rate=7.00 Hz  time=26.68s
[trial 15/40] input_spikes: pn_exc=2664 bg_exc=782 bg_inh=175 sst_inh=388 pv_inh=752
[trial 15/40] spikes=7  rate=7.00 Hz  time=26.82s
[trial 16/40] input_spikes: pn_exc=2428 bg_exc=713 bg_inh=160 sst_inh=362 pv_inh=737
[trial 16/40] spikes=7  rate=7.00 Hz  time=26.67s
[trial 17/40] input_spikes: pn_exc=2681 bg_exc=822 bg_inh=212 sst_inh=371 pv_inh=758
[trial 17/40] spikes=6  rate=6.00 Hz  time=26.75s
[trial 18/40] input_spikes: pn_exc=2884 bg_exc=870 bg_inh=200 sst_inh=374 pv_inh=753
[trial 18/40] spikes=8  rate=8.00 Hz  time=26.79s
[trial 19/40] input_spikes: pn_exc=2511 bg_exc=674 bg_inh=178 sst_inh=367 pv_inh=745
[trial 19/40] spikes=6  rate=6.00 Hz  time=26.64s
[trial 20/40] input_spikes: pn_exc=2910 bg_exc=861 bg_inh=213 sst_inh=390 pv_inh=749
[trial 20/40] spikes=5  rate=5.00 Hz  time=26.68s
[trial 21/40] input_spikes: pn_exc=2619 bg_exc=711 bg_inh=158 sst_inh=338 pv_inh=749
[trial 21/40] spikes=6  rate=6.00 Hz  time=26.88s
[trial 22/40] input_spikes: pn_exc=2794 bg_exc=787 bg_inh=198 sst_inh=374 pv_inh=743
[trial 22/40] spikes=7  rate=7.00 Hz  time=26.83s
[trial 23/40] input_spikes: pn_exc=2666 bg_exc=800 bg_inh=205 sst_inh=398 pv_inh=746
[trial 23/40] spikes=4  rate=4.00 Hz  time=26.73s
[trial 24/40] input_spikes: pn_exc=2845 bg_exc=926 bg_inh=214 sst_inh=370 pv_inh=728
[trial 24/40] spikes=6  rate=6.00 Hz  time=26.83s
[trial 25/40] input_spikes: pn_exc=2864 bg_exc=881 bg_inh=200 sst_inh=381 pv_inh=749
[trial 25/40] spikes=8  rate=8.00 Hz  time=26.82s
[trial 26/40] input_spikes: pn_exc=2621 bg_exc=836 bg_inh=205 sst_inh=394 pv_inh=756
[trial 26/40] spikes=7  rate=7.00 Hz  time=26.82s
[trial 27/40] input_spikes: pn_exc=2769 bg_exc=845 bg_inh=217 sst_inh=374 pv_inh=754
[trial 27/40] spikes=6  rate=6.00 Hz  time=26.76s
[trial 28/40] input_spikes: pn_exc=2455 bg_exc=608 bg_inh=133 sst_inh=381 pv_inh=748
[trial 28/40] spikes=5  rate=5.00 Hz  time=26.79s
[trial 29/40] input_spikes: pn_exc=2728 bg_exc=805 bg_inh=201 sst_inh=362 pv_inh=768
[trial 29/40] spikes=7  rate=7.00 Hz  time=26.78s
[trial 30/40] input_spikes: pn_exc=2763 bg_exc=882 bg_inh=178 sst_inh=349 pv_inh=756
[trial 30/40] spikes=7  rate=7.00 Hz  time=26.67s
[trial 31/40] input_spikes: pn_exc=2713 bg_exc=825 bg_inh=213 sst_inh=352 pv_inh=755
[trial 31/40] spikes=7  rate=7.00 Hz  time=26.77s
[trial 32/40] input_spikes: pn_exc=2637 bg_exc=771 bg_inh=184 sst_inh=374 pv_inh=742
[trial 32/40] spikes=7  rate=7.00 Hz  time=26.85s
[trial 33/40] input_spikes: pn_exc=2441 bg_exc=673 bg_inh=158 sst_inh=374 pv_inh=751
[trial 33/40] spikes=7  rate=7.00 Hz  time=26.77s
[trial 34/40] input_spikes: pn_exc=2741 bg_exc=786 bg_inh=180 sst_inh=394 pv_inh=744
[trial 34/40] spikes=6  rate=6.00 Hz  time=26.69s
[trial 35/40] input_spikes: pn_exc=2880 bg_exc=817 bg_inh=186 sst_inh=408 pv_inh=746
[trial 35/40] spikes=7  rate=7.00 Hz  time=26.79s
[trial 36/40] input_spikes: pn_exc=2866 bg_exc=905 bg_inh=213 sst_inh=391 pv_inh=746
[trial 36/40] spikes=6  rate=6.00 Hz  time=26.73s
[trial 37/40] input_spikes: pn_exc=2652 bg_exc=818 bg_inh=176 sst_inh=367 pv_inh=746
[trial 37/40] spikes=7  rate=7.00 Hz  time=26.78s
[trial 38/40] input_spikes: pn_exc=2763 bg_exc=841 bg_inh=201 sst_inh=344 pv_inh=764
[trial 38/40] spikes=7  rate=7.00 Hz  time=26.67s
[trial 39/40] input_spikes: pn_exc=2420 bg_exc=712 bg_inh=181 sst_inh=385 pv_inh=746
[trial 39/40] spikes=5  rate=5.00 Hz  time=26.67s
[trial 40/40] input_spikes: pn_exc=2863 bg_exc=855 bg_inh=212 sst_inh=398 pv_inh=749
[trial 40/40] spikes=7  rate=7.00 Hz  time=26.78s
save_plots single_plot warning: Top input panel: group list empty, auto-using all groups (5).
Results saved to /home/hrbncv/SCP/cells/PV/tunes/seg_tuned/output_data/slurm_35079/parts/slurm_35079_14/run_manifest.json
Total runtime: 1072.18s
