Running: python /home/hrbncv/SCP/run_pipeline.py --tune-dir /home/hrbncv/SCP/cells/PV/tunes/seg_tuned --output-dir /home/hrbncv/SCP/cells/PV/tunes/seg_tuned/output_data/slurm_34963/parts --n-trials 40 --output-stem slurm_34963_23 --trial-offset 920 --force-save
Mechanisms already loaded; skipping duplicate load.
Loaded Allen cell for 'PV' from /home/hrbncv/SCP/cells/PV/tunes/seg_tuned/manifest.json, soma_diam_multiplier=6.0, Vinit=-71.0, loader=allensdk_default
Geometry defined for 'PV': 1 soma segs, 46 proximal dend segs, 41 distal dend segs, 97 total dend segs.
[trial 1/40] input_spikes: pn_exc=2456 bg_exc=645 bg_inh=147 sst_inh=376 pv_inh=1182
[trial 1/40] spikes=8  rate=8.00 Hz  time=26.69s
[trial 2/40] input_spikes: pn_exc=2826 bg_exc=915 bg_inh=220 sst_inh=356 pv_inh=1194
[trial 2/40] spikes=8  rate=8.00 Hz  time=26.74s
[trial 3/40] input_spikes: pn_exc=2791 bg_exc=831 bg_inh=197 sst_inh=386 pv_inh=1195
[trial 3/40] spikes=6  rate=6.00 Hz  time=26.67s
[trial 4/40] input_spikes: pn_exc=2720 bg_exc=812 bg_inh=192 sst_inh=356 pv_inh=1187
[trial 4/40] spikes=7  rate=7.00 Hz  time=26.65s
[trial 5/40] input_spikes: pn_exc=2616 bg_exc=765 bg_inh=146 sst_inh=398 pv_inh=1203
[trial 5/40] spikes=7  rate=7.00 Hz  time=26.63s
[trial 6/40] input_spikes: pn_exc=2740 bg_exc=836 bg_inh=173 sst_inh=379 pv_inh=1203
[trial 6/40] spikes=6  rate=6.00 Hz  time=26.64s
[trial 7/40] input_spikes: pn_exc=2655 bg_exc=804 bg_inh=220 sst_inh=361 pv_inh=1207
[trial 7/40] spikes=7  rate=7.00 Hz  time=26.62s
[trial 8/40] input_spikes: pn_exc=2788 bg_exc=840 bg_inh=171 sst_inh=368 pv_inh=1198
[trial 8/40] spikes=8  rate=8.00 Hz  time=26.80s
[trial 9/40] input_spikes: pn_exc=2738 bg_exc=807 bg_inh=240 sst_inh=373 pv_inh=1198
[trial 9/40] spikes=6  rate=6.00 Hz  time=26.71s
[trial 10/40] input_spikes: pn_exc=2826 bg_exc=847 bg_inh=222 sst_inh=377 pv_inh=1193
[trial 10/40] spikes=6  rate=6.00 Hz  time=26.74s
[trial 11/40] input_spikes: pn_exc=2776 bg_exc=841 bg_inh=205 sst_inh=373 pv_inh=1185
[trial 11/40] spikes=7  rate=7.00 Hz  time=26.79s
[trial 12/40] input_spikes: pn_exc=2760 bg_exc=766 bg_inh=216 sst_inh=376 pv_inh=1197
[trial 12/40] spikes=5  rate=5.00 Hz  time=26.61s
[trial 13/40] input_spikes: pn_exc=2776 bg_exc=761 bg_inh=197 sst_inh=380 pv_inh=1193
[trial 13/40] spikes=7  rate=7.00 Hz  time=30.30s
[trial 14/40] input_spikes: pn_exc=2400 bg_exc=438 bg_inh=100 sst_inh=371 pv_inh=1210
[trial 14/40] spikes=4  rate=4.00 Hz  time=33.18s
[trial 15/40] input_spikes: pn_exc=2978 bg_exc=950 bg_inh=233 sst_inh=360 pv_inh=1202
[trial 15/40] spikes=7  rate=7.00 Hz  time=33.88s
[trial 16/40] input_spikes: pn_exc=2761 bg_exc=794 bg_inh=211 sst_inh=359 pv_inh=1188
[trial 16/40] spikes=6  rate=6.00 Hz  time=33.42s
[trial 17/40] input_spikes: pn_exc=2708 bg_exc=845 bg_inh=187 sst_inh=370 pv_inh=1200
[trial 17/40] spikes=7  rate=7.00 Hz  time=33.24s
[trial 18/40] input_spikes: pn_exc=2803 bg_exc=837 bg_inh=198 sst_inh=373 pv_inh=1196
[trial 18/40] spikes=6  rate=6.00 Hz  time=33.52s
[trial 19/40] input_spikes: pn_exc=2859 bg_exc=904 bg_inh=228 sst_inh=389 pv_inh=1170
[trial 19/40] spikes=6  rate=6.00 Hz  time=33.18s
[trial 20/40] input_spikes: pn_exc=2933 bg_exc=850 bg_inh=201 sst_inh=368 pv_inh=1202
[trial 20/40] spikes=7  rate=7.00 Hz  time=33.16s
[trial 21/40] input_spikes: pn_exc=2819 bg_exc=923 bg_inh=233 sst_inh=364 pv_inh=1188
[trial 21/40] spikes=8  rate=8.00 Hz  time=33.59s
[trial 22/40] input_spikes: pn_exc=2436 bg_exc=602 bg_inh=145 sst_inh=355 pv_inh=1191
[trial 22/40] spikes=7  rate=7.00 Hz  time=33.20s
[trial 23/40] input_spikes: pn_exc=2781 bg_exc=866 bg_inh=231 sst_inh=372 pv_inh=1208
[trial 23/40] spikes=5  rate=5.00 Hz  time=32.28s
[trial 24/40] input_spikes: pn_exc=2670 bg_exc=750 bg_inh=170 sst_inh=372 pv_inh=1197
[trial 24/40] spikes=6  rate=6.00 Hz  time=28.00s
[trial 25/40] input_spikes: pn_exc=2830 bg_exc=847 bg_inh=218 sst_inh=359 pv_inh=1203
[trial 25/40] spikes=6  rate=6.00 Hz  time=26.69s
[trial 26/40] input_spikes: pn_exc=2804 bg_exc=888 bg_inh=207 sst_inh=362 pv_inh=1234
[trial 26/40] spikes=5  rate=5.00 Hz  time=26.68s
[trial 27/40] input_spikes: pn_exc=2420 bg_exc=679 bg_inh=182 sst_inh=383 pv_inh=1193
[trial 27/40] spikes=6  rate=6.00 Hz  time=26.62s
[trial 28/40] input_spikes: pn_exc=2854 bg_exc=866 bg_inh=196 sst_inh=361 pv_inh=1202
[trial 28/40] spikes=8  rate=8.00 Hz  time=26.74s
[trial 29/40] input_spikes: pn_exc=2756 bg_exc=875 bg_inh=216 sst_inh=355 pv_inh=1181
[trial 29/40] spikes=6  rate=6.00 Hz  time=26.88s
[trial 30/40] input_spikes: pn_exc=2697 bg_exc=781 bg_inh=184 sst_inh=372 pv_inh=1158
[trial 30/40] spikes=5  rate=5.00 Hz  time=26.63s
[trial 31/40] input_spikes: pn_exc=2665 bg_exc=774 bg_inh=191 sst_inh=375 pv_inh=1192
[trial 31/40] spikes=6  rate=6.00 Hz  time=26.65s
[trial 32/40] input_spikes: pn_exc=2851 bg_exc=844 bg_inh=218 sst_inh=367 pv_inh=1188
[trial 32/40] spikes=6  rate=6.00 Hz  time=26.80s
[trial 33/40] input_spikes: pn_exc=2317 bg_exc=626 bg_inh=125 sst_inh=367 pv_inh=1201
[trial 33/40] spikes=7  rate=7.00 Hz  time=26.65s
[trial 34/40] input_spikes: pn_exc=2592 bg_exc=723 bg_inh=183 sst_inh=382 pv_inh=1198
[trial 34/40] spikes=8  rate=8.00 Hz  time=26.67s
[trial 35/40] input_spikes: pn_exc=2819 bg_exc=826 bg_inh=210 sst_inh=355 pv_inh=1191
[trial 35/40] spikes=7  rate=7.00 Hz  time=26.97s
[trial 36/40] input_spikes: pn_exc=2847 bg_exc=835 bg_inh=189 sst_inh=405 pv_inh=1204
[trial 36/40] spikes=8  rate=8.00 Hz  time=26.81s
[trial 37/40] input_spikes: pn_exc=2846 bg_exc=842 bg_inh=211 sst_inh=405 pv_inh=1205
[trial 37/40] spikes=6  rate=6.00 Hz  time=26.86s
[trial 38/40] input_spikes: pn_exc=2752 bg_exc=789 bg_inh=198 sst_inh=373 pv_inh=1208
[trial 38/40] spikes=6  rate=6.00 Hz  time=26.79s
[trial 39/40] input_spikes: pn_exc=2781 bg_exc=905 bg_inh=192 sst_inh=373 pv_inh=1226
[trial 39/40] spikes=6  rate=6.00 Hz  time=26.71s
[trial 40/40] input_spikes: pn_exc=2818 bg_exc=827 bg_inh=218 sst_inh=356 pv_inh=1209
[trial 40/40] spikes=7  rate=7.00 Hz  time=27.01s
save_plots single_plot warning: Top input panel: group list empty, auto-using all groups (5).
Results saved to /home/hrbncv/SCP/cells/PV/tunes/seg_tuned/output_data/slurm_34963/parts/slurm_34963_23/run_manifest.json
Total runtime: 1141.01s
