Running: python /home/hrbncv/SCP/run_pipeline.py --tune-dir /home/hrbncv/SCP/cells/SST/tunes/seg_tuned_all --output-dir /home/hrbncv/SCP/cells/SST/tunes/seg_tuned_all/output_data/slurm_35973/parts --n-trials 20 --output-stem slurm_35973_46 --trial-offset 920 --force-save
Loaded mechanisms from /home/hrbncv/SCP/cells/SST/tunes/seg_tuned_all/modfiles/x86_64/.libs/libnrnmech.so
Loaded Allen cell for 'SST' from /home/hrbncv/SCP/cells/SST/tunes/seg_tuned_all/manifest.json, soma_diam_multiplier=10.0, Vinit=-65.0, loader=genome_fallback
Geometry defined for 'SST': 1 soma segs, 54 proximal dend segs, 52 distal dend segs, 115 total dend segs.
[trial 1/20] input_spikes: pn_exc=1565 bg_exc=2110 bg_inh=655
[trial 1/20] spikes=5  rate=5.00 Hz  time=21.24s
[trial 2/20] input_spikes: pn_exc=1663 bg_exc=2363 bg_inh=739
[trial 2/20] spikes=3  rate=3.00 Hz  time=21.21s
[trial 3/20] input_spikes: pn_exc=1669 bg_exc=2303 bg_inh=726
[trial 3/20] spikes=4  rate=4.00 Hz  time=21.30s
[trial 4/20] input_spikes: pn_exc=1716 bg_exc=2263 bg_inh=697
[trial 4/20] spikes=4  rate=4.00 Hz  time=21.27s
[trial 5/20] input_spikes: pn_exc=1655 bg_exc=2042 bg_inh=661
[trial 5/20] spikes=6  rate=6.00 Hz  time=21.23s
[trial 6/20] input_spikes: pn_exc=1551 bg_exc=1994 bg_inh=626
[trial 6/20] spikes=5  rate=5.00 Hz  time=20.95s
[trial 7/20] input_spikes: pn_exc=1721 bg_exc=2519 bg_inh=779
[trial 7/20] spikes=5  rate=5.00 Hz  time=21.75s
[trial 8/20] input_spikes: pn_exc=1495 bg_exc=1290 bg_inh=385
[trial 8/20] spikes=3  rate=3.00 Hz  time=20.45s
[trial 9/20] input_spikes: pn_exc=1605 bg_exc=2214 bg_inh=644
[trial 9/20] spikes=4  rate=4.00 Hz  time=21.25s
[trial 10/20] input_spikes: pn_exc=1731 bg_exc=2353 bg_inh=745
[trial 10/20] spikes=5  rate=5.00 Hz  time=21.42s
[trial 11/20] input_spikes: pn_exc=1680 bg_exc=2421 bg_inh=749
[trial 11/20] spikes=6  rate=6.00 Hz  time=21.57s
[trial 12/20] input_spikes: pn_exc=1705 bg_exc=2472 bg_inh=768
[trial 12/20] spikes=4  rate=4.00 Hz  time=21.64s
[trial 13/20] input_spikes: pn_exc=1719 bg_exc=2433 bg_inh=776
[trial 13/20] spikes=6  rate=6.00 Hz  time=21.61s
[trial 14/20] input_spikes: pn_exc=1581 bg_exc=2168 bg_inh=695
[trial 14/20] spikes=3  rate=3.00 Hz  time=21.19s
[trial 15/20] input_spikes: pn_exc=1857 bg_exc=2386 bg_inh=805
[trial 15/20] spikes=3  rate=3.00 Hz  time=21.61s
[trial 16/20] input_spikes: pn_exc=1672 bg_exc=2304 bg_inh=689
[trial 16/20] spikes=3  rate=3.00 Hz  time=21.29s
[trial 17/20] input_spikes: pn_exc=1515 bg_exc=1683 bg_inh=567
[trial 17/20] spikes=5  rate=5.00 Hz  time=20.77s
[trial 18/20] input_spikes: pn_exc=1758 bg_exc=2493 bg_inh=793
[trial 18/20] spikes=4  rate=4.00 Hz  time=21.50s
[trial 19/20] input_spikes: pn_exc=1733 bg_exc=2406 bg_inh=736
[trial 19/20] spikes=6  rate=6.00 Hz  time=21.42s
[trial 20/20] input_spikes: pn_exc=1694 bg_exc=2233 bg_inh=724
[trial 20/20] spikes=4  rate=4.00 Hz  time=21.16s
Results saved to /home/hrbncv/SCP/cells/SST/tunes/seg_tuned_all/output_data/slurm_35973/parts/slurm_35973_46/run_manifest.json
Total runtime: 426.16s
