Running: python /home/hrbncv/SCP/run_pipeline.py --tune-dir /home/hrbncv/SCP/cells/SST/tunes/seg_tuned_all --output-dir /home/hrbncv/SCP/cells/SST/tunes/seg_tuned_all/output_data/slurm_39858/parts --n-trials 20 --output-stem slurm_39858_29 --trial-offset 580 --force-save
Loaded mechanisms from /home/hrbncv/SCP/cells/SST/tunes/seg_tuned_all/modfiles/x86_64/.libs/libnrnmech.so
Loaded Allen cell for 'SST' from /home/hrbncv/SCP/cells/SST/tunes/seg_tuned_all/manifest.json, soma_diam_multiplier=10.0, Vinit=-65.0, loader=genome_fallback
Geometry defined for 'SST': 1 soma segs, 54 proximal dend segs, 52 distal dend segs, 115 total dend segs.
[trial 1/20] input_spikes: pn_exc=1780 vip_inh_bio=69 bg_exc=2455 bg_inh=797
[trial 1/20] spikes=7  rate=7.00 Hz  time=22.24s
[trial 2/20] input_spikes: pn_exc=1705 vip_inh_bio=53 bg_exc=2403 bg_inh=729
[trial 2/20] spikes=2  rate=2.00 Hz  time=22.07s
[trial 3/20] input_spikes: pn_exc=1591 vip_inh_bio=57 bg_exc=2113 bg_inh=631
[trial 3/20] spikes=2  rate=2.00 Hz  time=21.95s
[trial 4/20] input_spikes: pn_exc=1614 vip_inh_bio=56 bg_exc=2113 bg_inh=709
[trial 4/20] spikes=3  rate=3.00 Hz  time=21.73s
[trial 5/20] input_spikes: pn_exc=1723 vip_inh_bio=67 bg_exc=2468 bg_inh=766
[trial 5/20] spikes=4  rate=4.00 Hz  time=22.32s
[trial 6/20] input_spikes: pn_exc=1659 vip_inh_bio=58 bg_exc=2377 bg_inh=682
[trial 6/20] spikes=2  rate=2.00 Hz  time=22.07s
[trial 7/20] input_spikes: pn_exc=1673 vip_inh_bio=58 bg_exc=2251 bg_inh=716
[trial 7/20] spikes=4  rate=4.00 Hz  time=21.92s
[trial 8/20] input_spikes: pn_exc=1617 vip_inh_bio=66 bg_exc=2349 bg_inh=762
[trial 8/20] spikes=3  rate=3.00 Hz  time=21.98s
[trial 9/20] input_spikes: pn_exc=1602 vip_inh_bio=61 bg_exc=2190 bg_inh=647
[trial 9/20] spikes=4  rate=4.00 Hz  time=22.17s
[trial 10/20] input_spikes: pn_exc=1707 vip_inh_bio=62 bg_exc=2275 bg_inh=713
[trial 10/20] spikes=3  rate=3.00 Hz  time=21.80s
[trial 11/20] input_spikes: pn_exc=1562 vip_inh_bio=64 bg_exc=2142 bg_inh=663
[trial 11/20] spikes=5  rate=5.00 Hz  time=21.97s
[trial 12/20] input_spikes: pn_exc=1696 vip_inh_bio=65 bg_exc=2293 bg_inh=700
[trial 12/20] spikes=0  rate=0.00 Hz  time=22.03s
[trial 13/20] input_spikes: pn_exc=1679 vip_inh_bio=77 bg_exc=2313 bg_inh=722
[trial 13/20] spikes=4  rate=4.00 Hz  time=22.22s
[trial 14/20] input_spikes: pn_exc=1581 vip_inh_bio=53 bg_exc=2091 bg_inh=672
[trial 14/20] spikes=2  rate=2.00 Hz  time=21.65s
[trial 15/20] input_spikes: pn_exc=1674 vip_inh_bio=76 bg_exc=2287 bg_inh=801
[trial 15/20] spikes=3  rate=3.00 Hz  time=22.44s
[trial 16/20] input_spikes: pn_exc=1472 vip_inh_bio=63 bg_exc=1670 bg_inh=534
[trial 16/20] spikes=3  rate=3.00 Hz  time=21.71s
[trial 17/20] input_spikes: pn_exc=1668 vip_inh_bio=71 bg_exc=2376 bg_inh=669
[trial 17/20] spikes=4  rate=4.00 Hz  time=22.54s
[trial 18/20] input_spikes: pn_exc=1751 vip_inh_bio=52 bg_exc=2341 bg_inh=757
[trial 18/20] spikes=4  rate=4.00 Hz  time=21.85s
[trial 19/20] input_spikes: pn_exc=1715 vip_inh_bio=67 bg_exc=2455 bg_inh=768
[trial 19/20] spikes=4  rate=4.00 Hz  time=22.16s
[trial 20/20] input_spikes: pn_exc=1682 vip_inh_bio=66 bg_exc=2554 bg_inh=754
[trial 20/20] spikes=3  rate=3.00 Hz  time=21.88s
save_plots single_plot warning: Top input panel: group list empty, auto-using all groups (4).
Results saved to /home/hrbncv/SCP/cells/SST/tunes/seg_tuned_all/output_data/slurm_39858/parts/slurm_39858_29/run_manifest.json
Total runtime: 442.04s
