Running: /home/hrbncv/miniconda3/envs/BMTK-py311/bin/python /home/hrbncv/SCP/run_pipeline.py --tune-dir /home/hrbncv/SCP/cells/SST/tunes/seg_tuned_all --output-dir /home/hrbncv/SCP/cells/SST/tunes/seg_tuned_all/output_data/slurm_42203/parts --n-trials 100 --output-stem slurm_42203_12 --trial-offset 1200 --force-save
Loaded mechanisms from /home/hrbncv/SCP/cells/SST/tunes/seg_tuned_all/modfiles/x86_64/.libs/libnrnmech.so
Loaded Allen cell for 'SST' from /home/hrbncv/SCP/cells/SST/tunes/seg_tuned_all/manifest.json, soma_diam_multiplier=10.0, Vinit=-65.0, loader=genome_fallback
Geometry defined for 'SST': 1 soma segs, 54 proximal dend segs, 52 distal dend segs, 115 total dend segs.
[trial 1/100] input_spikes: pn_exc=1681 vip_inh_bio=377 bg_exc=2412 bg_inh=761
[trial 1/100] spikes=2  rate=2.00 Hz  time=22.07s
[trial 2/100] input_spikes: pn_exc=1746 vip_inh_bio=366 bg_exc=2403 bg_inh=754
[trial 2/100] spikes=4  rate=4.00 Hz  time=21.79s
[trial 3/100] input_spikes: pn_exc=1729 vip_inh_bio=378 bg_exc=2392 bg_inh=733
[trial 3/100] spikes=2  rate=2.00 Hz  time=22.19s
[trial 4/100] input_spikes: pn_exc=1620 vip_inh_bio=355 bg_exc=2180 bg_inh=687
[trial 4/100] spikes=5  rate=5.00 Hz  time=21.94s
[trial 5/100] input_spikes: pn_exc=1798 vip_inh_bio=375 bg_exc=2588 bg_inh=838
[trial 5/100] spikes=4  rate=4.00 Hz  time=22.34s
[trial 6/100] input_spikes: pn_exc=1680 vip_inh_bio=370 bg_exc=2361 bg_inh=734
[trial 6/100] spikes=4  rate=4.00 Hz  time=22.13s
[trial 7/100] input_spikes: pn_exc=1516 vip_inh_bio=328 bg_exc=2004 bg_inh=628
[trial 7/100] spikes=3  rate=3.00 Hz  time=21.73s
[trial 8/100] input_spikes: pn_exc=1743 vip_inh_bio=377 bg_exc=2422 bg_inh=814
[trial 8/100] spikes=2  rate=2.00 Hz  time=22.20s
[trial 9/100] input_spikes: pn_exc=1732 vip_inh_bio=398 bg_exc=2499 bg_inh=795
[trial 9/100] spikes=2  rate=2.00 Hz  time=22.39s
[trial 10/100] input_spikes: pn_exc=1821 vip_inh_bio=389 bg_exc=2498 bg_inh=775
[trial 10/100] spikes=7  rate=7.00 Hz  time=22.31s
[trial 11/100] input_spikes: pn_exc=1680 vip_inh_bio=337 bg_exc=2295 bg_inh=811
[trial 11/100] spikes=2  rate=2.00 Hz  time=22.25s
[trial 12/100] input_spikes: pn_exc=1639 vip_inh_bio=330 bg_exc=2113 bg_inh=677
[trial 12/100] spikes=5  rate=5.00 Hz  time=22.00s
[trial 13/100] input_spikes: pn_exc=1808 vip_inh_bio=418 bg_exc=2404 bg_inh=778
[trial 13/100] spikes=6  rate=6.00 Hz  time=22.51s
[trial 14/100] input_spikes: pn_exc=1582 vip_inh_bio=373 bg_exc=2125 bg_inh=646
[trial 14/100] spikes=6  rate=6.00 Hz  time=21.89s
[trial 15/100] input_spikes: pn_exc=1741 vip_inh_bio=359 bg_exc=2255 bg_inh=669
[trial 15/100] spikes=6  rate=6.00 Hz  time=22.19s
[trial 16/100] input_spikes: pn_exc=1691 vip_inh_bio=352 bg_exc=2245 bg_inh=749
[trial 16/100] spikes=11  rate=11.00 Hz  time=22.25s
[trial 17/100] input_spikes: pn_exc=1674 vip_inh_bio=400 bg_exc=2430 bg_inh=780
[trial 17/100] spikes=5  rate=5.00 Hz  time=22.38s
[trial 18/100] input_spikes: pn_exc=1768 vip_inh_bio=386 bg_exc=2401 bg_inh=791
[trial 18/100] spikes=6  rate=6.00 Hz  time=22.35s
[trial 19/100] input_spikes: pn_exc=1741 vip_inh_bio=405 bg_exc=2382 bg_inh=774
[trial 19/100] spikes=4  rate=4.00 Hz  time=22.34s
[trial 20/100] input_spikes: pn_exc=1769 vip_inh_bio=371 bg_exc=2397 bg_inh=767
[trial 20/100] spikes=2  rate=2.00 Hz  time=22.33s
[trial 21/100] input_spikes: pn_exc=1590 vip_inh_bio=358 bg_exc=2299 bg_inh=659
[trial 21/100] spikes=5  rate=5.00 Hz  time=22.38s
[trial 22/100] input_spikes: pn_exc=1731 vip_inh_bio=404 bg_exc=2428 bg_inh=760
[trial 22/100] spikes=4  rate=4.00 Hz  time=22.60s
[trial 23/100] input_spikes: pn_exc=1624 vip_inh_bio=377 bg_exc=2153 bg_inh=643
[trial 23/100] spikes=2  rate=2.00 Hz  time=22.17s
[trial 24/100] input_spikes: pn_exc=1794 vip_inh_bio=391 bg_exc=2462 bg_inh=758
[trial 24/100] spikes=1  rate=1.00 Hz  time=22.41s
[trial 25/100] input_spikes: pn_exc=1568 vip_inh_bio=345 bg_exc=1899 bg_inh=582
[trial 25/100] spikes=3  rate=3.00 Hz  time=21.86s
[trial 26/100] input_spikes: pn_exc=1822 vip_inh_bio=428 bg_exc=2478 bg_inh=727
[trial 26/100] spikes=2  rate=2.00 Hz  time=22.49s
[trial 27/100] input_spikes: pn_exc=1747 vip_inh_bio=386 bg_exc=2487 bg_inh=817
[trial 27/100] spikes=4  rate=4.00 Hz  time=22.55s
[trial 28/100] input_spikes: pn_exc=1607 vip_inh_bio=379 bg_exc=2400 bg_inh=707
[trial 28/100] spikes=2  rate=2.00 Hz  time=22.38s
[trial 29/100] input_spikes: pn_exc=1695 vip_inh_bio=349 bg_exc=2462 bg_inh=751
[trial 29/100] spikes=1  rate=1.00 Hz  time=22.51s
[trial 30/100] input_spikes: pn_exc=1716 vip_inh_bio=352 bg_exc=2350 bg_inh=771
[trial 30/100] spikes=2  rate=2.00 Hz  time=22.34s
[trial 31/100] input_spikes: pn_exc=1731 vip_inh_bio=368 bg_exc=2332 bg_inh=736
[trial 31/100] spikes=2  rate=2.00 Hz  time=22.26s
[trial 32/100] input_spikes: pn_exc=1697 vip_inh_bio=389 bg_exc=2457 bg_inh=794
[trial 32/100] spikes=1  rate=1.00 Hz  time=22.47s
[trial 33/100] input_spikes: pn_exc=1559 vip_inh_bio=342 bg_exc=2056 bg_inh=667
[trial 33/100] spikes=4  rate=4.00 Hz  time=22.18s
[trial 34/100] input_spikes: pn_exc=1612 vip_inh_bio=349 bg_exc=2207 bg_inh=690
[trial 34/100] spikes=5  rate=5.00 Hz  time=22.11s
[trial 35/100] input_spikes: pn_exc=1599 vip_inh_bio=329 bg_exc=1978 bg_inh=623
[trial 35/100] spikes=4  rate=4.00 Hz  time=21.86s
[trial 36/100] input_spikes: pn_exc=1452 vip_inh_bio=330 bg_exc=1342 bg_inh=408
[trial 36/100] spikes=1  rate=1.00 Hz  time=21.39s
[trial 37/100] input_spikes: pn_exc=1657 vip_inh_bio=345 bg_exc=2266 bg_inh=750
[trial 37/100] spikes=8  rate=8.00 Hz  time=22.27s
[trial 38/100] input_spikes: pn_exc=1540 vip_inh_bio=310 bg_exc=1875 bg_inh=609
[trial 38/100] spikes=7  rate=7.00 Hz  time=21.98s
[trial 39/100] input_spikes: pn_exc=1768 vip_inh_bio=378 bg_exc=2462 bg_inh=806
[trial 39/100] spikes=4  rate=4.00 Hz  time=22.41s
[trial 40/100] input_spikes: pn_exc=1494 vip_inh_bio=341 bg_exc=1836 bg_inh=559
[trial 40/100] spikes=6  rate=6.00 Hz  time=21.66s
[trial 41/100] input_spikes: pn_exc=1710 vip_inh_bio=373 bg_exc=2481 bg_inh=774
[trial 41/100] spikes=5  rate=5.00 Hz  time=22.44s
[trial 42/100] input_spikes: pn_exc=1706 vip_inh_bio=350 bg_exc=2291 bg_inh=751
[trial 42/100] spikes=4  rate=4.00 Hz  time=22.25s
[trial 43/100] input_spikes: pn_exc=1558 vip_inh_bio=356 bg_exc=2181 bg_inh=702
[trial 43/100] spikes=2  rate=2.00 Hz  time=22.20s
[trial 44/100] input_spikes: pn_exc=1693 vip_inh_bio=374 bg_exc=2508 bg_inh=762
[trial 44/100] spikes=3  rate=3.00 Hz  time=22.54s
[trial 45/100] input_spikes: pn_exc=1578 vip_inh_bio=392 bg_exc=2193 bg_inh=683
[trial 45/100] spikes=1  rate=1.00 Hz  time=22.13s
[trial 46/100] input_spikes: pn_exc=1699 vip_inh_bio=360 bg_exc=2508 bg_inh=832
[trial 46/100] spikes=6  rate=6.00 Hz  time=22.41s
[trial 47/100] input_spikes: pn_exc=1698 vip_inh_bio=368 bg_exc=2234 bg_inh=694
[trial 47/100] spikes=6  rate=6.00 Hz  time=22.22s
[trial 48/100] input_spikes: pn_exc=1499 vip_inh_bio=327 bg_exc=1813 bg_inh=603
[trial 48/100] spikes=2  rate=2.00 Hz  time=21.74s
[trial 49/100] input_spikes: pn_exc=1661 vip_inh_bio=336 bg_exc=2330 bg_inh=702
[trial 49/100] spikes=6  rate=6.00 Hz  time=22.27s
[trial 50/100] input_spikes: pn_exc=1684 vip_inh_bio=384 bg_exc=2321 bg_inh=768
[trial 50/100] spikes=2  rate=2.00 Hz  time=22.26s
[trial 51/100] input_spikes: pn_exc=1724 vip_inh_bio=380 bg_exc=2322 bg_inh=749
[trial 51/100] spikes=1  rate=1.00 Hz  time=22.35s
[trial 52/100] input_spikes: pn_exc=1693 vip_inh_bio=360 bg_exc=2402 bg_inh=756
[trial 52/100] spikes=5  rate=5.00 Hz  time=22.35s
[trial 53/100] input_spikes: pn_exc=1724 vip_inh_bio=404 bg_exc=2446 bg_inh=871
[trial 53/100] spikes=3  rate=3.00 Hz  time=22.51s
[trial 54/100] input_spikes: pn_exc=1755 vip_inh_bio=380 bg_exc=2414 bg_inh=722
[trial 54/100] spikes=4  rate=4.00 Hz  time=22.35s
[trial 55/100] input_spikes: pn_exc=1760 vip_inh_bio=378 bg_exc=2465 bg_inh=782
[trial 55/100] spikes=4  rate=4.00 Hz  time=22.42s
[trial 56/100] input_spikes: pn_exc=1785 vip_inh_bio=430 bg_exc=2438 bg_inh=778
[trial 56/100] spikes=4  rate=4.00 Hz  time=22.55s
[trial 57/100] input_spikes: pn_exc=1640 vip_inh_bio=349 bg_exc=2260 bg_inh=690
[trial 57/100] spikes=3  rate=3.00 Hz  time=22.27s
[trial 58/100] input_spikes: pn_exc=1660 vip_inh_bio=354 bg_exc=2185 bg_inh=674
[trial 58/100] spikes=3  rate=3.00 Hz  time=21.99s
[trial 59/100] input_spikes: pn_exc=1595 vip_inh_bio=341 bg_exc=2309 bg_inh=761
[trial 59/100] spikes=2  rate=2.00 Hz  time=22.21s
[trial 60/100] input_spikes: pn_exc=1494 vip_inh_bio=343 bg_exc=1898 bg_inh=594
[trial 60/100] spikes=3  rate=3.00 Hz  time=21.76s
[trial 61/100] input_spikes: pn_exc=1769 vip_inh_bio=396 bg_exc=2497 bg_inh=815
[trial 61/100] spikes=1  rate=1.00 Hz  time=22.53s
[trial 62/100] input_spikes: pn_exc=1597 vip_inh_bio=358 bg_exc=2143 bg_inh=715
[trial 62/100] spikes=6  rate=6.00 Hz  time=22.30s
[trial 63/100] input_spikes: pn_exc=1720 vip_inh_bio=340 bg_exc=2464 bg_inh=746
[trial 63/100] spikes=9  rate=9.00 Hz  time=23.58s
[trial 64/100] input_spikes: pn_exc=1712 vip_inh_bio=399 bg_exc=2283 bg_inh=732
[trial 64/100] spikes=2  rate=2.00 Hz  time=23.66s
[trial 65/100] input_spikes: pn_exc=1587 vip_inh_bio=368 bg_exc=2257 bg_inh=717
[trial 65/100] spikes=5  rate=5.00 Hz  time=23.17s
[trial 66/100] input_spikes: pn_exc=1455 vip_inh_bio=327 bg_exc=1641 bg_inh=517
[trial 66/100] spikes=1  rate=1.00 Hz  time=21.61s
[trial 67/100] input_spikes: pn_exc=1695 vip_inh_bio=360 bg_exc=2108 bg_inh=694
[trial 67/100] spikes=5  rate=5.00 Hz  time=22.09s
[trial 68/100] input_spikes: pn_exc=1646 vip_inh_bio=345 bg_exc=2156 bg_inh=648
[trial 68/100] spikes=3  rate=3.00 Hz  time=22.14s
[trial 69/100] input_spikes: pn_exc=1633 vip_inh_bio=357 bg_exc=2298 bg_inh=732
[trial 69/100] spikes=3  rate=3.00 Hz  time=22.40s
[trial 70/100] input_spikes: pn_exc=1724 vip_inh_bio=373 bg_exc=2387 bg_inh=794
[trial 70/100] spikes=3  rate=3.00 Hz  time=22.45s
[trial 71/100] input_spikes: pn_exc=1678 vip_inh_bio=406 bg_exc=2468 bg_inh=779
[trial 71/100] spikes=8  rate=8.00 Hz  time=22.65s
[trial 72/100] input_spikes: pn_exc=1717 vip_inh_bio=381 bg_exc=2334 bg_inh=777
[trial 72/100] spikes=2  rate=2.00 Hz  time=22.46s
[trial 73/100] input_spikes: pn_exc=1725 vip_inh_bio=363 bg_exc=2411 bg_inh=740
[trial 73/100] spikes=5  rate=5.00 Hz  time=22.53s
[trial 74/100] input_spikes: pn_exc=1696 vip_inh_bio=397 bg_exc=2414 bg_inh=810
[trial 74/100] spikes=3  rate=3.00 Hz  time=22.56s
[trial 75/100] input_spikes: pn_exc=1724 vip_inh_bio=352 bg_exc=2313 bg_inh=768
[trial 75/100] spikes=5  rate=5.00 Hz  time=22.25s
[trial 76/100] input_spikes: pn_exc=1571 vip_inh_bio=345 bg_exc=2138 bg_inh=628
[trial 76/100] spikes=6  rate=6.00 Hz  time=21.89s
[trial 77/100] input_spikes: pn_exc=1731 vip_inh_bio=360 bg_exc=2497 bg_inh=729
[trial 77/100] spikes=6  rate=6.00 Hz  time=22.51s
[trial 78/100] input_spikes: pn_exc=1703 vip_inh_bio=357 bg_exc=2350 bg_inh=742
[trial 78/100] spikes=0  rate=0.00 Hz  time=22.19s
[trial 79/100] input_spikes: pn_exc=1754 vip_inh_bio=391 bg_exc=2481 bg_inh=709
[trial 79/100] spikes=5  rate=5.00 Hz  time=22.45s
[trial 80/100] input_spikes: pn_exc=1602 vip_inh_bio=356 bg_exc=2345 bg_inh=761
[trial 80/100] spikes=2  rate=2.00 Hz  time=22.36s
[trial 81/100] input_spikes: pn_exc=1672 vip_inh_bio=368 bg_exc=2310 bg_inh=768
[trial 81/100] spikes=5  rate=5.00 Hz  time=22.35s
[trial 82/100] input_spikes: pn_exc=1487 vip_inh_bio=351 bg_exc=1930 bg_inh=629
[trial 82/100] spikes=5  rate=5.00 Hz  time=21.78s
[trial 83/100] input_spikes: pn_exc=1658 vip_inh_bio=374 bg_exc=2277 bg_inh=783
[trial 83/100] spikes=3  rate=3.00 Hz  time=22.38s
[trial 84/100] input_spikes: pn_exc=1785 vip_inh_bio=383 bg_exc=2398 bg_inh=786
[trial 84/100] spikes=5  rate=5.00 Hz  time=22.62s
[trial 85/100] input_spikes: pn_exc=1599 vip_inh_bio=372 bg_exc=2347 bg_inh=755
[trial 85/100] spikes=7  rate=7.00 Hz  time=22.40s
[trial 86/100] input_spikes: pn_exc=1723 vip_inh_bio=383 bg_exc=2324 bg_inh=765
[trial 86/100] spikes=2  rate=2.00 Hz  time=22.43s
[trial 87/100] input_spikes: pn_exc=1651 vip_inh_bio=375 bg_exc=2337 bg_inh=781
[trial 87/100] spikes=8  rate=8.00 Hz  time=22.45s
[trial 88/100] input_spikes: pn_exc=1694 vip_inh_bio=389 bg_exc=2428 bg_inh=751
[trial 88/100] spikes=5  rate=5.00 Hz  time=22.52s
[trial 89/100] input_spikes: pn_exc=1735 vip_inh_bio=390 bg_exc=2345 bg_inh=762
[trial 89/100] spikes=3  rate=3.00 Hz  time=22.46s
[trial 90/100] input_spikes: pn_exc=1629 vip_inh_bio=336 bg_exc=2184 bg_inh=668
[trial 90/100] spikes=6  rate=6.00 Hz  time=22.15s
[trial 91/100] input_spikes: pn_exc=1679 vip_inh_bio=332 bg_exc=2447 bg_inh=751
[trial 91/100] spikes=10  rate=10.00 Hz  time=22.45s
[trial 92/100] input_spikes: pn_exc=1478 vip_inh_bio=299 bg_exc=1769 bg_inh=529
[trial 92/100] spikes=7  rate=7.00 Hz  time=21.79s
[trial 93/100] input_spikes: pn_exc=1442 vip_inh_bio=285 bg_exc=1615 bg_inh=516
[trial 93/100] spikes=1  rate=1.00 Hz  time=21.80s
[trial 94/100] input_spikes: pn_exc=1751 vip_inh_bio=395 bg_exc=2435 bg_inh=754
[trial 94/100] spikes=2  rate=2.00 Hz  time=22.67s
[trial 95/100] input_spikes: pn_exc=1674 vip_inh_bio=332 bg_exc=2398 bg_inh=721
[trial 95/100] spikes=4  rate=4.00 Hz  time=22.50s
[trial 96/100] input_spikes: pn_exc=1620 vip_inh_bio=344 bg_exc=2212 bg_inh=691
[trial 96/100] spikes=2  rate=2.00 Hz  time=22.16s
[trial 97/100] input_spikes: pn_exc=1600 vip_inh_bio=376 bg_exc=2370 bg_inh=803
[trial 97/100] spikes=3  rate=3.00 Hz  time=22.48s
[trial 98/100] input_spikes: pn_exc=1558 vip_inh_bio=345 bg_exc=2075 bg_inh=637
[trial 98/100] spikes=4  rate=4.00 Hz  time=21.89s
[trial 99/100] input_spikes: pn_exc=1784 vip_inh_bio=359 bg_exc=2419 bg_inh=696
[trial 99/100] spikes=8  rate=8.00 Hz  time=22.07s
[trial 100/100] input_spikes: pn_exc=1595 vip_inh_bio=366 bg_exc=2172 bg_inh=686
[trial 100/100] spikes=4  rate=4.00 Hz  time=20.93s
save_plots single_plot warning: Top input panel: group list empty, auto-using all groups (4).
Results saved to /home/hrbncv/SCP/cells/SST/tunes/seg_tuned_all/output_data/slurm_42203/parts/slurm_42203_12/run_manifest.json
Total runtime: 2229.61s
