Running: /home/hrbncv/miniconda3/envs/BMTK-py311/bin/python /home/hrbncv/SCP/run_pipeline.py --tune-dir /home/hrbncv/SCP/cells/SST/tunes/seg_tuned_all --output-dir /home/hrbncv/SCP/cells/SST/tunes/seg_tuned_all/output_data/slurm_42203/parts --n-trials 100 --output-stem slurm_42203_46 --trial-offset 4600 --force-save
Loaded mechanisms from /home/hrbncv/SCP/cells/SST/tunes/seg_tuned_all/modfiles/x86_64/.libs/libnrnmech.so
Loaded Allen cell for 'SST' from /home/hrbncv/SCP/cells/SST/tunes/seg_tuned_all/manifest.json, soma_diam_multiplier=10.0, Vinit=-65.0, loader=genome_fallback
Geometry defined for 'SST': 1 soma segs, 54 proximal dend segs, 52 distal dend segs, 115 total dend segs.
[trial 1/100] input_spikes: pn_exc=1585 vip_inh_bio=361 bg_exc=2094 bg_inh=628
[trial 1/100] spikes=2  rate=2.00 Hz  time=22.07s
[trial 2/100] input_spikes: pn_exc=1675 vip_inh_bio=357 bg_exc=2158 bg_inh=648
[trial 2/100] spikes=2  rate=2.00 Hz  time=22.08s
[trial 3/100] input_spikes: pn_exc=1689 vip_inh_bio=350 bg_exc=2440 bg_inh=735
[trial 3/100] spikes=8  rate=8.00 Hz  time=22.41s
[trial 4/100] input_spikes: pn_exc=1672 vip_inh_bio=335 bg_exc=2522 bg_inh=753
[trial 4/100] spikes=1  rate=1.00 Hz  time=22.32s
[trial 5/100] input_spikes: pn_exc=1668 vip_inh_bio=353 bg_exc=2378 bg_inh=806
[trial 5/100] spikes=3  rate=3.00 Hz  time=22.54s
[trial 6/100] input_spikes: pn_exc=1660 vip_inh_bio=339 bg_exc=2209 bg_inh=681
[trial 6/100] spikes=3  rate=3.00 Hz  time=22.10s
[trial 7/100] input_spikes: pn_exc=1753 vip_inh_bio=392 bg_exc=2469 bg_inh=802
[trial 7/100] spikes=2  rate=2.00 Hz  time=22.45s
[trial 8/100] input_spikes: pn_exc=1689 vip_inh_bio=380 bg_exc=2399 bg_inh=718
[trial 8/100] spikes=3  rate=3.00 Hz  time=22.30s
[trial 9/100] input_spikes: pn_exc=1584 vip_inh_bio=369 bg_exc=2082 bg_inh=668
[trial 9/100] spikes=1  rate=1.00 Hz  time=22.28s
[trial 10/100] input_spikes: pn_exc=1615 vip_inh_bio=372 bg_exc=2288 bg_inh=710
[trial 10/100] spikes=5  rate=5.00 Hz  time=22.30s
[trial 11/100] input_spikes: pn_exc=1602 vip_inh_bio=367 bg_exc=2096 bg_inh=640
[trial 11/100] spikes=4  rate=4.00 Hz  time=21.96s
[trial 12/100] input_spikes: pn_exc=1550 vip_inh_bio=343 bg_exc=1830 bg_inh=585
[trial 12/100] spikes=4  rate=4.00 Hz  time=21.81s
[trial 13/100] input_spikes: pn_exc=1527 vip_inh_bio=323 bg_exc=1875 bg_inh=618
[trial 13/100] spikes=3  rate=3.00 Hz  time=21.73s
[trial 14/100] input_spikes: pn_exc=1665 vip_inh_bio=391 bg_exc=2428 bg_inh=761
[trial 14/100] spikes=7  rate=7.00 Hz  time=22.58s
[trial 15/100] input_spikes: pn_exc=1736 vip_inh_bio=364 bg_exc=2448 bg_inh=745
[trial 15/100] spikes=9  rate=9.00 Hz  time=22.38s
[trial 16/100] input_spikes: pn_exc=1736 vip_inh_bio=362 bg_exc=2381 bg_inh=719
[trial 16/100] spikes=5  rate=5.00 Hz  time=22.47s
[trial 17/100] input_spikes: pn_exc=1682 vip_inh_bio=389 bg_exc=2570 bg_inh=789
[trial 17/100] spikes=5  rate=5.00 Hz  time=22.74s
[trial 18/100] input_spikes: pn_exc=1781 vip_inh_bio=405 bg_exc=2531 bg_inh=725
[trial 18/100] spikes=3  rate=3.00 Hz  time=22.51s
[trial 19/100] input_spikes: pn_exc=1497 vip_inh_bio=350 bg_exc=1953 bg_inh=614
[trial 19/100] spikes=3  rate=3.00 Hz  time=21.77s
[trial 20/100] input_spikes: pn_exc=1612 vip_inh_bio=368 bg_exc=2255 bg_inh=748
[trial 20/100] spikes=4  rate=4.00 Hz  time=22.13s
[trial 21/100] input_spikes: pn_exc=1743 vip_inh_bio=389 bg_exc=2447 bg_inh=749
[trial 21/100] spikes=2  rate=2.00 Hz  time=22.70s
[trial 22/100] input_spikes: pn_exc=1635 vip_inh_bio=367 bg_exc=2118 bg_inh=624
[trial 22/100] spikes=2  rate=2.00 Hz  time=22.37s
[trial 23/100] input_spikes: pn_exc=1459 vip_inh_bio=313 bg_exc=1782 bg_inh=545
[trial 23/100] spikes=2  rate=2.00 Hz  time=21.82s
[trial 24/100] input_spikes: pn_exc=1682 vip_inh_bio=401 bg_exc=2339 bg_inh=798
[trial 24/100] spikes=4  rate=4.00 Hz  time=22.23s
[trial 25/100] input_spikes: pn_exc=1570 vip_inh_bio=322 bg_exc=2148 bg_inh=692
[trial 25/100] spikes=7  rate=7.00 Hz  time=22.29s
[trial 26/100] input_spikes: pn_exc=1450 vip_inh_bio=348 bg_exc=1756 bg_inh=511
[trial 26/100] spikes=3  rate=3.00 Hz  time=21.77s
[trial 27/100] input_spikes: pn_exc=1711 vip_inh_bio=372 bg_exc=2412 bg_inh=782
[trial 27/100] spikes=4  rate=4.00 Hz  time=22.75s
[trial 28/100] input_spikes: pn_exc=1777 vip_inh_bio=372 bg_exc=2497 bg_inh=730
[trial 28/100] spikes=6  rate=6.00 Hz  time=22.42s
[trial 29/100] input_spikes: pn_exc=1543 vip_inh_bio=313 bg_exc=1243 bg_inh=410
[trial 29/100] spikes=2  rate=2.00 Hz  time=21.49s
[trial 30/100] input_spikes: pn_exc=1525 vip_inh_bio=348 bg_exc=1961 bg_inh=594
[trial 30/100] spikes=6  rate=6.00 Hz  time=21.88s
[trial 31/100] input_spikes: pn_exc=1571 vip_inh_bio=354 bg_exc=2081 bg_inh=656
[trial 31/100] spikes=4  rate=4.00 Hz  time=22.13s
[trial 32/100] input_spikes: pn_exc=1673 vip_inh_bio=347 bg_exc=2219 bg_inh=674
[trial 32/100] spikes=5  rate=5.00 Hz  time=22.01s
[trial 33/100] input_spikes: pn_exc=1675 vip_inh_bio=388 bg_exc=2233 bg_inh=677
[trial 33/100] spikes=1  rate=1.00 Hz  time=22.36s
[trial 34/100] input_spikes: pn_exc=1742 vip_inh_bio=396 bg_exc=2493 bg_inh=791
[trial 34/100] spikes=4  rate=4.00 Hz  time=22.70s
[trial 35/100] input_spikes: pn_exc=1636 vip_inh_bio=341 bg_exc=2189 bg_inh=744
[trial 35/100] spikes=3  rate=3.00 Hz  time=22.49s
[trial 36/100] input_spikes: pn_exc=1679 vip_inh_bio=324 bg_exc=2319 bg_inh=728
[trial 36/100] spikes=7  rate=7.00 Hz  time=22.79s
[trial 37/100] input_spikes: pn_exc=1705 vip_inh_bio=374 bg_exc=2336 bg_inh=726
[trial 37/100] spikes=5  rate=5.00 Hz  time=22.79s
[trial 38/100] input_spikes: pn_exc=1677 vip_inh_bio=357 bg_exc=2336 bg_inh=695
[trial 38/100] spikes=5  rate=5.00 Hz  time=22.63s
[trial 39/100] input_spikes: pn_exc=1666 vip_inh_bio=373 bg_exc=2298 bg_inh=735
[trial 39/100] spikes=4  rate=4.00 Hz  time=22.62s
[trial 40/100] input_spikes: pn_exc=1715 vip_inh_bio=369 bg_exc=2461 bg_inh=779
[trial 40/100] spikes=4  rate=4.00 Hz  time=22.84s
[trial 41/100] input_spikes: pn_exc=1774 vip_inh_bio=375 bg_exc=2465 bg_inh=789
[trial 41/100] spikes=5  rate=5.00 Hz  time=22.85s
[trial 42/100] input_spikes: pn_exc=1764 vip_inh_bio=380 bg_exc=2471 bg_inh=738
[trial 42/100] spikes=2  rate=2.00 Hz  time=22.80s
[trial 43/100] input_spikes: pn_exc=1730 vip_inh_bio=410 bg_exc=2501 bg_inh=766
[trial 43/100] spikes=5  rate=5.00 Hz  time=22.96s
[trial 44/100] input_spikes: pn_exc=1679 vip_inh_bio=369 bg_exc=2434 bg_inh=743
[trial 44/100] spikes=4  rate=4.00 Hz  time=22.70s
[trial 45/100] input_spikes: pn_exc=1581 vip_inh_bio=344 bg_exc=2209 bg_inh=703
[trial 45/100] spikes=5  rate=5.00 Hz  time=22.35s
[trial 46/100] input_spikes: pn_exc=1627 vip_inh_bio=387 bg_exc=2327 bg_inh=698
[trial 46/100] spikes=5  rate=5.00 Hz  time=22.63s
[trial 47/100] input_spikes: pn_exc=1642 vip_inh_bio=359 bg_exc=2142 bg_inh=747
[trial 47/100] spikes=3  rate=3.00 Hz  time=23.01s
[trial 48/100] input_spikes: pn_exc=1755 vip_inh_bio=381 bg_exc=2439 bg_inh=784
[trial 48/100] spikes=2  rate=2.00 Hz  time=22.70s
[trial 49/100] input_spikes: pn_exc=1619 vip_inh_bio=332 bg_exc=2393 bg_inh=707
[trial 49/100] spikes=7  rate=7.00 Hz  time=22.59s
[trial 50/100] input_spikes: pn_exc=1735 vip_inh_bio=380 bg_exc=2343 bg_inh=763
[trial 50/100] spikes=3  rate=3.00 Hz  time=22.65s
[trial 51/100] input_spikes: pn_exc=1548 vip_inh_bio=304 bg_exc=1769 bg_inh=552
[trial 51/100] spikes=3  rate=3.00 Hz  time=21.98s
[trial 52/100] input_spikes: pn_exc=1648 vip_inh_bio=364 bg_exc=2240 bg_inh=674
[trial 52/100] spikes=1  rate=1.00 Hz  time=22.40s
[trial 53/100] input_spikes: pn_exc=1632 vip_inh_bio=362 bg_exc=2205 bg_inh=693
[trial 53/100] spikes=2  rate=2.00 Hz  time=22.63s
[trial 54/100] input_spikes: pn_exc=1695 vip_inh_bio=378 bg_exc=2443 bg_inh=756
[trial 54/100] spikes=4  rate=4.00 Hz  time=22.72s
[trial 55/100] input_spikes: pn_exc=1756 vip_inh_bio=351 bg_exc=2426 bg_inh=845
[trial 55/100] spikes=7  rate=7.00 Hz  time=22.67s
[trial 56/100] input_spikes: pn_exc=1662 vip_inh_bio=315 bg_exc=2139 bg_inh=684
[trial 56/100] spikes=5  rate=5.00 Hz  time=22.34s
[trial 57/100] input_spikes: pn_exc=1600 vip_inh_bio=345 bg_exc=2087 bg_inh=632
[trial 57/100] spikes=5  rate=5.00 Hz  time=22.33s
[trial 58/100] input_spikes: pn_exc=1753 vip_inh_bio=376 bg_exc=2279 bg_inh=729
[trial 58/100] spikes=3  rate=3.00 Hz  time=22.69s
[trial 59/100] input_spikes: pn_exc=1723 vip_inh_bio=378 bg_exc=2529 bg_inh=740
[trial 59/100] spikes=5  rate=5.00 Hz  time=22.81s
[trial 60/100] input_spikes: pn_exc=1738 vip_inh_bio=360 bg_exc=2387 bg_inh=763
[trial 60/100] spikes=5  rate=5.00 Hz  time=22.65s
[trial 61/100] input_spikes: pn_exc=1719 vip_inh_bio=361 bg_exc=2346 bg_inh=740
[trial 61/100] spikes=7  rate=7.00 Hz  time=22.63s
[trial 62/100] input_spikes: pn_exc=1672 vip_inh_bio=366 bg_exc=2467 bg_inh=728
[trial 62/100] spikes=1  rate=1.00 Hz  time=22.84s
[trial 63/100] input_spikes: pn_exc=1729 vip_inh_bio=386 bg_exc=2501 bg_inh=762
[trial 63/100] spikes=5  rate=5.00 Hz  time=23.26s
[trial 64/100] input_spikes: pn_exc=1772 vip_inh_bio=390 bg_exc=2624 bg_inh=776
[trial 64/100] spikes=5  rate=5.00 Hz  time=23.17s
[trial 65/100] input_spikes: pn_exc=1757 vip_inh_bio=369 bg_exc=2486 bg_inh=779
[trial 65/100] spikes=6  rate=6.00 Hz  time=22.97s
[trial 66/100] input_spikes: pn_exc=1440 vip_inh_bio=328 bg_exc=1648 bg_inh=555
[trial 66/100] spikes=3  rate=3.00 Hz  time=21.87s
[trial 67/100] input_spikes: pn_exc=1718 vip_inh_bio=403 bg_exc=2404 bg_inh=737
[trial 67/100] spikes=4  rate=4.00 Hz  time=22.93s
[trial 68/100] input_spikes: pn_exc=1664 vip_inh_bio=357 bg_exc=2401 bg_inh=789
[trial 68/100] spikes=6  rate=6.00 Hz  time=22.86s
[trial 69/100] input_spikes: pn_exc=1751 vip_inh_bio=390 bg_exc=2333 bg_inh=738
[trial 69/100] spikes=6  rate=6.00 Hz  time=22.78s
[trial 70/100] input_spikes: pn_exc=1654 vip_inh_bio=400 bg_exc=2429 bg_inh=769
[trial 70/100] spikes=2  rate=2.00 Hz  time=22.87s
[trial 71/100] input_spikes: pn_exc=1674 vip_inh_bio=381 bg_exc=2512 bg_inh=761
[trial 71/100] spikes=6  rate=6.00 Hz  time=23.01s
[trial 72/100] input_spikes: pn_exc=1747 vip_inh_bio=394 bg_exc=2344 bg_inh=744
[trial 72/100] spikes=0  rate=0.00 Hz  time=22.68s
[trial 73/100] input_spikes: pn_exc=1641 vip_inh_bio=375 bg_exc=2178 bg_inh=714
[trial 73/100] spikes=4  rate=4.00 Hz  time=22.56s
[trial 74/100] input_spikes: pn_exc=1760 vip_inh_bio=374 bg_exc=2581 bg_inh=814
[trial 74/100] spikes=6  rate=6.00 Hz  time=22.82s
[trial 75/100] input_spikes: pn_exc=1713 vip_inh_bio=393 bg_exc=2401 bg_inh=771
[trial 75/100] spikes=3  rate=3.00 Hz  time=22.83s
[trial 76/100] input_spikes: pn_exc=1747 vip_inh_bio=353 bg_exc=2396 bg_inh=751
[trial 76/100] spikes=8  rate=8.00 Hz  time=22.60s
[trial 77/100] input_spikes: pn_exc=1646 vip_inh_bio=380 bg_exc=2438 bg_inh=702
[trial 77/100] spikes=3  rate=3.00 Hz  time=22.68s
[trial 78/100] input_spikes: pn_exc=1721 vip_inh_bio=355 bg_exc=2468 bg_inh=746
[trial 78/100] spikes=7  rate=7.00 Hz  time=22.81s
[trial 79/100] input_spikes: pn_exc=1623 vip_inh_bio=346 bg_exc=2433 bg_inh=760
[trial 79/100] spikes=3  rate=3.00 Hz  time=22.76s
[trial 80/100] input_spikes: pn_exc=1638 vip_inh_bio=365 bg_exc=2383 bg_inh=718
[trial 80/100] spikes=4  rate=4.00 Hz  time=22.72s
[trial 81/100] input_spikes: pn_exc=1678 vip_inh_bio=366 bg_exc=2395 bg_inh=794
[trial 81/100] spikes=4  rate=4.00 Hz  time=22.76s
[trial 82/100] input_spikes: pn_exc=1778 vip_inh_bio=385 bg_exc=2478 bg_inh=799
[trial 82/100] spikes=3  rate=3.00 Hz  time=22.85s
[trial 83/100] input_spikes: pn_exc=1674 vip_inh_bio=348 bg_exc=2145 bg_inh=677
[trial 83/100] spikes=6  rate=6.00 Hz  time=22.42s
[trial 84/100] input_spikes: pn_exc=1826 vip_inh_bio=367 bg_exc=2452 bg_inh=738
[trial 84/100] spikes=7  rate=7.00 Hz  time=22.86s
[trial 85/100] input_spikes: pn_exc=1576 vip_inh_bio=344 bg_exc=2187 bg_inh=662
[trial 85/100] spikes=4  rate=4.00 Hz  time=22.29s
[trial 86/100] input_spikes: pn_exc=1709 vip_inh_bio=357 bg_exc=2360 bg_inh=760
[trial 86/100] spikes=4  rate=4.00 Hz  time=22.78s
[trial 87/100] input_spikes: pn_exc=1627 vip_inh_bio=343 bg_exc=2252 bg_inh=731
[trial 87/100] spikes=8  rate=8.00 Hz  time=23.10s
[trial 88/100] input_spikes: pn_exc=1758 vip_inh_bio=338 bg_exc=2566 bg_inh=856
[trial 88/100] spikes=2  rate=2.00 Hz  time=22.86s
[trial 89/100] input_spikes: pn_exc=1546 vip_inh_bio=332 bg_exc=2013 bg_inh=629
[trial 89/100] spikes=3  rate=3.00 Hz  time=22.35s
[trial 90/100] input_spikes: pn_exc=1715 vip_inh_bio=352 bg_exc=2393 bg_inh=792
[trial 90/100] spikes=8  rate=8.00 Hz  time=22.80s
[trial 91/100] input_spikes: pn_exc=1833 vip_inh_bio=404 bg_exc=2345 bg_inh=813
[trial 91/100] spikes=2  rate=2.00 Hz  time=22.88s
[trial 92/100] input_spikes: pn_exc=1596 vip_inh_bio=335 bg_exc=2188 bg_inh=662
[trial 92/100] spikes=4  rate=4.00 Hz  time=22.29s
[trial 93/100] input_spikes: pn_exc=1706 vip_inh_bio=365 bg_exc=2441 bg_inh=778
[trial 93/100] spikes=4  rate=4.00 Hz  time=23.07s
[trial 94/100] input_spikes: pn_exc=1660 vip_inh_bio=381 bg_exc=2373 bg_inh=764
[trial 94/100] spikes=6  rate=6.00 Hz  time=22.69s
[trial 95/100] input_spikes: pn_exc=1676 vip_inh_bio=375 bg_exc=2394 bg_inh=752
[trial 95/100] spikes=2  rate=2.00 Hz  time=22.76s
[trial 96/100] input_spikes: pn_exc=1763 vip_inh_bio=374 bg_exc=2355 bg_inh=770
[trial 96/100] spikes=9  rate=9.00 Hz  time=22.53s
[trial 97/100] input_spikes: pn_exc=1478 vip_inh_bio=306 bg_exc=1715 bg_inh=570
[trial 97/100] spikes=6  rate=6.00 Hz  time=21.67s
[trial 98/100] input_spikes: pn_exc=1743 vip_inh_bio=370 bg_exc=2406 bg_inh=780
[trial 98/100] spikes=6  rate=6.00 Hz  time=21.99s
[trial 99/100] input_spikes: pn_exc=1710 vip_inh_bio=355 bg_exc=2546 bg_inh=802
[trial 99/100] spikes=6  rate=6.00 Hz  time=21.34s
[trial 100/100] input_spikes: pn_exc=1512 vip_inh_bio=364 bg_exc=2127 bg_inh=628
[trial 100/100] spikes=0  rate=0.00 Hz  time=21.27s
save_plots single_plot warning: Top input panel: group list empty, auto-using all groups (4).
Results saved to /home/hrbncv/SCP/cells/SST/tunes/seg_tuned_all/output_data/slurm_42203/parts/slurm_42203_46/run_manifest.json
Total runtime: 2252.14s
