Running: python /home/hrbncv/SCP/run_pipeline.py --tune-dir /home/hrbncv/SCP/cells/PV/tunes/seg_tuned --output-dir /home/hrbncv/SCP/cells/PV/tunes/seg_tuned/output_data/slurm_32387/parts --n-trials 20 --output-stem slurm_32387_49 --trial-offset 980 --force-save
Mechanisms already loaded; skipping duplicate load.
Loaded Allen cell for 'PV' from /home/hrbncv/SCP/cells/PV/tunes/seg_tuned/manifest.json, soma_diam_multiplier=6.0, Vinit=-71.0, loader=allensdk_default
Geometry defined for 'PV': 1 soma segs, 46 proximal dend segs, 41 distal dend segs, 97 total dend segs.
[trial 1/20] input_spikes: pn_exc=2722 bg_exc=840 bg_inh=214
[trial 1/20] spikes=12  rate=12.00 Hz  time=29.19s
[trial 2/20] input_spikes: pn_exc=2820 bg_exc=814 bg_inh=190
[trial 2/20] spikes=12  rate=12.00 Hz  time=29.13s
[trial 3/20] input_spikes: pn_exc=2558 bg_exc=703 bg_inh=184
[trial 3/20] spikes=12  rate=12.00 Hz  time=28.63s
[trial 4/20] input_spikes: pn_exc=2883 bg_exc=916 bg_inh=221
[trial 4/20] spikes=12  rate=12.00 Hz  time=28.72s
[trial 5/20] input_spikes: pn_exc=2652 bg_exc=791 bg_inh=159
[trial 5/20] spikes=12  rate=12.00 Hz  time=28.64s
[trial 6/20] input_spikes: pn_exc=2367 bg_exc=562 bg_inh=159
[trial 6/20] spikes=10  rate=10.00 Hz  time=28.56s
[trial 7/20] input_spikes: pn_exc=2681 bg_exc=845 bg_inh=188
[trial 7/20] spikes=12  rate=12.00 Hz  time=28.56s
[trial 8/20] input_spikes: pn_exc=2803 bg_exc=856 bg_inh=229
[trial 8/20] spikes=12  rate=12.00 Hz  time=28.73s
[trial 9/20] input_spikes: pn_exc=2855 bg_exc=809 bg_inh=200
[trial 9/20] spikes=13  rate=13.00 Hz  time=28.65s
[trial 10/20] input_spikes: pn_exc=2754 bg_exc=854 bg_inh=192
[trial 10/20] spikes=13  rate=13.00 Hz  time=28.50s
[trial 11/20] input_spikes: pn_exc=2893 bg_exc=856 bg_inh=206
[trial 11/20] spikes=12  rate=12.00 Hz  time=28.63s
[trial 12/20] input_spikes: pn_exc=2827 bg_exc=921 bg_inh=196
[trial 12/20] spikes=12  rate=12.00 Hz  time=28.72s
[trial 13/20] input_spikes: pn_exc=2727 bg_exc=770 bg_inh=200
[trial 13/20] spikes=11  rate=11.00 Hz  time=28.65s
[trial 14/20] input_spikes: pn_exc=2722 bg_exc=803 bg_inh=197
[trial 14/20] spikes=12  rate=12.00 Hz  time=28.57s
[trial 15/20] input_spikes: pn_exc=2717 bg_exc=860 bg_inh=190
[trial 15/20] spikes=13  rate=13.00 Hz  time=28.61s
[trial 16/20] input_spikes: pn_exc=2876 bg_exc=872 bg_inh=203
[trial 16/20] spikes=13  rate=13.00 Hz  time=28.73s
[trial 17/20] input_spikes: pn_exc=2703 bg_exc=831 bg_inh=175
[trial 17/20] spikes=13  rate=13.00 Hz  time=28.62s
[trial 18/20] input_spikes: pn_exc=2848 bg_exc=826 bg_inh=179
[trial 18/20] spikes=12  rate=12.00 Hz  time=28.63s
[trial 19/20] input_spikes: pn_exc=2667 bg_exc=762 bg_inh=214
[trial 19/20] spikes=12  rate=12.00 Hz  time=28.69s
[trial 20/20] input_spikes: pn_exc=2880 bg_exc=821 bg_inh=196
[trial 20/20] spikes=12  rate=12.00 Hz  time=28.68s
save_plots single_plot warning: Top input panel: group list empty, auto-using all groups (3).
save_plots single_plot warning: Input raster panel: group list empty, auto-using all groups (3).
Results saved to /home/hrbncv/SCP/cells/PV/tunes/seg_tuned/output_data/slurm_32387/parts/slurm_32387_49/run_manifest.json
Total runtime: 690.20s
