Running: /home/hrbncv/miniconda3/envs/BMTK-py311/bin/python /home/hrbncv/SCP/run_pipeline.py --tune-dir /home/hrbncv/SCP/cells/SST/tunes/seg_tuned_all --output-dir /home/hrbncv/SCP/cells/SST/tunes/seg_tuned_all/output_data/slurm_45349/parts --n-trials 20 --output-stem slurm_45349_46 --trial-offset 920 --force-save
Loaded mechanisms from /home/hrbncv/SCP/cells/SST/tunes/seg_tuned_all/modfiles/x86_64/.libs/libnrnmech.so
Loaded Allen cell for 'SST' from /home/hrbncv/SCP/cells/SST/tunes/seg_tuned_all/manifest.json, soma_diam_multiplier=10.0, Vinit=-65.0, loader=genome_fallback
Geometry defined for 'SST': 1 soma segs, 54 proximal dend segs, 52 distal dend segs, 115 total dend segs.
[trial 1/20] input_spikes: pn_exc=1669 bg_exc=2442 bg_inh=766
[trial 1/20] spikes=14  rate=14.00 Hz  time=22.63s
[trial 2/20] input_spikes: pn_exc=1863 bg_exc=2562 bg_inh=789
[trial 2/20] spikes=12  rate=12.00 Hz  time=22.90s
[trial 3/20] input_spikes: pn_exc=1631 bg_exc=2214 bg_inh=696
[trial 3/20] spikes=12  rate=12.00 Hz  time=22.44s
[trial 4/20] input_spikes: pn_exc=1516 bg_exc=2092 bg_inh=649
[trial 4/20] spikes=11  rate=11.00 Hz  time=22.23s
[trial 5/20] input_spikes: pn_exc=1637 bg_exc=2458 bg_inh=749
[trial 5/20] spikes=10  rate=10.00 Hz  time=22.94s
[trial 6/20] input_spikes: pn_exc=1679 bg_exc=2414 bg_inh=778
[trial 6/20] spikes=14  rate=14.00 Hz  time=22.71s
[trial 7/20] input_spikes: pn_exc=1695 bg_exc=2391 bg_inh=710
[trial 7/20] spikes=14  rate=14.00 Hz  time=22.64s
[trial 8/20] input_spikes: pn_exc=1724 bg_exc=2425 bg_inh=755
[trial 8/20] spikes=10  rate=10.00 Hz  time=22.74s
[trial 9/20] input_spikes: pn_exc=1456 bg_exc=1838 bg_inh=524
[trial 9/20] spikes=12  rate=12.00 Hz  time=21.99s
[trial 10/20] input_spikes: pn_exc=1719 bg_exc=2484 bg_inh=755
[trial 10/20] spikes=14  rate=14.00 Hz  time=22.64s
[trial 11/20] input_spikes: pn_exc=1787 bg_exc=2513 bg_inh=741
[trial 11/20] spikes=11  rate=11.00 Hz  time=22.71s
[trial 12/20] input_spikes: pn_exc=1726 bg_exc=2299 bg_inh=719
[trial 12/20] spikes=15  rate=15.00 Hz  time=22.47s
[trial 13/20] input_spikes: pn_exc=1703 bg_exc=2400 bg_inh=724
[trial 13/20] spikes=16  rate=16.00 Hz  time=22.57s
[trial 14/20] input_spikes: pn_exc=1793 bg_exc=2529 bg_inh=779
[trial 14/20] spikes=15  rate=15.00 Hz  time=22.75s
[trial 15/20] input_spikes: pn_exc=1721 bg_exc=2442 bg_inh=715
[trial 15/20] spikes=18  rate=18.00 Hz  time=22.61s
[trial 16/20] input_spikes: pn_exc=1641 bg_exc=2111 bg_inh=670
[trial 16/20] spikes=13  rate=13.00 Hz  time=22.18s
[trial 17/20] input_spikes: pn_exc=1554 bg_exc=2151 bg_inh=726
[trial 17/20] spikes=12  rate=12.00 Hz  time=22.35s
[trial 18/20] input_spikes: pn_exc=1664 bg_exc=2378 bg_inh=755
[trial 18/20] spikes=12  rate=12.00 Hz  time=22.47s
[trial 19/20] input_spikes: pn_exc=1700 bg_exc=2503 bg_inh=801
[trial 19/20] spikes=13  rate=13.00 Hz  time=22.70s
[trial 20/20] input_spikes: pn_exc=1774 bg_exc=2420 bg_inh=791
[trial 20/20] spikes=12  rate=12.00 Hz  time=21.82s
save_plots single_plot warning: Top input panel: group list empty, auto-using all groups (3).
Results saved to /home/hrbncv/SCP/cells/SST/tunes/seg_tuned_all/output_data/slurm_45349/parts/slurm_45349_46/run_manifest.json
Total runtime: 451.73s
