Running: python /home/hrbncv/SCP/run_pipeline.py --tune-dir /home/hrbncv/SCP/cells/SST/tunes/seg_tuned_all --output-dir /home/hrbncv/SCP/cells/SST/tunes/seg_tuned_all/output_data/slurm_35973/parts --n-trials 20 --output-stem slurm_35973_25 --trial-offset 500 --force-save
Loaded mechanisms from /home/hrbncv/SCP/cells/SST/tunes/seg_tuned_all/modfiles/x86_64/.libs/libnrnmech.so
Loaded Allen cell for 'SST' from /home/hrbncv/SCP/cells/SST/tunes/seg_tuned_all/manifest.json, soma_diam_multiplier=10.0, Vinit=-65.0, loader=genome_fallback
Geometry defined for 'SST': 1 soma segs, 54 proximal dend segs, 52 distal dend segs, 115 total dend segs.
[trial 1/20] input_spikes: pn_exc=1706 bg_exc=2476 bg_inh=771
[trial 1/20] spikes=1  rate=1.00 Hz  time=22.12s
[trial 2/20] input_spikes: pn_exc=1738 bg_exc=2352 bg_inh=735
[trial 2/20] spikes=5  rate=5.00 Hz  time=21.57s
[trial 3/20] input_spikes: pn_exc=1691 bg_exc=2337 bg_inh=775
[trial 3/20] spikes=7  rate=7.00 Hz  time=21.94s
[trial 4/20] input_spikes: pn_exc=1693 bg_exc=2347 bg_inh=788
[trial 4/20] spikes=6  rate=6.00 Hz  time=21.80s
[trial 5/20] input_spikes: pn_exc=1769 bg_exc=2370 bg_inh=757
[trial 5/20] spikes=5  rate=5.00 Hz  time=22.02s
[trial 6/20] input_spikes: pn_exc=1663 bg_exc=2113 bg_inh=624
[trial 6/20] spikes=4  rate=4.00 Hz  time=21.47s
[trial 7/20] input_spikes: pn_exc=1742 bg_exc=2421 bg_inh=793
[trial 7/20] spikes=6  rate=6.00 Hz  time=22.10s
[trial 8/20] input_spikes: pn_exc=1493 bg_exc=1942 bg_inh=575
[trial 8/20] spikes=5  rate=5.00 Hz  time=21.20s
[trial 9/20] input_spikes: pn_exc=1769 bg_exc=2482 bg_inh=807
[trial 9/20] spikes=7  rate=7.00 Hz  time=22.08s
[trial 10/20] input_spikes: pn_exc=1702 bg_exc=2391 bg_inh=765
[trial 10/20] spikes=3  rate=3.00 Hz  time=21.77s
[trial 11/20] input_spikes: pn_exc=1670 bg_exc=2209 bg_inh=757
[trial 11/20] spikes=5  rate=5.00 Hz  time=21.94s
[trial 12/20] input_spikes: pn_exc=1686 bg_exc=2326 bg_inh=744
[trial 12/20] spikes=5  rate=5.00 Hz  time=22.02s
[trial 13/20] input_spikes: pn_exc=1694 bg_exc=2446 bg_inh=773
[trial 13/20] spikes=6  rate=6.00 Hz  time=22.09s
[trial 14/20] input_spikes: pn_exc=1687 bg_exc=2394 bg_inh=757
[trial 14/20] spikes=4  rate=4.00 Hz  time=21.80s
[trial 15/20] input_spikes: pn_exc=1761 bg_exc=2486 bg_inh=734
[trial 15/20] spikes=3  rate=3.00 Hz  time=22.16s
[trial 16/20] input_spikes: pn_exc=1452 bg_exc=1612 bg_inh=470
[trial 16/20] spikes=1  rate=1.00 Hz  time=20.93s
[trial 17/20] input_spikes: pn_exc=1859 bg_exc=2488 bg_inh=794
[trial 17/20] spikes=6  rate=6.00 Hz  time=22.10s
[trial 18/20] input_spikes: pn_exc=1395 bg_exc=1626 bg_inh=511
[trial 18/20] spikes=3  rate=3.00 Hz  time=20.83s
[trial 19/20] input_spikes: pn_exc=1611 bg_exc=2099 bg_inh=621
[trial 19/20] spikes=2  rate=2.00 Hz  time=21.47s
[trial 20/20] input_spikes: pn_exc=1679 bg_exc=2350 bg_inh=748
[trial 20/20] spikes=3  rate=3.00 Hz  time=21.48s
Results saved to /home/hrbncv/SCP/cells/SST/tunes/seg_tuned_all/output_data/slurm_35973/parts/slurm_35973_25/run_manifest.json
Total runtime: 435.19s
