Running: /home/hrbncv/miniconda3/envs/BMTK-py311/bin/python /home/hrbncv/SCP/run_pipeline.py --tune-dir /home/hrbncv/SCP/cells/SST/tunes/seg_tuned_all --output-dir /home/hrbncv/SCP/cells/SST/tunes/seg_tuned_all/output_data/slurm_45349/parts --n-trials 20 --output-stem slurm_45349_47 --trial-offset 940 --force-save
Loaded mechanisms from /home/hrbncv/SCP/cells/SST/tunes/seg_tuned_all/modfiles/x86_64/.libs/libnrnmech.so
Loaded Allen cell for 'SST' from /home/hrbncv/SCP/cells/SST/tunes/seg_tuned_all/manifest.json, soma_diam_multiplier=10.0, Vinit=-65.0, loader=genome_fallback
Geometry defined for 'SST': 1 soma segs, 54 proximal dend segs, 52 distal dend segs, 115 total dend segs.
[trial 1/20] input_spikes: pn_exc=1475 bg_exc=1060 bg_inh=398
[trial 1/20] spikes=11  rate=11.00 Hz  time=20.68s
[trial 2/20] input_spikes: pn_exc=1660 bg_exc=2395 bg_inh=774
[trial 2/20] spikes=13  rate=13.00 Hz  time=21.85s
[trial 3/20] input_spikes: pn_exc=1610 bg_exc=2195 bg_inh=690
[trial 3/20] spikes=10  rate=10.00 Hz  time=21.58s
[trial 4/20] input_spikes: pn_exc=1613 bg_exc=2202 bg_inh=672
[trial 4/20] spikes=8  rate=8.00 Hz  time=21.59s
[trial 5/20] input_spikes: pn_exc=1827 bg_exc=2464 bg_inh=788
[trial 5/20] spikes=15  rate=15.00 Hz  time=22.18s
[trial 6/20] input_spikes: pn_exc=1625 bg_exc=2210 bg_inh=700
[trial 6/20] spikes=14  rate=14.00 Hz  time=21.58s
[trial 7/20] input_spikes: pn_exc=1699 bg_exc=2420 bg_inh=763
[trial 7/20] spikes=13  rate=13.00 Hz  time=21.85s
[trial 8/20] input_spikes: pn_exc=1610 bg_exc=2328 bg_inh=731
[trial 8/20] spikes=12  rate=12.00 Hz  time=21.66s
[trial 9/20] input_spikes: pn_exc=1726 bg_exc=2500 bg_inh=799
[trial 9/20] spikes=13  rate=13.00 Hz  time=22.02s
[trial 10/20] input_spikes: pn_exc=1803 bg_exc=2489 bg_inh=831
[trial 10/20] spikes=16  rate=16.00 Hz  time=21.85s
[trial 11/20] input_spikes: pn_exc=1785 bg_exc=2298 bg_inh=722
[trial 11/20] spikes=12  rate=12.00 Hz  time=21.66s
[trial 12/20] input_spikes: pn_exc=1669 bg_exc=2430 bg_inh=775
[trial 12/20] spikes=16  rate=16.00 Hz  time=21.83s
[trial 13/20] input_spikes: pn_exc=1728 bg_exc=2521 bg_inh=765
[trial 13/20] spikes=12  rate=12.00 Hz  time=21.82s
[trial 14/20] input_spikes: pn_exc=1773 bg_exc=2535 bg_inh=790
[trial 14/20] spikes=16  rate=16.00 Hz  time=21.81s
[trial 15/20] input_spikes: pn_exc=1787 bg_exc=2517 bg_inh=769
[trial 15/20] spikes=13  rate=13.00 Hz  time=21.81s
[trial 16/20] input_spikes: pn_exc=1484 bg_exc=1877 bg_inh=571
[trial 16/20] spikes=14  rate=14.00 Hz  time=21.00s
[trial 17/20] input_spikes: pn_exc=1748 bg_exc=2390 bg_inh=738
[trial 17/20] spikes=14  rate=14.00 Hz  time=21.76s
[trial 18/20] input_spikes: pn_exc=1771 bg_exc=2376 bg_inh=673
[trial 18/20] spikes=14  rate=14.00 Hz  time=21.70s
[trial 19/20] input_spikes: pn_exc=1644 bg_exc=2400 bg_inh=793
[trial 19/20] spikes=16  rate=16.00 Hz  time=21.73s
[trial 20/20] input_spikes: pn_exc=1731 bg_exc=2425 bg_inh=833
[trial 20/20] spikes=15  rate=15.00 Hz  time=21.79s
save_plots single_plot warning: Top input panel: group list empty, auto-using all groups (3).
Results saved to /home/hrbncv/SCP/cells/SST/tunes/seg_tuned_all/output_data/slurm_45349/parts/slurm_45349_47/run_manifest.json
Total runtime: 435.15s
