Running: python /home/hrbncv/SCP/run_pipeline.py --tune-dir /home/hrbncv/SCP/cells/SST/tunes/seg_tuned_all --output-dir /home/hrbncv/SCP/cells/SST/tunes/seg_tuned_all/output_data/slurm_29750/parts --n-trials 40 --output-stem slurm_29750_6 --trial-offset 240 --force-save
Loaded mechanisms from /home/hrbncv/SCP/cells/SST/tunes/seg_tuned_all/modfiles/x86_64/.libs/libnrnmech.so
Loaded Allen cell for 'SST' from /home/hrbncv/SCP/cells/SST/tunes/seg_tuned_all/manifest.json, soma_diam_multiplier=10.0, Vinit=-65.0, loader=genome_fallback
Geometry defined for 'SST': 1 soma segs, 54 proximal dend segs, 52 distal dend segs, 115 total dend segs.
[trial 1/40] input_spikes: pn_exc=1537 bg_exc=2942 bg_inh=478
[trial 1/40] spikes=5  rate=4.17 Hz  time=23.49s
[trial 2/40] input_spikes: pn_exc=1585 bg_exc=2833 bg_inh=426
[trial 2/40] spikes=3  rate=2.50 Hz  time=23.25s
[trial 3/40] input_spikes: pn_exc=1388 bg_exc=2331 bg_inh=391
[trial 3/40] spikes=3  rate=2.50 Hz  time=23.41s
[trial 4/40] input_spikes: pn_exc=1644 bg_exc=2936 bg_inh=474
[trial 4/40] spikes=3  rate=2.50 Hz  time=23.42s
[trial 5/40] input_spikes: pn_exc=1508 bg_exc=3038 bg_inh=471
[trial 5/40] spikes=4  rate=3.33 Hz  time=23.89s
[trial 6/40] input_spikes: pn_exc=1504 bg_exc=2711 bg_inh=447
[trial 6/40] spikes=3  rate=2.50 Hz  time=23.79s
[trial 7/40] input_spikes: pn_exc=1618 bg_exc=2924 bg_inh=466
[trial 7/40] spikes=4  rate=3.33 Hz  time=23.95s
[trial 8/40] input_spikes: pn_exc=1513 bg_exc=2516 bg_inh=428
[trial 8/40] spikes=4  rate=3.33 Hz  time=23.67s
[trial 9/40] input_spikes: pn_exc=1579 bg_exc=2899 bg_inh=445
[trial 9/40] spikes=5  rate=4.17 Hz  time=24.24s
[trial 10/40] input_spikes: pn_exc=1522 bg_exc=2561 bg_inh=424
[trial 10/40] spikes=3  rate=2.50 Hz  time=23.88s
[trial 11/40] input_spikes: pn_exc=1533 bg_exc=2901 bg_inh=491
[trial 11/40] spikes=4  rate=3.33 Hz  time=24.23s
[trial 12/40] input_spikes: pn_exc=1627 bg_exc=2793 bg_inh=398
[trial 12/40] spikes=6  rate=5.00 Hz  time=23.71s
[trial 13/40] input_spikes: pn_exc=1550 bg_exc=2781 bg_inh=473
[trial 13/40] spikes=5  rate=4.17 Hz  time=24.52s
[trial 14/40] input_spikes: pn_exc=1532 bg_exc=2713 bg_inh=405
[trial 14/40] spikes=3  rate=2.50 Hz  time=24.21s
[trial 15/40] input_spikes: pn_exc=1654 bg_exc=2947 bg_inh=460
[trial 15/40] spikes=5  rate=4.17 Hz  time=24.36s
[trial 16/40] input_spikes: pn_exc=1481 bg_exc=2582 bg_inh=408
[trial 16/40] spikes=4  rate=3.33 Hz  time=23.92s
[trial 17/40] input_spikes: pn_exc=1582 bg_exc=2970 bg_inh=448
[trial 17/40] spikes=5  rate=4.17 Hz  time=24.08s
[trial 18/40] input_spikes: pn_exc=1469 bg_exc=2586 bg_inh=386
[trial 18/40] spikes=5  rate=4.17 Hz  time=24.10s
[trial 19/40] input_spikes: pn_exc=1591 bg_exc=2917 bg_inh=460
[trial 19/40] spikes=4  rate=3.33 Hz  time=24.49s
[trial 20/40] input_spikes: pn_exc=1668 bg_exc=3017 bg_inh=462
[trial 20/40] spikes=4  rate=3.33 Hz  time=24.01s
[trial 21/40] input_spikes: pn_exc=1561 bg_exc=2874 bg_inh=475
[trial 21/40] spikes=3  rate=2.50 Hz  time=24.22s
[trial 22/40] input_spikes: pn_exc=1577 bg_exc=2834 bg_inh=481
[trial 22/40] spikes=2  rate=1.67 Hz  time=24.03s
[trial 23/40] input_spikes: pn_exc=1589 bg_exc=2986 bg_inh=482
[trial 23/40] spikes=3  rate=2.50 Hz  time=24.31s
[trial 24/40] input_spikes: pn_exc=1508 bg_exc=2748 bg_inh=448
[trial 24/40] spikes=3  rate=2.50 Hz  time=24.25s
[trial 25/40] input_spikes: pn_exc=1656 bg_exc=3018 bg_inh=460
[trial 25/40] spikes=5  rate=4.17 Hz  time=24.18s
[trial 26/40] input_spikes: pn_exc=1589 bg_exc=2817 bg_inh=447
[trial 26/40] spikes=6  rate=5.00 Hz  time=24.03s
[trial 27/40] input_spikes: pn_exc=1678 bg_exc=2968 bg_inh=500
[trial 27/40] spikes=3  rate=2.50 Hz  time=24.45s
[trial 28/40] input_spikes: pn_exc=1569 bg_exc=2842 bg_inh=461
[trial 28/40] spikes=5  rate=4.17 Hz  time=24.01s
[trial 29/40] input_spikes: pn_exc=1625 bg_exc=2901 bg_inh=435
[trial 29/40] spikes=6  rate=5.00 Hz  time=24.07s
[trial 30/40] input_spikes: pn_exc=1524 bg_exc=2800 bg_inh=427
[trial 30/40] spikes=6  rate=5.00 Hz  time=23.76s
[trial 31/40] input_spikes: pn_exc=1579 bg_exc=2942 bg_inh=427
[trial 31/40] spikes=4  rate=3.33 Hz  time=24.02s
[trial 32/40] input_spikes: pn_exc=1586 bg_exc=2788 bg_inh=394
[trial 32/40] spikes=5  rate=4.17 Hz  time=23.70s
[trial 33/40] input_spikes: pn_exc=1595 bg_exc=2984 bg_inh=466
[trial 33/40] spikes=4  rate=3.33 Hz  time=23.97s
[trial 34/40] input_spikes: pn_exc=1648 bg_exc=2812 bg_inh=463
[trial 34/40] spikes=3  rate=2.50 Hz  time=23.76s
[trial 35/40] input_spikes: pn_exc=1562 bg_exc=2982 bg_inh=446
[trial 35/40] spikes=4  rate=3.33 Hz  time=24.06s
[trial 36/40] input_spikes: pn_exc=1570 bg_exc=3038 bg_inh=470
[trial 36/40] spikes=6  rate=5.00 Hz  time=23.84s
[trial 37/40] input_spikes: pn_exc=1530 bg_exc=2857 bg_inh=460
[trial 37/40] spikes=3  rate=2.50 Hz  time=24.15s
[trial 38/40] input_spikes: pn_exc=1627 bg_exc=2961 bg_inh=484
[trial 38/40] spikes=3  rate=2.50 Hz  time=23.72s
[trial 39/40] input_spikes: pn_exc=1508 bg_exc=2620 bg_inh=408
[trial 39/40] spikes=4  rate=3.33 Hz  time=24.00s
[trial 40/40] input_spikes: pn_exc=1531 bg_exc=2678 bg_inh=414
[trial 40/40] spikes=5  rate=4.17 Hz  time=23.53s
Results saved to /home/hrbncv/SCP/cells/SST/tunes/seg_tuned_all/output_data/slurm_29750/parts/slurm_29750_6/run_manifest.json
Total runtime: 958.98s
