Running: /home/hrbncv/miniconda3/envs/BMTK-py311/bin/python /home/hrbncv/SCP/run_pipeline.py --tune-dir /home/hrbncv/SCP/cells/SST/tunes/seg_tuned --output-dir /home/hrbncv/SCP/cells/SST/tunes/seg_tuned/output_data/slurm_45349/parts --n-trials 20 --output-stem slurm_45349_36 --trial-offset 720 --force-save
Loaded mechanisms from /home/hrbncv/SCP/cells/SST/tunes/seg_tuned/modfiles/x86_64/.libs/libnrnmech.so
Loaded Allen cell for 'SST' from /home/hrbncv/SCP/cells/SST/tunes/seg_tuned/manifest.json, soma_diam_multiplier=10.0, Vinit=-65.0, loader=genome_fallback
Geometry defined for 'SST': 1 soma segs, 54 proximal dend segs, 52 distal dend segs, 115 total dend segs.
[trial 1/20] input_spikes: pn_exc=1722 bg_exc=2567 bg_inh=790
[trial 1/20] spikes=14  rate=14.00 Hz  time=22.18s
[trial 2/20] input_spikes: pn_exc=1648 bg_exc=2293 bg_inh=739
[trial 2/20] spikes=13  rate=13.00 Hz  time=21.96s
[trial 3/20] input_spikes: pn_exc=1641 bg_exc=2184 bg_inh=663
[trial 3/20] spikes=13  rate=13.00 Hz  time=21.90s
[trial 4/20] input_spikes: pn_exc=1575 bg_exc=1904 bg_inh=603
[trial 4/20] spikes=14  rate=14.00 Hz  time=21.46s
[trial 5/20] input_spikes: pn_exc=1407 bg_exc=1480 bg_inh=472
[trial 5/20] spikes=12  rate=12.00 Hz  time=21.10s
[trial 6/20] input_spikes: pn_exc=1722 bg_exc=2324 bg_inh=720
[trial 6/20] spikes=12  rate=12.00 Hz  time=22.06s
[trial 7/20] input_spikes: pn_exc=1731 bg_exc=2428 bg_inh=727
[trial 7/20] spikes=13  rate=13.00 Hz  time=22.08s
[trial 8/20] input_spikes: pn_exc=1787 bg_exc=2483 bg_inh=777
[trial 8/20] spikes=11  rate=11.00 Hz  time=22.20s
[trial 9/20] input_spikes: pn_exc=1793 bg_exc=2476 bg_inh=745
[trial 9/20] spikes=14  rate=14.00 Hz  time=22.20s
[trial 10/20] input_spikes: pn_exc=1539 bg_exc=1966 bg_inh=616
[trial 10/20] spikes=13  rate=13.00 Hz  time=21.46s
[trial 11/20] input_spikes: pn_exc=1632 bg_exc=2348 bg_inh=714
[trial 11/20] spikes=15  rate=15.00 Hz  time=22.03s
[trial 12/20] input_spikes: pn_exc=1718 bg_exc=2320 bg_inh=709
[trial 12/20] spikes=14  rate=14.00 Hz  time=21.95s
[trial 13/20] input_spikes: pn_exc=1641 bg_exc=2295 bg_inh=647
[trial 13/20] spikes=12  rate=12.00 Hz  time=21.91s
[trial 14/20] input_spikes: pn_exc=1770 bg_exc=2533 bg_inh=799
[trial 14/20] spikes=13  rate=13.00 Hz  time=22.20s
[trial 15/20] input_spikes: pn_exc=1704 bg_exc=2466 bg_inh=689
[trial 15/20] spikes=13  rate=13.00 Hz  time=22.15s
[trial 16/20] input_spikes: pn_exc=1446 bg_exc=1549 bg_inh=423
[trial 16/20] spikes=11  rate=11.00 Hz  time=21.12s
[trial 17/20] input_spikes: pn_exc=1571 bg_exc=1956 bg_inh=631
[trial 17/20] spikes=12  rate=12.00 Hz  time=21.65s
[trial 18/20] input_spikes: pn_exc=1694 bg_exc=2202 bg_inh=688
[trial 18/20] spikes=16  rate=16.00 Hz  time=21.89s
[trial 19/20] input_spikes: pn_exc=1737 bg_exc=2373 bg_inh=728
[trial 19/20] spikes=11  rate=11.00 Hz  time=22.12s
[trial 20/20] input_spikes: pn_exc=1669 bg_exc=2459 bg_inh=737
[trial 20/20] spikes=16  rate=16.00 Hz  time=21.79s
save_plots single_plot warning: Top input panel: group list empty, auto-using all groups (3).
Results saved to /home/hrbncv/SCP/cells/SST/tunes/seg_tuned/output_data/slurm_45349/parts/slurm_45349_36/run_manifest.json
Total runtime: 438.63s
