Running: python /home/hrbncv/SCP/run_pipeline.py --tune-dir /home/hrbncv/SCP/cells/SST/tunes/seg_tuned_all --output-dir /home/hrbncv/SCP/cells/SST/tunes/seg_tuned_all/output_data/slurm_35973/parts --n-trials 20 --output-stem slurm_35973_14 --trial-offset 280 --force-save
Loaded mechanisms from /home/hrbncv/SCP/cells/SST/tunes/seg_tuned_all/modfiles/x86_64/.libs/libnrnmech.so
Loaded Allen cell for 'SST' from /home/hrbncv/SCP/cells/SST/tunes/seg_tuned_all/manifest.json, soma_diam_multiplier=10.0, Vinit=-65.0, loader=genome_fallback
Geometry defined for 'SST': 1 soma segs, 54 proximal dend segs, 52 distal dend segs, 115 total dend segs.
[trial 1/20] input_spikes: pn_exc=1669 bg_exc=2305 bg_inh=724
[trial 1/20] spikes=9  rate=9.00 Hz  time=21.77s
[trial 2/20] input_spikes: pn_exc=1749 bg_exc=2269 bg_inh=707
[trial 2/20] spikes=4  rate=4.00 Hz  time=21.39s
[trial 3/20] input_spikes: pn_exc=1718 bg_exc=2382 bg_inh=750
[trial 3/20] spikes=3  rate=3.00 Hz  time=21.53s
[trial 4/20] input_spikes: pn_exc=1576 bg_exc=2185 bg_inh=661
[trial 4/20] spikes=2  rate=2.00 Hz  time=21.38s
[trial 5/20] input_spikes: pn_exc=1757 bg_exc=2441 bg_inh=758
[trial 5/20] spikes=3  rate=3.00 Hz  time=21.75s
[trial 6/20] input_spikes: pn_exc=1699 bg_exc=2380 bg_inh=694
[trial 6/20] spikes=4  rate=4.00 Hz  time=21.60s
[trial 7/20] input_spikes: pn_exc=1525 bg_exc=2079 bg_inh=625
[trial 7/20] spikes=3  rate=3.00 Hz  time=21.30s
[trial 8/20] input_spikes: pn_exc=1670 bg_exc=2307 bg_inh=765
[trial 8/20] spikes=5  rate=5.00 Hz  time=21.57s
[trial 9/20] input_spikes: pn_exc=1606 bg_exc=2127 bg_inh=677
[trial 9/20] spikes=5  rate=5.00 Hz  time=21.37s
[trial 10/20] input_spikes: pn_exc=1439 bg_exc=1297 bg_inh=399
[trial 10/20] spikes=4  rate=4.00 Hz  time=20.64s
[trial 11/20] input_spikes: pn_exc=1481 bg_exc=1619 bg_inh=543
[trial 11/20] spikes=5  rate=5.00 Hz  time=20.99s
[trial 12/20] input_spikes: pn_exc=1753 bg_exc=2516 bg_inh=744
[trial 12/20] spikes=2  rate=2.00 Hz  time=21.93s
[trial 13/20] input_spikes: pn_exc=1728 bg_exc=2538 bg_inh=795
[trial 13/20] spikes=3  rate=3.00 Hz  time=21.89s
[trial 14/20] input_spikes: pn_exc=1699 bg_exc=2309 bg_inh=737
[trial 14/20] spikes=6  rate=6.00 Hz  time=21.60s
[trial 15/20] input_spikes: pn_exc=1758 bg_exc=2560 bg_inh=813
[trial 15/20] spikes=4  rate=4.00 Hz  time=21.81s
[trial 16/20] input_spikes: pn_exc=1792 bg_exc=2406 bg_inh=735
[trial 16/20] spikes=5  rate=5.00 Hz  time=21.63s
[trial 17/20] input_spikes: pn_exc=1639 bg_exc=2264 bg_inh=739
[trial 17/20] spikes=1  rate=1.00 Hz  time=21.55s
[trial 18/20] input_spikes: pn_exc=1678 bg_exc=2423 bg_inh=778
[trial 18/20] spikes=4  rate=4.00 Hz  time=21.53s
[trial 19/20] input_spikes: pn_exc=1676 bg_exc=2425 bg_inh=741
[trial 19/20] spikes=3  rate=3.00 Hz  time=21.60s
[trial 20/20] input_spikes: pn_exc=1485 bg_exc=1855 bg_inh=539
[trial 20/20] spikes=5  rate=5.00 Hz  time=20.86s
Results saved to /home/hrbncv/SCP/cells/SST/tunes/seg_tuned_all/output_data/slurm_35973/parts/slurm_35973_14/run_manifest.json
Total runtime: 429.97s
