Running: python /home/hrbncv/SCP/run_pipeline.py --tune-dir /home/hrbncv/SCP/cells/PV/tunes/seg_tuned --output-dir /home/hrbncv/SCP/cells/PV/tunes/seg_tuned/output_data/slurm_35079/parts --n-trials 40 --output-stem slurm_35079_9 --trial-offset 360 --force-save
Mechanisms already loaded; skipping duplicate load.
Loaded Allen cell for 'PV' from /home/hrbncv/SCP/cells/PV/tunes/seg_tuned/manifest.json, soma_diam_multiplier=6.0, Vinit=-71.0, loader=allensdk_default
Geometry defined for 'PV': 1 soma segs, 46 proximal dend segs, 41 distal dend segs, 97 total dend segs.
[trial 1/40] input_spikes: pn_exc=2662 bg_exc=796 bg_inh=205 sst_inh=384 pv_inh=749
[trial 1/40] spikes=4  rate=4.00 Hz  time=27.00s
[trial 2/40] input_spikes: pn_exc=2800 bg_exc=861 bg_inh=227 sst_inh=363 pv_inh=742
[trial 2/40] spikes=9  rate=9.00 Hz  time=26.87s
[trial 3/40] input_spikes: pn_exc=2689 bg_exc=836 bg_inh=187 sst_inh=376 pv_inh=746
[trial 3/40] spikes=7  rate=7.00 Hz  time=26.92s
[trial 4/40] input_spikes: pn_exc=2756 bg_exc=892 bg_inh=198 sst_inh=378 pv_inh=756
[trial 4/40] spikes=8  rate=8.00 Hz  time=26.87s
[trial 5/40] input_spikes: pn_exc=2873 bg_exc=806 bg_inh=203 sst_inh=358 pv_inh=744
[trial 5/40] spikes=8  rate=8.00 Hz  time=26.89s
[trial 6/40] input_spikes: pn_exc=2789 bg_exc=822 bg_inh=215 sst_inh=381 pv_inh=761
[trial 6/40] spikes=7  rate=7.00 Hz  time=26.84s
[trial 7/40] input_spikes: pn_exc=2674 bg_exc=765 bg_inh=171 sst_inh=394 pv_inh=746
[trial 7/40] spikes=5  rate=5.00 Hz  time=26.75s
[trial 8/40] input_spikes: pn_exc=2388 bg_exc=601 bg_inh=127 sst_inh=371 pv_inh=753
[trial 8/40] spikes=6  rate=6.00 Hz  time=27.06s
[trial 9/40] input_spikes: pn_exc=2668 bg_exc=843 bg_inh=212 sst_inh=381 pv_inh=743
[trial 9/40] spikes=6  rate=6.00 Hz  time=26.89s
[trial 10/40] input_spikes: pn_exc=2362 bg_exc=549 bg_inh=126 sst_inh=380 pv_inh=757
[trial 10/40] spikes=6  rate=6.00 Hz  time=26.70s
[trial 11/40] input_spikes: pn_exc=2843 bg_exc=883 bg_inh=196 sst_inh=362 pv_inh=747
[trial 11/40] spikes=6  rate=6.00 Hz  time=26.84s
[trial 12/40] input_spikes: pn_exc=2781 bg_exc=755 bg_inh=203 sst_inh=377 pv_inh=745
[trial 12/40] spikes=7  rate=7.00 Hz  time=26.80s
[trial 13/40] input_spikes: pn_exc=2721 bg_exc=873 bg_inh=183 sst_inh=397 pv_inh=750
[trial 13/40] spikes=8  rate=8.00 Hz  time=26.89s
[trial 14/40] input_spikes: pn_exc=2811 bg_exc=893 bg_inh=235 sst_inh=357 pv_inh=744
[trial 14/40] spikes=8  rate=8.00 Hz  time=26.82s
[trial 15/40] input_spikes: pn_exc=2549 bg_exc=798 bg_inh=187 sst_inh=368 pv_inh=758
[trial 15/40] spikes=6  rate=6.00 Hz  time=26.94s
[trial 16/40] input_spikes: pn_exc=2744 bg_exc=797 bg_inh=209 sst_inh=381 pv_inh=756
[trial 16/40] spikes=7  rate=7.00 Hz  time=26.87s
[trial 17/40] input_spikes: pn_exc=2646 bg_exc=792 bg_inh=216 sst_inh=384 pv_inh=752
[trial 17/40] spikes=6  rate=6.00 Hz  time=26.91s
[trial 18/40] input_spikes: pn_exc=2874 bg_exc=919 bg_inh=216 sst_inh=377 pv_inh=753
[trial 18/40] spikes=8  rate=8.00 Hz  time=26.89s
[trial 19/40] input_spikes: pn_exc=2848 bg_exc=857 bg_inh=227 sst_inh=397 pv_inh=730
[trial 19/40] spikes=7  rate=7.00 Hz  time=27.04s
[trial 20/40] input_spikes: pn_exc=2841 bg_exc=867 bg_inh=239 sst_inh=378 pv_inh=748
[trial 20/40] spikes=7  rate=7.00 Hz  time=26.87s
[trial 21/40] input_spikes: pn_exc=2781 bg_exc=837 bg_inh=190 sst_inh=380 pv_inh=756
[trial 21/40] spikes=5  rate=5.00 Hz  time=26.98s
[trial 22/40] input_spikes: pn_exc=2794 bg_exc=867 bg_inh=193 sst_inh=353 pv_inh=737
[trial 22/40] spikes=6  rate=6.00 Hz  time=27.16s
[trial 23/40] input_spikes: pn_exc=2872 bg_exc=828 bg_inh=199 sst_inh=397 pv_inh=748
[trial 23/40] spikes=7  rate=7.00 Hz  time=26.88s
[trial 24/40] input_spikes: pn_exc=2446 bg_exc=645 bg_inh=146 sst_inh=371 pv_inh=742
[trial 24/40] spikes=8  rate=8.00 Hz  time=26.83s
[trial 25/40] input_spikes: pn_exc=2776 bg_exc=877 bg_inh=200 sst_inh=377 pv_inh=745
[trial 25/40] spikes=7  rate=7.00 Hz  time=26.90s
[trial 26/40] input_spikes: pn_exc=2660 bg_exc=708 bg_inh=179 sst_inh=391 pv_inh=749
[trial 26/40] spikes=5  rate=5.00 Hz  time=26.91s
[trial 27/40] input_spikes: pn_exc=2921 bg_exc=881 bg_inh=240 sst_inh=375 pv_inh=736
[trial 27/40] spikes=6  rate=6.00 Hz  time=26.88s
[trial 28/40] input_spikes: pn_exc=2711 bg_exc=763 bg_inh=207 sst_inh=355 pv_inh=763
[trial 28/40] spikes=5  rate=5.00 Hz  time=26.95s
[trial 29/40] input_spikes: pn_exc=2795 bg_exc=780 bg_inh=191 sst_inh=385 pv_inh=754
[trial 29/40] spikes=6  rate=6.00 Hz  time=27.00s
[trial 30/40] input_spikes: pn_exc=2855 bg_exc=891 bg_inh=210 sst_inh=367 pv_inh=751
[trial 30/40] spikes=7  rate=7.00 Hz  time=27.08s
[trial 31/40] input_spikes: pn_exc=2379 bg_exc=652 bg_inh=148 sst_inh=360 pv_inh=739
[trial 31/40] spikes=8  rate=8.00 Hz  time=26.85s
[trial 32/40] input_spikes: pn_exc=2340 bg_exc=0 bg_inh=0 sst_inh=359 pv_inh=760
[trial 32/40] spikes=4  rate=4.00 Hz  time=26.85s
[trial 33/40] input_spikes: pn_exc=2712 bg_exc=841 bg_inh=215 sst_inh=388 pv_inh=764
[trial 33/40] spikes=6  rate=6.00 Hz  time=26.89s
[trial 34/40] input_spikes: pn_exc=2685 bg_exc=750 bg_inh=205 sst_inh=353 pv_inh=763
[trial 34/40] spikes=6  rate=6.00 Hz  time=26.89s
[trial 35/40] input_spikes: pn_exc=2505 bg_exc=690 bg_inh=176 sst_inh=381 pv_inh=739
[trial 35/40] spikes=6  rate=6.00 Hz  time=26.86s
[trial 36/40] input_spikes: pn_exc=2798 bg_exc=784 bg_inh=219 sst_inh=397 pv_inh=746
[trial 36/40] spikes=7  rate=7.00 Hz  time=26.98s
[trial 37/40] input_spikes: pn_exc=2746 bg_exc=908 bg_inh=193 sst_inh=353 pv_inh=744
[trial 37/40] spikes=7  rate=7.00 Hz  time=26.90s
[trial 38/40] input_spikes: pn_exc=2349 bg_exc=507 bg_inh=115 sst_inh=392 pv_inh=747
[trial 38/40] spikes=6  rate=6.00 Hz  time=26.80s
[trial 39/40] input_spikes: pn_exc=2536 bg_exc=686 bg_inh=180 sst_inh=390 pv_inh=750
[trial 39/40] spikes=5  rate=5.00 Hz  time=26.88s
[trial 40/40] input_spikes: pn_exc=2745 bg_exc=803 bg_inh=213 sst_inh=384 pv_inh=733
[trial 40/40] spikes=6  rate=6.00 Hz  time=26.94s
save_plots single_plot warning: Top input panel: group list empty, auto-using all groups (5).
Results saved to /home/hrbncv/SCP/cells/PV/tunes/seg_tuned/output_data/slurm_35079/parts/slurm_35079_9/run_manifest.json
Total runtime: 1077.73s
