Running: /home/hrbncv/miniconda3/envs/BMTK-py311/bin/python /home/hrbncv/SCP/run_pipeline.py --tune-dir /home/hrbncv/SCP/cells/SST/tunes/seg_tuned_all --output-dir /home/hrbncv/SCP/cells/SST/tunes/seg_tuned_all/output_data/slurm_45349/parts --n-trials 20 --output-stem slurm_45349_23 --trial-offset 460 --force-save
Loaded mechanisms from /home/hrbncv/SCP/cells/SST/tunes/seg_tuned_all/modfiles/x86_64/.libs/libnrnmech.so
Loaded Allen cell for 'SST' from /home/hrbncv/SCP/cells/SST/tunes/seg_tuned_all/manifest.json, soma_diam_multiplier=10.0, Vinit=-65.0, loader=genome_fallback
Geometry defined for 'SST': 1 soma segs, 54 proximal dend segs, 52 distal dend segs, 115 total dend segs.
[trial 1/20] input_spikes: pn_exc=1671 bg_exc=2330 bg_inh=706
[trial 1/20] spikes=11  rate=11.00 Hz  time=22.21s
[trial 2/20] input_spikes: pn_exc=1769 bg_exc=2596 bg_inh=810
[trial 2/20] spikes=15  rate=15.00 Hz  time=22.29s
[trial 3/20] input_spikes: pn_exc=1717 bg_exc=2506 bg_inh=780
[trial 3/20] spikes=15  rate=15.00 Hz  time=22.52s
[trial 4/20] input_spikes: pn_exc=1683 bg_exc=2354 bg_inh=761
[trial 4/20] spikes=18  rate=18.00 Hz  time=22.08s
[trial 5/20] input_spikes: pn_exc=1710 bg_exc=2495 bg_inh=787
[trial 5/20] spikes=13  rate=13.00 Hz  time=22.63s
[trial 6/20] input_spikes: pn_exc=1447 bg_exc=1741 bg_inh=545
[trial 6/20] spikes=10  rate=10.00 Hz  time=21.51s
[trial 7/20] input_spikes: pn_exc=1737 bg_exc=2370 bg_inh=791
[trial 7/20] spikes=13  rate=13.00 Hz  time=22.31s
[trial 8/20] input_spikes: pn_exc=1692 bg_exc=2357 bg_inh=716
[trial 8/20] spikes=15  rate=15.00 Hz  time=22.14s
[trial 9/20] input_spikes: pn_exc=1701 bg_exc=2493 bg_inh=781
[trial 9/20] spikes=16  rate=16.00 Hz  time=22.43s
[trial 10/20] input_spikes: pn_exc=1661 bg_exc=2347 bg_inh=713
[trial 10/20] spikes=10  rate=10.00 Hz  time=21.97s
[trial 11/20] input_spikes: pn_exc=1667 bg_exc=2342 bg_inh=763
[trial 11/20] spikes=14  rate=14.00 Hz  time=22.17s
[trial 12/20] input_spikes: pn_exc=1643 bg_exc=2264 bg_inh=748
[trial 12/20] spikes=12  rate=12.00 Hz  time=21.99s
[trial 13/20] input_spikes: pn_exc=1632 bg_exc=2344 bg_inh=747
[trial 13/20] spikes=13  rate=13.00 Hz  time=22.28s
[trial 14/20] input_spikes: pn_exc=1732 bg_exc=2379 bg_inh=761
[trial 14/20] spikes=7  rate=7.00 Hz  time=22.18s
[trial 15/20] input_spikes: pn_exc=1790 bg_exc=2442 bg_inh=794
[trial 15/20] spikes=14  rate=14.00 Hz  time=22.32s
[trial 16/20] input_spikes: pn_exc=1772 bg_exc=2494 bg_inh=753
[trial 16/20] spikes=15  rate=15.00 Hz  time=22.04s
[trial 17/20] input_spikes: pn_exc=1656 bg_exc=2381 bg_inh=732
[trial 17/20] spikes=13  rate=13.00 Hz  time=22.23s
[trial 18/20] input_spikes: pn_exc=1762 bg_exc=2346 bg_inh=777
[trial 18/20] spikes=18  rate=18.00 Hz  time=22.01s
[trial 19/20] input_spikes: pn_exc=1763 bg_exc=2515 bg_inh=731
[trial 19/20] spikes=14  rate=14.00 Hz  time=22.28s
[trial 20/20] input_spikes: pn_exc=1765 bg_exc=2496 bg_inh=739
[trial 20/20] spikes=12  rate=12.00 Hz  time=22.06s
save_plots single_plot warning: Top input panel: group list empty, auto-using all groups (3).
Results saved to /home/hrbncv/SCP/cells/SST/tunes/seg_tuned_all/output_data/slurm_45349/parts/slurm_45349_23/run_manifest.json
Total runtime: 444.94s
