Running: python /home/hrbncv/SCP/run_pipeline.py --tune-dir /home/hrbncv/SCP/cells/SST/tunes/seg_tuned_all --output-dir /home/hrbncv/SCP/cells/SST/tunes/seg_tuned_all/output_data/slurm_29750/parts --n-trials 40 --output-stem slurm_29750_9 --trial-offset 360 --force-save
Loaded mechanisms from /home/hrbncv/SCP/cells/SST/tunes/seg_tuned_all/modfiles/x86_64/.libs/libnrnmech.so
Loaded Allen cell for 'SST' from /home/hrbncv/SCP/cells/SST/tunes/seg_tuned_all/manifest.json, soma_diam_multiplier=10.0, Vinit=-65.0, loader=genome_fallback
Geometry defined for 'SST': 1 soma segs, 54 proximal dend segs, 52 distal dend segs, 115 total dend segs.
[trial 1/40] input_spikes: pn_exc=1410 bg_exc=2317 bg_inh=353
[trial 1/40] spikes=3  rate=2.50 Hz  time=24.54s
[trial 2/40] input_spikes: pn_exc=1559 bg_exc=2665 bg_inh=435
[trial 2/40] spikes=3  rate=2.50 Hz  time=24.66s
[trial 3/40] input_spikes: pn_exc=1472 bg_exc=2483 bg_inh=391
[trial 3/40] spikes=5  rate=4.17 Hz  time=24.58s
[trial 4/40] input_spikes: pn_exc=1626 bg_exc=2889 bg_inh=454
[trial 4/40] spikes=5  rate=4.17 Hz  time=25.23s
[trial 5/40] input_spikes: pn_exc=1563 bg_exc=3048 bg_inh=495
[trial 5/40] spikes=2  rate=1.67 Hz  time=24.71s
[trial 6/40] input_spikes: pn_exc=1537 bg_exc=2699 bg_inh=453
[trial 6/40] spikes=2  rate=1.67 Hz  time=24.66s
[trial 7/40] input_spikes: pn_exc=1613 bg_exc=2939 bg_inh=416
[trial 7/40] spikes=5  rate=4.17 Hz  time=24.67s
[trial 8/40] input_spikes: pn_exc=1573 bg_exc=2910 bg_inh=469
[trial 8/40] spikes=3  rate=2.50 Hz  time=24.97s
[trial 9/40] input_spikes: pn_exc=1687 bg_exc=2898 bg_inh=443
[trial 9/40] spikes=4  rate=3.33 Hz  time=25.21s
[trial 10/40] input_spikes: pn_exc=1630 bg_exc=2947 bg_inh=463
[trial 10/40] spikes=3  rate=2.50 Hz  time=24.63s
[trial 11/40] input_spikes: pn_exc=1574 bg_exc=2947 bg_inh=462
[trial 11/40] spikes=4  rate=3.33 Hz  time=24.53s
[trial 12/40] input_spikes: pn_exc=1618 bg_exc=2983 bg_inh=465
[trial 12/40] spikes=5  rate=4.17 Hz  time=24.36s
[trial 13/40] input_spikes: pn_exc=1572 bg_exc=2703 bg_inh=462
[trial 13/40] spikes=2  rate=1.67 Hz  time=24.59s
[trial 14/40] input_spikes: pn_exc=1549 bg_exc=2855 bg_inh=442
[trial 14/40] spikes=2  rate=1.67 Hz  time=24.36s
[trial 15/40] input_spikes: pn_exc=1544 bg_exc=2889 bg_inh=433
[trial 15/40] spikes=4  rate=3.33 Hz  time=24.46s
[trial 16/40] input_spikes: pn_exc=1547 bg_exc=2699 bg_inh=382
[trial 16/40] spikes=5  rate=4.17 Hz  time=24.38s
[trial 17/40] input_spikes: pn_exc=1491 bg_exc=2449 bg_inh=400
[trial 17/40] spikes=5  rate=4.17 Hz  time=24.50s
[trial 18/40] input_spikes: pn_exc=1540 bg_exc=2964 bg_inh=464
[trial 18/40] spikes=4  rate=3.33 Hz  time=24.50s
[trial 19/40] input_spikes: pn_exc=1574 bg_exc=2812 bg_inh=438
[trial 19/40] spikes=6  rate=5.00 Hz  time=24.47s
[trial 20/40] input_spikes: pn_exc=1635 bg_exc=2973 bg_inh=450
[trial 20/40] spikes=2  rate=1.67 Hz  time=24.43s
[trial 21/40] input_spikes: pn_exc=1596 bg_exc=2829 bg_inh=462
[trial 21/40] spikes=2  rate=1.67 Hz  time=24.53s
[trial 22/40] input_spikes: pn_exc=1475 bg_exc=2455 bg_inh=403
[trial 22/40] spikes=3  rate=2.50 Hz  time=24.44s
[trial 23/40] input_spikes: pn_exc=1574 bg_exc=3021 bg_inh=473
[trial 23/40] spikes=5  rate=4.17 Hz  time=24.60s
[trial 24/40] input_spikes: pn_exc=1562 bg_exc=2786 bg_inh=422
[trial 24/40] spikes=2  rate=1.67 Hz  time=24.40s
[trial 25/40] input_spikes: pn_exc=1519 bg_exc=2851 bg_inh=437
[trial 25/40] spikes=5  rate=4.17 Hz  time=24.56s
[trial 26/40] input_spikes: pn_exc=1663 bg_exc=3019 bg_inh=498
[trial 26/40] spikes=5  rate=4.17 Hz  time=24.48s
[trial 27/40] input_spikes: pn_exc=1616 bg_exc=3012 bg_inh=455
[trial 27/40] spikes=5  rate=4.17 Hz  time=24.43s
[trial 28/40] input_spikes: pn_exc=1569 bg_exc=2833 bg_inh=463
[trial 28/40] spikes=4  rate=3.33 Hz  time=24.55s
[trial 29/40] input_spikes: pn_exc=1614 bg_exc=2855 bg_inh=449
[trial 29/40] spikes=4  rate=3.33 Hz  time=24.64s
[trial 30/40] input_spikes: pn_exc=1433 bg_exc=2214 bg_inh=337
[trial 30/40] spikes=3  rate=2.50 Hz  time=24.32s
[trial 31/40] input_spikes: pn_exc=1578 bg_exc=2809 bg_inh=440
[trial 31/40] spikes=3  rate=2.50 Hz  time=24.52s
[trial 32/40] input_spikes: pn_exc=1664 bg_exc=2964 bg_inh=440
[trial 32/40] spikes=4  rate=3.33 Hz  time=24.89s
[trial 33/40] input_spikes: pn_exc=1583 bg_exc=2934 bg_inh=441
[trial 33/40] spikes=3  rate=2.50 Hz  time=24.66s
[trial 34/40] input_spikes: pn_exc=1534 bg_exc=2550 bg_inh=370
[trial 34/40] spikes=5  rate=4.17 Hz  time=24.51s
[trial 35/40] input_spikes: pn_exc=1581 bg_exc=2890 bg_inh=477
[trial 35/40] spikes=2  rate=1.67 Hz  time=24.60s
[trial 36/40] input_spikes: pn_exc=1629 bg_exc=2976 bg_inh=437
[trial 36/40] spikes=4  rate=3.33 Hz  time=24.35s
[trial 37/40] input_spikes: pn_exc=1565 bg_exc=2942 bg_inh=471
[trial 37/40] spikes=1  rate=0.83 Hz  time=24.50s
[trial 38/40] input_spikes: pn_exc=1646 bg_exc=2919 bg_inh=449
[trial 38/40] spikes=7  rate=5.83 Hz  time=24.58s
[trial 39/40] input_spikes: pn_exc=1565 bg_exc=2846 bg_inh=458
[trial 39/40] spikes=5  rate=4.17 Hz  time=24.26s
[trial 40/40] input_spikes: pn_exc=1587 bg_exc=2952 bg_inh=456
[trial 40/40] spikes=5  rate=4.17 Hz  time=23.14s
Results saved to /home/hrbncv/SCP/cells/SST/tunes/seg_tuned_all/output_data/slurm_29750/parts/slurm_29750_9/run_manifest.json
Total runtime: 981.70s
