Running: /home/hrbncv/miniconda3/envs/BMTK-py311/bin/python /home/hrbncv/SCP/run_pipeline.py --tune-dir /home/hrbncv/SCP/cells/SST/tunes/seg_tuned_all --output-dir /home/hrbncv/SCP/cells/SST/tunes/seg_tuned_all/output_data/slurm_42203/parts --n-trials 100 --output-stem slurm_42203_7 --trial-offset 700 --force-save
Loaded mechanisms from /home/hrbncv/SCP/cells/SST/tunes/seg_tuned_all/modfiles/x86_64/.libs/libnrnmech.so
Loaded Allen cell for 'SST' from /home/hrbncv/SCP/cells/SST/tunes/seg_tuned_all/manifest.json, soma_diam_multiplier=10.0, Vinit=-65.0, loader=genome_fallback
Geometry defined for 'SST': 1 soma segs, 54 proximal dend segs, 52 distal dend segs, 115 total dend segs.
[trial 1/100] input_spikes: pn_exc=1425 vip_inh_bio=327 bg_exc=1906 bg_inh=588
[trial 1/100] spikes=2  rate=2.00 Hz  time=21.60s
[trial 2/100] input_spikes: pn_exc=1557 vip_inh_bio=354 bg_exc=1979 bg_inh=620
[trial 2/100] spikes=6  rate=6.00 Hz  time=21.58s
[trial 3/100] input_spikes: pn_exc=1720 vip_inh_bio=383 bg_exc=2378 bg_inh=697
[trial 3/100] spikes=3  rate=3.00 Hz  time=22.04s
[trial 4/100] input_spikes: pn_exc=1685 vip_inh_bio=377 bg_exc=2446 bg_inh=692
[trial 4/100] spikes=6  rate=6.00 Hz  time=22.01s
[trial 5/100] input_spikes: pn_exc=1641 vip_inh_bio=375 bg_exc=2099 bg_inh=668
[trial 5/100] spikes=2  rate=2.00 Hz  time=21.77s
[trial 6/100] input_spikes: pn_exc=1797 vip_inh_bio=372 bg_exc=2369 bg_inh=730
[trial 6/100] spikes=2  rate=2.00 Hz  time=22.02s
[trial 7/100] input_spikes: pn_exc=1637 vip_inh_bio=386 bg_exc=2110 bg_inh=696
[trial 7/100] spikes=0  rate=0.00 Hz  time=21.88s
[trial 8/100] input_spikes: pn_exc=1635 vip_inh_bio=382 bg_exc=2405 bg_inh=737
[trial 8/100] spikes=4  rate=4.00 Hz  time=22.00s
[trial 9/100] input_spikes: pn_exc=1664 vip_inh_bio=376 bg_exc=2385 bg_inh=736
[trial 9/100] spikes=2  rate=2.00 Hz  time=22.10s
[trial 10/100] input_spikes: pn_exc=1457 vip_inh_bio=310 bg_exc=1670 bg_inh=511
[trial 10/100] spikes=2  rate=2.00 Hz  time=21.16s
[trial 11/100] input_spikes: pn_exc=1675 vip_inh_bio=385 bg_exc=2305 bg_inh=749
[trial 11/100] spikes=5  rate=5.00 Hz  time=22.03s
[trial 12/100] input_spikes: pn_exc=1713 vip_inh_bio=380 bg_exc=2418 bg_inh=808
[trial 12/100] spikes=4  rate=4.00 Hz  time=22.16s
[trial 13/100] input_spikes: pn_exc=1541 vip_inh_bio=354 bg_exc=1995 bg_inh=591
[trial 13/100] spikes=6  rate=6.00 Hz  time=21.66s
[trial 14/100] input_spikes: pn_exc=1759 vip_inh_bio=366 bg_exc=2419 bg_inh=724
[trial 14/100] spikes=1  rate=1.00 Hz  time=22.10s
[trial 15/100] input_spikes: pn_exc=1586 vip_inh_bio=377 bg_exc=2258 bg_inh=691
[trial 15/100] spikes=1  rate=1.00 Hz  time=21.88s
[trial 16/100] input_spikes: pn_exc=1613 vip_inh_bio=389 bg_exc=2305 bg_inh=722
[trial 16/100] spikes=4  rate=4.00 Hz  time=21.83s
[trial 17/100] input_spikes: pn_exc=1699 vip_inh_bio=386 bg_exc=2351 bg_inh=802
[trial 17/100] spikes=4  rate=4.00 Hz  time=22.02s
[trial 18/100] input_spikes: pn_exc=1778 vip_inh_bio=400 bg_exc=2497 bg_inh=751
[trial 18/100] spikes=2  rate=2.00 Hz  time=22.01s
[trial 19/100] input_spikes: pn_exc=1665 vip_inh_bio=364 bg_exc=2270 bg_inh=675
[trial 19/100] spikes=3  rate=3.00 Hz  time=21.93s
[trial 20/100] input_spikes: pn_exc=1623 vip_inh_bio=348 bg_exc=2120 bg_inh=615
[trial 20/100] spikes=6  rate=6.00 Hz  time=21.52s
[trial 21/100] input_spikes: pn_exc=1600 vip_inh_bio=338 bg_exc=2037 bg_inh=660
[trial 21/100] spikes=6  rate=6.00 Hz  time=21.72s
[trial 22/100] input_spikes: pn_exc=1693 vip_inh_bio=380 bg_exc=2432 bg_inh=755
[trial 22/100] spikes=3  rate=3.00 Hz  time=22.02s
[trial 23/100] input_spikes: pn_exc=1741 vip_inh_bio=344 bg_exc=2281 bg_inh=701
[trial 23/100] spikes=5  rate=5.00 Hz  time=21.89s
[trial 24/100] input_spikes: pn_exc=1655 vip_inh_bio=353 bg_exc=2414 bg_inh=744
[trial 24/100] spikes=4  rate=4.00 Hz  time=22.02s
[trial 25/100] input_spikes: pn_exc=1704 vip_inh_bio=346 bg_exc=2375 bg_inh=783
[trial 25/100] spikes=3  rate=3.00 Hz  time=22.13s
[trial 26/100] input_spikes: pn_exc=1724 vip_inh_bio=380 bg_exc=2386 bg_inh=753
[trial 26/100] spikes=3  rate=3.00 Hz  time=22.08s
[trial 27/100] input_spikes: pn_exc=1628 vip_inh_bio=346 bg_exc=2282 bg_inh=709
[trial 27/100] spikes=8  rate=8.00 Hz  time=21.89s
[trial 28/100] input_spikes: pn_exc=1628 vip_inh_bio=360 bg_exc=2521 bg_inh=760
[trial 28/100] spikes=8  rate=8.00 Hz  time=22.09s
[trial 29/100] input_spikes: pn_exc=1705 vip_inh_bio=389 bg_exc=2477 bg_inh=770
[trial 29/100] spikes=2  rate=2.00 Hz  time=22.18s
[trial 30/100] input_spikes: pn_exc=1468 vip_inh_bio=321 bg_exc=1057 bg_inh=327
[trial 30/100] spikes=3  rate=3.00 Hz  time=22.04s
[trial 31/100] input_spikes: pn_exc=1726 vip_inh_bio=393 bg_exc=2432 bg_inh=771
[trial 31/100] spikes=2  rate=2.00 Hz  time=22.79s
[trial 32/100] input_spikes: pn_exc=1697 vip_inh_bio=380 bg_exc=2326 bg_inh=740
[trial 32/100] spikes=3  rate=3.00 Hz  time=22.47s
[trial 33/100] input_spikes: pn_exc=1660 vip_inh_bio=370 bg_exc=2175 bg_inh=654
[trial 33/100] spikes=5  rate=5.00 Hz  time=22.52s
[trial 34/100] input_spikes: pn_exc=1682 vip_inh_bio=375 bg_exc=2469 bg_inh=742
[trial 34/100] spikes=6  rate=6.00 Hz  time=22.67s
[trial 35/100] input_spikes: pn_exc=1629 vip_inh_bio=326 bg_exc=2132 bg_inh=731
[trial 35/100] spikes=1  rate=1.00 Hz  time=22.93s
[trial 36/100] input_spikes: pn_exc=1737 vip_inh_bio=350 bg_exc=2463 bg_inh=740
[trial 36/100] spikes=0  rate=0.00 Hz  time=23.31s
[trial 37/100] input_spikes: pn_exc=1461 vip_inh_bio=311 bg_exc=536 bg_inh=175
[trial 37/100] spikes=0  rate=0.00 Hz  time=21.99s
[trial 38/100] input_spikes: pn_exc=1485 vip_inh_bio=287 bg_exc=1946 bg_inh=602
[trial 38/100] spikes=1  rate=1.00 Hz  time=22.40s
[trial 39/100] input_spikes: pn_exc=1647 vip_inh_bio=321 bg_exc=2318 bg_inh=700
[trial 39/100] spikes=10  rate=10.00 Hz  time=22.95s
[trial 40/100] input_spikes: pn_exc=1598 vip_inh_bio=361 bg_exc=2243 bg_inh=693
[trial 40/100] spikes=1  rate=1.00 Hz  time=22.77s
[trial 41/100] input_spikes: pn_exc=1629 vip_inh_bio=340 bg_exc=2247 bg_inh=665
[trial 41/100] spikes=6  rate=6.00 Hz  time=22.77s
[trial 42/100] input_spikes: pn_exc=1593 vip_inh_bio=360 bg_exc=2203 bg_inh=659
[trial 42/100] spikes=5  rate=5.00 Hz  time=22.68s
[trial 43/100] input_spikes: pn_exc=1667 vip_inh_bio=367 bg_exc=2400 bg_inh=721
[trial 43/100] spikes=2  rate=2.00 Hz  time=23.16s
[trial 44/100] input_spikes: pn_exc=1703 vip_inh_bio=367 bg_exc=2399 bg_inh=706
[trial 44/100] spikes=1  rate=1.00 Hz  time=23.03s
[trial 45/100] input_spikes: pn_exc=1708 vip_inh_bio=375 bg_exc=2177 bg_inh=652
[trial 45/100] spikes=1  rate=1.00 Hz  time=22.83s
[trial 46/100] input_spikes: pn_exc=1758 vip_inh_bio=363 bg_exc=2301 bg_inh=740
[trial 46/100] spikes=9  rate=9.00 Hz  time=23.00s
[trial 47/100] input_spikes: pn_exc=1807 vip_inh_bio=335 bg_exc=2461 bg_inh=784
[trial 47/100] spikes=2  rate=2.00 Hz  time=23.19s
[trial 48/100] input_spikes: pn_exc=1707 vip_inh_bio=367 bg_exc=2552 bg_inh=746
[trial 48/100] spikes=5  rate=5.00 Hz  time=23.04s
[trial 49/100] input_spikes: pn_exc=1713 vip_inh_bio=382 bg_exc=2397 bg_inh=712
[trial 49/100] spikes=8  rate=8.00 Hz  time=23.12s
[trial 50/100] input_spikes: pn_exc=1684 vip_inh_bio=352 bg_exc=2313 bg_inh=720
[trial 50/100] spikes=4  rate=4.00 Hz  time=22.95s
[trial 51/100] input_spikes: pn_exc=1685 vip_inh_bio=372 bg_exc=2418 bg_inh=766
[trial 51/100] spikes=6  rate=6.00 Hz  time=23.14s
[trial 52/100] input_spikes: pn_exc=1780 vip_inh_bio=376 bg_exc=2424 bg_inh=740
[trial 52/100] spikes=6  rate=6.00 Hz  time=22.95s
[trial 53/100] input_spikes: pn_exc=1726 vip_inh_bio=363 bg_exc=2355 bg_inh=776
[trial 53/100] spikes=5  rate=5.00 Hz  time=23.26s
[trial 54/100] input_spikes: pn_exc=1699 vip_inh_bio=365 bg_exc=2301 bg_inh=704
[trial 54/100] spikes=1  rate=1.00 Hz  time=22.97s
[trial 55/100] input_spikes: pn_exc=1693 vip_inh_bio=395 bg_exc=2429 bg_inh=760
[trial 55/100] spikes=2  rate=2.00 Hz  time=22.91s
[trial 56/100] input_spikes: pn_exc=1687 vip_inh_bio=373 bg_exc=2353 bg_inh=730
[trial 56/100] spikes=3  rate=3.00 Hz  time=22.74s
[trial 57/100] input_spikes: pn_exc=1624 vip_inh_bio=392 bg_exc=2297 bg_inh=703
[trial 57/100] spikes=6  rate=6.00 Hz  time=22.83s
[trial 58/100] input_spikes: pn_exc=1796 vip_inh_bio=367 bg_exc=2465 bg_inh=750
[trial 58/100] spikes=3  rate=3.00 Hz  time=22.94s
[trial 59/100] input_spikes: pn_exc=1724 vip_inh_bio=392 bg_exc=2500 bg_inh=752
[trial 59/100] spikes=5  rate=5.00 Hz  time=23.13s
[trial 60/100] input_spikes: pn_exc=1727 vip_inh_bio=368 bg_exc=2482 bg_inh=738
[trial 60/100] spikes=1  rate=1.00 Hz  time=22.98s
[trial 61/100] input_spikes: pn_exc=1702 vip_inh_bio=379 bg_exc=2431 bg_inh=766
[trial 61/100] spikes=5  rate=5.00 Hz  time=23.08s
[trial 62/100] input_spikes: pn_exc=1571 vip_inh_bio=325 bg_exc=1940 bg_inh=633
[trial 62/100] spikes=4  rate=4.00 Hz  time=22.56s
[trial 63/100] input_spikes: pn_exc=1726 vip_inh_bio=367 bg_exc=2432 bg_inh=794
[trial 63/100] spikes=3  rate=3.00 Hz  time=23.38s
[trial 64/100] input_spikes: pn_exc=1739 vip_inh_bio=390 bg_exc=2326 bg_inh=743
[trial 64/100] spikes=3  rate=3.00 Hz  time=23.29s
[trial 65/100] input_spikes: pn_exc=1546 vip_inh_bio=342 bg_exc=2084 bg_inh=633
[trial 65/100] spikes=7  rate=7.00 Hz  time=22.66s
[trial 66/100] input_spikes: pn_exc=1578 vip_inh_bio=353 bg_exc=2231 bg_inh=701
[trial 66/100] spikes=3  rate=3.00 Hz  time=22.76s
[trial 67/100] input_spikes: pn_exc=1631 vip_inh_bio=348 bg_exc=2319 bg_inh=654
[trial 67/100] spikes=3  rate=3.00 Hz  time=22.95s
[trial 68/100] input_spikes: pn_exc=1707 vip_inh_bio=339 bg_exc=2417 bg_inh=733
[trial 68/100] spikes=4  rate=4.00 Hz  time=22.97s
[trial 69/100] input_spikes: pn_exc=1673 vip_inh_bio=365 bg_exc=2251 bg_inh=755
[trial 69/100] spikes=5  rate=5.00 Hz  time=23.03s
[trial 70/100] input_spikes: pn_exc=1714 vip_inh_bio=354 bg_exc=2231 bg_inh=676
[trial 70/100] spikes=5  rate=5.00 Hz  time=22.77s
[trial 71/100] input_spikes: pn_exc=1456 vip_inh_bio=328 bg_exc=1720 bg_inh=526
[trial 71/100] spikes=5  rate=5.00 Hz  time=22.29s
[trial 72/100] input_spikes: pn_exc=1581 vip_inh_bio=333 bg_exc=2145 bg_inh=707
[trial 72/100] spikes=3  rate=3.00 Hz  time=22.66s
[trial 73/100] input_spikes: pn_exc=1703 vip_inh_bio=403 bg_exc=2483 bg_inh=784
[trial 73/100] spikes=3  rate=3.00 Hz  time=23.05s
[trial 74/100] input_spikes: pn_exc=1636 vip_inh_bio=355 bg_exc=2124 bg_inh=671
[trial 74/100] spikes=1  rate=1.00 Hz  time=22.71s
[trial 75/100] input_spikes: pn_exc=1791 vip_inh_bio=408 bg_exc=2473 bg_inh=792
[trial 75/100] spikes=6  rate=6.00 Hz  time=23.02s
[trial 76/100] input_spikes: pn_exc=1570 vip_inh_bio=326 bg_exc=1956 bg_inh=601
[trial 76/100] spikes=5  rate=5.00 Hz  time=22.35s
[trial 77/100] input_spikes: pn_exc=1713 vip_inh_bio=411 bg_exc=2524 bg_inh=735
[trial 77/100] spikes=4  rate=4.00 Hz  time=23.19s
[trial 78/100] input_spikes: pn_exc=1750 vip_inh_bio=391 bg_exc=2469 bg_inh=757
[trial 78/100] spikes=5  rate=5.00 Hz  time=23.13s
[trial 79/100] input_spikes: pn_exc=1758 vip_inh_bio=373 bg_exc=2480 bg_inh=805
[trial 79/100] spikes=3  rate=3.00 Hz  time=23.21s
[trial 80/100] input_spikes: pn_exc=1663 vip_inh_bio=362 bg_exc=2264 bg_inh=723
[trial 80/100] spikes=3  rate=3.00 Hz  time=22.83s
[trial 81/100] input_spikes: pn_exc=1638 vip_inh_bio=370 bg_exc=2366 bg_inh=735
[trial 81/100] spikes=4  rate=4.00 Hz  time=22.90s
[trial 82/100] input_spikes: pn_exc=1714 vip_inh_bio=402 bg_exc=2448 bg_inh=736
[trial 82/100] spikes=3  rate=3.00 Hz  time=23.05s
[trial 83/100] input_spikes: pn_exc=1741 vip_inh_bio=384 bg_exc=2434 bg_inh=783
[trial 83/100] spikes=2  rate=2.00 Hz  time=23.16s
[trial 84/100] input_spikes: pn_exc=1736 vip_inh_bio=349 bg_exc=2351 bg_inh=741
[trial 84/100] spikes=3  rate=3.00 Hz  time=23.02s
[trial 85/100] input_spikes: pn_exc=1695 vip_inh_bio=352 bg_exc=2325 bg_inh=807
[trial 85/100] spikes=3  rate=3.00 Hz  time=22.97s
[trial 86/100] input_spikes: pn_exc=1723 vip_inh_bio=358 bg_exc=2490 bg_inh=756
[trial 86/100] spikes=5  rate=5.00 Hz  time=23.05s
[trial 87/100] input_spikes: pn_exc=1671 vip_inh_bio=340 bg_exc=2236 bg_inh=732
[trial 87/100] spikes=1  rate=1.00 Hz  time=22.79s
[trial 88/100] input_spikes: pn_exc=1677 vip_inh_bio=348 bg_exc=2542 bg_inh=792
[trial 88/100] spikes=6  rate=6.00 Hz  time=23.04s
[trial 89/100] input_spikes: pn_exc=1654 vip_inh_bio=354 bg_exc=2447 bg_inh=794
[trial 89/100] spikes=3  rate=3.00 Hz  time=23.16s
[trial 90/100] input_spikes: pn_exc=1815 vip_inh_bio=373 bg_exc=2435 bg_inh=724
[trial 90/100] spikes=7  rate=7.00 Hz  time=23.18s
[trial 91/100] input_spikes: pn_exc=1748 vip_inh_bio=374 bg_exc=2386 bg_inh=729
[trial 91/100] spikes=6  rate=6.00 Hz  time=23.00s
[trial 92/100] input_spikes: pn_exc=1769 vip_inh_bio=380 bg_exc=2394 bg_inh=761
[trial 92/100] spikes=4  rate=4.00 Hz  time=23.01s
[trial 93/100] input_spikes: pn_exc=1736 vip_inh_bio=396 bg_exc=2480 bg_inh=809
[trial 93/100] spikes=8  rate=8.00 Hz  time=23.17s
[trial 94/100] input_spikes: pn_exc=1494 vip_inh_bio=325 bg_exc=1823 bg_inh=536
[trial 94/100] spikes=6  rate=6.00 Hz  time=22.55s
[trial 95/100] input_spikes: pn_exc=1655 vip_inh_bio=317 bg_exc=2159 bg_inh=657
[trial 95/100] spikes=2  rate=2.00 Hz  time=22.77s
[trial 96/100] input_spikes: pn_exc=1422 vip_inh_bio=368 bg_exc=1935 bg_inh=613
[trial 96/100] spikes=1  rate=1.00 Hz  time=22.38s
[trial 97/100] input_spikes: pn_exc=1808 vip_inh_bio=399 bg_exc=2513 bg_inh=769
[trial 97/100] spikes=1  rate=1.00 Hz  time=22.75s
[trial 98/100] input_spikes: pn_exc=1696 vip_inh_bio=375 bg_exc=2373 bg_inh=740
[trial 98/100] spikes=0  rate=0.00 Hz  time=21.83s
[trial 99/100] input_spikes: pn_exc=1655 vip_inh_bio=341 bg_exc=2462 bg_inh=778
[trial 99/100] spikes=6  rate=6.00 Hz  time=21.28s
[trial 100/100] input_spikes: pn_exc=1742 vip_inh_bio=375 bg_exc=2543 bg_inh=762
[trial 100/100] spikes=3  rate=3.00 Hz  time=20.97s
save_plots single_plot warning: Top input panel: group list empty, auto-using all groups (4).
Results saved to /home/hrbncv/SCP/cells/SST/tunes/seg_tuned_all/output_data/slurm_42203/parts/slurm_42203_7/run_manifest.json
Total runtime: 2258.09s
