Running: /home/hrbncv/miniconda3/envs/BMTK-py311/bin/python /home/hrbncv/SCP/run_pipeline.py --tune-dir /home/hrbncv/SCP/cells/SST/tunes/seg_tuned --output-dir /home/hrbncv/SCP/cells/SST/tunes/seg_tuned/output_data/slurm_45349/parts --n-trials 20 --output-stem slurm_45349_44 --trial-offset 880 --force-save
Loaded mechanisms from /home/hrbncv/SCP/cells/SST/tunes/seg_tuned/modfiles/x86_64/.libs/libnrnmech.so
Loaded Allen cell for 'SST' from /home/hrbncv/SCP/cells/SST/tunes/seg_tuned/manifest.json, soma_diam_multiplier=10.0, Vinit=-65.0, loader=genome_fallback
Geometry defined for 'SST': 1 soma segs, 54 proximal dend segs, 52 distal dend segs, 115 total dend segs.
[trial 1/20] input_spikes: pn_exc=1724 bg_exc=2265 bg_inh=727
[trial 1/20] spikes=17  rate=17.00 Hz  time=22.78s
[trial 2/20] input_spikes: pn_exc=1787 bg_exc=2425 bg_inh=740
[trial 2/20] spikes=16  rate=16.00 Hz  time=22.99s
[trial 3/20] input_spikes: pn_exc=1770 bg_exc=2513 bg_inh=769
[trial 3/20] spikes=17  rate=17.00 Hz  time=22.84s
[trial 4/20] input_spikes: pn_exc=1727 bg_exc=2427 bg_inh=731
[trial 4/20] spikes=12  rate=12.00 Hz  time=22.97s
[trial 5/20] input_spikes: pn_exc=1657 bg_exc=2224 bg_inh=685
[trial 5/20] spikes=11  rate=11.00 Hz  time=22.71s
[trial 6/20] input_spikes: pn_exc=1858 bg_exc=2500 bg_inh=757
[trial 6/20] spikes=13  rate=13.00 Hz  time=22.92s
[trial 7/20] input_spikes: pn_exc=1677 bg_exc=2373 bg_inh=718
[trial 7/20] spikes=14  rate=14.00 Hz  time=23.03s
[trial 8/20] input_spikes: pn_exc=1644 bg_exc=2408 bg_inh=714
[trial 8/20] spikes=15  rate=15.00 Hz  time=22.85s
[trial 9/20] input_spikes: pn_exc=1756 bg_exc=2365 bg_inh=753
[trial 9/20] spikes=14  rate=14.00 Hz  time=23.06s
[trial 10/20] input_spikes: pn_exc=1545 bg_exc=1884 bg_inh=601
[trial 10/20] spikes=15  rate=15.00 Hz  time=22.19s
[trial 11/20] input_spikes: pn_exc=1784 bg_exc=2348 bg_inh=785
[trial 11/20] spikes=14  rate=14.00 Hz  time=22.95s
[trial 12/20] input_spikes: pn_exc=1779 bg_exc=2410 bg_inh=791
[trial 12/20] spikes=11  rate=11.00 Hz  time=23.18s
[trial 13/20] input_spikes: pn_exc=1649 bg_exc=2465 bg_inh=742
[trial 13/20] spikes=10  rate=10.00 Hz  time=23.15s
[trial 14/20] input_spikes: pn_exc=1658 bg_exc=2278 bg_inh=759
[trial 14/20] spikes=13  rate=13.00 Hz  time=22.76s
[trial 15/20] input_spikes: pn_exc=1673 bg_exc=2411 bg_inh=758
[trial 15/20] spikes=12  rate=12.00 Hz  time=23.00s
[trial 16/20] input_spikes: pn_exc=1729 bg_exc=2437 bg_inh=740
[trial 16/20] spikes=15  rate=15.00 Hz  time=23.03s
[trial 17/20] input_spikes: pn_exc=1779 bg_exc=2522 bg_inh=772
[trial 17/20] spikes=14  rate=14.00 Hz  time=23.25s
[trial 18/20] input_spikes: pn_exc=1665 bg_exc=2292 bg_inh=699
[trial 18/20] spikes=14  rate=14.00 Hz  time=22.75s
[trial 19/20] input_spikes: pn_exc=1692 bg_exc=2314 bg_inh=791
[trial 19/20] spikes=16  rate=16.00 Hz  time=23.00s
[trial 20/20] input_spikes: pn_exc=1754 bg_exc=2457 bg_inh=777
[trial 20/20] spikes=12  rate=12.00 Hz  time=21.16s
save_plots single_plot warning: Top input panel: group list empty, auto-using all groups (3).
Results saved to /home/hrbncv/SCP/cells/SST/tunes/seg_tuned/output_data/slurm_45349/parts/slurm_45349_44/run_manifest.json
Total runtime: 457.79s
