Running: python /home/hrbncv/SCP/run_pipeline.py --tune-dir /home/hrbncv/SCP/cells/SST/tunes/seg_tuned_all --output-dir /home/hrbncv/SCP/cells/SST/tunes/seg_tuned_all/output_data/slurm_35973/parts --n-trials 20 --output-stem slurm_35973_32 --trial-offset 640 --force-save
Loaded mechanisms from /home/hrbncv/SCP/cells/SST/tunes/seg_tuned_all/modfiles/x86_64/.libs/libnrnmech.so
Loaded Allen cell for 'SST' from /home/hrbncv/SCP/cells/SST/tunes/seg_tuned_all/manifest.json, soma_diam_multiplier=10.0, Vinit=-65.0, loader=genome_fallback
Geometry defined for 'SST': 1 soma segs, 54 proximal dend segs, 52 distal dend segs, 115 total dend segs.
[trial 1/20] input_spikes: pn_exc=1557 bg_exc=2068 bg_inh=646
[trial 1/20] spikes=6  rate=6.00 Hz  time=22.58s
[trial 2/20] input_spikes: pn_exc=1767 bg_exc=2635 bg_inh=808
[trial 2/20] spikes=4  rate=4.00 Hz  time=23.45s
[trial 3/20] input_spikes: pn_exc=1740 bg_exc=2210 bg_inh=708
[trial 3/20] spikes=3  rate=3.00 Hz  time=23.20s
[trial 4/20] input_spikes: pn_exc=1771 bg_exc=2547 bg_inh=841
[trial 4/20] spikes=7  rate=7.00 Hz  time=23.46s
[trial 5/20] input_spikes: pn_exc=1567 bg_exc=2283 bg_inh=713
[trial 5/20] spikes=5  rate=5.00 Hz  time=23.01s
[trial 6/20] input_spikes: pn_exc=1609 bg_exc=1945 bg_inh=598
[trial 6/20] spikes=6  rate=6.00 Hz  time=22.40s
[trial 7/20] input_spikes: pn_exc=1659 bg_exc=2441 bg_inh=729
[trial 7/20] spikes=6  rate=6.00 Hz  time=23.01s
[trial 8/20] input_spikes: pn_exc=1674 bg_exc=2445 bg_inh=710
[trial 8/20] spikes=1  rate=1.00 Hz  time=23.06s
[trial 9/20] input_spikes: pn_exc=1504 bg_exc=1807 bg_inh=580
[trial 9/20] spikes=4  rate=4.00 Hz  time=22.18s
[trial 10/20] input_spikes: pn_exc=1528 bg_exc=2097 bg_inh=597
[trial 10/20] spikes=5  rate=5.00 Hz  time=22.40s
[trial 11/20] input_spikes: pn_exc=1557 bg_exc=1981 bg_inh=635
[trial 11/20] spikes=3  rate=3.00 Hz  time=22.58s
[trial 12/20] input_spikes: pn_exc=1679 bg_exc=2448 bg_inh=744
[trial 12/20] spikes=3  rate=3.00 Hz  time=23.09s
[trial 13/20] input_spikes: pn_exc=1719 bg_exc=2410 bg_inh=763
[trial 13/20] spikes=1  rate=1.00 Hz  time=23.08s
[trial 14/20] input_spikes: pn_exc=1701 bg_exc=2393 bg_inh=701
[trial 14/20] spikes=2  rate=2.00 Hz  time=22.97s
[trial 15/20] input_spikes: pn_exc=1681 bg_exc=2206 bg_inh=758
[trial 15/20] spikes=3  rate=3.00 Hz  time=22.70s
[trial 16/20] input_spikes: pn_exc=1735 bg_exc=2363 bg_inh=778
[trial 16/20] spikes=7  rate=7.00 Hz  time=22.96s
[trial 17/20] input_spikes: pn_exc=1721 bg_exc=2351 bg_inh=762
[trial 17/20] spikes=3  rate=3.00 Hz  time=22.93s
[trial 18/20] input_spikes: pn_exc=1684 bg_exc=2305 bg_inh=751
[trial 18/20] spikes=6  rate=6.00 Hz  time=22.68s
[trial 19/20] input_spikes: pn_exc=1664 bg_exc=2480 bg_inh=761
[trial 19/20] spikes=5  rate=5.00 Hz  time=22.88s
[trial 20/20] input_spikes: pn_exc=1665 bg_exc=2343 bg_inh=720
[trial 20/20] spikes=3  rate=3.00 Hz  time=20.62s
Results saved to /home/hrbncv/SCP/cells/SST/tunes/seg_tuned_all/output_data/slurm_35973/parts/slurm_35973_32/run_manifest.json
Total runtime: 455.62s
