Running: python /home/hrbncv/SCP/run_pipeline.py --tune-dir /home/hrbncv/SCP/cells/SST/tunes/seg_tuned_all --output-dir /home/hrbncv/SCP/cells/SST/tunes/seg_tuned_all/output_data/slurm_39858/parts --n-trials 20 --output-stem slurm_39858_43 --trial-offset 860 --force-save
Loaded mechanisms from /home/hrbncv/SCP/cells/SST/tunes/seg_tuned_all/modfiles/x86_64/.libs/libnrnmech.so
Loaded Allen cell for 'SST' from /home/hrbncv/SCP/cells/SST/tunes/seg_tuned_all/manifest.json, soma_diam_multiplier=10.0, Vinit=-65.0, loader=genome_fallback
Geometry defined for 'SST': 1 soma segs, 54 proximal dend segs, 52 distal dend segs, 115 total dend segs.
[trial 1/20] input_spikes: pn_exc=1751 vip_inh_bio=73 bg_exc=2477 bg_inh=757
[trial 1/20] spikes=5  rate=5.00 Hz  time=22.99s
[trial 2/20] input_spikes: pn_exc=1743 vip_inh_bio=61 bg_exc=2383 bg_inh=766
[trial 2/20] spikes=4  rate=4.00 Hz  time=23.13s
[trial 3/20] input_spikes: pn_exc=1654 vip_inh_bio=79 bg_exc=2393 bg_inh=729
[trial 3/20] spikes=3  rate=3.00 Hz  time=22.86s
[trial 4/20] input_spikes: pn_exc=1735 vip_inh_bio=68 bg_exc=2509 bg_inh=761
[trial 4/20] spikes=1  rate=1.00 Hz  time=23.04s
[trial 5/20] input_spikes: pn_exc=1474 vip_inh_bio=51 bg_exc=1250 bg_inh=372
[trial 5/20] spikes=3  rate=3.00 Hz  time=21.92s
[trial 6/20] input_spikes: pn_exc=1742 vip_inh_bio=85 bg_exc=2508 bg_inh=748
[trial 6/20] spikes=3  rate=3.00 Hz  time=23.00s
[trial 7/20] input_spikes: pn_exc=1733 vip_inh_bio=72 bg_exc=2446 bg_inh=755
[trial 7/20] spikes=1  rate=1.00 Hz  time=22.84s
[trial 8/20] input_spikes: pn_exc=1712 vip_inh_bio=60 bg_exc=2381 bg_inh=818
[trial 8/20] spikes=4  rate=4.00 Hz  time=23.07s
[trial 9/20] input_spikes: pn_exc=1715 vip_inh_bio=66 bg_exc=2264 bg_inh=734
[trial 9/20] spikes=3  rate=3.00 Hz  time=22.70s
[trial 10/20] input_spikes: pn_exc=1766 vip_inh_bio=66 bg_exc=2414 bg_inh=760
[trial 10/20] spikes=3  rate=3.00 Hz  time=22.89s
[trial 11/20] input_spikes: pn_exc=1690 vip_inh_bio=65 bg_exc=2495 bg_inh=729
[trial 11/20] spikes=1  rate=1.00 Hz  time=23.11s
[trial 12/20] input_spikes: pn_exc=1665 vip_inh_bio=78 bg_exc=2405 bg_inh=698
[trial 12/20] spikes=3  rate=3.00 Hz  time=23.10s
[trial 13/20] input_spikes: pn_exc=1747 vip_inh_bio=56 bg_exc=2298 bg_inh=706
[trial 13/20] spikes=6  rate=6.00 Hz  time=22.96s
[trial 14/20] input_spikes: pn_exc=1602 vip_inh_bio=61 bg_exc=2142 bg_inh=656
[trial 14/20] spikes=3  rate=3.00 Hz  time=22.82s
[trial 15/20] input_spikes: pn_exc=1478 vip_inh_bio=55 bg_exc=1924 bg_inh=619
[trial 15/20] spikes=4  rate=4.00 Hz  time=22.55s
[trial 16/20] input_spikes: pn_exc=1649 vip_inh_bio=67 bg_exc=2500 bg_inh=752
[trial 16/20] spikes=2  rate=2.00 Hz  time=23.33s
[trial 17/20] input_spikes: pn_exc=1734 vip_inh_bio=90 bg_exc=2449 bg_inh=783
[trial 17/20] spikes=1  rate=1.00 Hz  time=23.01s
[trial 18/20] input_spikes: pn_exc=1676 vip_inh_bio=61 bg_exc=2328 bg_inh=700
[trial 18/20] spikes=6  rate=6.00 Hz  time=22.71s
[trial 19/20] input_spikes: pn_exc=1628 vip_inh_bio=61 bg_exc=2113 bg_inh=673
[trial 19/20] spikes=0  rate=0.00 Hz  time=22.31s
[trial 20/20] input_spikes: pn_exc=1689 vip_inh_bio=64 bg_exc=2375 bg_inh=719
[trial 20/20] spikes=1  rate=1.00 Hz  time=21.54s
save_plots single_plot warning: Top input panel: group list empty, auto-using all groups (4).
Results saved to /home/hrbncv/SCP/cells/SST/tunes/seg_tuned_all/output_data/slurm_39858/parts/slurm_39858_43/run_manifest.json
Total runtime: 457.20s
