Running: /home/hrbncv/miniconda3/envs/BMTK-py311/bin/python /home/hrbncv/SCP/run_pipeline.py --tune-dir /home/hrbncv/SCP/cells/SST/tunes/seg_tuned_all --output-dir /home/hrbncv/SCP/cells/SST/tunes/seg_tuned_all/output_data/slurm_45349/parts --n-trials 20 --output-stem slurm_45349_25 --trial-offset 500 --force-save
Loaded mechanisms from /home/hrbncv/SCP/cells/SST/tunes/seg_tuned_all/modfiles/x86_64/.libs/libnrnmech.so
Loaded Allen cell for 'SST' from /home/hrbncv/SCP/cells/SST/tunes/seg_tuned_all/manifest.json, soma_diam_multiplier=10.0, Vinit=-65.0, loader=genome_fallback
Geometry defined for 'SST': 1 soma segs, 54 proximal dend segs, 52 distal dend segs, 115 total dend segs.
[trial 1/20] input_spikes: pn_exc=1728 bg_exc=2447 bg_inh=767
[trial 1/20] spikes=11  rate=11.00 Hz  time=22.19s
[trial 2/20] input_spikes: pn_exc=1745 bg_exc=2388 bg_inh=762
[trial 2/20] spikes=16  rate=16.00 Hz  time=22.50s
[trial 3/20] input_spikes: pn_exc=1531 bg_exc=1837 bg_inh=558
[trial 3/20] spikes=13  rate=13.00 Hz  time=21.38s
[trial 4/20] input_spikes: pn_exc=1742 bg_exc=2427 bg_inh=714
[trial 4/20] spikes=10  rate=10.00 Hz  time=22.37s
[trial 5/20] input_spikes: pn_exc=1640 bg_exc=2328 bg_inh=691
[trial 5/20] spikes=14  rate=14.00 Hz  time=22.09s
[trial 6/20] input_spikes: pn_exc=1687 bg_exc=2342 bg_inh=667
[trial 6/20] spikes=12  rate=12.00 Hz  time=22.08s
[trial 7/20] input_spikes: pn_exc=1756 bg_exc=2381 bg_inh=782
[trial 7/20] spikes=15  rate=15.00 Hz  time=22.45s
[trial 8/20] input_spikes: pn_exc=1724 bg_exc=2460 bg_inh=811
[trial 8/20] spikes=11  rate=11.00 Hz  time=23.17s
[trial 9/20] input_spikes: pn_exc=1571 bg_exc=2096 bg_inh=605
[trial 9/20] spikes=14  rate=14.00 Hz  time=22.66s
[trial 10/20] input_spikes: pn_exc=1727 bg_exc=2146 bg_inh=704
[trial 10/20] spikes=14  rate=14.00 Hz  time=22.54s
[trial 11/20] input_spikes: pn_exc=1777 bg_exc=2462 bg_inh=756
[trial 11/20] spikes=17  rate=17.00 Hz  time=22.93s
[trial 12/20] input_spikes: pn_exc=1667 bg_exc=2336 bg_inh=734
[trial 12/20] spikes=15  rate=15.00 Hz  time=23.07s
[trial 13/20] input_spikes: pn_exc=1708 bg_exc=2353 bg_inh=748
[trial 13/20] spikes=12  rate=12.00 Hz  time=22.91s
[trial 14/20] input_spikes: pn_exc=1827 bg_exc=2481 bg_inh=799
[trial 14/20] spikes=12  rate=12.00 Hz  time=22.99s
[trial 15/20] input_spikes: pn_exc=1700 bg_exc=2431 bg_inh=720
[trial 15/20] spikes=12  rate=12.00 Hz  time=23.03s
[trial 16/20] input_spikes: pn_exc=1719 bg_exc=2318 bg_inh=735
[trial 16/20] spikes=11  rate=11.00 Hz  time=22.80s
[trial 17/20] input_spikes: pn_exc=1759 bg_exc=2464 bg_inh=836
[trial 17/20] spikes=11  rate=11.00 Hz  time=23.11s
[trial 18/20] input_spikes: pn_exc=1684 bg_exc=2368 bg_inh=704
[trial 18/20] spikes=15  rate=15.00 Hz  time=22.75s
[trial 19/20] input_spikes: pn_exc=1741 bg_exc=2416 bg_inh=760
[trial 19/20] spikes=14  rate=14.00 Hz  time=22.80s
[trial 20/20] input_spikes: pn_exc=1713 bg_exc=2446 bg_inh=819
[trial 20/20] spikes=14  rate=14.00 Hz  time=21.77s
save_plots single_plot warning: Top input panel: group list empty, auto-using all groups (3).
Results saved to /home/hrbncv/SCP/cells/SST/tunes/seg_tuned_all/output_data/slurm_45349/parts/slurm_45349_25/run_manifest.json
Total runtime: 452.86s
