Running: python /home/hrbncv/SCP/run_pipeline.py --tune-dir /home/hrbncv/SCP/cells/SST/tunes/seg_tuned_all --output-dir /home/hrbncv/SCP/cells/SST/tunes/seg_tuned_all/output_data/slurm_35973/parts --n-trials 20 --output-stem slurm_35973_26 --trial-offset 520 --force-save
Loaded mechanisms from /home/hrbncv/SCP/cells/SST/tunes/seg_tuned_all/modfiles/x86_64/.libs/libnrnmech.so
Loaded Allen cell for 'SST' from /home/hrbncv/SCP/cells/SST/tunes/seg_tuned_all/manifest.json, soma_diam_multiplier=10.0, Vinit=-65.0, loader=genome_fallback
Geometry defined for 'SST': 1 soma segs, 54 proximal dend segs, 52 distal dend segs, 115 total dend segs.
[trial 1/20] input_spikes: pn_exc=1647 bg_exc=2303 bg_inh=692
[trial 1/20] spikes=0  rate=0.00 Hz  time=22.59s
[trial 2/20] input_spikes: pn_exc=1753 bg_exc=2421 bg_inh=782
[trial 2/20] spikes=4  rate=4.00 Hz  time=23.04s
[trial 3/20] input_spikes: pn_exc=1644 bg_exc=2213 bg_inh=737
[trial 3/20] spikes=3  rate=3.00 Hz  time=22.97s
[trial 4/20] input_spikes: pn_exc=1468 bg_exc=1246 bg_inh=382
[trial 4/20] spikes=4  rate=4.00 Hz  time=21.85s
[trial 5/20] input_spikes: pn_exc=1513 bg_exc=2056 bg_inh=650
[trial 5/20] spikes=2  rate=2.00 Hz  time=22.54s
[trial 6/20] input_spikes: pn_exc=1766 bg_exc=2390 bg_inh=746
[trial 6/20] spikes=2  rate=2.00 Hz  time=22.75s
[trial 7/20] input_spikes: pn_exc=1634 bg_exc=2362 bg_inh=777
[trial 7/20] spikes=4  rate=4.00 Hz  time=22.80s
[trial 8/20] input_spikes: pn_exc=1492 bg_exc=1606 bg_inh=492
[trial 8/20] spikes=5  rate=5.00 Hz  time=21.92s
[trial 9/20] input_spikes: pn_exc=1627 bg_exc=2128 bg_inh=683
[trial 9/20] spikes=2  rate=2.00 Hz  time=22.39s
[trial 10/20] input_spikes: pn_exc=1650 bg_exc=2269 bg_inh=740
[trial 10/20] spikes=2  rate=2.00 Hz  time=22.60s
[trial 11/20] input_spikes: pn_exc=1642 bg_exc=2190 bg_inh=661
[trial 11/20] spikes=2  rate=2.00 Hz  time=22.49s
[trial 12/20] input_spikes: pn_exc=1707 bg_exc=2484 bg_inh=724
[trial 12/20] spikes=8  rate=8.00 Hz  time=22.93s
[trial 13/20] input_spikes: pn_exc=1701 bg_exc=2272 bg_inh=745
[trial 13/20] spikes=6  rate=6.00 Hz  time=22.71s
[trial 14/20] input_spikes: pn_exc=1726 bg_exc=2496 bg_inh=796
[trial 14/20] spikes=5  rate=5.00 Hz  time=22.84s
[trial 15/20] input_spikes: pn_exc=1691 bg_exc=2337 bg_inh=749
[trial 15/20] spikes=2  rate=2.00 Hz  time=22.64s
[trial 16/20] input_spikes: pn_exc=1742 bg_exc=2445 bg_inh=774
[trial 16/20] spikes=4  rate=4.00 Hz  time=22.61s
[trial 17/20] input_spikes: pn_exc=1670 bg_exc=2205 bg_inh=685
[trial 17/20] spikes=6  rate=6.00 Hz  time=22.51s
[trial 18/20] input_spikes: pn_exc=1683 bg_exc=2521 bg_inh=817
[trial 18/20] spikes=4  rate=4.00 Hz  time=22.69s
[trial 19/20] input_spikes: pn_exc=1745 bg_exc=2250 bg_inh=669
[trial 19/20] spikes=7  rate=7.00 Hz  time=22.70s
[trial 20/20] input_spikes: pn_exc=1584 bg_exc=1982 bg_inh=661
[trial 20/20] spikes=4  rate=4.00 Hz  time=21.21s
Results saved to /home/hrbncv/SCP/cells/SST/tunes/seg_tuned_all/output_data/slurm_35973/parts/slurm_35973_26/run_manifest.json
Total runtime: 451.07s
