Running: /home/hrbncv/miniconda3/envs/BMTK-py311/bin/python /home/hrbncv/SCP/run_pipeline.py --tune-dir /home/hrbncv/SCP/cells/SST/tunes/seg_tuned_all --output-dir /home/hrbncv/SCP/cells/SST/tunes/seg_tuned_all/output_data/slurm_42203/parts --n-trials 100 --output-stem slurm_42203_34 --trial-offset 3400 --force-save
Loaded mechanisms from /home/hrbncv/SCP/cells/SST/tunes/seg_tuned_all/modfiles/x86_64/.libs/libnrnmech.so
Loaded Allen cell for 'SST' from /home/hrbncv/SCP/cells/SST/tunes/seg_tuned_all/manifest.json, soma_diam_multiplier=10.0, Vinit=-65.0, loader=genome_fallback
Geometry defined for 'SST': 1 soma segs, 54 proximal dend segs, 52 distal dend segs, 115 total dend segs.
[trial 1/100] input_spikes: pn_exc=1713 vip_inh_bio=371 bg_exc=2400 bg_inh=746
[trial 1/100] spikes=6  rate=6.00 Hz  time=22.35s
[trial 2/100] input_spikes: pn_exc=1859 vip_inh_bio=394 bg_exc=2404 bg_inh=803
[trial 2/100] spikes=4  rate=4.00 Hz  time=22.35s
[trial 3/100] input_spikes: pn_exc=1772 vip_inh_bio=331 bg_exc=2459 bg_inh=746
[trial 3/100] spikes=4  rate=4.00 Hz  time=22.26s
[trial 4/100] input_spikes: pn_exc=1646 vip_inh_bio=398 bg_exc=2394 bg_inh=735
[trial 4/100] spikes=4  rate=4.00 Hz  time=22.08s
[trial 5/100] input_spikes: pn_exc=1747 vip_inh_bio=359 bg_exc=2392 bg_inh=744
[trial 5/100] spikes=8  rate=8.00 Hz  time=22.35s
[trial 6/100] input_spikes: pn_exc=1595 vip_inh_bio=385 bg_exc=2256 bg_inh=684
[trial 6/100] spikes=4  rate=4.00 Hz  time=21.94s
[trial 7/100] input_spikes: pn_exc=1760 vip_inh_bio=386 bg_exc=2434 bg_inh=789
[trial 7/100] spikes=4  rate=4.00 Hz  time=22.18s
[trial 8/100] input_spikes: pn_exc=1739 vip_inh_bio=368 bg_exc=2552 bg_inh=799
[trial 8/100] spikes=7  rate=7.00 Hz  time=22.21s
[trial 9/100] input_spikes: pn_exc=1544 vip_inh_bio=327 bg_exc=2003 bg_inh=644
[trial 9/100] spikes=3  rate=3.00 Hz  time=21.80s
[trial 10/100] input_spikes: pn_exc=1623 vip_inh_bio=353 bg_exc=2398 bg_inh=776
[trial 10/100] spikes=2  rate=2.00 Hz  time=22.01s
[trial 11/100] input_spikes: pn_exc=1769 vip_inh_bio=363 bg_exc=2449 bg_inh=773
[trial 11/100] spikes=4  rate=4.00 Hz  time=22.34s
[trial 12/100] input_spikes: pn_exc=1717 vip_inh_bio=372 bg_exc=2364 bg_inh=771
[trial 12/100] spikes=5  rate=5.00 Hz  time=22.12s
[trial 13/100] input_spikes: pn_exc=1593 vip_inh_bio=362 bg_exc=1964 bg_inh=614
[trial 13/100] spikes=3  rate=3.00 Hz  time=21.67s
[trial 14/100] input_spikes: pn_exc=1640 vip_inh_bio=383 bg_exc=2208 bg_inh=660
[trial 14/100] spikes=2  rate=2.00 Hz  time=22.00s
[trial 15/100] input_spikes: pn_exc=1461 vip_inh_bio=316 bg_exc=780 bg_inh=230
[trial 15/100] spikes=2  rate=2.00 Hz  time=21.00s
[trial 16/100] input_spikes: pn_exc=1628 vip_inh_bio=377 bg_exc=2183 bg_inh=684
[trial 16/100] spikes=6  rate=6.00 Hz  time=21.96s
[trial 17/100] input_spikes: pn_exc=1741 vip_inh_bio=384 bg_exc=2436 bg_inh=811
[trial 17/100] spikes=2  rate=2.00 Hz  time=22.33s
[trial 18/100] input_spikes: pn_exc=1738 vip_inh_bio=391 bg_exc=2424 bg_inh=695
[trial 18/100] spikes=6  rate=6.00 Hz  time=22.14s
[trial 19/100] input_spikes: pn_exc=1752 vip_inh_bio=374 bg_exc=2325 bg_inh=735
[trial 19/100] spikes=3  rate=3.00 Hz  time=22.15s
[trial 20/100] input_spikes: pn_exc=1769 vip_inh_bio=399 bg_exc=2455 bg_inh=809
[trial 20/100] spikes=4  rate=4.00 Hz  time=22.12s
[trial 21/100] input_spikes: pn_exc=1710 vip_inh_bio=380 bg_exc=2534 bg_inh=751
[trial 21/100] spikes=3  rate=3.00 Hz  time=22.38s
[trial 22/100] input_spikes: pn_exc=1676 vip_inh_bio=349 bg_exc=2341 bg_inh=711
[trial 22/100] spikes=6  rate=6.00 Hz  time=22.17s
[trial 23/100] input_spikes: pn_exc=1672 vip_inh_bio=351 bg_exc=2334 bg_inh=735
[trial 23/100] spikes=3  rate=3.00 Hz  time=22.15s
[trial 24/100] input_spikes: pn_exc=1734 vip_inh_bio=355 bg_exc=2470 bg_inh=729
[trial 24/100] spikes=5  rate=5.00 Hz  time=22.12s
[trial 25/100] input_spikes: pn_exc=1668 vip_inh_bio=380 bg_exc=2132 bg_inh=629
[trial 25/100] spikes=2  rate=2.00 Hz  time=21.81s
[trial 26/100] input_spikes: pn_exc=1521 vip_inh_bio=328 bg_exc=1935 bg_inh=620
[trial 26/100] spikes=3  rate=3.00 Hz  time=21.52s
[trial 27/100] input_spikes: pn_exc=1641 vip_inh_bio=373 bg_exc=2320 bg_inh=703
[trial 27/100] spikes=0  rate=0.00 Hz  time=22.09s
[trial 28/100] input_spikes: pn_exc=1680 vip_inh_bio=384 bg_exc=2277 bg_inh=676
[trial 28/100] spikes=5  rate=5.00 Hz  time=21.86s
[trial 29/100] input_spikes: pn_exc=1525 vip_inh_bio=323 bg_exc=1907 bg_inh=620
[trial 29/100] spikes=6  rate=6.00 Hz  time=21.60s
[trial 30/100] input_spikes: pn_exc=1626 vip_inh_bio=355 bg_exc=2125 bg_inh=680
[trial 30/100] spikes=2  rate=2.00 Hz  time=21.48s
[trial 31/100] input_spikes: pn_exc=1727 vip_inh_bio=373 bg_exc=2367 bg_inh=697
[trial 31/100] spikes=1  rate=1.00 Hz  time=22.13s
[trial 32/100] input_spikes: pn_exc=1434 vip_inh_bio=318 bg_exc=1044 bg_inh=330
[trial 32/100] spikes=2  rate=2.00 Hz  time=20.98s
[trial 33/100] input_spikes: pn_exc=1592 vip_inh_bio=365 bg_exc=2283 bg_inh=736
[trial 33/100] spikes=5  rate=5.00 Hz  time=22.10s
[trial 34/100] input_spikes: pn_exc=1678 vip_inh_bio=385 bg_exc=2476 bg_inh=798
[trial 34/100] spikes=6  rate=6.00 Hz  time=22.10s
[trial 35/100] input_spikes: pn_exc=1722 vip_inh_bio=365 bg_exc=2393 bg_inh=717
[trial 35/100] spikes=9  rate=9.00 Hz  time=22.06s
[trial 36/100] input_spikes: pn_exc=1730 vip_inh_bio=387 bg_exc=2482 bg_inh=689
[trial 36/100] spikes=2  rate=2.00 Hz  time=22.01s
[trial 37/100] input_spikes: pn_exc=1749 vip_inh_bio=398 bg_exc=2458 bg_inh=797
[trial 37/100] spikes=2  rate=2.00 Hz  time=22.00s
[trial 38/100] input_spikes: pn_exc=1683 vip_inh_bio=422 bg_exc=2593 bg_inh=802
[trial 38/100] spikes=2  rate=2.00 Hz  time=21.98s
[trial 39/100] input_spikes: pn_exc=1764 vip_inh_bio=355 bg_exc=2444 bg_inh=758
[trial 39/100] spikes=3  rate=3.00 Hz  time=22.03s
[trial 40/100] input_spikes: pn_exc=1725 vip_inh_bio=338 bg_exc=2444 bg_inh=782
[trial 40/100] spikes=8  rate=8.00 Hz  time=21.89s
[trial 41/100] input_spikes: pn_exc=1678 vip_inh_bio=384 bg_exc=2502 bg_inh=740
[trial 41/100] spikes=3  rate=3.00 Hz  time=22.00s
[trial 42/100] input_spikes: pn_exc=1799 vip_inh_bio=359 bg_exc=2325 bg_inh=760
[trial 42/100] spikes=1  rate=1.00 Hz  time=21.71s
[trial 43/100] input_spikes: pn_exc=1672 vip_inh_bio=382 bg_exc=2226 bg_inh=724
[trial 43/100] spikes=2  rate=2.00 Hz  time=21.80s
[trial 44/100] input_spikes: pn_exc=1671 vip_inh_bio=347 bg_exc=2371 bg_inh=778
[trial 44/100] spikes=2  rate=2.00 Hz  time=21.67s
[trial 45/100] input_spikes: pn_exc=1688 vip_inh_bio=376 bg_exc=2379 bg_inh=810
[trial 45/100] spikes=6  rate=6.00 Hz  time=21.88s
[trial 46/100] input_spikes: pn_exc=1547 vip_inh_bio=355 bg_exc=2019 bg_inh=604
[trial 46/100] spikes=1  rate=1.00 Hz  time=21.32s
[trial 47/100] input_spikes: pn_exc=1592 vip_inh_bio=352 bg_exc=2289 bg_inh=693
[trial 47/100] spikes=3  rate=3.00 Hz  time=21.72s
[trial 48/100] input_spikes: pn_exc=1605 vip_inh_bio=320 bg_exc=2060 bg_inh=656
[trial 48/100] spikes=6  rate=6.00 Hz  time=21.37s
[trial 49/100] input_spikes: pn_exc=1716 vip_inh_bio=374 bg_exc=2449 bg_inh=733
[trial 49/100] spikes=4  rate=4.00 Hz  time=21.99s
[trial 50/100] input_spikes: pn_exc=1589 vip_inh_bio=373 bg_exc=2256 bg_inh=695
[trial 50/100] spikes=0  rate=0.00 Hz  time=21.54s
[trial 51/100] input_spikes: pn_exc=1807 vip_inh_bio=347 bg_exc=2556 bg_inh=780
[trial 51/100] spikes=3  rate=3.00 Hz  time=22.03s
[trial 52/100] input_spikes: pn_exc=1680 vip_inh_bio=373 bg_exc=2264 bg_inh=650
[trial 52/100] spikes=4  rate=4.00 Hz  time=21.66s
[trial 53/100] input_spikes: pn_exc=1580 vip_inh_bio=345 bg_exc=2104 bg_inh=678
[trial 53/100] spikes=7  rate=7.00 Hz  time=21.83s
[trial 54/100] input_spikes: pn_exc=1766 vip_inh_bio=378 bg_exc=2378 bg_inh=782
[trial 54/100] spikes=5  rate=5.00 Hz  time=21.86s
[trial 55/100] input_spikes: pn_exc=1494 vip_inh_bio=333 bg_exc=1755 bg_inh=617
[trial 55/100] spikes=5  rate=5.00 Hz  time=21.29s
[trial 56/100] input_spikes: pn_exc=1638 vip_inh_bio=413 bg_exc=2399 bg_inh=691
[trial 56/100] spikes=4  rate=4.00 Hz  time=21.70s
[trial 57/100] input_spikes: pn_exc=1550 vip_inh_bio=377 bg_exc=2093 bg_inh=715
[trial 57/100] spikes=6  rate=6.00 Hz  time=21.64s
[trial 58/100] input_spikes: pn_exc=1636 vip_inh_bio=399 bg_exc=2442 bg_inh=750
[trial 58/100] spikes=5  rate=5.00 Hz  time=21.73s
[trial 59/100] input_spikes: pn_exc=1799 vip_inh_bio=360 bg_exc=2426 bg_inh=779
[trial 59/100] spikes=4  rate=4.00 Hz  time=22.13s
[trial 60/100] input_spikes: pn_exc=1550 vip_inh_bio=369 bg_exc=2198 bg_inh=708
[trial 60/100] spikes=4  rate=4.00 Hz  time=21.41s
[trial 61/100] input_spikes: pn_exc=1616 vip_inh_bio=368 bg_exc=2242 bg_inh=700
[trial 61/100] spikes=5  rate=5.00 Hz  time=21.83s
[trial 62/100] input_spikes: pn_exc=1661 vip_inh_bio=351 bg_exc=2534 bg_inh=769
[trial 62/100] spikes=2  rate=2.00 Hz  time=21.95s
[trial 63/100] input_spikes: pn_exc=1726 vip_inh_bio=400 bg_exc=2288 bg_inh=764
[trial 63/100] spikes=1  rate=1.00 Hz  time=22.41s
[trial 64/100] input_spikes: pn_exc=1634 vip_inh_bio=372 bg_exc=2400 bg_inh=700
[trial 64/100] spikes=6  rate=6.00 Hz  time=23.62s
[trial 65/100] input_spikes: pn_exc=1550 vip_inh_bio=317 bg_exc=2160 bg_inh=617
[trial 65/100] spikes=3  rate=3.00 Hz  time=22.15s
[trial 66/100] input_spikes: pn_exc=1747 vip_inh_bio=400 bg_exc=2428 bg_inh=790
[trial 66/100] spikes=6  rate=6.00 Hz  time=23.26s
[trial 67/100] input_spikes: pn_exc=1609 vip_inh_bio=373 bg_exc=2267 bg_inh=667
[trial 67/100] spikes=5  rate=5.00 Hz  time=21.91s
[trial 68/100] input_spikes: pn_exc=1715 vip_inh_bio=366 bg_exc=2347 bg_inh=733
[trial 68/100] spikes=3  rate=3.00 Hz  time=21.73s
[trial 69/100] input_spikes: pn_exc=1669 vip_inh_bio=359 bg_exc=2155 bg_inh=698
[trial 69/100] spikes=4  rate=4.00 Hz  time=21.82s
[trial 70/100] input_spikes: pn_exc=1575 vip_inh_bio=359 bg_exc=2005 bg_inh=634
[trial 70/100] spikes=3  rate=3.00 Hz  time=21.44s
[trial 71/100] input_spikes: pn_exc=1634 vip_inh_bio=341 bg_exc=2313 bg_inh=714
[trial 71/100] spikes=5  rate=5.00 Hz  time=22.08s
[trial 72/100] input_spikes: pn_exc=1751 vip_inh_bio=353 bg_exc=2501 bg_inh=769
[trial 72/100] spikes=6  rate=6.00 Hz  time=22.11s
[trial 73/100] input_spikes: pn_exc=1687 vip_inh_bio=369 bg_exc=2304 bg_inh=758
[trial 73/100] spikes=3  rate=3.00 Hz  time=21.83s
[trial 74/100] input_spikes: pn_exc=1607 vip_inh_bio=380 bg_exc=2272 bg_inh=731
[trial 74/100] spikes=2  rate=2.00 Hz  time=21.80s
[trial 75/100] input_spikes: pn_exc=1593 vip_inh_bio=331 bg_exc=2110 bg_inh=650
[trial 75/100] spikes=4  rate=4.00 Hz  time=21.66s
[trial 76/100] input_spikes: pn_exc=1693 vip_inh_bio=360 bg_exc=2266 bg_inh=722
[trial 76/100] spikes=4  rate=4.00 Hz  time=21.74s
[trial 77/100] input_spikes: pn_exc=1772 vip_inh_bio=406 bg_exc=2438 bg_inh=760
[trial 77/100] spikes=5  rate=5.00 Hz  time=22.08s
[trial 78/100] input_spikes: pn_exc=1823 vip_inh_bio=396 bg_exc=2443 bg_inh=764
[trial 78/100] spikes=6  rate=6.00 Hz  time=22.21s
[trial 79/100] input_spikes: pn_exc=1563 vip_inh_bio=308 bg_exc=2110 bg_inh=639
[trial 79/100] spikes=5  rate=5.00 Hz  time=21.83s
[trial 80/100] input_spikes: pn_exc=1753 vip_inh_bio=385 bg_exc=2378 bg_inh=748
[trial 80/100] spikes=2  rate=2.00 Hz  time=21.78s
[trial 81/100] input_spikes: pn_exc=1738 vip_inh_bio=352 bg_exc=2494 bg_inh=797
[trial 81/100] spikes=4  rate=4.00 Hz  time=22.23s
[trial 82/100] input_spikes: pn_exc=1682 vip_inh_bio=375 bg_exc=2364 bg_inh=791
[trial 82/100] spikes=4  rate=4.00 Hz  time=22.00s
[trial 83/100] input_spikes: pn_exc=1635 vip_inh_bio=346 bg_exc=2163 bg_inh=691
[trial 83/100] spikes=5  rate=5.00 Hz  time=21.86s
[trial 84/100] input_spikes: pn_exc=1740 vip_inh_bio=369 bg_exc=2453 bg_inh=795
[trial 84/100] spikes=8  rate=8.00 Hz  time=22.16s
[trial 85/100] input_spikes: pn_exc=1717 vip_inh_bio=384 bg_exc=2448 bg_inh=741
[trial 85/100] spikes=3  rate=3.00 Hz  time=22.21s
[trial 86/100] input_spikes: pn_exc=1668 vip_inh_bio=366 bg_exc=2378 bg_inh=721
[trial 86/100] spikes=4  rate=4.00 Hz  time=22.03s
[trial 87/100] input_spikes: pn_exc=1671 vip_inh_bio=337 bg_exc=2388 bg_inh=775
[trial 87/100] spikes=4  rate=4.00 Hz  time=22.21s
[trial 88/100] input_spikes: pn_exc=1722 vip_inh_bio=376 bg_exc=2369 bg_inh=738
[trial 88/100] spikes=5  rate=5.00 Hz  time=21.96s
[trial 89/100] input_spikes: pn_exc=1539 vip_inh_bio=351 bg_exc=2168 bg_inh=648
[trial 89/100] spikes=4  rate=4.00 Hz  time=21.81s
[trial 90/100] input_spikes: pn_exc=1670 vip_inh_bio=390 bg_exc=2302 bg_inh=732
[trial 90/100] spikes=4  rate=4.00 Hz  time=21.90s
[trial 91/100] input_spikes: pn_exc=1727 vip_inh_bio=366 bg_exc=2210 bg_inh=755
[trial 91/100] spikes=6  rate=6.00 Hz  time=22.06s
[trial 92/100] input_spikes: pn_exc=1757 vip_inh_bio=402 bg_exc=2393 bg_inh=751
[trial 92/100] spikes=4  rate=4.00 Hz  time=21.96s
[trial 93/100] input_spikes: pn_exc=1700 vip_inh_bio=373 bg_exc=2366 bg_inh=793
[trial 93/100] spikes=4  rate=4.00 Hz  time=22.17s
[trial 94/100] input_spikes: pn_exc=1763 vip_inh_bio=392 bg_exc=2500 bg_inh=754
[trial 94/100] spikes=2  rate=2.00 Hz  time=22.23s
[trial 95/100] input_spikes: pn_exc=1475 vip_inh_bio=345 bg_exc=1855 bg_inh=574
[trial 95/100] spikes=4  rate=4.00 Hz  time=21.53s
[trial 96/100] input_spikes: pn_exc=1735 vip_inh_bio=352 bg_exc=2226 bg_inh=679
[trial 96/100] spikes=4  rate=4.00 Hz  time=21.84s
[trial 97/100] input_spikes: pn_exc=1743 vip_inh_bio=371 bg_exc=2489 bg_inh=772
[trial 97/100] spikes=8  rate=8.00 Hz  time=22.24s
[trial 98/100] input_spikes: pn_exc=1400 vip_inh_bio=295 bg_exc=1787 bg_inh=549
[trial 98/100] spikes=2  rate=2.00 Hz  time=21.17s
[trial 99/100] input_spikes: pn_exc=1747 vip_inh_bio=378 bg_exc=2438 bg_inh=818
[trial 99/100] spikes=5  rate=5.00 Hz  time=22.14s
[trial 100/100] input_spikes: pn_exc=1688 vip_inh_bio=387 bg_exc=2412 bg_inh=739
[trial 100/100] spikes=1  rate=1.00 Hz  time=21.74s
save_plots single_plot warning: Top input panel: group list empty, auto-using all groups (4).
Results saved to /home/hrbncv/SCP/cells/SST/tunes/seg_tuned_all/output_data/slurm_42203/parts/slurm_42203_34/run_manifest.json
Total runtime: 2197.41s
