Running: /home/hrbncv/miniconda3/envs/BMTK-py311/bin/python /home/hrbncv/SCP/run_pipeline.py --tune-dir /home/hrbncv/SCP/cells/SST/tunes/seg_tuned --output-dir /home/hrbncv/SCP/cells/SST/tunes/seg_tuned/output_data/slurm_45349/parts --n-trials 20 --output-stem slurm_45349_31 --trial-offset 620 --force-save
Loaded mechanisms from /home/hrbncv/SCP/cells/SST/tunes/seg_tuned/modfiles/x86_64/.libs/libnrnmech.so
Loaded Allen cell for 'SST' from /home/hrbncv/SCP/cells/SST/tunes/seg_tuned/manifest.json, soma_diam_multiplier=10.0, Vinit=-65.0, loader=genome_fallback
Geometry defined for 'SST': 1 soma segs, 54 proximal dend segs, 52 distal dend segs, 115 total dend segs.
[trial 1/20] input_spikes: pn_exc=1688 bg_exc=2416 bg_inh=812
[trial 1/20] spikes=11  rate=11.00 Hz  time=21.99s
[trial 2/20] input_spikes: pn_exc=1786 bg_exc=2609 bg_inh=717
[trial 2/20] spikes=15  rate=15.00 Hz  time=22.21s
[trial 3/20] input_spikes: pn_exc=1835 bg_exc=2467 bg_inh=815
[trial 3/20] spikes=13  rate=13.00 Hz  time=22.05s
[trial 4/20] input_spikes: pn_exc=1685 bg_exc=2349 bg_inh=699
[trial 4/20] spikes=13  rate=13.00 Hz  time=21.82s
[trial 5/20] input_spikes: pn_exc=1762 bg_exc=2419 bg_inh=742
[trial 5/20] spikes=12  rate=12.00 Hz  time=22.02s
[trial 6/20] input_spikes: pn_exc=1815 bg_exc=2471 bg_inh=755
[trial 6/20] spikes=14  rate=14.00 Hz  time=21.94s
[trial 7/20] input_spikes: pn_exc=1754 bg_exc=2432 bg_inh=734
[trial 7/20] spikes=15  rate=15.00 Hz  time=21.91s
[trial 8/20] input_spikes: pn_exc=1534 bg_exc=1895 bg_inh=589
[trial 8/20] spikes=15  rate=15.00 Hz  time=21.32s
[trial 9/20] input_spikes: pn_exc=1813 bg_exc=2421 bg_inh=828
[trial 9/20] spikes=10  rate=10.00 Hz  time=22.00s
[trial 10/20] input_spikes: pn_exc=1806 bg_exc=2351 bg_inh=747
[trial 10/20] spikes=13  rate=13.00 Hz  time=21.95s
[trial 11/20] input_spikes: pn_exc=1670 bg_exc=2172 bg_inh=674
[trial 11/20] spikes=14  rate=14.00 Hz  time=21.76s
[trial 12/20] input_spikes: pn_exc=1689 bg_exc=2492 bg_inh=743
[trial 12/20] spikes=14  rate=14.00 Hz  time=22.00s
[trial 13/20] input_spikes: pn_exc=1455 bg_exc=1973 bg_inh=600
[trial 13/20] spikes=15  rate=15.00 Hz  time=21.22s
[trial 14/20] input_spikes: pn_exc=1590 bg_exc=2233 bg_inh=652
[trial 14/20] spikes=9  rate=9.00 Hz  time=21.55s
[trial 15/20] input_spikes: pn_exc=1643 bg_exc=2237 bg_inh=696
[trial 15/20] spikes=12  rate=12.00 Hz  time=21.65s
[trial 16/20] input_spikes: pn_exc=1660 bg_exc=2316 bg_inh=718
[trial 16/20] spikes=13  rate=13.00 Hz  time=21.89s
[trial 17/20] input_spikes: pn_exc=1444 bg_exc=1123 bg_inh=347
[trial 17/20] spikes=5  rate=5.00 Hz  time=20.85s
[trial 18/20] input_spikes: pn_exc=1634 bg_exc=2329 bg_inh=711
[trial 18/20] spikes=14  rate=14.00 Hz  time=21.70s
[trial 19/20] input_spikes: pn_exc=1556 bg_exc=1942 bg_inh=653
[trial 19/20] spikes=11  rate=11.00 Hz  time=21.44s
[trial 20/20] input_spikes: pn_exc=1667 bg_exc=2356 bg_inh=738
[trial 20/20] spikes=15  rate=15.00 Hz  time=21.73s
save_plots single_plot warning: Top input panel: group list empty, auto-using all groups (3).
Results saved to /home/hrbncv/SCP/cells/SST/tunes/seg_tuned/output_data/slurm_45349/parts/slurm_45349_31/run_manifest.json
Total runtime: 436.29s
