Running: python /home/hrbncv/SCP/run_pipeline.py --tune-dir /home/hrbncv/SCP/cells/SST/tunes/seg_tuned_all --output-dir /home/hrbncv/SCP/cells/SST/tunes/seg_tuned_all/output_data/slurm_39858/parts --n-trials 20 --output-stem slurm_39858_33 --trial-offset 660 --force-save
Loaded mechanisms from /home/hrbncv/SCP/cells/SST/tunes/seg_tuned_all/modfiles/x86_64/.libs/libnrnmech.so
Loaded Allen cell for 'SST' from /home/hrbncv/SCP/cells/SST/tunes/seg_tuned_all/manifest.json, soma_diam_multiplier=10.0, Vinit=-65.0, loader=genome_fallback
Geometry defined for 'SST': 1 soma segs, 54 proximal dend segs, 52 distal dend segs, 115 total dend segs.
[trial 1/20] input_spikes: pn_exc=1701 vip_inh_bio=65 bg_exc=2345 bg_inh=766
[trial 1/20] spikes=2  rate=2.00 Hz  time=21.75s
[trial 2/20] input_spikes: pn_exc=1625 vip_inh_bio=68 bg_exc=2120 bg_inh=627
[trial 2/20] spikes=5  rate=5.00 Hz  time=21.60s
[trial 3/20] input_spikes: pn_exc=1650 vip_inh_bio=61 bg_exc=2332 bg_inh=689
[trial 3/20] spikes=2  rate=2.00 Hz  time=21.66s
[trial 4/20] input_spikes: pn_exc=1542 vip_inh_bio=70 bg_exc=1972 bg_inh=662
[trial 4/20] spikes=1  rate=1.00 Hz  time=21.41s
[trial 5/20] input_spikes: pn_exc=1716 vip_inh_bio=76 bg_exc=2398 bg_inh=783
[trial 5/20] spikes=4  rate=4.00 Hz  time=21.84s
[trial 6/20] input_spikes: pn_exc=1693 vip_inh_bio=63 bg_exc=2390 bg_inh=785
[trial 6/20] spikes=7  rate=7.00 Hz  time=21.91s
[trial 7/20] input_spikes: pn_exc=1757 vip_inh_bio=63 bg_exc=2432 bg_inh=765
[trial 7/20] spikes=2  rate=2.00 Hz  time=21.84s
[trial 8/20] input_spikes: pn_exc=1849 vip_inh_bio=64 bg_exc=2489 bg_inh=799
[trial 8/20] spikes=4  rate=4.00 Hz  time=21.97s
[trial 9/20] input_spikes: pn_exc=1684 vip_inh_bio=65 bg_exc=2267 bg_inh=718
[trial 9/20] spikes=2  rate=2.00 Hz  time=21.77s
[trial 10/20] input_spikes: pn_exc=1708 vip_inh_bio=70 bg_exc=2435 bg_inh=853
[trial 10/20] spikes=2  rate=2.00 Hz  time=21.84s
[trial 11/20] input_spikes: pn_exc=1732 vip_inh_bio=69 bg_exc=2433 bg_inh=784
[trial 11/20] spikes=4  rate=4.00 Hz  time=21.78s
[trial 12/20] input_spikes: pn_exc=1723 vip_inh_bio=68 bg_exc=2439 bg_inh=783
[trial 12/20] spikes=2  rate=2.00 Hz  time=22.00s
[trial 13/20] input_spikes: pn_exc=1579 vip_inh_bio=57 bg_exc=2167 bg_inh=704
[trial 13/20] spikes=2  rate=2.00 Hz  time=21.60s
[trial 14/20] input_spikes: pn_exc=1765 vip_inh_bio=61 bg_exc=2411 bg_inh=688
[trial 14/20] spikes=5  rate=5.00 Hz  time=21.81s
[trial 15/20] input_spikes: pn_exc=1626 vip_inh_bio=63 bg_exc=2258 bg_inh=667
[trial 15/20] spikes=6  rate=6.00 Hz  time=21.62s
[trial 16/20] input_spikes: pn_exc=1665 vip_inh_bio=59 bg_exc=2245 bg_inh=702
[trial 16/20] spikes=6  rate=6.00 Hz  time=21.94s
[trial 17/20] input_spikes: pn_exc=1743 vip_inh_bio=53 bg_exc=2418 bg_inh=750
[trial 17/20] spikes=3  rate=3.00 Hz  time=22.27s
[trial 18/20] input_spikes: pn_exc=1680 vip_inh_bio=56 bg_exc=2371 bg_inh=761
[trial 18/20] spikes=3  rate=3.00 Hz  time=21.81s
[trial 19/20] input_spikes: pn_exc=1692 vip_inh_bio=59 bg_exc=2373 bg_inh=694
[trial 19/20] spikes=4  rate=4.00 Hz  time=21.62s
[trial 20/20] input_spikes: pn_exc=1707 vip_inh_bio=59 bg_exc=2251 bg_inh=714
[trial 20/20] spikes=2  rate=2.00 Hz  time=21.68s
save_plots single_plot warning: Top input panel: group list empty, auto-using all groups (4).
Results saved to /home/hrbncv/SCP/cells/SST/tunes/seg_tuned_all/output_data/slurm_39858/parts/slurm_39858_33/run_manifest.json
Total runtime: 437.18s
