Running: /home/hrbncv/miniconda3/envs/BMTK-py311/bin/python /home/hrbncv/SCP/run_pipeline.py --tune-dir /home/hrbncv/SCP/cells/SST/tunes/seg_tuned_all --output-dir /home/hrbncv/SCP/cells/SST/tunes/seg_tuned_all/output_data/slurm_42203/parts --n-trials 100 --output-stem slurm_42203_44 --trial-offset 4400 --force-save
Loaded mechanisms from /home/hrbncv/SCP/cells/SST/tunes/seg_tuned_all/modfiles/x86_64/.libs/libnrnmech.so
Loaded Allen cell for 'SST' from /home/hrbncv/SCP/cells/SST/tunes/seg_tuned_all/manifest.json, soma_diam_multiplier=10.0, Vinit=-65.0, loader=genome_fallback
Geometry defined for 'SST': 1 soma segs, 54 proximal dend segs, 52 distal dend segs, 115 total dend segs.
[trial 1/100] input_spikes: pn_exc=1572 vip_inh_bio=394 bg_exc=2089 bg_inh=683
[trial 1/100] spikes=4  rate=4.00 Hz  time=22.18s
[trial 2/100] input_spikes: pn_exc=1716 vip_inh_bio=389 bg_exc=2428 bg_inh=765
[trial 2/100] spikes=4  rate=4.00 Hz  time=22.95s
[trial 3/100] input_spikes: pn_exc=1746 vip_inh_bio=379 bg_exc=2393 bg_inh=746
[trial 3/100] spikes=4  rate=4.00 Hz  time=22.59s
[trial 4/100] input_spikes: pn_exc=1688 vip_inh_bio=366 bg_exc=2291 bg_inh=686
[trial 4/100] spikes=6  rate=6.00 Hz  time=22.60s
[trial 5/100] input_spikes: pn_exc=1690 vip_inh_bio=369 bg_exc=2403 bg_inh=737
[trial 5/100] spikes=4  rate=4.00 Hz  time=22.69s
[trial 6/100] input_spikes: pn_exc=1704 vip_inh_bio=349 bg_exc=2237 bg_inh=682
[trial 6/100] spikes=4  rate=4.00 Hz  time=22.65s
[trial 7/100] input_spikes: pn_exc=1699 vip_inh_bio=353 bg_exc=2483 bg_inh=695
[trial 7/100] spikes=6  rate=6.00 Hz  time=22.55s
[trial 8/100] input_spikes: pn_exc=1444 vip_inh_bio=326 bg_exc=1699 bg_inh=535
[trial 8/100] spikes=4  rate=4.00 Hz  time=21.96s
[trial 9/100] input_spikes: pn_exc=1429 vip_inh_bio=326 bg_exc=1780 bg_inh=581
[trial 9/100] spikes=6  rate=6.00 Hz  time=22.17s
[trial 10/100] input_spikes: pn_exc=1731 vip_inh_bio=391 bg_exc=2434 bg_inh=768
[trial 10/100] spikes=7  rate=7.00 Hz  time=22.77s
[trial 11/100] input_spikes: pn_exc=1746 vip_inh_bio=419 bg_exc=2468 bg_inh=746
[trial 11/100] spikes=4  rate=4.00 Hz  time=22.63s
[trial 12/100] input_spikes: pn_exc=1675 vip_inh_bio=401 bg_exc=2488 bg_inh=799
[trial 12/100] spikes=6  rate=6.00 Hz  time=22.91s
[trial 13/100] input_spikes: pn_exc=1687 vip_inh_bio=388 bg_exc=2486 bg_inh=781
[trial 13/100] spikes=4  rate=4.00 Hz  time=22.75s
[trial 14/100] input_spikes: pn_exc=1552 vip_inh_bio=307 bg_exc=1839 bg_inh=624
[trial 14/100] spikes=6  rate=6.00 Hz  time=22.30s
[trial 15/100] input_spikes: pn_exc=1678 vip_inh_bio=353 bg_exc=2461 bg_inh=774
[trial 15/100] spikes=4  rate=4.00 Hz  time=22.60s
[trial 16/100] input_spikes: pn_exc=1600 vip_inh_bio=344 bg_exc=2050 bg_inh=616
[trial 16/100] spikes=7  rate=7.00 Hz  time=22.70s
[trial 17/100] input_spikes: pn_exc=1725 vip_inh_bio=399 bg_exc=2513 bg_inh=782
[trial 17/100] spikes=5  rate=5.00 Hz  time=22.77s
[trial 18/100] input_spikes: pn_exc=1707 vip_inh_bio=378 bg_exc=2363 bg_inh=747
[trial 18/100] spikes=4  rate=4.00 Hz  time=22.98s
[trial 19/100] input_spikes: pn_exc=1752 vip_inh_bio=419 bg_exc=2439 bg_inh=753
[trial 19/100] spikes=4  rate=4.00 Hz  time=22.69s
[trial 20/100] input_spikes: pn_exc=1772 vip_inh_bio=353 bg_exc=2497 bg_inh=755
[trial 20/100] spikes=6  rate=6.00 Hz  time=23.17s
[trial 21/100] input_spikes: pn_exc=1683 vip_inh_bio=398 bg_exc=2500 bg_inh=802
[trial 21/100] spikes=4  rate=4.00 Hz  time=22.91s
[trial 22/100] input_spikes: pn_exc=1499 vip_inh_bio=376 bg_exc=1816 bg_inh=604
[trial 22/100] spikes=4  rate=4.00 Hz  time=22.41s
[trial 23/100] input_spikes: pn_exc=1708 vip_inh_bio=326 bg_exc=2393 bg_inh=777
[trial 23/100] spikes=4  rate=4.00 Hz  time=22.75s
[trial 24/100] input_spikes: pn_exc=1648 vip_inh_bio=360 bg_exc=2191 bg_inh=666
[trial 24/100] spikes=7  rate=7.00 Hz  time=22.60s
[trial 25/100] input_spikes: pn_exc=1531 vip_inh_bio=354 bg_exc=1812 bg_inh=551
[trial 25/100] spikes=0  rate=0.00 Hz  time=22.17s
[trial 26/100] input_spikes: pn_exc=1758 vip_inh_bio=359 bg_exc=2354 bg_inh=699
[trial 26/100] spikes=7  rate=7.00 Hz  time=22.88s
[trial 27/100] input_spikes: pn_exc=1665 vip_inh_bio=369 bg_exc=2411 bg_inh=711
[trial 27/100] spikes=4  rate=4.00 Hz  time=22.76s
[trial 28/100] input_spikes: pn_exc=1660 vip_inh_bio=382 bg_exc=2208 bg_inh=715
[trial 28/100] spikes=0  rate=0.00 Hz  time=22.64s
[trial 29/100] input_spikes: pn_exc=1709 vip_inh_bio=349 bg_exc=2336 bg_inh=743
[trial 29/100] spikes=2  rate=2.00 Hz  time=22.89s
[trial 30/100] input_spikes: pn_exc=1673 vip_inh_bio=377 bg_exc=2377 bg_inh=738
[trial 30/100] spikes=4  rate=4.00 Hz  time=22.76s
[trial 31/100] input_spikes: pn_exc=1692 vip_inh_bio=371 bg_exc=2406 bg_inh=770
[trial 31/100] spikes=5  rate=5.00 Hz  time=22.70s
[trial 32/100] input_spikes: pn_exc=1742 vip_inh_bio=347 bg_exc=2403 bg_inh=721
[trial 32/100] spikes=5  rate=5.00 Hz  time=22.84s
[trial 33/100] input_spikes: pn_exc=1673 vip_inh_bio=378 bg_exc=2230 bg_inh=671
[trial 33/100] spikes=5  rate=5.00 Hz  time=22.51s
[trial 34/100] input_spikes: pn_exc=1790 vip_inh_bio=326 bg_exc=2495 bg_inh=779
[trial 34/100] spikes=5  rate=5.00 Hz  time=23.28s
[trial 35/100] input_spikes: pn_exc=1622 vip_inh_bio=369 bg_exc=2119 bg_inh=646
[trial 35/100] spikes=4  rate=4.00 Hz  time=22.82s
[trial 36/100] input_spikes: pn_exc=1783 vip_inh_bio=377 bg_exc=2334 bg_inh=686
[trial 36/100] spikes=1  rate=1.00 Hz  time=23.32s
[trial 37/100] input_spikes: pn_exc=1705 vip_inh_bio=360 bg_exc=2387 bg_inh=729
[trial 37/100] spikes=6  rate=6.00 Hz  time=23.04s
[trial 38/100] input_spikes: pn_exc=1691 vip_inh_bio=370 bg_exc=2457 bg_inh=800
[trial 38/100] spikes=3  rate=3.00 Hz  time=23.29s
[trial 39/100] input_spikes: pn_exc=1659 vip_inh_bio=352 bg_exc=2375 bg_inh=737
[trial 39/100] spikes=6  rate=6.00 Hz  time=23.06s
[trial 40/100] input_spikes: pn_exc=1747 vip_inh_bio=356 bg_exc=2296 bg_inh=719
[trial 40/100] spikes=6  rate=6.00 Hz  time=22.90s
[trial 41/100] input_spikes: pn_exc=1648 vip_inh_bio=338 bg_exc=2125 bg_inh=683
[trial 41/100] spikes=1  rate=1.00 Hz  time=22.69s
[trial 42/100] input_spikes: pn_exc=1679 vip_inh_bio=358 bg_exc=2289 bg_inh=773
[trial 42/100] spikes=4  rate=4.00 Hz  time=22.97s
[trial 43/100] input_spikes: pn_exc=1720 vip_inh_bio=346 bg_exc=2252 bg_inh=768
[trial 43/100] spikes=4  rate=4.00 Hz  time=22.90s
[trial 44/100] input_spikes: pn_exc=1621 vip_inh_bio=328 bg_exc=2156 bg_inh=653
[trial 44/100] spikes=4  rate=4.00 Hz  time=22.62s
[trial 45/100] input_spikes: pn_exc=1654 vip_inh_bio=370 bg_exc=2391 bg_inh=741
[trial 45/100] spikes=1  rate=1.00 Hz  time=22.98s
[trial 46/100] input_spikes: pn_exc=1728 vip_inh_bio=408 bg_exc=2458 bg_inh=711
[trial 46/100] spikes=2  rate=2.00 Hz  time=23.34s
[trial 47/100] input_spikes: pn_exc=1729 vip_inh_bio=387 bg_exc=2501 bg_inh=755
[trial 47/100] spikes=5  rate=5.00 Hz  time=23.06s
[trial 48/100] input_spikes: pn_exc=1790 vip_inh_bio=390 bg_exc=2525 bg_inh=798
[trial 48/100] spikes=4  rate=4.00 Hz  time=23.31s
[trial 49/100] input_spikes: pn_exc=1698 vip_inh_bio=361 bg_exc=2228 bg_inh=756
[trial 49/100] spikes=6  rate=6.00 Hz  time=23.05s
[trial 50/100] input_spikes: pn_exc=1715 vip_inh_bio=364 bg_exc=2452 bg_inh=763
[trial 50/100] spikes=5  rate=5.00 Hz  time=23.17s
[trial 51/100] input_spikes: pn_exc=1719 vip_inh_bio=379 bg_exc=2380 bg_inh=794
[trial 51/100] spikes=0  rate=0.00 Hz  time=23.02s
[trial 52/100] input_spikes: pn_exc=1399 vip_inh_bio=311 bg_exc=1780 bg_inh=603
[trial 52/100] spikes=3  rate=3.00 Hz  time=22.49s
[trial 53/100] input_spikes: pn_exc=1660 vip_inh_bio=375 bg_exc=2299 bg_inh=763
[trial 53/100] spikes=5  rate=5.00 Hz  time=22.96s
[trial 54/100] input_spikes: pn_exc=1722 vip_inh_bio=367 bg_exc=2465 bg_inh=730
[trial 54/100] spikes=6  rate=6.00 Hz  time=23.02s
[trial 55/100] input_spikes: pn_exc=1737 vip_inh_bio=343 bg_exc=2444 bg_inh=793
[trial 55/100] spikes=3  rate=3.00 Hz  time=22.90s
[trial 56/100] input_spikes: pn_exc=1762 vip_inh_bio=376 bg_exc=2549 bg_inh=796
[trial 56/100] spikes=2  rate=2.00 Hz  time=23.44s
[trial 57/100] input_spikes: pn_exc=1671 vip_inh_bio=386 bg_exc=2394 bg_inh=810
[trial 57/100] spikes=3  rate=3.00 Hz  time=23.05s
[trial 58/100] input_spikes: pn_exc=1681 vip_inh_bio=373 bg_exc=2262 bg_inh=675
[trial 58/100] spikes=4  rate=4.00 Hz  time=22.98s
[trial 59/100] input_spikes: pn_exc=1795 vip_inh_bio=378 bg_exc=2484 bg_inh=756
[trial 59/100] spikes=3  rate=3.00 Hz  time=23.18s
[trial 60/100] input_spikes: pn_exc=1722 vip_inh_bio=354 bg_exc=2442 bg_inh=805
[trial 60/100] spikes=5  rate=5.00 Hz  time=23.14s
[trial 61/100] input_spikes: pn_exc=1669 vip_inh_bio=389 bg_exc=2325 bg_inh=719
[trial 61/100] spikes=3  rate=3.00 Hz  time=22.89s
[trial 62/100] input_spikes: pn_exc=1634 vip_inh_bio=368 bg_exc=2281 bg_inh=756
[trial 62/100] spikes=3  rate=3.00 Hz  time=23.35s
[trial 63/100] input_spikes: pn_exc=1554 vip_inh_bio=346 bg_exc=1957 bg_inh=558
[trial 63/100] spikes=1  rate=1.00 Hz  time=22.73s
[trial 64/100] input_spikes: pn_exc=1663 vip_inh_bio=406 bg_exc=2405 bg_inh=718
[trial 64/100] spikes=4  rate=4.00 Hz  time=23.17s
[trial 65/100] input_spikes: pn_exc=1704 vip_inh_bio=387 bg_exc=2410 bg_inh=738
[trial 65/100] spikes=5  rate=5.00 Hz  time=22.99s
[trial 66/100] input_spikes: pn_exc=1656 vip_inh_bio=357 bg_exc=2409 bg_inh=734
[trial 66/100] spikes=4  rate=4.00 Hz  time=23.11s
[trial 67/100] input_spikes: pn_exc=1749 vip_inh_bio=354 bg_exc=2427 bg_inh=818
[trial 67/100] spikes=4  rate=4.00 Hz  time=23.19s
[trial 68/100] input_spikes: pn_exc=1716 vip_inh_bio=357 bg_exc=2412 bg_inh=774
[trial 68/100] spikes=4  rate=4.00 Hz  time=23.30s
[trial 69/100] input_spikes: pn_exc=1697 vip_inh_bio=374 bg_exc=2564 bg_inh=751
[trial 69/100] spikes=3  rate=3.00 Hz  time=23.21s
[trial 70/100] input_spikes: pn_exc=1635 vip_inh_bio=363 bg_exc=2266 bg_inh=679
[trial 70/100] spikes=1  rate=1.00 Hz  time=22.97s
[trial 71/100] input_spikes: pn_exc=1692 vip_inh_bio=378 bg_exc=2418 bg_inh=753
[trial 71/100] spikes=4  rate=4.00 Hz  time=23.12s
[trial 72/100] input_spikes: pn_exc=1726 vip_inh_bio=376 bg_exc=2464 bg_inh=764
[trial 72/100] spikes=4  rate=4.00 Hz  time=22.98s
[trial 73/100] input_spikes: pn_exc=1455 vip_inh_bio=320 bg_exc=1233 bg_inh=342
[trial 73/100] spikes=2  rate=2.00 Hz  time=21.76s
[trial 74/100] input_spikes: pn_exc=1762 vip_inh_bio=390 bg_exc=2491 bg_inh=788
[trial 74/100] spikes=5  rate=5.00 Hz  time=23.28s
[trial 75/100] input_spikes: pn_exc=1740 vip_inh_bio=345 bg_exc=2448 bg_inh=726
[trial 75/100] spikes=2  rate=2.00 Hz  time=22.89s
[trial 76/100] input_spikes: pn_exc=1634 vip_inh_bio=350 bg_exc=2296 bg_inh=753
[trial 76/100] spikes=5  rate=5.00 Hz  time=22.99s
[trial 77/100] input_spikes: pn_exc=1701 vip_inh_bio=368 bg_exc=2236 bg_inh=681
[trial 77/100] spikes=7  rate=7.00 Hz  time=22.84s
[trial 78/100] input_spikes: pn_exc=1707 vip_inh_bio=334 bg_exc=2384 bg_inh=791
[trial 78/100] spikes=4  rate=4.00 Hz  time=22.96s
[trial 79/100] input_spikes: pn_exc=1469 vip_inh_bio=302 bg_exc=1556 bg_inh=495
[trial 79/100] spikes=5  rate=5.00 Hz  time=22.09s
[trial 80/100] input_spikes: pn_exc=1708 vip_inh_bio=365 bg_exc=2164 bg_inh=702
[trial 80/100] spikes=7  rate=7.00 Hz  time=22.71s
[trial 81/100] input_spikes: pn_exc=1652 vip_inh_bio=370 bg_exc=2449 bg_inh=675
[trial 81/100] spikes=2  rate=2.00 Hz  time=22.86s
[trial 82/100] input_spikes: pn_exc=1636 vip_inh_bio=375 bg_exc=2368 bg_inh=737
[trial 82/100] spikes=4  rate=4.00 Hz  time=23.03s
[trial 83/100] input_spikes: pn_exc=1657 vip_inh_bio=346 bg_exc=2185 bg_inh=701
[trial 83/100] spikes=3  rate=3.00 Hz  time=22.51s
[trial 84/100] input_spikes: pn_exc=1612 vip_inh_bio=373 bg_exc=2186 bg_inh=694
[trial 84/100] spikes=4  rate=4.00 Hz  time=22.97s
[trial 85/100] input_spikes: pn_exc=1749 vip_inh_bio=376 bg_exc=2440 bg_inh=712
[trial 85/100] spikes=6  rate=6.00 Hz  time=23.05s
[trial 86/100] input_spikes: pn_exc=1667 vip_inh_bio=343 bg_exc=2259 bg_inh=793
[trial 86/100] spikes=6  rate=6.00 Hz  time=23.04s
[trial 87/100] input_spikes: pn_exc=1613 vip_inh_bio=374 bg_exc=2263 bg_inh=709
[trial 87/100] spikes=7  rate=7.00 Hz  time=22.70s
[trial 88/100] input_spikes: pn_exc=1531 vip_inh_bio=352 bg_exc=2115 bg_inh=663
[trial 88/100] spikes=5  rate=5.00 Hz  time=22.72s
[trial 89/100] input_spikes: pn_exc=1601 vip_inh_bio=359 bg_exc=2158 bg_inh=661
[trial 89/100] spikes=4  rate=4.00 Hz  time=22.88s
[trial 90/100] input_spikes: pn_exc=1746 vip_inh_bio=409 bg_exc=2444 bg_inh=751
[trial 90/100] spikes=4  rate=4.00 Hz  time=23.04s
[trial 91/100] input_spikes: pn_exc=1599 vip_inh_bio=357 bg_exc=2197 bg_inh=709
[trial 91/100] spikes=3  rate=3.00 Hz  time=22.68s
[trial 92/100] input_spikes: pn_exc=1698 vip_inh_bio=398 bg_exc=2396 bg_inh=785
[trial 92/100] spikes=5  rate=5.00 Hz  time=23.17s
[trial 93/100] input_spikes: pn_exc=1673 vip_inh_bio=351 bg_exc=2443 bg_inh=757
[trial 93/100] spikes=7  rate=7.00 Hz  time=23.10s
[trial 94/100] input_spikes: pn_exc=1690 vip_inh_bio=401 bg_exc=2380 bg_inh=777
[trial 94/100] spikes=5  rate=5.00 Hz  time=23.18s
[trial 95/100] input_spikes: pn_exc=1502 vip_inh_bio=327 bg_exc=1799 bg_inh=583
[trial 95/100] spikes=2  rate=2.00 Hz  time=22.19s
[trial 96/100] input_spikes: pn_exc=1787 vip_inh_bio=385 bg_exc=2436 bg_inh=739
[trial 96/100] spikes=3  rate=3.00 Hz  time=22.69s
[trial 97/100] input_spikes: pn_exc=1609 vip_inh_bio=354 bg_exc=2100 bg_inh=671
[trial 97/100] spikes=3  rate=3.00 Hz  time=21.26s
[trial 98/100] input_spikes: pn_exc=1473 vip_inh_bio=334 bg_exc=1301 bg_inh=364
[trial 98/100] spikes=1  rate=1.00 Hz  time=20.40s
[trial 99/100] input_spikes: pn_exc=1787 vip_inh_bio=381 bg_exc=2432 bg_inh=761
[trial 99/100] spikes=4  rate=4.00 Hz  time=21.00s
[trial 100/100] input_spikes: pn_exc=1633 vip_inh_bio=365 bg_exc=2237 bg_inh=702
[trial 100/100] spikes=4  rate=4.00 Hz  time=20.03s
save_plots single_plot warning: Top input panel: group list empty, auto-using all groups (4).
Results saved to /home/hrbncv/SCP/cells/SST/tunes/seg_tuned_all/output_data/slurm_42203/parts/slurm_42203_44/run_manifest.json
Total runtime: 2278.74s
