Running: python /home/hrbncv/SCP/run_pipeline.py --tune-dir /home/hrbncv/SCP/cells/SST/tunes/seg_tuned_all --output-dir /home/hrbncv/SCP/cells/SST/tunes/seg_tuned_all/output_data/slurm_29750/parts --n-trials 40 --output-stem slurm_29750_22 --trial-offset 880 --force-save
Loaded mechanisms from /home/hrbncv/SCP/cells/SST/tunes/seg_tuned_all/modfiles/x86_64/.libs/libnrnmech.so
Loaded Allen cell for 'SST' from /home/hrbncv/SCP/cells/SST/tunes/seg_tuned_all/manifest.json, soma_diam_multiplier=10.0, Vinit=-65.0, loader=genome_fallback
Geometry defined for 'SST': 1 soma segs, 54 proximal dend segs, 52 distal dend segs, 115 total dend segs.
[trial 1/40] input_spikes: pn_exc=1593 bg_exc=2947 bg_inh=411
[trial 1/40] spikes=5  rate=4.17 Hz  time=23.79s
[trial 2/40] input_spikes: pn_exc=1482 bg_exc=2793 bg_inh=429
[trial 2/40] spikes=4  rate=3.33 Hz  time=23.83s
[trial 3/40] input_spikes: pn_exc=1387 bg_exc=2343 bg_inh=352
[trial 3/40] spikes=7  rate=5.83 Hz  time=23.73s
[trial 4/40] input_spikes: pn_exc=1602 bg_exc=2803 bg_inh=424
[trial 4/40] spikes=7  rate=5.83 Hz  time=23.89s
[trial 5/40] input_spikes: pn_exc=1619 bg_exc=2983 bg_inh=449
[trial 5/40] spikes=3  rate=2.50 Hz  time=23.86s
[trial 6/40] input_spikes: pn_exc=1625 bg_exc=2965 bg_inh=430
[trial 6/40] spikes=5  rate=4.17 Hz  time=23.70s
[trial 7/40] input_spikes: pn_exc=1525 bg_exc=2800 bg_inh=435
[trial 7/40] spikes=4  rate=3.33 Hz  time=23.88s
[trial 8/40] input_spikes: pn_exc=1531 bg_exc=2735 bg_inh=449
[trial 8/40] spikes=3  rate=2.50 Hz  time=24.04s
[trial 9/40] input_spikes: pn_exc=1602 bg_exc=2927 bg_inh=488
[trial 9/40] spikes=4  rate=3.33 Hz  time=23.95s
[trial 10/40] input_spikes: pn_exc=1513 bg_exc=2734 bg_inh=439
[trial 10/40] spikes=3  rate=2.50 Hz  time=23.66s
[trial 11/40] input_spikes: pn_exc=1251 bg_exc=1929 bg_inh=308
[trial 11/40] spikes=3  rate=2.50 Hz  time=23.68s
[trial 12/40] input_spikes: pn_exc=1524 bg_exc=2960 bg_inh=482
[trial 12/40] spikes=2  rate=1.67 Hz  time=23.76s
[trial 13/40] input_spikes: pn_exc=1449 bg_exc=2628 bg_inh=412
[trial 13/40] spikes=3  rate=2.50 Hz  time=23.87s
[trial 14/40] input_spikes: pn_exc=1575 bg_exc=3027 bg_inh=444
[trial 14/40] spikes=6  rate=5.00 Hz  time=23.74s
[trial 15/40] input_spikes: pn_exc=1651 bg_exc=3034 bg_inh=444
[trial 15/40] spikes=4  rate=3.33 Hz  time=23.85s
[trial 16/40] input_spikes: pn_exc=1636 bg_exc=2845 bg_inh=510
[trial 16/40] spikes=3  rate=2.50 Hz  time=23.90s
[trial 17/40] input_spikes: pn_exc=1552 bg_exc=2982 bg_inh=478
[trial 17/40] spikes=3  rate=2.50 Hz  time=23.97s
[trial 18/40] input_spikes: pn_exc=1578 bg_exc=3053 bg_inh=474
[trial 18/40] spikes=4  rate=3.33 Hz  time=23.82s
[trial 19/40] input_spikes: pn_exc=1580 bg_exc=2845 bg_inh=429
[trial 19/40] spikes=3  rate=2.50 Hz  time=23.86s
[trial 20/40] input_spikes: pn_exc=1559 bg_exc=2958 bg_inh=486
[trial 20/40] spikes=2  rate=1.67 Hz  time=23.82s
[trial 21/40] input_spikes: pn_exc=1421 bg_exc=2395 bg_inh=375
[trial 21/40] spikes=3  rate=2.50 Hz  time=23.85s
[trial 22/40] input_spikes: pn_exc=1552 bg_exc=2728 bg_inh=444
[trial 22/40] spikes=2  rate=1.67 Hz  time=23.85s
[trial 23/40] input_spikes: pn_exc=1460 bg_exc=2545 bg_inh=385
[trial 23/40] spikes=5  rate=4.17 Hz  time=23.82s
[trial 24/40] input_spikes: pn_exc=1588 bg_exc=2959 bg_inh=414
[trial 24/40] spikes=5  rate=4.17 Hz  time=23.81s
[trial 25/40] input_spikes: pn_exc=1507 bg_exc=2773 bg_inh=477
[trial 25/40] spikes=4  rate=3.33 Hz  time=23.84s
[trial 26/40] input_spikes: pn_exc=1463 bg_exc=2497 bg_inh=432
[trial 26/40] spikes=3  rate=2.50 Hz  time=23.77s
[trial 27/40] input_spikes: pn_exc=1407 bg_exc=2279 bg_inh=409
[trial 27/40] spikes=2  rate=1.67 Hz  time=23.80s
[trial 28/40] input_spikes: pn_exc=1627 bg_exc=2968 bg_inh=476
[trial 28/40] spikes=3  rate=2.50 Hz  time=23.76s
[trial 29/40] input_spikes: pn_exc=1453 bg_exc=2345 bg_inh=402
[trial 29/40] spikes=4  rate=3.33 Hz  time=23.79s
[trial 30/40] input_spikes: pn_exc=1554 bg_exc=3048 bg_inh=497
[trial 30/40] spikes=1  rate=0.83 Hz  time=23.85s
[trial 31/40] input_spikes: pn_exc=1535 bg_exc=2898 bg_inh=426
[trial 31/40] spikes=3  rate=2.50 Hz  time=24.01s
[trial 32/40] input_spikes: pn_exc=1594 bg_exc=2997 bg_inh=469
[trial 32/40] spikes=5  rate=4.17 Hz  time=23.95s
[trial 33/40] input_spikes: pn_exc=1517 bg_exc=2762 bg_inh=421
[trial 33/40] spikes=2  rate=1.67 Hz  time=23.90s
[trial 34/40] input_spikes: pn_exc=1561 bg_exc=2876 bg_inh=460
[trial 34/40] spikes=5  rate=4.17 Hz  time=23.86s
[trial 35/40] input_spikes: pn_exc=1604 bg_exc=2856 bg_inh=417
[trial 35/40] spikes=6  rate=5.00 Hz  time=24.08s
[trial 36/40] input_spikes: pn_exc=1569 bg_exc=2887 bg_inh=445
[trial 36/40] spikes=5  rate=4.17 Hz  time=23.98s
[trial 37/40] input_spikes: pn_exc=1657 bg_exc=3016 bg_inh=462
[trial 37/40] spikes=3  rate=2.50 Hz  time=24.29s
[trial 38/40] input_spikes: pn_exc=1456 bg_exc=2716 bg_inh=422
[trial 38/40] spikes=4  rate=3.33 Hz  time=24.30s
[trial 39/40] input_spikes: pn_exc=1438 bg_exc=2425 bg_inh=370
[trial 39/40] spikes=4  rate=3.33 Hz  time=24.36s
[trial 40/40] input_spikes: pn_exc=1537 bg_exc=2810 bg_inh=465
[trial 40/40] spikes=2  rate=1.67 Hz  time=23.96s
Results saved to /home/hrbncv/SCP/cells/SST/tunes/seg_tuned_all/output_data/slurm_29750/parts/slurm_29750_22/run_manifest.json
Total runtime: 955.70s
