Running: python /home/hrbncv/SCP/run_pipeline.py --tune-dir /home/hrbncv/SCP/cells/SST/tunes/seg_tuned_all --output-dir /home/hrbncv/SCP/cells/SST/tunes/seg_tuned_all/output_data/slurm_29750/parts --n-trials 40 --output-stem slurm_29750_11 --trial-offset 440 --force-save
Loaded mechanisms from /home/hrbncv/SCP/cells/SST/tunes/seg_tuned_all/modfiles/x86_64/.libs/libnrnmech.so
Loaded Allen cell for 'SST' from /home/hrbncv/SCP/cells/SST/tunes/seg_tuned_all/manifest.json, soma_diam_multiplier=10.0, Vinit=-65.0, loader=genome_fallback
Geometry defined for 'SST': 1 soma segs, 54 proximal dend segs, 52 distal dend segs, 115 total dend segs.
[trial 1/40] input_spikes: pn_exc=1592 bg_exc=2911 bg_inh=435
[trial 1/40] spikes=3  rate=2.50 Hz  time=23.79s
[trial 2/40] input_spikes: pn_exc=1562 bg_exc=2845 bg_inh=429
[trial 2/40] spikes=2  rate=1.67 Hz  time=23.74s
[trial 3/40] input_spikes: pn_exc=1371 bg_exc=2298 bg_inh=389
[trial 3/40] spikes=4  rate=3.33 Hz  time=23.70s
[trial 4/40] input_spikes: pn_exc=1650 bg_exc=2787 bg_inh=452
[trial 4/40] spikes=5  rate=4.17 Hz  time=24.14s
[trial 5/40] input_spikes: pn_exc=1546 bg_exc=2935 bg_inh=429
[trial 5/40] spikes=5  rate=4.17 Hz  time=23.49s
[trial 6/40] input_spikes: pn_exc=1567 bg_exc=2906 bg_inh=451
[trial 6/40] spikes=4  rate=3.33 Hz  time=23.44s
[trial 7/40] input_spikes: pn_exc=1712 bg_exc=2949 bg_inh=446
[trial 7/40] spikes=4  rate=3.33 Hz  time=23.44s
[trial 8/40] input_spikes: pn_exc=1485 bg_exc=2754 bg_inh=408
[trial 8/40] spikes=5  rate=4.17 Hz  time=23.64s
[trial 9/40] input_spikes: pn_exc=1609 bg_exc=2795 bg_inh=411
[trial 9/40] spikes=6  rate=5.00 Hz  time=23.51s
[trial 10/40] input_spikes: pn_exc=1699 bg_exc=2908 bg_inh=434
[trial 10/40] spikes=5  rate=4.17 Hz  time=23.40s
[trial 11/40] input_spikes: pn_exc=1658 bg_exc=2943 bg_inh=491
[trial 11/40] spikes=5  rate=4.17 Hz  time=23.53s
[trial 12/40] input_spikes: pn_exc=1558 bg_exc=2916 bg_inh=510
[trial 12/40] spikes=2  rate=1.67 Hz  time=23.36s
[trial 13/40] input_spikes: pn_exc=1597 bg_exc=2960 bg_inh=444
[trial 13/40] spikes=5  rate=4.17 Hz  time=23.52s
[trial 14/40] input_spikes: pn_exc=1618 bg_exc=2851 bg_inh=420
[trial 14/40] spikes=3  rate=2.50 Hz  time=23.28s
[trial 15/40] input_spikes: pn_exc=1240 bg_exc=1989 bg_inh=274
[trial 15/40] spikes=5  rate=4.17 Hz  time=23.26s
[trial 16/40] input_spikes: pn_exc=1594 bg_exc=2970 bg_inh=425
[trial 16/40] spikes=5  rate=4.17 Hz  time=23.40s
[trial 17/40] input_spikes: pn_exc=1622 bg_exc=2827 bg_inh=425
[trial 17/40] spikes=5  rate=4.17 Hz  time=23.42s
[trial 18/40] input_spikes: pn_exc=1589 bg_exc=2916 bg_inh=475
[trial 18/40] spikes=3  rate=2.50 Hz  time=23.30s
[trial 19/40] input_spikes: pn_exc=1552 bg_exc=2806 bg_inh=412
[trial 19/40] spikes=4  rate=3.33 Hz  time=23.40s
[trial 20/40] input_spikes: pn_exc=1580 bg_exc=2880 bg_inh=443
[trial 20/40] spikes=3  rate=2.50 Hz  time=23.32s
[trial 21/40] input_spikes: pn_exc=1499 bg_exc=2679 bg_inh=413
[trial 21/40] spikes=3  rate=2.50 Hz  time=23.40s
[trial 22/40] input_spikes: pn_exc=1594 bg_exc=2949 bg_inh=417
[trial 22/40] spikes=4  rate=3.33 Hz  time=23.26s
[trial 23/40] input_spikes: pn_exc=1403 bg_exc=2454 bg_inh=377
[trial 23/40] spikes=3  rate=2.50 Hz  time=23.36s
[trial 24/40] input_spikes: pn_exc=1389 bg_exc=2400 bg_inh=389
[trial 24/40] spikes=4  rate=3.33 Hz  time=23.26s
[trial 25/40] input_spikes: pn_exc=1595 bg_exc=2771 bg_inh=418
[trial 25/40] spikes=5  rate=4.17 Hz  time=23.40s
[trial 26/40] input_spikes: pn_exc=1590 bg_exc=2879 bg_inh=456
[trial 26/40] spikes=5  rate=4.17 Hz  time=23.37s
[trial 27/40] input_spikes: pn_exc=1579 bg_exc=3052 bg_inh=491
[trial 27/40] spikes=2  rate=1.67 Hz  time=23.38s
[trial 28/40] input_spikes: pn_exc=1591 bg_exc=2933 bg_inh=440
[trial 28/40] spikes=5  rate=4.17 Hz  time=23.47s
[trial 29/40] input_spikes: pn_exc=1210 bg_exc=1434 bg_inh=220
[trial 29/40] spikes=3  rate=2.50 Hz  time=23.26s
[trial 30/40] input_spikes: pn_exc=1661 bg_exc=2898 bg_inh=466
[trial 30/40] spikes=3  rate=2.50 Hz  time=23.23s
[trial 31/40] input_spikes: pn_exc=1720 bg_exc=3006 bg_inh=494
[trial 31/40] spikes=4  rate=3.33 Hz  time=23.41s
[trial 32/40] input_spikes: pn_exc=1569 bg_exc=2734 bg_inh=422
[trial 32/40] spikes=5  rate=4.17 Hz  time=23.34s
[trial 33/40] input_spikes: pn_exc=1634 bg_exc=2944 bg_inh=493
[trial 33/40] spikes=3  rate=2.50 Hz  time=23.48s
[trial 34/40] input_spikes: pn_exc=1583 bg_exc=2861 bg_inh=423
[trial 34/40] spikes=5  rate=4.17 Hz  time=23.39s
[trial 35/40] input_spikes: pn_exc=1593 bg_exc=2875 bg_inh=428
[trial 35/40] spikes=3  rate=2.50 Hz  time=23.54s
[trial 36/40] input_spikes: pn_exc=1597 bg_exc=2882 bg_inh=452
[trial 36/40] spikes=5  rate=4.17 Hz  time=23.27s
[trial 37/40] input_spikes: pn_exc=1630 bg_exc=2961 bg_inh=469
[trial 37/40] spikes=5  rate=4.17 Hz  time=23.41s
[trial 38/40] input_spikes: pn_exc=1571 bg_exc=2857 bg_inh=467
[trial 38/40] spikes=3  rate=2.50 Hz  time=23.44s
[trial 39/40] input_spikes: pn_exc=1583 bg_exc=3014 bg_inh=480
[trial 39/40] spikes=5  rate=4.17 Hz  time=23.43s
[trial 40/40] input_spikes: pn_exc=1389 bg_exc=2153 bg_inh=349
[trial 40/40] spikes=5  rate=4.17 Hz  time=23.18s
Results saved to /home/hrbncv/SCP/cells/SST/tunes/seg_tuned_all/output_data/slurm_29750/parts/slurm_29750_11/run_manifest.json
Total runtime: 937.68s
