Running: python /home/hrbncv/SCP/run_pipeline.py --tune-dir /home/hrbncv/SCP/cells/SST/tunes/seg_tuned_all --output-dir /home/hrbncv/SCP/cells/SST/tunes/seg_tuned_all/output_data/slurm_29750/parts --n-trials 40 --output-stem slurm_29750_18 --trial-offset 720 --force-save
Loaded mechanisms from /home/hrbncv/SCP/cells/SST/tunes/seg_tuned_all/modfiles/x86_64/.libs/libnrnmech.so
Loaded Allen cell for 'SST' from /home/hrbncv/SCP/cells/SST/tunes/seg_tuned_all/manifest.json, soma_diam_multiplier=10.0, Vinit=-65.0, loader=genome_fallback
Geometry defined for 'SST': 1 soma segs, 54 proximal dend segs, 52 distal dend segs, 115 total dend segs.
[trial 1/40] input_spikes: pn_exc=1673 bg_exc=2976 bg_inh=459
[trial 1/40] spikes=5  rate=4.17 Hz  time=23.37s
[trial 2/40] input_spikes: pn_exc=1623 bg_exc=2983 bg_inh=471
[trial 2/40] spikes=4  rate=3.33 Hz  time=23.32s
[trial 3/40] input_spikes: pn_exc=1518 bg_exc=2494 bg_inh=388
[trial 3/40] spikes=6  rate=5.00 Hz  time=23.44s
[trial 4/40] input_spikes: pn_exc=1489 bg_exc=2640 bg_inh=431
[trial 4/40] spikes=3  rate=2.50 Hz  time=23.26s
[trial 5/40] input_spikes: pn_exc=1594 bg_exc=3028 bg_inh=429
[trial 5/40] spikes=6  rate=5.00 Hz  time=23.82s
[trial 6/40] input_spikes: pn_exc=1605 bg_exc=2836 bg_inh=465
[trial 6/40] spikes=3  rate=2.50 Hz  time=23.68s
[trial 7/40] input_spikes: pn_exc=1514 bg_exc=2807 bg_inh=440
[trial 7/40] spikes=4  rate=3.33 Hz  time=23.79s
[trial 8/40] input_spikes: pn_exc=1416 bg_exc=2485 bg_inh=389
[trial 8/40] spikes=4  rate=3.33 Hz  time=23.71s
[trial 9/40] input_spikes: pn_exc=1544 bg_exc=2680 bg_inh=430
[trial 9/40] spikes=4  rate=3.33 Hz  time=23.96s
[trial 10/40] input_spikes: pn_exc=1512 bg_exc=2858 bg_inh=420
[trial 10/40] spikes=5  rate=4.17 Hz  time=23.84s
[trial 11/40] input_spikes: pn_exc=1647 bg_exc=2914 bg_inh=438
[trial 11/40] spikes=5  rate=4.17 Hz  time=24.08s
[trial 12/40] input_spikes: pn_exc=1598 bg_exc=2875 bg_inh=460
[trial 12/40] spikes=5  rate=4.17 Hz  time=23.67s
[trial 13/40] input_spikes: pn_exc=1571 bg_exc=2900 bg_inh=454
[trial 13/40] spikes=5  rate=4.17 Hz  time=24.38s
[trial 14/40] input_spikes: pn_exc=1554 bg_exc=2962 bg_inh=476
[trial 14/40] spikes=5  rate=4.17 Hz  time=24.13s
[trial 15/40] input_spikes: pn_exc=1610 bg_exc=2809 bg_inh=423
[trial 15/40] spikes=2  rate=1.67 Hz  time=24.16s
[trial 16/40] input_spikes: pn_exc=1578 bg_exc=2946 bg_inh=462
[trial 16/40] spikes=3  rate=2.50 Hz  time=24.01s
[trial 17/40] input_spikes: pn_exc=1587 bg_exc=2866 bg_inh=439
[trial 17/40] spikes=4  rate=3.33 Hz  time=23.94s
[trial 18/40] input_spikes: pn_exc=1571 bg_exc=2855 bg_inh=424
[trial 18/40] spikes=7  rate=5.83 Hz  time=24.13s
[trial 19/40] input_spikes: pn_exc=1585 bg_exc=2814 bg_inh=454
[trial 19/40] spikes=4  rate=3.33 Hz  time=24.26s
[trial 20/40] input_spikes: pn_exc=1568 bg_exc=2926 bg_inh=437
[trial 20/40] spikes=3  rate=2.50 Hz  time=24.07s
[trial 21/40] input_spikes: pn_exc=1560 bg_exc=2697 bg_inh=462
[trial 21/40] spikes=4  rate=3.33 Hz  time=24.10s
[trial 22/40] input_spikes: pn_exc=1596 bg_exc=3054 bg_inh=488
[trial 22/40] spikes=3  rate=2.50 Hz  time=23.77s
[trial 23/40] input_spikes: pn_exc=1632 bg_exc=3075 bg_inh=415
[trial 23/40] spikes=4  rate=3.33 Hz  time=24.06s
[trial 24/40] input_spikes: pn_exc=1630 bg_exc=3026 bg_inh=420
[trial 24/40] spikes=6  rate=5.00 Hz  time=24.16s
[trial 25/40] input_spikes: pn_exc=1575 bg_exc=2839 bg_inh=451
[trial 25/40] spikes=4  rate=3.33 Hz  time=23.96s
[trial 26/40] input_spikes: pn_exc=1581 bg_exc=2756 bg_inh=407
[trial 26/40] spikes=5  rate=4.17 Hz  time=24.14s
[trial 27/40] input_spikes: pn_exc=1646 bg_exc=2819 bg_inh=450
[trial 27/40] spikes=4  rate=3.33 Hz  time=24.25s
[trial 28/40] input_spikes: pn_exc=1627 bg_exc=2986 bg_inh=451
[trial 28/40] spikes=7  rate=5.83 Hz  time=24.02s
[trial 29/40] input_spikes: pn_exc=1582 bg_exc=3047 bg_inh=445
[trial 29/40] spikes=3  rate=2.50 Hz  time=23.86s
[trial 30/40] input_spikes: pn_exc=1659 bg_exc=2928 bg_inh=503
[trial 30/40] spikes=3  rate=2.50 Hz  time=23.79s
[trial 31/40] input_spikes: pn_exc=1574 bg_exc=2738 bg_inh=429
[trial 31/40] spikes=5  rate=4.17 Hz  time=23.87s
[trial 32/40] input_spikes: pn_exc=1615 bg_exc=2929 bg_inh=476
[trial 32/40] spikes=5  rate=4.17 Hz  time=23.66s
[trial 33/40] input_spikes: pn_exc=1556 bg_exc=2785 bg_inh=463
[trial 33/40] spikes=1  rate=0.83 Hz  time=23.80s
[trial 34/40] input_spikes: pn_exc=1581 bg_exc=2865 bg_inh=476
[trial 34/40] spikes=3  rate=2.50 Hz  time=23.70s
[trial 35/40] input_spikes: pn_exc=1396 bg_exc=2393 bg_inh=368
[trial 35/40] spikes=5  rate=4.17 Hz  time=23.77s
[trial 36/40] input_spikes: pn_exc=1593 bg_exc=2969 bg_inh=421
[trial 36/40] spikes=5  rate=4.17 Hz  time=23.80s
[trial 37/40] input_spikes: pn_exc=1616 bg_exc=2902 bg_inh=421
[trial 37/40] spikes=4  rate=3.33 Hz  time=24.00s
[trial 38/40] input_spikes: pn_exc=1504 bg_exc=2870 bg_inh=485
[trial 38/40] spikes=4  rate=3.33 Hz  time=23.75s
[trial 39/40] input_spikes: pn_exc=1633 bg_exc=2854 bg_inh=462
[trial 39/40] spikes=3  rate=2.50 Hz  time=23.79s
[trial 40/40] input_spikes: pn_exc=1597 bg_exc=2778 bg_inh=433
[trial 40/40] spikes=3  rate=2.50 Hz  time=23.46s
Results saved to /home/hrbncv/SCP/cells/SST/tunes/seg_tuned_all/output_data/slurm_29750/parts/slurm_29750_18/run_manifest.json
Total runtime: 954.98s
