Running: python /home/hrbncv/SCP/run_pipeline.py --tune-dir /home/hrbncv/SCP/cells/PV/tunes/seg_tuned --output-dir /home/hrbncv/SCP/cells/PV/tunes/seg_tuned/output_data/slurm_35079/parts --n-trials 40 --output-stem slurm_35079_6 --trial-offset 240 --force-save
Mechanisms already loaded; skipping duplicate load.
Loaded Allen cell for 'PV' from /home/hrbncv/SCP/cells/PV/tunes/seg_tuned/manifest.json, soma_diam_multiplier=6.0, Vinit=-71.0, loader=allensdk_default
Geometry defined for 'PV': 1 soma segs, 46 proximal dend segs, 41 distal dend segs, 97 total dend segs.
[trial 1/40] input_spikes: pn_exc=2897 bg_exc=880 bg_inh=232 sst_inh=381 pv_inh=739
[trial 1/40] spikes=7  rate=7.00 Hz  time=26.81s
[trial 2/40] input_spikes: pn_exc=2875 bg_exc=842 bg_inh=227 sst_inh=361 pv_inh=750
[trial 2/40] spikes=7  rate=7.00 Hz  time=26.58s
[trial 3/40] input_spikes: pn_exc=2950 bg_exc=884 bg_inh=231 sst_inh=340 pv_inh=740
[trial 3/40] spikes=6  rate=6.00 Hz  time=26.08s
[trial 4/40] input_spikes: pn_exc=2667 bg_exc=801 bg_inh=187 sst_inh=372 pv_inh=736
[trial 4/40] spikes=7  rate=7.00 Hz  time=26.54s
[trial 5/40] input_spikes: pn_exc=2765 bg_exc=860 bg_inh=194 sst_inh=388 pv_inh=746
[trial 5/40] spikes=7  rate=7.00 Hz  time=26.53s
[trial 6/40] input_spikes: pn_exc=2883 bg_exc=816 bg_inh=240 sst_inh=363 pv_inh=743
[trial 6/40] spikes=7  rate=7.00 Hz  time=26.15s
[trial 7/40] input_spikes: pn_exc=2592 bg_exc=706 bg_inh=200 sst_inh=370 pv_inh=758
[trial 7/40] spikes=5  rate=5.00 Hz  time=26.61s
[trial 8/40] input_spikes: pn_exc=2784 bg_exc=821 bg_inh=210 sst_inh=384 pv_inh=768
[trial 8/40] spikes=7  rate=7.00 Hz  time=26.59s
[trial 9/40] input_spikes: pn_exc=2910 bg_exc=890 bg_inh=216 sst_inh=364 pv_inh=752
[trial 9/40] spikes=6  rate=6.00 Hz  time=26.21s
[trial 10/40] input_spikes: pn_exc=2571 bg_exc=747 bg_inh=162 sst_inh=347 pv_inh=737
[trial 10/40] spikes=9  rate=9.00 Hz  time=26.64s
[trial 11/40] input_spikes: pn_exc=2709 bg_exc=812 bg_inh=192 sst_inh=366 pv_inh=745
[trial 11/40] spikes=6  rate=6.00 Hz  time=26.46s
[trial 12/40] input_spikes: pn_exc=2663 bg_exc=819 bg_inh=209 sst_inh=373 pv_inh=745
[trial 12/40] spikes=5  rate=5.00 Hz  time=26.18s
[trial 13/40] input_spikes: pn_exc=2712 bg_exc=777 bg_inh=210 sst_inh=376 pv_inh=758
[trial 13/40] spikes=6  rate=6.00 Hz  time=26.61s
[trial 14/40] input_spikes: pn_exc=2815 bg_exc=830 bg_inh=176 sst_inh=380 pv_inh=753
[trial 14/40] spikes=7  rate=7.00 Hz  time=26.49s
[trial 15/40] input_spikes: pn_exc=2811 bg_exc=876 bg_inh=193 sst_inh=373 pv_inh=748
[trial 15/40] spikes=7  rate=7.00 Hz  time=26.25s
[trial 16/40] input_spikes: pn_exc=2845 bg_exc=827 bg_inh=208 sst_inh=372 pv_inh=763
[trial 16/40] spikes=8  rate=8.00 Hz  time=26.67s
[trial 17/40] input_spikes: pn_exc=2802 bg_exc=829 bg_inh=198 sst_inh=370 pv_inh=755
[trial 17/40] spikes=7  rate=7.00 Hz  time=26.54s
[trial 18/40] input_spikes: pn_exc=2635 bg_exc=772 bg_inh=175 sst_inh=364 pv_inh=744
[trial 18/40] spikes=7  rate=7.00 Hz  time=26.09s
[trial 19/40] input_spikes: pn_exc=2830 bg_exc=872 bg_inh=190 sst_inh=371 pv_inh=755
[trial 19/40] spikes=7  rate=7.00 Hz  time=26.71s
[trial 20/40] input_spikes: pn_exc=2668 bg_exc=747 bg_inh=172 sst_inh=361 pv_inh=753
[trial 20/40] spikes=6  rate=6.00 Hz  time=26.50s
[trial 21/40] input_spikes: pn_exc=2792 bg_exc=857 bg_inh=226 sst_inh=369 pv_inh=742
[trial 21/40] spikes=7  rate=7.00 Hz  time=26.27s
[trial 22/40] input_spikes: pn_exc=2852 bg_exc=826 bg_inh=207 sst_inh=370 pv_inh=744
[trial 22/40] spikes=8  rate=8.00 Hz  time=26.73s
[trial 23/40] input_spikes: pn_exc=2795 bg_exc=794 bg_inh=198 sst_inh=365 pv_inh=754
[trial 23/40] spikes=6  rate=6.00 Hz  time=26.61s
[trial 24/40] input_spikes: pn_exc=2698 bg_exc=785 bg_inh=172 sst_inh=384 pv_inh=753
[trial 24/40] spikes=7  rate=7.00 Hz  time=26.11s
[trial 25/40] input_spikes: pn_exc=2649 bg_exc=787 bg_inh=188 sst_inh=378 pv_inh=739
[trial 25/40] spikes=8  rate=8.00 Hz  time=26.72s
[trial 26/40] input_spikes: pn_exc=2835 bg_exc=906 bg_inh=199 sst_inh=383 pv_inh=745
[trial 26/40] spikes=8  rate=8.00 Hz  time=26.68s
[trial 27/40] input_spikes: pn_exc=2822 bg_exc=891 bg_inh=227 sst_inh=396 pv_inh=755
[trial 27/40] spikes=6  rate=6.00 Hz  time=26.12s
[trial 28/40] input_spikes: pn_exc=2698 bg_exc=818 bg_inh=194 sst_inh=362 pv_inh=742
[trial 28/40] spikes=8  rate=8.00 Hz  time=26.68s
[trial 29/40] input_spikes: pn_exc=2839 bg_exc=870 bg_inh=205 sst_inh=365 pv_inh=747
[trial 29/40] spikes=8  rate=8.00 Hz  time=26.65s
[trial 30/40] input_spikes: pn_exc=2898 bg_exc=822 bg_inh=183 sst_inh=384 pv_inh=755
[trial 30/40] spikes=8  rate=8.00 Hz  time=26.14s
[trial 31/40] input_spikes: pn_exc=2755 bg_exc=851 bg_inh=196 sst_inh=369 pv_inh=752
[trial 31/40] spikes=6  rate=6.00 Hz  time=26.65s
[trial 32/40] input_spikes: pn_exc=2780 bg_exc=823 bg_inh=207 sst_inh=350 pv_inh=738
[trial 32/40] spikes=7  rate=7.00 Hz  time=26.68s
[trial 33/40] input_spikes: pn_exc=2699 bg_exc=701 bg_inh=189 sst_inh=370 pv_inh=738
[trial 33/40] spikes=7  rate=7.00 Hz  time=26.14s
[trial 34/40] input_spikes: pn_exc=2745 bg_exc=871 bg_inh=217 sst_inh=379 pv_inh=760
[trial 34/40] spikes=8  rate=8.00 Hz  time=26.64s
[trial 35/40] input_spikes: pn_exc=2832 bg_exc=819 bg_inh=224 sst_inh=350 pv_inh=747
[trial 35/40] spikes=5  rate=5.00 Hz  time=26.50s
[trial 36/40] input_spikes: pn_exc=2833 bg_exc=902 bg_inh=221 sst_inh=411 pv_inh=734
[trial 36/40] spikes=7  rate=7.00 Hz  time=26.21s
[trial 37/40] input_spikes: pn_exc=2731 bg_exc=786 bg_inh=166 sst_inh=379 pv_inh=756
[trial 37/40] spikes=7  rate=7.00 Hz  time=26.77s
[trial 38/40] input_spikes: pn_exc=2852 bg_exc=893 bg_inh=211 sst_inh=387 pv_inh=758
[trial 38/40] spikes=6  rate=6.00 Hz  time=26.56s
[trial 39/40] input_spikes: pn_exc=2811 bg_exc=865 bg_inh=236 sst_inh=360 pv_inh=746
[trial 39/40] spikes=5  rate=5.00 Hz  time=26.15s
[trial 40/40] input_spikes: pn_exc=2730 bg_exc=809 bg_inh=193 sst_inh=389 pv_inh=741
[trial 40/40] spikes=6  rate=6.00 Hz  time=26.66s
save_plots single_plot warning: Top input panel: group list empty, auto-using all groups (5).
Results saved to /home/hrbncv/SCP/cells/PV/tunes/seg_tuned/output_data/slurm_35079/parts/slurm_35079_6/run_manifest.json
Total runtime: 1060.58s
