Running: /home/hrbncv/miniconda3/envs/BMTK-py311/bin/python /home/hrbncv/SCP/run_pipeline.py --tune-dir /home/hrbncv/SCP/cells/SST/tunes/seg_tuned --output-dir /home/hrbncv/SCP/cells/SST/tunes/seg_tuned/output_data/slurm_45349/parts --n-trials 20 --output-stem slurm_45349_7 --trial-offset 140 --force-save
Loaded mechanisms from /home/hrbncv/SCP/cells/SST/tunes/seg_tuned/modfiles/x86_64/.libs/libnrnmech.so
Loaded Allen cell for 'SST' from /home/hrbncv/SCP/cells/SST/tunes/seg_tuned/manifest.json, soma_diam_multiplier=10.0, Vinit=-65.0, loader=genome_fallback
Geometry defined for 'SST': 1 soma segs, 54 proximal dend segs, 52 distal dend segs, 115 total dend segs.
[trial 1/20] input_spikes: pn_exc=1630 bg_exc=2262 bg_inh=708
[trial 1/20] spikes=13  rate=13.00 Hz  time=21.61s
[trial 2/20] input_spikes: pn_exc=1627 bg_exc=1935 bg_inh=597
[trial 2/20] spikes=11  rate=11.00 Hz  time=21.33s
[trial 3/20] input_spikes: pn_exc=1715 bg_exc=2333 bg_inh=765
[trial 3/20] spikes=15  rate=15.00 Hz  time=21.74s
[trial 4/20] input_spikes: pn_exc=1559 bg_exc=2028 bg_inh=630
[trial 4/20] spikes=12  rate=12.00 Hz  time=21.23s
[trial 5/20] input_spikes: pn_exc=1712 bg_exc=2410 bg_inh=830
[trial 5/20] spikes=9  rate=9.00 Hz  time=21.94s
[trial 6/20] input_spikes: pn_exc=1605 bg_exc=2004 bg_inh=621
[trial 6/20] spikes=13  rate=13.00 Hz  time=21.38s
[trial 7/20] input_spikes: pn_exc=1606 bg_exc=2061 bg_inh=665
[trial 7/20] spikes=16  rate=16.00 Hz  time=21.42s
[trial 8/20] input_spikes: pn_exc=1750 bg_exc=2383 bg_inh=774
[trial 8/20] spikes=14  rate=14.00 Hz  time=21.89s
[trial 9/20] input_spikes: pn_exc=1769 bg_exc=2459 bg_inh=800
[trial 9/20] spikes=15  rate=15.00 Hz  time=21.87s
[trial 10/20] input_spikes: pn_exc=1721 bg_exc=2352 bg_inh=739
[trial 10/20] spikes=14  rate=14.00 Hz  time=21.64s
[trial 11/20] input_spikes: pn_exc=1747 bg_exc=2469 bg_inh=786
[trial 11/20] spikes=12  rate=12.00 Hz  time=21.93s
[trial 12/20] input_spikes: pn_exc=1755 bg_exc=2424 bg_inh=737
[trial 12/20] spikes=14  rate=14.00 Hz  time=21.91s
[trial 13/20] input_spikes: pn_exc=1811 bg_exc=2469 bg_inh=797
[trial 13/20] spikes=11  rate=11.00 Hz  time=21.94s
[trial 14/20] input_spikes: pn_exc=1714 bg_exc=2386 bg_inh=695
[trial 14/20] spikes=13  rate=13.00 Hz  time=21.89s
[trial 15/20] input_spikes: pn_exc=1776 bg_exc=2516 bg_inh=779
[trial 15/20] spikes=12  rate=12.00 Hz  time=21.99s
[trial 16/20] input_spikes: pn_exc=1708 bg_exc=2542 bg_inh=829
[trial 16/20] spikes=9  rate=9.00 Hz  time=21.98s
[trial 17/20] input_spikes: pn_exc=1779 bg_exc=2445 bg_inh=793
[trial 17/20] spikes=14  rate=14.00 Hz  time=21.98s
[trial 18/20] input_spikes: pn_exc=1605 bg_exc=2322 bg_inh=687
[trial 18/20] spikes=12  rate=12.00 Hz  time=21.69s
[trial 19/20] input_spikes: pn_exc=1786 bg_exc=2449 bg_inh=780
[trial 19/20] spikes=16  rate=16.00 Hz  time=21.79s
[trial 20/20] input_spikes: pn_exc=1484 bg_exc=1925 bg_inh=632
[trial 20/20] spikes=16  rate=16.00 Hz  time=21.16s
save_plots single_plot warning: Top input panel: group list empty, auto-using all groups (3).
Results saved to /home/hrbncv/SCP/cells/SST/tunes/seg_tuned/output_data/slurm_45349/parts/slurm_45349_7/run_manifest.json
Total runtime: 435.61s
