Running: python /home/hrbncv/SCP/run_pipeline.py --tune-dir /home/hrbncv/SCP/cells/PV/tunes/seg_tuned --output-dir /home/hrbncv/SCP/cells/PV/tunes/seg_tuned/output_data/slurm_35079/parts --n-trials 40 --output-stem slurm_35079_11 --trial-offset 440 --force-save
Mechanisms already loaded; skipping duplicate load.
Loaded Allen cell for 'PV' from /home/hrbncv/SCP/cells/PV/tunes/seg_tuned/manifest.json, soma_diam_multiplier=6.0, Vinit=-71.0, loader=allensdk_default
Geometry defined for 'PV': 1 soma segs, 46 proximal dend segs, 41 distal dend segs, 97 total dend segs.
[trial 1/40] input_spikes: pn_exc=2703 bg_exc=837 bg_inh=209 sst_inh=396 pv_inh=744
[trial 1/40] spikes=7  rate=7.00 Hz  time=26.60s
[trial 2/40] input_spikes: pn_exc=2657 bg_exc=768 bg_inh=193 sst_inh=405 pv_inh=742
[trial 2/40] spikes=5  rate=5.00 Hz  time=26.45s
[trial 3/40] input_spikes: pn_exc=2823 bg_exc=846 bg_inh=211 sst_inh=343 pv_inh=762
[trial 3/40] spikes=7  rate=7.00 Hz  time=26.58s
[trial 4/40] input_spikes: pn_exc=2733 bg_exc=856 bg_inh=204 sst_inh=390 pv_inh=758
[trial 4/40] spikes=7  rate=7.00 Hz  time=26.56s
[trial 5/40] input_spikes: pn_exc=2610 bg_exc=801 bg_inh=203 sst_inh=365 pv_inh=751
[trial 5/40] spikes=5  rate=5.00 Hz  time=26.55s
[trial 6/40] input_spikes: pn_exc=2858 bg_exc=874 bg_inh=230 sst_inh=366 pv_inh=740
[trial 6/40] spikes=6  rate=6.00 Hz  time=26.55s
[trial 7/40] input_spikes: pn_exc=2652 bg_exc=774 bg_inh=198 sst_inh=372 pv_inh=749
[trial 7/40] spikes=7  rate=7.00 Hz  time=26.58s
[trial 8/40] input_spikes: pn_exc=2802 bg_exc=846 bg_inh=185 sst_inh=380 pv_inh=750
[trial 8/40] spikes=7  rate=7.00 Hz  time=26.63s
[trial 9/40] input_spikes: pn_exc=2791 bg_exc=892 bg_inh=230 sst_inh=379 pv_inh=738
[trial 9/40] spikes=6  rate=6.00 Hz  time=26.52s
[trial 10/40] input_spikes: pn_exc=2741 bg_exc=843 bg_inh=219 sst_inh=359 pv_inh=748
[trial 10/40] spikes=8  rate=8.00 Hz  time=26.55s
[trial 11/40] input_spikes: pn_exc=2772 bg_exc=869 bg_inh=203 sst_inh=369 pv_inh=743
[trial 11/40] spikes=8  rate=8.00 Hz  time=26.47s
[trial 12/40] input_spikes: pn_exc=2689 bg_exc=761 bg_inh=184 sst_inh=355 pv_inh=743
[trial 12/40] spikes=7  rate=7.00 Hz  time=26.57s
[trial 13/40] input_spikes: pn_exc=2719 bg_exc=874 bg_inh=194 sst_inh=385 pv_inh=763
[trial 13/40] spikes=6  rate=6.00 Hz  time=26.58s
[trial 14/40] input_spikes: pn_exc=2836 bg_exc=844 bg_inh=195 sst_inh=384 pv_inh=755
[trial 14/40] spikes=7  rate=7.00 Hz  time=26.56s
[trial 15/40] input_spikes: pn_exc=2684 bg_exc=831 bg_inh=180 sst_inh=385 pv_inh=754
[trial 15/40] spikes=5  rate=5.00 Hz  time=26.67s
[trial 16/40] input_spikes: pn_exc=2831 bg_exc=831 bg_inh=233 sst_inh=352 pv_inh=746
[trial 16/40] spikes=7  rate=7.00 Hz  time=26.62s
[trial 17/40] input_spikes: pn_exc=2728 bg_exc=793 bg_inh=182 sst_inh=383 pv_inh=731
[trial 17/40] spikes=6  rate=6.00 Hz  time=26.48s
[trial 18/40] input_spikes: pn_exc=2807 bg_exc=886 bg_inh=235 sst_inh=365 pv_inh=751
[trial 18/40] spikes=9  rate=9.00 Hz  time=26.53s
[trial 19/40] input_spikes: pn_exc=2799 bg_exc=874 bg_inh=212 sst_inh=386 pv_inh=749
[trial 19/40] spikes=5  rate=5.00 Hz  time=26.58s
[trial 20/40] input_spikes: pn_exc=2839 bg_exc=895 bg_inh=210 sst_inh=368 pv_inh=736
[trial 20/40] spikes=7  rate=7.00 Hz  time=26.42s
[trial 21/40] input_spikes: pn_exc=2629 bg_exc=753 bg_inh=175 sst_inh=388 pv_inh=772
[trial 21/40] spikes=7  rate=7.00 Hz  time=26.58s
[trial 22/40] input_spikes: pn_exc=2696 bg_exc=784 bg_inh=174 sst_inh=389 pv_inh=754
[trial 22/40] spikes=6  rate=6.00 Hz  time=26.57s
[trial 23/40] input_spikes: pn_exc=2686 bg_exc=829 bg_inh=196 sst_inh=380 pv_inh=760
[trial 23/40] spikes=7  rate=7.00 Hz  time=26.45s
[trial 24/40] input_spikes: pn_exc=2792 bg_exc=832 bg_inh=191 sst_inh=368 pv_inh=752
[trial 24/40] spikes=7  rate=7.00 Hz  time=26.53s
[trial 25/40] input_spikes: pn_exc=2340 bg_exc=608 bg_inh=148 sst_inh=381 pv_inh=750
[trial 25/40] spikes=5  rate=5.00 Hz  time=26.57s
[trial 26/40] input_spikes: pn_exc=2788 bg_exc=822 bg_inh=176 sst_inh=359 pv_inh=755
[trial 26/40] spikes=8  rate=8.00 Hz  time=26.60s
[trial 27/40] input_spikes: pn_exc=2552 bg_exc=745 bg_inh=167 sst_inh=355 pv_inh=757
[trial 27/40] spikes=7  rate=7.00 Hz  time=26.51s
[trial 28/40] input_spikes: pn_exc=2759 bg_exc=860 bg_inh=204 sst_inh=373 pv_inh=757
[trial 28/40] spikes=8  rate=8.00 Hz  time=26.65s
[trial 29/40] input_spikes: pn_exc=2410 bg_exc=276 bg_inh=51 sst_inh=385 pv_inh=742
[trial 29/40] spikes=4  rate=4.00 Hz  time=26.36s
[trial 30/40] input_spikes: pn_exc=2314 bg_exc=572 bg_inh=131 sst_inh=373 pv_inh=742
[trial 30/40] spikes=6  rate=6.00 Hz  time=26.54s
[trial 31/40] input_spikes: pn_exc=2801 bg_exc=906 bg_inh=176 sst_inh=373 pv_inh=743
[trial 31/40] spikes=9  rate=9.00 Hz  time=26.62s
[trial 32/40] input_spikes: pn_exc=2776 bg_exc=899 bg_inh=205 sst_inh=374 pv_inh=752
[trial 32/40] spikes=6  rate=6.00 Hz  time=26.56s
[trial 33/40] input_spikes: pn_exc=2803 bg_exc=804 bg_inh=187 sst_inh=363 pv_inh=752
[trial 33/40] spikes=7  rate=7.00 Hz  time=26.56s
[trial 34/40] input_spikes: pn_exc=2886 bg_exc=834 bg_inh=222 sst_inh=367 pv_inh=752
[trial 34/40] spikes=6  rate=6.00 Hz  time=26.62s
[trial 35/40] input_spikes: pn_exc=2815 bg_exc=850 bg_inh=197 sst_inh=359 pv_inh=737
[trial 35/40] spikes=7  rate=7.00 Hz  time=26.65s
[trial 36/40] input_spikes: pn_exc=2788 bg_exc=891 bg_inh=217 sst_inh=360 pv_inh=753
[trial 36/40] spikes=8  rate=8.00 Hz  time=26.64s
[trial 37/40] input_spikes: pn_exc=2872 bg_exc=847 bg_inh=218 sst_inh=351 pv_inh=739
[trial 37/40] spikes=6  rate=6.00 Hz  time=26.65s
[trial 38/40] input_spikes: pn_exc=2739 bg_exc=890 bg_inh=216 sst_inh=366 pv_inh=741
[trial 38/40] spikes=8  rate=8.00 Hz  time=26.61s
[trial 39/40] input_spikes: pn_exc=2700 bg_exc=831 bg_inh=224 sst_inh=362 pv_inh=748
[trial 39/40] spikes=5  rate=5.00 Hz  time=26.58s
[trial 40/40] input_spikes: pn_exc=2469 bg_exc=687 bg_inh=154 sst_inh=379 pv_inh=734
[trial 40/40] spikes=6  rate=6.00 Hz  time=26.64s
save_plots single_plot warning: Top input panel: group list empty, auto-using all groups (5).
Results saved to /home/hrbncv/SCP/cells/PV/tunes/seg_tuned/output_data/slurm_35079/parts/slurm_35079_11/run_manifest.json
Total runtime: 1064.18s
