Running: python /home/hrbncv/SCP/run_pipeline.py --tune-dir /home/hrbncv/SCP/cells/SST/tunes/seg_tuned_all --output-dir /home/hrbncv/SCP/cells/SST/tunes/seg_tuned_all/output_data/slurm_35973/parts --n-trials 20 --output-stem slurm_35973_10 --trial-offset 200 --force-save
Loaded mechanisms from /home/hrbncv/SCP/cells/SST/tunes/seg_tuned_all/modfiles/x86_64/.libs/libnrnmech.so
Loaded Allen cell for 'SST' from /home/hrbncv/SCP/cells/SST/tunes/seg_tuned_all/manifest.json, soma_diam_multiplier=10.0, Vinit=-65.0, loader=genome_fallback
Geometry defined for 'SST': 1 soma segs, 54 proximal dend segs, 52 distal dend segs, 115 total dend segs.
[trial 1/20] input_spikes: pn_exc=1784 bg_exc=2422 bg_inh=742
[trial 1/20] spikes=3  rate=3.00 Hz  time=21.97s
[trial 2/20] input_spikes: pn_exc=1594 bg_exc=2238 bg_inh=681
[trial 2/20] spikes=2  rate=2.00 Hz  time=21.88s
[trial 3/20] input_spikes: pn_exc=1793 bg_exc=2476 bg_inh=787
[trial 3/20] spikes=5  rate=5.00 Hz  time=21.84s
[trial 4/20] input_spikes: pn_exc=1666 bg_exc=2187 bg_inh=637
[trial 4/20] spikes=5  rate=5.00 Hz  time=21.63s
[trial 5/20] input_spikes: pn_exc=1688 bg_exc=2433 bg_inh=754
[trial 5/20] spikes=2  rate=2.00 Hz  time=21.97s
[trial 6/20] input_spikes: pn_exc=1765 bg_exc=2280 bg_inh=730
[trial 6/20] spikes=6  rate=6.00 Hz  time=21.80s
[trial 7/20] input_spikes: pn_exc=1501 bg_exc=2019 bg_inh=648
[trial 7/20] spikes=3  rate=3.00 Hz  time=21.48s
[trial 8/20] input_spikes: pn_exc=1678 bg_exc=2312 bg_inh=679
[trial 8/20] spikes=5  rate=5.00 Hz  time=21.72s
[trial 9/20] input_spikes: pn_exc=1672 bg_exc=2304 bg_inh=708
[trial 9/20] spikes=7  rate=7.00 Hz  time=22.00s
[trial 10/20] input_spikes: pn_exc=1761 bg_exc=2409 bg_inh=708
[trial 10/20] spikes=5  rate=5.00 Hz  time=21.97s
[trial 11/20] input_spikes: pn_exc=1638 bg_exc=2275 bg_inh=729
[trial 11/20] spikes=4  rate=4.00 Hz  time=21.82s
[trial 12/20] input_spikes: pn_exc=1597 bg_exc=2144 bg_inh=692
[trial 12/20] spikes=6  rate=6.00 Hz  time=21.61s
[trial 13/20] input_spikes: pn_exc=1517 bg_exc=1731 bg_inh=570
[trial 13/20] spikes=2  rate=2.00 Hz  time=21.20s
[trial 14/20] input_spikes: pn_exc=1732 bg_exc=2446 bg_inh=810
[trial 14/20] spikes=2  rate=2.00 Hz  time=22.08s
[trial 15/20] input_spikes: pn_exc=1672 bg_exc=2176 bg_inh=701
[trial 15/20] spikes=4  rate=4.00 Hz  time=21.65s
[trial 16/20] input_spikes: pn_exc=1677 bg_exc=2406 bg_inh=730
[trial 16/20] spikes=3  rate=3.00 Hz  time=22.26s
[trial 17/20] input_spikes: pn_exc=1691 bg_exc=2351 bg_inh=731
[trial 17/20] spikes=0  rate=0.00 Hz  time=22.10s
[trial 18/20] input_spikes: pn_exc=1769 bg_exc=2593 bg_inh=807
[trial 18/20] spikes=6  rate=6.00 Hz  time=22.15s
[trial 19/20] input_spikes: pn_exc=1655 bg_exc=2274 bg_inh=662
[trial 19/20] spikes=7  rate=7.00 Hz  time=21.91s
[trial 20/20] input_spikes: pn_exc=1756 bg_exc=2450 bg_inh=828
[trial 20/20] spikes=3  rate=3.00 Hz  time=21.91s
Results saved to /home/hrbncv/SCP/cells/SST/tunes/seg_tuned_all/output_data/slurm_35973/parts/slurm_35973_10/run_manifest.json
Total runtime: 437.26s
