Running: python /home/hrbncv/SCP/run_pipeline.py --tune-dir /home/hrbncv/SCP/cells/SST/tunes/seg_tuned_all --output-dir /home/hrbncv/SCP/cells/SST/tunes/seg_tuned_all/output_data/slurm_35973/parts --n-trials 20 --output-stem slurm_35973_8 --trial-offset 160 --force-save
Loaded mechanisms from /home/hrbncv/SCP/cells/SST/tunes/seg_tuned_all/modfiles/x86_64/.libs/libnrnmech.so
Loaded Allen cell for 'SST' from /home/hrbncv/SCP/cells/SST/tunes/seg_tuned_all/manifest.json, soma_diam_multiplier=10.0, Vinit=-65.0, loader=genome_fallback
Geometry defined for 'SST': 1 soma segs, 54 proximal dend segs, 52 distal dend segs, 115 total dend segs.
[trial 1/20] input_spikes: pn_exc=1733 bg_exc=2349 bg_inh=799
[trial 1/20] spikes=6  rate=6.00 Hz  time=21.44s
[trial 2/20] input_spikes: pn_exc=1675 bg_exc=2347 bg_inh=752
[trial 2/20] spikes=3  rate=3.00 Hz  time=21.25s
[trial 3/20] input_spikes: pn_exc=1721 bg_exc=2388 bg_inh=775
[trial 3/20] spikes=9  rate=9.00 Hz  time=21.35s
[trial 4/20] input_spikes: pn_exc=1688 bg_exc=2450 bg_inh=737
[trial 4/20] spikes=2  rate=2.00 Hz  time=21.54s
[trial 5/20] input_spikes: pn_exc=1610 bg_exc=2156 bg_inh=635
[trial 5/20] spikes=10  rate=10.00 Hz  time=21.26s
[trial 6/20] input_spikes: pn_exc=1710 bg_exc=2315 bg_inh=692
[trial 6/20] spikes=1  rate=1.00 Hz  time=21.34s
[trial 7/20] input_spikes: pn_exc=1733 bg_exc=2442 bg_inh=751
[trial 7/20] spikes=3  rate=3.00 Hz  time=21.61s
[trial 8/20] input_spikes: pn_exc=1494 bg_exc=1686 bg_inh=573
[trial 8/20] spikes=9  rate=9.00 Hz  time=20.72s
[trial 9/20] input_spikes: pn_exc=1841 bg_exc=2404 bg_inh=770
[trial 9/20] spikes=10  rate=10.00 Hz  time=21.65s
[trial 10/20] input_spikes: pn_exc=1707 bg_exc=2444 bg_inh=750
[trial 10/20] spikes=4  rate=4.00 Hz  time=21.54s
[trial 11/20] input_spikes: pn_exc=1745 bg_exc=2465 bg_inh=835
[trial 11/20] spikes=7  rate=7.00 Hz  time=21.73s
[trial 12/20] input_spikes: pn_exc=1656 bg_exc=2482 bg_inh=726
[trial 12/20] spikes=8  rate=8.00 Hz  time=21.59s
[trial 13/20] input_spikes: pn_exc=1720 bg_exc=2521 bg_inh=792
[trial 13/20] spikes=1  rate=1.00 Hz  time=21.79s
[trial 14/20] input_spikes: pn_exc=1728 bg_exc=2309 bg_inh=759
[trial 14/20] spikes=3  rate=3.00 Hz  time=21.45s
[trial 15/20] input_spikes: pn_exc=1714 bg_exc=2319 bg_inh=720
[trial 15/20] spikes=5  rate=5.00 Hz  time=21.45s
[trial 16/20] input_spikes: pn_exc=1566 bg_exc=1896 bg_inh=593
[trial 16/20] spikes=3  rate=3.00 Hz  time=20.90s
[trial 17/20] input_spikes: pn_exc=1721 bg_exc=2467 bg_inh=822
[trial 17/20] spikes=7  rate=7.00 Hz  time=21.64s
[trial 18/20] input_spikes: pn_exc=1700 bg_exc=2429 bg_inh=813
[trial 18/20] spikes=4  rate=4.00 Hz  time=21.48s
[trial 19/20] input_spikes: pn_exc=1682 bg_exc=2400 bg_inh=786
[trial 19/20] spikes=6  rate=6.00 Hz  time=21.39s
[trial 20/20] input_spikes: pn_exc=1675 bg_exc=2437 bg_inh=769
[trial 20/20] spikes=5  rate=5.00 Hz  time=21.42s
Results saved to /home/hrbncv/SCP/cells/SST/tunes/seg_tuned_all/output_data/slurm_35973/parts/slurm_35973_8/run_manifest.json
Total runtime: 428.86s
