Running: python /home/hrbncv/SCP/run_pipeline.py --tune-dir /home/hrbncv/SCP/cells/PV/tunes/seg_tuned --output-dir /home/hrbncv/SCP/cells/PV/tunes/seg_tuned/output_data/slurm_32387/parts --n-trials 20 --output-stem slurm_32387_32 --trial-offset 640 --force-save
Mechanisms already loaded; skipping duplicate load.
Loaded Allen cell for 'PV' from /home/hrbncv/SCP/cells/PV/tunes/seg_tuned/manifest.json, soma_diam_multiplier=6.0, Vinit=-71.0, loader=allensdk_default
Geometry defined for 'PV': 1 soma segs, 46 proximal dend segs, 41 distal dend segs, 97 total dend segs.
[trial 1/20] input_spikes: pn_exc=2885 bg_exc=813 bg_inh=185
[trial 1/20] spikes=14  rate=14.00 Hz  time=28.64s
[trial 2/20] input_spikes: pn_exc=2611 bg_exc=814 bg_inh=170
[trial 2/20] spikes=11  rate=11.00 Hz  time=29.03s
[trial 3/20] input_spikes: pn_exc=2757 bg_exc=827 bg_inh=184
[trial 3/20] spikes=12  rate=12.00 Hz  time=28.33s
[trial 4/20] input_spikes: pn_exc=2712 bg_exc=847 bg_inh=195
[trial 4/20] spikes=11  rate=11.00 Hz  time=28.56s
[trial 5/20] input_spikes: pn_exc=2780 bg_exc=884 bg_inh=198
[trial 5/20] spikes=14  rate=14.00 Hz  time=28.41s
[trial 6/20] input_spikes: pn_exc=2864 bg_exc=856 bg_inh=203
[trial 6/20] spikes=14  rate=14.00 Hz  time=28.38s
[trial 7/20] input_spikes: pn_exc=2786 bg_exc=883 bg_inh=217
[trial 7/20] spikes=12  rate=12.00 Hz  time=28.26s
[trial 8/20] input_spikes: pn_exc=2727 bg_exc=788 bg_inh=223
[trial 8/20] spikes=12  rate=12.00 Hz  time=28.57s
[trial 9/20] input_spikes: pn_exc=2820 bg_exc=892 bg_inh=203
[trial 9/20] spikes=13  rate=13.00 Hz  time=28.46s
[trial 10/20] input_spikes: pn_exc=2536 bg_exc=671 bg_inh=163
[trial 10/20] spikes=11  rate=11.00 Hz  time=28.30s
[trial 11/20] input_spikes: pn_exc=2871 bg_exc=885 bg_inh=209
[trial 11/20] spikes=13  rate=13.00 Hz  time=28.42s
[trial 12/20] input_spikes: pn_exc=2778 bg_exc=853 bg_inh=215
[trial 12/20] spikes=13  rate=13.00 Hz  time=28.42s
[trial 13/20] input_spikes: pn_exc=2956 bg_exc=890 bg_inh=192
[trial 13/20] spikes=14  rate=14.00 Hz  time=28.25s
[trial 14/20] input_spikes: pn_exc=2685 bg_exc=790 bg_inh=218
[trial 14/20] spikes=12  rate=12.00 Hz  time=28.52s
[trial 15/20] input_spikes: pn_exc=2682 bg_exc=773 bg_inh=179
[trial 15/20] spikes=13  rate=13.00 Hz  time=28.56s
[trial 16/20] input_spikes: pn_exc=2394 bg_exc=394 bg_inh=124
[trial 16/20] spikes=8  rate=8.00 Hz  time=28.39s
[trial 17/20] input_spikes: pn_exc=2911 bg_exc=880 bg_inh=204
[trial 17/20] spikes=12  rate=12.00 Hz  time=28.52s
[trial 18/20] input_spikes: pn_exc=2716 bg_exc=831 bg_inh=185
[trial 18/20] spikes=12  rate=12.00 Hz  time=28.46s
[trial 19/20] input_spikes: pn_exc=2727 bg_exc=811 bg_inh=185
[trial 19/20] spikes=12  rate=12.00 Hz  time=28.38s
[trial 20/20] input_spikes: pn_exc=2575 bg_exc=712 bg_inh=192
[trial 20/20] spikes=12  rate=12.00 Hz  time=28.58s
save_plots single_plot warning: Top input panel: group list empty, auto-using all groups (3).
save_plots single_plot warning: Input raster panel: group list empty, auto-using all groups (3).
Results saved to /home/hrbncv/SCP/cells/PV/tunes/seg_tuned/output_data/slurm_32387/parts/slurm_32387_32/run_manifest.json
Total runtime: 689.09s
