Running: python /home/hrbncv/PV-SST/single_cells/run_pipeline.py --tune-dir /home/hrbncv/PV-SST/single_cells/cells/PV/tunes/seg_tuned --output-dir /home/hrbncv/PV-SST/single_cells/cells/PV/tunes/seg_tuned/output_data --output-stem slurm_20033
Loaded mechanisms from /home/hrbncv/PV-SST/single_cells/cells/PV/tunes/seg_tuned/modfiles/x86_64/.libs/libnrnmech.so
Loaded Allen cell for 'tunes' from /home/hrbncv/PV-SST/single_cells/cells/PV/tunes/seg_tuned/manifest.json, soma_diam_multiplier=6.0, Vinit=-71.0
Geometry defined for 'tunes': 1 soma segs, 46 proximal dend segs, 41 distal dend segs, 97 total dend segs.
[trial 1/50] input_spikes: pn_exc=202
[trial 1/50] spikes=7  rate=6.09 Hz  time=0.75s
[trial 2/50] input_spikes: pn_exc=202
[trial 2/50] spikes=7  rate=6.09 Hz  time=0.75s
[trial 3/50] input_spikes: pn_exc=202
[trial 3/50] spikes=7  rate=6.09 Hz  time=0.75s
[trial 4/50] input_spikes: pn_exc=202
[trial 4/50] spikes=7  rate=6.09 Hz  time=0.76s
[trial 5/50] input_spikes: pn_exc=202
[trial 5/50] spikes=7  rate=6.09 Hz  time=0.74s
[trial 6/50] input_spikes: pn_exc=202
[trial 6/50] spikes=7  rate=6.09 Hz  time=0.75s
[trial 7/50] input_spikes: pn_exc=202
[trial 7/50] spikes=7  rate=6.09 Hz  time=0.75s
[trial 8/50] input_spikes: pn_exc=202
[trial 8/50] spikes=7  rate=6.09 Hz  time=0.75s
[trial 9/50] input_spikes: pn_exc=202
[trial 9/50] spikes=7  rate=6.09 Hz  time=0.74s
[trial 10/50] input_spikes: pn_exc=202
[trial 10/50] spikes=7  rate=6.09 Hz  time=0.74s
[trial 11/50] input_spikes: pn_exc=202
[trial 11/50] spikes=7  rate=6.09 Hz  time=0.74s
[trial 12/50] input_spikes: pn_exc=202
[trial 12/50] spikes=7  rate=6.09 Hz  time=0.74s
[trial 13/50] input_spikes: pn_exc=202
[trial 13/50] spikes=7  rate=6.09 Hz  time=0.75s
[trial 14/50] input_spikes: pn_exc=202
[trial 14/50] spikes=7  rate=6.09 Hz  time=0.74s
[trial 15/50] input_spikes: pn_exc=202
[trial 15/50] spikes=7  rate=6.09 Hz  time=0.75s
[trial 16/50] input_spikes: pn_exc=202
[trial 16/50] spikes=7  rate=6.09 Hz  time=0.75s
[trial 17/50] input_spikes: pn_exc=202
[trial 17/50] spikes=7  rate=6.09 Hz  time=0.74s
[trial 18/50] input_spikes: pn_exc=202
[trial 18/50] spikes=7  rate=6.09 Hz  time=0.74s
[trial 19/50] input_spikes: pn_exc=202
[trial 19/50] spikes=7  rate=6.09 Hz  time=0.74s
[trial 20/50] input_spikes: pn_exc=202
[trial 20/50] spikes=7  rate=6.09 Hz  time=0.75s
[trial 21/50] input_spikes: pn_exc=202
[trial 21/50] spikes=7  rate=6.09 Hz  time=0.74s
[trial 22/50] input_spikes: pn_exc=202
[trial 22/50] spikes=7  rate=6.09 Hz  time=0.74s
[trial 23/50] input_spikes: pn_exc=202
[trial 23/50] spikes=7  rate=6.09 Hz  time=0.74s
[trial 24/50] input_spikes: pn_exc=202
[trial 24/50] spikes=7  rate=6.09 Hz  time=0.74s
[trial 25/50] input_spikes: pn_exc=202
[trial 25/50] spikes=7  rate=6.09 Hz  time=0.74s
[trial 26/50] input_spikes: pn_exc=202
[trial 26/50] spikes=7  rate=6.09 Hz  time=0.74s
[trial 27/50] input_spikes: pn_exc=202
[trial 27/50] spikes=7  rate=6.09 Hz  time=0.74s
[trial 28/50] input_spikes: pn_exc=202
[trial 28/50] spikes=7  rate=6.09 Hz  time=0.75s
[trial 29/50] input_spikes: pn_exc=202
[trial 29/50] spikes=7  rate=6.09 Hz  time=0.74s
[trial 30/50] input_spikes: pn_exc=202
[trial 30/50] spikes=7  rate=6.09 Hz  time=0.74s
[trial 31/50] input_spikes: pn_exc=202
[trial 31/50] spikes=7  rate=6.09 Hz  time=0.75s
[trial 32/50] input_spikes: pn_exc=202
[trial 32/50] spikes=7  rate=6.09 Hz  time=0.74s
[trial 33/50] input_spikes: pn_exc=202
[trial 33/50] spikes=7  rate=6.09 Hz  time=0.74s
[trial 34/50] input_spikes: pn_exc=202
[trial 34/50] spikes=7  rate=6.09 Hz  time=0.74s
[trial 35/50] input_spikes: pn_exc=202
[trial 35/50] spikes=7  rate=6.09 Hz  time=0.75s
[trial 36/50] input_spikes: pn_exc=202
[trial 36/50] spikes=7  rate=6.09 Hz  time=0.75s
[trial 37/50] input_spikes: pn_exc=202
[trial 37/50] spikes=7  rate=6.09 Hz  time=0.74s
[trial 38/50] input_spikes: pn_exc=202
[trial 38/50] spikes=7  rate=6.09 Hz  time=0.74s
[trial 39/50] input_spikes: pn_exc=202
[trial 39/50] spikes=7  rate=6.09 Hz  time=0.74s
[trial 40/50] input_spikes: pn_exc=202
[trial 40/50] spikes=7  rate=6.09 Hz  time=0.74s
[trial 41/50] input_spikes: pn_exc=202
[trial 41/50] spikes=7  rate=6.09 Hz  time=0.74s
[trial 42/50] input_spikes: pn_exc=202
[trial 42/50] spikes=7  rate=6.09 Hz  time=0.74s
[trial 43/50] input_spikes: pn_exc=202
[trial 43/50] spikes=7  rate=6.09 Hz  time=0.74s
[trial 44/50] input_spikes: pn_exc=202
[trial 44/50] spikes=7  rate=6.09 Hz  time=0.74s
[trial 45/50] input_spikes: pn_exc=202
[trial 45/50] spikes=7  rate=6.09 Hz  time=0.74s
[trial 46/50] input_spikes: pn_exc=202
[trial 46/50] spikes=7  rate=6.09 Hz  time=0.74s
[trial 47/50] input_spikes: pn_exc=202
[trial 47/50] spikes=7  rate=6.09 Hz  time=0.75s
[trial 48/50] input_spikes: pn_exc=202
[trial 48/50] spikes=7  rate=6.09 Hz  time=0.74s
[trial 49/50] input_spikes: pn_exc=202
[trial 49/50] spikes=7  rate=6.09 Hz  time=0.75s
[trial 50/50] input_spikes: pn_exc=202
[trial 50/50] spikes=7  rate=6.09 Hz  time=0.74s
Results saved to /home/hrbncv/PV-SST/single_cells/cells/PV/tunes/seg_tuned/output_data/slurm_20033/run_manifest.json
Total runtime: 37.31s
