/home/hrbncv/miniconda3/envs/BMTK/bin/nrnivmodl:10: DeprecationWarning: pkg_resources is deprecated as an API. See https://setuptools.pypa.io/en/latest/pkg_resources.html
  from pkg_resources import working_set
Translating CaDynamics.mod into /home/hrbncv/PV-SST/single_cells/cells/PV/tunes/seg_tuned/x86_64/CaDynamics.c
Translating AMPA_NMDA_STP.mod into /home/hrbncv/PV-SST/single_cells/cells/PV/tunes/seg_tuned/x86_64/AMPA_NMDA_STP.c
Translating Ca_HVA.mod into /home/hrbncv/PV-SST/single_cells/cells/PV/tunes/seg_tuned/x86_64/Ca_HVA.c
Thread Safe
Thread Safe
Thread Safe
Translating Ca_LVA.mod into /home/hrbncv/PV-SST/single_cells/cells/PV/tunes/seg_tuned/x86_64/Ca_LVA.c
Thread Safe
Translating GABA_A.mod into /home/hrbncv/PV-SST/single_cells/cells/PV/tunes/seg_tuned/x86_64/GABA_A.c
Translating Ih.mod into /home/hrbncv/PV-SST/single_cells/cells/PV/tunes/seg_tuned/x86_64/Ih.c
Thread Safe
Translating Im.mod into /home/hrbncv/PV-SST/single_cells/cells/PV/tunes/seg_tuned/x86_64/Im.c
Thread Safe
Thread Safe
Translating Im_v2.mod into /home/hrbncv/PV-SST/single_cells/cells/PV/tunes/seg_tuned/x86_64/Im_v2.c
Thread Safe
Translating Kd.mod into /home/hrbncv/PV-SST/single_cells/cells/PV/tunes/seg_tuned/x86_64/Kd.c
Translating K_P.mod into /home/hrbncv/PV-SST/single_cells/cells/PV/tunes/seg_tuned/x86_64/K_P.c
Thread Safe
Translating K_T.mod into /home/hrbncv/PV-SST/single_cells/cells/PV/tunes/seg_tuned/x86_64/K_T.c
Thread Safe
Thread Safe
Translating Kv2like.mod into /home/hrbncv/PV-SST/single_cells/cells/PV/tunes/seg_tuned/x86_64/Kv2like.c
Thread Safe
Translating Nap.mod into /home/hrbncv/PV-SST/single_cells/cells/PV/tunes/seg_tuned/x86_64/Nap.c
Translating Kv3_1.mod into /home/hrbncv/PV-SST/single_cells/cells/PV/tunes/seg_tuned/x86_64/Kv3_1.c
Thread Safe
Translating NaTa.mod into /home/hrbncv/PV-SST/single_cells/cells/PV/tunes/seg_tuned/x86_64/NaTa.c
Thread Safe
Thread Safe
Translating NaTs.mod into /home/hrbncv/PV-SST/single_cells/cells/PV/tunes/seg_tuned/x86_64/NaTs.c
Thread Safe
Translating SK.mod into /home/hrbncv/PV-SST/single_cells/cells/PV/tunes/seg_tuned/x86_64/SK.c
Translating NaV.mod into /home/hrbncv/PV-SST/single_cells/cells/PV/tunes/seg_tuned/x86_64/NaV.c
Thread Safe
Translating vecstim.mod into /home/hrbncv/PV-SST/single_cells/cells/PV/tunes/seg_tuned/x86_64/vecstim.c
NEURON's CVode method ignores conservation
Notice: VERBATIM blocks are not thread safe
Notice: LINEAR is not thread safe.
Warning: no DISPLAY environment variable.
--No graphics will be displayed.
NEURON: The user defined name already exists: AMPA_NMDA_STP
 near line 0
 ^
        nrn_load_dll("/home/hrbn...")
