/home/hrbncv/miniconda3/envs/BMTK/bin/nrnivmodl:10: DeprecationWarning: pkg_resources is deprecated as an API. See https://setuptools.pypa.io/en/latest/pkg_resources.html
  from pkg_resources import working_set
makemod2c_inc:9: warning: overriding recipe for target 'AMPA_NMDA_STP.c'
makemod2c_inc:2: warning: ignoring old recipe for target 'AMPA_NMDA_STP.c'
makemod2c_inc:13: warning: overriding recipe for target 'AMPA_NMDA_STP.o'
makemod2c_inc:6: warning: ignoring old recipe for target 'AMPA_NMDA_STP.o'
makemod2c_inc:42: warning: overriding recipe for target 'AMPA_NMDA_STP.c'
makemod2c_inc:9: warning: ignoring old recipe for target 'AMPA_NMDA_STP.c'
makemod2c_inc:46: warning: overriding recipe for target 'AMPA_NMDA_STP.o'
makemod2c_inc:13: warning: ignoring old recipe for target 'AMPA_NMDA_STP.o'
makemod2c_inc:58: warning: overriding recipe for target 'CaDynamics.c'
makemod2c_inc:50: warning: ignoring old recipe for target 'CaDynamics.c'
makemod2c_inc:62: warning: overriding recipe for target 'CaDynamics.o'
makemod2c_inc:54: warning: ignoring old recipe for target 'CaDynamics.o'
makemod2c_inc:74: warning: overriding recipe for target 'CaDynamics.c'
makemod2c_inc:58: warning: ignoring old recipe for target 'CaDynamics.c'
makemod2c_inc:78: warning: overriding recipe for target 'CaDynamics.o'
makemod2c_inc:62: warning: ignoring old recipe for target 'CaDynamics.o'
makemod2c_inc:105: warning: overriding recipe for target 'Ca_HVA.c'
makemod2c_inc:98: warning: ignoring old recipe for target 'Ca_HVA.c'
makemod2c_inc:109: warning: overriding recipe for target 'Ca_HVA.o'
makemod2c_inc:102: warning: ignoring old recipe for target 'Ca_HVA.o'
makemod2c_inc:122: warning: overriding recipe for target 'Im.c'
makemod2c_inc:34: warning: ignoring old recipe for target 'Im.c'
makemod2c_inc:126: warning: overriding recipe for target 'Im.o'
makemod2c_inc:38: warning: ignoring old recipe for target 'Im.o'
makemod2c_inc:138: warning: overriding recipe for target 'Ca_HVA.c'
makemod2c_inc:105: warning: ignoring old recipe for target 'Ca_HVA.c'
makemod2c_inc:142: warning: overriding recipe for target 'Ca_HVA.o'
makemod2c_inc:109: warning: ignoring old recipe for target 'Ca_HVA.o'
makemod2c_inc:153: warning: overriding recipe for target 'Ca_LVA.c'
makemod2c_inc:146: warning: ignoring old recipe for target 'Ca_LVA.c'
makemod2c_inc:157: warning: overriding recipe for target 'Ca_LVA.o'
makemod2c_inc:150: warning: ignoring old recipe for target 'Ca_LVA.o'
makemod2c_inc:170: warning: overriding recipe for target 'Im_v2.c'
makemod2c_inc:89: warning: ignoring old recipe for target 'Im_v2.c'
makemod2c_inc:174: warning: overriding recipe for target 'Im_v2.o'
makemod2c_inc:93: warning: ignoring old recipe for target 'Im_v2.o'
makemod2c_inc:186: warning: overriding recipe for target 'Ca_LVA.c'
makemod2c_inc:153: warning: ignoring old recipe for target 'Ca_LVA.c'
makemod2c_inc:190: warning: overriding recipe for target 'Ca_LVA.o'
makemod2c_inc:157: warning: ignoring old recipe for target 'Ca_LVA.o'
makemod2c_inc:194: warning: overriding recipe for target 'GABA_A.c'
makemod2c_inc:18: warning: ignoring old recipe for target 'GABA_A.c'
makemod2c_inc:198: warning: overriding recipe for target 'GABA_A.o'
makemod2c_inc:22: warning: ignoring old recipe for target 'GABA_A.o'
makemod2c_inc:201: warning: overriding recipe for target 'GABA_A.c'
makemod2c_inc:194: warning: ignoring old recipe for target 'GABA_A.c'
makemod2c_inc:205: warning: overriding recipe for target 'GABA_A.o'
makemod2c_inc:198: warning: ignoring old recipe for target 'GABA_A.o'
makemod2c_inc:218: warning: overriding recipe for target 'GABA_A.c'
makemod2c_inc:201: warning: ignoring old recipe for target 'GABA_A.c'
makemod2c_inc:222: warning: overriding recipe for target 'GABA_A.o'
makemod2c_inc:205: warning: ignoring old recipe for target 'GABA_A.o'
makemod2c_inc:226: warning: overriding recipe for target 'Kd.c'
makemod2c_inc:130: warning: ignoring old recipe for target 'Kd.c'
makemod2c_inc:230: warning: overriding recipe for target 'Kd.o'
makemod2c_inc:134: warning: ignoring old recipe for target 'Kd.o'
makemod2c_inc:234: warning: overriding recipe for target 'Ih.c'
makemod2c_inc:82: warning: ignoring old recipe for target 'Ih.c'
makemod2c_inc:238: warning: overriding recipe for target 'Ih.o'
makemod2c_inc:86: warning: ignoring old recipe for target 'Ih.o'
makemod2c_inc:241: warning: overriding recipe for target 'Ih.c'
makemod2c_inc:234: warning: ignoring old recipe for target 'Ih.c'
makemod2c_inc:245: warning: overriding recipe for target 'Ih.o'
makemod2c_inc:238: warning: ignoring old recipe for target 'Ih.o'
makemod2c_inc:258: warning: overriding recipe for target 'Ih.c'
makemod2c_inc:241: warning: ignoring old recipe for target 'Ih.c'
makemod2c_inc:262: warning: overriding recipe for target 'Ih.o'
makemod2c_inc:245: warning: ignoring old recipe for target 'Ih.o'
makemod2c_inc:266: warning: overriding recipe for target 'K_P.c'
makemod2c_inc:178: warning: ignoring old recipe for target 'K_P.c'
makemod2c_inc:270: warning: overriding recipe for target 'K_P.o'
makemod2c_inc:182: warning: ignoring old recipe for target 'K_P.o'
makemod2c_inc:274: warning: overriding recipe for target 'Im.c'
makemod2c_inc:122: warning: ignoring old recipe for target 'Im.c'
makemod2c_inc:278: warning: overriding recipe for target 'Im.o'
makemod2c_inc:126: warning: ignoring old recipe for target 'Im.o'
makemod2c_inc:282: warning: overriding recipe for target 'Im.c'
makemod2c_inc:274: warning: ignoring old recipe for target 'Im.c'
makemod2c_inc:286: warning: overriding recipe for target 'Im.o'
makemod2c_inc:278: warning: ignoring old recipe for target 'Im.o'
makemod2c_inc:298: warning: overriding recipe for target 'Im.c'
makemod2c_inc:282: warning: ignoring old recipe for target 'Im.c'
makemod2c_inc:302: warning: overriding recipe for target 'Im.o'
makemod2c_inc:286: warning: ignoring old recipe for target 'Im.o'
makemod2c_inc:306: warning: overriding recipe for target 'K_T.c'
makemod2c_inc:210: warning: ignoring old recipe for target 'K_T.c'
makemod2c_inc:310: warning: overriding recipe for target 'K_T.o'
makemod2c_inc:214: warning: ignoring old recipe for target 'K_T.o'
makemod2c_inc:314: warning: overriding recipe for target 'Im_v2.c'
makemod2c_inc:170: warning: ignoring old recipe for target 'Im_v2.c'
makemod2c_inc:318: warning: overriding recipe for target 'Im_v2.o'
makemod2c_inc:174: warning: ignoring old recipe for target 'Im_v2.o'
makemod2c_inc:322: warning: overriding recipe for target 'Im_v2.c'
makemod2c_inc:314: warning: ignoring old recipe for target 'Im_v2.c'
makemod2c_inc:326: warning: overriding recipe for target 'Im_v2.o'
makemod2c_inc:318: warning: ignoring old recipe for target 'Im_v2.o'
makemod2c_inc:338: warning: overriding recipe for target 'Im_v2.c'
makemod2c_inc:322: warning: ignoring old recipe for target 'Im_v2.c'
makemod2c_inc:342: warning: overriding recipe for target 'Im_v2.o'
makemod2c_inc:326: warning: ignoring old recipe for target 'Im_v2.o'
makemod2c_inc:346: warning: overriding recipe for target 'Kv2like.c'
makemod2c_inc:250: warning: ignoring old recipe for target 'Kv2like.c'
makemod2c_inc:350: warning: overriding recipe for target 'Kv2like.o'
makemod2c_inc:254: warning: ignoring old recipe for target 'Kv2like.o'
makemod2c_inc:354: warning: overriding recipe for target 'Kd.c'
makemod2c_inc:226: warning: ignoring old recipe for target 'Kd.c'
makemod2c_inc:358: warning: overriding recipe for target 'Kd.o'
makemod2c_inc:230: warning: ignoring old recipe for target 'Kd.o'
makemod2c_inc:370: warning: overriding recipe for target 'Kd.c'
makemod2c_inc:354: warning: ignoring old recipe for target 'Kd.c'
makemod2c_inc:374: warning: overriding recipe for target 'Kd.o'
makemod2c_inc:358: warning: ignoring old recipe for target 'Kd.o'
makemod2c_inc:378: warning: overriding recipe for target 'Kd.c'
makemod2c_inc:370: warning: ignoring old recipe for target 'Kd.c'
makemod2c_inc:382: warning: overriding recipe for target 'Kd.o'
makemod2c_inc:374: warning: ignoring old recipe for target 'Kd.o'
makemod2c_inc:386: warning: overriding recipe for target 'Kv3_1.c'
makemod2c_inc:290: warning: ignoring old recipe for target 'Kv3_1.c'
makemod2c_inc:390: warning: overriding recipe for target 'Kv3_1.o'
makemod2c_inc:294: warning: ignoring old recipe for target 'Kv3_1.o'
makemod2c_inc:394: warning: overriding recipe for target 'K_P.c'
makemod2c_inc:266: warning: ignoring old recipe for target 'K_P.c'
makemod2c_inc:398: warning: overriding recipe for target 'K_P.o'
makemod2c_inc:270: warning: ignoring old recipe for target 'K_P.o'
makemod2c_inc:402: warning: overriding recipe for target 'NaTs.c'
makemod2c_inc:26: warning: ignoring old recipe for target 'NaTs.c'
makemod2c_inc:406: warning: overriding recipe for target 'NaTs.o'
makemod2c_inc:30: warning: ignoring old recipe for target 'NaTs.o'
makemod2c_inc:410: warning: overriding recipe for target 'K_P.c'
makemod2c_inc:394: warning: ignoring old recipe for target 'K_P.c'
makemod2c_inc:414: warning: overriding recipe for target 'K_P.o'
makemod2c_inc:398: warning: ignoring old recipe for target 'K_P.o'
makemod2c_inc:418: warning: overriding recipe for target 'K_P.c'
makemod2c_inc:410: warning: ignoring old recipe for target 'K_P.c'
makemod2c_inc:422: warning: overriding recipe for target 'K_P.o'
makemod2c_inc:414: warning: ignoring old recipe for target 'K_P.o'
makemod2c_inc:426: warning: overriding recipe for target 'Nap.c'
makemod2c_inc:330: warning: ignoring old recipe for target 'Nap.c'
makemod2c_inc:430: warning: overriding recipe for target 'Nap.o'
makemod2c_inc:334: warning: ignoring old recipe for target 'Nap.o'
makemod2c_inc:434: warning: overriding recipe for target 'K_T.c'
makemod2c_inc:306: warning: ignoring old recipe for target 'K_T.c'
makemod2c_inc:438: warning: overriding recipe for target 'K_T.o'
makemod2c_inc:310: warning: ignoring old recipe for target 'K_T.o'
makemod2c_inc:442: warning: overriding recipe for target 'K_T.c'
makemod2c_inc:434: warning: ignoring old recipe for target 'K_T.c'
makemod2c_inc:446: warning: overriding recipe for target 'K_T.o'
makemod2c_inc:438: warning: ignoring old recipe for target 'K_T.o'
makemod2c_inc:449: warning: overriding recipe for target 'NaV.c'
makemod2c_inc:66: warning: ignoring old recipe for target 'NaV.c'
makemod2c_inc:453: warning: overriding recipe for target 'NaV.o'
makemod2c_inc:70: warning: ignoring old recipe for target 'NaV.o'
makemod2c_inc:458: warning: overriding recipe for target 'K_T.c'
makemod2c_inc:442: warning: ignoring old recipe for target 'K_T.c'
makemod2c_inc:462: warning: overriding recipe for target 'K_T.o'
makemod2c_inc:446: warning: ignoring old recipe for target 'K_T.o'
makemod2c_inc:466: warning: overriding recipe for target 'NaTa.c'
makemod2c_inc:362: warning: ignoring old recipe for target 'NaTa.c'
makemod2c_inc:470: warning: overriding recipe for target 'NaTa.o'
makemod2c_inc:366: warning: ignoring old recipe for target 'NaTa.o'
makemod2c_inc:474: warning: overriding recipe for target 'Kv2like.c'
makemod2c_inc:346: warning: ignoring old recipe for target 'Kv2like.c'
makemod2c_inc:478: warning: overriding recipe for target 'Kv2like.o'
makemod2c_inc:350: warning: ignoring old recipe for target 'Kv2like.o'
makemod2c_inc:482: warning: overriding recipe for target 'Kv2like.c'
makemod2c_inc:474: warning: ignoring old recipe for target 'Kv2like.c'
makemod2c_inc:486: warning: overriding recipe for target 'Kv2like.o'
makemod2c_inc:478: warning: ignoring old recipe for target 'Kv2like.o'
makemod2c_inc:490: warning: overriding recipe for target 'SK.c'
makemod2c_inc:114: warning: ignoring old recipe for target 'SK.c'
makemod2c_inc:494: warning: overriding recipe for target 'SK.o'
makemod2c_inc:118: warning: ignoring old recipe for target 'SK.o'
makemod2c_inc:498: warning: overriding recipe for target 'Kv2like.c'
makemod2c_inc:482: warning: ignoring old recipe for target 'Kv2like.c'
makemod2c_inc:502: warning: overriding recipe for target 'Kv2like.o'
makemod2c_inc:486: warning: ignoring old recipe for target 'Kv2like.o'
makemod2c_inc:506: warning: overriding recipe for target 'NaTs.c'
makemod2c_inc:402: warning: ignoring old recipe for target 'NaTs.c'
makemod2c_inc:510: warning: overriding recipe for target 'NaTs.o'
makemod2c_inc:406: warning: ignoring old recipe for target 'NaTs.o'
makemod2c_inc:514: warning: overriding recipe for target 'Kv3_1.c'
makemod2c_inc:386: warning: ignoring old recipe for target 'Kv3_1.c'
makemod2c_inc:518: warning: overriding recipe for target 'Kv3_1.o'
makemod2c_inc:390: warning: ignoring old recipe for target 'Kv3_1.o'
makemod2c_inc:522: warning: overriding recipe for target 'Kv3_1.c'
makemod2c_inc:514: warning: ignoring old recipe for target 'Kv3_1.c'
makemod2c_inc:526: warning: overriding recipe for target 'Kv3_1.o'
makemod2c_inc:518: warning: ignoring old recipe for target 'Kv3_1.o'
makemod2c_inc:530: warning: overriding recipe for target 'Kv3_1.c'
makemod2c_inc:522: warning: ignoring old recipe for target 'Kv3_1.c'
makemod2c_inc:534: warning: overriding recipe for target 'Kv3_1.o'
makemod2c_inc:526: warning: ignoring old recipe for target 'Kv3_1.o'
makemod2c_inc:537: warning: overriding recipe for target 'vecstim.c'
makemod2c_inc:162: warning: ignoring old recipe for target 'vecstim.c'
makemod2c_inc:541: warning: overriding recipe for target 'vecstim.o'
makemod2c_inc:166: warning: ignoring old recipe for target 'vecstim.o'
makemod2c_inc:546: warning: overriding recipe for target 'NaV.c'
makemod2c_inc:449: warning: ignoring old recipe for target 'NaV.c'
makemod2c_inc:550: warning: overriding recipe for target 'NaV.o'
makemod2c_inc:453: warning: ignoring old recipe for target 'NaV.o'
makemod2c_inc:554: warning: overriding recipe for target 'Nap.c'
makemod2c_inc:426: warning: ignoring old recipe for target 'Nap.c'
makemod2c_inc:558: warning: overriding recipe for target 'Nap.o'
makemod2c_inc:430: warning: ignoring old recipe for target 'Nap.o'
makemod2c_inc:562: warning: overriding recipe for target 'Nap.c'
makemod2c_inc:554: warning: ignoring old recipe for target 'Nap.c'
makemod2c_inc:566: warning: overriding recipe for target 'Nap.o'
makemod2c_inc:558: warning: ignoring old recipe for target 'Nap.o'
makemod2c_inc:570: warning: overriding recipe for target 'Nap.c'
makemod2c_inc:562: warning: ignoring old recipe for target 'Nap.c'
makemod2c_inc:574: warning: overriding recipe for target 'Nap.o'
makemod2c_inc:566: warning: ignoring old recipe for target 'Nap.o'
makemod2c_inc:578: warning: overriding recipe for target 'SK.c'
makemod2c_inc:490: warning: ignoring old recipe for target 'SK.c'
makemod2c_inc:582: warning: overriding recipe for target 'SK.o'
makemod2c_inc:494: warning: ignoring old recipe for target 'SK.o'
makemod2c_inc:586: warning: overriding recipe for target 'NaTa.c'
makemod2c_inc:466: warning: ignoring old recipe for target 'NaTa.c'
makemod2c_inc:590: warning: overriding recipe for target 'NaTa.o'
makemod2c_inc:470: warning: ignoring old recipe for target 'NaTa.o'
makemod2c_inc:594: warning: overriding recipe for target 'NaTa.c'
makemod2c_inc:586: warning: ignoring old recipe for target 'NaTa.c'
makemod2c_inc:598: warning: overriding recipe for target 'NaTa.o'
makemod2c_inc:590: warning: ignoring old recipe for target 'NaTa.o'
makemod2c_inc:602: warning: overriding recipe for target 'NaTa.c'
makemod2c_inc:594: warning: ignoring old recipe for target 'NaTa.c'
makemod2c_inc:606: warning: overriding recipe for target 'NaTa.o'
makemod2c_inc:598: warning: ignoring old recipe for target 'NaTa.o'
makemod2c_inc:610: warning: overriding recipe for target 'vecstim.c'
makemod2c_inc:537: warning: ignoring old recipe for target 'vecstim.c'
makemod2c_inc:614: warning: overriding recipe for target 'vecstim.o'
makemod2c_inc:541: warning: ignoring old recipe for target 'vecstim.o'
makemod2c_inc:618: warning: overriding recipe for target 'NaTs.c'
makemod2c_inc:506: warning: ignoring old recipe for target 'NaTs.c'
makemod2c_inc:622: warning: overriding recipe for target 'NaTs.o'
makemod2c_inc:510: warning: ignoring old recipe for target 'NaTs.o'
makemod2c_inc:626: warning: overriding recipe for target 'NaTs.c'
makemod2c_inc:618: warning: ignoring old recipe for target 'NaTs.c'
makemod2c_inc:630: warning: overriding recipe for target 'NaTs.o'
makemod2c_inc:622: warning: ignoring old recipe for target 'NaTs.o'
makemod2c_inc:634: warning: overriding recipe for target 'NaTs.c'
makemod2c_inc:626: warning: ignoring old recipe for target 'NaTs.c'
makemod2c_inc:638: warning: overriding recipe for target 'NaTs.o'
makemod2c_inc:630: warning: ignoring old recipe for target 'NaTs.o'
makemod2c_inc:642: warning: overriding recipe for target 'NaV.c'
makemod2c_inc:546: warning: ignoring old recipe for target 'NaV.c'
makemod2c_inc:646: warning: overriding recipe for target 'NaV.o'
makemod2c_inc:550: warning: ignoring old recipe for target 'NaV.o'
makemod2c_inc:650: warning: overriding recipe for target 'NaV.c'
makemod2c_inc:642: warning: ignoring old recipe for target 'NaV.c'
makemod2c_inc:654: warning: overriding recipe for target 'NaV.o'
makemod2c_inc:646: warning: ignoring old recipe for target 'NaV.o'
makemod2c_inc:658: warning: overriding recipe for target 'NaV.c'
makemod2c_inc:650: warning: ignoring old recipe for target 'NaV.c'
makemod2c_inc:662: warning: overriding recipe for target 'NaV.o'
makemod2c_inc:654: warning: ignoring old recipe for target 'NaV.o'
Warning: no DISPLAY environment variable.
--No graphics will be displayed.
NEURON: The user defined name already exists: AMPA_NMDA_STP
 near line 0
 ^
        nrn_load_dll("/home/hrbn...")
