/home/hrbncv/miniconda3/envs/BMTK/bin/nrnivmodl:10: DeprecationWarning: pkg_resources is deprecated as an API. See https://setuptools.pypa.io/en/latest/pkg_resources.html
  from pkg_resources import working_set
makemod2c_inc:9: warning: overriding recipe for target 'AMPA_NMDA_STP.c'
makemod2c_inc:2: warning: ignoring old recipe for target 'AMPA_NMDA_STP.c'
makemod2c_inc:13: warning: overriding recipe for target 'AMPA_NMDA_STP.o'
makemod2c_inc:6: warning: ignoring old recipe for target 'AMPA_NMDA_STP.o'
makemod2c_inc:42: warning: overriding recipe for target 'AMPA_NMDA_STP.c'
makemod2c_inc:9: warning: ignoring old recipe for target 'AMPA_NMDA_STP.c'
makemod2c_inc:46: warning: overriding recipe for target 'AMPA_NMDA_STP.o'
makemod2c_inc:13: warning: ignoring old recipe for target 'AMPA_NMDA_STP.o'
makemod2c_inc:58: warning: overriding recipe for target 'CaDynamics.c'
makemod2c_inc:50: warning: ignoring old recipe for target 'CaDynamics.c'
makemod2c_inc:62: warning: overriding recipe for target 'CaDynamics.o'
makemod2c_inc:54: warning: ignoring old recipe for target 'CaDynamics.o'
makemod2c_inc:74: warning: overriding recipe for target 'CaDynamics.c'
makemod2c_inc:58: warning: ignoring old recipe for target 'CaDynamics.c'
makemod2c_inc:78: warning: overriding recipe for target 'CaDynamics.o'
makemod2c_inc:62: warning: ignoring old recipe for target 'CaDynamics.o'
makemod2c_inc:105: warning: overriding recipe for target 'Ca_HVA.c'
makemod2c_inc:98: warning: ignoring old recipe for target 'Ca_HVA.c'
makemod2c_inc:109: warning: overriding recipe for target 'Ca_HVA.o'
makemod2c_inc:102: warning: ignoring old recipe for target 'Ca_HVA.o'
makemod2c_inc:122: warning: overriding recipe for target 'Im.c'
makemod2c_inc:34: warning: ignoring old recipe for target 'Im.c'
makemod2c_inc:126: warning: overriding recipe for target 'Im.o'
makemod2c_inc:38: warning: ignoring old recipe for target 'Im.o'
makemod2c_inc:138: warning: overriding recipe for target 'Ca_HVA.c'
makemod2c_inc:105: warning: ignoring old recipe for target 'Ca_HVA.c'
makemod2c_inc:142: warning: overriding recipe for target 'Ca_HVA.o'
makemod2c_inc:109: warning: ignoring old recipe for target 'Ca_HVA.o'
makemod2c_inc:153: warning: overriding recipe for target 'Ca_LVA.c'
makemod2c_inc:146: warning: ignoring old recipe for target 'Ca_LVA.c'
makemod2c_inc:157: warning: overriding recipe for target 'Ca_LVA.o'
makemod2c_inc:150: warning: ignoring old recipe for target 'Ca_LVA.o'
makemod2c_inc:170: warning: overriding recipe for target 'Im_v2.c'
makemod2c_inc:89: warning: ignoring old recipe for target 'Im_v2.c'
makemod2c_inc:174: warning: overriding recipe for target 'Im_v2.o'
makemod2c_inc:93: warning: ignoring old recipe for target 'Im_v2.o'
makemod2c_inc:186: warning: overriding recipe for target 'Ca_LVA.c'
makemod2c_inc:153: warning: ignoring old recipe for target 'Ca_LVA.c'
makemod2c_inc:190: warning: overriding recipe for target 'Ca_LVA.o'
makemod2c_inc:157: warning: ignoring old recipe for target 'Ca_LVA.o'
makemod2c_inc:194: warning: overriding recipe for target 'GABA_A.c'
makemod2c_inc:18: warning: ignoring old recipe for target 'GABA_A.c'
makemod2c_inc:198: warning: overriding recipe for target 'GABA_A.o'
makemod2c_inc:22: warning: ignoring old recipe for target 'GABA_A.o'
makemod2c_inc:201: warning: overriding recipe for target 'GABA_A.c'
makemod2c_inc:194: warning: ignoring old recipe for target 'GABA_A.c'
makemod2c_inc:205: warning: overriding recipe for target 'GABA_A.o'
makemod2c_inc:198: warning: ignoring old recipe for target 'GABA_A.o'
makemod2c_inc:218: warning: overriding recipe for target 'GABA_A.c'
makemod2c_inc:201: warning: ignoring old recipe for target 'GABA_A.c'
makemod2c_inc:222: warning: overriding recipe for target 'GABA_A.o'
makemod2c_inc:205: warning: ignoring old recipe for target 'GABA_A.o'
makemod2c_inc:226: warning: overriding recipe for target 'Kd.c'
makemod2c_inc:130: warning: ignoring old recipe for target 'Kd.c'
makemod2c_inc:230: warning: overriding recipe for target 'Kd.o'
makemod2c_inc:134: warning: ignoring old recipe for target 'Kd.o'
Warning: no DISPLAY environment variable.
--No graphics will be displayed.
NEURON: The user defined name already exists: AMPA_NMDA_STP
 near line 0
 ^
        nrn_load_dll("/home/hrbn...")
